ARM GAS  C:\Users\8FEE~1\AppData\Local\Temp\cc9ryHwd.s 			page 1


   1              		.cpu cortex-m7
   2              		.eabi_attribute 20, 1
   3              		.eabi_attribute 21, 1
   4              		.eabi_attribute 23, 3
   5              		.eabi_attribute 24, 1
   6              		.eabi_attribute 25, 1
   7              		.eabi_attribute 26, 1
   8              		.eabi_attribute 30, 2
   9              		.eabi_attribute 34, 1
  10              		.eabi_attribute 18, 4
  11              		.file	"chcore_v7m.c"
  12              		.text
  13              	.Ltext0:
  14              		.section	.gnu.lto_.profile.7b459fd0,"",%progbits
  15 0000 789C6365 		.ascii	"x\234ce`b`a```d0\224\001\000\000\376\000Z"
  15      60626061 
  15      60606064 
  15      30940100 
  15      00FE005A 
  16              		.text
  17              		.section	.gnu.lto_.icf.7b459fd0,"",%progbits
  18 0000 789C6365 		.ascii	"x\234ce`b\020a@\000f\206\345K\256\264s3\367\276\273"
  18      60621061 
  18      40006686 
  18      E54BAEB4 
  18      7333F7BE 
  19 0015 BF9687E5 		.ascii	"\277\226\207\345\363\206\025\213\330\030\000^5\010\335"
  19      F386158B 
  19      D818005E 
  19      3508DD
  20              		.text
  21              		.section	.gnu.lto_.jmpfuncs.7b459fd0,"",%progbits
  22 0000 789C6365 		.ascii	"x\234ce`b\340e@\000f(\301\002\242\001\002|\000\037"
  22      6062E065 
  22      40006628 
  22      C102A201 
  22      027C001F 
  23              		.text
  24              		.section	.gnu.lto_.inline.7b459fd0,"",%progbits
  25 0000 789C6365 		.ascii	"x\234ce`bpc@\000f\006\006~1F\006&\221\013=\214\014l"
  25      60627063 
  25      40006606 
  25      067E3146 
  25      0626910B 
  26 0018 0BE49940 		.ascii	"\013\344\231@\202L\334`\031N\016\240\004\317\203X\270"
  26      824CDC60 
  26      194E0EA0 
  26      04CF8358 
  26      B8
  27 0029 380B0317 		.ascii	"8\013\003\0277HhN$\\\210\221\013D\002\000\021\202\006"
  27      3748684E 
  27      245C8891 
  27      0B440200 
  27      118206
  28 003c D4       		.ascii	"\324"
  29              		.text
  30              		.section	.gnu.lto_.pureconst.7b459fd0,"",%progbits
ARM GAS  C:\Users\8FEE~1\AppData\Local\Temp\cc9ryHwd.s 			page 2


  31 0000 789C6365 		.ascii	"x\234ce`b\340b```f\330\305\310\274\213\221e\027#\000"
  31      6062E062 
  31      60606066 
  31      D8C5C8BC 
  31      8B916517 
  32 0016 0C46024D 		.ascii	"\014F\002M"
  33              		.text
  34              		.section	.gnu.lto__port_irq_epilogue.part.0.7b459fd0,"",%progbits
  35 0000 789C9D54 		.ascii	"x\234\235T\337o\024U\024>g\356\314\356v\273m\223\306"
  35      DF6F1455 
  35      143E67EE 
  35      CCEE76BB 
  35      6D93C6
  36 0013 074D78D8 		.ascii	"\007Mx\330>4\204H:\032#\350\203\017\206\304D\223\215"
  36      3E348448 
  36      3A1A23E8 
  36      830F86C4 
  36      44938D
  37 0026 A6FB0710 		.ascii	"\246\373\007\020\035\2124\322\356fw1\365\305\016\273"
  37      1D8A34D2 
  37      EE667731 
  37      F5C50EBB 
  38 0036 DDB6D962 		.ascii	"\335\266\331bm\324.,v3\005B*\352\332_\242\266\010,\375"
  38      6DD42E2C 
  38      76330542 
  38      2AEADA5F 
  38      A2B6082C 
  39 004b 41419406 		.ascii	"AA\224\006\320\022\205\007\334.D)\230\3204\306\220\264"
  39      D0128507 
  39      DC2E4429 
  39      98D034C6 
  39      90B4
  40 005d EB3977A6 		.ascii	"\3539w\246\266*\032\343d\346\316\334s\317w\316\271\337"
  40      B62A1AE3 
  40      64E6CEDC 
  40      73CF77CE 
  40      B9DF
  41 006f 77EE68A0 		.ascii	"w\356h\240\300\026\015`\024\000\236\243\007\335\200"
  41      C0160D60 
  41      14009EA3 
  41      07DD80
  42 007e AE9E8BF4 		.ascii	"\256\236\213\364\341BE\276\025Etn\004\323\253\362\350"
  42      E14245BE 
  42      1545746E 
  42      04D3ABF2 
  42      E8
  43 008f 13A8B175 		.ascii	"\023\250\261u\257G]\375\320\020\371\303\364 \264\272"
  43      AF475DFD 
  43      D010F9C3 
  43      F420B4BA 
  44 009f 14A16AD8 		.ascii	"\024\241j\330\212o\213\375\002':n\215)\233\006L\272"
  44      8A6F8BFD 
  44      02273A6E 
  44      8D299B06 
  44      4CBA
  45 00b1 F2FB97DC 		.ascii	"\362\373\227\334\355f\362aK\000d\350\341\013\007p\023"
  45      ED66F261 
ARM GAS  C:\Users\8FEE~1\AppData\Local\Temp\cc9ryHwd.s 			page 3


  45      4B0064E8 
  45      E10B0770 
  45      13
  46 00c2 905B6178 		.ascii	"\220[ax\245\267\302\245\332v\374\200\362\0020\374R\333"
  46      A5B7C2A5 
  46      DA76FC80 
  46      F20230FC 
  46      52DB
  47 00d4 509FE816 		.ascii	"P\237\350\026\226@Tiz\357\233\203\363\225<U\320O\323"
  47      96405469 
  47      7AEF9B83 
  47      F3953C55 
  47      D04FD3
  48 00e7 5B5DD3A7 		.ascii	"[]\323\247\334\342)\344\010\371\243\307\347\260\366"
  48      DCE229E4 
  48      08F9A3C7 
  48      E7B0F6
  49 00f6 8869C6CD 		.ascii	"\210i\306\315|i\346\321\313G\333\315\2363\036K\010\374"
  49      7C69E6D1 
  49      CB47DBCD 
  49      9E331E4B 
  49      08FC
  50 0108 080585C5 		.ascii	"\010\005\205\305\017q\003\036\303\015v\332\217\261\226"
  50      0F71031E 
  50      C30D76DA 
  50      8FB196
  51 0117 30FBDE5A 		.ascii	"0\373\336Z^\252b\314;\262\270t\"y\316T\011\002\177\363"
  51      5EAA62CC 
  51      3BB2B874 
  51      2279CE54 
  51      09027FF3 
  52 012b CF49FFD4 		.ascii	"\317I\377\324\371\342\341*\361\206\314\367\313\312\365"
  52      F9E2E12A 
  52      F186CCF7 
  52      CBCAF5
  53 013a 94CFC9F7 		.ascii	"\224\317\311\367\253U\375n\302\224X\025?y@\272A\254"
  53      AB55FD6E 
  53      C2945815 
  53      3F7940BA 
  53      41AC
  54 014c 1DBC8CA6 		.ascii	"\035\274\214\246\271R\3520\315\037\236\250\366\241,"
  54      B952EA30 
  54      CD1F9EA8 
  54      F6A12C
  55 015b 41912B42 		.ascii	"A\221+B\216*XB\323hp\001\244\210\005\2463E\023z\213"
  55      8E2A5842 
  55      D3687001 
  55      A48805A6 
  55      3345137A 
  56 0170 2EA1C8F7 		.ascii	".\241\310\367m\334[(%\256\372\326\010c\244\344\013\326"
  56      6DDC5B28 
  56      25AEFAD6 
  56      0863A4E4 
  56      0BD6
  57 0182 586CB3C9 		.ascii	"Xl\263\311\356\363\276\0008\204\256\214\300u\014sZ\300"
  57      EEF3BE00 
  57      3884AE8C 
ARM GAS  C:\Users\8FEE~1\AppData\Local\Temp\cc9ryHwd.s 			page 4


  57      C0750C73 
  57      5AC0
  58 0194 6106E008 		.ascii	"a\006\340\010\215\304\363\233\264\232\356N[j\315>\264"
  58      8DC4F39B 
  58      B49AEE4E 
  58      5B6ACD3E 
  58      B4
  59 01a5 CC037E4B 		.ascii	"\314\003~K\270\031\260\\H\316\227\251\012\371\215b\215"
  59      B819B05C 
  59      48CE97A9 
  59      0AF98D62 
  59      8D
  60 01b6 0C7FB630 		.ascii	"\014\177\2660:\356\"\013~\212j\226\242\002\036G\025"
  60      3AEE220B 
  60      7E8A6A96 
  60      A2021E47 
  60      15
  61 01c7 6E62FC06 		.ascii	"nb\374\006\027\305\3418:\257\260\255\253{\272\232\363"
  61      17C5E138 
  61      3AAFB0AD 
  61      AB7BBA9A 
  61      F3
  62 01d8 CB8CF033 		.ascii	"\313\214\3603\306\027;\216\0116d\205\342\370\370\345"
  62      C6173B8E 
  62      09366485 
  62      E2F8F8E5 
  63 01e8 FA206314 		.ascii	"\372 c\024\362H\364\265\347\256\354\260]\004\231(\345"
  63      F248F4B5 
  63      E7AEECB0 
  63      5D049928 
  63      E5
  64 01f9 951FA7D2 		.ascii	"\225\037\247\322\232\255\377\215R\251T\205\237\021\245"
  64      9AADFF8D 
  64      52A95485 
  64      9F11A5
  65 0208 7F460A8E 		.ascii	"\177F\012\216\275\364S6\351e\033a\212\003\213\275e\214"
  65      BDF45336 
  65      E9651B61 
  65      8A038BBD 
  65      658C
  66 021a 516D0C99 		.ascii	"Qm\014\231\276\235\275t\241\334\302,Z\302C\201\361s"
  66      BE9DBD74 
  66      A1DCC22C 
  66      5AC24381 
  66      F173
  67 022c 1686EC77 		.ascii	"\026\206\354w\016\215\274\357\322sLX\377NK\224\341\027"
  67      0E8DBCEF 
  67      D2734C58 
  67      FF4E4B94 
  67      E117
  68 023e 68E101D9 		.ascii	"h\341\001\331\2338\206:7\340\315\373\2632\230\227\344"
  68      9B38863A 
  68      37E0CDFB 
  68      B3329897 
  68      E4
  69 024f A3F61E27 		.ascii	"\243\366\036'\244\334\313\311\357\036\262+U\271\204"
  69      A4DCCBC9 
ARM GAS  C:\Users\8FEE~1\AppData\Local\Temp\cc9ryHwd.s 			page 5


  69      EF1EB22B 
  69      55B984
  70 025e D5920831 		.ascii	"\325\222\0101\263P\314zD\017J\326\027\212\367&\313\235"
  70      B350CC7A 
  70      440F4AD6 
  70      178AF726 
  70      CB9D
  71 0270 2E99B37C 		.ascii	".\231\263|\0313\337\346\347\236<\361\200&\371\222w\243"
  71      1933DFE6 
  71      E79E3CF1 
  71      8026F992 
  71      77A3
  72 0282 C26D8C17 		.ascii	"\302m\214\027J\223\337\373\376\252\347\234Wc\027GSe"
  72      4A93DFFB 
  72      FEAAE79C 
  72      57631747 
  72      5365
  73 0294 FDA9C193 		.ascii	"\375\251\301\223R\317S|l\020,\244\245\303\326\310o\336"
  73      52CF537C 
  73      6C102CA4 
  73      A5C3D6C8 
  73      6FDE
  74 02a6 9A9C2368 		.ascii	"\232\234#h9{\347\346O\230\036)\350iG\320\353\007\307"
  74      397BE7E6 
  74      4F981E29 
  74      E86947D0 
  74      EB07C7
  75 02b9 DFF3B2A0 		.ascii	"\337\363\262\240y\026T\245\2253\362\230\035\031\216"
  75      791654A5 
  75      9533F298 
  75      1D198E
  76 02c8 7FEDAB19 		.ascii	"\177\355\253\031Z\337\015\027\273\343\207|\022<\301"
  76      5ADF0D17 
  76      BBE3877C 
  76      123CC1
  77 02d7 609CB495 		.ascii	"`\234\264\225\267u\340\262`\001\023\375\247{\037\261"
  77      B775E0B2 
  77      600113FD 
  77      A77B1FB1 
  78 02e7 49D10832 		.ascii	"I\321\01026v\347\232\273u\331\244C\350\313\020G\200"
  78      3676E79A 
  78      BB75D9A4 
  78      43E8CB10 
  78      4780
  79 02f9 53D84A0D 		.ascii	"S\330J\015^\001El\27369\205k\256\351\344\304\254\233"
  79      5E01456C 
  79      BB363985 
  79      6BAEE9E4 
  79      C4AC9B
  80 030c 59E60D4C 		.ascii	"Y\346\015L;\204t\021\246s\243 \266\357wd\257\366\243"
  80      3B847411 
  80      A673A320 
  80      B6EF7764 
  80      AFF6A3
  81 031f C3EF7FD1 		.ascii	"\303\357\177\321\262\231\265<+\265D\246vFj\271ZP'y,"
  81      B299B53C 
  81      2BB544A6 
ARM GAS  C:\Users\8FEE~1\AppData\Local\Temp\cc9ryHwd.s 			page 6


  81      76466AB9 
  81      5A502779 
  82 0334 12BC3223 		.ascii	"\022\2742#\367|\216\252\342l\352\037\331\356\376\217"
  82      F77C8EAA 
  82      E26CEA1F 
  82      D9EEFE8F 
  83 0344 6CE7D7B2 		.ascii	"l\347\327\262}\365O\331\350\027\213\027\234l\232<\321"
  83      7DF54FD9 
  83      E8178B17 
  83      9C6C9A3C 
  83      D1
  84 0355 7751B17F 		.ascii	"wQ\261\177\204)\202\222\201fO\326\325\351t\033\273\032"
  84      84298292 
  84      81664FD6 
  84      D5E9741B 
  84      BB1A
  85 0367 5F690C45 		.ascii	"_i\014E\037\337\272E\017Eu#\324\324\024j\326\303\241"
  85      1FDFBA45 
  85      0F457523 
  85      D4D4146A 
  85      D6C3A1
  86 037a 482CAA3F 		.ascii	"H,\252?[\037\330\026h!\017#\024i\330\376\372\326\246"
  86      5B1FD816 
  86      68210F23 
  86      1469D8FE 
  86      FAD6A6
  87 038d 3A035C91 		.ascii	":\003\\\221\206\350\236\335\261\247\377\005\334\320"
  87      86E89EDD 
  87      B1A7FF05 
  87      DCD0
  88 039b 12D3B705 		.ascii	"\022\323\267\005\202\317\007\365\306fc\367\236\035\015"
  88      82CF07F5 
  88      C66663F7 
  88      9E1D0D
  89 03aa BAD1146D 		.ascii	"\272\321\024m\214n\177\3250\352v\201j\304Z\302\025\201"
  89      8C6E7FD5 
  89      30EA7681 
  89      6AC45AC2 
  89      1581
  90 03bc FAA0BFF6 		.ascii	"\372\240\277\366\261\315\376p4\354\005\361L\004*c\241"
  90      B1CDFE70 
  90      34EC05F1 
  90      4C042A63 
  90      A1
  91 03cd F08B3B5F 		.ascii	"\360\213;_\212\204\214`\354e\343\265\212@\260\236\027"
  91      8A848C60 
  91      EC65E3B5 
  91      8A40B09E 
  91      17
  92 03de 37939717 		.ascii	"7\223\227\027\224\010\210h\030~\00718\341\362"
  92      94088868 
  92      187E0731 
  92      38E1F2
  93              		.text
  94              		.section	.gnu.lto_SVC_Handler.7b459fd0,"",%progbits
  95 0000 789C9D93 		.ascii	"x\234\235\223\317o\023W\020\307g\366\255\327\256\343"
  95      CF6F1357 
ARM GAS  C:\Users\8FEE~1\AppData\Local\Temp\cc9ryHwd.s 			page 7


  95      10C767F6 
  95      ADD7AEE3 
  96 0010 50C40D35 		.ascii	"P\304\0155\252l\241HEBq{h\011\007\016\210K{\260\212"
  96      AA6CA148 
  96      4542717B 
  96      6809070E 
  96      884B7BB0 
  97 0025 E23F0085 		.ascii	"\342?\000\205\255!\0261ky\035\224^\312\306\011\230&"
  97      AD211631 
  97      6B791D94 
  97      5ECAC609 
  97      9826
  98 0037 51409406 		.ascii	"Q@\224\006'\302\332\002\252\010\244!NLh\011\340\272"
  98      27C2DA02 
  98      AA08A421 
  98      4E4C6809 
  98      E0BA
  99 0049 4949A014 		.ascii	"II\240\024\252\362\253\025BUI\002\210\240V\300\241\342"
  99      AAF2AB15 
  99      42554902 
  99      88A056C0 
  99      A1E2
 100 005b 00A1336F 		.ascii	"\000\2413o\267(\004\324J]\331k\2777\337\371\276\231"
 100      B72804D4 
 100      4A5DD96B 
 100      BF37DFF9 
 100      BE99
 101 006d CF7BCF03 		.ascii	"\317{\317\003\012\354U\001|\010\360\006\000\240\000"
 101      0AEC5501 
 101      7C08F006 
 101      00A000
 102 007c 54765F02 		.ascii	"Tv_\002h\361)\210\374\307\242\3206\005\267\341.\261"
 102      68F12988 
 102      FCC7A2D0 
 102      3605B7E1 
 102      2EB1
 103 008e 4FE058F6 		.ascii	"O\340X\366\316Ie\371a\213\236\362\276'K\255\2762\332"
 103      CE4965F9 
 103      618B9EF2 
 103      BE274BAD 
 103      BE32DA
 104 00a1 02A087BE 		.ascii	"\002\240\207\276\374\340a\\\016$\373\271\255\260_t\011"
 104      FCE0615C 
 104      0E24FBB9 
 104      ADB05F74 
 104      09
 105 00b2 5B20AA34 		.ascii	"[ \2524|x\261wz\021\017\025\014\322\260\375\374\314"
 105      7C78B177 
 105      7A110F15 
 105      0CD2B0FD 
 105      FCCC
 106 00c4 C1D7452D 		.ascii	"\301\327E-\262\362\317\271\233\355\201\352C\226\225"
 106      B2F2CFB9 
 106      9BED81EA 
 106      439695
 107 00d3 B1CA13B9 		.ascii	"\261\312\023\2717\367\264Z\347,\325\026\002\217\242"
 107      37F7B45A 
ARM GAS  C:\Users\8FEE~1\AppData\Local\Temp\cc9ryHwd.s 			page 8


 107      E72CD516 
 107      028FA2
 108 00e2 20573C82 		.ascii	" W<\202U\330\207U\322\235\344SCs\237Wj*\366c\265\263"
 108      55D88755 
 108      D29DE453 
 108      43739F57 
 108      6A2AF663 
 109 00f8 287E851A 		.ascii	"(~\205\032\325\256\360\014\305\357t\234-y\305ji]\376"
 109      D5AEF00C 
 109      C5EF749C 
 109      2D79C56A 
 109      695DFE
 110 010b 72E43ABA 		.ascii	"r\344:\272\326ws\265Go\314X\326\236\235T\257\212\003"
 110      D67773B5 
 110      476FCC58 
 110      D69E9D54 
 110      AF8A03
 111 011e 2F9BE331 		.ascii	"/\233\3431\254\036\274\214ek\356Y\226z\253\312N\376"
 111      AC1EBC8C 
 111      656BEE59 
 111      967AABCA 
 111      4EFE
 112 0130 D6AB7815 		.ascii	"\326\253x\025`c!\337*\330\302\343\221B\200vZ\234\361"
 112      606321DF 
 112      2AD8C2E3 
 112      91428076 
 112      5A9CF1
 113 0143 7408857F 		.ascii	"t\010\205\177\305,\266L\025;\037\374\200\317\213ls "
 113      C52CB64C 
 113      153B1FFC 
 113      80CF8B6C 
 113      7320
 114 0155 15B4F765 		.ascii	"\025\264\367e\221=\002\3477\300&8\210\032-\\\2407\265"
 114      913D02E7 
 114      37C02638 
 114      881A2D5C 
 114      A037B5
 115 0168 F00945BB 		.ascii	"\360\011E\273\273\272m5\324\211\266\225\013\332B\343"
 115      BBBA6D35 
 115      D489B695 
 115      0BDA42E3 
 116 0178 84A753DB 		.ascii	"\204\247S\333\247_S\025\322\015aH2\230\230*\216j4\203"
 116      A75F5315 
 116      D20D6148 
 116      3298982A 
 116      8E6A3483 
 117 018c C3A8E685 		.ascii	"\303\250\346\205\207\"ET\3416f~\227\005\260\037\333"
 117      87224554 
 117      E136667E 
 117      9705B01F 
 117      DB
 118 019d 7388273B 		.ascii	"s\210';r\255K$%Y\367=\314<\312~*x\"/\024W\023\224\361"
 118      72AD4B24 
 118      2559F73D 
 118      CC3CCA7E 
 118      2A78222F 
 119 01b6 7ECE5148 		.ascii	"~\316QH\321\272\177\307\305b\225#\02145\177\007\021"
ARM GAS  C:\Users\8FEE~1\AppData\Local\Temp\cc9ryHwd.s 			page 9


 119      D1BA7FC7 
 119      C5629523 
 119      1134357F 
 119      0711
 120 01c8 83789C90 		.ascii	"\203x\234\220\275\230%\034\337\247\305\200\223\245\362"
 120      BD98251C 
 120      DFA7C580 
 120      93A5F2
 121 01d7 D43F124A 		.ascii	"\324?\022J\237\274?\223\367\211\335(\021\334\237y8^"
 121      9FBC3F93 
 121      F789DD28 
 121      11DC9F79 
 121      385E
 122 01e9 E1EECB5F 		.ascii	"\341\356\313_\233z\254r[\220\367d\344\025{r\202\315"
 122      9B7AAC72 
 122      5B90F764 
 122      E4157B72 
 122      82CD
 123 01fb 5598C50C 		.ascii	"U\230\305\014\301\315]X\010\367\263\222\306\022\227"
 123      C1CD5D58 
 123      08F7B392 
 123      C61297
 124 020a AF328F2F 		.ascii	"\2572\217/\340\327\222\3557|:\020l\316<h\017?\366\207"
 124      E0D792ED 
 124      377C3A10 
 124      6CCE3C68 
 124      0F3FF687 
 125 021e 065CB85E 		.ascii	"\006\\\270^V\017L\237\262|\022\356I\027\356\315\336"
 125      560F4C9F 
 125      B27C12EE 
 125      4917EECD 
 125      DE
 126 022f D1BD7E86 		.ascii	"\321\275~\206;\312p\351f\340)y\204\017\015e~\014\204"
 126      3BCA70E9 
 126      66E02979 
 126      840F0D65 
 126      7E0C84
 127 0242 0AF377E6 		.ascii	"\012\363w\346RW\346@@&\237\346d<\343\354\202\203\205"
 127      5257E640 
 127      40269FE6 
 127      643CE3EC 
 127      828385
 128 0255 CBA291AC 		.ascii	"\313\242\221\254\351\356\351\354U\024\307\235\356GJ"
 128      E9EEE9EC 
 128      5514C79D 
 128      EE474A
 129 0264 BFE6FC6E 		.ascii	"\277\346\374n\367\277\014\276\225o\275\320i}\221Y\314"
 129      F7BF0CBE 
 129      956FBDD0 
 129      697D9159 
 129      CC
 130 0275 044AAF20 		.ascii	"\004J\257 \360\255<\326\335\333\307~\3622~\225\272)"
 130      F0AD3CD6 
 130      DDDBC77E 
 130      F2327E95 
 130      BA29
 131 0287 53CC2152 		.ascii	"S\314!R\270\374\022\221\253\232KC\300\202\320\225\301"
ARM GAS  C:\Users\8FEE~1\AppData\Local\Temp\cc9ryHwd.s 			page 10


 131      B8FC1291 
 131      AB9A4B43 
 131      C082D095 
 131      C1
 132 0298 DA3E72FF 		.ascii	"\332>r\377\216\203\352\302\340l^\360R\200c\034\366\274"
 132      8E83EAC2 
 132      E06C5EF0 
 132      5280631C 
 132      F6BC
 133 02aa 40725C92 		.ascii	"@r\\\222\374\336!\371\340?I\236uI\316\331\267J\025L"
 133      FCDE21F9 
 133      E03F499E 
 133      7549CED9 
 133      B74A154C 
 134 02be 72025559 		.ascii	"r\002UY3\340\244D\331W\032\277\035\010\265(N\266\217"
 134      33E0A444 
 134      D9571ABF 
 134      1D08B528 
 134      4EB68F
 135 02d1 B58F8E0D 		.ascii	"\265\217\216\015_\253\220\331\347$\312\363.J\331?\300"
 135      5FAB90D9 
 135      E724CAF3 
 135      2E4AD93F 
 135      C0
 136 02e2 1F7C8CFB 		.ascii	"\037|\214\373\227qc\222J;\335%\272t\244\177\267\246"
 136      97716392 
 136      4A3BDD25 
 136      BA74A47F 
 136      B7A6
 137 02f4 264C1FBD 		.ascii	"&L\037\275!\276!n\230\357\254|/l\230a\335H$\214-\341"
 137      21BE216E 
 137      98EFAC7C 
 137      2F6C9861 
 137      DD48248C 
 138 030a A4914A9B 		.ascii	"\244\221J\233\3415u\221\265\221fR\350F*\266~\353\312"
 138      E1357591 
 138      B5916652 
 138      E8462AB6 
 138      7EEBCA
 139 031d 448D0EAA 		.ascii	"D\215\016\252\236nNj\251\230\331\324\230^\365/\016\261"
 139      9E6E4E6A 
 139      A998D9D4 
 139      985EF52F 
 139      0EB1
 140 032f E674786D 		.ascii	"\346txm$\372A4\034\337\24276}\024\013\353\0113n\256"
 140      24FA4134 
 140      1CDFA237 
 140      367D140B 
 140      EB09336E 
 141 0344 DFA4EB35 		.ascii	"\337\244\3535\015P\031\251\213\006\253\337^\021L\232"
 141      0D5019A9 
 141      8B06ABDF 
 141      5E114C9A 
 142 0354 493F88D5 		.ascii	"I?\210\325)X\2246\222\037n\\\2272\364h\272^\337\\\031"
 142      29589436 
 142      921F6E5C 
 142      9732F468 
ARM GAS  C:\Users\8FEE~1\AppData\Local\Temp\cc9ryHwd.s 			page 11


 142      BA5EDF5C 
 143 0369 89D67170 		.ascii	"\211\326qp\005\251\374\240\244@\230I\360l\255ol\212"
 143      05A9FCA0 
 143      A4409849 
 143      F06CAD6F 
 143      6C8A
 144 037b FD9FBA1B 		.ascii	"\375\237\272\033`1\033n\2507c\311T\234M\301\233\210"
 144      60311B6E 
 144      A83763C9 
 144      549C4DC1 
 144      9B88
 145 038d 258CD4C7 		.ascii	"%\214\324\307\3607Z\214\274\303"
 145      F0375A8C 
 145      BCC3
 146              		.text
 147              		.section	.gnu.lto__port_irq_epilogue.7b459fd0,"",%progbits
 148 0000 789C9D53 		.ascii	"x\234\235S[KTQ\024^\337\331\347\314Lc\211OR\321\303"
 148      5B4B5451 
 148      145EDFD9 
 148      E7CC4C63 
 148      894F52D1 
 149 0015 48F86084 		.ascii	"H\370`\204\247\240\264\036\012\242\247\010_\364\007"
 149      A7A0B41E 
 149      0AA2A708 
 149      5FF407
 150 0024 884E430E 		.ascii	"\210NC\0164\215\314\244\330\223{\314\022\012*\272y)"
 150      348DCCA4 
 150      D8937BCC 
 150      120A2ABA 
 150      7929
 151 0036 39A00FA5 		.ascii	"9\240\017\245\345%\35565\3514\026\026t!\231@\362\245"
 151      E525ED36 
 151      35E93416 
 151      16742199 
 151      40F2A5
 152 0049 9B453641 		.ascii	"\233E6A7\310\300\264\265\317\250\224\201A\233sf\237"
 152      37C8C0B4 
 152      B5CFA894 
 152      81419B73 
 152      669F
 153 005b BDD6B7F6 		.ascii	"\275\326\267\366\267.\337\030\244\321\013A\364\200\210"
 153      B72EDF18 
 153      A4D10B41 
 153      F48088
 154 006a B6F00B07 		.ascii	"\266\360\013\007A;\376\230(\342\3224\221\314&\351\326"
 154      413BFE98 
 154      28E2D234 
 154      91CC26E9 
 154      D6
 155 007b 63852497 		.ascii	"c\205$\227\012\030\312\014=\275G\\\006\240>\244\013"
 155      0A18CA0C 
 155      3DBD475C 
 155      06A03EA4 
 155      0B
 156 008c 54AB09DD 		.ascii	"T\253\011\335@-\216\211F\201D\303\333\250\226w^\362"
 156      402D8E89 
 156      468144C3 
ARM GAS  C:\Users\8FEE~1\AppData\Local\Temp\cc9ryHwd.s 			page 12


 156      DBA89677 
 156      5EF2
 157 009e 8A377E73 		.ascii	"\2127~s\036\222\007\227[L\320\314\257Z8\217<b\330\253"
 157      1E920797 
 157      5B4CD0CC 
 157      AF5A388F 
 157      3C62D8AB 
 158 00b2 CBD3A797 		.ascii	"\313\323\247\2279\364\264\035\027\340\000\357=#\210"
 158      39F4B41D 
 158      17E000EF 
 158      3D2388
 159 00c1 CBE99906 		.ascii	"\313\351\231\006\031\237jG\353N\227 K@W?D\207\031\250"
 159      199F6A47 
 159      EB4E9720 
 159      4B40573F 
 159      448719A8 
 160 00d5 088F084D 		.ascii	"\010\217\010M\355b\034\232\272\347i}\3579qTXB\203\316"
 160      ED621C9A 
 160      BAE7697D 
 160      EF397154 
 160      584283CE 
 161 00e9 C7CF8F5A 		.ascii	"\307\317\217Z^g\252\243\200\207\217\357b\015I\210MP"
 161      5E67AAA3 
 161      80878FEF 
 161      620D4988 
 161      4D50
 162 00fb C8AB03A3 		.ascii	"\310\253\003\243M\356\334v)\353d\374\373\360\232\346"
 162      4DEEDC76 
 162      29EB64FC 
 162      FBF09AE6 
 163 010b D137529E 		.ascii	"\3217R\236\220\260\204\216\213\020\234\007:\261\012"
 163      90B0848E 
 163      8B109C07 
 163      3AB10A
 164 011a 1D5895CE 		.ascii	"\035X\225\316\363\022r9\250\341\275\274\255\253\373"
 164      F3127239 
 164      A8E1BDBC 
 164      ADABFB
 165 0129 7478D0C5 		.ascii	"tx\320\305\276\011\324\275\352?\326;\202\371\032\352"
 165      BE09D4BD 
 165      EA3FD63B 
 165      82F91AEA 
 166 0139 ED524F4E 		.ascii	"\355RON:\3552\232\005h\201\353\353\273\255+\010\335"
 166      3AED329A 
 166      056881EB 
 166      EBBBAD2B 
 166      08DD
 167 014b CAA72DF4 		.ascii	"\312\247-\364\215\234\025\212\211\320\243\334\342\367"
 167      8D9C158A 
 167      89D0A3DC 
 167      E2F7
 168 0159 CEA09787 		.ascii	"\316\240\227\207A\270\254Z\003\352V\204mV\337\244;g"
 168      41B8AC5A 
 168      03EA5684 
 168      6D56DFA4 
 168      3B67
 169 016b 10966CF2 		.ascii	"\020\226l\362X\302P\350\256\327\267\244K\327\030\330"
ARM GAS  C:\Users\8FEE~1\AppData\Local\Temp\cc9ryHwd.s 			page 13


 169      58C250E8 
 169      AED7B7A4 
 169      4BD718D8 
 170 017b 871C5296 		.ascii	"\207\034R\226O\251\344\230\306\026\364\363\260T\312"
 170      4FA9E498 
 170      C616F4F3 
 170      B054CA
 171 018a 842B766F 		.ascii	"\204+vo.\014\014\215/\315I\314F;\024\366Kw\337\263\014"
 171      2E0C0C8D 
 171      2FCD49CC 
 171      463B14F6 
 171      4B77DFB3 
 172 019f 3BFAAA8A 		.ascii	";\372\252\212\3065\356\3668\352<v\371D\357\221\270\371"
 172      C635EEF6 
 172      38EA3C76 
 172      F944EF91 
 172      B8F9
 173 01b1 A36D6614 		.ascii	"\243mf\024\252\262V\241\306{\346`\342\211S5\304i\327"
 173      AAB256A1 
 173      C67BE660 
 173      E2895335 
 173      C469D7
 174 01c4 1989C64E 		.ascii	"\031\211\306N\031\351\243|~@f\252\2114\325\275tYh\215"
 174      19E9A37C 
 174      7E4066AA 
 174      8934D5BD 
 174      7459688D 
 175 01d8 707DCCE3 		.ascii	"p}\314\343\302\015n\353u\225\007;S\247\357w\272\315"
 175      C20D6EEB 
 175      7595073B 
 175      53A7EF77 
 175      BACD
 176 01ea 2E591F51 		.ascii	".Y\037Q\276%\210\302B\223-\015\334\204\311\204\007\246"
 176      BE2588C2 
 176      42932D0D 
 176      DC84C984 
 176      07A6
 177 01fc 0E751869 		.ascii	"\016u\030i:=\315\370\361\341x\233=\002@f\341\026_\364"
 177      3A3DCDF8 
 177      F1E1789B 
 177      3D024066 
 177      E1165FF4 
 178 0210 06F56343 		.ascii	"\006\365cC\033fA\214\350IE\177,K#\010\261\331\001\036"
 178      1B66418C 
 178      E849457F 
 178      2C4B2308 
 178      B1D9011E 
 179 0224 E16E26B3 		.ascii	"\341n&\263\305\007\010\005T\334\321hj\314Y\373S\272"
 179      C5070805 
 179      54DCD168 
 179      6ACC59FB 
 179      53BA
 180 0236 2CE16E16 		.ascii	",\341n\026:S\336F-\213+\303F\353\024+\234\023\325\237"
 180      3A53DE46 
 180      2D8B2BC3 
 180      46EB142B 
 180      9C13D59F 
ARM GAS  C:\Users\8FEE~1\AppData\Local\Temp\cc9ryHwd.s 			page 14


 181 024a 5229F897 		.ascii	"R)\370\227T\006l\251\314wF\347,\006\027\223JK\306\254"
 181      54066CA9 
 181      CC7746E7 
 181      2C061793 
 181      4A4BC6AC 
 182 025e 548CBFA4 		.ascii	"T\214\277\2442\274z%!\256|\216\205\276\211V\241\230"
 182      32BC7A25 
 182      21AE7C8E 
 182      85BE8956 
 182      A198
 183 0270 0877FE96 		.ascii	"\010w\376\226J\302\226\312\320oR\231\266^\016d\314\251"
 183      4AC296CA 
 183      D06F5299 
 183      B65E0E64 
 183      CCA9
 184 0282 60D056C1 		.ascii	"`\320V\301][\005\013G~o~\344\352r\273\025\206\375\007"
 184      5D5B050B 
 184      477E6F7E 
 184      E4EA72BB 
 184      1586FD07 
 185 0296 FBC8BDB0 		.ascii	"\373\310\275\260\327a\2264\033\370\2641?\337\344\307"
 185      D7619634 
 185      1BF8B431 
 185      3FDFE4C7 
 186 02a6 5BE12FF7 		.ascii	"[\341/\367\007\303\353\013\013\314`\330\364\006\003"
 186      07C3EB0B 
 186      0BCC60D8 
 186      F40603
 187 02b5 81E05EB3 		.ascii	"\201\340^\2632\030\332\0276\267\025\027m/\252a\2047"
 187      3218DA17 
 187      36B71517 
 187      6D2FAA61 
 187      8437
 188 02c7 18F29556 		.ascii	"\030\362\225V\027\006\362\275dT\227\355\251\362\375"
 188      1706F2BD 
 188      645497ED 
 188      A9F2FD
 189 02d6 4F6C056D 		.ascii	"Ol\005m^$\312W\263\317\334^T\262\243\304\364\357\365"
 189      5E24CA57 
 189      B3CFDC5E 
 189      54B2A3C4 
 189      F4EFF5
 190 02e9 EEA9DAE5 		.ascii	"\356\251\332\3453\275\201\260?\\\272\333\353\345\310"
 190      33BD81B0 
 190      3F5CBADB 
 190      EBE5C8
 191 02f8 ACA29262 		.ascii	"\254\242\222bOyY\330W\031\362\257\365\344\256#-D\316"
 191      4F7959D8 
 191      5719F2AF 
 191      F5E4AE23 
 191      2D44CE
 192 030b 802F100C 		.ascii	"\200/\020\014\355\247_\240\356~&"
 192      EDA75FA0 
 192      EE7E26
 193              		.text
 194              		.section	.gnu.lto_.symbol_nodes.7b459fd0,"",%progbits
 195 0000 789C6365 		.ascii	"x\234ce`b\250a\000\002\246n\246z\006\206\011\347\030"
ARM GAS  C:\Users\8FEE~1\AppData\Local\Temp\cc9ryHwd.s 			page 15


 195      6062A861 
 195      0002A66E 
 195      A67A0686 
 195      09E718
 196 0013 18EA1918 		.ascii	"\030\352\031\030w\266\034lp```le\252g\004\213104,\000"
 196      77B61C6C 
 196      70606060 
 196      6C65AA67 
 196      048B3130 
 197 002a 09B431D5 		.ascii	"\011\2641\3253!\013051\3253Cu1\354jp\004\21243\325\263"
 197      33210B30 
 197      3531D533 
 197      437531EC 
 197      6A70048A 
 198 0042 A08830B6 		.ascii	"\240\2100\2660\325\263\3024\201\214ef`eX\322\376F\236"
 198      30D5B3C2 
 198      34818C65 
 198      66606558 
 198      D2FE469E 
 199 0056 998581E1 		.ascii	"\231\205\201\341\321J5\006\000\2248\036\035"
 199      D14A3506 
 199      0094381E 
 199      1D
 200              		.text
 201              		.section	.gnu.lto_.refs.7b459fd0,"",%progbits
 202 0000 789C6365 		.ascii	"x\234ce`b\340d`\000\222L\214\374LL\002\014\000\001\230"
 202      6062E064 
 202      6000924C 
 202      8CFC4C4C 
 202      020C0001 
 203 0015 0039     		.ascii	"\0009"
 204              		.text
 205              		.section	.gnu.lto_.decls.7b459fd0,"",%progbits
 206 0000 789CDD59 		.ascii	"x\234\335Y{LTY\232\257S\247\012(\236\006\335Ygb\322"
 206      7B4C5459 
 206      9AAF53A7 
 206      0A289E06 
 206      DD596762 
 207 0015 AE6B22BB 		.ascii	"\256k\"\273\311\010\264=m\317f2\021K]I\332\035\003\352"
 207      C908B43D 
 207      6DCF6632 
 207      114B5D49 
 207      DA1D03EA 
 208 0029 4CB26E2A 		.ascii	"L\262n*6\324(;\0026\340tw\262\333}\021P\304\027(\012"
 208      36D4283B 
 208      0236E074 
 208      77B2DB7D 
 208      1150C417 
 209 003f 85A028F2 		.ascii	"\205\240(\362\022P\004\021\337 \312C\024P\004\025\344"
 209      12500411 
 209      DF20CA43 
 209      14500415 
 209      E4
 210 0050 A9088AA2 		.ascii	"\251\010\212\242P>@D\334\357<.u\352R\230\236\375c\377"
 210      503E4044 
 210      DCEF3C2E 
 210      75EA5298 
ARM GAS  C:\Users\8FEE~1\AppData\Local\Temp\cc9ryHwd.s 			page 16


 210      9EFD63FF 
 211 0064 D89BFAEE 		.ascii	"\330\233\372\356\275\337\271\277\363\275\317\271\347"
 211      BDDFB9BF 
 211      F3BDCFB9 
 211      E7
 212 0071 9ED2AAD4 		.ascii	"\236\322\252\324\252Y\377\250RuhT\252h\244R}\204\003"
 212      AA59FFA8 
 212      52756854 
 212      AA68A452 
 212      7D8403
 213 0084 6E55052A 		.ascii	"nU\005*\313a\007t\002\350\024P1P\011P)P\231j\362\361"
 213      CB610774 
 213      02E81450 
 213      31500950 
 213      2950996A 
 214 009a 1F20C30D 		.ascii	"\037 \303\015\256k\200\334\201f\000\325\000=\006\232"
 214      AE6B80DC 
 214      816600D5 
 214      003D069A 
 215 00aa 077411E8 		.ascii	"\007t\021\350\005\320C\240:\240\325@\203@C@\227\201"
 215      05D043A0 
 215      3AA0D540 
 215      83404340 
 215      9781
 216 00bc CC406AA0 		.ascii	"\314@j\240\007@]\202\356a\2401\256S\266Cy\374\005t\353"
 216      07405D82 
 216      EE61A031 
 216      AE53B643 
 216      79FC0574 
 217 00d1 14BA1F73 		.ascii	"\024\272\037s\375\363\270^\242\013!\213_%\202l\014\355"
 217      FDF3B85E 
 217      A20B218B 
 217      5F25826C 
 217      0CED
 218 00e3 5A200734 		.ascii	"Z \0074Yv(\2649s\331\363\024\276\3112\317\001\225\022"
 218      597628B4 
 218      3973D9F3 
 218      14BEC932 
 218      CF019512 
 219 00f7 FF81CE23 		.ascii	"\377\201\316#\026C\"j+\234\354y\314.\302\375e\256\343"
 219      1643226A 
 219      2B9CEC79 
 219      CC2EC2FD 
 219      65AEE3
 220 010a 84A05379 		.ascii	"\204\240Sy$atf\327\265K\352\016\324\206 \036h\032me"
 220      24617466 
 220      D7B54BEA 
 220      0ED48620 
 220      1E681A6D 
 221 011f 9623B810 		.ascii	"\226#\270\020\242\354G\371@\210\266C\253\232\236\031"
 221      A2EC47F9 
 221      4088B643 
 221      AB9A9E19 
 222 012f 903621B9 		.ascii	"\2206!\271\007\347\325\234Us\221\364\307;#A\"{\3144"
 222      07E7D59C 
 222      557391F4 
 222      C73B2341 
ARM GAS  C:\Users\8FEE~1\AppData\Local\Temp\cc9ryHwd.s 			page 17


 222      227BCC34 
 223 0143 C907F309 		.ascii	"\311\007\363\011\361\030R\351\2547R[\024 $v\020\004"
 223      F11852E9 
 223      AC37525B 
 223      14202476 
 223      1004
 224 0155 32B3F9F3 		.ascii	"2\263\371\363\011\373T\026\347\220\354\375\220\351f"
 224      09FB5416 
 224      E790ECFD 
 224      90E966
 225 0164 AF63276A 		.ascii	"\257c'j'\255\351\213\020m\033\333u\371\2143V#r\337\371"
 225      27ADE98B 
 225      106D1BDB 
 225      75F98C33 
 225      562372DF 
 226 0179 2E67D9FC 		.ascii	".g\331\374|\211\035\016\277\263\204\255\362\343p\271"
 226      7C891D0E 
 226      BFB384AD 
 226      F2E370B9 
 227 0189 DB6E8CDC 		.ascii	"\333n\214\334\035\221\032\330\306\301\233iN\300\316"
 227      1D911AD8 
 227      C6C19B69 
 227      4EC0CE
 228 0198 7044D380 		.ascii	"pD\323\200\035\211l\276\3428\363\000\355\025%MS\243"
 228      1D896CBE 
 228      E238F300 
 228      ED15254D 
 228      53A3
 229 01aa 35BF40F9 		.ascii	"5\277@\371h\026\312C\263@y\001\232\011\347o4LR\314\207"
 229      6816CA43 
 229      B3407901 
 229      9A09E76F 
 229      344C52CC 
 230 01bf B86D2E73 		.ascii	"\270m.s\322\245\362.\251\374\345\265\337w\027\225K1"
 230      D2A5F22E 
 230      A9FCE5B5 
 230      DF771795 
 230      4B31
 231 01d1 D0CD8EC0 		.ascii	"\320\315\216\300P.\302\3508\232OL\206[8\347\240N\204"
 231      502EC2E8 
 231      389A4F4C 
 231      865B38E7 
 231      A04E84
 232 01e4 B2510738 		.ascii	"\262Q\0078t\002\315\201\356\003uEEn\370\337\251\265"
 232      7402CD81 
 232      EE037545 
 232      456EF8DF 
 232      A9B5
 233 01f6 9F565B68 		.ascii	"\237V[h\245\266*\273\345\216\016\324vIRy\303\241/>\024"
 233      A5B62ABB 
 233      E58E0ED4 
 233      76495279 
 233      C3A12F3E 
 234 020b F648B18E 		.ascii	"\366H\261\216\024\204NZ\224\236$J\311\315)\252\254\273"
 234      14844E5A 
 234      949E244A 
 234      C9CD29AA 
ARM GAS  C:\Users\8FEE~1\AppData\Local\Temp\cc9ryHwd.s 			page 18


 234      ACBB
 235 021d 2BD3EC84 		.ascii	"+\323\354\204\263\021\325\266\357\320\253\307\230K0"
 235      B311D5B6 
 235      EFD0ABC7 
 235      984B30
 236 022c FFB749AA 		.ascii	"\377\267I\252P\323\336E\226\336Er\357b\332;\247\362"
 236      50D3DE45 
 236      96DE4572 
 236      EF62DA3B 
 236      A7F2
 237 023e 7526C617 		.ascii	"u&\306\027X\357'\203q\377\004\235\323\251\327\237\035"
 237      58EF2783 
 237      71FF049D 
 237      D3A9D79F 
 237      1D
 238 024f 889272C0 		.ascii	"\210\222r\300\350\331T\302i\213\204\323J\247K\250\244"
 238      E8D954C2 
 238      698B84D3 
 238      4AA74BA8 
 238      A4
 239 0260 CEC157D5 		.ascii	"\316\301W\325N\270\232I\332[\236Q\341\300E5~f\222\312"
 239      4EB89A49 
 239      DA5B9E51 
 239      E1C04535 
 239      7E6692CA 
 240 0274 B7485224 		.ascii	"\267HR$\263\345\214E\322\031\245\244R*)=\371\355S;\334"
 240      B3E58C45 
 240      D219A5A4 
 240      522A293D 
 240      F9ED533B 
 241 0289 CA24D555 		.ascii	"\312$\325U\336I\266\307\257)\243yRfVC\354\310O\347\221"
 241      DE49B6C7 
 241      AF29A379 
 241      52665643 
 241      ECC84FE7 
 242 029e 2239A08B 		.ascii	"\"9\240\213H\247J\221b%i\032\275\335&I[\244\301-\361"
 242      48A74A91 
 242      6225691A 
 242      BDDD2649 
 242      5BA4C12D 
 243 02b3 D340D682 		.ascii	"\323@\326\202Y\310k\226\012]B\036\364\221\012\235\207"
 243      59C86B96 
 243      0A5D421E 
 243      F4910A9D 
 243      87
 244 02c4 6E1720EA 		.ascii	"n\027 \352Yr\351\250\310\003t\216\007\204\245\340Zn"
 244      5972E9A8 
 244      C803748E 
 244      0784A5E0 
 244      5A6E
 245 02d6 FD5E6731 		.ascii	"\375^g1]\004b\311\327e\253|%\017\336jW\363h\337+\363"
 245      5D0462C9 
 245      D765AB7C 
 245      250FDE6A 
 245      57F368DF 
 246 02ec 18E3F902 		.ascii	"\030\343\371\002\020:k\361\362\254\034\3612\352]{Mn"
 246      103A6BF1 
ARM GAS  C:\Users\8FEE~1\AppData\Local\Temp\cc9ryHwd.s 			page 19


 246      F2AC1CF1 
 246      32EA5D7B 
 246      4D6E
 247 02fe 1E86B29C 		.ascii	"\036\206\262\234\347\210\310\310p\203\246\223\317\317"
 247      E788C8C8 
 247      7083A693 
 247      CFCF
 248 030c BD73614D 		.ascii	"\275saMDl\343\036\3631{\234\301\252\375vta*fE\255!\203"
 248      446CE31E 
 248      F3317B9C 
 248      C1AAFD76 
 248      74612A66 
 249 0324 A32EE591 		.ascii	"\243.\345\221++\352\331IXm\252\275W\241A\036\216\324"
 249      2B2BEAD9 
 249      49586DAA 
 249      BD57A141 
 249      1E8ED4
 250 0337 A7F2E1BA 		.ascii	"\247\362\341\272\337\233\314$cU\310\021UX,\230\347\010"
 250      DF9BCC24 
 250      6355C811 
 250      55582C98 
 250      E708
 251 0349 E758129B 		.ascii	"\347X\022\233\370(I\267\\\205\256\201CW\301!T\011\321"
 251      F82849B7 
 251      5C85AE81 
 251      4357C121 
 251      5409D1
 252 035c 01AD0487 		.ascii	"\001\255\004\207\256@c94\202\226\334c\011G\355p\036"
 252      AE406339 
 252      348296DC 
 252      630947ED 
 252      701E
 253 036e 2616A8AB 		.ascii	"&\026\250\253.?\270\257A\216\0366\005\\\267!\200\031"
 253      2E3FB8AF 
 253      418E1E36 
 253      055CB721 
 253      8019
 254 0380 D3F7624E 		.ascii	"\323\367bN\025\014\0325\252\001c\252-\306\200m\344\002"
 254      150C1A35 
 254      AA0163AA 
 254      2DC6806D 
 254      E402
 255 0392 ADA0E845 		.ascii	"\255\240\350E\364\343.'\346\335L`#K2\3668\343,\015\365"
 255      F4E32E27 
 255      E6DD4C60 
 255      234B32F6 
 255      38E32C0D 
 256 03a7 FC70DB50 		.ascii	"\374p\333P\201=\316\243\214\372J\363\221\\\027\344\354"
 256      813DCEA3 
 256      8CFA4AF3 
 256      915C17E4 
 256      EC
 257 03b8 11376104 		.ascii	"\0217a\004\031H\023f\324\203\031\253\235\271\012\256"
 257      19481366 
 257      D48319AB 
 257      9DB90AAE 
 258 03c8 7F37AE7B 		.ascii	"\1777\256{\004\005\241Au\310\031\335\264\030\260\332"
ARM GAS  C:\Users\8FEE~1\AppData\Local\Temp\cc9ryHwd.s 			page 20


 258      0405A141 
 258      75C819DD 
 258      B418B0DA 
 259 03d8 9965EF40 		.ascii	"\231e\357@\322\361\373:\334\313\224\311\223\205;\233"
 259      D2F1FB3A 
 259      DCCB94C9 
 259      93853B9B 
 260 03e8 2C9EA5B6 		.ascii	",\236\245\266\266:\343\247\354Yq\365P\265\016\0172&"
 260      B63AE3A7 
 260      EC5971F5 
 260      50B50E0F 
 260      3226
 261 03fa E5C2EB5A 		.ascii	"\345\302\353Z-\003:\000\333r\253p\207+~\315\236m\315"
 261      2D033A00 
 261      DB72AB70 
 261      872B7ECD 
 261      9E6DCD
 262 040d B8FACE05 		.ascii	"\270\372\316\005\0173&\247\277s\014\343Q\306\274?W)"
 262      0F3326A7 
 262      BF730CE3 
 262      51C6BC3F 
 262      5729
 263 041f 39E00F8C 		.ascii	"9\340\017\214\311\256n\251v\303\222\2262rB\335iB\321"
 263      C9AE6EA9 
 263      76C39296 
 263      327242DD 
 263      6942D1
 264 0432 892765A9 		.ascii	"\211'e\251\216,\277\022Lb\216m\015}\343nh.=<\246\317"
 264      8E2CBF12 
 264      4C628E6D 
 264      0D7DE36E 
 264      682E3D3C 
 265 0448 9D7B94F8 		.ascii	"\235{\224\370\017\223\203\307\375\306\036I\332\353L"
 265      0F9383C7 
 265      FDC61E49 
 265      DAEB4C
 266 0457 9DBB01CE 		.ascii	"\235\273\001\316=D\323-\341\250\245\305z\215\234U\254"
 266      3D44D32D 
 266      E1A8A5C5 
 266      7A8D9C55 
 266      AC
 267 0468 47C59F60 		.ascii	"G\305\237`\020Fc\012\277\255\204\337\232\004\357\377"
 267      1046630A 
 267      BFAD84DF 
 267      9A04EFFF 
 268 0478 8305DEAC 		.ascii	"\203\005\336\254\204\337\241po\013\272U@\337S\242=\025"
 268      84DFA170 
 268      6F0BBA55 
 268      40DF53A2 
 268      3D15
 269 048a 60B3006E 		.ascii	"`\263\000n\262-Z\264\244V0\274\301\266\237T8K\372\335"
 269      B22D5AB4 
 269      A45630BC 
 269      C1B69F54 
 269      384BFADD 
 270 049e 86699192 		.ascii	"\206i\221\222\204\010J\305\363M\216\004\3620^\222\026"
 270      84084AC5 
ARM GAS  C:\Users\8FEE~1\AppData\Local\Temp\cc9ryHwd.s 			page 21


 270      F34D8E04 
 270      F2305E92 
 270      16
 271 04af 6954A815 		.ascii	"iT\250\025:\267\220\316\367\2714\200\241n\250\237\016"
 271      3AB790CE 
 271      F7B93480 
 271      A16EA89F 
 271      0E
 272 04c0 3417F500 		.ascii	"4\027\365\000\265\003u\002=\002j\003\352\002z\200\346"
 272      B5037502 
 272      3D026A03 
 272      EA027A80 
 272      E6
 273 04d1 5241CCA6 		.ascii	"RA\314\246\361\006\367\275QR\215\0275\252\321v4\005"
 273      F106F7BD 
 273      51528D17 
 273      35AAD176 
 273      3405
 274 04e3 8F1F0A1E 		.ascii	"\217\037\012\036\337\265\031\036\3460\251\273\244\316"
 274      DFB5191E 
 274      E630A9BB 
 274      A4CE
 275 04f1 7BD85928 		.ascii	"{\330Y(r\021\253B\217\2213\235I\340\012\340\322\241"
 275      7211AB42 
 275      8F91339D 
 275      49E00AE0 
 275      D2A1
 276 0503 B4ADD831 		.ascii	"\264\255\3301\226\372F\301PC\026l/\031g \236\316\\\200"
 276      96FA46C1 
 276      5043166C 
 276      2F196720 
 276      9ECE5C80 
 277 0517 AE301766 		.ascii	"\2560\027f;\263B\303\302\310\233\301F^\363\310\245Q"
 277      3BB342C3 
 277      C2C89BC1 
 277      465EF3C8 
 277      A551
 278 0529 67BC93D6 		.ascii	"g\274\223\326\244\246+\303\374\314\016y\300,\353\010"
 278      A4A62BC3 
 278      FCCC0E79 
 278      C02CEB08 
 279 0539 24CC97CF 		.ascii	"$\314\227\317a(?\265\314\227t\346\035\374\2114\263\351"
 279      61283FB5 
 279      CC9774E6 
 279      1DFC8934 
 279      B3E9
 280 054b 65F0A884 		.ascii	"e\360\250\204gNL\275\375\020\324\347\324\212\001\260"
 280      674E4CBD 
 280      FD10D4E7 
 280      D48A01B0 
 281 055b EA199841 		.ascii	"\352\031\230A\246l\322\002\012\343G\012\266\332\271"
 281      A66CD202 
 281      0AE3470A 
 281      B6DAB9
 282 056a C7F3C4CC 		.ascii	"\307\363\304\314FT\366\023\300\365Q\353_ w\331\007\312"
 282      4654F613 
 282      C0F551EB 
ARM GAS  C:\Users\8FEE~1\AppData\Local\Temp\cc9ryHwd.s 			page 22


 282      5F2077D9 
 282      07CA
 283 057c 408FB833 		.ascii	"@\217\2703w:4S\272\373Rv\327\213z\273s\340v\262\263"
 283      773A3453 
 283      BAFB5276 
 283      D78B7ABB 
 283      73E076B2 
 284 0591 52BC651E 		.ascii	"R\274e\036\037\244\342_2\361\203T|\327\310\236\217n"
 284      1FA4E25F 
 284      32F18354 
 284      7CD7C89E 
 284      8F6E
 285 05a3 62E8C934 		.ascii	"b\350\3114n\221?\304C?DC\3379r\257\303Y\004\027Z\201"
 285      6E913FC4 
 285      433F4443 
 285      DF3972AF 
 285      C3590417 
 286 05b9 CD1C6CA6 		.ascii	"\315\034l\246\340\273m\215\311:\234\300\306\373\361"
 286      E0BB6D8D 
 286      C93A9CC0 
 286      C6FBF1
 287 05c8 824385AE 		.ascii	"\202C\205\256\370 cvT\\M\265\323\300\252\3555\015*\264"
 287      F8206376 
 287      545C4DB5 
 287      D3C0AAED 
 287      350D2AB4 
 288 05dc 9CCDEE3B 		.ascii	"\234\315\356;\341\"\276\177j\254\354~k\365\376\031\336"
 288      E122BE7F 
 288      6AACEC7E 
 288      6BF5FE19 
 288      DE
 289 05ed 97D7ECC6 		.ascii	"\227\327\354\306\227)\015\0058?\263s\247\224\036)-\252"
 289      97290D05 
 289      383FB373 
 289      A7941E29 
 289      2DAA
 290 05ff 5113207A 		.ascii	"Q\023 z%\317y\350\015\322\020\316\372e;L_G\317\263\356"
 290      25CF79E8 
 290      0DD210CE 
 290      FA653B4C 
 290      5F47CFB3 
 291 0614 4DC38FA6 		.ascii	"M\303\217\2462\247\342]\3474\215\232M\327D-yC\026\346"
 291      32A7E25D 
 291      E7348D9A 
 291      4DD7442D 
 291      794316E6 
 292 0628 7D709D72 		.ascii	"}p\235rA\363\236\0328\212\270\205\015\003\267O\350\270"
 292      41F39E1A 
 292      388AB885 
 292      0D03B74F 
 292      E8B8
 293 063a 8577F3DD 		.ascii	"\205w\363\335\223\350\222\"\376\030\"842a\337;\260o"
 293      93E89222 
 293      FE182238 
 293      343261DF 
 293      3BB06F
 294 064d 4469DF18 		.ascii	"Di\337\030\265\257\347}\301y>?\332\021\227O\246\327"
ARM GAS  C:\Users\8FEE~1\AppData\Local\Temp\cc9ryHwd.s 			page 23


 294      B5AFE77D 
 294      C1793E3F 
 294      DA11974F 
 294      A6D7
 295 065f BB4C5904 		.ascii	"\273LY\004\343r\021|`5\377:.f\230\277<\355\311\224\334"
 295      E372117C 
 295      6035FF3A 
 295      2E6698BF 
 295      3CEDC994 
 296 0674 9BBADB99 		.ascii	"\233\272\333\231\325\374W\300>\270\225_\345\242\254"
 296      D5FC57C0 
 296      3EB8955F 
 296      E5A2AC
 297 0683 11493D0B 		.ascii	"\021I=\013}\244\302\"\325\356\262H\312@\217\353=\005"
 297      7DA4C222 
 297      D5EEB248 
 297      CA408FEB 
 297      3D05
 298 0695 15AE7880 		.ascii	"\025\256x\200E\313\324\372,Y\366\255\341\220WN\324\015"
 298      45CBD4FA 
 298      2C59F6AD 
 298      E190574E 
 298      D40D
 299 06a7 167D560C 		.ascii	"\026}V\014[\324\023/\034\270\265\366,JM<\353:\334\267"
 299      5BD4132F 
 299      1CB8B5F6 
 299      2C4A4D3C 
 299      EB3ADCB7 
 300 06bb CF056FB1 		.ascii	"\317\005o\261\243\302n\\\316h\326ra\215i\230\255\230"
 300      A3C26E5C 
 300      CE68D672 
 300      618D6998 
 300      AD98
 301 06cd 8EB01553 		.ascii	"\216\260\025S\264ET\264RT\014\025u\257\267\"\020\357"
 301      B44554B4 
 301      52540C15 
 301      75AFB722 
 301      10EF
 302 06df B69B2289 		.ascii	"\266\233\"\211\275\007\017\024:Y\312dwn\307D\231\220"
 302      BD070F14 
 302      3A59CA64 
 302      776EC744 
 302      9990
 303 06f1 346C95C5 		.ascii	"4l\225\305\243mj\015\341\2545\304R\015U\273\333\023"
 303      A36D6A0D 
 303      E1AC35C4 
 303      520D55BB 
 303      DB13
 304 0703 F96B2F47 		.ascii	"\371k/G\013|\375\243\253q\374}\231N\370\366\355/|p*"
 304      0B7CFDA3 
 304      AB71FC7D 
 304      994EF8F6 
 304      ED2F7C70 
 305 0718 B3E0D303 		.ascii	"\263\340\323\003u\247\232\347\310\223\246\250\247\241"
 305      75A79AE7 
 305      C893A6A8 
 305      A7A1
ARM GAS  C:\Users\8FEE~1\AppData\Local\Temp\cc9ryHwd.s 			page 24


 306 0726 B0D88D27 		.ascii	"\260\330\215'!J\232\255\241\225fA\357\242I\240}\010"
 306      214A9AAD 
 306      A1956641 
 306      EFA249A0 
 306      7D08
 307 0738 FA61EAC3 		.ascii	"\372a\352\303\273.8\213\351\211\315\337}\225\316\177"
 307      BB2E388B 
 307      E989CDDF 
 307      7D95CE7F 
 308 0748 513F6B59 		.ascii	"Q?kY\002=\242\013\332;\370\034\230L\254\216\311\356"
 308      023DA20B 
 308      DA3BF81C 
 308      984CAC8E 
 308      C9EE
 309 075a AA42B880 		.ascii	"\252B\270\200\211\033\336\332\321\206q\021cr\207\212"
 309      891BDEDA 
 309      D1867111 
 309      6372878A 
 310 076a A3B87FF1 		.ascii	"\243\270\177\361\0049\230\260?\316\015\237c\017S\323"
 310      043998B0 
 310      3FCE0D9F 
 310      630F53D3 
 311 077a DEFF0A97 		.ascii	"\336\377\012\227\263\373\343\355y%:\006\034!\013\264"
 311      B3FBE3ED 
 311      79253A06 
 311      1C210BB4 
 312 078a C28BD103 		.ascii	"\302\213\321\003|\201V\216\310\227KN\357/p5\303^?v~"
 312      7C81568E 
 312      C8974B4E 
 312      EF2F7035 
 312      C35E3F76 
 313 079f 8CAB2732 		.ascii	"\214\253'2\007\366\306\366O]\313)r\234Ljj\373\365\275"
 313      07F6C6F6 
 313      4F5DCB29 
 313      729C4C6A 
 313      6AFBF5BD 
 314 07b3 8FB35D2D 		.ascii	"\217\263]-\325\312\002\225\004\325\312^\202\007i\240"
 314      D5CA0295 
 314      04D5CA5E 
 314      820769A0 
 315 07c3 52E4403D 		.ascii	"R\344@=\312\2504\3331U\203\304\254"
 315      CAA834DB 
 315      315583C4 
 315      AC
 316 07d0 ADB7F77D 		.ascii	"\255\267\367}\206o33\0165\245\305j\361}\306\214\231"
 316      866F3333 
 316      0E35A5C5 
 316      6AF17DC6 
 316      8C99
 317 07e2 E2CB1103 		.ascii	"\342\313\021\003>!\300\224\012\323\006\334\315\236\365"
 317      3E21C094 
 317      0AD306DC 
 317      CD9EF5
 318 07f1 BEEA7984 		.ascii	"\276\352y\204p\037c\356\366wt\362\261\324E\200O\356"
 318      701F63EE 
 318      F67774F2 
 318      B1D44580 
ARM GAS  C:\Users\8FEE~1\AppData\Local\Temp\cc9ryHwd.s 			page 25


 318      4FEE
 319 0803 64F669F1 		.ascii	"d\366i\361K\216\334\177\341\222\003\036fLs\342\315$"
 319      4B8EDC7F 
 319      E192031E 
 319      664C73E2 
 319      CD24
 320 0815 0D43DE27 		.ascii	"\015C\336'\310\361\274\314q\035\376\300\036\366\233"
 320      C8F1BCCC 
 320      711DFEC0 
 320      1EF69B
 321 0824 EEA4BBE2 		.ascii	"\356\244\273\342\030{\312d\274=u\232\017\356[\004\371"
 321      187BCA64 
 321      BC3D759A 
 321      0FEE5B04 
 321      F9
 322 0835 B162F8BE 		.ascii	"\261b\370\276\013\336\305\036\3665\345E\331\341$\306"
 322      0BDEC51E 
 322      F635E545 
 322      D9E124C6 
 323 0845 9464151F 		.ascii	"\224d\025\037\347\310\032\202L\033\033\213\326\340\303"
 323      E7C81A82 
 323      4C1B1B8B 
 323      D6E0C3
 324 0854 ECE18069 		.ascii	"\354\341\200i\260\311\015\3472&}<\341\250\223\\\025"
 324      B0C90DE7 
 324      32267D3C 
 324      E1A8935C 
 324      15
 325 0865 B13FA72A 		.ascii	"\261?\247*\252\2723Rx\012\313\211\354\267\027\313A\361"
 325      AABA3352 
 325      780ACB89 
 325      ECB717CB 
 325      41F1
 326 0877 4926CEB4 		.ascii	"I&\316\264\265b\233\035.aL\322\300\273_1\240D\200{\242"
 326      B5629B1D 
 326      2E614CD2 
 326      C0BB5F31 
 326      A044807B 
 327 088c 3A7E64EC 		.ascii	":~d\354\357\310+'9;\336\216e\276\213\274a\257\276J\035"
 327      EFC82B27 
 327      393BDE8E 
 327      65BE8BBC 
 327      61AFBE4A 
 328 08a1 72C61758 		.ascii	"r\306\027X\317\017m\221\343j\206u%\353\301-\035\273"
 328      CF0F6D91 
 328      E36A8675 
 328      25EBC12D 
 328      1DBB
 329 08b3 A74E7DA9 		.ascii	"\247N}\251\234\3723,\365\015\231\361Q\032e\352OC\352"
 329      9CFA332C 
 329      F50D99F1 
 329      511A65EA 
 329      4F43EA
 330 08c6 8BD5047E 		.ascii	"\213\325\004~\226\246\276TN}\361\225\270(7\\\311\364"
 330      96A6BE54 
 330      4E7DF195 
 330      B828375C 
ARM GAS  C:\Users\8FEE~1\AppData\Local\Temp\cc9ryHwd.s 			page 26


 330      C9F4
 331 08d8 E6D755B7 		.ascii	"\346\327U\267\361\254\305\222r,\2708\260\235\373\372"
 331      F1ACC592 
 331      722CB838 
 331      B09DFBFA 
 332 08e8 9A7C24C7 		.ascii	"\232|$\307U\367\234tcF\247\377=Y\201?)\334\206q-\353"
 332      55F79C74 
 332      6346A7FF 
 332      3D59813F 
 332      29DC8671 
 333 08fe 9CB7B525 		.ascii	"\234\267\265%\315\201\201\333\010\377\364l\331]\207"
 333      CD8181DB 
 333      08FFF46C 
 333      D95D87
 334 090d 29AD2E93 		.ascii	")\255.\223\255\276\314\254Ni\272\026c\257\264\372\""
 334      ADBECCAC 
 334      4E69BA16 
 334      63AFB4FA 
 334      22
 335 091e 587D815A 		.ascii	"X}\201Z]N\255.\223\255\356\177\363\370\243\003nb\212"
 335      5D4EAD2E 
 335      93ADEE7F 
 335      F3F8A303 
 335      6E628A
 336 0931 CFF45EAF 		.ascii	"\317\364^\257r\344\201&V\247\236\336\367\237\270\225"
 336      72E48126 
 336      56A79EDE 
 336      F79FB895 
 337 0941 7B349490 		.ascii	"{4\224\220\211p7cb\273\267\335\341\300\021\2727\260"
 337      89703763 
 337      62BBB7DD 
 337      E1C011BA 
 337      37B0
 338 0953 23A1CE15 		.ascii	"#\241\316\025?a\017\253\016\034\334\257\303\317\031"
 338      3F610FAB 
 338      0E1CDCAF 
 338      C3CF19
 339 0962 F3F1694B 		.ascii	"\363\361iK\006w|\220\360\335\355}q\256\330\314\036n"
 339      06777C90 
 339      F0DDED7D 
 339      71AED8CC 
 339      1E6E
 340 0974 B9D092C0 		.ascii	"\271\320\222\300w\016\272\350\242|,\255\224\203g\220"
 340      770EBAE8 
 340      A27C2CAD 
 340      94836790 
 341 0984 E475C6C7 		.ascii	"\344u\306\307\333\363 \021s\272\343\016&!<\306\372\216"
 341      DBF32011 
 341      73BAE30E 
 341      26213CC6 
 341      FA8E
 342 0996 EDB864B2 		.ascii	"\355\270d\262\2332(\365rP\256\262Z{\027]\332\205\224"
 342      9B3228F5 
 342      7250AEB2 
 342      5A7B175D 
 342      DA8594
 343 09a9 41B90941 		.ascii	"A\271\011A\271A\203\322@\203R/\007e{s[\221\025\372\204"
ARM GAS  C:\Users\8FEE~1\AppData\Local\Temp\cc9ryHwd.s 			page 27


 343      B94183D2 
 343      4083522F 
 343      07657B73 
 343      5B9115FA 
 344 09be FA13E83B 		.ascii	"\372\023\350;\275G\242\371\364rK\214\342\014\036\305"
 344      BD47A2F9 
 344      F4724B8C 
 344      E20C1EC5 
 345 09ce 577BE23B 		.ascii	"W{\342;\020\216v`\2213\231o\271Miv\223lv\0373\273e\244"
 345      108E7660 
 345      9133996F 
 345      B94D6976 
 345      936C761F 
 346 09e6 B255AB34 		.ascii	"\262U\2534\273\021\014a\213\335fjH\223lHG\261\251\327"
 346      BB110C61 
 346      8BDD666A 
 346      48936C48 
 346      47B1A9D7 
 347 09fa 5E69F694 		.ascii	"^i\366\224\350\035\225%U\274Dk\350\267\322\351\242\343"
 347      E81D9525 
 347      55BC446B 
 347      E8B7D2E9 
 347      A2E3
 348 0a0c 5ABC8399 		.ascii	"Z\274\203\231\231q0\347\224\003\336\313\230\322\027"
 348      997130E7 
 348      9403DECB 
 348      98D217
 349 0a1b 79A52E7C 		.ascii	"y\245.|\240\212\374\014\316W\354\311X\204M\014\273\377"
 349      A08AFC0C 
 349      CE57ECC9 
 349      58844D0C 
 349      BBFF
 350 0a2d D2FE9249 		.ascii	"\322\376\222I\323\345\003\260\201}b\264\253-\013@\362"
 350      D3E503B0 
 350      817D62B4 
 350      AB2D0B40 
 350      F2
 351 0a3e D9F5E6D5 		.ascii	"\331\365\346\325yG\245\305S\242\345u\204;[G$\277;\322"
 351      7947A5C5 
 351      53A2E575 
 351      843B5B47 
 351      24BF3BD2 
 352 0a52 EF82D399 		.ascii	"\357\202\323\231\336\201\027c']q&c.\224^\254\342oM/"
 352      DE811763 
 352      275D7126 
 352      632E945E 
 352      ACE26F4D 
 353 0a67 329EF2AF 		.ascii	"2\236\362\257\324;\341\343\354\331X\374\341b\035.d\314"
 353      D43BE1E3 
 353      ECD958FC 
 353      E1621D2E 
 353      64CC
 354 0a79 C157ED4F 		.ascii	"\301W\355Oy\301y\020G2\016\355\325\341\022\366\354c"
 354      79C17910 
 354      47320EED 
 354      D5E112F6 
 354      EC63
ARM GAS  C:\Users\8FEE~1\AppData\Local\Temp\cc9ryHwd.s 			page 28


 355 0a8b 7CACC91E 		.ascii	"|\254\311\036\237gLb}b\206\023.c\314\373'\211-|\356"
 355      9F674C62 
 355      7D628613 
 355      2E63CCFB 
 355      27892D7C 
 356 0aa0 7616AA78 		.ascii	"v\026\252x\006\257\342\362\354\304\177\300\225\014z"
 356      06AFE2F2 
 356      ECC47FC0 
 356      950C7A
 357 0aaf AF25FA1C 		.ascii	"\257%\372\034\207:\221\325\367\215\316?M\231\374\001"
 357      873A91D5 
 357      F78DCE3F 
 357      4D99FC01 
 358 0abf 39F9CFD9 		.ascii	"9\371\317\331@>\031\323\223K\246\201Y\216\2602J\262"
 358      403E19D3 
 358      934BA681 
 358      598EB032 
 358      4AB2
 359 0ad1 6C57CC62 		.ascii	"lW\314b\333\025\247\313_\025hp-\325\243>s\272'\305Q"
 359      DB15A7CB 
 359      5F156870 
 359      2DD5A33E 
 359      73BA27C5 
 360 0ae6 D890981F 		.ascii	"\330\220\230\037\263\215\354\001\230!\234\203\226e\314"
 360      B38DEC01 
 360      98219C83 
 360      9665CC
 361 0af5 AC890D09 		.ascii	"\254\211\015\011\353/\206!\265\007\221J'\350\227\020"
 361      EB2F8621 
 361      B507914A 
 361      27E89710 
 362 0b05 FD17CC80 		.ascii	"\375\027\314\200\334\3039\327\\p\023\323`\332\177\345"
 362      DCC339D7 
 362      5C7013D3 
 362      60DA7FE5 
 363 0b15 B4EB8486 		.ascii	"\264\353\204\206\276\027s\212\351.\303\033\320\360\312"
 363      BE17738A 
 363      E92EC31B 
 363      D0F0CA
 364 0b24 A2C1AC9E 		.ascii	"\242\301\254\236B\305k\333*jkn\356\322\210kA\"\257\037"
 364      42C56BDB 
 364      2A6A6B6E 
 364      EED2886B 
 364      4122AF1F 
 365 0b38 9E3FA523 		.ascii	"\236?\245#\355--\200\001\271d\323\363M\317\355\331;"
 365      ED2D2D80 
 365      01B964D3 
 365      F34DCFED 
 365      D93B
 366 0b4a E66749CF 		.ascii	"\346gI\3170E\215jE\351\303\237\222~\251\261m\021ncy"
 366      30458D6A 
 366      45E9C39F 
 366      927EA9B1 
 366      6D116E63 
 367 0b5f 7B53DFD6 		.ascii	"{S\337\326\215p\027c\242o\\\317\266\307=\214y\236[W"
 367      8D701763 
 367      A26F5CCF 
ARM GAS  C:\Users\8FEE~1\AppData\Local\Temp\cc9ryHwd.s 			page 29


 367      B6C73D8C 
 367      799E5B57 
 368 0b73 6387FB19 		.ascii	"c\207\373\031\323\323;z\026\343\227\214\311z~t\227\016"
 368      D3D33B7A 
 368      16E3978C 
 368      C97A7E74 
 368      970E
 369 0b85 BF664C75 		.ascii	"\277fLu\301\365$>\265\345\223E\307X[\331K\276\006\356"
 369      C1F5243E 
 369      B5E59345 
 369      C7585BD9 
 369      4BBE06EE 
 370 0b99 FA67B230 		.ascii	"\372g\2620\270YV\347\214G)\370\213\254\244\374\263\366"
 370      B85956E7 
 370      8C4729F8 
 370      8BACA4FC 
 370      B3F6
 371 0bab 7CB7E1D3 		.ascii	"|\267\341\323\307t\276%!\363G\245\350(\251\274:G[v*"
 371      C774BE25 
 371      21F347A5 
 371      E828A9BC 
 371      3A475B76 
 372 0bc0 E77AA474 		.ascii	"\347z\244tl&\332\003.\246AB\262\260\360\265\233\252"
 372      6C26DA03 
 372      2EA64142 
 372      B2B0F0B5 
 372      9BAA
 373 0bd2 16BFEF13 		.ascii	"\026\277\357\023\241\2139\026\263\257c2\342\356+\361"
 373      A18B3916 
 373      B3AF6332 
 373      E2EE2BF1 
 374 0be2 F7ACF024 		.ascii	"\367\254\360$\341\243q\034\017+C\224\253\304\347L\222"
 374      E1A3711C 
 374      0F2B4394 
 374      ABC4E74C 
 374      92
 375 0bf3 DF1A27C8 		.ascii	"\337\032'\310/T\342OZ\341\211\013\243?281\377\203\022"
 375      2F54E24F 
 375      5AE1890B 
 375      A33F3238 
 375      31FF8312 
 376 0c07 EEA944F7 		.ascii	"\356\251D\367o\307\026\370U%\274b\222\364\376\237,\360"
 376      6FC716F8 
 376      5525BC62 
 376      92F4FE9F 
 376      2CF0
 377 0c19 274A780B 		.ascii	"'Jx\013R\302[w\010\3423\224\370\243\223\304W\304\012"
 377      52C25B77 
 377      08E23394 
 377      F8A393C4 
 377      57C40A
 378 0c2c F81E25FE 		.ascii	"\370\036%\376\241Z\330\230\240\326\210\342\323\225\360"
 378      A15AD898 
 378      A0D688E2 
 378      D395F0
 379 0c3b C393C4D7 		.ascii	"\303\223\304\327\212\370,%>s\2629\">\3336^4g\247\000"
 379      8AF82C25 
ARM GAS  C:\Users\8FEE~1\AppData\Local\Temp\cc9ryHwd.s 			page 30


 379      3E73B239 
 379      223EDB36 
 379      5E3467A7 
 380 0c50 DFAD84C7 		.ascii	"\337\255\204\307)\341\243\"<\022+\340\333\225p\263\020"
 380      29E1A322 
 380      3C122BE0 
 380      DB9570B3 
 380      10
 381 0c61 FA3EA5F0 		.ascii	"\372>\245\360\307Jt\205\200\036S\242\2556\300h\021\377"
 381      C74A7485 
 381      801E53A2 
 381      AD36C068 
 381      11FF
 382 0c73 68A9B171 		.ascii	"h\251\261q\233E\343m\251\340\3328\034I\321\260nC%\034"
 382      9B45E36D 
 382      A9E0DA38 
 382      1C49D1B0 
 382      6E43251C 
 383 0c87 2DAFE650 		.ascii	"-\257\346P\321\244(6\212I\355VJ\357T+l\351\027\007T"
 383      D1A42836 
 383      8A49ED56 
 383      4AEF542B 
 383      6CE91707 
 384 0c9c 8BED0125 		.ascii	"\213\355\001%X\323/\216\247|%<o\322\370\253\335.\340"
 384      58D32F8E 
 384      A77C253C 
 384      6FD2F8AB 
 384      DD2EE0
 385 0caf AF2BF135 		.ascii	"\257+\3615\223\254\177(f)A\211\217\237\354\255\020\370"
 385      93AC7F28 
 385      66294189 
 385      8F9FECAD 
 385      10F8
 386 0cc1 5125DC6A 		.ascii	"Q%\334jk\215&U\034\177W\224\360\363Jg+v\362\320\303"
 386      6B8D2655 
 386      1C7F5794 
 386      F0F34A67 
 386      2B76F2D0 
 387 0cd6 D7124AE6 		.ascii	"\327\022J\346p\371\033\012\035\260*\002\000>\374\011"
 387      70F91B0A 
 387      1DB02A02 
 387      003EFC09 
 388 0ce6 4E91188D 		.ascii	"N\221\030\215\000\372\031G\313\263\266\270\367\310="
 388      00FA1947 
 388      CBB3B6B8 
 388      F7C83D
 389 0cf5 15ABFD88 		.ascii	"\025\253\375\210\355\321$\226\257\340h\257\355z\264"
 389      EDD12496 
 389      AFE068AF 
 389      ED7AB4
 390 0d04 8A8B18C7 		.ascii	"\212\213\030\307D%~\337\344\261*\210\177o\273\200\255"
 390      44257EDF 
 390      E4B12A88 
 390      7F6FBB80 
 390      AD
 391 0d15 E062913D 		.ascii	"\340b\221=\262=s\210\323\352CqZ-\260]6BQ6n\027\340\325"
 391      B23D7388 
ARM GAS  C:\Users\8FEE~1\AppData\Local\Temp\cc9ryHwd.s 			page 31


 391      D3EA4371 
 391      5A2DB05D 
 391      36425136 
 392 0d2d 4A78E524 		.ascii	"Jx\345$\270(\375\224\355I[\010e\253\340\353;\3335\303"
 392      B828FD94 
 392      ED495B08 
 392      65ABE0EB 
 392      3BDB35C3 
 393 0d41 6C17F781 		.ascii	"l\027\367\201%<\013}\244\222\010\234l\002\027`\017\264"
 393      253C0B7D 
 393      A492089C 
 393      6C021760 
 393      0FB4
 394 0d53 17CF455B 		.ascii	"\027\317E[\201\022\200\322\201L@\231@\251@\261@\361"
 394      811280D2 
 394      814C4099 
 394      40A940B1 
 394      40F1
 395 0d65 408780E2 		.ascii	"@\207\200\342\200\216\000%\002\025\002\025\001\355\007"
 395      808E0025 
 395      02150215 
 395      01ED07
 396 0d74 8A02CA06 		.ascii	"\212\002\312\006:\015\224\004\224\001t\022\3508\320"
 396      3A0D9404 
 396      94017412 
 396      E838D0
 397 0d83 36A014A0 		.ascii	"6\240\024\240S@y@\373\200\216\001\305\000\035\005:\000"
 397      53407940 
 397      FB808E01 
 397      C5001D05 
 397      3A00
 398 0d95 940B140D 		.ascii	"\224\013\024\015\264\013h'P\011\320v\2404\240\035@\305"
 398      B40B6827 
 398      5009D076 
 398      A034A01D 
 398      40C5
 399 0da7 405B800E 		.ascii	"@[\200\016\002\345\003\035\006:\001\224\014\264\033"
 399      02E5031D 
 399      063A0194 
 399      0CB41B
 400 0db6 2807680F 		.ascii	"(\007h\017\2267\253\023\241~Gcy\315\337\205*\276\303"
 400      9637AB13 
 400      A17E4763 
 400      79CDDF85 
 400      2ABEC3
 401 0dc9 A3232FC6 		.ascii	"\243#/\306\321m\345\0201\357\024\306\367\016\333\223"
 401      D16DE510 
 401      31EF14C6 
 401      F70EDB93 
 402 0dd9 B05838E6 		.ascii	"\260X8\3468\241p\216\333~\037\013\231}(\026\3025\333"
 402      38A1708E 
 402      DB7E1F0B 
 402      997D2816 
 402      C235DB
 403 0dec 2F4C711A 		.ascii	"/Lq\032\026\245\237S\302\213\224\360Zq\220\354\267="
 403      16A59F53 
 403      C28B94F0 
ARM GAS  C:\Users\8FEE~1\AppData\Local\Temp\cc9ryHwd.s 			page 32


 403      5A7190EC 
 403      B73D
 404 0dfe 48847F0B 		.ascii	"H\204\177\013z\307\335\351\277\005\200\022\377-`\262"
 404      7AC7DDE9 
 404      BF058012 
 404      FF2D60B2 
 405 0e0e 3A76E2E3 		.ascii	":v\342\343E\222\264\335\216\012\333k{\346\022<k\025"
 405      4592B4DD 
 405      8E0ADB6B 
 405      7BE6123C 
 405      6B15
 406 0e20 3DABB25D 		.ascii	"=\253\262]\342V\357vq\304u\331\236\326\255\026>\333"
 406      E256EF76 
 406      71C475D9 
 406      9ED6AD16 
 406      3EDB
 407 0e32 791EE1C3 		.ascii	"y\036\341\303\031]\342x\371s\232Ou\023#\224L^r\336;"
 407      195DE278 
 407      F9739A4F 
 407      75132394 
 407      4C5E72DE 
 408 0e47 00DFC6F1 		.ascii	"\000\337\306\361\362'\015j\235\364z\024g\257C\266\327"
 408      F2270D6A 
 408      9DF47A14 
 408      67AF43B6 
 408      D7
 409 0e58 6DDE16E9 		.ascii	"m\336\026\351\025\2625\267@z\035\207\313_\246\250V)"
 409      15B235B7 
 409      407A1D87 
 409      CB5FA6A8 
 409      5629
 410 0e6a BD51947E 		.ascii	"\275Q\224~\314\366B\206\302\311\326b\347\376z\015>\247"
 410      CCF64286 
 410      C2C9D662 
 410      E7FE7A0D 
 410      3EA7
 411 0e7c A3ABFDDB 		.ascii	"\243\253\375\333\335o\017h\321t\017[#\027\235\205\001"
 411      DD6F0F68 
 411      D1740F5B 
 411      23179D85 
 411      01
 412 0e8d FBFF75F0 		.ascii	"\373\377u\360\262\012\255\332\205\243H\205\226\202\227"
 412      B20AADDA 
 412      85A34885 
 412      968297
 413 0e9c 67F0C4D7 		.ascii	"g\360\304\327\015)X\032\253\246\246\226]Z\361\177\210"
 413      0D29581A 
 413      ABA6A696 
 413      5D5AF17F 
 413      88
 414 0ead 5221AE2A 		.ascii	"R!\256*t\016\263\377!\340\232d\343O\213\002\253?-\316"
 414      740EB3FF 
 414      21E09A64 
 414      E34F8B02 
 414      AB3F2DCE 
 415 0ec1 73F0790A 		.ascii	"s\360y\012\276\372\366n\201=\256\320\261?6\023s\307"
 415      BEFAF66E 
ARM GAS  C:\Users\8FEE~1\AppData\Local\Temp\cc9ryHwd.s 			page 33


 415      813DAED0 
 415      B13F3613 
 415      73C7
 416 0ed3 B5135BDD 		.ascii	"\265\023[\335s\017[ou_\260\030\006\267\326\273\307\027"
 416      730F5B6F 
 416      755FB018 
 416      06B7D6BB 
 416      C717
 417 0ee5 31D93DCE 		.ascii	"1\331=\316\032\036\331\341\212\233\231\260\230\017\346"
 417      1A1ED9E1 
 417      8A9B99B0 
 417      980FE6
 418 0ef4 2E5779AB 		.ascii	".Wy\253;\305z\253\373\222E\324%\245\250\313x\216\352"
 418      3BC57AAB 
 418      FB9245D4 
 418      25A5A8CB 
 418      788EEA
 419 0f07 97864DA1 		.ascii	"\227\206M\241a\021\206\240\260o\015\306MA\033C\327o"
 419      611186A0 
 419      B06F0DC6 
 419      4D411B43 
 419      D76F
 420 0f19 36CEDFB4 		.ascii	"6\316\337\264.,b\276\227\303\277\376\333\352\331zoo"
 420      2E2C62BE 
 420      97C3BFFE 
 420      DBEAD97A 
 420      6F6F
 421 0f2b D56FE6CF 		.ascii	"\325o\346\317\367\204_\300\206\240o\202B\303\275\027"
 421      F7845FC0 
 421      86A06F82 
 421      42C3BD17 
 422 0f3b 7EE9191A 		.ascii	"~\351\031\032\356\031\020\032\034\034\032\342I:\207"
 422      EE19101A 
 422      1C1C1AE2 
 422      493A87
 423 0f4a 7BFAF8AD 		.ascii	"{\372\370\255\320\257\370\036\020\001\241aF\303_\027"
 423      D0AFF81E 
 423      1001A161 
 423      46C35F17 
 424 0f5a 06CF0F50 		.ascii	"\006\317\017P\375\035\023\034\376]PD\300\006\303\237"
 424      FD1D131C 
 424      FE5D5044 
 424      C006C39F 
 425 0f6a C342830D 		.ascii	"\303B\203\015A\341a\377\033Y\033T\323\231,\343\367A"
 425      41E161FF 
 425      1B591B54 
 425      D3992CE3 
 425      F741
 426 0f7c 1113929C 		.ascii	"\021\023\222\234\374\327\350\015\313\327\205\004n4\206"
 426      FCD7E80D 
 426      CBD78504 
 426      6E3486
 427 0f8b B94F76E2 		.ascii	"\271Ov\342\227\001\033\374\0036\370\206\257\0143\032"
 427      97011BFC 
 427      0336F886 
 427      AF0C331A 
 428 0f9b 83374504 		.ascii	"\2037E\004\205"
ARM GAS  C:\Users\8FEE~1\AppData\Local\Temp\cc9ryHwd.s 			page 34


 428      85
 429 0fa0 86F819BF 		.ascii	"\206\370\031\277\335\034\024f\014\324\032\026\207\206"
 429      DD1C1466 
 429      0CD41A16 
 429      8786
 430 0fae 6EF4B065 		.ascii	"n\364\260eHX\204gPH\300\306\315\201Fx\020\036\260!\020"
 430      48588467 
 430      5048C0C6 
 430      CD814678 
 430      101EB021 
 431 0fc3 743B1A0C 		.ascii	"t;\032\014\233\203B\"\026|n\210\370\257\300\177YK;\204"
 431      9B834222 
 431      167C6E88 
 431      F8AFC07F 
 431      594B3B84 
 432 0fd7 476C0E0C 		.ascii	"Gl\016\014\0125l\0123\3765\310\370\235\367o\305\326"
 432      0A356C0A 
 432      33FE35C8 
 432      F89DF76F 
 432      C5D6
 433 0fe9 B511203D 		.ascii	"\265\021 =|\355\372\220\315\263\351\335\354ua\301\263"
 433      7CEDFA90 
 433      CDB3E9DD 
 433      EC7561C1 
 433      B3
 434 0ffa 8DC1DF18 		.ascii	"\215\301\337\030\003\003"
 434      0303
 435 1000 8D816BBF 		.ascii	"\215\201k\277\234\277`\366\347^\336\013\277\365^\013"
 435      9CBF60F6 
 435      E75EDE0B 
 435      BFF55E0B 
 436 1010 EDBF0E09 		.ascii	"\355\277\016\011\0151\376\332\270\356\233\240\265\\"
 436      0D31FEDA 
 436      B8EE9BA0 
 436      B55C
 437 101e EFDAE075 		.ascii	"\357\332\340u +\304\270\326\020h\374\363\272\315\033"
 437      202BC4B8 
 437      D61068FC 
 437      F3BACD1B 
 438 102e 230C113F 		.ascii	"#\014\021?l2\206\203\035\016\262\025\337\376\037X\021"
 438      6C328683 
 438      1D0EB215 
 438      DFFE1F58 
 438      11
 439 103f FE43F85A 		.ascii	"\376C\370ZCxD \250\004\325\232\3577\205\2079\204\031"
 439      43784420 
 439      A804D59A 
 439      EF378587 
 439      398419
 440 1052 D703D810 		.ascii	"\327\003\330\020\341\375\267\245\020\372\2537\005\330"
 440      E1FDB7A5 
 440      10FAAB37 
 440      05D8
 441 1060 6D0C3344 		.ascii	"m\0143Dl\010\304a\336\237\253\303\026\250\303\340\354"
 441      6C08C461 
 441      DE9FABC3 
 441      16A8C3E0 
ARM GAS  C:\Users\8FEE~1\AppData\Local\Temp\cc9ryHwd.s 			page 35


 441      EC
 442 1071 AD0EF372 		.ascii	"\255\016\363r\342y\215\010\210\370^\023\260a]\230\316"
 442      E2798D08 
 442      88F85E13 
 442      B0615D98 
 442      CE
 443 1082 60586F8C 		.ascii	"`Xo\2140\254\364_\351\262n\343w\353~\0107\004\205l\204"
 443      30ACF45F 
 443      E9B26EE3 
 443      77EB7E08 
 443      3704856C 
 444 1097 78FCF613 		.ascii	"x\374\366\023J\241\273\247~\205\277\257\277%y\301\341"
 444      4AA1BBA7 
 444      7E85BFAF 
 444      BF2579C1 
 444      E1
 445 10a8 41E186F5 		.ascii	"A\341\206\365\001\001\240\034$\2063\2113\250\262\315"
 445      0101A01C 
 445      24863389 
 445      33A8B2CD 
 446 10b8 211B4303 		.ascii	"!\033C\003\376b)#\241\321\205A\027\373\370/]\351\347"
 446      FE622923 
 446      A1D18541 
 446      17FBF82F 
 446      5DE9E7
 447 10cb ABF35BEA 		.ascii	"\253\363[\352\277\324o\315\322%_\331\371,_\354\257\367"
 447      BFD46FCD 
 447      D2255FD9 
 447      F92C5FEC 
 447      AFF7
 448 10dd D3E87DF4 		.ascii	"\323\350}\364~\344~%\\\226\254\322\257\200\213/\275"
 448      7EE47E25 
 448      5C96ACD2 
 448      AF808B2F 
 448      BD
 449 10ee 4C4017DA 		.ascii	"L@\027\332-\321\353}\375\377\350@.+\326\370\350\265"
 449      2DD1EB7D 
 449      FDFFE840 
 449      2E2BD6F8 
 449      E8B5
 450 1100 70E3FF47 		.ascii	"p\343\377G{8\023\216_WC\253/m\245\030{_z]=!\345K\322"
 450      7B38138E 
 450      5F5743AB 
 450      2F6DA518 
 450      7B5F7A5D 
 451 1119 E2F3F5D7 		.ascii	"\342\363\365\327\226\226\337hW\254Y\346\3679={\323\263"
 451      9696DF68 
 451      57AC59E6 
 451      F7393D7B 
 451      D3B3
 452 112b D7C4B32F 		.ascii	"\327\304\263/4\376\253|-&,\320\352W\022;\365\376\376"
 452      34FEAB7C 
 452      2D262CD0 
 452      EA57123B 
 452      F5FEFE
 453 113e 4BBF868B 		.ascii	"K\277\206\213\336\337w\211\037\326\257\362\323\352\277"
 453      DEDF7789 
ARM GAS  C:\Users\8FEE~1\AppData\Local\Temp\cc9ryHwd.s 			page 36


 453      1FD6AFF2 
 453      D3EABF
 454 114d 86BB099C 		.ascii	"\206\273\011\234\227\275\357\022\203\257\277\017\370"
 454      97BDEF12 
 454      83AFBF0F 
 454      F8
 455 115a B0C4B062 		.ascii	"\260\304\260b\031\275\370\260\313\022vY\271\314O\343"
 455      19BDF8B0 
 455      CB127659 
 455      B9CC4FE3 
 456 116a B3CCDF4F 		.ascii	"\263\314\337O\263x\231\217\237v\305\0128k\226\020~9"
 456      B378998F 
 456      9F76C50A 
 456      386B9610 
 456      7E39
 457 117c 39E9E1A4 		.ascii	"9\351\341\244\365_\256\207[\377\345+\375tl\230|e\210"
 457      F55FAE87 
 457      5BFFE52B 
 457      FD746C98 
 457      7C6588
 458 118f B0E757AC 		.ascii	"\260\347W\254\327\373a\010\233\326\307\327\017\202\267"
 458      D7FB6108 
 458      9BD6C7D7 
 458      0F82B7
 459 119e 66D51FFC 		.ascii	"f\325\037\3744\276\000\007\373V\373.\321\372,\006\001"
 459      34BE0007 
 459      FB56FB2E 
 459      D1FA2C06 
 459      01
 460 11af 5FFD6D69 		.ascii	"_\375mi%3B@\360B2\032\374\365\213\015\253`h\270\323"
 460      25334240 
 460      F042321A 
 460      FCF58B0D 
 460      AB6068B8 
 461 11c4 FC59A554 		.ascii	"\374Y\245T7\321\364?\366y\2040"
 461      37D1F43F 
 461      F6798430 
 462              		.text
 463              		.section	.gnu.lto_.symtab.7b459fd0,"",%progbits
 464 0000 5356435F 		.ascii	"SVC_Handler\000"
 464      48616E64 
 464      6C657200 
 465 000c 00       		.ascii	"\000"
 466 000d 00       		.ascii	"\000"
 467 000e 00       		.ascii	"\000"
 468 000f 00000000 		.ascii	"\000\000\000\000\000\000\000\000"
 468      00000000 
 469 0017 B5000000 		.ascii	"\265\000\000\000"
 470 001b 5F706F72 		.ascii	"_port_irq_epilogue\000"
 470      745F6972 
 470      715F6570 
 470      696C6F67 
 470      756500
 471 002e 00       		.ascii	"\000"
 472 002f 00       		.ascii	"\000"
 473 0030 00       		.ascii	"\000"
 474 0031 00000000 		.ascii	"\000\000\000\000\000\000\000\000"
ARM GAS  C:\Users\8FEE~1\AppData\Local\Temp\cc9ryHwd.s 			page 37


 474      00000000 
 475 0039 B7000000 		.ascii	"\267\000\000\000"
 476 003d 5F706F72 		.ascii	"_port_switch_from_isr\000"
 476      745F7377 
 476      69746368 
 476      5F66726F 
 476      6D5F6973 
 477 0053 00       		.ascii	"\000"
 478 0054 02       		.ascii	"\002"
 479 0055 00       		.ascii	"\000"
 480 0056 00000000 		.ascii	"\000\000\000\000\000\000\000\000"
 480      00000000 
 481 005e B1000000 		.ascii	"\261\000\000\000"
 482 0062 5F706F72 		.ascii	"_port_exit_from_isr\000"
 482      745F6578 
 482      69745F66 
 482      726F6D5F 
 482      69737200 
 483 0076 00       		.ascii	"\000"
 484 0077 02       		.ascii	"\002"
 485 0078 00       		.ascii	"\000"
 486 0079 00000000 		.ascii	"\000\000\000\000\000\000\000\000"
 486      00000000 
 487 0081 B3000000 		.ascii	"\263\000\000\000"
 488 0085 63685363 		.ascii	"chSchIsPreemptionRequired\000"
 488      68497350 
 488      7265656D 
 488      7074696F 
 488      6E526571 
 489 009f 00       		.ascii	"\000"
 490 00a0 02       		.ascii	"\002"
 491 00a1 00       		.ascii	"\000"
 492 00a2 00000000 		.ascii	"\000\000\000\000\000\000\000\000"
 492      00000000 
 493 00aa BF000000 		.ascii	"\277\000\000\000"
 494              		.text
 495              		.section	.gnu.lto_.opts,"",%progbits
 496 0000 272D666D 		.ascii	"'-fmath-errno' '-fsigned-zeros' '-ftrapping-math' '"
 496      6174682D 
 496      6572726E 
 496      6F272027 
 496      2D667369 
 497 0033 2D666E6F 		.ascii	"-fno-trapv' '-fno-openmp' '-fno-openacc' '-mcpu=cor"
 497      2D747261 
 497      70762720 
 497      272D666E 
 497      6F2D6F70 
 498 0066 7465782D 		.ascii	"tex-m7' '-mno-thumb-interwork' '-mthumb' '-ggdb' '-"
 498      6D372720 
 498      272D6D6E 
 498      6F2D7468 
 498      756D622D 
 499 0099 4F322720 		.ascii	"O2' '-fomit-frame-pointer' '-falign-functions=16' '"
 499      272D666F 
 499      6D69742D 
 499      6672616D 
 499      652D706F 
ARM GAS  C:\Users\8FEE~1\AppData\Local\Temp\cc9ryHwd.s 			page 38


 500 00cc 2D666675 		.ascii	"-ffunction-sections' '-fdata-sections' '-fno-common"
 500      6E637469 
 500      6F6E2D73 
 500      65637469 
 500      6F6E7327 
 501 00ff 2720272D 		.ascii	"' '-flto'\000"
 501      666C746F 
 501      2700
 502              		.text
 503              		.comm	__gnu_lto_v1,1,1
 504              		.comm	__gnu_lto_slim,1,1
 505              		.ident	"GCC: (GNU Tools for ARM Embedded Processors 6-2017-q1-update) 6.3.1 20170215 (release) [AR
ARM GAS  C:\Users\8FEE~1\AppData\Local\Temp\cc9ryHwd.s 			page 39


DEFINED SYMBOLS
                            *ABS*:00000000 chcore_v7m.c
                            *COM*:00000001 __gnu_lto_v1
                            *COM*:00000001 __gnu_lto_slim

NO UNDEFINED SYMBOLS
