ARM GAS  C:\Users\8FEE~1\AppData\Local\Temp\cc3cKSPD.s 			page 1


   1              		.cpu cortex-m7
   2              		.eabi_attribute 20, 1
   3              		.eabi_attribute 21, 1
   4              		.eabi_attribute 23, 3
   5              		.eabi_attribute 24, 1
   6              		.eabi_attribute 25, 1
   7              		.eabi_attribute 26, 1
   8              		.eabi_attribute 30, 2
   9              		.eabi_attribute 34, 1
  10              		.eabi_attribute 18, 4
  11              		.file	"chmemcore.c"
  12              		.text
  13              	.Ltext0:
  14              		.section	.gnu.lto_.profile.8abf99e4,"",%progbits
  15 0000 789C6365 		.ascii	"x\234ce`b`a```d\320V\007\000\000\375\000_"
  15      60626061 
  15      60606064 
  15      D0560700 
  15      00FD005F 
  16              		.text
  17              		.section	.gnu.lto_.icf.8abf99e4,"",%progbits
  18 0000 789C6365 		.ascii	"x\234ce`bPc@\0006\206\243\013O\037\345f\334\373\360"
  18      60625063 
  18      40003686 
  18      A30B4F1F 
  18      E566DCFB 
  19 0015 5D3B2B33 		.ascii	"];+3\230d\2357\343\321R>\266\223+\337>\346f\277>\345"
  19      98649D37 
  19      E3D1523E 
  19      B6932BDF 
  19      3EE666BF 
  20 002b F5621606 		.ascii	"\365b\026\006\000n\233\022\220"
  20      006E9B12 
  20      90
  21              		.text
  22              		.section	.gnu.lto_.jmpfuncs.8abf99e4,"",%progbits
  23 0000 789C6365 		.ascii	"x\234ce`b\020c@\000\026 febdd\256\257g\203P\354@\021"
  23      60621063 
  23      40001620 
  23      66656264 
  23      64AEAF67 
  24 0019 0017A902 		.ascii	"\000\027\251\002>"
  24      3E
  25              		.text
  26              		.section	.gnu.lto_.inline.8abf99e4,"",%progbits
  27 0000 789C6365 		.ascii	"x\234ce`b\250`@\000\026\006\006V\026F\006&\226\005\362"
  27      6062A860 
  27      40001606 
  27      06561646 
  27      06269605 
  28 0015 0C6C0BE4 		.ascii	"\014l\013\344\231@b\254\014\202\002\214L\214\012\214"
  28      994062AC 
  28      0C82028C 
  28      4C8C0A8C 
  29 0025 40368860 		.ascii	"@6\210`\021\2310\223\021\"\313\366A\217\207\201\351"
  29      11993093 
  29      1122CBF6 
ARM GAS  C:\Users\8FEE~1\AppData\Local\Temp\cc3cKSPD.s 			page 2


  29      418F8781 
  29      E9
  30 0036 023F0B48 		.ascii	"\002?\013H\035\033\203\260\020#\023X\011X1\213\304\206"
  30      1D1B83B0 
  30      10231358 
  30      0958318B 
  30      C486
  31 0048 1D68EA38 		.ascii	"\035h\3528@\352\330\031\330X\201V\000\305\340V0\000"
  31      40EAD819 
  31      D8588156 
  31      00C5E056 
  31      3000
  32 005a 0012AD0D 		.ascii	"\000\022\255\015z"
  32      7A
  33              		.text
  34              		.section	.gnu.lto_.pureconst.8abf99e4,"",%progbits
  35 0000 789C6365 		.ascii	"x\234ce`b\340b```a\220`\225`\333\305\310\316\002\000"
  35      6062E062 
  35      60606061 
  35      90609560 
  35      DBC5C8CE 
  36 0016 05CE0117 		.ascii	"\005\316\001\027"
  37              		.text
  38              		.section	.gnu.lto__core_init.8abf99e4,"",%progbits
  39 0000 789C7D91 		.ascii	"x\234}\221MK[A\024\206\317;s\033C1\024\301E[]t\223\205"
  39      4D4B5B41 
  39      1486CF3B 
  39      731B4331 
  39      14C1455B 
  40 0018 9B044174 		.ascii	"\233\004At\355\037\360/\\\314\365\202\001\343-\006\272"
  40      ED1FF02F 
  40      5CCCF582 
  40      01E32D06 
  40      BA
  41 0029 CD44B091 		.ascii	"\315D\260\221\210\037\0105\266Pn \013\255\255\306\264"
  41      881F0835 
  41      B6506E20 
  41      0BADADC6 
  41      B4
  42 003a B16D361A 		.ascii	"\261m6\032BW\245(\010\266\013\261\212\250\320\242+q"
  42      4257A528 
  42      08B60BB1 
  42      8AA8D0A2 
  42      2B71
  43 004c A162EC99 		.ascii	"\241b\354\231$\370\011\035f\23033\347}\347\2313\017"
  43      24F8091D 
  43      66983333 
  43      E77DE799 
  43      330F
  44 005e 48905F10 		.ascii	"H\220_\020u\021Q\023\017H\202\230X%\212{\005\240\003"
  44      75115113 
  44      0F488298 
  44      58258A7B 
  44      05A003
  45 0071 E505C504 		.ascii	"\345\005\305\004b\030\227)\211R\342\240 Zf\024\267b"
  45      62189729 
  45      8952E2A0 
ARM GAS  C:\Users\8FEE~1\AppData\Local\Temp\cc3cKSPD.s 			page 3


  45      205A6614 
  45      B762
  46 0083 6AD9F352 		.ascii	"j\331\363R\015=v%\321k\036\272a\006-\304i'\311\343}"
  46      0D3D7625 
  46      D16B1EBA 
  46      61062DC4 
  46      6927C9E3 
  47 0098 9F6C838E 		.ascii	"\237l\203\216\323+\245\265G\376\214\332a\311\3177\215"
  47      D32BA5B5 
  47      47FE8CDA 
  47      61C9CF37 
  47      8D
  48 00a9 932A3DAD 		.ascii	"\223*=\255\014W\002\263\2205\235\016I\347\376\332\313"
  48      0C5702B3 
  48      90359D0E 
  48      49E7FEDA 
  48      CB
  49 00ba E7203B2B 		.ascii	"\347 ;+\272\337\205\205\234\247\246\373\3764\256J\361"
  49      BADF8585 
  49      9CA7A6FB 
  49      FE34AE4A 
  49      F1
  50 00cb 675A3577 		.ascii	"gZ5w\255\232\253\251vs\345W>\217\201\367\360\343\035"
  50      AD9AABA9 
  50      7673E557 
  50      3E8F81F7 
  50      F0E31D
  51 00de FC551A7C 		.ascii	"\374U\032|\200\007<g\327QT\345\313\204*\226\237d\363"
  51      80073C67 
  51      D75154E5 
  51      CB842A96 
  51      9F64F3
  52 00f1 DB0D0651 		.ascii	"\333\015\006Q\222\317\365\323F\244\320\263\374\203\301"
  52      92CFF5D3 
  52      46A4D0B3 
  52      FC83C1
  53 0100 B3C4D652 		.ascii	"\263\304\326R\237\226\260\335\324Pi\255nL\272RT8\012"
  53      9F96B0DD 
  53      D45069AD 
  53      6E4CBA52 
  53      54380A
  54 0113 85C3CDBA 		.ascii	"\205\303\315\272\330\205\362\362FF;\363\336\337\037"
  54      D885F2F2 
  54      46463BF3 
  54      DEDF1F
  55 0122 1BDF1EBA 		.ascii	"\033\337\036\272x\013WJ,pq\346\321\314Wf\341\342\246"
  55      780B574A 
  55      2C7071E6 
  55      D1CC5766 
  55      E1E2A6
  56 0135 8171D7C0 		.ascii	"\201q\327\300\310H\3345\000rl\260\250\015t\265\316N"
  56      C848DC35 
  56      00726CB0 
  56      A80D74B5 
  56      CE4E
  57 0147 37EA3979 		.ascii	"7\3529yX\251\364\013\355\360\221=\331\372\023bT\341"
  57      58A9F40B 
ARM GAS  C:\Users\8FEE~1\AppData\Local\Temp\cc3cKSPD.s 			page 4


  57      EDF0913D 
  57      D9FA1362 
  57      54E1
  58 0159 3CBAE2BC 		.ascii	"<\272\342\274\015&\356\203\345\257\300\226\252`\267"
  58      0D26EE83 
  58      E5AFC096 
  58      AA60B7
  59 0168 49E47D92 		.ascii	"I\344}\222\317\377#\371R%\371\312$G\030L\237\217B\203"
  59      CFFF23F9 
  59      5225F9CA 
  59      2447184C 
  59      9F8F4283 
  60 017c 54BE22C9 		.ascii	"T\276\"\311\317\342J2Ck \020\344n\365\206Ca'\332\332"
  60      CFE24A32 
  60      436B2010 
  60      E46EF586 
  60      436127DA 
  61 0191 D11E74A2 		.ascii	"\321\036t\242A\313\211D\234~\216\372\302\241`t\300\342"
  61      41CB8944 
  61      9C7E8EFA 
  61      C2A16074 
  61      C0E2
  62 01a3 E3881DB1 		.ascii	"\343\210\035\261\234\001;`Q\275i\366\332\335\317M\273"
  62      9C013B60 
  62      51BD69F6 
  62      DADDCF4D 
  62      BB
  63 01b4 BFC7347D 		.ascii	"\277\3074}\265E\250;j\233\346?TF\326b"
  63      B545A83B 
  63      6A9BE63F 
  63      5446D662 
  64              		.text
  65              		.section	.gnu.lto_chCoreAllocAlignedI.8abf99e4,"",%progbits
  66 0000 789C8D53 		.ascii	"x\234\215S\355KSQ\030\177\236{\316\335\035\233\333|"
  66      ED4B5351 
  66      187F9E7B 
  66      CEDD1D9B 
  66      DB7C
  67 0012 210832F0 		.ascii	"!\0102\360C\"~\331\020\254\350S}\354_\350c\016\311\201"
  67      43227ED9 
  67      10ACE853 
  67      7DEC5FE8 
  67      630EC981 
  68 0026 73E1BE45 		.ascii	"s\341\276E\260\253\323\211IeP\263\302\313(\01153\265"
  68      B0ABD389 
  68      496550B3 
  68      C2CB2809 
  68      3533B5
  69 0039 57FD208E 		.ascii	"W\375 \216\2140\2627I\020E\220\336g\031\025\005\205"
  69      8C30B237 
  69      49104590 
  69      DE671915 
  69      0585
  70 004b 6DF63CE7 		.ascii	"m\366<\347.K\375\322e{\3569\277\363\374\236\363{~\347"
  70      2E4BFDD2 
  70      657BEE39 
  70      BFF3FC9E 
ARM GAS  C:\Users\8FEE~1\AppData\Local\Temp\cc3cKSPD.s 			page 5


  70      F37B7EE7 
  71 005f 5C1D3458 		.ascii	"\\\0354X\024\000\007\000`7\375Q\007\324:\237\000495"
  71      14000700 
  71      6037FD51 
  71      07D43A9F 
  71      00343935 
  72 0073 4DBE37C0 		.ascii	"M\2767\300t\211\276\007\000f\201@i\343\022\221\007\246"
  72      7489BE07 
  72      00668140 
  72      69E31291 
  72      07A6
  73 0085 1321A609 		.ascii	"\023!\246\011\2111<-\272\004>o\031\356\026\247DJ\000"
  73      89313C2D 
  73      BA043E6F 
  73      19EE16A7 
  73      444A00
  74 0098 4A9A7E79 		.ascii	"J\232~y|\361\225\227\247\210e\274\272\374\256\305]\331"
  74      7CF19597 
  74      A78865BC 
  74      BAFCAEC5 
  74      5DD9
  75 00aa 6B9ACD66 		.ascii	"k\232\315f\272k\324\350\212\267\036L\011\015.Pv\037"
  75      BA6BD4E8 
  75      8AB71E4C 
  75      090D2E50 
  75      761F
  76 00bc 96622F96 		.ascii	"\226b/\226\362\346\375XI\271\227\233f\037yD5\002\215"
  76      F2E6FD58 
  76      49B9979B 
  76      661F7944 
  76      35028D
  77 00cf DB06C733 		.ascii	"\333\006\3073\336\212+\212\367\342\2540w\245\204\300"
  77      DE8A2B8A 
  77      F7E2AC30 
  77      77A584C0 
  78 00df AB28FE25 		.ascii	"\253(\376%\022\0048\200\025\224\336\271\232]2\304>E"
  78      12043880 
  78      1594DEB9 
  78      9A5D32C4 
  78      3E45
  79 00f1 8D5F9A9F 		.ascii	"\215_\232\237\220y\352tRQ%^\333L\225\200\203X\301\371"
  79      9079EA74 
  79      5251255E 
  79      DB4C9580 
  79      8358C1F9 
  80 0105 D3E9F621 		.ascii	"\323\351\366!\227\330\257\270\271\231\314g\275\274G"
  80      97D8AFB8 
  80      B999CC67 
  80      BDBC47
  81 0114 713F59DB 		.ascii	"q?Y\333\317\304\315)S\246\204\216\3277\362\371\241\364"
  81      CFC4CD29 
  81      53A6848E 
  81      D737F2F9 
  81      A1F4
  82 0126 9723B973 		.ascii	"\227#\271s\036\207\304!,\357!3)\203\232\031F\007\322"
  82      1E87C421 
  82      2CEF2133 
ARM GAS  C:\Users\8FEE~1\AppData\Local\Temp\cc3cKSPD.s 			page 6


  82      29839A19 
  82      4607D2
  83 0139 8BC1A119 		.ascii	"\213\301\241\031L\233\271\26563\375v\347\217o\331\242"
  83      4C9BB9B5 
  83      3633FD76 
  83      E78F6FD9 
  83      A2
  84 014a 6D483B6B 		.ascii	"mH;kd\015mMv\222v\235\24588\030\034\234\252!\027\015"
  84      640D6D4D 
  84      7692769D 
  84      A5383818 
  84      1C9CAA21 
  85 0160 7537CF0B 		.ascii	"u7\317\0138x8x9\370\200\253\026\362r\021\317\2139\224"
  85      38783878 
  85      39F880AB 
  85      16F27211 
  85      CF8B3994 
  86 0174 F014E004 		.ascii	"\360\024\340\004m\316\347\323A\366\322[d0\236L\014\216"
  86      6DCEE7D3 
  86      41F6D25B 
  86      64309E4C 
  86      0C8E
  87 0186 D7B11E4B 		.ascii	"\327\261\036K\350\226\020\0265\255P\2641\206\251\211"
  87      E8961016 
  87      35AD50B4 
  87      3186A989 
  88 0196 C5A9FE01 		.ascii	"\305\251\376\001u\200\022\327\350\361\341\0105\230\301"
  88      758012D7 
  88      E8F1E108 
  88      3598C1
  89 01a5 E6B93F79 		.ascii	"\346\271?y\006q\231\370+\321.l\304\251\310\006\274\301"
  89      067199F8 
  89      2BD12E6C 
  89      C4A9C806 
  89      BCC1
  90 01b7 E632D52F 		.ascii	"\3462\325/\211&\224Y\311\314\207I\227\235\345\242\342"
  90      89269459 
  90      C9CC8749 
  90      979DE5A2 
  90      E2
  91 01c8 C9D67B4F 		.ascii	"\311\326{O\015.\356P\376\216\215}\\0bY\323I@\217@e\342"
  91      0D2EEE50 
  91      FE8E8D7D 
  91      5C306259 
  91      D349408F 
  92 01df F2F4EC7D 		.ascii	"\362\364\354}W\012-d\237o\322\265\272\301\006\343-L"
  92      570A2D64 
  92      9F6FD2B5 
  92      BAC106E3 
  92      2D4C
  93 01f1 2117FCDA 		.ascii	"!\027\374\332\226\227\341\246\212\033\364\027\250\236"
  93      9697E1A6 
  93      8A1BF417 
  93      A89E
  94 01ff DC1B300F 		.ascii	"\334\0330\017\301\371\006Ho\036\364\252\036<v\265C6"
  94      C1F90648 
  94      6F1EF4AA 
ARM GAS  C:\Users\8FEE~1\AppData\Local\Temp\cc3cKSPD.s 			page 7


  94      1E3C76B5 
  94      4336
  95 0211 E623F8AF 		.ascii	"\346#\370\257~r\225 [\377J\334a\247\024n\021\254m\025"
  95      7E729520 
  95      5BFF4ADC 
  95      61A7146E 
  95      11AC6D15 
  96 0225 7C7B5DF0 		.ascii	"|{]\360\235\315\202\213\250\004\3538\237\370\251\333"
  96      9DCD828B 
  96      A804EB38 
  96      9FF8A9DB 
  97 0235 48B102BD 		.ascii	"H\261\002\275\360\032[\346&\253\327\275,V\367\251\203"
  97      F01A5BE6 
  97      26ABD7BD 
  97      2C56F7A9 
  97      83
  98 0246 5CA64F8E 		.ascii	"\\\246O\216\017\256;qr\342\270\275\\\242\244\332\326"
  98      0FAE3B71 
  98      72E2B8BD 
  98      5CA2A4DA 
  98      D6
  99 0257 3EDCC1D8 		.ascii	">\334\301\330\377\330xw]\325(\251\242*\252\276T\027"
  99      FFD87877 
  99      5DD528A9 
  99      A22AAABE 
  99      5417
 100 0269 630535B0 		.ascii	"c\0055\260\230\004\337\021\321_\252\315\257.Q\212O\314"
 100      9804DF11 
 100      D15FAACD 
 100      AF2E518A 
 100      4FCC
 101 027b E79E215D 		.ascii	"\347\236!]#\344,\352\264\312\357\017\320/X\027\252\011"
 101      23E42CEA 
 101      B4CAEF0F 
 101      D02F5817 
 101      AA09
 102 028d 45A2557B 		.ascii	"E\242U{\367\004\"\321@0\022\016G\032hT\037\252\011D"
 102      F70422D1 
 102      4030120E 
 102      471A6854 
 102      1FAA0944 
 103 02a1 1B83B41C 		.ascii	"\033\203\264\034\256\015\007#\215\265\376 \310h\350"
 103      AE0D0723 
 103      8DB5FE20 
 103      C868E8
 104 02b0 58AD7EB8 		.ascii	"X\255~\270>t\244\001\217\376\006\251\201A\253"
 104      3E74A401 
 104      8FFE06A9 
 104      8141AB
 105              		.text
 106              		.section	.gnu.lto_chCoreAllocAligned.8abf99e4,"",%progbits
 107 0000 789C8D54 		.ascii	"x\234\215ToL[U\024\277\347\335\367^KK\201\361E\023\371"
 107      6F4C5B55 
 107      14BFE7DD 
 107      F75E4B4B 
 107      81F14513 
 108 0015 50120923 		.ascii	"P\022\011#1\324%\314e\211\211Y\366E?\360e|\362\023\201"
ARM GAS  C:\Users\8FEE~1\AppData\Local\Temp\cc3cKSPD.s 			page 8


 108      31D425CC 
 108      65898959 
 108      F6453FF0 
 108      657CF213 
 109 002a 5A47134A 		.ascii	"ZG\023JI\313\226\315\230\360\3262\020Q7\343\344\317"
 109      49CB96CD 
 109      98F0D632 
 109      105137E3 
 109      E4CF
 110 003c A4E9DC62 		.ascii	"\244\351\334b\006N\376\254:7\034\177:`\023\204\261\215"
 110      064EFEAC 
 110      3A371C7F 
 110      3A601384 
 110      B18D
 111 004e 80214C23 		.ascii	"\200!L#\016\311V\366G\234\232Mq\305s\356+]\241\004}"
 111      0EC956F6 
 111      479C9A4D 
 111      71C573EE 
 111      2B5DA104 
 112 0063 81DB7BCF 		.ascii	"\201\333{\3179\277s\177\347\334s\216\302$\366\246\201"
 112      39BF737F 
 112      E7DC738E 
 112      C224F6A6 
 112      81
 113 0074 B1BF1963 		.ascii	"\261\277\031c\333\361\037\024\006\322\321\011\306\016"
 113      DBF11F14 
 113      06D2D109 
 113      C60E
 114 0082 192549BE 		.ascii	"\031%I\276c`\232\211\267]aLK\345 \353r\031\2006\232"
 114      63609A89 
 114      B75D614C 
 114      4BE520EB 
 114      72198036 
 115 0097 1158B5C4 		.ascii	"\021X\265\304e\250\206#\274\211\303\215\232\356V\376"
 115      65A88623 
 115      BC89C38D 
 115      9AEE56FE 
 116 00a7 010F7206 		.ascii	"\001\017r\0062\036\177\273z|>\215\216\000V\322.\336"
 116      321E7FBB 
 116      7A7C3E8D 
 116      8E0056D2 
 116      2EDE
 117 00b9 AE31E79D 		.ascii	"\2561\347\235\3264\237\026n\012\231\232\374\207_\015"
 117      D6349F16 
 117      6E0A999A 
 117      FC875F0D 
 118 00c9 7289B5A0 		.ascii	"r\211\265\240u\033d\301i\310\242\313\333!\017mO\036"
 118      751B64C1 
 118      69C8A2CB 
 118      DB210F6D 
 118      4F1E
 119 00db 9A1EB3F0 		.ascii	"\232\036\263\360\002`\270\257\353\350\213\244\345~&"
 119      0260B8AF 
 119      EBE88BA4 
 119      E57E26
 120 00ea 70E3C7B8 		.ascii	"p\343\307\270\366|\220s\370\034x\"\020E\014\316@.\232"
 120      F67C9073 
ARM GAS  C:\Users\8FEE~1\AppData\Local\Temp\cc3cKSPD.s 			page 9


 120      F81C7822 
 120      10450CCE 
 120      402E9A
 121 00fd 1F5D7E32 		.ascii	"\037]~2g\340;\005\324\377\351\354\200\034\203\0167\012"
 121      67E03B05 
 121      D4FFE9EC 
 121      801C830E 
 121      370A
 122 010f A80C5FAC 		.ascii	"\250\014_\254\207\312\014: \227\354\307\303\365]&\376"
 122      87CA0C3A 
 122      2097ECC7 
 122      C3F55D26 
 122      FE
 123 0120 8AC0FEF0 		.ascii	"\212\300\376\360N\364\274\234sJ`\277o\317\374\320\257"
 123      4EF4BC9C 
 123      734A60BF 
 123      6FCFFCD0 
 123      AF
 124 0131 8D683212 		.ascii	"\215h2\022\206\316\265x\372\320\374\326\331\350\307"
 124      86CEB578 
 124      FAD0FCD6 
 124      D9E8C7
 125 0140 1655862E 		.ascii	"\026U\206.\310\241\2200\222nP\2011\011u\215w\036G\015"
 125      C8A19030 
 125      926E5081 
 125      3109758D 
 125      771E470D 
 126 0154 315713ED 		.ascii	"1W\023\355i-Z\270\306\272A\020\364\301Y\310ADt2\262"
 126      692D5AB8 
 126      C6BA4110 
 126      F4C159C8 
 126      41447432 
 127 0169 A4C4100F 		.ascii	"\244\304\020\017\002\317\256^\256lt9\204 \247k\022\302"
 127      02CFAE5E 
 127      AE6C7439 
 127      8420A76B 
 127      12C2
 128 017b 5A74A50E 		.ascii	"Zt\245\016\375\347\375\372\307T\3463\022P:0\363\030"
 128      FDE7FDFA 
 128      C754E633 
 128      12503A30 
 128      F318
 129 018d 994C312A 		.ascii	"\231L1*\264\250\264\030\304%F\334*)t6\321b\246%\225"
 129      B4A8B418 
 129      C42546DC 
 129      2A297436 
 129      D162A625 
 130 01a2 168B7098 		.ascii	"\026\213p\230F\352t:g\320\262\205\216\231\214\336\213"
 130      46EA743A 
 130      67D0B285 
 130      8E998CDE 
 130      8B
 131 01b3 BD8BD1D1 		.ascii	"\275\213\321\321\3537\340\001\177\371\002H\224\200\333"
 131      EB37E001 
 131      7FF90248 
 131      9480DB
 132 01c2 BD7553C0 		.ascii	"\275uS\300w\211\334\235\353\237i6\305\350\2574o=\356"
ARM GAS  C:\Users\8FEE~1\AppData\Local\Temp\cc3cKSPD.s 			page 10


 132      7789DC9D 
 132      EB9F6936 
 132      C5E8AF34 
 132      6F3DEE
 133 01d5 1F7B4F3B 		.ascii	"\037{O;\341\313\010r\025\276\334 \200\257D\314u\021"
 133      E1CB0872 
 133      15BEDC20 
 133      80AF44CC 
 133      7511
 134 01e7 AD4FA672 		.ascii	"\255O\246rQ\301\012\347P\267\010\276[\217\216tOB<\275"
 134      51C10AE7 
 134      50B708BE 
 134      5B8F8E74 
 134      4F423CBD 
 135 01fb 351A7EE1 		.ascii	"5\032~\341\217.\230Dv[8\260u\252\345Nk1\203\257I'%\351"
 135      8F2E9844 
 135      765B38B0 
 135      75AAE54E 
 135      6B3183AF 
 136 0213 9AB77EC2 		.ascii	"\232\267~\302\351.\006\347\311\200'<\033\203\013\240"
 136      E92E06E7 
 136      C980273C 
 136      1B830BA0 
 137 0223 22931E7A 		.ascii	"\"\223\036z3`?\321\225'\203\241\307\246\354%\010j\315"
 137      33603FD1 
 137      952783A1 
 137      C7A6EC25 
 137      086ACD
 138 0236 F85A06B2 		.ascii	"\370Z\006\262\356\230\277\250\031e\314\001|\003\331"
 138      EE98BFA8 
 138      1965CC01 
 138      7C03D9
 139 0245 E2D997EE 		.ascii	"\342\331\227\356M\335\224P\002\027A\026\244\031\364"
 139      4DDD9450 
 139      02174116 
 139      A419F4
 140 0254 8AE26FEB 		.ascii	"\212\342o\353\037ZH\315\376=\2066\222\355\303\316\320"
 140      1F5A48CD 
 140      FE3D8636 
 140      92EDC3CE 
 140      D0
 141 0265 B459A0FB 		.ascii	"\264Y\240\373\010\015\375 \263\005\360YE\002\030m\347"
 141      080DFD20 
 141      B305F059 
 141      4502186D 
 141      E7
 142 0276 EA5B1551 		.ascii	"\352[\025Q7\370@\001\214\200\264tF\360\350\374\340]"
 142      37F84001 
 142      8C80B474 
 142      46F0E8FC 
 142      E05D
 143 0288 29A98692 		.ascii	")\251\206\222\252Y\344s\200\320\234E\300\337X\333\321"
 143      AA59E473 
 143      80D09C45 
 143      C0DF58DB 
 143      D1
 144 0299 57B62E0F 		.ascii	"W\266.\017\017\332MdAw\304\322('\026p\210\304a\221\215"
ARM GAS  C:\Users\8FEE~1\AppData\Local\Temp\cc3cKSPD.s 			page 11


 144      0FDA4D64 
 144      4177C4D2 
 144      28271670 
 144      88C46191 
 145 02ae 4BA006B8 		.ascii	"K\240\006\270\214D\022\275\351R\005\025\010\372q\244"
 145      8C4412BD 
 145      E9520515 
 145      08FA71A4 
 146 02be FD8CE878 		.ascii	"\375\214\350x\031V\360K\207A\344\020\001\337L-\350v"
 146      1956F04B 
 146      8741E410 
 146      01DF4C2D 
 146      E876
 147 02d0 6A0CFA4F 		.ascii	"j\014\372Om=\327%\006\001V\365\330.\255\306j Tc\344"
 147      6D3DD725 
 147      060156F5 
 147      D82EADC6 
 147      6A205463 
 148 02e5 EE9049B7 		.ascii	"\356\220I\2672R\333\034\036\274f \347)\342\235{z\356"
 148      3252DB1C 
 148      1EBC6620 
 148      E729E29D 
 148      7B7AEE
 149 02f8 DD34543F 		.ascii	"\3354T?\321\214(8\305\365\256[\034\237\0366\005!\000"
 149      D18C2838 
 149      C5F5AE5B 
 149      1C9F1E36 
 149      052100
 150 030b D41BC338 		.ascii	"\324\033\3038\207\206\304\023\\\206 \220\303\207u1\032"
 150      8786C413 
 150      5C862090 
 150      C3877531 
 150      1A
 151 031c 29E8518F 		.ascii	")\350Q\217 &0!/\024\257\221\231Q\034\013\000\371\306"
 151      20263021 
 151      2F14AF91 
 151      99511C0B 
 151      00F9C6
 152 032f 84A92206 		.ascii	"\204\251\"\006\263\356\355u]fA\361S\376!\342o\321\371"
 152      B3EEED75 
 152      5D6641F1 
 152      53FE21E2 
 152      6FD1F9
 153 0342 DFF7ABBA 		.ascii	"\337\367\253\272IZ\022aH&|%N\370\333\365\204\323\321"
 153      495A1261 
 153      48267C25 
 153      4EF8DBF5 
 153      84D3D1
 154 0355 05F168AE 		.ascii	"\005\361h\256\375K\321%\031B\230\312~\201\232\231\241"
 154      FD4BD125 
 154      194298CA 
 154      7E819A99 
 154      A1
 155 0366 82782E33 		.ascii	"\202x.3\304\2237`\226qFsD\264\326\276?\360\266\256\336"
 155      C4933760 
 155      96714673 
 155      44B4D6BE 
ARM GAS  C:\Users\8FEE~1\AppData\Local\Temp\cc3cKSPD.s 			page 12


 155      3FF0B6AE 
 156 037b 22A8EAA9 		.ascii	"\"\250\352\251\035}\216d\377'\215#qV\243\310\012\275"
 156      1D7D8E64 
 156      FF278D23 
 156      7156A3C8 
 156      0ABD
 157 038d 08FF72AC 		.ascii	"\010\377r\254\327}'\036\035\213\327(\213W(UT\302)\264"
 157      D77D271E 
 157      1D8BD728 
 157      8B572855 
 157      54C229B4 
 158 03a1 E6D4A59F 		.ascii	"\346\324\245\237\244\015FC\340?F\303wb4\304+\201\272"
 158      A40D4643 
 158      E03F46C3 
 158      776234C4 
 158      2B81BA
 159 03b4 736CB3D1 		.ascii	"sl\263\321\320\273:\032\2245\335=N\365\2344+^v2\270"
 159      D0BB3A1A 
 159      9435DD3D 
 159      4EF59C34 
 159      2B5E7632 
 160 03c9 4AC66AF2 		.ascii	"J\306j\362\254(\010p\272\234\301D\362\254\270&\272\343"
 160      AC280870 
 160      BA9CC144 
 160      F2ACB826 
 160      BAE3
 161 03db 7AC2AC88 		.ascii	"z\302\254\210\006\177\3567\257\216\2011\221\274\033"
 161      067FEE37 
 161      AF8E8131 
 161      91BC1B
 162 03ea 620CACEF 		.ascii	"b\014\254\357\371\311x\317\223sv\037{\276\241\355\262"
 162      F9C978CF 
 162      9373761F 
 162      7BBEA1ED 
 162      B2
 163 03fb 4A9C033C 		.ascii	"J\234\003<\023#\376\0232!?K\232]\236\303\324[\370l\364"
 163      1323FE13 
 163      32213F4B 
 163      9A5D9EC3 
 163      D45BF86C 
 164 0410 3AE0C405 		.ascii	":\340\304\005\312>z\331\226\237o\303?{\231\263\324\351"
 164      CA3E7AD9 
 164      969F6FC3 
 164      3F7B99B3 
 164      D4E9
 165 0422 F66EDBF1 		.ascii	"\366n\333\361\222\315\355\265\331\335.\227\273\002w"
 165      92CDEDB5 
 165      D9DD2E97 
 165      BB0277
 166 0431 E5CE529B 		.ascii	"\345\316R\233\327cG\265\313\341\262\273=\216|;\223\275"
 166      D76347B5 
 166      CBE1B2BB 
 166      3D8E7C3B 
 166      93BD
 167 0443 CEB71C4A 		.ascii	"\316\267\034JI\271so\005T*\373K\312\3679\266o\342\244"
 167      49B9736F 
 167      05542AFB 
ARM GAS  C:\Users\8FEE~1\AppData\Local\Temp\cc3cKSPD.s 			page 13


 167      4BCAF739 
 167      B66FE2A4 
 168 0457 D2EDA9F2 		.ascii	"\322\355\251\362\332v\355)\334]x\000-\310I\361\376\035"
 168      DA76ED29 
 168      DC5D7800 
 168      2DC849F1 
 168      FE1D
 169 0469 AEFC32B6 		.ascii	"\256\3742\266s\023\224\343@\225mwa\321kE6g\205\275|"
 169      731394E3 
 169      40956D77 
 169      61D16B45 
 169      366785BD 
 170 047e DF1B0E9B 		.ascii	"\337\033\016\233\335\345uz\213\367\332\355\210\314\335"
 170      DDE5757A 
 170      8BF7DAED 
 170      88CCDD
 171 048d 08E9A97A 		.ascii	"\010\351\251zj[\346=\350E\273\214\302\242=\326\322\022"
 171      6A5BE63D 
 171      E845BB8C 
 171      C2A23DD6 
 171      D212
 172 049f AFA3D2E3 		.ascii	"\257\243\322\343|\301\232\363\"\223<\314\200\221\270"
 172      7CC19AF3 
 172      22933CCC 
 172      8091B8
 173 04ae 3D07D9BF 		.ascii	"=\007\331\277J\310\233\201"
 173      4AC89B81 
 174              		.text
 175              		.section	.gnu.lto_chCoreGetStatusX.8abf99e4,"",%progbits
 176 0000 789C6550 		.ascii	"x\234eP\273N\002A\024\275wf\227]H\344\007\244\240\245"
 176      BB4E0241 
 176      14BD7766 
 176      975D48E4 
 176      07A4A0A5 
 177 0014 61434CF4 		.ascii	"aCL\364\037\374\0146$\222\270n\002\037\300\210\017\242"
 177      1FFC0C36 
 177      2492B86E 
 177      021FC088 
 177      0FA2
 178 0026 266AE382 		.ascii	"&j\343\202\017\262\005\005\202\017\324\216\302\204\030"
 178      0FB20505 
 178      820FD48E 
 178      C28418
 179 0035 ED7C9258 		.ascii	"\355|\222X\331i\205\321Bc\251\340\275Yb!\311\316\314"
 179      D96985D1 
 179      4263A9E0 
 179      BD596221 
 179      C9CECC
 180 0048 3D67EE9C 		.ascii	"=g\356\234s\356\352 \300C\200\011\000\030\247\205\022"
 180      73EEEA20 
 180      C0438009 
 180      0018A785 
 180      12
 181 0059 506CDE02 		.ascii	"Pl\336\002\314\233\002\221\013e\"\024\004\026pC\226"
 181      CC9B0291 
 181      0B652214 
 181      04167043 
ARM GAS  C:\Users\8FEE~1\AppData\Local\Temp\cc3cKSPD.s 			page 14


 181      96
 182 006a 253E2C9E 		.ascii	"%>,\236\354\311u\351S\233F\360\343f\347%\312\0201Np"
 182      ECC975E9 
 182      539B46F0 
 182      E366E725 
 182      CA10314E 
 183 007f 5775578C 		.ascii	"WuW\214D]\251\242\352\224\277\"\225\263{\025\366\245"
 183      445DA9A2 
 183      EA94BF22 
 183      95B37B15 
 183      F6A5
 184 0091 806D6ADF 		.ascii	"\200mj\337\307\030\3261\306\036\015L\000u?\237\366\267"
 184      C718D631 
 184      C61E0D4C 
 184      00753F9F 
 184      F6B7
 185 00a3 C6421ADF 		.ascii	"\306B\032\337\022\331\304\020\345\200V\027;\252?(\251"
 185      12D9C410 
 185      E5805617 
 185      3BAA3F28 
 185      A9
 186 00b4 CE770D07 		.ascii	"\316w\015\007\323\246\000_JI\233\246q\245s\025\342\315"
 186      D3A6005F 
 186      4A499BA6 
 186      71A57315 
 186      E2CD
 187 00c6 00568655 		.ascii	"\000V\206Uz\3141\327\010\320){X\364z\347WQ\326\253J"
 187      7ACC31D7 
 187      08D0297B 
 187      58F47AE7 
 187      5751D6AB 
 188 00db 4136DED2 		.ascii	"A6\336\322\305\235\301\031ud\327v\373\355\311(\374("
 188      C59DC119 
 188      7564D776 
 188      FBEDC928 
 188      FC28
 189 00ed 93881A3B 		.ascii	"\223\210\032;\023\367z\375x\031\361\261\212\344\200"
 189      13F77AFD 
 189      7819F1B1 
 189      8AE480
 190 00fc 8734EB01 		.ascii	"\2074\353\001\007\305#\364\021H\360\263\204\201\234"
 190      07C523F4 
 190      1148F0B3 
 190      84819C
 191 010b 244526BC 		.ascii	"$E&\274p\200\265\021=\034\325;\376\323k\375\327\323"
 191      7080B511 
 191      3D1CD53B 
 191      FED36BFD 
 191      D7D3
 192 011d 49828885 		.ascii	"I\202\210\205\312\362\220\010<\364\240\251!\003\322"
 192      CAF29008 
 192      3CF4A0A9 
 192      2103D2
 193 012c 201EDEB1 		.ascii	" \036\336\261\030\037B\312Lc#\217K? \225LZ\364\3313"
 193      181F42CA 
 193      4C63238F 
 193      4B3F2095 
ARM GAS  C:\Users\8FEE~1\AppData\Local\Temp\cc3cKSPD.s 			page 15


 193      4C5AF4D9 
 194 0141 D974D6CD 		.ascii	"\331t\326\315\247\246&-7o\331\256\343\270sT\315f\323"
 194      A7A6262D 
 194      376FD9AE 
 194      E3B87354 
 194      CD66D3
 195 0154 563E67D3 		.ascii	"V>g\323\265\223ql7\227I\332\360\013\351g\215^"
 195      B593716C 
 195      379749DA 
 195      F00BE967 
 195      8D5E
 196              		.text
 197              		.section	.gnu.lto_.symbol_nodes.8abf99e4,"",%progbits
 198 0000 789C55CB 		.ascii	"x\234U\313\311\015\200@\014CQ\317\217\322\007\242\023"
 198      C90D8040 
 198      0C4351CF 
 198      8FD207A2 
 198      13
 199 0011 FAA1878C 		.ascii	"\372\241\207\214\330\271Q\017EP\023A\234\306\027KO\266"
 199      D8B9510F 
 199      45501341 
 199      9CC6174B 
 199      4FB6
 200 0023 0B8DCAB0 		.ascii	"\013\215\312\260\020\322\365HYw\035$\237P\355%\363\203"
 200      10D2F548 
 200      59771D24 
 200      9F50ED25 
 200      F383
 201 0035 D2E5C467 		.ascii	"\322\345\304g\370\341\304>`%J\363a#he'\254\021\275u"
 201      F8E1C43E 
 201      60254AF3 
 201      61236865 
 201      27AC11BD 
 202 004a 7315BE   		.ascii	"s\025\276"
 203              		.text
 204              		.section	.gnu.lto_.refs.8abf99e4,"",%progbits
 205 0000 789C05C1 		.ascii	"x\234\005\301\261\021\300 \000\003\261\177\033H\221"
 205      B111C020 
 205      0003B17F 
 205      1B4891
 206 000f A3A1618A 		.ascii	"\243\241a\212\354\277^\244I\370\200\201\232h\223\221"
 206      ECBF5EA4 
 206      49F88081 
 206      9A689391 
 207 001f 4E5C74EB 		.ascii	"N\\t\353\351\302\227\036\275y\250X~\026\333\000\326"
 207      E9C2971E 
 207      BD79A858 
 207      7E16DB00 
 207      D6
 208              		.text
 209              		.section	.gnu.lto_.decls.8abf99e4,"",%progbits
 210 0000 789CBD56 		.ascii	"x\234\275VmLTW\032\276g\3560\003\227\231\221P\263\361"
 210      6D4C5457 
 210      1ABE67EE 
 210      30039799 
 210      9150B3F1 
 211 0014 079B2524 		.ascii	"\007\233%$\015\356\217\016R\263\322n\232\246\256\331"
ARM GAS  C:\Users\8FEE~1\AppData\Local\Temp\cc3cKSPD.s 			page 16


 211      0DEE8F0E 
 211      52B3D26E 
 211      9AA6AED9 
 212 0024 2D26EBDA 		.ascii	"-&\353\332\224\265\351\217in\206\341V&\205\031\313\014"
 212      94B5E98F 
 212      696E86E1 
 212      56268519 
 212      CB0C
 213 0036 6D6936E9 		.ascii	"mi6\351\005\305%\200\210\237\005\244u\024KA@\006\241"
 213      05C52580 
 213      889F05A4 
 213      75144B41 
 213      4006A1
 214 0049 52A5E840 		.ascii	"R\245\350@\221\025\004\371\022\255\037|h\021\267\240"
 214      911504F9 
 214      12AD1F7C 
 214      6811B7A0 
 215 0059 96012D22 		.ascii	"\226\001-\"R\366=\347\334\341^G`\377l\366\206w8\347"
 215      52F63DE7 
 215      DCE15E47 
 215      60FF6CF6 
 215      867738E7 
 216 006d DCF73CCF 		.ascii	"\334\367<\317\363\276\347=\347\334\000F\305\324\007"
 216      F3BEE73D 
 216      E7DC0046 
 216      C5D407
 217 007c 33CC6B2C 		.ascii	"3\314k,\303d!\206\231\207'\200a\230*F~\324`'\300\316"
 217      C3642186 
 217      99872780 
 217      61982A46 
 217      7ED46027 
 218 0092 807D0776 		.ascii	"\200}\007vN\032k\007\353\004\353\002\353a\236}\336\003"
 218      4E1A6B07 
 218      EB04EB02 
 218      EB619E7D 
 218      DE03
 219 00a4 2C8CF30E 		.ascii	",\214\363\016X\007X/X\033X\237\364\036I\230\377\015"
 219      5807582F 
 219      581B589F 
 219      F41E4998 
 219      FF0D
 220 00b6 27151CB5 		.ascii	"'\025\034\265\360?\024l%\330\026\260z\260\315\022^\257"
 220      F03F146C 
 220      25D816B0 
 220      7AB0CD12 
 220      5EAF
 221 00c8 020FEB83 		.ascii	"\002\017\353\2030\230\333\022f\227\037V\0328q\313`\375"
 221      3098DB12 
 221      66971F56 
 221      1A3871CB 
 221      60FD
 222 00da 04760FCC 		.ascii	"\004v\017\314\253\300\325J1O\201=\002\233\225x\346\300"
 222      ABC0D54A 
 222      314F813D 
 222      029B9578 
 222      E6C0
 223 00ec E6C1544B 		.ascii	"\346\301TKp}\006\\\032\005W\275\304\361\226\237\346"
ARM GAS  C:\Users\8FEE~1\AppData\Local\Temp\cc3cKSPD.s 			page 17


 223      707D065C 
 223      1A0557BD 
 223      C4F1969F 
 223      E6
 224 00fd 73124697 		.ascii	"s\022F\227\204\243|>g\321\251]-\215\252At\023\201\017"
 224      84A37C3E 
 224      67D1A95D 
 224      2D8DAA41 
 224      7413810F 
 225 0111 0AA1B310 		.ascii	"\012\241\263\020\375E\304Hw\336\367 D\306aTE~\251#\031"
 225      FD45C448 
 225      77DEF720 
 225      44C66154 
 225      457EA923 
 226 0126 42BE1952 		.ascii	"B\276\031R_%uU\022$\371\223&#\005\"}M\231|\017\325N"
 226      5F257555 
 226      1224F993 
 226      26230522 
 226      7D4D997C 
 227 013d 1B649A6F 		.ascii	"\033d\232o6R\311\004\010)'(\000\251l\351\375\202>F\016"
 227      3652C904 
 227      08292728 
 227      00A96CE9 
 227      FD823E46 
 228 0152 0EF9A2F7 		.ascii	"\016\371\242\367\026v\214rCh\000\217\272\336@dl\254"
 228      16768C72 
 228      4368008F 
 228      BADE4064 
 228      6CAC
 229 0164 E6E61103 		.ascii	"\346\346\021\003\253B\270=4S\366\027c\245H\237\300\337"
 229      AB42B83D 
 229      3453F617 
 229      63A5489F 
 229      C0DF
 230 0176 CA693B3F 		.ascii	"\312i;??\355Y\221\307\242P\016\251\240\333;\321\361"
 230      3FED5991 
 230      C7A2500E 
 230      A9A0DB3B 
 230      D1F1
 231 0188 45307457 		.ascii	"E0tWr(\004\272\217\323\373\233\270U\007\311\254\355"
 231      722804BA 
 231      8FD3FB9B 
 231      B85507C9 
 231      ACED
 232 019a 62880ABD 		.ascii	"b\210\012\275\363\033T\211\302P\005\012\003\362*\264"
 232      F31B5489 
 232      C250050A 
 232      03F22AB4 
 233 01aa 0A7EE3D5 		.ascii	"\012~\343\325\024i\300\365u\255&\302%\272\206E\317\364"
 233      1469C0F5 
 233      75AD26C2 
 233      25BA8645 
 233      CFF4
 234 01bc EDC85B27 		.ascii	"\355\310['E1\023\246\251\261\033*G,:\216\214X24\341"
 234      453113A6 
 234      A9B11B2A 
 234      472C3A8E 
ARM GAS  C:\Users\8FEE~1\AppData\Local\Temp\cc3cKSPD.s 			page 18


 234      8C583234 
 235 01d1 B70C0D21 		.ascii	"\267\014\015!\3645\032\204\200N\240\010\230\356\356"
 235      F4351A84 
 235      804EA008 
 235      98EEEE
 236 01e0 CD6A33B0 		.ascii	"\315j3\260\261D\355\211\312Y7\247\306\013\271\231\303"
 236      B144ED89 
 236      CA5937A7 
 236      C60BB999 
 236      C3
 237 01f1 F818FD42 		.ascii	"\370\030\375By\005\013\302`\000\347f\005\014U\337;="
 237      79050BC2 
 237      6000E766 
 237      050C55DF 
 237      3B3D
 238 0203 A3A743D8 		.ascii	"\243\247C\330\343\330\314\317\365:\326D\332=;\334\305"
 238      E3D8CCCF 
 238      F53AD644 
 238      DA3D3BDC 
 238      C5
 239 0214 2C8D4A8D 		.ascii	",\215J\215\263\323Y\364\243\201F\025\3769\253\352i\274"
 239      B3D359F4 
 239      A3814615 
 239      FE39ABEA 
 239      69BC
 240 0226 7F2B10AD 		.ascii	"\177+\020\255\346JqX\236\241\342\210\206AQ\014G\365"
 240      E64A7158 
 240      9EA1E288 
 240      8641510C 
 240      47F5
 241 0238 8843B5B2 		.ascii	"\210C\265\262\316\315x\003d\211b\206\230\277]\014\212"
 241      CECD7803 
 241      64896286 
 241      98BF5D0C 
 241      8A
 242 0249 65D03710 		.ascii	"e\3207\020x\035\004\216N\241\325\230\024\373\241\223"
 242      781D048E 
 242      4EA1D598 
 242      14FBA193 
 243 0259 30580383 		.ascii	"0X\003\203\30022Q0\256'\2521\222\033\021\335\227\253"
 243      C0323251 
 243      30AE27AA 
 243      31921B11 
 243      DD97AB
 244 026c CE970628 		.ascii	"\316\227\006(3\270E\247\310\340i\222\301o\221\224\302"
 244      33B845A7 
 244      C8E06992 
 244      C16F9194 
 244      C2
 245 027d DEFD054F 		.ascii	"\336\375\005O8H\3410NaF\214\227\2460C\215\375P\265,"
 245      3848E130 
 245      4E61468C 
 245      97A63043 
 245      8DFD50B5 
 246 0292 ADDA3F85 		.ascii	"\255\332?\205gH\012'\263K\356\351\331ADR\220;\277\327"
 246      67480A27 
 246      B34BEEE9 
ARM GAS  C:\Users\8FEE~1\AppData\Local\Temp\cc3cKSPD.s 			page 19


 246      D9414452 
 246      903BBFD7 
 247 02a6 B542C26A 		.ascii	"\265B\302j\377}\241\350\311\000\005*\202\324 #5\370"
 247      FF7DA1E8 
 247      C900052A 
 247      82D42023 
 247      35F8
 248 02b8 237D4790 		.ascii	"#}G\220\252\275\356CZ\326K\221\0164U\247k\225!\340\360"
 248      AABDEE43 
 248      5AD64B91 
 248      0E3455A7 
 248      6B9521E0 
 249 02cd E418CE3E 		.ascii	"\344\030\316>S\005\273\233\373]\254T\005W*B\366l\027"
 249      5305BB9B 
 249      FB5DAC54 
 249      05572A42 
 249      F66C17
 250 02e0 CB609A4B 		.ascii	"\313`\232K\205\335P\243L\334\350O|\216\020\217\345<"
 250      85DD50A3 
 250      4CDCE84F 
 250      7C8E108F 
 250      E53C
 251 02f2 AA55B119 		.ascii	"\252U\261\031\264h\2533G\312\003a\331\302`\315\221b"
 251      B468AB33 
 251      47CA0361 
 251      D9C260CD 
 251      9162
 252 0304 C1C3E882 		.ascii	"\301\303\350\202\327y\246\252\324l6\361U\235\252\033"
 252      D779A6AA 
 252      D46C36F1 
 252      559DAA1B 
 253 0314 29E216D6 		.ascii	")\342\026\326\364n\2731\363\2378\334\363 \365{\2315"
 253      F46EBB31 
 253      F39F38DC 
 253      F320F57B 
 253      9935
 254 0326 6C614D27 		.ascii	"laM'\216\212\354*\006\255\015Ck`E[`E\303\244\025m\206"
 254      8E8AEC2A 
 254      06AD0D43 
 254      6B60455B 
 254      6045C3A4 
 255 033d C89AE88A 		.ascii	"\310\232\350\212\226\037.k\321\263{X\302Px\240\251\316"
 255      961F2E6B 
 255      D1B37B58 
 255      C25078A0 
 255      A9CE
 256 034f B0C0D035 		.ascii	"\260\300\3205\036Q\233\211\031.\000C\253\314\000\204"
 256      1E519B89 
 256      192E0043 
 256      ABCC0084 
 257 035f 8B53FC6B 		.ascii	"\213S\374kq\212\276\331\275^\225.{\241\314\010\236\257"
 257      718ABED9 
 257      BD5E952E 
 257      7BA1CC08 
 257      9EAF
 258 0371 D218D486 		.ascii	"\322\030\324\206t\322F\035\313\363\324\350^,\021\305"
 258      74D2461D 
ARM GAS  C:\Users\8FEE~1\AppData\Local\Temp\cc3cKSPD.s 			page 20


 258      CBF3D4E8 
 258      5E2C11C5 
 259 0381 66BCBD7E 		.ascii	"f\274\275~W\016\265\021\204_#\017%WL\362\220\334\266"
 259      570EB511 
 259      845F230F 
 259      25574CF2 
 259      90DCB6
 260 0394 A31761DA 		.ascii	"\243\027a\332\325\221\272\032\304\346\250I\306\016\237"
 260      D591BA1A 
 260      C4E6A849 
 260      C60E9F
 261 03a3 EFCF0C0A 		.ascii	"\357\317\014\012\315\307\001\344\343\212\307d\344,\351"
 261      CDC701E4 
 261      E38AC764 
 261      E42CE9
 262 03b2 40A10B27 		.ascii	"@\241\013'\302\215+G\257\005\003\3210Dy\251h\345^\321"
 262      C28D2B47 
 262      AF0503D1 
 262      304479A9 
 262      68E55ED1 
 263 03c6 B50ABF47 		.ascii	"\265\012\277G\0271*v&\015\324I\340\275\007\256\355c"
 263      17312A76 
 263      260DD449 
 263      E0BD07AE 
 263      ED63
 264 03d8 D9420A7F 		.ascii	"\331B\012\177\362pn\272Z\222\330Z\020\272w\273\030K"
 264      F2706EBA 
 264      5A92D85A 
 264      10BA77BB 
 264      184B
 265 03ea 145E7A4E 		.ascii	"\024^zN\341%\002\321E \036eO\335\321\263.\0121\265\323"
 265      E12502D1 
 265      45201E65 
 265      4FDDD1B3 
 265      2E0A31B5 
 266 03ff DD182091 		.ascii	"\335\030 \221_Q\220w\373\310I\003\365\220\231MC\375"
 266      5F519077 
 266      FBC84903 
 266      F590994D 
 266      43FD
 267 0411 BBF4CADC 		.ascii	"\273\364\312\334a2\231\244\227\346\016\377\007\347\222"
 267      613299A4 
 267      97E60EFF 
 267      07E792
 268 0420 DE3B2252 		.ascii	"\336;\"R:cX\331\271Or\356#\316\373\012\2567\006\261"
 268      3A6358D9 
 268      B94F72EE 
 268      23CEFB0A 
 268      AE3706B1 
 269 0434 555493F7 		.ascii	"UT\223\367\351\027\365A\3640Y\011\335\271\241\374|-"
 269      E917F541 
 269      F4305909 
 269      DDB9A1FC 
 269      7C2D
 270 0446 3D4C5CB8 		.ascii	"=L\\\270*\217tN\035\344\330\006\352\373\360\364\316"
 270      2A8F744E 
 270      1DE4D806 
ARM GAS  C:\Users\8FEE~1\AppData\Local\Temp\cc3cKSPD.s 			page 21


 270      EAFBF0F4 
 270      CE
 271 0457 2706EAFB 		.ascii	"'\006\352\373\002t+\262fD\003\227E\022NHC\225\213{\015"
 271      02742BB2 
 271      66440397 
 271      45124E48 
 271      43958B7B 
 272 046c 671F4585 		.ascii	"g\037E\205\241\037h-\364?n|\242c[\010\222z\270dr\\\203"
 272      A11F682D 
 272      F43F6E7C 
 272      A2635B08 
 272      927AB864 
 273 0483 568721C4 		.ascii	"V\207!\304\201\225\372\216n\006\316x\016]\227\322\001"
 273      8195FA8E 
 273      6E06CE78 
 273      0E5D97D2 
 273      01
 274 0494 4F9108F0 		.ascii	"O\221\010\360\023\237\341\341\305\312\356\006\224\335"
 274      139FE1E1 
 274      C5CAEE06 
 274      94DD
 275 04a2 00E11904 		.ascii	"\000\341\031\004\336\233@T$\006\222\021\274\324\236"
 275      DE9B4054 
 275      24069211 
 275      BCD49E
 276 04b1 9CCA4065 		.ascii	"\234\312@e=`\354+\340\327O\364\015\341\252\240*\261"
 276      3D60EC2B 
 276      E0D74FF4 
 276      0DE1AAA0 
 276      2AB1
 277 04c3 777EE791 		.ascii	"w~\347\221CA\234\304\221\265,\007xw\234\034\031\323"
 277      43419CC4 
 277      91B52C07 
 277      78779C1C 
 277      19D3
 278 04d5 29B18797 		.ascii	")\261\207\227\303>\324\276\177\227\006\326\275\333\003"
 278      C33ED4BE 
 278      7F9706D6 
 278      BDDB03
 279 04e4 A5F3A526 		.ascii	"\245\363\245&\335\345I\017G\267`\205\256B\355\300\351"
 279      DDE5490F 
 279      47B76085 
 279      AE42EDC0 
 279      E9
 280 04f5 A6987919 		.ascii	"\246\230y\031F\376\016\227\366mR\003\276{!\362\371{"
 280      46FE0E97 
 280      F66D5203 
 280      BE7B21F2 
 280      F97B
 281 0507 21921E13 		.ascii	"!\222\036\023\275\273'\217i\33165\335\304\355W\233\325"
 281      BDBB278F 
 281      69D93635 
 281      DDC4ED57 
 281      9BD5
 282 0519 8A63E2F5 		.ascii	"\212c\342\365\302I,\356.h\273#o\342\310%\217\376Q\010"
 282      C2492CEE 
 282      2E68BB23 
ARM GAS  C:\Users\8FEE~1\AppData\Local\Temp\cc3cKSPD.s 			page 22


 282      6FE2C825 
 282      8FFE5108 
 283 052d 3552DAC5 		.ascii	"5R\332\305#0\370\243tP\034\333sT\303^\246\034\255go"
 283      2330F8A3 
 283      74501CDB 
 283      7354C35E 
 283      A61CAD67 
 284 0542 FCA046DC 		.ascii	"\374\240F\334\352E\001\306\026\001X8QZ\311\211\362\023"
 284      EA4501C6 
 284      16015838 
 284      515AC989 
 284      F213
 285 0554 88F9B72C 		.ascii	"\210\371\267,\346.\311\021\036\005\242\354S}\203\352"
 285      E62EC911 
 285      1E05A2EC 
 285      537D83EA 
 286 0564 250B6ADC 		.ascii	"%\013j\334WPk\210\252\334\373=\005:\377\345\225\017"
 286      57506B88 
 286      AADCFB3D 
 286      053AFFE5 
 286      950F
 287 0576 EE7B6409 		.ascii	"\356{d\011\306)<t\360\0256[uF*_\015t\247\253]\227\364"
 287      C6293C74 
 287      F015365B 
 287      75462A5F 
 287      0D74A7AB 
 288 058d 4BB23DF0 		.ascii	"K\262=\360\261\335\247Ix\230\2359-]\272Z\350\226\215"
 288      B1DDA749 
 288      78989D39 
 288      2D5DBA5A 
 288      E8968D
 289 05a0 16E7E9E8 		.ascii	"\026\347\351\350>y\005\327Zwe\253\336_\314\004\200\375"
 289      3E7905D7 
 289      5A7765AB 
 289      DE5FCC04 
 289      80FD
 290 05b2 4CC0BC44 		.ascii	"L\300\274D\314\003*\306K\304\344f\036O\327\262\003t"
 290      CC032AC6 
 290      4BC4E466 
 290      1E4FD7B2 
 290      0374
 291 05c4 63B5ED2F 		.ascii	"c\265\355/\335\257\203{\305\003\367\312l1\373\240b\247"
 291      DDAF837B 
 291      C503F7CA 
 291      6C31FBA0 
 291      62A7
 292 05d6 D80DF74A 		.ascii	"\330\015\367J,\371\012A\223r\272&\375/\226)r\261\224"
 292      2CF90A41 
 292      9372BA26 
 292      FD2F9629 
 292      72B194
 293 05e9 4E3FCE31 		.ascii	"N?\3161\260\273\003\010X\346\334\344\260A\002\273X\301"
 293      B0BB0308 
 293      58E6DCE4 
 293      B04102BB 
 293      58C1
 294 05fb 1EAF1D11 		.ascii	"\036\257\035\021E8\031v \372\261\362PF{\350\217\366"
ARM GAS  C:\Users\8FEE~1\AppData\Local\Temp\cc3cKSPD.s 			page 23


 294      45381976 
 294      20FAB1F2 
 294      50467BE8 
 294      8FF6
 295 060d 88A05D1D 		.ascii	"\210\240]\035mN`\273(\330\361\252/\335\006v\200vr\232"
 295      6D4E60BB 
 295      28D8F1AA 
 295      2FDD0676 
 295      8076729A 
 296 0621 BF2FD6C0 		.ascii	"\277/\326\3007\000\232&;\024F\232g\206B\310G\001^V\372"
 296      37009A26 
 296      3B14469A 
 296      678642C8 
 296      47015E56 
 297 0636 2DD3E2AE 		.ascii	"-\323\342\256\2303,\371U\365\204\334\2473\276o\202\321"
 297      98332CF9 
 297      55F584DC 
 297      A733BE6F 
 297      82D1
 298 0648 4307DDC1 		.ascii	"C\007\335\301\222\326\241F6\257|0Wt\245\213o\\PaO\364"
 298      92D6A146 
 298      36AF7C30 
 298      5774A58B 
 298      6F5C5061 
 299 065e 8B4F2B7A 		.ascii	"\213O+z\014\352\177\361\227;K\344v?h\310\015f\277\322"
 299      0CEA7FF1 
 299      973B4BE4 
 299      763F68C8 
 299      0D66BFD2 
 300 0672 1089653B 		.ascii	"\020\211e;\362\3465\022\340|1\233\275\353\"\005\214"
 300      F2E63512 
 300      E07C319B 
 300      BDEB2205 
 300      8C
 301 0683 25B13F95 		.ascii	"%\261?\225c\177\352\0176G\300\206\017\337\335\247gk"
 301      637FEA0F 
 301      3647C086 
 301      0FDFDDA7 
 301      676B
 302 0695 28D8C5B3 		.ascii	"(\330\305\263%\375\001r&\257\373e\362W\031\355W\177"
 302      25FD0172 
 302      26AFFB65 
 302      F25719ED 
 302      577F
 303 06a7 B47914C1 		.ascii	"\264y\024\301p\274\305\236\"\360V\233\325\031\370\346"
 303      70BCC59E 
 303      22F0569B 
 303      D519F8E6 
 304 06b7 DFB6846F 		.ascii	"\337\266\204o\210\216f\242\215\306(\370\263$Z\343\255"
 304      888E66A2 
 304      8DC628F8 
 304      B3245AE3 
 304      AD
 305 06c8 764774CC 		.ascii	"vGt\314\272(\273#\312bON\266\333\240\225d\215\217r\244"
 305      BA28BB23 
 305      CA624F4E 
 305      B6DBA095 
ARM GAS  C:\Users\8FEE~1\AppData\Local\Temp\cc3cKSPD.s 			page 24


 305      648D8F72 
 306 06dd 58E075B2 		.ascii	"X\340u\262\220\214'\033-\314\013\226\304\015\320Z\237"
 306      908C271B 
 306      2DCC0B96 
 306      C40DD05A 
 306      9F
 307 06ee 9464B7AC 		.ascii	"\224d\267\254O\262n\265\011\011\0335\016\353\247\002"
 307      4FB26EB5 
 307      09091B35 
 307      0EEBA702 
 308 06fe EFFC34E1 		.ascii	"\357\3744\341\217&\202\344p\246&X\355\374\266\024\341"
 308      8F2682E4 
 308      70A62658 
 308      EDFCB614 
 308      E1
 309 070f 23ABF071 		.ascii	"#\253\360q\364\253\312Q\223\323nOr\230\266\332R\303"
 309      F4ABCA51 
 309      93D36E4F 
 309      7298B6DA 
 309      52C3
 310 0721 492BDC9C 		.ascii	"I+\334\234\222\034.$\307\013\011\011B\202i\235qm\370"
 310      921C2E24 
 310      C70B0909 
 310      4282699D 
 310      716DF8
 311 0734 CB6BA263 		.ascii	"\313k\242c>\2146\001\271i\253\305b\202\367/\331\354"
 311      3E8C3601 
 311      B969ABC5 
 311      6282F72F 
 311      D9EC
 312 0746 36E125C1 		.ascii	"6\341%\301\034o\305\016\306h\223\325fIJM\020L\016'\314"
 312      1C6FC50E 
 312      C66893D5 
 312      66494A4D 
 312      104C0E27 
 313 075b 7ADF98C8 		.ascii	"z\337\230\310\204>\257*\204\016\275)8\343\234fg\252"
 313      843EAF2A 
 313      840EBD29 
 313      38E39C66 
 313      67AA
 314 076d E35DAD4D 		.ascii	"\343]\255M\370\304\011\201\004\361|\252\325\346|\205"
 314      F8C40981 
 314      04F17CAA 
 314      D5E67C85 
 315 077d 77FEE37F 		.ascii	"w\376\343\177*\370Y\241>\211\311f\300\262\011&\036\204"
 315      2AF859A1 
 315      3E89C966 
 315      C0B20926 
 315      1E84
 316 078f 9A53939C 		.ascii	"\232S\223\234\2743m\233\340\000\311ZI\304\207\377\007"
 316      BC336D9B 
 316      E000C95A 
 316      49C487FF 
 316      07
 317 07a0 118E3487 		.ascii	"\021\2164\207\211\207d\001#0\353y>Q0o\343\343\315\016"
 317      89876401 
 317      2330EB79 
ARM GAS  C:\Users\8FEE~1\AppData\Local\Temp\cc3cKSPD.s 			page 25


 317      3E51306F 
 317      E3E3CD0E 
 318 07b4 81E73582 		.ascii	"\201\3475\202-\001\262\242\223\006\241\307\363\340\361"
 318      2D01B2A2 
 318      9306A1C7 
 318      F3E0F1
 319 07c3 7EAACDC2 		.ascii	"~\252\315\302\363\306\2305\353\326\006\372z"
 319      F3C69835 
 319      EBD606FA 
 319      7A
 320 07d0 6A4BA239 		.ascii	"jK\2429\205\243\351[\3732\357\014\3645\202,\211qi\216"
 320      85A3E95B 
 320      FB32EF0C 
 320      F435822C 
 320      8971698E 
 321 07e4 BFDA2D1F 		.ascii	"\277\332-\037D.VP)\316(I\011\274\000-\240!h\233=\305"
 321      442E5650 
 321      29CE2849 
 321      09BC002D 
 321      A021689B 
 322 07fa C9C36A7D 		.ascii	"\311\303j}\360\207eJ\020;9\242\326\277\275i\303\246"
 322      F087654A 
 322      103B39A2 
 322      D6BFBD69 
 322      C3A6
 323 080c 4FC083D4 		.ascii	"O\300\203\324\357G1\3114\006\207\340\344\377\264>\356"
 323      EF4731C9 
 323      340687E0 
 323      E4FFB43E 
 323      EE
 324 081d CF6FBDBD 		.ascii	"\317o\275\275QoN\372\330\234\346\200\332N\202\\\277"
 324      516F4EFA 
 324      D89CE680 
 324      DA4E825C 
 324      BF
 325 082e BA0C2294 		.ascii	"\272\014\"\224@\324\206Mq\033\343dE\311\016\253\203"
 325      40D4864D 
 325      711BE364 
 325      45C90EAB 
 325      83
 326 083f 874A03D4 		.ascii	"\207J\003\324`\022\307\026\033\326\025L\024\246\222"
 326      6012C716 
 326      1BD6154C 
 326      14A692
 327 084e F67F00FA 		.ascii	"\366\177\000\372\235\257L"
 327      9DAF4C
 328              		.text
 329              		.section	.gnu.lto_.symtab.8abf99e4,"",%progbits
 330 0000 5F636F72 		.ascii	"_core_init\000"
 330      655F696E 
 330      697400
 331 000b 00       		.ascii	"\000"
 332 000c 00       		.ascii	"\000"
 333 000d 00       		.ascii	"\000"
 334 000e 00000000 		.ascii	"\000\000\000\000\000\000\000\000"
 334      00000000 
 335 0016 AE000000 		.ascii	"\256\000\000\000"
ARM GAS  C:\Users\8FEE~1\AppData\Local\Temp\cc3cKSPD.s 			page 26


 336 001a 6368436F 		.ascii	"chCoreAllocAlignedI\000"
 336      7265416C 
 336      6C6F6341 
 336      6C69676E 
 336      65644900 
 337 002e 00       		.ascii	"\000"
 338 002f 00       		.ascii	"\000"
 339 0030 00       		.ascii	"\000"
 340 0031 00000000 		.ascii	"\000\000\000\000\000\000\000\000"
 340      00000000 
 341 0039 BA000000 		.ascii	"\272\000\000\000"
 342 003d 6368436F 		.ascii	"chCoreAllocAligned\000"
 342      7265416C 
 342      6C6F6341 
 342      6C69676E 
 342      656400
 343 0050 00       		.ascii	"\000"
 344 0051 00       		.ascii	"\000"
 345 0052 00       		.ascii	"\000"
 346 0053 00000000 		.ascii	"\000\000\000\000\000\000\000\000"
 346      00000000 
 347 005b BC000000 		.ascii	"\274\000\000\000"
 348 005f 6368436F 		.ascii	"chCoreGetStatusX\000"
 348      72654765 
 348      74537461 
 348      74757358 
 348      00
 349 0070 00       		.ascii	"\000"
 350 0071 00       		.ascii	"\000"
 351 0072 00       		.ascii	"\000"
 352 0073 00000000 		.ascii	"\000\000\000\000\000\000\000\000"
 352      00000000 
 353 007b BF000000 		.ascii	"\277\000\000\000"
 354 007f 5F5F6865 		.ascii	"__heap_base__\000"
 354      61705F62 
 354      6173655F 
 354      5F00
 355 008d 00       		.ascii	"\000"
 356 008e 02       		.ascii	"\002"
 357 008f 00       		.ascii	"\000"
 358 0090 00000000 		.ascii	"\000\000\000\000\000\000\000\000"
 358      00000000 
 359 0098 CD000000 		.ascii	"\315\000\000\000"
 360 009c 5F5F6865 		.ascii	"__heap_end__\000"
 360      61705F65 
 360      6E645F5F 
 360      00
 361 00a9 00       		.ascii	"\000"
 362 00aa 02       		.ascii	"\002"
 363 00ab 00       		.ascii	"\000"
 364 00ac 00000000 		.ascii	"\000\000\000\000\000\000\000\000"
 364      00000000 
 365 00b4 D1000000 		.ascii	"\321\000\000\000"
 366              		.text
 367              		.section	.gnu.lto_.opts,"",%progbits
 368 0000 272D666D 		.ascii	"'-fmath-errno' '-fsigned-zeros' '-ftrapping-math' '"
 368      6174682D 
ARM GAS  C:\Users\8FEE~1\AppData\Local\Temp\cc3cKSPD.s 			page 27


 368      6572726E 
 368      6F272027 
 368      2D667369 
 369 0033 2D666E6F 		.ascii	"-fno-trapv' '-fno-openmp' '-fno-openacc' '-mcpu=cor"
 369      2D747261 
 369      70762720 
 369      272D666E 
 369      6F2D6F70 
 370 0066 7465782D 		.ascii	"tex-m7' '-mno-thumb-interwork' '-mthumb' '-ggdb' '-"
 370      6D372720 
 370      272D6D6E 
 370      6F2D7468 
 370      756D622D 
 371 0099 4F322720 		.ascii	"O2' '-fomit-frame-pointer' '-falign-functions=16' '"
 371      272D666F 
 371      6D69742D 
 371      6672616D 
 371      652D706F 
 372 00cc 2D666675 		.ascii	"-ffunction-sections' '-fdata-sections' '-fno-common"
 372      6E637469 
 372      6F6E2D73 
 372      65637469 
 372      6F6E7327 
 373 00ff 2720272D 		.ascii	"' '-flto'\000"
 373      666C746F 
 373      2700
 374              		.text
 375              		.comm	__gnu_lto_v1,1,1
 376              		.comm	__gnu_lto_slim,1,1
 377              		.ident	"GCC: (GNU Tools for ARM Embedded Processors 6-2017-q1-update) 6.3.1 20170215 (release) [AR
ARM GAS  C:\Users\8FEE~1\AppData\Local\Temp\cc3cKSPD.s 			page 28


DEFINED SYMBOLS
                            *ABS*:00000000 chmemcore.c
                            *COM*:00000001 __gnu_lto_v1
                            *COM*:00000001 __gnu_lto_slim

NO UNDEFINED SYMBOLS
