ARM GAS  C:\Users\8FEE~1\AppData\Local\Temp\ccDFW5ei.s 			page 1


   1              		.cpu cortex-m7
   2              		.eabi_attribute 20, 1
   3              		.eabi_attribute 21, 1
   4              		.eabi_attribute 23, 3
   5              		.eabi_attribute 24, 1
   6              		.eabi_attribute 25, 1
   7              		.eabi_attribute 26, 1
   8              		.eabi_attribute 30, 2
   9              		.eabi_attribute 34, 1
  10              		.eabi_attribute 18, 4
  11              		.file	"chmsg.c"
  12              		.text
  13              	.Ltext0:
  14              		.section	.gnu.lto_.profile.8abf8af4,"",%progbits
  15 0000 789C6365 		.ascii	"x\234ce`b`a```d\360S\007\000\001C\000\202"
  15      60626061 
  15      60606064 
  15      F0530700 
  15      01430082 
  16              		.text
  17              		.section	.gnu.lto_.icf.8abf8af4,"",%progbits
  18 0000 789C6365 		.ascii	"x\234ce`b\020a@\000f\206S\357\267\374\340f:8\265\343"
  18      60621061 
  18      40006686 
  18      53EFB7FC 
  18      E0663A38 
  19 0016 1037F393 		.ascii	"\0207\363\223S\023O01\000\000fS\011H"
  19      53134F30 
  19      31000066 
  19      530948
  20              		.text
  21              		.section	.gnu.lto_.jmpfuncs.8abf8af4,"",%progbits
  22 0000 789C6365 		.ascii	"x\234ce`b\010e@\000f\006&FF\346\372z&\306\351\314\214"
  22      60620865 
  22      40006606 
  22      264646E6 
  22      FA7A26C6 
  23 0017 BF5F4CB9 		.ascii	"\277_L\271\311\330\307<\237\231\201\221\207q9\243\014"
  23      C9D8C73C 
  23      9F998191 
  23      877139A3 
  23      0C
  24 0028 03031353 		.ascii	"\003\003\023S%H\025\023\020\201\024\374\275\323\370"
  24      25481513 
  24      108114FC 
  24      BDD3F8
  25 0037 8F09A280 		.ascii	"\217\011\242\200\217q\005H\0013H;##\013T]%#\210\002"
  25      8F710548 
  25      0133483B 
  25      23230B54 
  25      5D252388 
  26 004c 0004C00E 		.ascii	"\000\004\300\016\337"
  26      DF
  27              		.text
  28              		.section	.gnu.lto_.inline.8abf8af4,"",%progbits
  29 0000 789C6365 		.ascii	"x\234ce`b\210c@\000f\006\006\021\031FF\006\005F\006"
  29      60628863 
ARM GAS  C:\Users\8FEE~1\AppData\Local\Temp\ccDFW5ei.s 			page 2


  29      40006606 
  29      06111946 
  29      46060546 
  30 0015 0626F11B 		.ascii	"\006&\361\033\233\031\0318o\2301\201d\230\270\031\030"
  30      9B191938 
  30      6F983181 
  30      6498B819 
  30      18
  31 0026 1821E404 		.ascii	"\030!\344\004?&\006A~ G\342\300nF\006\266\005\362H\012"
  31      3F260641 
  31      7E2047E2 
  31      C06E4606 
  31      B605F248 
  32 003b 98193804 		.ascii	"\230\0318\004\2002,\013\344\341\022\314<@\311\011~\023"
  32      80322C0B 
  32      E4E112CC 
  32      3C40C909 
  32      7E13
  33 004d FC1800EF 		.ascii	"\374\030\000\357\356\012w"
  33      EE0A77
  34              		.text
  35              		.section	.gnu.lto_.pureconst.8abf8af4,"",%progbits
  36 0000 789C6365 		.ascii	"x\234ce`b\340b```f\330\305\310\264\213\221y\027#\000"
  36      6062E062 
  36      60606066 
  36      D8C5C8B4 
  36      8B917917 
  37 0016 0C3D024B 		.ascii	"\014=\002K"
  38              		.text
  39              		.section	.gnu.lto_chMsgSend.8abf8af4,"",%progbits
  40 0000 789C9555 		.ascii	"x\234\225U\353O\024W\024\277g\356\354\316.\273\202\326"
  40      EB4F1457 
  40      14BF67EE 
  40      ECCE2EBB 
  40      82D6
  41 0012 C446639A 		.ascii	"\304Fc\2325-\2456\226\251\211\2254iL\032\277\264\037"
  41      352DA536 
  41      96A98995 
  41      34694C1A 
  41      BFB41F
  42 0025 F8A27F80 		.ascii	"\370\242\177\200\321\225\012\211\353\322]4\2324eX\261"
  42      D1950A89 
  42      EBD25D34 
  42      9A346558 
  42      B1
  43 0036 B4D2525B 		.ascii	"\264\322R[\251\354*t\210\213\217\026D|U\361\201(\212"
  43      A9EC2A74 
  43      888B8F16 
  43      447C55F1 
  43      81288A
  44 0049 2F1E8AA2 		.ascii	"/\036\212\242(V\221\207\200@\372H\023m\265K\317\271"
  44      28569187 
  44      8040FA48 
  44      136DB54B 
  44      CFB9
  45 005b 33202C20 		.ascii	"3 , v\263\0133\367\236s~\347\374~\347\336ca\022\323"
  45      76B30B33 
ARM GAS  C:\Users\8FEE~1\AppData\Local\Temp\ccDFW5ei.s 			page 3


  45      F79E737E 
  45      E7FC7EE7 
  45      DE636112 
  46 0070 ED8CBD0A 		.ascii	"\355\214\275\012\214-`\214\201\205\201\264\245\201\261"
  46      8C2D608C 
  46      818581B4 
  46      A581B1
  47 007f 2C9B24F1 		.ascii	",\233$\361\3328\246\305\310\227\0271\315\311A6\226e"
  47      DA38A6C5 
  47      C8971731 
  47      CDC94136 
  47      9665
  48 0091 007AD06C 		.ascii	"\000z\320l\3002%.C&|\313\0138\\\313\256(\344y\\\347"
  48      C032252E 
  48      43267CCB 
  48      0B385CCB 
  48      AE28E479 
  49 00a7 0C647CFD 		.ascii	"\014d|\375\243~{G,\275\002\270\360\265\263\362\213\001"
  49      A37E7B47 
  49      2CBD02B8 
  49      F0B5B3F2 
  49      8B01
  50 00b9 79EE1E0D 		.ascii	"y\356\036\015?\325\005\367\254\005\0337}\244s\211\205"
  50      3FD505F7 
  50      AC051B37 
  50      7DA47389 
  50      85
  51 00ca D07A2FCC 		.ascii	"\320z/\314\206=0\233\260\177\202\271h{\256\353Y\223"
  51      863D309B 
  51      B07F82B9 
  51      687BAEEB 
  51      5993
  52 00dc 83BF090C 		.ascii	"\203\277\011\014\237\013\367\264\225\330\023viZ@\253"
  52      9F0BF7B4 
  52      95D81376 
  52      695A40AB 
  53 00ec BEBB956B 		.ascii	"\276\273\225ko\350\234\303\317\300G:\342\022\203RH@"
  53      6FE89CC3 
  53      CFC0473A 
  53      E2128352 
  53      4840
  54 00fe F3BA8ACA 		.ascii	"\363\272\212\312[2\237+\\\363\373\272[\342\310\025!"
  54      5B329F2B 
  54      5CF3FBBA 
  54      5BE2C815 
  54      21
  55 010f FBF385AB 		.ascii	"\373\363\205\253\004e\321\256\022\203}\220@\366u\221"
  55      0465D1AE 
  55      12837D90 
  55      40F67591 
  56 011f C38D31FC 		.ascii	"\303\2151\374\035\341[6p\376\2315>,`kw\314\372n\243"
  56      1DE15B36 
  56      70FE9935 
  56      3E2C606B 
  56      77CCFA6E 
  57 0134 76519309 		.ascii	"vQ\223\011\272|\264?}\320\274\375@\344\207)V\031\366"
  57      BA7CB43F 
ARM GAS  C:\Users\8FEE~1\AppData\Local\Temp\ccDFW5ei.s 			page 4


  57      7DD0BCFD 
  57      40E48729 
  57      5619F6
  58 0147 437C9833 		.ascii	"C|\2303\252\012\213\251\000+r\012\264\270\277\011\252"
  58      AA0A8BA9 
  58      002B720A 
  58      B4B8BF09 
  58      AA
  59 0158 B5C8608E 		.ascii	"\265\310`\216V\035\231u\347\257\356i\3231\004.#\223"
  59      561D9975 
  59      E7AFEE69 
  59      D331042E 
  59      2393
  60 016a 886D054A 		.ascii	"\210m\005J^\301\\d\033\376\2618DFNQ\026\333\214?b;\027"
  60      5EC15C64 
  60      1BFEB138 
  60      44464E51 
  60      16DB8C3F 
  61 0181 13C5FFBC 		.ascii	"\023\305\377\274\027\002\307{\217\205\025\212^\304\211"
  61      1702C77B 
  61      8F85158A 
  61      5EC489
  62 0190 F76D9BCE 		.ascii	"\367m\233\3166*D\264Ud^Y\331\337\252d\376\253\331p!"
  62      362A44B4 
  62      55645E59 
  62      D9DFAA64 
  62      FEABD970 
  63 01a5 CC41A4F7 		.ascii	"\314A\244\367\250\256\371\\\214\016E\240s\005\016\242"
  63      A8AEF95C 
  63      8C0E45A0 
  63      73050EA2 
  64 01b5 60072875 		.ascii	"`\007(u\334\310;V\361\225M\335G\024\025\227\343\256"
  64      DCC83B56 
  64      F1954DDD 
  64      47141597 
  64      E3AE
  65 01c7 0D0E810E 		.ascii	"\015\016\201\016An\226u\376\353k%\346\266\213\212?\014"
  65      416E9675 
  65      FEEB6B25 
  65      E6B68B8A 
  65      3F0C
  66 01d9 6A904232 		.ascii	"j\220B28\002*\353\202@\361:Q%\226\202\271\340\202D^"
  66      38022AEB 
  66      8240F13A 
  66      51259682 
  66      B9E08244 
  67 01ee DD27736E 		.ascii	"\335'sn\000\237/\2629R\325\022\2141y\034\254};\324\322"
  67      009F2FB2 
  67      3952D512 
  67      8C31791C 
  67      AC7D3BD4 
  68 0203 A969DF6B 		.ascii	"\251i\337k\210d\207_\3062\011G!\036\235rz\265S2Ud\007"
  68      8864875F 
  68      C6320947 
  68      211E9D72 
  68      7AB55332 
  69 021a 171CC3BD 		.ascii	"\027\034\303\275G\020h\177\234W\321\004\303Tg\013U\267"
ARM GAS  C:\Users\8FEE~1\AppData\Local\Temp\ccDFW5ei.s 			page 5


  69      4710687F 
  69      9C57D104 
  69      C354670B 
  69      55B7
  70 022c 3EB10A9A 		.ascii	">\261\012\232C\034X\324\326\3232\3272\006\225\264'\215"
  70      431C58D4 
  70      D6D332D7 
  70      320695B4 
  70      278D
  71 023e D9AB4D9C 		.ascii	"\331\253M\234IP\014\216\323>\037\241 \203\023`\305D"
  71      49500C8E 
  71      D33E1FA1 
  71      20831360 
  71      C544
  72 0250 4E9276C0 		.ascii	"N\222v\300\032\011q\247~\360I\314\2346\320\265 \262"
  72      1A0971A7 
  72      7EF049CC 
  72      9C36D0B5 
  72      20B2
  73 0262 1043D6FB 		.ascii	"\020C\326\373:Nh6YB\303S0GP\365{\377\215V\011W\240\012"
  73      3A4E6836 
  73      5942C353 
  73      304750F5 
  73      7BFF8D56 
  74 027a 64913383 		.ascii	"d\2213\203\323\342\034\354\255\252\351r\316\3510\275"
  74      D3E21CEC 
  74      ADAAE972 
  74      CEE930BD 
  75 028a 1D64FB67 		.ascii	"\035d\373g\371\301f\207\360\256&o8\0032\221\351\022"
  75      F9C16687 
  75      F0AE266F 
  75      38033291 
  75      E912
  76 029c F5338612 		.ascii	"\3653\206\022o\377{\347oW%*m\244\300F\225\217/\\\376"
  76      6FFF7BE7 
  76      6F57252A 
  76      6DA4C046 
  76      958F2F5C 
  77 02b1 D2896266 		.ascii	"\322\211bf\221h\263t\356D\352\341\254)\350\256\316@"
  77      9168B374 
  77      EE44EAE1 
  77      AC29E8AE 
  77      CE40
  78 02c3 B932ACD8 		.ascii	"\2712\254\330\024\250\021rJ\206\234\327\267hA0\325\376"
  78      14A81172 
  78      4A869CD7 
  78      B7684130 
  78      D5FE
  79 02d5 840EC339 		.ascii	"\204\016\3039\322S\364\352yP\213\270L\320\377\344\014"
  79      D253F4EA 
  79      79508BB8 
  79      4CD0FFE4 
  79      0C
  80 02e6 1C751ADD 		.ascii	"\034u\032\335\245D\241\271\004\230u\002\260X\250\025"
  80      A544A1B9 
  80      04987502 
  80      B058A815 
ARM GAS  C:\Users\8FEE~1\AppData\Local\Temp\ccDFW5ei.s 			page 6


  81 02f6 60B201D6 		.ascii	"`\262\001\326Zr\246\304\201}hl\312p\001;\206\301E\310"
  81      5A72A6C4 
  81      817D686C 
  81      CA70013B 
  81      86C145C8 
  82 030a 14A59AA5 		.ascii	"\024\245\232\245e\225\356(t\232\355\021\331\036\033"
  82      6595EE28 
  82      749AED11 
  82      D91E1B
  83 0319 D2AAB35D 		.ascii	"\322\252\263]\343\034p\321\033\227\206\232,P\374\364"
  83      E31C70D1 
  83      1B97869A 
  83      2C50FCF4 
  84 0329 1B6E06B8 		.ascii	"\033n\006\270\273\343^\304\316\373@0S\263\351L@\031"
  84      BBE35EC4 
  84      CEFB4030 
  84      53B3E94C 
  84      4019
  85 033b 134D86CB 		.ascii	"\023M\206\313\343D\273B\321\024\203\353\373\027\272"
  85      E344BB42 
  85      D11483EB 
  85      FB17BA
  86 034a 429F45F5 		.ascii	"B\237E\365H\3013+'#\2025{L\036\325'u\242O\352E\026C"
  86      48C1332B 
  86      27238235 
  86      7B4C1ED5 
  86      2775A24F 
  87 0362 24C1C46A 		.ascii	"$\301\304j\264\015\3768\2430\014DS\203\240\311b\204"
  87      B40DFE38 
  87      A3300C44 
  87      5383A0C9 
  87      6284
  88 0374 8892C547 		.ascii	"\210\222\305G\3257\222,Vc\037\256\2222\"\321\343\275"
  88      D537922C 
  88      56631FAE 
  88      923222D1 
  88      E3BD
  89 0386 7587CA24 		.ascii	"u\207\312$\202,\342N\364{\230\2375\010\324\0272\314"
  89      822CE24E 
  89      F47B989F 
  89      3508D417 
  89      32CC
  90 0398 C3D7E6C6 		.ascii	"\303\327\346\306\372\240\303H\"\226T\272f&\321}1\277"
  90      FAA0C348 
  90      229654BA 
  90      6626D17D 
  90      31BF
  91 03aa 878F38C4 		.ascii	"\207\2178\304M\002^1\303_GY0\366\266K\213^\276\226\342"
  91      4D025E31 
  91      C35F4759 
  91      30F6B64B 
  91      8B5EBE96 
  92 03bf 1954C68D 		.ascii	"\031T\306\215\311\312h\2462\206pnR\031N\301wo\375\241"
  92      C9CA68A6 
  92      3286706E 
  92      52194EC1 
  92      776FFDA1 
ARM GAS  C:\Users\8FEE~1\AppData\Local\Temp\ccDFW5ei.s 			page 7


  93 03d3 27302E9A 		.ascii	"'0.\232s\\\264\335\202\265[/\200k\007\302k\031I\333"
  93      735CB4DD 
  93      82B55B2F 
  93      806B07C2 
  93      6B1949DB 
  94 03e7 6DC2E306 		.ascii	"m\302\343\006^\303s\274\227 \211\316\024\207;\243Xj"
  94      5EC373BC 
  94      972089CE 
  94      14873BA3 
  94      586A
  95 03f9 35A261EF 		.ascii	"5\242a\357\265\345V\271\305\235G}1\334\312\324)\314"
  95      B5E556B9 
  95      C59D477D 
  95      31DCCAD4 
  95      29CC
  96 040b D0E874D8 		.ascii	"\320\350t\330j\234\036\333\377:=qpW \332\2509\177EQ"
  96      6A9C1EDB 
  96      FF3A3D71 
  96      705720DA 
  96      A8397F45 
  97 0420 3A21FB4E 		.ascii	":!\373N\315\202\347\241\006n\226\226\211\361\032\007"
  97      CD82E7A1 
  97      066E9696 
  97      89F11A07 
  98 0430 B170CF6C 		.ascii	"\261p\317l\343\\L\2526\016\373?\2738\234g!\343\250\021"
  98      E35C4CAA 
  98      360EFB3F 
  98      BB389C67 
  98      21E3A811 
  99 0444 30358494 		.ascii	"05\204\2241\270\217\307\016\261u>M8\311b\224\220Wi\036"
  99      31B88FC7 
  99      0EB1753E 
  99      4D38C962 
  99      94905769 
 100 0459 1FC7EB95 		.ascii	"\037\307\353\225\020\247\346nC/\334x\332\223\177[\364"
 100      10A7E66E 
 100      432FDC78 
 100      DA937F5B 
 100      F4
 101 046a 99059CF0 		.ascii	"\231\005\234\360\000f\353|\272Q\352\225\0160\362sD_"
 101      0066EB7C 
 101      BA51EA95 
 101      0E30F273 
 101      445F
 102 047c 4B3E36C9 		.ascii	"K>6\311\275\324>\321\275\3649\335K\035\244\244\235\230"
 102      BDD43ED1 
 102      BDF439DD 
 102      4B1DA4A4 
 102      9D98
 103 048e E834E7CC 		.ascii	"\3504\347\314k\202e\034\213\01064gF\317\226\205\223"
 103      6B82651C 
 103      8B083634 
 103      6746CF96 
 103      8593
 104 04a0 CD962E31 		.ascii	"\315\226.1[\206/S;\336\357\017_4[\202\212y\356\225Q"
 104      5B862F53 
 104      3BDEEF0F 
ARM GAS  C:\Users\8FEE~1\AppData\Local\Temp\ccDFW5ei.s 			page 8


 104      5F345B82 
 104      8A79EE95 
 105 04b5 E7BE9BCE 		.ascii	"\347\276\233\316\375\230a\363A\032\203\0362\266\215"
 105      FD9861F3 
 105      411A831E 
 105      32B68D
 106 04c4 D9DB9D34 		.ascii	"\331\333\2354\223\260\031\364\216\0356\217\304%\322"
 106      93B019F4 
 106      8E1D368F 
 106      C425D2
 107 04d3 3762D844 		.ascii	"7b\330D\364\007U\216\2419\362P\314\221~1G\242\207\306"
 107      F407558E 
 107      A139F250 
 107      CC917E31 
 107      47A287C6 
 108 04e7 C0F0D0A0 		.ascii	"\300\360\320\240\340l\200Z\263\241\306\354=\007U\274"
 108      E06C805A 
 108      B3A1C6EC 
 108      3D0755BC 
 109 04f7 19E705EA 		.ascii	"\031\347\005\352\214.\257'&\252\370u\247\246\255H\363"
 109      8C2EAF27 
 109      26AAF875 
 109      A7A6AD48 
 109      F3
 110 0508 FAE7272D 		.ascii	"\372\347'-T\275~\325\227\241\372}n\\\364\370W%\272\231"
 110      54BD7ED5 
 110      97A1FA7D 
 110      6E5CF4F8 
 110      5725BA99 
 111 051c 9491CEF1 		.ascii	"\224\221\316\361\211\2733\322-\353\226\257^\233\362"
 111      89BB33D2 
 111      2DEB96AF 
 111      5E9BF2
 112 052b DE784E6E 		.ascii	"\336xNn\257\307\343]\243\246{}\031~\365\303%\311\213"
 112      AFC7E35D 
 112      A3A67B7D 
 112      197EF5C3 
 112      25C98B
 113 053e 93D7A385 		.ascii	"\223\327\243\205\333\353KY\266.\311\223\230\312\336"
 113      DBEB4B59 
 113      B62EC993 
 113      98CADE
 114 054d 7F8157CA 		.ascii	"\177\201W\312\372\014uq\362\322\217\227\252ik\334\253"
 114      FA0C7571 
 114      F2D28F97 
 114      AA696BDC 
 114      AB
 115 055e D7AE4C51 		.ascii	"\327\256LQ\335\036\177\232\177\331*\267\033=\023&Hr"
 115      DD1E7F9A 
 115      7FD92AB7 
 115      1B3D1326 
 115      4872
 116 0570 D836D5BF 		.ascii	"\3306\325\277\301\217vS\223\227.q\255X\356OI\367\245"
 116      C18F7653 
 116      93972E71 
 116      AD58EE4F 
 116      49F7A5
ARM GAS  C:\Users\8FEE~1\AppData\Local\Temp\ccDFW5ei.s 			page 9


 117 0583 CD73C5BF 		.ascii	"\315s\305\277\313$\037S<)\036\257o\003\343\031\237\246"
 117      CB241F53 
 117      3C291EAF 
 117      6F03E319 
 117      9FA6
 118 0595 BF35791C 		.ascii	"\2775y\034w\352J\014\364\037A\033q\021"
 118      77EA4A0C 
 118      F41F411B 
 118      7111
 119              		.text
 120              		.section	.gnu.lto_chMsgWait.8abf8af4,"",%progbits
 121 0000 789C8D55 		.ascii	"x\234\215UYLTW\030>\377=w\346\0163@}2\215%\315\220f"
 121      594C5457 
 121      183EFF3D 
 121      77E60E33 
 121      407D328D 
 122 0018 5A4C0CB7 		.ascii	"ZL\014\267M\\b\322\2076>\365\201\027L\372\320\027##"
 122      4D5C62D2 
 122      87363EF5 
 122      81174CFA 
 122      D0172323 
 123 002c 1112C7A1 		.ascii	"\021\022\307\2413h\364\211\313\200\241\210Q\232ZYF\274"
 123      3368F489 
 123      CB80A188 
 123      519A5A59 
 123      46BC
 124 003e 4468DC0A 		.ascii	"Dh\334\012\".\025\027\004\007p\007AiU\320*\213,\332"
 124      222E1517 
 124      04077007 
 124      416955D0 
 124      2A8B2CDA 
 125 0052 C456A58B 		.ascii	"\304V\245\213:\364\377\317\275 \014\003B\310\205s\316"
 125      3AF4FFCF 
 125      BD200C03 
 125      42C88573 
 125      CE
 126 0063 BF7DDFFF 		.ascii	"\277}\337\377\235\363[\230\304\362b\030[\001\214-c\214"
 126      9DF35B98 
 126      C4F26218 
 126      5B018C2D 
 126      638C
 127 0075 81858154 		.ascii	"\201\205\201T\334\316X\256M\222\370K\205iv9\330\306"
 127      DCCE58AE 
 127      4D92F84B 
 127      85697639 
 127      D8C6
 128 0087 9816CB41 		.ascii	"\230\026\313A6\366e\000\372G\263\001\313\221\270\014"
 128      36F66500 
 128      FA47B301 
 128      CB91B80C 
 129 0097 39B08B97 		.ascii	"9\260\213\227p\350\314\257\333\313wr\2353\220q\371\347"
 129      70E8CCAF 
 129      DBCB7772 
 129      9D339071 
 129      F9E7
 130 00a9 8DF2FE78 		.ascii	"\215\362\376xZ\0028q\031\324\272\012\225\305\0074-\240"
 130      5A023871 
ARM GAS  C:\Users\8FEE~1\AppData\Local\Temp\ccDFW5ei.s 			page 10


 130      19D4BA0A 
 130      95C50734 
 130      2DA0
 131 00bb 35953C50 		.ascii	"5\225<P\202\3657\265\030\235K\254\014\315\017B\002\034"
 131      82F537B5 
 131      189D4BAC 
 131      0CCD0F42 
 131      021C
 132 00cd 8004CA7E 		.ascii	"\200\004\312~\010\0263\264n\031|\335\345\340\037\003"
 132      081633B4 
 132      6E197CDD 
 132      E5E01F03 
 133 00dd FD9F7B24 		.ascii	"\375\237{$\2707\326U%<\333\364E\337\347i\2275\031]\341"
 133      B837D655 
 133      253CDBF4 
 133      45DFE769 
 133      9735195D 
 134 00f2 30F0E9DE 		.ascii	"0\360\351\336\214\314\373\216\205\177\214\263\312p\004"
 134      8CCCFB8E 
 134      857F8CB3 
 134      CA7004
 135 0101 5C141C63 		.ascii	"\\\024\034c\376\014V\004\007\021\241\256\265./\253\327"
 135      FE0C5604 
 135      0711A1AE 
 135      B52E2FAB 
 135      D7
 136 0112 B4C22F66 		.ascii	"\264\302/f\011\0055\340:\332\005MZx\274\000K\376p\337"
 136      090535E0 
 136      3ADA054D 
 136      5A78BC00 
 136      4BFE70DF 
 137 0126 D870916B 		.ascii	"\330p\221k\001gh.\323\307J\037\005?<\206>v\341\340\240"
 137      0167682E 
 137      D3C74A1F 
 137      053F3C86 
 137      3E76E1E0 
 138 013b 4DC6B663 		.ascii	"M\306\266c^\242\250\010\027\370\227\017\202D\245\015"
 138      5EA2A808 
 138      17F8970F 
 138      8244A50D 
 139 014b 9D2BB80D 		.ascii	"\235+\270\015<U\240:\331x\247\324n\226r)\230T\236wm"
 139      3C55A03A 
 139      D978A7D4 
 139      6E967229 
 139      98549E77 
 140 0160 87561958 		.ascii	"\207V\031X\240#\237\265Q\2129\012.t*\030\321\316\313"
 140      A0239FB5 
 140      518A390A 
 140      2E742A18 
 140      D1CECB
 141 0173 C4A90C4E 		.ascii	"\304\251\014N\250\303\263Q\010\364\275\332]\327\005"
 141      A8C3B351 
 141      08F4BDDA 
 141      5DD705
 142 0182 93C0F335 		.ascii	"\223\300\3635\374i\372\341\205\"p\227q`\021G\241\006"
 142      FC69FAE1 
 142      85227097 
ARM GAS  C:\Users\8FEE~1\AppData\Local\Temp\ccDFW5ei.s 			page 11


 142      71601147 
 142      A106
 143 0194 E71A06C7 		.ascii	"\347\032\006\307\350L\232q\026L\012r\312\305\240\236"
 143      E84C9A71 
 143      164C0A72 
 143      CAC5A09E 
 144 01a4 0CF81442 		.ascii	"\014\370\024B\031\034\007+Vr\202\330\004\366\214R\356"
 144      191C072B 
 144      567282D8 
 144      04F68C52 
 144      EE
 145 01b5 D7EBFFB1 		.ascii	"\327\353\377\261'\346J\272V\352\324\271\205\254k\372"
 145      27E64ABA 
 145      56EAD4B9 
 145      85AC6BFA 
 146 01c5 CF6A3619 		.ascii	"\317j6\0319\200\223\220(\032\362\354\351\355\036\011"
 146      39809390 
 146      281AF2EC 
 146      E9ED1E09 
 147 01d5 77E014C8 		.ascii	"w\340\024\310\242h\006\277\010\205\034l\014\015\306"
 147      A26806BF 
 147      08851C6C 
 147      0C0DC6
 148 01e4 26E69BDE 		.ascii	"&\346\233\336V\262\375\253\266\276\333!\274O\22374\200"
 148      56B2FDAB 
 148      B6BEDB21 
 148      BC4F9337 
 148      3480
 149 01f6 CC0621E0 		.ascii	"\314\006!\340\024\00406\002\2013\377\366\205\233\200"
 149      14043036 
 149      028133FF 
 149      F6859B80 
 150 0206 B0557052 		.ascii	"\260UpR\335\236m\027;\024\242D\021H\033\032\236\366"
 150      DD9E6D17 
 150      3B14A244 
 150      11481B1A 
 150      9EF6
 151 0218 28396F34 		.ascii	"(9o4\033nTqC\021\243\327\273[\354:T\200\316mp\026\345"
 151      1B6E5471 
 151      4311A3D7 
 151      BB5BEC3A 
 151      5480CE6D 
 152 022f 7A868AC0 		.ascii	"z\206\212\300\203\235\247\353\012mj\015A\257\354\303"
 152      839DA7EB 
 152      0A6D6A0D 
 152      41AFECC3 
 153 023f D3183807 		.ascii	"\323\0308\007:\224rSI\255;:\253'\216\323H%\347A-EB\261"
 153      3A947253 
 153      49AD3B3A 
 153      AB278ED3 
 153      4825E741 
 154 0257 AE465045 		.ascii	"\256FPE]TG\204\256\302\373\026\316)Q\270\000.,\335\300"
 154      5D544784 
 154      AEC2FB16 
 154      CE2951B8 
 154      002E2CDD 
 155 026c B2F74A77 		.ascii	"\262\367Jw\247\022\321\204\2221\345}22\033(O\353A\223"
ARM GAS  C:\Users\8FEE~1\AppData\Local\Temp\ccDFW5ei.s 			page 12


 155      A712D184 
 155      9231E57D 
 155      32321B28 
 155      4FEB4193 
 156 0280 E84133A1 		.ascii	"\350A3\241\227\247\242\227\004\372\277/]\375.\326@j"
 156      97A7A297 
 156      04FABF2F 
 156      5DFD2ED6 
 156      406A
 157 0292 C71C70D1 		.ascii	"\307\034p\321\004\372\323@\240V1\220<|^\275\260\374"
 157      04FAD340 
 157      A0563190 
 157      3C7C5EBD 
 157      B0FC
 158 02a4 6B9D3B20 		.ascii	"k\235; $\260JFL4\272U\254\225\202\011w\014(d\013\341"
 158      24B04A46 
 158      4C34BA55 
 158      AC958209 
 158      770C2864 
 159 02ba E58601B4 		.ascii	"\345\206\001\264\"d\254\371\277\202CqF\376\230\371%"
 159      2264ACF9 
 159      BF824371 
 159      46FE98F9 
 159      25
 160 02cb AC3CC529 		.ascii	"\254<\305)[[D\266\236\352\346j\0076\212,\016\243\005"
 160      5B5B44B6 
 160      9EEAE66A 
 160      07368A2C 
 160      0EA305
 161 02de 874BA01A 		.ascii	"\207K\240\032\231.C\016\221\373\260\350U\236U\\^\"\203"
 161      992E430E 
 161      91FBB0E8 
 161      559E555C 
 161      5E2283
 162 02f1 0D40FEBD 		.ascii	"\015@\376\275\320R\243\3612f\027d\026ay/\025\376\004"
 162      D052A3F1 
 162      32661764 
 162      1661792F 
 162      15FE04
 163 0304 F22B9FEF 		.ascii	"\362+\237\357\262\320a\204\010b\313P\226\014\256`H<"
 163      B2D06184 
 163      0862CB50 
 163      960CAE60 
 163      483C
 164 0316 78D39B1B 		.ascii	"x\323\233\033\226\210\2568\210\207\253\220\240\363x"
 164      9688AE38 
 164      8887AB90 
 164      A0F378
 165 0325 114416B7 		.ascii	"\021D\026\267\224:2\022\356\2177rX\347\243\246k\321"
 165      943A3212 
 165      EE8F3772 
 165      58E7A3A6 
 165      6BD1
 166 0337 D5E4242D 		.ascii	"\325\344$-]\237EKN\242\366\306\244\224\332'x-\344Fb"
 166      5D9F454B 
 166      4EA2F6C6 
 166      A494DA27 
ARM GAS  C:\Users\8FEE~1\AppData\Local\Temp\ccDFW5ei.s 			page 13


 166      782DE446 
 167 034c 650AAFB9 		.ascii	"e\012\257\271D\317~\211\011z\255\321\350u\022\271\035"
 167      44CF7E89 
 167      097AADD1 
 167      E87512B9 
 167      1D
 168 035d 26B92C92 		.ascii	"&\271,\222\3314\"\366&f`\320i\260:!\331\336\340\203"
 168      D93422F6 
 168      266660D0 
 168      69B03A21 
 168      D9DEE083 
 169 0371 700C3F61 		.ascii	"p\014?a\350&\264\2559\240\314\324/\207\256(\372\275"
 169      E826B4AD 
 169      39A0CCD4 
 169      2F87AE28 
 169      FABD
 170 0383 45FA550C 		.ascii	"E\372U\014\375\336\035n\357\344\221\372}\255X\311\310"
 170      FDDE1D6E 
 170      EFE491FA 
 170      7DAD58C9 
 170      C8
 171 0394 D4AF75EA 		.ascii	"\324\257u\352\243\\C\333\267\205\206\273\011\253\035"
 171      A35C43DB 
 171      B78586BB 
 171      09AB1D
 172 03a3 CF1EEFCE 		.ascii	"\317\036\357\316\035\207\235B\002Kp\331\335q\243\324"
 172      1D879D42 
 172      024B70D9 
 172      DD71A3D4 
 173 03b3 61F0EB20 		.ascii	"a\360\353 \314\277\232\230\207.\357\036\346\246\206"
 173      CCBF9A98 
 173      872EEF1E 
 173      E6A686
 174 03c2 87F67F50 		.ascii	"\207\366\177P\366\015\321\370\233\000\316\215\230p\307"
 174      F60DD1F8 
 174      9B00CE8D 
 174      9870C7
 175 03d1 B895959B 		.ascii	"\270\225\225\233)8\345\302\004\242\316\221\336\343u"
 175      2938E5C2 
 175      04A2CE91 
 175      DEE375
 176 03e0 9291D131 		.ascii	"\222\221\3211C\265\366\250\252\245\033\340\200\273\""
 176      43B5F6A8 
 176      AAA51BE0 
 176      80BB22
 177 03ef BE6CC48F 		.ascii	"\276l\304\217\270#\365\022Up\317\274#\242\200\036\243"
 177      B823F512 
 177      5570CFBC 
 177      23A2801E 
 177      A3
 178 0400 977BAEAC 		.ascii	"\227{\256\254\244d\363\003S\271\210\302\364N\003r\037"
 178      A464F303 
 178      53B988C2 
 178      F44E0372 
 178      1F
 179 0411 54AC9442 		.ascii	"T\254\224B\225\217\334?>\000f\264\351u;\242\326\355"
 179      958FDC3F 
ARM GAS  C:\Users\8FEE~1\AppData\Local\Temp\ccDFW5ei.s 			page 14


 179      3E0066B4 
 179      E9753BA2 
 179      D6ED
 180 0423 A3B21FCC 		.ascii	"\243\262\037\314Qv\255\270\332\277S\331\0263\335CJ\247"
 180      5176ADB8 
 180      DABF53D9 
 180      1633DD43 
 180      4AA7
 181 0435 18772E1C 		.ascii	"\030w.\034\022\217\253h\340\244^D\337\336\256\216\230"
 181      128FAB68 
 181      E0A45E44 
 181      DFDEAE8E 
 181      98
 182 0446 6FF18BE1 		.ascii	"o\361\213\341\361*\305\324\3234\305.\234\235X\324\353"
 182      F12AC5D4 
 182      D334C52E 
 182      9C9D58D4 
 182      EB
 183 0457 7BF048D4 		.ascii	"{\360H\324g%5\365\201\212\006U\243\015!\213q1\343\240"
 183      672535F5 
 183      818A0655 
 183      A30D218B 
 183      7131E3A0 
 184 046b 1FBDCC89 		.ascii	"\037\275\314\211\0311%+\3361%\007\304\224\234|\024e"
 184      1931252B 
 184      DE312507 
 184      C4949C7C 
 184      1465
 185 047d 1C548373 		.ascii	"\034T\203sM\311b\273)Re\332#\373\230\004:cl~\236\311"
 185      4DC962BB 
 185      295265DA 
 185      23FB9804 
 185      3A636C7E 
 186 0493 60888C6D 		.ascii	"`\210\214m3\307\346\322\012N\311\031\014\317\034\233"
 186      33C7E6D2 
 186      0A4EC919 
 186      0CCF1C9B 
 187 04a3 2342EEA3 		.ascii	"#B\356\243S\306fX\177\324\350\230\230\210\203b\">\021"
 187      53C66658 
 187      7FD4E898 
 187      98888362 
 187      223E11
 188 04b6 133172FC 		.ascii	"\0231r\374=\235\034\177\024\234\375A\015\332\336j5\336"
 188      3D9D1C7F 
 188      149CFD41 
 188      0DDADE6A 
 188      35DE
 189 04c8 093B41DE 		.ascii	"\011;A\336\216\217\010\276]\350\362Qr\262\212\277\356"
 189      8E8F08BE 
 189      5DE8F251 
 189      72B28ABF 
 189      EE
 190 04d9 8CCCB44C 		.ascii	"\214\314\264L\257\377\263\025\313U\257_\365e\253~\237"
 190      AFFFB315 
 190      CB55AF5F 
 190      F565AB7E 
 190      9F
ARM GAS  C:\Users\8FEE~1\AppData\Local\Temp\ccDFW5ei.s 			page 15


 191 04ea 1B373DFE 		.ascii	"\0337=\376\365\311n&eg%\315b\226\271\321\275a\323\272"
 191      F5C96E26 
 191      656725CD 
 191      6296B9D1 
 191      BD61D3BA 
 192 04fe 743CF0BB 		.ascii	"t<\360\2733\326%g0\313\346\265\0336\245/\213f\356\366"
 192      33D62567 
 192      30CBE6B5 
 192      1B36A52F 
 192      8B66EEF6 
 193 0512 7A3CDE8D 		.ascii	"z<\336\215j\226\327\227\355W\277LMY\225\262\005-\334"
 193      6A96D797 
 193      ED57BF4C 
 193      4D5995B2 
 193      052DDC
 194 0525 5E5FFA9A 		.ascii	"^_\372\232\315+<\350\273r\016\257\364-\331\352\252\224"
 194      CD2B3CE8 
 194      BB720EAF 
 194      F42DD9EA 
 194      AA94
 195 0537 D55FAD7E 		.ascii	"\325_\255~\233\322\343\317\364\257Y\357v\243\347'\357"
 195      9BD2E3CF 
 195      F4AF59EF 
 195      76A3E727 
 195      EF
 196 0548 2E6FAB1F 		.ascii	".o\253\037\355\026\244\254Nu\246\255\365\247g\3712\227"
 196      ED16A4AC 
 196      4E75A6AD 
 196      F5A767F9 
 196      3297
 197 055a 385D9F32 		.ascii	"8]\2372\311\307\024O\272\307\353\333:\217\030\304F\006"
 197      C9C7144F 
 197      BAC7EBDB 
 197      3A8F18C4 
 197      4606
 198 056c E3D9DF66 		.ascii	"\343\331\337f\375\017\353\375tR"
 198      FD0FEBFD 
 198      7452
 199              		.text
 200              		.section	.gnu.lto_chMsgRelease.8abf8af4,"",%progbits
 201 0000 789C8D53 		.ascii	"x\234\215S[O\023A\024>gg{\261 \372(\221\207\022\255"
 201      5B4F1341 
 201      143E6767 
 201      7BB120FA 
 201      28918712 
 202 0015 04A35D7D 		.ascii	"\004\243]}Pb\342\213\341I\023^\344\007\020\\\033hb-"
 202      5062E28B 
 202      E149135E 
 202      E407105C 
 202      1B68622D 
 203 0029 E902D127 		.ascii	"\351\002\321'F\002\022!Q\243\242T\321UQ\001\001E\274"
 203      46021221 
 203      51A3A254 
 203      D1555101 
 203      0145BC
 204 003c 56A05444 		.ascii	"V\240TD0\361\026\011\012\021\023\221\213D\305D}2F\321"
 204      30F11609 
ARM GAS  C:\Users\8FEE~1\AppData\Local\Temp\ccDFW5ei.s 			page 16


 204      0A111391 
 204      8B44C544 
 204      7D3246D1 
 205 0050 33432140 		.ascii	"3C!@\361\262i\323\2319\337w\346|\337~\265\200\002\\"
 205      F1B269D3 
 205      9939DF77 
 205      E67CDF7E 
 205      B580025C 
 206 0064 05484080 		.ascii	"\005H@\200\345\000\200\014P9\374\024`\237]A\024\013"
 206      E500800C 
 206      5039FC14 
 206      609F5D41 
 206      140B
 207 0076 6E472852 		.ascii	"nG(R\260\010\017\261\023\014;\313\336\205\224\324ZN"
 207      B0080FB1 
 207      130C3BCB 
 207      DE8594D4 
 207      5A4E
 208 0088 4FE444D8 		.ascii	"O\344D\330\261\237\227.3\031@\220\276\342\301ZL%\324"
 208      B19F972E 
 208      33194090 
 208      BEE2C15A 
 208      4C25D4
 209 009b F392E66A 		.ascii	"\363\222\346jv\220\231\014Q\245\355\227''G\022\304V"
 209      7690990C 
 209      51A5ED97 
 209      27274712 
 209      C456
 210 00ad 41276DBB 		.ascii	"A'm\273\306~\364\306\261U\010\264\256\256\035\272\260"
 210      C67EF4C6 
 210      B15508B4 
 210      AEAE1DBA 
 210      B0
 211 00be 28E522E7 		.ascii	"(\345\"\347\305<2q\224\361\225&cx\031\0315\304zL\302"
 211      C53C3271 
 211      94F19526 
 211      63781919 
 211      35C47A4C 
 212 00d3 3A4C023A 		.ascii	":L\002:\002l\300\024\202?n\016\365\253,UR\217}\034\037"
 212      026CC014 
 212      823F6E0E 
 212      F5AB2C55 
 212      528F7D1C 
 213 00e8 5822A834 		.ascii	"X\"\2504\312\217c\222\252b\343|\252\012\330\204)\002"
 213      CA8F6392 
 213      AA62E37C 
 213      AA0AD884 
 213      2902
 214 00fa 3F7C6DB2 		.ascii	"?|m\262r\261U\255\231\036\027\257\240\225T\303\325^"
 214      72B155AD 
 214      991E17AF 
 214      A09554C3 
 214      D55E
 215 010c 8CF0C95F 		.ascii	"\214\360\311_e<2z\021\007\267\331H7]F\243\013\036\224"
 215      653C327A 
 215      1107B7D9 
 215      48375D46 
ARM GAS  C:\Users\8FEE~1\AppData\Local\Temp\ccDFW5ei.s 			page 17


 215      A30B1E94 
 216 0120 1354D850 		.ascii	"\023T\330P\301\024\361\313\306P\021\315\306\333\312"
 216      C114F1CB 
 216      C65011CD 
 216      C6DBCA
 217 012f FA90AD95 		.ascii	"\372\220\255\225\203\334\014\017T9\\5R\303\233\356\325"
 217      83DC0C0F 
 217      54395C35 
 217      52C39BEE 
 217      D5
 218 0140 C18151CE 		.ascii	"\301\201Q\316\217p4\231\005\257\316\035GZ\324\214.\""
 218      8F703499 
 218      05AFCE1D 
 218      475AD48C 
 218      2E22
 219 0152 95BDE7ED 		.ascii	"\225\275\347\355\252\360\304\202N\274F\265\017X<<~\260"
 219      AAF0C482 
 219      4EBC46B5 
 219      0F583C3C 
 219      7EB0
 220 0164 B9176746 		.ascii	"\271\027gF-\221\322\216\366:\344\250A\2060\2574\330"
 220      2D91D28E 
 220      F63AE4A8 
 220      418630AF 
 220      34D8
 221 0176 E8CC026C 		.ascii	"\350\314\002l\0215%\246\326\355N\024W\001^\027u6\313"
 221      113525A6 
 221      D6ED4E14 
 221      57015E17 
 221      7536CB
 222 0189 01C01B68 		.ascii	"\001\300\033h\245An\012\375\010\217\304\215\347\315"
 222      A5416E0A 
 222      FD088FC4 
 222      8DE7CD
 223 0198 966F8EE4 		.ascii	"\226o\216\344\327h\362*\247\311\254\002\3354\322\312"
 223      D768F22A 
 223      A7C9AC02 
 223      DD34D2CA 
 224 01a8 EDAA42C0 		.ascii	"\355\252B\300[\230\014\342\344\363D\337\240B'x\033U"
 224      5B980CE2 
 224      E4F344DF 
 224      A0422778 
 224      1B55
 225 01ba 3933E01D 		.ascii	"93\340\035\371\202\353\302\367\307\342\223\337D\331"
 225      F982EBC2 
 225      F7C7E293 
 225      DF44D9
 226 01c9 3681FD7A 		.ascii	"6\201\375z\245\345E\234d\207\004\033\357\242\012cX\354"
 226      A5E5459C 
 226      6487041B 
 226      EFA20A63 
 226      58EC
 227 01db 94FA412C 		.ascii	"\224\372A,\207\016\324[\2040\002\357k8U\035\037up\262"
 227      870ED45B 
 227      843002EF 
 227      6B38551D 
 227      1F7570B2 
ARM GAS  C:\Users\8FEE~1\AppData\Local\Temp\ccDFW5ei.s 			page 18


 228 01ef 3E3EC823 		.ascii	">>\310#%\316\005\202 \355kE\327i\222K\015\316\326V\262"
 228      25CE0582 
 228      20ED6B45 
 228      D769924B 
 228      0DCED656 
 229 0204 6883CAEF 		.ascii	"h\203\312\357\375\347\342D\003>\273AL\034d\2036\321"
 229      FDE7E244 
 229      033EBB41 
 229      4C1C6483 
 229      36D1
 230 0216 80C1472C 		.ascii	"\200\301G,\035\3528\363\252'\306\357\227\016\001\021"
 230      1DEA38F3 
 230      AA27C6EF 
 230      970E0111 
 231 0226 F7447D57 		.ascii	"\367D}W\347x\327.\275\013\243\364(\024\232\030\264\025"
 231      E778D72E 
 231      BD0BA3F4 
 231      28149A18 
 231      B415
 232 0238 FDE47693 		.ascii	"\375\344v\223\331\203\364*E\021;\260\010hD\272\304d"
 232      D983F42A 
 232      45113BB0 
 232      086844BA 
 232      C464
 233 024a 8BA46819 		.ascii	"\213\244h\031\265\326\250\356\251]\333\324N\211\015"
 233      B5D6A8EE 
 233      A95DDBD4 
 233      4E890D
 234 0259 D0C67F05 		.ascii	"\320\306\177\005(\"\003t\274\264\363\231m*@\200\367"
 234      28220374 
 234      BCB4F399 
 234      6D2A4080 
 234      F7
 235 026a FE16A081 		.ascii	"\376\026\240\201\351\000Y\347\010\351\024Bb\022\265"
 235      E90059E7 
 235      08E91442 
 235      6212B5
 236 0279 D90B785F 		.ascii	"\331\013x_\200m1\265Ki\211\342n\300\256\330D=\220\256"
 236      806D31B5 
 236      4B6989E2 
 236      6EC0AED8 
 236      443D90AE 
 237 028d 74CF4AD4 		.ascii	"t\317J\324\244\3716\0347\035\226{2,=2,\363\223\361p"
 237      A4F9361C 
 237      371D967B 
 237      322C3D32 
 237      2CF393F1 
 238 02a2 2619A239 		.ascii	"&\031\2429|\242dT4\271\304\304Rn9\345\236\376x\204_"
 238      7CA26454 
 238      34B9C4C4 
 238      526E39E5 
 238      9EFE7884 
 239 02b7 E1766BF4 		.ascii	"\341vk\364\321s\275;\274~c}\332F\315oh\201|\315\010"
 239      D173BD3B 
 239      BC7E637D 
 239      DA46CD6F 
 239      68817CCD 
ARM GAS  C:\Users\8FEE~1\AppData\Local\Temp\ccDFW5ei.s 			page 19


 240 02cc E874E833 		.ascii	"\350t\3503r\334:(\371y\214V\226\302\354]\005\236\015"
 240      72DC3A28 
 240      F9798C56 
 240      96C2EC5D 
 240      059E0D
 241 02df 0B1174BF 		.ascii	"\013\021t\277\317\347\337\255\345\371\003\371\206\266"
 241      CFE7DFAD 
 241      E5F903F9 
 241      86B6
 242 02ed 657B467A 		.ascii	"e{Fz\306\036B\350\376\200'\2530\315\347\316\205M\177"
 242      C61E42E8 
 242      FE8027AB 
 242      30CDE7CE 
 242      854D7F
 243 0300 6179F6E4 		.ascii	"ay\366\344k\351\031\231[35\357n}W\301N\217\246\373\014"
 243      6BE91999 
 243      5B3335EF 
 243      6E7D57C1 
 243      4E8FA6FB 
 244 0315 AF9195A3 		.ascii	"\257\221\225\243\353\304L\371\303\2003\330\\c\257A\270"
 244      EBC44CF9 
 244      C38033D8 
 244      5C63AF41 
 244      B8
 245 0326 A51999DB 		.ascii	"\245\031\231\333\235;\262\015O^\300\273\306\351Z\007"
 245      9D3BB20D 
 245      4F5EC0BB 
 245      C6E95A07 
 246 0336 4A006C3E 		.ascii	"J\000l>\217\317\037\330\373\037=\204\320\\\370\015\032"
 246      8FCF1FD8 
 246      FB1F3D84 
 246      D05CF80D 
 246      1A
 247 0347 E0BFAC   		.ascii	"\340\277\254"
 248              		.text
 249              		.section	.gnu.lto_.symbol_nodes.8abf8af4,"",%progbits
 250 0000 789C55C9 		.ascii	"x\234U\311\261\015\3020\024E\321\353\367m\326\200Q\310"
 250      B10DC230 
 250      1445D1EB 
 250      F76DD680 
 250      51C8
 251 0012 64DF0A01 		.ascii	"d\337\012\001\2124HlC\035\005)Ev@\212R1\003\302\244"
 251      8A34486C 
 251      431D0529 
 251      4576408A 
 251      523103C2 
 252 0027 C2AF79D2 		.ascii	"\302\257y\322\271\011q\247L\255\034n3\224{\344\006\322"
 252      B90971A7 
 252      4CAD1C6E 
 252      33947BE4 
 252      06D2
 253 0039 591C7EE5 		.ascii	"Y\034~\345$\017UQ'W%\341*\267M \347c\201\213<V\320\313"
 253      240F5551 
 253      275725E1 
 253      2AB74D20 
 253      E763818B 
 254 0051 D33F1889 		.ascii	"\323?\030\211ez\232\021\351\372\367\336\024\031\306"
ARM GAS  C:\Users\8FEE~1\AppData\Local\Temp\ccDFW5ei.s 			page 20


 254      657A9A11 
 254      E9FAF7DE 
 254      1419C6
 255 0060 3598ED18 		.ascii	"5\230\355\030^\237\300\027\265w#3"
 255      5E9FC017 
 255      B5772333 
 256              		.text
 257              		.section	.gnu.lto_.refs.8abf8af4,"",%progbits
 258 0000 789C6365 		.ascii	"x\234ce`b\340c```\004\"F&&\006F\026\006Fn\006\000\002"
 258      6062E063 
 258      60606004 
 258      22462626 
 258      06461606 
 259 0019 20002E   		.ascii	" \000."
 260              		.text
 261              		.section	.gnu.lto_.decls.8abf8af4,"",%progbits
 262 0000 789CBD5A 		.ascii	"x\234\275ZyP\024Y\232\257\227/\241\240(\216Q\247\327"
 262      79501459 
 262      9AAF972F 
 262      A1A0288E 
 262      51A7D7
 263 0013 DD60378C 		.ascii	"\335`7\214^gdwf<\272g\272{v7b{\246c\016c\267g;\332\351"
 263      5E676477 
 263      663CBA67 
 263      BA7B7637 
 263      627BA663 
 264 002e 9EDD0877 		.ascii	"\236\335\010wk\021Je\232k\252\012\217\211\215\230\344"
 264      6B114A65 
 264      9A6BAA0A 
 264      8F898D98 
 264      E4
 265 003f F2000451 		.ascii	"\362\000\004QnQQ<@@P\2748D\004E\016E\004Q\021\344R\021"
 265      6E51513C 
 265      404050BC 
 265      38440445 
 265      0E450451 
 266 0057 4151C1E6 		.ascii	"AQ\301\346>\366{GUf\025U\352\374\261[\301G\345\313\374"
 266      3EF67B47 
 266      55661555 
 266      EAFCB15B 
 266      C147E5CB 
 267 006c DEF7FDBE 		.ascii	"\336\367\375\2763_\276,'\225\240\332\376\201J\365K\265"
 267      335FBE2C 
 267      2795A0DA 
 267      FE814AF5 
 267      4BB5
 268 007e 4AB55850 		.ascii	"J\265XP\251\346\340#\252T\252\002 \004\344\255b\037"
 268      A9E6E023 
 268      AA54AA02 
 268      2004E4AD 
 268      621F
 269 0090 67A04838 		.ascii	"g\240H8\261\015(\026(\001h/P2b|\257\220\312\352\243"
 269      B10D2816 
 269      2801682F 
 269      5032627C 
 269      AF90CAEA 
 270 00a5 C62AD522 		.ascii	"\306*\325\"\370^\240b\337\347\201\376\015x\206\021\223"
ARM GAS  C:\Users\8FEE~1\AppData\Local\Temp\ccDFW5ei.s 			page 21


 270      F85EA062 
 270      DFE781FE 
 270      0D788611 
 270      93
 271 00b6 3902DF2F 		.ascii	"9\002\337/\200\332\200\252`\374-|O\002}\001\364\337"
 271      80DA80AA 
 271      60FC2D7C 
 271      4F027D01 
 271      F4DF
 272 00c8 406B8044 		.ascii	"@k\200D\240)\240=@\323@\361@\032\340\035\204\357[@:"
 272      A029A03D 
 272      40D340F1 
 272      401AE01D 
 272      84EF5B40 
 273 00dd A000A02F 		.ascii	"\240\000\240/\201\376\010\3645\320o\201L@\241@\256\034"
 273      81FE08F4 
 273      35D06F81 
 273      4C40A140 
 273      AE1C
 274 00ef F31CC108 		.ascii	"\363\034\301\010\266\251\201\264\002\303M\360{\300\261"
 274      B6A981B4 
 274      02C34DF0 
 274      7BC0B1
 275 00fe 1710FCA9 		.ascii	"\027\020\374\251\376R\230o\203;\330\340\245\260\301"
 275      FE52986F 
 275      833BD8E0 
 275      A5B0C1
 276 010d 8C5F8957 		.ascii	"\214_\211Wi\307\027\034\3674\2671\236\333\240V`\376"
 276      69C7171C 
 276      F734B731 
 276      9EDBA056 
 276      60FE
 277 011f 92E3FCA3 		.ascii	"\222\343\374\243\002+\301\271\315\006\347\373\002\303"
 277      022BC1B9 
 277      CD06E7FB 
 277      02C3
 278 012d F87D41C6 		.ascii	"\370}A\306i\317\317\177\201\231O\276\266\301I\374\255"
 278      69CFCF7F 
 278      81994FBE 
 278      B6C149FC 
 278      AD
 279 013e C4B90CE6 		.ascii	"\304\271\014\346\307\360\271.*\026C\245\276\277\023"
 279      C7F0B92E 
 279      2A1643A5 
 279      BEBF13
 280 014d 582C95BA 		.ascii	"X,\225\272V\012\326\272R1:\267\353\312E\241\023u\220"
 280      560AD6BA 
 280      52313AB7 
 280      EBCA45A1 
 280      137590
 281 0160 69C88B9E 		.ascii	"i\310\213\236E\210\375G\224\350p\316\374A\210\236\247"
 281      4588FD47 
 281      94E870CE 
 281      FC41889E 
 281      A7
 282 0171 6A78A298 		.ascii	"jx\242\230O!\363\014>\026\370P\340\"\351\037\237\214"
 282      4F21F30C 
ARM GAS  C:\Users\8FEE~1\AppData\Local\Temp\ccDFW5ei.s 			page 22


 282      3E16F850 
 282      E022E91F 
 282      9F8C
 283 0183 1412D965 		.ascii	"\024\022\331e\246\311\374a\271\312\016\3504\363l$\310"
 283      A6C9FC61 
 283      B9CA0EE8 
 283      34F36C24 
 283      C8
 284 0194 0A10524E 		.ascii	"\012\020RNP\010d\260\371u\013>\225l\0342[\377*\375z"
 284      500864B0 
 284      F9750B3E 
 284      956C1C32 
 284      5BFF2AFD 
 285 01a9 9FA60B3D 		.ascii	"\237\246\013= g\263>E\364\\\317\371\207%j, r\3345\221"
 285      2067B33E 
 285      45F45CCF 
 285      F987256A 
 285      2C2072DC 
 286 01bf F3CBE5F9 		.ascii	"\363\313\345\371\022\373\270x\313n\213\336U\220\252"
 286      12FBB878 
 286      CB6E8BDE 
 286      5590AA
 287 01ce 89C7C859 		.ascii	"\211\307\310Y\203\210N5\234z\364r\362\234\310N\021\356"
 287      83884E35 
 287      9C7AF472 
 287      F29CC84E 
 287      11EE
 288 01e0 2D706A7F 		.ascii	"-pj\177z\307)\017\374]*\352VTQ&\206\313\0134H$\232o"
 288      7AC7290F 
 288      FC5D2AEA 
 288      56545126 
 288      86CB0B34 
 289 01f8 643CF480 		.ascii	"d<\364\200\341\"\015Z\222\212\205g=;c\\\220\217\346"
 289      E1220D5A 
 289      928A8567 
 289      3D3B635C 
 289      908FE6
 290 020b 18995A39 		.ascii	"\030\231Z9W\274,|\273$\011\350\024\322\240\002\204\321"
 290      57BC2C7C 
 290      BB2409E8 
 290      14D2A002 
 290      84D1
 291 021d 09B49CC0 		.ascii	"\011\264\234\300v&\211\261\203\260\354\216\224\\\177"
 291      762689B1 
 291      83B0EC8E 
 291      945C7F
 292 022c AD4285C8 		.ascii	"\255B\205\310\033\235D\336*T\204|\210b\302\207\362\341"
 292      1B9D44DE 
 292      2A54847C 
 292      8862C287 
 292      F2E1
 293 023e 641E9C04 		.ascii	"d\036\234\004-\303\023/\317\2108\023\021\004BL\317\360"
 293      2DC3132F 
 293      CF883813 
 293      1104424C 
 293      CFF0
 294 0250 8C27D2F8 		.ascii	"\214'\322\370\330\025p\306\216\000\006\346I\376\007"
ARM GAS  C:\Users\8FEE~1\AppData\Local\Temp\ccDFW5ei.s 			page 23


 294      D81570C6 
 294      8E0006E6 
 294      49FE07
 295 025f 67A30998 		.ascii	"g\243\011\230b\000sZ\006\003\330\230/\356\306\265\264"
 295      6200735A 
 295      0603D898 
 295      2FEEC6B5 
 295      B4
 296 0270 3BE314EA 		.ascii	";\343\024\3521ab\240\266\300\315b\310\223\206\245i\223"
 296      316162A0 
 296      B6C0CD62 
 296      C89386A5 
 296      6993
 297 0282 92B4049D 		.ascii	"\222\264\004\235\207\271g\345\271\305\310\241%\347\354"
 297      87B967E5 
 297      B9C5C8A1 
 297      25E7EC
 298 0291 5BF26C30 		.ascii	"[\362l0\361[\215H\222\224\210Z'\222s\347\207\362\316"
 298      F15B8D48 
 298      9294885A 
 298      279273E7 
 298      87F2CE
 299 02a4 BB339756 		.ascii	"\2733\227V\222qN_f\274\226\215?\201\341\355\246\316"
 299      92714E5F 
 299      66BC968D 
 299      3F81E1ED 
 299      A6CE
 300 02b6 A3183F60 		.ascii	"\243\030?`\221|P\233\233G\334\277\214\005\314\023N\025"
 300      917C509B 
 300      9B47DCBF 
 300      8C05CC13 
 300      4E15
 301 02c8 3E2B9970 		.ascii	">+\231pg\247\010Gs\302\360\0215\356cf\244\327\337\255"
 301      67A70847 
 301      73C2F011 
 301      35EE6366 
 301      A4D7DFAD 
 302 02dc 12E5788C 		.ascii	"\022\345x\214,K\244\361\250\004\335\025\262\031\313"
 302      2C4BA4F1 
 302      A804DD15 
 302      B219CB
 303 02eb B81511F3 		.ascii	"\270\025\021\363\254\270\004V,\343V\\\204\223\345\314"
 303      ACB80456 
 303      2CE3565C 
 303      8493E5CC 
 304 02fb 8ADC2389 		.ascii	"\212\334#\211\207\235\361+\246\243\246\242\375\236\310"
 304      879DF12B 
 304      A6A3A6A2 
 304      FD9EC8
 305 030a E2315F40 		.ascii	"\3421_@\265\035\001\346x\274_C\343Q\005`.\313`*\315"
 305      B51D01E6 
 305      78BC5F43 
 305      E3510560 
 305      2ECB602A 
 306 031f F19092A6 		.ascii	"\361\220\222\246\016\272\343I\246Dz|\365\261\340HI\215"
 306      0EBAE349 
 306      A6447A7C 
ARM GAS  C:\Users\8FEE~1\AppData\Local\Temp\ccDFW5ei.s 			page 24


 306      F5B1E048 
 306      498D
 307 0331 63250D4B 		.ascii	"c%\015KX\340\256\202\222+\262\222*\263\222\216\342]"
 307      58E0AE82 
 307      922BB292 
 307      2AB3928E 
 307      E25D
 308 0343 D52E3802 		.ascii	"\325.8\002S\327e\224\275\256wb\216w\201\341\356\216"
 308      53D76594 
 308      BDAE7762 
 308      8E7781E1 
 308      EE8E
 309 0355 8972371C 		.ascii	"\211r7\034\303\256\345\215E\235\365\304\011l`\216\330"
 309      C3AEE58D 
 309      459DF5C4 
 309      096C608E 
 309      D8
 310 0366 221EB1C9 		.ascii	"\"\036\261\311\275%g\335p2\273x\345aK\255\023\336\307"
 310      BD2567DD 
 310      7032BB78 
 310      E5614BAD 
 310      13DEC7
 311 0379 0659553D 		.ascii	"\006YU=?\302\371\354\2704\271\374\271\013>\305\006\227"
 311      3FC2F9EC 
 311      B834B9FC 
 311      B90B3EC5 
 311      0697
 312 038b 67DA3235 		.ascii	"g\33225\3702\0334\277\274\276\337\215)\366\"\315\254"
 312      F8321B34 
 312      BFBCBEDF 
 312      8D29F622 
 312      CDAC
 313 039d AFAE46C3 		.ascii	"\257\256F\303\304K\010\306\323Go\336s\301u\214\267\354"
 313      C44B08C6 
 313      D3476FDE 
 313      73C1758C 
 313      B7EC
 314 03af 7C790D07 		.ascii	"|y\015\007\271\022\206\221\217\366\367x\340fv\255&!"
 314      B9128691 
 314      8FF6F778 
 314      E06676AD 
 314      2621
 315 03c1 2A4E83DB 		.ascii	"*N\203\333\351@\310\333\265\343\231\303\270\334s\350"
 315      E940C8DB 
 315      B5E399C3 
 315      B8DC73E8 
 316 03d1 B2FB8BA1 		.ascii	"\262\373\213\241E\240\273\340\257;v\374\265o\344\301"
 316      45A0BBE0 
 316      AF3B76FC 
 316      B56FE4C1 
 317 03e1 5357A6DD 		.ascii	"SW\246\335\207$B\351\310Qg\374\204i\357\235\233\375"
 317      872442E9 
 317      C85167FC 
 317      8469EF9D 
 317      9BFD
 318 03f3 3D7EC98E 		.ascii	"=~\311\216w\346\357\254\361\300\343lp\370R\33135\336"
 318      77E6EFAC 
ARM GAS  C:\Users\8FEE~1\AppData\Local\Temp\ccDFW5ei.s 			page 25


 318      F1C0E36C 
 318      70F852D9 
 318      3335DE
 319 0406 21D281B9 		.ascii	"!\322\201\271c,\240\035\003\345\014tMc\234\312\256\365"
 319      632CA01D 
 319      03E50C74 
 319      4D639CCA 
 319      AEF5
 320 0418 745C2BF2 		.ascii	"t\\+\362\300\351lP6\266\257\314\023g\261\301\215\207"
 320      C0E96C50 
 320      36B6AFCC 
 320      1367B1C1 
 320      8D87
 321 042a 73C31A7C 		.ascii	"s\303\032|\234\015\316g\314V\212\370$\237#M\245k\361"
 321      9C0DCE67 
 321      CC568AF8 
 321      249F234D 
 321      A56BF1
 322 043d 693A10CA 		.ascii	"i:\020\312\012\262wh,\371>@M\351\003S\036\275S\315>"
 322      0AB27768 
 322      2CF93E40 
 322      4DE90353 
 322      1EBD53CD 
 323 0452 B65FB3B1 		.ascii	"\266_\263\261\311\317\217y\340\013L\335T\177R\033b\360"
 323      C9CF8F79 
 323      E00B4CDD 
 323      547F521B 
 323      62F0
 324 0464 B5308C28 		.ascii	"\2650\214(kK\364d\241\352\246\221\234\3341+\342\253"
 324      6B4BF464 
 324      A1EAA691 
 324      9CDC312B 
 324      E2AB
 325 0476 8CB7E666 		.ascii	"\214\267\346f\326\210\013\276\301\006%\211{ \372-l\320"
 325      D6880BBE 
 325      C1062589 
 325      7B20FA2D 
 325      6CD0
 326 0488 99165BE6 		.ascii	"\231\026[\346\206\373\330\240\"a\370\202+~\316\006\333"
 326      86FBD8A0 
 326      2261F882 
 326      2B7ECE06 
 326      DB
 327 0499 C77B8B3C 		.ascii	"\307{\213<\361\250h\225\027\213X^\014DV\366\210x\206"
 327      F1A86895 
 327      178B585E 
 327      0C4456F6 
 327      887886
 328 04ac 5D2B8C7E 		.ascii	"]+\214~\224\353\002\327\274\241\023 E\033\360fm\340"
 328      94EB02D7 
 328      BCA11320 
 328      451BF066 
 328      6DE0
 329 04be 4CE54881 		.ascii	"L\345H\201\210#\234\250[\316\235y\224\241Q\264\201\367"
 329      88239CA8 
 329      5BCE9D79 
 329      94A151B4 
ARM GAS  C:\Users\8FEE~1\AppData\Local\Temp\ccDFW5ei.s 			page 26


 329      81F7
 330 04d0 2E489217 		.ascii	".H\222\027\032\005\307\274\226\035\343m\351\002/\017"
 330      1A05C7BC 
 330      961DE36D 
 330      E9022F0F 
 331 04e0 4B78B10A 		.ascii	"Kx\261\012}\350\215V\202W\276\005\257xs\257\214\200"
 331      7DE88D56 
 331      8257BE05 
 331      AF7873AF 
 331      8C80
 332 04f2 5786790F 		.ascii	"W\206y\0178\230s\305\035\3071\005\351\311\227\317x\310"
 332      389873C5 
 332      1DC73105 
 332      E9C997CF 
 332      78C8
 333 0504 ED32FFFD 		.ascii	"\3552\377\375bZ\332\023\240aL\3260\212\034\250\030\267"
 333      625ADA13 
 333      A0614CD6 
 333      308A1CA8 
 333      18B7
 334 0516 AF22626F 		.ascii	"\257\"boK\276+Nb*z*\253\367`EG\376\344.me\323\240bR"
 334      4BBE2B4E 
 334      622A7A2A 
 334      ABF76045 
 334      47FEE42E 
 335 0530 5631E148 		.ascii	"V1\341H\305\224}\025\311\031}\213q&\325\200b\343f\013"
 335      C5947D15 
 335      C9197D8B 
 335      7126D580 
 335      62E3660B 
 336 0544 313ECCD4 		.ascii	"1>\314\324\355\257\230L\220-\352U\177\212$A\203f\337"
 336      EDAF984C 
 336      902DEA55 
 336      7F8A2441 
 336      8366DF
 337 0557 41D39C7D 		.ascii	"A\323\234}M\017\366\277\030\021\361\011\246\352Hu\341"
 337      4D0FF6BF 
 337      1811F109 
 337      A6EA4875 
 337      E1
 338 0568 2D352E62 		.ascii	"-5.b\252\036>==\356.'-\250\212\002U\021\302\333UE\012"
 338      AA1E3E3D 
 338      3DEE2E27 
 338      2DA88A02 
 338      5511C2DB 
 339 057f 76550D45 		.ascii	"vU\015E=\356\346\355d1\351NIi\037\342\022\246\370\371"
 339      3DEEE6ED 
 339      6431E94E 
 339      49691FE2 
 339      12A6F8F9 
 340 0593 D1C6D3A4 		.ascii	"\321\306\323\244~}4\350O\212\244\361aI\223\231\330\233"
 340      7E7D34E8 
 340      4F8AA4F1 
 340      61499399 
 340      D89B
 341 05a5 EA8A2B19 		.ascii	"\352\212+\031\254\003\317\356E\272+\356\345\037\261"
 341      AC03CFEE 
ARM GAS  C:\Users\8FEE~1\AppData\Local\Temp\ccDFW5ei.s 			page 27


 341      45BA2BEE 
 341      E51FB1
 342 05b4 7B472C60 		.ascii	"{G,`\333)c\363\261@\313\212\224\276\023\276J\205\032"
 342      DB2963F3 
 342      B140CB8A 
 342      94BE13BE 
 342      4A851A
 343 05c7 00482D29 		.ascii	"\000H-)\247\030@\347\303\321\355\020\274\321v\201\242"
 343      A71840E7 
 343      C3D1ED10 
 343      BCD17681 
 343      A2
 344 05d8 DB1E9593 		.ascii	"\333\036\225\223\340\206\033\230\222\253\355\3336)\362"
 344      E0861B98 
 344      92ABEDDB 
 344      3629F2
 345 05e7 E6836B34 		.ascii	"\346\203k4o\342AG\234\254\003T:T\262\313\276\222\316"
 345      6FE24147 
 345      9CAC0354 
 345      3A54B2CB 
 345      BE92CE
 346 05fa C2F62B22 		.ascii	"\302\366+\"\276\315\2244\247n{\341$[R\206\037T\307H"
 346      BECD9434 
 346      A76E7BE1 
 346      245B5286 
 346      1F54C748 
 347 060e 92881241 		.ascii	"\222\210\022AM\202\254&\376\015jv\333W\223\363\342i"
 347      4D82AC26 
 347      FE0D6A76 
 347      DB5793F3 
 347      E269
 348 0620 9D8736C6 		.ascii	"\235\2076\306\322a\251Hs?Q\241=\202\226/\264\"z\317"
 348      D261A948 
 348      733F51A1 
 348      3D82962F 
 348      B4227ACF 
 349 0634 413B4D74 		.ascii	"A;Mt\246nn\035\2778\251\305)t vg\017\017:#\037o\204"
 349      A66E6E1D 
 349      BF38A9C5 
 349      29742076 
 349      670F0F3A 
 350 064c 3440C7CC 		.ascii	"4@\307\314\2134\025J\005QI\0026/r3$@\366\362O\344\264"
 350      8B34154A 
 350      05514902 
 350      362F7233 
 350      2440F6F2 
 351 0663 BD544806 		.ascii	"\275TH\006\200\344\222\012\245\001\274\024\200\227\001"
 351      80E4920A 
 351      A501BC14 
 351      809701
 352 0672 BD8F9C21 		.ascii	"\275\217\234!w\262\033\207\366\271j\370\254\035o\234"
 352      77B21B87 
 352      F6B96AF8 
 352      AC1D6F9C 
 353 0682 05DC2F47 		.ascii	"\005\334/G:n\013J\243\322\255\214\312\260\030u\371F"
 353      3A6E0B4A 
 353      A3D2AD8C 
ARM GAS  C:\Users\8FEE~1\AppData\Local\Temp\ccDFW5ei.s 			page 28


 353      CAB01875 
 353      F946
 354 0694 64AE1BDE 		.ascii	"d\256\033\336\307\214\352\2359\364H\215\017\261\301"
 354      C78CEA9D 
 354      39F4488D 
 354      0FB1C1
 355 06a3 785ADD11 		.ascii	"xZ\335\021w|\234\015\366\3447\335u\306yl\320yr\266\334"
 355      777C9C0D 
 355      F6E437DD 
 355      75C6796C 
 355      D07972B6 
 356 06b8 199F6483 		.ascii	"\031\237d\203\203\035\257\012\324\370\024\035\010\227"
 356      831DAF0A 
 356      D4F8141D 
 356      0897
 357 06c6 5B0FE5BA 		.ascii	"[\017\345\272#\255\217B\361\327\357\311\315\3710@\375"
 357      23AD8F42 
 357      F1D7EFC9 
 357      CDF93040 
 357      FD
 358 06d7 4ACB63C5 		.ascii	"J\313c\305\"9\224\3717\341\222\204\320!A\213\262\344"
 358      223994F9 
 358      37E19284 
 358      D021418B 
 358      B2E4
 359 06e9 387EA565 		.ascii	"8~\245e\360\272#jZ\\p)S\365j\350\366\264;\256`\003i"
 359      F0BA236A 
 359      5A5C7029 
 359      53F56AE8 
 359      F6B43BAE 
 360 0700 A2E2BE33 		.ascii	"\242\342\2763\256b\203\366\344\361nW|\225\015j[c/\211"
 360      AE6283F6 
 360      E4F16E57 
 360      7C950D6A 
 360      5B632F89 
 361 0714 B8960D8E 		.ascii	"\270\226\015\2167tKN\270\201\015\312c\032\246]p#\033"
 361      37744B4E 
 361      B8810DCA 
 361      631AA65D 
 361      70231B
 362 0727 64946E8F 		.ascii	"d\224n\217\320\340[l\22077\222\240\305\267\271\345\345"
 362      D0E05B6C 
 362      90373792 
 362      A0C5B7B9 
 362      E5E5
 363 0739 B70E0BAC 		.ascii	"\267\016\013\254\366\226\302\360Del-f\035<KH\305n\311"
 363      F696C2F0 
 363      44656C2D 
 363      661D3C4B 
 363      48C56EC9 
 364 074d 87CF5EF1 		.ascii	"\207\317^\361@K\331g\341R\237\245\207\211\265\225\327"
 364      404BD967 
 364      E1529FA5 
 364      8789B595 
 364      D7
 365 075e 3AF0D3BC 		.ascii	":\360\323\274\3728)\253\212Ys\024\2549+,\224\255\277"
 365      FA3829AB 
ARM GAS  C:\Users\8FEE~1\AppData\Local\Temp\ccDFW5ei.s 			page 29


 365      8A597314 
 365      AC392B2C 
 365      94ADBF
 366 0771 455D5F48 		.ascii	"E]_H\376\253\330\224\346\377J\227*\2430e?b\313\036-"
 366      FEABD894 
 366      E6FF4A97 
 366      2AA33065 
 366      3F62CB1E 
 367 0786 10F65532 		.ascii	"\020\366U2w\225\202\373\230}\341\012\356^\005\367A["
 367      779582FB 
 367      987DE10A 
 367      EE5E05F7 
 367      415B
 368 0798 EECE79DC 		.ascii	"\356\316y\334\377)s\237\260\345^a\303<\240`\316\265"
 368      FF29739F 
 368      B0E55E61 
 368      C33CA060 
 368      CEB5
 369 07aa CBAC3472 		.ascii	"\313\2544rR\301}\334\226\273V\341\223Dz?\227\244OE\025"
 369      52C17DDC 
 369      96BB56E1 
 369      93447A3F 
 369      97A44F45 
 370 07bf 2A8054CE 		.ascii	"*\200T\316\007\007\240<>\003\362\002\235\207\3649-"
 370      0707A03C 
 370      3E03F202 
 370      9D87F439 
 370      2D
 371 07d0 2C45C540 		.ascii	",E\305@\347\200\316\000\025\001\235\004*\004\272\000"
 371      E780CE00 
 371      15019D04 
 371      2A04BA00 
 372 07e0 744A584A 		.ascii	"tJXJK\215\351\036V\350\316\261\257\233\332\305r\261"
 372      4B8DE91E 
 372      56E8CEB1 
 372      AF9BDAC5 
 372      72B1
 373 07f2 B1DD8BE6 		.ascii	"\261\335\213\346\"p\251x\"\312\242:;\027\354\211\224"
 373      2270A978 
 373      22CAA23A 
 373      3B17EC89 
 373      94
 374 0803 6A575259 		.ascii	"jWRY\331\366\203\305\354\200\224\331[\2777^T\226\237"
 374      D9F683C5 
 374      EC8094D9 
 374      5BBF375E 
 374      54969F
 375 0816 9259854A 		.ascii	"\222Y\205J,\345\327Y~x\314\035\247\250I\336\341\233"
 375      2CE5D759 
 375      7E78CC1D 
 375      A7A849DE 
 375      E19B
 376 0828 2F32CBB5 		.ascii	"/2\313\265h\351B\037\246\021\232\\\306\343\006\226P"
 376      68E9421F 
 376      A6119A5C 
 376      C6E30696 
 376      50
ARM GAS  C:\Users\8FEE~1\AppData\Local\Temp\ccDFW5ei.s 			page 30


 377 0839 30031D00 		.ascii	"0\003\035\000\245\345\366\343\222\310\227B\304u\226"
 377      A5E5F6E3 
 377      92C89742 
 377      C47596
 378 0848 CBA59C9F 		.ascii	"\313\245\234\237\270\356\"\270\256\214\273\206\033\233"
 378      B8EE22B8 
 378      AE8CBB86 
 378      1B9B
 379 0856 CB8C2DB7 		.ascii	"\313\214-\2676\226\324B\304\223\347\030gSLh\260/\357"
 379      3696D442 
 379      C493E718 
 379      67534C68 
 379      B02FEF
 380 0869 8E8073D8 		.ascii	"\216\200s\330 \263\253\252\223\257\034\257\320'\366"
 380      20B3ABAA 
 380      93AF1CAF 
 380      D027F6
 381 0878 AEA49D5A 		.ascii	"\256\244\235Z^\031\344I\362\311\350\350\035g|\2321\027"
 381      5E19E449 
 381      F2C9E8E8 
 381      1D677C9A 
 381      3117
 382 088a CFE56EC3 		.ascii	"\317\345n\303\370\002\035\374SO\314\361\014g0\015*F"
 382      F8021DFC 
 382      534FCCF1 
 382      0C67300D 
 382      2A46
 383 089c BB90FFC1 		.ascii	"\273\220\377\301\010\252\307\207|\301\377E\354\022\224"
 383      08AAC787 
 383      7CC1FF45 
 383      EC1294
 384 08ab D352AD16 		.ascii	"\323R\255\026\376\221\003\376\201\253>\334'7\307q\377"
 384      FE9103FE 
 384      81AB3EDC 
 384      2737C771 
 384      FF
 385 08bc D546E613 		.ascii	"\325F\346\023\350\314h\033\330x\325Q \224\011u\031\022"
 385      E8CC681B 
 385      D878D551 
 385      20940975 
 385      1912
 386 08ce AA9224D4 		.ascii	"\252\222$\324%>\203xe\012\2742\011I3\0014\0164\0064"
 386      253E8378 
 386      650ABC32 
 386      09493301 
 386      340E3406 
 387 08e3 0AF42DD0 		.ascii	"\012\364-\320\025\240\327@#@\303@]@m@\315@\267\200j"
 387      15A0D740 
 387      2340C340 
 387      5D406D40 
 387      CD40B780 
 388 08f8 81AE01D5 		.ascii	"\201\256\001\325X%\\\363oX\302A\227\253\262\205Vb[t"
 388      58255CF3 
 388      6F58C241 
 388      97ABB285 
 388      56625B74 
 389 090c 9D3716EC 		.ascii	"\2357\026\354\245)E\236l\312\220\015{\351\274v1{}\021"
ARM GAS  C:\Users\8FEE~1\AppData\Local\Temp\ccDFW5ei.s 			page 31


 389      A529459E 
 389      6CCA900D 
 389      7BE9BC76 
 389      317B7D11 
 390 0920 E3AF03CB 		.ascii	"\343\257\003\313\257\331\347\247\342\025\211Wo\225x"
 390      AFD9E7A7 
 390      E2158957 
 390      6F9578
 391 092f 752CF194 		.ascii	"u,\361\224\216i\206\213\244y\240\026\020X\317\0353\013"
 391      8E69868B 
 391      A479A016 
 391      1058CF1D 
 391      330B
 392 0941 8E9901E3 		.ascii	"\216\231\001\343\032\201\032\254\014l\231\301\263\247"
 392      1A811AAC 
 392      0C6C99C1 
 392      B3A7
 393 094f 2569A733 		.ascii	"%i\2473\272\016 \352\370\034\273\365\254@q\303\012\305"
 393      BA0E20EA 
 393      F81CBBF5 
 393      AC4071C3 
 393      0AC5
 394 0961 F537A098 		.ascii	"\3657\240\230\003\315oG\321\233\212\245#\213\321M\200"
 394      03CD6F47 
 394      D19B8AA5 
 394      238BD14D 
 394      80
 395 0972 506F1F82 		.ascii	"Po\037\202\255\037\232\254\020\220\211,\347\355\346"
 395      AD1F9AAC 
 395      1090892C 
 395      E7EDE6
 396 0981 C83428FE 		.ascii	"\3104(\376\277\313\021\310\341\332\\\236\303\344\031"
 396      BFCB11C8 
 396      E1DA5C9E 
 396      C3E419
 397 0990 ADD53692 		.ascii	"\255\3256\222\267\255#\017\305\332\374/\3414\255Z\200"
 397      B7AD230F 
 397      C5DAFC2F 
 397      E134AD5A 
 397      80
 398 09a1 ED3E67B7 		.ascii	"\355>g\267\254k\332\034\364P\013\303=0\241\225\233s"
 398      AC6BDA1C 
 398      F4500BC3 
 398      3D30A195 
 398      9B73
 399 09b3 178EEF00 		.ascii	"\027\216\357\000\244\333V\220\032O\360\314\"\216i\004"
 399      A4DB5690 
 399      1A4FF0CC 
 399      228E6904 
 400 09c3 05AD0E5A 		.ascii	"\005\255\016Z\272]\3717\370\004\307\362\253\376\236"
 400      BA5DF937 
 400      F804C7F2 
 400      ABFE9E
 401 09d2 95C54D9E 		.ascii	"\225\305M\2363\363\305+\332\360,\357L\255\326\235\211"
 401      33F3C52B 
 401      DAF02CEF 
 401      4CADD69D 
ARM GAS  C:\Users\8FEE~1\AppData\Local\Temp\ccDFW5ei.s 			page 32


 401      89
 402 09e3 5DBC1BE3 		.ascii	"]\274\033\343\224\223\275\207\254\374\210/n\312ky\302"
 402      9493BD87 
 402      ACFC882F 
 402      6ECA6B79 
 402      C2
 403 09f4 6D761778 		.ascii	"mv\027x8\337\354\341\373\300\326n\353\3416\364\346\326"
 403      38DFECE1 
 403      FBC0D66E 
 403      EBE136F4 
 403      E6D6
 404 0a06 D9095674 		.ascii	"\331\011Vtp\213\036\300q\273\265\267r\025\336\"\346"
 404      708B1EC0 
 404      71BBB5B7 
 404      7215DE22 
 404      E6
 405 0a17 74FC195D 		.ascii	"t\374\031]\271\203\363\333\212f\346\325p\333;\034\330"
 405      B983F3DB 
 405      8A66E6D5 
 405      70DB3B1C 
 405      D8
 406 0a28 9E1E496D 		.ascii	"\236\036Im'F=\220m\357\260\266\375\240\331\366na\021"
 406      27463D90 
 406      6DEFB0B6 
 406      FDA0D9F6 
 406      6E6111
 407 0a3b EAB2B5BD 		.ascii	"\352\262\265\275S\221.{\354 T\321i\004\336+\200\367"
 407      53912E7B 
 407      EC2054D1 
 407      6904DE2B 
 407      80F7
 408 0a4d 1262F902 		.ascii	"\022b\371\002h\010h\000\350)\320C\240^\240\036+\257"
 408      68086800 
 408      E829D043 
 408      A05EA01E 
 408      2BAF
 409 0a5f 0CAC6631 		.ascii	"\014\254f1&)\335\015J\211\024\207K\210\241ZE+\353y\033"
 409      2629DD0D 
 409      4A891487 
 409      4B88A15A 
 409      452BEB79 
 410 0a74 77EF3F33 		.ascii	"w\357?3\321\217\200\271\3271\263\242\334\037[\225\373"
 410      D18F80B9 
 410      D731B3A2 
 410      DC1F5B95 
 410      FB
 411 0a85 A3F90DE7 		.ascii	"\243\371\015\347)\\\354'\323\237\200\274\307<\036\375"
 411      295CEC27 
 411      D39F80BC 
 411      C73C1EFD 
 412 0a95 60F01330 		.ascii	"`\360\0230\254O6\214<l$8\275\030~$I{\264t\037\342!\237"
 412      AC4F368C 
 412      3C6C2438 
 412      BD187E24 
 412      497BB474 
 413 0aad 60AFE1B0 		.ascii	"`\257\341\260\011\003\357\221\346D\362\363:\347\265"
 413      0903EF91 
ARM GAS  C:\Users\8FEE~1\AppData\Local\Temp\ccDFW5ei.s 			page 33


 413      E644F2F3 
 413      3AE7B5
 414 0abc 948A6DAE 		.ascii	"\224\212m\256\367ms\"\373\033\217\347\2558X$\007\217"
 414      F76D7322 
 414      FB1B8FE7 
 414      AD385824 
 414      078F
 415 0ace F348929D 		.ascii	"\363H\222\235\306\201\267\271i\364\"w\352 \370i\360"
 415      C681B7B9 
 415      69F42277 
 415      EA20F869 
 415      F0
 416 0adf 9DFCF40C 		.ascii	"\235\374\364\0148e?\0152?9h\233\3509\270G\356\234\226"
 416      38653F0D 
 416      323F3968 
 416      9BE839B8 
 416      47EE9C96 
 417 0af3 9C8C8B8C 		.ascii	"\234\214\213\214%9ID=\223s\362&\225e\351x7\257qK\340"
 417      25394944 
 417      3D9373F2 
 417      269565E9 
 417      7837AF71 
 418 0b09 CEF8FC8D 		.ascii	"\316\370\374\215\206\220*(\3477Fb\366\320\333\270\353"
 418      86902A28 
 418      E7374662 
 418      F6D0DBB8 
 418      EB
 419 0b1a FF916507 		.ascii	"\377\221e\007a~\341\230\231\341\275S\352L\034\016<\363"
 419      617EE198 
 419      99E1BD53 
 419      EA4C1C0E 
 419      3CF3
 420 0b2c 9778A385 		.ascii	"\227x\243\205\013F\"\244\264\225tC\342\025\257\033\376"
 420      0B4622A4 
 420      B4957443 
 420      E215AF1B 
 420      FE
 421 0b3d 94C5AAE6 		.ascii	"\224\305\252\346\245\342n\\\277\"U\252\014\307tOa\306"
 421      A5E26E5C 
 421      BF2255AA 
 421      0CC7744F 
 421      61C6
 422 0b4f 1EF3878A 		.ascii	"\036\363\207\212\025\363r\306K6\005\302\005;\274\212"
 422      15F372C6 
 422      4B3605C2 
 422      053BBC8A 
 423 0b5f 28CEE6F3 		.ascii	"(\316\346\363(\302C\032\332k\177}\243|*\370\241\334"
 423      28C2431A 
 423      DA6B7F7D 
 423      A37C2AF8 
 423      A1DC
 424 0b71 5AF7D972 		.ascii	"Z\367\331r\317\177\344\230\374\201\314\236i\237]\341"
 424      CF7FE498 
 424      FC81CC9E 
 424      699F5DE1 
 425 0b81 DAA13C1E 		.ascii	"\332\241<\036\010\262\216\334o\313^;Oz/\227N\0264\025"
 425      08B28EDC 
ARM GAS  C:\Users\8FEE~1\AppData\Local\Temp\ccDFW5ei.s 			page 34


 425      6FCB5E3B 
 425      4F7A2F97 
 425      4E163415 
 426 0b95 F6D915D2 		.ascii	"\366\331\025\322\357\377@\276\253]\267\275\253\315\013"
 426      EFFF40BE 
 426      AB5DB7BD 
 426      ABCD0B
 427 0ba4 5C1EEB8C 		.ascii	"\\\036\353\214W\035t\306\271\327d\217\230\344k\265\374"
 427      571D74C6 
 427      B9D7648F 
 427      98E46BB5 
 427      FC
 428 0bb5 187955D1 		.ascii	"\030yU\321\030\357\316\340\311\341(Z\306f\205\365oR"
 428      18EFCEE0 
 428      C9E1285A 
 428      C66685F5 
 428      6F52
 429 0bc7 D8B81D93 		.ascii	"\330\270\035\223L\251\267\247\257/EM\256\221eM\223\234"
 429      4CA9B7A7 
 429      AF2F454D 
 429      AE91654D 
 429      939C
 430 0bd9 F2F5541B 		.ascii	"\362\365T\033\331\270\213h-\363\244o\010\210\233/ \372"
 430      D9B88B68 
 430      2DF3A46F 
 430      08889B2F 
 430      20FA
 431 0beb 8AE0EADC 		.ascii	"\212\340\352\334X\245'[<\303S$J\031o\272\212\026\247"
 431      58A5275B 
 431      3CC35324 
 431      4A196FBA 
 431      8A16A7
 432 0bfe D09D8248 		.ascii	"\320\235\202H\311K\240\351\013\371\205\3021\001\022"
 432      C94BA0E9 
 432      0BF985C2 
 432      310112
 433 0c0d 014FF82A 		.ascii	"\001O\370*$a\221I\254\251NO\320\276\237%euC?\312t*|"
 433      24619149 
 433      ACA94E4F 
 433      D0BE9F25 
 433      6575433F 
 434 0c25 F8589234 		.ascii	"\370X\2224\"\341B\2712\0008\204\3779\320\363\321qH,"
 434      22E142B9 
 434      32003884 
 434      FF39D0F3 
 434      D171482C 
 435 0c39 158AC4EF 		.ascii	"\025\212\304\357\303\344\230\202\332\235\3168\326\225"
 435      C3E49882 
 435      DA9DCE38 
 435      D695
 436 0c47 2ECB674B 		.ascii	".\313gKb\213\265J\275\004\242\2547\232\352]\307\325"
 436      628BB54A 
 436      BD04A2AC 
 436      379AEA5D 
 436      C7D5
 437 0c59 1E8B4EB8 		.ascii	"\036\213N\270\355\314\325\316\036x/1R\312\221\210\233"
 437      EDCCD5CE 
ARM GAS  C:\Users\8FEE~1\AppData\Local\Temp\ccDFW5ei.s 			page 35


 437      1E782F31 
 437      52CA9188 
 437      9B
 438 0c6a 810B4561 		.ascii	"\201\013Ea\213^8\264\326\273\215\352-.l~-\340d\246\327"
 438      8B5E38B4 
 438      D6BB8DEA 
 438      2D2E6C7E 
 438      2DE064A6 
 439 0c7f DE5B136B 		.ascii	"\336[\023k?\355\300\364d\362\276\263\005V\216\371\372"
 439      3FEDC0F4 
 439      64F2BEB3 
 439      05568EF9 
 439      FA
 440 0c90 3D05BE18 		.ascii	"=\005\276\030\212o\247\331/\235\003\341m\0323\300\\"
 440      8A6FA7D9 
 440      2F9D03E1 
 440      6D1A33C0 
 440      5C
 441 0ca1 2D645F84 		.ascii	"-d_\204Dv\237\200\015m\227\001n\267\005\030K\001\336"
 441      44769F80 
 441      0D6D9701 
 441      6EB70518 
 441      4B01DE
 442 0cb4 7A7EB1DC 		.ascii	"z~\261\334\015\037f\000\213\333\223\026R,\244H\031\276"
 442      0D1F6600 
 442      8BDB9316 
 442      522CA448 
 442      19BE
 443 0cc6 DBCDD96E 		.ascii	"\333\315\331n\016\221\304S$\273\314H\332/\335N\365\000"
 443      0E91C453 
 443      24BBCC48 
 443      DA2FDD4E 
 443      F500
 444 0cd8 24DDAC73 		.ascii	"$\335\254sW$\324\304I\207\020eCq2\2228\314v\203P\002"
 444      5724D4C4 
 444      49871065 
 444      43713292 
 444      38CC7683 
 445 0cee 4300E1C4 		.ascii	"C\000\341\304\270\210!h\350IO\225\335\301 \214\3245"
 445      B8882168 
 445      E8494F95 
 445      DDC1208C 
 445      D435
 446 0d00 DE101D87 		.ascii	"\336\020\035\207k\017\005\221h\006\221X'\365xr\020}"
 446      6B0F0591 
 446      68069158 
 446      27F57872 
 446      107D
 447 0d12 537F9518 		.ascii	"S\177\225\030\231\345CX\320n\031\300n3\200\275\024@"
 447      99E54358 
 447      D06E19C0 
 447      6E3380BD 
 447      1440
 448 0d24 6C617E9F 		.ascii	"la~\237\006\2273\000\311)\015=\002\237^3\355E\247\023"
 448      06973300 
 448      C9290D3D 
 448      029F5E33 
ARM GAS  C:\Users\8FEE~1\AppData\Local\Temp\ccDFW5ei.s 			page 36


 448      ED45A713 
 449 0d38 4F26C9D3 		.ascii	"O&\311\323\223\314\323\223\351\364\273\257\307\2524"
 449      93CCD393 
 449      E9F4BBAF 
 449      C7AA34
 450 0d47 B88E4DDF 		.ascii	"\270\216M\337\321\263\275E\3032|\234>HfO\2159\361W,"
 450      D1B3BD45 
 450      C3327C9C 
 450      3E48664F 
 450      8D39F157 
 451 0d5c E4B5E4DC 		.ascii	"\344\265\344\334\323\266l\376\370\370\222\\O\351\273"
 451      D3B66CFE 
 451      F8F8925C 
 451      4FE9BB
 452 0d6b 31EC8AAF 		.ascii	"1\354\212\257\263\311/z\"\217x\342\273l\220\325\260"
 452      B3C92F7A 
 452      228F78E2 
 452      BB6C90D5 
 452      B0
 453 0d7c A3D115B7 		.ascii	"\243\321\025\267\263A\321\356\360p\214\007\331\240\356"
 453      B341D1EE 
 453      F0708C07 
 453      D9A0EE
 454 0d8b F5CE21BA 		.ascii	"\365\316!\272\261\025\371\346\215-\234|>\037*\024\036"
 454      B115F9E6 
 454      8D2D9C7C 
 454      3E1F2A14 
 454      1E
 455 0d9c 30EDAEC2 		.ascii	"0\355\256\3022\301\242\203\230\335\365\017a\037\224"
 455      32C1A283 
 455      98DDF50F 
 455      611F94
 456 0dab 85CD77FC 		.ascii	"\205\315w\374\250Hp]\377\342$\332\366\016`-\332\317"
 456      A848705D 
 456      FFE224DA 
 456      F60E602D 
 456      DACF
 457 0dbd 591DDE52 		.ascii	"Y\035\336R\372\272Xg\002&\233'\351\236\235\337\026\212"
 457      FABA5867 
 457      02269B27 
 457      E99E9DDF 
 457      168A
 458 0dcf F85B8A5C 		.ascii	"\370[\212\\\030\034\350\275\351\201|\026Z:V;[\313\035"
 458      181CE8BD 
 458      E9817C16 
 458      5A3A563B 
 458      5BCB1D
 459 0de2 01D98765 		.ascii	"\001\331\207e\007\023)\016\226\216\331\000\324\036h"
 459      0713290E 
 459      968ED900 
 459      D41E68
 460 0df1 D03491F6 		.ascii	"\3204\221\366t\247;\216b[\300\375\265\243\217]p,\033"
 460      74A73B8E 
 460      625BC0FD 
 460      B5A38F5D 
 460      702C1B
 461 0e04 249C6D9F 		.ascii	"$\234m\237\366\304\211t d\024\036\032\301\216\336'\345"
ARM GAS  C:\Users\8FEE~1\AppData\Local\Temp\ccDFW5ei.s 			page 37


 461      F6C48974 
 461      2064141E 
 461      1AC18EDE 
 461      27E5
 462 0e16 6247EF93 		.ascii	"bG\357\223:\217\321UJ\016\326\240\343x\376\013\245\236"
 462      3A8FD155 
 462      4A0ED6A0 
 462      E378FE0B 
 462      A59E
 463 0e28 FC2AE82F 		.ascii	"\374*\350/\373\230\276\223\371SE\254\316\2772\347\360"
 463      FB98BE93 
 463      F95345AC 
 463      CEBF32E7 
 463      F0
 464 0e39 B3E2EB47 		.ascii	"\263\342\353G\261\303:\312\247)\234gN\3413\205\327\367"
 464      B1C33ACA 
 464      A7299C67 
 464      4EE13385 
 464      D7F7
 465 0e4b 6B945B27 		.ascii	"k\224['p]\021\340\002l^\177\220\255\333\363Iyn8\213"
 465      705D11E0 
 465      026C5E7F 
 465      90ADDBF3 
 465      49796E38 
 466 0e60 D9D675AD 		.ascii	"\331\326u\255\254\327\315z\357Q9\025\025\201y\362l\036"
 466      ACD7CD7A 
 466      EF513915 
 466      158179F2 
 466      6C1E
 467 0e72 BA7D5E11 		.ascii	"\272}^\021$t\205p\376\244l\031\2601\005\225gJ\213\265"
 467      24748570 
 467      FEA46C19 
 467      B0310595 
 467      674A8BB5 
 468 0e86 389759F6 		.ascii	"8\227Y\366jz\377y\236\276\213`8\323\265{\267\232o~\220"
 468      6A7AFF79 
 468      9EBE8B60 
 468      38D3B57B 
 468      B79A6F7E 
 469 0e9b 97370559 		.ascii	"\2277\005Y#\220*\245\214\267r\352B\273\026W\320\201"
 469      23902AA5 
 469      8CB772EA 
 469      42BB1657 
 469      D081
 470 0ead E6D66C64 		.ascii	"\346\326ld\227\006-\324\262\035\015\237\205\312uh1\366"
 470      97062DD4 
 470      B21D0D9F 
 470      85CA7568 
 470      31F6
 471 0ebf 46A7C10F 		.ascii	"F\247\301\017\350\002\300\273\304\203[\001\307%x)\272"
 471      E802C0BB 
 471      C4835B01 
 471      C7257829 
 471      BA
 472 0ed0 08540A54 		.ascii	"\010T\012T\006T\316\203\2550\357\034V.r\317S\320\346"
 472      0654CE83 
 472      AD30EF1C 
ARM GAS  C:\Users\8FEE~1\AppData\Local\Temp\ccDFW5ei.s 			page 38


 472      562E72CF 
 472      53D0E6
 473 0ee3 9B57E682 		.ascii	"\233W\346\202(b\030a9+\033v\011/T.\312\342\033\314\313"
 473      28621861 
 473      392B1B76 
 473      092F542E 
 473      CAE21BCC 
 474 0ef8 4BCC1E64 		.ascii	"K\314\036d.\331\317s6\241\246\215/\006H\036\034\303"
 474      2ED9CF73 
 474      36A1A68D 
 474      2F06481E 
 474      1CC3
 475 0f0a 36DCB5B6 		.ascii	"6\334\265\266\353\230\372\377`k\001\342\333\023\366"
 475      EB98FAFF 
 475      606B01E2 
 475      DB13F6
 476 0f19 B9954B87 		.ascii	"\271\225K\207\3166\276\354\201\2649c\313>ows\362\337"
 476      CE36BEEC 
 476      81B43963 
 476      CB3E6F77 
 476      73F2DF
 477 0f2c F99A0FB3 		.ascii	"\371\232\017\263\347\325\371\300\231l\276\311|\217U"
 477      E7D5F9C0 
 477      996CBEC9 
 477      7C8F55
 478 0f3b E825EB0A 		.ascii	"\350%\353\012\265\033\207S\\\367\333\342\000A>zy\264"
 478      B51B8753 
 478      5CF7DBE2 
 478      00413E7A 
 478      79B4
 479 0f4d 52831B59 		.ascii	"R\203\033Y\304\247O\027L;\343\307t\340\\1\022\235$\240"
 479      C4A74F17 
 479      4C3BE3C7 
 479      74E05C31 
 479      129D24A0 
 480 0f61 857417CB 		.ascii	"\205t\027\313\3566G%h\251\342Zj@K5H\276\012t\005\350"
 480      EE364725 
 480      68A9E25A 
 480      6A404B35 
 480      48BE0A74 
 481 0f77 1A563E56 		.ascii	"\032V>V\215\336\347~1\307\250\352M1\272\323n\023\243"
 481      8DDEE77E 
 481      31C7A8EA 
 481      4D31BAD3 
 481      6E13A3
 482 0f8a AA37C6A8 		.ascii	"\2527\306\250\246]!\274\321\256p+?\336g~\254\302v6H"
 482      A65D21BC 
 482      D1AE702B 
 482      3FDE677E 
 482      ACC27636 
 483 0f9f EF       		.ascii	"\357"
 484 0fa0 7428545F 		.ascii	"t(T_\266\257Z\261Azz@\215\207X\345\036\230\312mFh\241"
 484      B6AF5AB1 
 484      417A7A40 
 484      8D8758E5 
 484      1E98CA6D 
 485 0fb7 8F5D4FD5 		.ascii	"\217]O\325\203w\336\346)KKm\214L!-\265\016\370k\025"
ARM GAS  C:\Users\8FEE~1\AppData\Local\Temp\ccDFW5ei.s 			page 39


 485      8377DEE6 
 485      294B4B6D 
 485      8C4C212D 
 485      B50EF86B 
 486 0fcc 8D0AF375 		.ascii	"\215\012\363u\331\205\213\317?`\005\354M\336\345?xU"
 486      D9858BCF 
 486      3F6005EC 
 486      4DDEE53F 
 486      7855
 487 0fde C9DFCC76 		.ascii	"\311\337\314v\223\002.j\214\317\204\036\352F\303Y\220"
 487      93022E6A 
 487      8CCF841E 
 487      EA46C359 
 487      90
 488 0fef 180E6BEF 		.ascii	"\030\016k\357\0306h\333\376\272\336\011\247\321\201"
 488      183668DB 
 488      FEBADE09 
 488      A7D181
 489 0ffe CBE5     		.ascii	"\313\345"
 490 1000 E2F01D98 		.ascii	"\342\360\035\230o\377\373,\264\324RG\036\257%\363\332"
 490      6FFFFB2C 
 490      B4D45247 
 490      1EAF25F3 
 490      DA
 491 1011 F7EE1B3D 		.ascii	"\367\356\033=?\324\251\330C\270\211m\330\255W\371`\333"
 491      3FD4A9D8 
 491      43B8896D 
 491      D8AD57F9 
 491      60DB
 492 1023 E8039B85 		.ascii	"\350\003\233\205\270\035\351\312jjT\212\317\264\345"
 492      B81DE9CA 
 492      6A6A548A 
 492      CFB4E5
 493 1032 9FB7CEEF 		.ascii	"\237\267\316\357\004\361\022a7\257\214\011\273\235\225"
 493      04F11261 
 493      37AF8C09 
 493      BB9D95
 494 1041 318FB452 		.ascii	"1\217\264R\370>\373\302\225is\347\001K\233\273\216\313"
 494      F83EFBC2 
 494      956973E7 
 494      014B9BBB 
 494      8ECB
 495 1053 EF3A945F 		.ascii	"\357:\224_\003)\277F\356\012\022\356;\020\356\333\020"
 495      0329BF46 
 495      EE0A12EE 
 495      3B10EEDB 
 495      10
 496 1064 E626A066 		.ascii	"\346&\240f\240\026\240V\240[r\011>z\221\362T\304Yn\354"
 496      A016A056 
 496      A05B7209 
 496      3E7A91F2 
 496      54C4596E 
 497 1079 0ED0DA72 		.ascii	"\016\320\332r\305\335&\217,\202\357\203\260w\025l\311"
 497      C5DD268F 
 497      2C82EF83 
 497      B077156C 
 497      C9
ARM GAS  C:\Users\8FEE~1\AppData\Local\Temp\ccDFW5ei.s 			page 40


 498 108a A7C2EA04 		.ascii	"\247\302\352\004\222Om0\357\236\234Ow\315\371\324\364"
 498      924F6D30 
 498      EF9E9C4F 
 498      77CDF9D4 
 498      F4
 499 109b 3A1B6E7C 		.ascii	":\033n|\005,I\252\262J\377\032\237g\307\257\367\336"
 499      052C49AA 
 499      B24AFF1A 
 499      9F67C7AF 
 499      F7DE
 500 10ad EFF2C0A5 		.ascii	"\357\362\300\245l\360\264\240\245\005\343\313\014c^"
 500      6CF0B4A0 
 500      A505E3CB 
 500      0C635E
 501 10bc 745389A0 		.ascii	"tS\211\240\374Q\022{\005\336\0155\323i{k\265{\227\356"
 501      FC51127B 
 501      05DE0D35 
 501      D3697B6B 
 501      B57B97EE 
 502 10d0 B2739786 		.ascii	"\262s\227\206\345N~Z\313j\344\263\224\257.nN8\215\237"
 502      E54E7E5A 
 502      CB6AE4B3 
 502      94AF2E6E 
 502      4E388D9F 
 503 10e4 260BF587 		.ascii	"&\013\365\207\366*\265/U\315\272'\321\372\000\264>\264"
 503      F62AB52F 
 503      55CDBA27 
 503      D1FA00B4 
 503      3EB4
 504 10f6 DF52EC2D 		.ascii	"\337R\354-BT\224\2318\261\007\200\364\312\221x\225\335"
 504      42549499 
 504      38B10780 
 504      F4CA9178 
 504      95DD
 505 1108 DFEA8C5F 		.ascii	"\337\352\214_2+\373\213\257\305\312\221\260Y\306\364"
 505      322BFB8B 
 505      AFC5CA91 
 505      B059C6F4 
 506 1118 C1447B42 		.ascii	"\301D{Bx\217\371\230n\210\300\365G\262?\036r\217\253"
 506      788FF998 
 506      6E88C0F5 
 506      47B23F1E 
 506      728FAB
 507 112b EB52C69A 		.ascii	"\353R\306\232\334\020}\353\266t\251e\233\344i\001\257"
 507      DC107DEB 
 507      B674A965 
 507      9BE46901 
 507      AF
 508 113c 3D32AD03 		.ascii	"=2\255\003\246\365+\015J\307\366\367/\323 5RIj\264\363"
 508      A6F52B0D 
 508      4AC7F6F7 
 508      2FD32035 
 508      52496AB4 
 509 1151 1904D000 		.ascii	"\031\004\320\000\000\032\204Tx\016\364\014\350)\320"
 509      001A8454 
 509      780EF40C 
 509      E829D0
ARM GAS  C:\Users\8FEE~1\AppData\Local\Temp\ccDFW5ei.s 			page 41


 510 1160 13ACDC0E 		.ascii	"\023\254\334\016\352\015bO\255\344Q3\203\317\264\354"
 510      EA0D624F 
 510      ADE45133 
 510      83CFB4EC 
 511 1170 1CDFB67D 		.ascii	"\034\337\266}\247\3247\310r\277\177^ \310\032\373\031"
 511      A7D437C8 
 511      72BF7F5E 
 511      20C81AFB 
 511      19
 512 1181 2F3B9260 		.ascii	"/;\222`7\270,K\306\332\356sT\005\261\250\221\005\343"
 512      37B82C4B 
 512      C6DAEE73 
 512      5405B1A8 
 512      9105E3
 513 1194 3E5B23DB 		.ascii	">[#\333\254[\000\301\031\310p\222fx\224\263[\272\252"
 513      AC5B00C1 
 513      19C87092 
 513      667894B3 
 513      5BBAAA
 514 11a7 CDFBAA8B 		.ascii	"\315\373\252\213\321Q\243\3568\\K\203\027\221XT\342"
 514      D151A3EE 
 514      385C4B83 
 514      17915854 
 514      E2
 515 11b8 64534616 		.ascii	"dSF\026_\275\004\377\274\213\257,%\324_\035OJ\350\005"
 515      5FBD04FF 
 515      BC8BAF2C 
 515      25D45F1D 
 515      4F4AE805 
 516 11cc CC199203 		.ascii	"\314\031\222\003\332o.\241\326\231\323in\337\3136?6"
 516      DA6F2EA1 
 516      D699D369 
 516      6EDFCB36 
 516      3F36
 517 11de 9D486890 		.ascii	"\235Hh\220\244C\002eOa\354\026\335*r\006\376\277\302"
 517      A4430265 
 517      4F61EC16 
 517      DD2A7206 
 517      FEBFC2
 518 11f1 DF233D79 		.ascii	"\337#=y|n\255r\231\330b\265\3437\314\026C\344\033x\257"
 518      7C6EAD72 
 518      99D862B5 
 518      E337CC16 
 518      43E41B78 
 519 1206 E446EFF0 		.ascii	"\344F\357\360T2\277\260Z9\215p\346\021\312\034s\256"
 519      5432BFB0 
 519      5A398D70 
 519      E611CA1C 
 519      73AE
 520 1218 A553D4C8 		.ascii	"\245S\324\310?.\"\267\013\231\3675&o\332W\320\275\033"
 520      3F2E22B7 
 520      0B99F735 
 520      266FDA57 
 520      D0BD1B
 521 122b 608E7B7E 		.ascii	"`\216{~+M\273`7\367\324\022D\337\370\313k\333o\361\002"
 521      2B4DBB60 
 521      37F7D412 
ARM GAS  C:\Users\8FEE~1\AppData\Local\Temp\ccDFW5ei.s 			page 42


 521      44DFF8CB 
 521      6BDB6FF1 
 522 1240 F31C3A20 		.ascii	"\363\034: \035k\252\240\224\377v\312\031\206c\205Y\215"
 522      1D6BAAA0 
 522      94FF76CA 
 522      19866385 
 522      598D
 523 1252 EE0EB58D 		.ascii	"\356\016\265\215\231\265\215b\252\356uL\364\030\377"
 523      99B58D62 
 523      AAEE754C 
 523      F418FF
 524 1261 E52679A0 		.ascii	"\345&y\2402\377\312p\021\373\225a{S~\215\273-\230\011"
 524      32FFCA70 
 524      11FB9561 
 524      7B537E8D 
 524      BB2D9809 
 525 1275 F0DE3805 		.ascii	"\360\3368\0053I\301\21410\223\024L\354\251\327\031\256"
 525      3349C18C 
 525      31309314 
 525      4CECA9D7 
 525      19AE
 526 1287 4AC7ECB1 		.ascii	"J\307\354\261ZlOq\307LQ\307d\025\337\031\264\362b\274"
 526      5A6C4F71 
 526      C74C51C7 
 526      6415DF19 
 526      B4F262BC 
 527 129b 15F33467 		.ascii	"\025\3634g\236\246\314q\321'\302\325x\227\226\275P\017"
 527      9EA6CC71 
 527      D127C2D5 
 527      789796BD 
 527      500F
 528 12ad 6FBDAC71 		.ascii	"o\275\254q\370\0000k\265\345P\227t,\211\354tT\302\023"
 528      F800306B 
 528      B5E55097 
 528      742C89EC 
 528      7454C213 
 529 12c1 FD548C7A 		.ascii	"\375T\214z(o\233\324$IY\277\246|hFN\241\031\333g\372"
 529      286F9BD4 
 529      244959BF 
 529      A67C6846 
 529      4EA119DB 
 530 12d7 39FA447A 		.ascii	"9\372Dzll<\326\003_b\212\243g\206\273=\270\260\352\016"
 530      6C6C3CD6 
 530      035F628A 
 530      A36786BB 
 530      3DB8B0EA 
 531 12ec 7CA2F891 		.ascii	"|\242\370\221$\201\001QH\244\322$\321\"\015\016\255"
 531      24810151 
 531      48A4D224 
 531      D1220D0E 
 531      AD
 532 12fd A5858BF4 		.ascii	"\245\205\213\364\371\266\257\312\037\3271a'\012\016"
 532      F9B6AFCA 
 532      1FD73161 
 532      270A0E
 533 130c 1479E0BB 		.ascii	"\024y\340\273l\020[U\235\351\014\2179(\222L\244\375"
 533      6C105B55 
ARM GAS  C:\Users\8FEE~1\AppData\Local\Temp\ccDFW5ei.s 			page 43


 533      9DE90C8F 
 533      3928924C 
 533      A4FD
 534 131e 7FA2CB8B 		.ascii	"\177\242\313\213>\367TY\3667\256\024\345\315x8\264{"
 534      3EF75459 
 534      F637AE14 
 534      E5CD7838 
 534      B47B
 535 1330 9B48EC8E 		.ascii	"\233H\354\216\026\271\341}\373R\212\3348\326\027\231"
 535      16B9E17D 
 535      FB528ADC 
 535      38D61799 
 536 1340 EAF8DC4E 		.ascii	"\352\370\334N\350i\341\322\247\265\002\341D\021f\254"
 536      E869E1D2 
 536      A7B502E1 
 536      441166AC 
 537 1350 284A14C9 		.ascii	"(J\024\311\310\032\356v\012\367J\375\3101\027|\320\235"
 537      C81AEE76 
 537      0AF74AFD 
 537      C831177C 
 537      D09D
 538 1362 424C3BB2 		.ascii	"BL;\262\247\234m'@\025pD\017\232ov\211\226-\206\235"
 538      A79C6D27 
 538      40157044 
 538      0F9A6F76 
 538      89962D86 
 539 1377 22DB8619 		.ascii	"\"\333\206\031=W\354\356\020f,\205\031c\2069\231[}V"
 539      3D57ECEE 
 539      10662C85 
 539      19638639 
 539      995B7D56 
 540 138b E430A160 		.ascii	"\3440\241`\353\212\213\352\302\245EQ\256\204\017\355"
 540      EB8A8BEA 
 540      C2A54551 
 540      AE840FED 
 541 139b 901DBAC3 		.ascii	"\220\035\272\303\026a\034E\3304T\026\347\206\363\031"
 541      16611C45 
 541      D8345416 
 541      E786F319 
 542 13ab C29CA8F8 		.ascii	"\302\234\250\3709g9\3261\005V\261\336%\013\333e+,\236"
 542      396739D6 
 542      310556B1 
 542      DE250BDB 
 542      652B2C9E 
 543 13bf 0AEB3EF8 		.ascii	"\012\353>\370d\257;\276\300\2045Td\267:\311\261\276"
 543      64AF3BBE 
 543      C0843554 
 543      64B73AC9 
 543      B1BE
 544 13d1 6F13EB04 		.ascii	"o\023\353\004YZ\202\255\264\335TZ\351P\372\200\026_"
 544      595A82AD 
 544      B4DD545A 
 544      E950FA80 
 544      165F
 545 13e3 61D2665E 		.ascii	"a\322f^6\315\360\037\360j`\330\322w(\212WZ\023\271|"
 545      36CDF01F 
 545      F06A60D8 
ARM GAS  C:\Users\8FEE~1\AppData\Local\Temp\ccDFW5ei.s 			page 44


 545      D277288A 
 545      575A13B9 
 546 13f8 E8C6488A 		.ascii	"\350\306H\212\00673\336\274sGK\371\357\011]a8u\2565"
 546      063733DE 
 546      BC73474B 
 546      F9EF095D 
 546      613875AE 
 547 140d D1D36149 		.ascii	"\321\323aI\247\210\274\244\223EZ\322g2\346\006\235l"
 547      A788BCA4 
 547      93455AD2 
 547      6732E606 
 547      9D6C
 548 141f 8B76AFE8 		.ascii	"\213v\257\350\215\366\210\204=U\\`\236D\270\357\205"
 548      8DF68884 
 548      3D555C60 
 548      9E44B8EF 
 548      85
 549 1430 57857B28 		.ascii	"W\205{(\271\323\337\304}g\2544V\013\315\265\251\222"
 549      B9D3DFC4 
 549      7D67AC34 
 549      560BCDB5 
 549      A992
 550 1442 EE1A963E 		.ascii	"\356\032\226>\214\222\302\267\301\315(M\\\200\222\300"
 550      8C92C2B7 
 550      C1CD284D 
 550      5C8092C0 
 551 1452 1F91F87D 		.ascii	"\037\221\370}\305\344D8\363[\310\350t\221\364\327k\327"
 551      C5E44438 
 551      F35BC8E8 
 551      7491F4D7 
 551      6BD7
 552 1464 EFEFD4E0 		.ascii	"\357\357\324\340vw\207;S7\256\266\244\251\361 e\020"
 552      7677873B 
 552      5337AEB6 
 552      A4A9F120 
 552      6510
 553 1476 FB2F0D0B 		.ascii	"\373/\015\013`\"\371s\365!\277Z:(\272\262\237;y\321"
 553      6022F973 
 553      F521BF5A 
 553      3A28BAB2 
 553      9F3B79D1 
 554 148a C3EDF477 		.ascii	"\303\355\364wK\021\273\275\220\345wKY\242\017\275\244"
 554      4B11BBBD 
 554      90E5774B 
 554      59A20FBD 
 554      A4
 555 149b 42FB01C2 		.ascii	"B\373\001\302\001\221o6H\364\207Sp\001e\212\226\037"
 555      01916F36 
 555      48F48753 
 555      7001658A 
 555      961F
 556 14ad 4E115BDA 		.ascii	"N\021[\332\323\317X\325\022a\221\263\364\020\315\322"
 556      D3CF58D5 
 556      126191B3 
 556      F410CDD2 
 557 14bd 7DE62CDD 		.ascii	"}\346,\3355;\321b.\246\233\025\352\203\221\015\274\230"
 557      353BD162 
ARM GAS  C:\Users\8FEE~1\AppData\Local\Temp\ccDFW5ei.s 			page 45


 557      2EA69B15 
 557      EA83910D 
 557      BC98
 558 14cf 44C28932 		.ascii	"D\302\2112\344d\310\260M\206\3034\031\302k\216G\252"
 558      E464C8B0 
 558      4D86C334 
 558      19C26B8E 
 558      47AA
 559 14e1 71BA87C3 		.ascii	"q\272\207\303J\352m\251\330\356\351xc\356(\305s\304"
 559      4AEA6DA9 
 559      D8EEE978 
 559      63EE28C5 
 559      73C4
 560 14f3 8C677F4F 		.ascii	"\214g\177O\355\220\242j\332\212\037\361\252\001>\224"
 560      ED90A26A 
 560      DA8A1FF1 
 560      AA013E94 
 561 1503 2DA3C9B6 		.ascii	"-\243\311\266Es\214\242yU\326s\316]\331zc\254Z\357q"
 561      45738CA2 
 561      7955D673 
 561      CE5DD97A 
 561      63AC5AEF 
 562 1518 91B55EF8 		.ascii	"\221\265^\370\006\346\216\363\017\"=q\036\203~\247;"
 562      06E68EF3 
 562      0F223D71 
 562      1E837EA7 
 562      3B
 563 1529 724C2D3B 		.ascii	"rL-;\342\251\331\021LD\216\2549\307Vs.\325\2747\355"
 563      E2A9D911 
 563      4C448EAC 
 563      39C75673 
 563      2ED5BC37 
 564 153e FE45575C 		.ascii	"\376EW\\\302\204e\017\224T\363\337-\273\023E\207\223"
 564      C284650F 
 564      9454F3DF 
 564      2DBB1345 
 564      8793
 565 1550 8E8AAC28 		.ascii	"\216\212\254(\372\311\345\352gg\306\034'~\2019\361\373"
 565      FAC9E5EA 
 565      6767C61C 
 565      277E8139 
 565      F1FB
 566 1562 E98A155D 		.ascii	"\351\212\025]h*\331\347f\233\370\371\220\012y4\033O"
 566      682AD9E7 
 566      669BF8F9 
 566      900A7934 
 566      1B4F
 567 1574 D2542E30 		.ascii	"\322T.0\247rq\333\2664W\333\304w\310}\341\334\221Y$"
 567      A77271DB 
 567      B63457DB 
 567      C477C87D 
 567      E1DC9159 
 568 1589 27FE89C7 		.ascii	"'\376\211\307<\361\013y\342\307B\342\313\223O\360\304"
 568      3CF10B79 
 568      E2C742E2 
 568      CB934FF0 
 568      C4
ARM GAS  C:\Users\8FEE~1\AppData\Local\Temp\ccDFW5ei.s 			page 46


 569 159a 2F12BFA7 		.ascii	"/\022\277\247r\365\333\370\271q\303\032}\260\277\313"
 569      72F5DBF8 
 569      B971C31A 
 569      7DB0BFCB 
 570 15aa AF7EF3D5 		.ascii	"\257~\363\325\222\317V\255R\271\352t\001\301\246\017"
 570      92CF56AD 
 570      52B9EA74 
 570      01C1A60F 
 571 15ba 3FD099FE 		.ascii	"?\320\231\376\307\377\037\326\372m\014X\027`4\205\371"
 571      C7FF1FD6 
 571      FA6D0C58 
 571      17603485 
 571      F9
 572 15cb 0784E842 		.ascii	"\007\204\350B\015\372M\001\372\315\253~\252<\273\326"
 572      0DFA4D01 
 572      FACDAB7E 
 572      AA3CBBD6 
 573 15db 14121268 		.ascii	"\024\022\022h\\\273!8l\011=Z\342k\010Z\242\017Z\247"
 573      5CBB2138 
 573      6C093D5A 
 573      E26B085A 
 573      A20F5AA7 
 574 15ef F7F7D7FB 		.ascii	"\367\367\327\373\257\375h\371\207K>X\271\352\343?\254"
 574      AFFD68F9 
 574      874B3E58 
 574      B9EAE33F 
 574      AC
 575 1600 5A0BE77F 		.ascii	"Z\013\347\177\024\034\022\254\377\221\336w]\300\332"
 575      141C12AC 
 575      FF91DE77 
 575      5DC0DA
 576 160f 8060BFC0 		.ascii	"\200`\277\3000\177\375\332 _\220\025\254_\253\363\327"
 576      307FFDDA 
 576      205F9015 
 576      AC5FABF3 
 576      D7
 577 1620 AFF70D0B 		.ascii	"\257\367\015\0134\351L[C\365\306\345\033Uj\016\342\017"
 577      34E94C5B 
 577      43F5C6E5 
 577      1B556A0E 
 577      E20F
 578 1632 FF0F208C 		.ascii	"\377\017 \214[\215kuF\223?\250\004\315NA\306\015:\323"
 578      5B8D6B75 
 578      46933FA8 
 578      04CD4E41 
 578      C60D3AD3 
 579 1646 A7CB97AF 		.ascii	"\247\313\227\257\200?\252$\304\270\352\343\217V\204"
 579      803FAA24 
 579      C4B8EAE3 
 579      8F5684
 580 1655 1857F885 		.ascii	"\030W\370\205\004\005\205\004\257\010\0151\230\214+"
 580      04058504 
 580      AF080D31 
 580      988C2B
 581 1664 7EF6E5E7 		.ascii	"~\366\345\347\237}\276\205\234\013\015\010\324\033\214"
 581      9F7DBE85 
 581      9C0B0D08 
ARM GAS  C:\Users\8FEE~1\AppData\Local\Temp\ccDFW5ei.s 			page 47


 581      D41B8C
 582 1673 2B7EF5D9 		.ascii	"+~\365\331g\300o6\300\305\240\367\015\0145\004\204h"
 582      67C06F36 
 582      C0C5A0F7 
 582      0D0C3504 
 582      8468
 583 1685 74BA306E 		.ascii	"t\2720n\214\213\371@m\"W\340;\310\264%\020\214\020\203"
 583      8C8BF940 
 583      6D2257E0 
 583      3BC8B425 
 583      108C1083 
 584 1699 F55B4C4E 		.ascii	"\365[LN!\233\203\365\006\247?\204\351\303\364^~\033"
 584      219B83F5 
 584      06A73F84 
 584      E9C3F45E 
 584      7E1B
 585 16ab 75A68D20 		.ascii	"u\246\215 \302\337\250\243'Db\270\247\325)2=\314\244"
 585      C2DFA8A3 
 585      274462B8 
 585      A7D52932 
 585      3DCCA4
 586 16be DF027281 		.ascii	"\337\002r\201\233\036\272\350C!\226\001\301\033\334"
 586      9B1EBAE8 
 586      43219601 
 586      C11BDC
 587 16cd F49BF4C1 		.ascii	"\364\233\364\301\246 _\3437p\025\014\242\023\324\233"
 587      A6205FE3 
 587      3770150C 
 587      A213D49B 
 588 16dd 7D034C70 		.ascii	"}\003Lp\321S!\234h\367P\016t&\024\346\254\337L\246:"
 588      D153219C 
 588      68F7500E 
 588      742614E6 
 588      ACDF4CA6 
 589 16f2 6F3601BE 		.ascii	"o6\001\276P\3702\352\203B\261_\260\311\011Hg\322\302"
 589      50F832EA 
 589      8342B15F 
 589      B0C90948 
 589      67D2C2
 590 1705 7C38E31B 		.ascii	"|8\343\033\2721\304\240W\033\211\"\343\006\247\315&"
 590      BA31C4A0 
 590      571B8922 
 590      E306A7CD 
 590      26
 591 1716 93217401 		.ascii	"\223!t\001\023\2453\350\327\353\015\372`?\000\011\323"
 591      13A533E8 
 591      D7EB0DFA 
 591      603F0009 
 591      D3
 592 1727 43D6FD3E 		.ascii	"C\326\375>\324E\277%\300\344\027\342\257w6\370o\005"
 592      D445BF25 
 592      C0E417E2 
 592      AF7736F8 
 592      6F05
 593 1739 7E11588C 		.ascii	"~\021X\214\256\3147\237\200)\346o\0239\25739\255\017"
 593      AECC379F 
 593      8029E66F 
ARM GAS  C:\Users\8FEE~1\AppData\Local\Temp\ccDFW5ei.s 			page 48


 593      1339AF33 
 593      39AD0F
 594 174c F4DD6054 		.ascii	"\364\335`T\233\202`\006\214\214&_\223\336\305D\277\210"
 594      9B826006 
 594      8C8C265F 
 594      93DEC544 
 594      BF88
 595 175e 48DF75BE 		.ascii	"H\337u\276F=\367\354G?\346\236%\007\032\243\351\033"
 595      463DF7EC 
 595      473FE69E 
 595      25071AA3 
 595      E91B
 596 1770 DFC0800D 		.ascii	"\337\300\200\015\301:\323\252w\016\341F?0\004b&\006"
 596      C13AD3AA 
 596      770EE146 
 596      3F300462 
 596      2606
 597 1782 FB06E945 		.ascii	"\373\006\351E\277\215\276\006\247\220@\177\210E\260"
 597      BF8DBE06 
 597      A790407F 
 597      8845B0
 598 1791 7EB3DE80 		.ascii	"~\263\336\200\375L[\004c\250\020h\200\230n\200\024\322"
 598      FD4C5B04 
 598      63A81068 
 598      80986E80 
 598      14D2
 599 17a3 99B061D5 		.ascii	"\231\260a\325*\240\225\202\341\247\202\341\023\301\360"
 599      2AA09582 
 599      E1A782E1 
 599      13C1F0
 600 17b2 B160F848 		.ascii	"\261`\370H0\374D0\374\330\215H&\025\004\223~\362\347"
 600      30FC4430 
 600      FCD88D48 
 600      26150493 
 600      7EF2E7
 601 17c5 01D06DFA 		.ascii	"\001\320m\3728\010@h\251\004\277"
 601      38084068 
 601      A904BF
 602 17d0 906088A7 		.ascii	"\220`\210\247I$y\342j\211\227SP(\344\267\013w\262\311"
 602      492479E2 
 602      6A899753 
 602      5028E4B7 
 602      0B77B2C9 
 603 17e4 C79E0283 		.ascii	"\307\236\002\203i\005Ol\270`\364\333\350\0172\227\275"
 603      69054F6C 
 603      B860F4DB 
 603      E80F3297 
 603      BD
 604 17f5 9511020D 		.ascii	"\225\021\002\015|?|\273\300\255Fs\206\277]($\011\360"
 604      7C3F7CBB 
 604      C0AD4673 
 604      86BF5D28 
 604      2409F0
 605 1808 FDAD033E 		.ascii	"\375\255\003>\243\301\217(6nX\356\307\033\321\357 ?"
 605      A3C18F28 
 605      366E58EE 
 605      C71BD1EF 
ARM GAS  C:\Users\8FEE~1\AppData\Local\Temp\ccDFW5ei.s 			page 49


 605      203F
 606 181a B5F4E84B 		.ascii	"\265\364\350K}\240\036\"\354\356\267q\215\337\306_\205"
 606      7DA01E22 
 606      ECEEB771 
 606      8DDFC65F 
 606      85
 607 182b AC09D4EB 		.ascii	"\254\011\324\353C\327\270\321\321\227`\372\326\325Z"
 607      43D7B8D1 
 607      D19760FA 
 607      D6D55A
 608 183a 7AFC3BDF 		.ascii	"z\374;\337o\364a\241k\004\277\215\232 _p:\365\013\366"
 608      6FF461A1 
 608      6B04BF8D 
 608      9A205F70 
 608      3AF50BF6 
 609 184e 5F47539C 		.ascii	"_GS\234@\325\007AgY\027\266\3015\32478\300O\007\312"
 609      40D50741 
 609      675917B6 
 609      C135D437 
 609      38C04F07 
 610 1863 3C94A721 		.ascii	"<\224\247!\2256\231H\326;\371\353\003M\276\256\344Z"
 610      95369948 
 610      D63BF9EB 
 610      034DBEAE 
 610      E45A
 611 1875 40106498 		.ascii	"@\020d\230\270>,\330\317e\223\211|\351L\244\0327\005"
 611      B83E2CD8 
 611      CF659389 
 611      7CE94CA4 
 611      1A3705
 612 1888 184C61BE 		.ascii	"\030La\276\201:r\335\200C}\015\236Vgt\246\367l\231X"
 612      813A72DD 
 612      80437D0D 
 612      9E566774 
 612      A6F76C99 
 613 189d 3DB904FA 		.ascii	"=\271\004\372\032Md\374];\027!\263\015\344\033\354\324"
 613      1A4D64FC 
 613      5D3B1721 
 613      B30DE41B 
 613      ECD4
 614 18af 11E85BE9 		.ascii	"\021\350[\351Y\265_\230\001\212\307\244\225O\351L\256"
 614      59B55F98 
 614      018AC7A4 
 614      954FE94C 
 614      AE
 615 18c0 168B0453 		.ascii	"\026\213\004S\220s\310\372\365F\275Im0\321\202\374\376"
 615      9073C8FA 
 615      F546BD49 
 615      6D30D182 
 615      FCFE
 616 18d2 5B236122 		.ascii	"[#a\"\201\3602\005\351\374\2408\326\031|M\001!P!n\262"
 616      81F03205 
 616      E9FCA038 
 616      D6197C4D 
 616      01215021 
 617 18e8 9788FC35 		.ascii	"\227\210\3745[\215\377\032\342\367\315;\304u+\211\277"
 617      5B8DFF1A 
ARM GAS  C:\Users\8FEE~1\AppData\Local\Temp\ccDFW5ei.s 			page 50


 617      E2F7CD3B 
 617      C4752B89 
 617      BF
 618 18f9 2B4DD440 		.ascii	"+M\324@\230\341\256\203~`\322\375\374gk~\361\305\227"
 618      98E1AE83 
 618      7E60D2FD 
 618      FC676B7E 
 618      F1C597
 619 190c ABDD7D03 		.ascii	"\253\335}\0037\373n5B\021\004Bk\377\351\033\212\000"
 619      37FB6E35 
 619      42110442 
 619      6BFFE91B 
 619      8A00
 620 191e 127CC567 		.ascii	"\022|\305g\237\257Y\275F\226\035d\0140\3526\370\371"
 620      9FAF59BD 
 620      46961D64 
 620      0C30EA36 
 620      F8F9
 621 1930 9142605D 		.ascii	"\221B`]. \330\2507\020\250\000\357\253`\242\216\325"
 621      2E20D8A8 
 621      3710A800 
 621      EFAB60A2 
 621      8ED5
 622 1942 58583057 		.ascii	"XX0WMc\244[\376\361\312\237\374\330\305<\362\244Y\264"
 622      4D63A45B 
 622      FEF1CA9F 
 622      FCD8C53C 
 622      F2A459B4 
 623 1956 DAF8056B 		.ascii	"\332\370\005k\207\253\235t?\207\302y\2072\200l\334\250"
 623      87AB9D74 
 623      3F87C279 
 623      8732806C 
 623      DCA8
 624 1968 FA0ED3BC 		.ascii	"\372\016\323\274>`}\010\204%(d\023ID9+\327(\225~\364"
 624      3E607D08 
 624      84252864 
 624      13494439 
 624      2BD72895 
 625 197e E1FF02F4 		.ascii	"\341\377\002\364\273\344m"
 625      BBE46D
 626              		.text
 627              		.section	.gnu.lto_.symtab.8abf8af4,"",%progbits
 628 0000 63684D73 		.ascii	"chMsgSend\000"
 628      6753656E 
 628      6400
 629 000a 00       		.ascii	"\000"
 630 000b 00       		.ascii	"\000"
 631 000c 00       		.ascii	"\000"
 632 000d 00000000 		.ascii	"\000\000\000\000\000\000\000\000"
 632      00000000 
 633 0015 83010000 		.ascii	"\203\001\000\000"
 634 0019 63684D73 		.ascii	"chMsgWait\000"
 634      67576169 
 634      7400
 635 0023 00       		.ascii	"\000"
 636 0024 00       		.ascii	"\000"
 637 0025 00       		.ascii	"\000"
ARM GAS  C:\Users\8FEE~1\AppData\Local\Temp\ccDFW5ei.s 			page 51


 638 0026 00000000 		.ascii	"\000\000\000\000\000\000\000\000"
 638      00000000 
 639 002e 86010000 		.ascii	"\206\001\000\000"
 640 0032 63684D73 		.ascii	"chMsgRelease\000"
 640      6752656C 
 640      65617365 
 640      00
 641 003f 00       		.ascii	"\000"
 642 0040 00       		.ascii	"\000"
 643 0041 00       		.ascii	"\000"
 644 0042 00000000 		.ascii	"\000\000\000\000\000\000\000\000"
 644      00000000 
 645 004a 8B010000 		.ascii	"\213\001\000\000"
 646 004e 636800   		.ascii	"ch\000"
 647 0051 00       		.ascii	"\000"
 648 0052 02       		.ascii	"\002"
 649 0053 00       		.ascii	"\000"
 650 0054 00000000 		.ascii	"\000\000\000\000\000\000\000\000"
 650      00000000 
 651 005c F1010000 		.ascii	"\361\001\000\000"
 652 0060 63685363 		.ascii	"chSchGoSleepS\000"
 652      68476F53 
 652      6C656570 
 652      5300
 653 006e 00       		.ascii	"\000"
 654 006f 02       		.ascii	"\002"
 655 0070 00       		.ascii	"\000"
 656 0071 00000000 		.ascii	"\000\000\000\000\000\000\000\000"
 656      00000000 
 657 0079 8F010000 		.ascii	"\217\001\000\000"
 658 007d 63685363 		.ascii	"chSchReadyI\000"
 658      68526561 
 658      64794900 
 659 0089 00       		.ascii	"\000"
 660 008a 02       		.ascii	"\002"
 661 008b 00       		.ascii	"\000"
 662 008c 00000000 		.ascii	"\000\000\000\000\000\000\000\000"
 662      00000000 
 663 0094 93010000 		.ascii	"\223\001\000\000"
 664 0098 63685363 		.ascii	"chSchWakeupS\000"
 664      6857616B 
 664      65757053 
 664      00
 665 00a5 00       		.ascii	"\000"
 666 00a6 02       		.ascii	"\002"
 667 00a7 00       		.ascii	"\000"
 668 00a8 00000000 		.ascii	"\000\000\000\000\000\000\000\000"
 668      00000000 
 669 00b0 95010000 		.ascii	"\225\001\000\000"
 670              		.text
 671              		.section	.gnu.lto_.opts,"",%progbits
 672 0000 272D666D 		.ascii	"'-fmath-errno' '-fsigned-zeros' '-ftrapping-math' '"
 672      6174682D 
 672      6572726E 
 672      6F272027 
 672      2D667369 
 673 0033 2D666E6F 		.ascii	"-fno-trapv' '-fno-openmp' '-fno-openacc' '-mcpu=cor"
ARM GAS  C:\Users\8FEE~1\AppData\Local\Temp\ccDFW5ei.s 			page 52


 673      2D747261 
 673      70762720 
 673      272D666E 
 673      6F2D6F70 
 674 0066 7465782D 		.ascii	"tex-m7' '-mno-thumb-interwork' '-mthumb' '-ggdb' '-"
 674      6D372720 
 674      272D6D6E 
 674      6F2D7468 
 674      756D622D 
 675 0099 4F322720 		.ascii	"O2' '-fomit-frame-pointer' '-falign-functions=16' '"
 675      272D666F 
 675      6D69742D 
 675      6672616D 
 675      652D706F 
 676 00cc 2D666675 		.ascii	"-ffunction-sections' '-fdata-sections' '-fno-common"
 676      6E637469 
 676      6F6E2D73 
 676      65637469 
 676      6F6E7327 
 677 00ff 2720272D 		.ascii	"' '-flto'\000"
 677      666C746F 
 677      2700
 678              		.text
 679              		.comm	__gnu_lto_v1,1,1
 680              		.comm	__gnu_lto_slim,1,1
 681              		.ident	"GCC: (GNU Tools for ARM Embedded Processors 6-2017-q1-update) 6.3.1 20170215 (release) [AR
ARM GAS  C:\Users\8FEE~1\AppData\Local\Temp\ccDFW5ei.s 			page 53


DEFINED SYMBOLS
                            *ABS*:00000000 chmsg.c
                            *COM*:00000001 __gnu_lto_v1
                            *COM*:00000001 __gnu_lto_slim

NO UNDEFINED SYMBOLS
