ARM GAS  C:\Users\8FEE~1\AppData\Local\Temp\cc2o7VtV.s 			page 1


   1              		.cpu cortex-m7
   2              		.eabi_attribute 20, 1
   3              		.eabi_attribute 21, 1
   4              		.eabi_attribute 23, 3
   5              		.eabi_attribute 24, 1
   6              		.eabi_attribute 25, 1
   7              		.eabi_attribute 26, 1
   8              		.eabi_attribute 30, 2
   9              		.eabi_attribute 34, 1
  10              		.eabi_attribute 18, 4
  11              		.file	"hal.c"
  12              		.text
  13              	.Ltext0:
  14              		.section	.gnu.lto_.profile.7bb9d46f,"",%progbits
  15 0000 789C6365 		.ascii	"x\234ce`b`a```d\260\347\000\000\001\006\000T"
  15      60626061 
  15      60606064 
  15      B0E70000 
  15      01060054 
  16              		.text
  17              		.section	.gnu.lto_.icf.7bb9d46f,"",%progbits
  18 0000 789C6365 		.ascii	"x\234ce`b\340`@\000F\206\267\217\026m\345c\000\000\020"
  18      6062E060 
  18      40004686 
  18      B78F166D 
  18      E5630000 
  19 0015 1F0345   		.ascii	"\037\003E"
  20              		.text
  21              		.section	.gnu.lto_.jmpfuncs.7bb9d46f,"",%progbits
  22 0000 789C6365 		.ascii	"x\234ce`b\320`@\000F(\315\3048\235\231\261\371\327\376"
  22      6062D060 
  22      40004628 
  22      CDC4389D 
  22      99B1F9D7 
  23 0015 CF7CF57F 		.ascii	"\317|\365\177\033$\34633,f\006\311.g\254g`d\001\262"
  23      1B24E633 
  23      332C6606 
  23      C92E67AC 
  23      67606401 
  24 002a 00B87808 		.ascii	"\000\270x\010\225"
  24      95
  25              		.text
  26              		.section	.gnu.lto_.inline.7bb9d46f,"",%progbits
  27 0000 789C6365 		.ascii	"x\234ce`b0f@\000F\006\006.{F\240 \003\003\333\002y&"
  27      60623066 
  27      40004606 
  27      062E7B46 
  27      A0200303 
  28 0018 B0101726 		.ascii	"\260\020\027&\301\304\015R\012f2\000\000?\336\001\224"
  28      C1C40D52 
  28      0A663200 
  28      003FDE01 
  28      94
  29              		.text
  30              		.section	.gnu.lto_.pureconst.7bb9d46f,"",%progbits
  31 0000 789C6365 		.ascii	"x\234ce`b`f```d\220\000\000\000\204\000$"
  31      60626066 
ARM GAS  C:\Users\8FEE~1\AppData\Local\Temp\cc2o7VtV.s 			page 2


  31      60606064 
  31      90000000 
  31      840024
  32              		.text
  33              		.section	.gnu.lto_halInit.7bb9d46f,"",%progbits
  34 0000 789C7590 		.ascii	"x\234u\220\317K\002Q\020\307\347\273\317\037\033\244"
  34      CF4B0251 
  34      10C7E7BB 
  34      CF1F1BA4 
  35 0010 74E850D8 		.ascii	"t\350P\330!\242\213\027\227.\365?\364_\224\027\245@"
  35      21A28B17 
  35      972EF53F 
  35      F45F9417 
  35      A540
  36 0022 C83F60D7 		.ascii	"\310?`\327,\004\203\352bf\020o)B\313\322\024:xj\361"
  36      2C0483EA 
  36      6266106F 
  36      2942CBD2 
  36      143A786A 
  37 0037 5497823A 		.ascii	"T\227\202:v*\242C\026\004\335\012\265y\032\341a\033"
  37      762AA243 
  37      1604DD0A 
  37      B5791AE1 
  37      611B
  38 0049 DE30EFCD 		.ascii	"\3360\357\315|\230\371\276\361\222FW \232&\242\020;"
  38      7C98F9BE 
  38      F1924657 
  38      209A26A2 
  38      103B
  39 005b 0441DBBE 		.ascii	"\004A\333\276!J\351\032\240.\226\01625\230\330\022y"
  39      214AE91A 
  39      A02E960E 
  39      323598D8 
  39      1279
  40 006d 8166E6A5 		.ascii	"\201f\346\245\241\205\213\026\233\223\377\030\267J\016"
  40      A1858B16 
  40      9B93FF18 
  40      B74A0E
  41 007c A4202AB0 		.ascii	"\244 *\260+C\021ab\354\251\326\311\005|\236~\036%\370"
  41      2B431161 
  41      62ECA9D6 
  41      C9057C9E 
  41      7E1E25F8 
  42 0090 780455EF 		.ascii	"x\004U\357\340X\235n\306r\236\017p?\257\023e\271\254"
  42      E0589D6E 
  42      C6729E0F 
  42      703FAF13 
  42      65B9AC
  43 00a3 666C084D 		.ascii	"fl\010ME\321B\332\376\016)^5i4\336\036\374f\333\322"
  43      45D142DA 
  43      FE0E295E 
  43      356934DE 
  43      1EFC66DB 
  44 00b8 A5404170 		.ascii	"\245@Ap\007\034\303$\311l\013k\366\321\260\013'\012"
  44      071CC324 
  44      C96C0B6B 
  44      F6D1B00B 
ARM GAS  C:\Users\8FEE~1\AppData\Local\Temp\cc2o7VtV.s 			page 3


  44      270A
  45 00ca 5C259C30 		.ascii	"\\%\2340\307\205\235\365\346\255\177SH\341\201z\246"
  45      C7859DF5 
  45      E6AD7F53 
  45      48E1817A 
  45      A6
  46 00db BF2E3F83 		.ascii	"\277.?\203\314\215q\342P\011\343\334\365^yIb?5\"\205"
  46      CC8D71E2 
  46      5009E3DC 
  46      F55E7949 
  46      623F3522 
  47 00f0 17A7FCCB 		.ascii	"\027\247\374\3132&z\205\356k\2752\304\360\256eM\252"
  47      32267A85 
  47      EE6BBD32 
  47      C4F0AE65 
  47      4DAA
  48 0102 066790E8 		.ascii	"\006g\220\350\015D\005\246\024>RZ\333\001w\255\334\034"
  48      0D4405A6 
  48      143E525A 
  48      DB0177AD 
  48      DC1C
  49 0114 D53FAD69 		.ascii	"\325?\255i\373\"\350\316y\230;\037\340\036G\3359/s\265"
  49      FB22E8CE 
  49      79983B1F 
  49      E01E47DD 
  49      392F73B5 
  50 0128 01AEFD0F 		.ascii	"\001\256\375\017\347c\256\376\313\275c\325.\346\372"
  50      E763AEFE 
  50      CBBD63D5 
  50      2EE6FA
  51 0137 9A956579 		.ascii	"\232\225ey\203\274c^\317T$b\360\211\306\342\213\361"
  51      83BC635E 
  51      CF542462 
  51      F089C6E2 
  51      8BF1
  52 0149 4472666E 		.ascii	"Drfn\326H$\215\330\302\262\221\\\211\252\030\211\322"
  52      D648248D 
  52      D8C2B291 
  52      5C89AA18 
  52      89D2
  53 015b 0FD182A0 		.ascii	"\017\321\202\240j"
  53      6A
  54              		.text
  55              		.section	.gnu.lto_.symbol_nodes.7bb9d46f,"",%progbits
  56 0000 789C55C9 		.ascii	"x\234U\311\261\021\3020\020D\321\257\225e\332p)\270"
  56      B111C230 
  56      1044D1AF 
  56      9565DA70 
  56      29B8
  57 0012 B2534001 		.ascii	"\262S@\001\264`\220\261cBb\307\324\0003\324\301\370"
  57      B46090B1 
  57      634262C7 
  57      D40033D4 
  57      C1F8
  58 0024 50843679 		.ascii	"P\2046y3\177\023\342\216O\223\014\316Op\036y\204T\304"
  58      337F13E2 
  58      8E4F930C 
ARM GAS  C:\Users\8FEE~1\AppData\Local\Temp\cc2o7VtV.s 			page 4


  58      CE4F701E 
  58      798454C4 
  59 0038 E04F5865 		.ascii	"\340OXe\241>\220\363\321\303\"S\023n\262\330\204Y\326"
  59      A13E90F3 
  59      D1C32253 
  59      136EB2D8 
  59      8459D6
  60 004b 35E12A4B 		.ascii	"5\341*KM\270\310\372\377\0209P^\337\020\351\331\252"
  60      4DB8C8FA 
  60      FF103950 
  60      5EDF10E9 
  60      D9AA
  61 005d 894FB5E3 		.ascii	"\211O\265\343\364\376\031)U\261\271\354j\274,W"
  61      F4FE1929 
  61      55B1B9EC 
  61      6ABC2C57 
  62              		.text
  63              		.section	.gnu.lto_.refs.7bb9d46f,"",%progbits
  64 0000 789C6365 		.ascii	"x\234ce`b`c```d`bdb\000\000\000\275\000\024"
  64      60626063 
  64      60606064 
  64      60626462 
  64      000000BD 
  65              		.text
  66              		.section	.gnu.lto_.decls.7bb9d46f,"",%progbits
  67 0000 789CBD56 		.ascii	"x\234\275V}PT\327\025\177\367\335\335e\367\261D\007"
  67      7D5054D7 
  67      157FF7DD 
  67      DD65F7B1 
  67      4407
  68 0012 32AD7F38 		.ascii	"2\255\1778-\343\220\221t\"\0330\025\333N\333\244\032"
  68      2DE39091 
  68      74221B30 
  68      15DB4EDB 
  68      A41A
  69 0024 3F12A2CC 		.ascii	"?\022\242\314\264\311\037\235\235\331Y\330Uv\006\330"
  69      B4C91F9D 
  69      9DD959D8 
  69      557606D8 
  70 0034 CDEE928F 		.ascii	"\315\356\222\217i\377x\004\020$A4&6\353\210\321\300"
  70      69FF7804 
  70      10244134 
  70      2636EB88 
  70      D1C0
  71 0046 54880804 		.ascii	"T\210\010\004?\"\342\307\252\021\220\360\025\255\210"
  71      3F22E2C7 
  71      AA1190F0 
  71      15AD88
  72 0055 095F45C5 		.ascii	"\011_E\305\032\025\301\217\000\006\330\236{\357{\276"
  72      1A15C18F 
  72      0006D89E 
  72      7BEF7BBE 
  73 0065 C70366CC 		.ascii	"\307\003f\314t\246o\366\274\373\316=\277\373;\347\236"
  73      74A66FF6 
  73      BCFBCE3D 
  73      BFFB3BE7 
  73      9E
ARM GAS  C:\Users\8FEE~1\AppData\Local\Temp\cc2o7VtV.s 			page 5


  74 0076 7BEEDDAB 		.ascii	"{\356\335\253\347x\356\206\231\343\326c\216+\3438.\004"
  74      E778EE86 
  74      99E3D663 
  74      8E2BE338 
  74      2E04
  75 0088 0F0FED01 		.ascii	"\017\017\355\001\020\0042\302\261'\014d\014\344\021"
  75      100432C2 
  75      B1270C64 
  75      0CE411
  76 0097 C804C814 		.ascii	"\310\004\310\024\307\000:\020\003bX#\342\246=#\210\215"
  76      C7003A10 
  76      03625823 
  76      E2A63D23 
  76      888D
  77 00a9 7B03C404 		.ascii	"{\003\304\004\337\243\320\012\210q\016\203`4\235\333"
  77      DFA3D00A 
  77      88710E83 
  77      60349DDB 
  78 00b9 20F111B2 		.ascii	" \361\021\262)\311\317#nv\356\177`\364Mn\315.\274\005"
  78      29C9CF23 
  78      6E76EE7F 
  78      60F44D6E 
  78      CD2EBC05 
  79 00cd A34801E9 		.ascii	"\243H\001\351@\035i\335y\365)P\237\026P4\250E\025S\277"
  79      401D69DD 
  79      79F52950 
  79      9F165034 
  79      A8451553 
  80 00e2 64C64F78 		.ascii	"d\306OxP\217\236\270\223\300\324\205\240\035\353\031"
  80      508F9EB8 
  80      93C0D485 
  80      A01DEB19 
  81 00f2 0986336C 		.ascii	"\011\2063l?\"c\305\242|33\217\021\375|g\311\220\200"
  81      3F2263C5 
  81      A27C3333 
  81      8F11FD7C 
  81      67C99080 
  82 0106 7944DC0C 		.ascii	"yD\334\014\345^\357\017g\266\005\240^\030n)\221\324"
  82      E55EEF0F 
  82      67B605A0 
  82      5E186E29 
  82      91D4
  83 0118 F9A0766F 		.ascii	"\371\240vo\336\264\333\200M\024\331\323T\261\237\004"
  83      DEB4DB80 
  83      4D14D9D3 
  83      54B19F04 
  84 0128 B4584024 		.ascii	"\264X@$\215\363\240\253\372v\335x\004\353\"\210\276"
  84      8DF3A0AB 
  84      FA76DD78 
  84      04EB2288 
  84      BE
  85 0139 F1F25571 		.ascii	"\361\362Uq\225\"{\214\277P\346r\241\370^Y\030\3769\001"
  85      95227B8C 
  85      BF50E672 
  85      A1F85E59 
  85      18FE3901 
  86 014d F181E6CB 		.ascii	"\361\201\346\313gt(V\370'\001\005/?X\274-_\024yt\004"
ARM GAS  C:\Users\8FEE~1\AppData\Local\Temp\cc2o7VtV.s 			page 6


  86      67742856 
  86      F8270105 
  86      2F3F58BC 
  86      2D5F1479 
  87 0163 09E810C2 		.ascii	"\011\350\020\302\350 \212#9Y,\300\273@\024\337\023\267"
  87      E8208A23 
  87      39592CC0 
  87      BB4014DF 
  87      13B7
  88 0175 E688A635 		.ascii	"\346\210\2465\034*G\013\321>\264\220C\207Q,\361Gp\250"
  88      1C2A470B 
  88      D13EB490 
  88      4387512C 
  88      F14770A8 
  89 0189 163ABF80 		.ascii	"\026:\277\200NpQQ\266\3553\003\376\024Q\037\015'\277"
  89      4E705151 
  89      B6ED3303 
  89      FE14511F 
  89      0D27BF
  90 019c EBD22121 		.ascii	"\353\322!!vV\202\272Y\010X0\215\007\0265\344\221`\216"
  90      765682BA 
  90      59085830 
  90      8D071635 
  90      E491608E 
  91 01b0 42305F2A 		.ascii	"B0_*\301@ll\036\003\307\272\263y\274\223eng\375\203"
  91      C1406C6C 
  91      1E03C7BA 
  91      B379BC93 
  91      656E67FD 
  92 01c5 663D4B95 		.ascii	"f=K\225\021\324\273\333\317\265\362x7\263\015v\345\004"
  92      11D4BBDB 
  92      CFB5F278 
  92      37B30D76 
  92      E504
  93 01d7 0CB88C29 		.ascii	"\014\270\214)['\257\210\006\\\311\224\242\273c{u\370"
  93      5B27AF88 
  93      065CC994 
  93      A2BB637B 
  93      75F8
  94 01e9 2053AEE4 		.ascii	" S\256\344\214vF\340:\252\2306U\037=dF1\344\211\212"
  94      8C7646E0 
  94      3AAA9836 
  94      551F3D64 
  94      4631E489 
  95 01fe 8989FD8C 		.ascii	"\211\211\375\214\304\036\034m\177\256\351\3365Q\374"
  95      C41E1C6D 
  95      7FAEE9DE 
  95      3551FC
  96 020d D04C830A 		.ascii	"\320L\203\012BP\015(J\231L\025\2748\024\017/\216\015"
  96      42500D28 
  96      4A994C15 
  96      BC38140F 
  96      2F8E0D
  97 0220 78F48780 		.ascii	"x\364\207\200\030\314\305\024}J\213\266h\300\337\377"
  97      18CCC514 
  97      7D4A8BB6 
  97      68C0DFFF 
ARM GAS  C:\Users\8FEE~1\AppData\Local\Temp\cc2o7VtV.s 			page 7


  98 0230 51011FD7 		.ascii	"Q\001\037\327\202\353)u9Rq\253\340\307\264\360jm$\337"
  98      82EB2975 
  98      395271AB 
  98      E0C7B4F0 
  98      6A6D24DF 
  99 0244 AAD02766 		.ascii	"\252\320'f'\247\350m$\367[E\361E\035\207\366\203\375"
  99      27A7E86D 
  99      24F75B45 
  99      F1451D87 
  99      F683FD
 100 0257 736A2268 		.ascii	"sj\"hH?:\017\253u\006\305\240F\220s gA\276\002i\002"
 100      483F3A0F 
 100      AB7506C5 
 100      A0469073 
 100      206741BE 
 101 026e 398D6268 		.ascii	"9\215bh\2051\177\315*\177'g\235\271z.\315k\024t\315"
 101      85317FCD 
 101      2A7F2767 
 101      9DB97A2E 
 101      CD6B1474 
 102 0283 EC736170 		.ascii	"\354sapV\032C'#\263E\021\021\030'\225\205T\333\247\246"
 102      561A4327 
 102      23B34511 
 102      11182795 
 102      8554DBA7 
 103 0298 723B0C78 		.ascii	"r;\014x\202\256!_V\330r\304\210\242bg\233\023j\201\251"
 103      82AE215F 
 103      56D872C4 
 103      88A26267 
 103      9B136A81 
 104 02ad FC946931 		.ascii	"\374\224i1\317\203M\006\330L\350k\030\330\254\224$\211"
 104      CF834D06 
 104      D84CE86B 
 104      18D8AC94 
 104      2489
 105 02bf 83BA97F7 		.ascii	"\203\272\227\367z\244\264\327\363[\037\356\343q1\246"
 105      7AA4B4D7 
 105      F35B1FEE 
 105      E37131A6 
 106 02cf F555733C 		.ascii	"\365Us<\367\316S\314\030$\306\367\363\2127\207\341\035"
 106      F7CE53CC 
 106      1824C6F7 
 106      F38A3787 
 106      E11D
 107 02e1 CC78BFBC 		.ascii	"\314x\277\274v\267\221\031\313\211\361\346d\303-=.a"
 107      76B79119 
 107      CB89F1E6 
 107      64C32D3D 
 107      2E61
 108 02f3 C6CAD6C6 		.ascii	"\306\312\326\306n\351\364) \306\213\243\035\371\002"
 108      6EE9F429 
 108      20C68BA3 
 108      1DF902
 109 0302 2E63C6D0 		.ascii	".c\306\320\315+\245&f\034&z\341\341\355\245\363\360"
 109      CD2BA526 
 109      661C267A 
 109      E1E1EDA5 
ARM GAS  C:\Users\8FEE~1\AppData\Local\Temp\cc2o7VtV.s 			page 8


 109      F3F0
 110 0314 7E66BC38 		.ascii	"~f\2748\2707W:l:\210\276\245\370\340\027\002\256e\306"
 110      B837573A 
 110      6C3A88BE 
 110      A5F8E017 
 110      02AE65C6 
 111 0328 F2C15D5B 		.ascii	"\362\301][$\343rP\017\267\036\355\325\343:f\353\276"
 111      24E37250 
 111      0FB71EED 
 111      D5E33A66 
 111      EBBE
 112 033a D7991F8E 		.ascii	"\327\231\037\216\203L\251\236\370h\237\00172\245cW\211"
 112      834CA99E 
 112      F8689F01 
 112      3732A563 
 112      5789
 113 034c BCD30E91 		.ascii	"\274\323\016\221\323\256\250:dd\307\333\236(\342!\320"
 113      D3AEA83A 
 113      6464C7DB 
 113      9E28E221 
 113      D0
 114 035d 5323E036 		.ascii	"S#\3406\212\215\230\354{p*\034E\305<~bc\324\213\321"
 114      8A8D98EC 
 114      7B702A1C 
 114      45C53C7E 
 114      6263D48B 
 115 0372 0B8BD143 		.ascii	"\013\213\321CW\267_Z\211[\260\022\003\220\365A\220\377"
 115      57B75F5A 
 115      895BB012 
 115      0390F541 
 115      90FF
 116 0384 805C07B9 		.ascii	"\200\\\007\271\006r\023\344{\220\333 7@\376\015rU)8"
 116      067213E4 
 116      7B90DB20 
 116      3740FE0D 
 116      72552938 
 117 0398 B2326D91 		.ascii	"\2622m\221\333E\261\351y\2726\007`m\010\345\343\325"
 117      DB45B1E9 
 117      79BA3607 
 117      606D08E5 
 117      E3D5
 118 03aa AE9CBE7D 		.ascii	"\256\234\276}\000\177\346\225lZr\004\336\255\205O\333"
 118      007FE695 
 118      6C5A7204 
 118      DEAD854F 
 118      DB
 119 03bb 9A04BC5E 		.ascii	"\232\004\274^\001\367i\301\025H\213NR\320\235Z\364%"
 119      01F769C1 
 119      15488B4E 
 119      52D09D5A 
 119      F425
 120 03cd 2D7AE055 		.ascii	"-z\340U\005\335\245E_\236\021\367\200*\356\357\264\360"
 120      05DDA545 
 120      5F9E11F7 
 120      802AEEEF 
 120      B4F0
 121 03df AA99D35C 		.ascii	"\252\231\323\\\247\300\333\264\360\326\031\221\253b"
ARM GAS  C:\Users\8FEE~1\AppData\Local\Temp\cc2o7VtV.s 			page 9


 121      A7C0DBB4 
 121      F0D61991 
 121      AB62
 122 03ed F9568BBE 		.ascii	"\371V\213\2762#r\325<\377\245E_\234\031\312k\012\374"
 122      322372D5 
 122      3CFFA545 
 122      5F9C19CA 
 122      6B0AFC
 123 0400 8216FE8D 		.ascii	"\202\026\376\215B.\355\361\363l\217\367O\337\343\322"
 123      422EEDF1 
 123      F36C8FF7 
 123      4FDFE3D2 
 124 0410 62B7AA16 		.ascii	"b\267\252\026\273C\313\325\256r\015\025yz\374v\336<"
 124      BB43CBD5 
 124      AE720D15 
 124      797AFC76 
 124      DE3C
 125 0422 7C895624 		.ascii	"|\211V$?\331}\355\327\232#A\256Bt\027\212\357\177)D"
 125      3FD97DED 
 125      D79A2341 
 125      AE427417 
 125      8AEF7F29 
 126 0437 1678673B 		.ascii	"\026xg;=\"\206\200\350\216rD\364\313GDI\177\360\252"
 126      3D228680 
 126      E88E7244 
 126      F4CB4744 
 126      497FF0AA 
 127 044b 3E4AF25F 		.ascii	">J\362_0\227\177\356';'\177m\017\353?\306\346\302\307"
 127      30977FEE 
 127      273B277F 
 127      6D0FEB3F 
 127      C6E6C2C7 
 128 045f 7FB36858 		.ascii	"\177\263hXu\214rh\004\231\351E\012Z\000\037)\372\352"
 128      758C7268 
 128      0499E945 
 128      0A5A001F 
 128      29FAEA
 129 0472 04DF0BA5 		.ascii	"\004\337\013\245\017704\237R \304\336\210\012UC\362"
 129      0F373034 
 129      9F5220C4 
 129      DE880A55 
 129      43F2
 130 0484 8310ED87 		.ascii	"\203\020\355\207^\236\223\256`r\027\222GH:/\251\274"
 130      5E9E93AE 
 130      60721792 
 130      47483A2F 
 130      A9BC
 131 0496 44497FD2 		.ascii	"DI\177\322`\244bdf\346I~\330\015\214}\320a\362h\304"
 131      60A46264 
 131      66E6497E 
 131      D80D8C7D 
 131      D061F268 
 132 04ab 2B0E1052 		.ascii	"+\016\020R\017P\021\262\260%\373\343\3708erHN\325H\240"
 132      0F5011B2 
 132      B025FBE3 
 132      F8386572 
 132      484ED548 
ARM GAS  C:\Users\8FEE~1\AppData\Local\Temp\cc2o7VtV.s 			page 10


 133 04c0 6550E883 		.ascii	"eP\350\203\264C\317\236\027\021\355\033>(\016\010\270"
 133      B443CF9E 
 133      1711ED1B 
 133      3E280E08 
 133      B8
 134 04d1 8F9D72E7 		.ascii	"\217\235r\347B\243\301y\354\224\343U7\261\247\331Ml"
 134      42A3C179 
 134      EC94E355 
 134      37B1A7D9 
 134      4D6C
 135 04e3 2CFBD269 		.ascii	",\373\322ia\301\016z\265\312\021\347\363\350\215\237"
 135      61C10E7A 
 135      B5CA11E7 
 135      F3E88D9F 
 136 04f3 A11F20D1 		.ascii	"\241\037 \321\017i\242G\321\002x\247\350\244\362\353"
 136      0F69A247 
 136      D10278A7 
 136      E8A4F2EB 
 137 0503 28AA1716 		.ascii	"(\252\027\026\355\021\367\364\213\301\320D\364\215Z"
 137      ED11F7F4 
 137      8BC1D044 
 137      F48D5A
 138 0512 51846B8D 		.ascii	"Q\204k\215\250#0\364@\251\020\370\204\367}8_\320=\250"
 138      A82330F4 
 138      40A910F8 
 138      84F77D38 
 138      5FD03DA8 
 139 0526 090E6E87 		.ascii	"\011\016n\207\213\310_H\355P\237\036\027\352hT\333j"
 139      8BC85F48 
 139      ED509F1E 
 139      17EA6854 
 139      DB6A
 140 0538 3B063070 		.ascii	";\0060p\365C\235\265\027\342\252\234\206\017\304\275"
 140      F5439DB5 
 140      17E2AA9C 
 140      860FC4BD 
 141 0548 887A44E3 		.ascii	"\210zD\343\012\3258\241\"\037\217(E\313`\317\337p=c"
 141      0AD538A1 
 141      221F8F28 
 141      45CB60CF 
 141      DF703D63 
 142 055c A8FAB8FD 		.ascii	"\250\372\270\375n\230\304p\353\023|k\374\232X 0\202"
 142      6E98C470 
 142      EB137C6B 
 142      FC9A5820 
 142      3082
 143 056e 1F15821F 		.ascii	"\037\025\202\037e\202\011J\320\336\\:\021\201\263\365"
 143      6582094A 
 143      D0DE5C3A 
 143      1181B3F5 
 144 057e 9461C7F1 		.ascii	"\224a\307\361\323_\233$\206\263\025\270\242bS0\231\021"
 144      D35F9B24 
 144      86B315B8 
 144      A2625330 
 144      9911
 145 0590 4C2A0493 		.ascii	"L*\004\2232\301\024%\030\253\373\250Q\300G\030\301P"
 145      32C11425 
ARM GAS  C:\Users\8FEE~1\AppData\Local\Temp\cc2o7VtV.s 			page 11


 145      18ABFBA8 
 145      51C04718 
 145      C150
 146 05a2 C7FE2EB3 		.ascii	"\307\376.\263Dp\277\032\237R\010B\012AH&\020yB\360y"
 146      4470BF1A 
 146      9F520842 
 146      0A414826 
 146      107942F0 
 147 05b7 65E0BA09 		.ascii	"e\340\272\011\337d\004\201K\243\267\015:\236\2252\311"
 147      DF640481 
 147      4BA3B70D 
 147      3A9E9532 
 147      C9
 148 05c8 33F49DBD 		.ascii	"3\364\235\275\320U\254\233sErx\262\"\357\361\322\222"
 148      D055AC9B 
 148      73457278 
 148      B222EFF1 
 148      D292
 149 05da 94B54F7E 		.ascii	"\224\265O~i\224#h\177\356\203R\032\001\200\020\\(\345"
 149      69942368 
 149      7FEE8352 
 149      1A018010 
 149      5C28E5
 150 05ed 08E09345 		.ascii	"\010\340\223E\220K#\010\354.\256\301x\224E\360\341\316"
 150      904B2308 
 150      EC2EAEC1 
 150      789445F0 
 150      E1CE
 151 05ff 89365E22 		.ascii	"\2116^\"\270\332\204\247BJ\026\363\024\206<\231a\023"
 151      B8DA84A7 
 151      424A16F3 
 151      14863C99 
 151      6113
 152 0611 65683A5B 		.ascii	"eh:[\365C8>a\240\014\275\015M\001\3353\245\342\260H"
 152      F543383E 
 152      61A00CBD 
 152      0D4D01DD 
 152      33A5E2B0 
 153 0626 AE95CBDF 		.ascii	"\256\225\313\337\317i\023\305\275<\335\261\371\214A"
 153      CF6913C5 
 153      BD3CDDB1 
 153      F98C41
 154 0635 F5EF984F 		.ascii	"\365\357\230O\210P\001\377\014\271\326\217]\3565\253"
 154      885001FF 
 154      0CB9D68F 
 154      5DEE35AB 
 155 0645 373971AA 		.ascii	"79q\252l\362\315\274Yv\017\237\364P\370\264S\247\306"
 155      6CF2CDBC 
 155      59760F9F 
 155      F450F8B4 
 155      53A7C6
 156 0658 93692AF8 		.ascii	"\223i*\370B\236\035\012\2445$\277\262\322\356\267\353"
 156      429E1D0A 
 156      A43524BF 
 156      B2D2EEB7 
 156      EB
 157 0669 EC1BBCE9 		.ascii	"\354\033\274\351\306\325\353^\217^\021\037\317\0116"
ARM GAS  C:\Users\8FEE~1\AppData\Local\Temp\cc2o7VtV.s 			page 12


 157      C6D5EB5E 
 157      8F5E111F 
 157      CF0936
 158 0678 5B962BD3 		.ascii	"[\226+\323\2774\301\346\377\273\343\267\326\3244W\212"
 158      BF34C1E6 
 158      FFBBE3B7 
 158      D6D43457 
 158      8A
 159 0689 CBE7CF72 		.ascii	"\313\347\317r\270\3346\217\327\371\226\313\371v\374"
 159      B8DC368F 
 159      D7F996CB 
 159      F976FC
 160 0698 6FD4BD56 		.ascii	"o\324\275V\277\333\235\356\263n\314\314\212\246_\321"
 160      BFDB9DEE 
 160      B36ECCCC 
 160      8AA65FD1 
 161 06a8 766F46B4 		.ascii	"voF\2643#\305\351p8\035\326eqK\243\023\236\217O|3\336"
 161      3323C5E9 
 161      70381DD6 
 161      65714BA3 
 161      139E8F4F 
 162 06bf 0AFD4B32 		.ascii	"\012\375K2\335\231\316%N{\212\313\352\312LM\317r8\255"
 162      DD99CE25 
 162      4E7B8ACB 
 162      EACA4C4D 
 162      CF7238AD 
 163 06d3 1976E0CA 		.ascii	"\031v\340\312tZm\016\347\006{V\272\337\346\177\327\343"
 163      745A6D0E 
 163      E7067B56 
 163      BADFE67F 
 163      D7E3
 164 06e5 F4C5A571 		.ascii	"\364\305\245qF9\2127\377\017Q\370\336\365Ym>\277\003"
 164      46398A37 
 164      FF0F51F8 
 164      DEF5596D 
 164      3EBF03
 165 06f8 5C826BEC 		.ascii	"\\\202k\354vx\365\236,\217\303\033\346\366y\234N\207"
 165      7678F59E 
 165      2C8FC31B 
 165      E6F6799C 
 165      4E87
 166 070a D7E02661 		.ascii	"\327\340&ay\365\031n\207\323K\362\225\366\373\2708\013"
 166      79F5196E 
 166      87D34BF2 
 166      95F6FBB8 
 166      380B
 167 071c FC68086E 		.ascii	"\374h\010n_|\3422\213\333gI\263\247[<n\257\337g\371"
 167      5F7CE232 
 167      8BDB6749 
 167      B3A75B3C 
 167      6EAFDF67 
 168 0731 F35F5E5B 		.ascii	"\363_^[\232`IJZiY\235\274v\375[\011\304d\363\200\244"
 168      9A60494A 
 168      5A69599D 
 168      BC76FD5B 
 168      09C464F3 
 169 0747 A73BC043 		.ascii	"\247;\300C\244\317\237\001s\333\350\201\371\370\234"
ARM GAS  C:\Users\8FEE~1\AppData\Local\Temp\cc2o7VtV.s 			page 13


 169      A4CF9F01 
 169      73DBE881 
 169      F9F89C
 170 0756 FE2C8FCD 		.ascii	"\376,\217\315oH^K\026\303\220\274\2065\253Y\263\212"
 170      6F485E4B 
 170      16C390BC 
 170      8635AB59 
 170      B38A
 171 0768 352FB366 		.ascii	"5/\263f%kV\260\346O\254y\2115\257\222\306\224\374R\322"
 171      256B56B0 
 171      E64FAC79 
 171      8935AF92 
 171      C694FC52 
 172 077d 0A77E606 		.ascii	"\012w\346\006\327\3060\360\2706\323\345_4W\240>o*i\343"
 172      D7C630F0 
 172      B836D3E5 
 172      5F3457A0 
 172      3E6F2A69 
 173 0792 523983CF 		.ascii	"R9\203\317O\220\317\316\205\224\262D\347\340#\0112\245"
 173      4F90CFCE 
 173      8594B244 
 173      E7E02309 
 173      32A5
 174 07a4 B8ED5E07 		.ascii	"\270\355^\007\031\363\273\271\306P\004\311\203m\335"
 174      19F3BBB9 
 174      C65004C9 
 174      836DDD
 175 07b3 EB2B925E 		.ascii	"\353+\222^^\037\377\302\013\266U\211\313\022\377\272"
 175      5E1FFFC2 
 175      0BB65589 
 175      CB12FFBA 
 176 07c3 969980C5 		.ascii	"\226\231\200\305\340\243\024K\236\310\255\323\353"
 176      E0A3144B 
 176      9EC8ADD3 
 176      EB
 177 07d0 8258D3B8 		.ascii	"\202X\323\2700\317\333\031d\324\257\236d\024`aH\204"
 177      30CFDB19 
 177      64D4AF9E 
 177      64146061 
 177      4884
 178 07e2 9C789B0B 		.ascii	"\234x\233\013\006\232\323T\312\362'YE\372^\225\370\316"
 178      069AD354 
 178      CAF22759 
 178      45FA5E95 
 178      F8CE
 179 07f4 3B963465 		.ascii	";\2264e\001\011\245\\\262\2514\341\377\005QY\306\215"
 179      0109A55C 
 179      B2A934E1 
 179      FF055159 
 179      C68D
 180              		.text
 181              		.section	.gnu.lto_.symtab.7bb9d46f,"",%progbits
 182 0000 68616C49 		.ascii	"halInit\000"
 182      6E697400 
 183 0008 00       		.ascii	"\000"
 184 0009 00       		.ascii	"\000"
 185 000a 00       		.ascii	"\000"
ARM GAS  C:\Users\8FEE~1\AppData\Local\Temp\cc2o7VtV.s 			page 14


 186 000b 00000000 		.ascii	"\000\000\000\000\000\000\000\000"
 186      00000000 
 187 0013 F8000000 		.ascii	"\370\000\000\000"
 188 0017 70616C5F 		.ascii	"pal_default_config\000"
 188      64656661 
 188      756C745F 
 188      636F6E66 
 188      696700
 189 002a 00       		.ascii	"\000"
 190 002b 02       		.ascii	"\002"
 191 002c 00       		.ascii	"\000"
 192 002d 00000000 		.ascii	"\000\000\000\000\000\000\000\000"
 192      00000000 
 193 0035 08010000 		.ascii	"\010\001\000\000"
 194 0039 7374496E 		.ascii	"stInit\000"
 194      697400
 195 0040 00       		.ascii	"\000"
 196 0041 02       		.ascii	"\002"
 197 0042 00       		.ascii	"\000"
 198 0043 00000000 		.ascii	"\000\000\000\000\000\000\000\000"
 198      00000000 
 199 004b FA000000 		.ascii	"\372\000\000\000"
 200 004f 626F6172 		.ascii	"boardInit\000"
 200      64496E69 
 200      7400
 201 0059 00       		.ascii	"\000"
 202 005a 02       		.ascii	"\002"
 203 005b 00       		.ascii	"\000"
 204 005c 00000000 		.ascii	"\000\000\000\000\000\000\000\000"
 204      00000000 
 205 0064 FC000000 		.ascii	"\374\000\000\000"
 206 0068 7364496E 		.ascii	"sdInit\000"
 206      697400
 207 006f 00       		.ascii	"\000"
 208 0070 02       		.ascii	"\002"
 209 0071 00       		.ascii	"\000"
 210 0072 00000000 		.ascii	"\000\000\000\000\000\000\000\000"
 210      00000000 
 211 007a FE000000 		.ascii	"\376\000\000\000"
 212 007e 70776D49 		.ascii	"pwmInit\000"
 212      6E697400 
 213 0086 00       		.ascii	"\000"
 214 0087 02       		.ascii	"\002"
 215 0088 00       		.ascii	"\000"
 216 0089 00000000 		.ascii	"\000\000\000\000\000\000\000\000"
 216      00000000 
 217 0091 00010000 		.ascii	"\000\001\000\000"
 218 0095 5F70616C 		.ascii	"_pal_lld_init\000"
 218      5F6C6C64 
 218      5F696E69 
 218      7400
 219 00a3 00       		.ascii	"\000"
 220 00a4 02       		.ascii	"\002"
 221 00a5 00       		.ascii	"\000"
 222 00a6 00000000 		.ascii	"\000\000\000\000\000\000\000\000"
 222      00000000 
 223 00ae 04010000 		.ascii	"\004\001\000\000"
ARM GAS  C:\Users\8FEE~1\AppData\Local\Temp\cc2o7VtV.s 			page 15


 224 00b2 68616C5F 		.ascii	"hal_lld_init\000"
 224      6C6C645F 
 224      696E6974 
 224      00
 225 00bf 00       		.ascii	"\000"
 226 00c0 02       		.ascii	"\002"
 227 00c1 00       		.ascii	"\000"
 228 00c2 00000000 		.ascii	"\000\000\000\000\000\000\000\000"
 228      00000000 
 229 00ca 06010000 		.ascii	"\006\001\000\000"
 230              		.text
 231              		.section	.gnu.lto_.opts,"",%progbits
 232 0000 272D666D 		.ascii	"'-fmath-errno' '-fsigned-zeros' '-ftrapping-math' '"
 232      6174682D 
 232      6572726E 
 232      6F272027 
 232      2D667369 
 233 0033 2D666E6F 		.ascii	"-fno-trapv' '-fno-openmp' '-fno-openacc' '-mcpu=cor"
 233      2D747261 
 233      70762720 
 233      272D666E 
 233      6F2D6F70 
 234 0066 7465782D 		.ascii	"tex-m7' '-mno-thumb-interwork' '-mthumb' '-ggdb' '-"
 234      6D372720 
 234      272D6D6E 
 234      6F2D7468 
 234      756D622D 
 235 0099 4F322720 		.ascii	"O2' '-fomit-frame-pointer' '-falign-functions=16' '"
 235      272D666F 
 235      6D69742D 
 235      6672616D 
 235      652D706F 
 236 00cc 2D666675 		.ascii	"-ffunction-sections' '-fdata-sections' '-fno-common"
 236      6E637469 
 236      6F6E2D73 
 236      65637469 
 236      6F6E7327 
 237 00ff 2720272D 		.ascii	"' '-flto'\000"
 237      666C746F 
 237      2700
 238              		.text
 239              		.comm	__gnu_lto_v1,1,1
 240              		.comm	__gnu_lto_slim,1,1
 241              		.ident	"GCC: (GNU Tools for ARM Embedded Processors 6-2017-q1-update) 6.3.1 20170215 (release) [AR
ARM GAS  C:\Users\8FEE~1\AppData\Local\Temp\cc2o7VtV.s 			page 16


DEFINED SYMBOLS
                            *ABS*:00000000 hal.c
                            *COM*:00000001 __gnu_lto_v1
                            *COM*:00000001 __gnu_lto_slim

NO UNDEFINED SYMBOLS
