ARM GAS  C:\Users\8FEE~1\AppData\Local\Temp\ccHpYOPc.s 			page 1


   1              		.cpu cortex-m7
   2              		.eabi_attribute 20, 1
   3              		.eabi_attribute 21, 1
   4              		.eabi_attribute 23, 3
   5              		.eabi_attribute 24, 1
   6              		.eabi_attribute 25, 1
   7              		.eabi_attribute 26, 1
   8              		.eabi_attribute 30, 2
   9              		.eabi_attribute 34, 1
  10              		.eabi_attribute 18, 4
  11              		.file	"hal_st.c"
  12              		.text
  13              	.Ltext0:
  14              		.section	.gnu.lto_.profile.8abfa9bb,"",%progbits
  15 0000 789C6365 		.ascii	"x\234ce`b`a```d\220\342\001\000\000\300\0003"
  15      60626061 
  15      60606064 
  15      90E20100 
  15      00C00033 
  16              		.text
  17              		.section	.gnu.lto_.icf.8abfa9bb,"",%progbits
  18 0000 789C6365 		.ascii	"x\234ce`bP`@\000V\206\205??\354\345a\274\366\357\375"
  18      60625060 
  18      40005686 
  18      853F3FEC 
  18      E561BCF6 
  19 0016 136EA67D 		.ascii	"\023n\246}\027\036\254ga\276\263\265\373\0203\313\261"
  19      171EAC67 
  19      61BEB3B5 
  19      FB1033CB 
  19      B1
  20 0027 BFE7B7B3 		.ascii	"\277\347\267\2631\000\000\032\271\020\215"
  20      3100001A 
  20      B9108D
  21              		.text
  22              		.section	.gnu.lto_.jmpfuncs.8abfa9bb,"",%progbits
  23 0000 789C6365 		.ascii	"x\234ce`b\020c@\000V\020\301\010\004\365L\014\014\314"
  23      60621063 
  23      40005610 
  23      C10804F5 
  23      4C0C0CCC 
  24 0014 209A0528 		.ascii	" \232\005(\000\000\016\012\0011"
  24      00000E0A 
  24      0131
  25              		.text
  26              		.section	.gnu.lto_.inline.8abfa9bb,"",%progbits
  27 0000 789C6365 		.ascii	"x\234ce`bHe@\000V\006\006\026\036F\240 \003\003\333"
  27      60624865 
  27      40005606 
  27      06161E46 
  27      A0200303 
  28 0015 027910C5 		.ascii	"\002y\020\305\300\310\005\"\030\330X\201\302l\037\364"
  28      C0C80522 
  28      18D85881 
  28      C26C1FF4 
  29 0025 E0E24C0C 		.ascii	"\340\342L\014,\314@!\246\013\374p!fL!\026L!\006\000"
  29      2CCC4021 
ARM GAS  C:\Users\8FEE~1\AppData\Local\Temp\ccHpYOPc.s 			page 2


  29      A60BFC70 
  29      21664C21 
  29      164C2106 
  30 003a 9CEB0870 		.ascii	"\234\353\010p"
  31              		.text
  32              		.section	.gnu.lto_.pureconst.8abfa9bb,"",%progbits
  33 0000 789C6365 		.ascii	"x\234ce`b\340f```e\220`\224b\222b\226b\221\002\000\004"
  33      6062E066 
  33      60606065 
  33      90609462 
  33      92629662 
  34 0018 1000A2   		.ascii	"\020\000\242"
  35              		.text
  36              		.section	.gnu.lto_stInit.8abfa9bb,"",%progbits
  37 0000 789C254D 		.ascii	"x\234%M=\017\001Q\020\334y\317\307%\342\007\210ZDs\027"
  37      3D0F0151 
  37      10DC79CF 
  37      C725E207 
  37      885A4473 
  38 0015 0D3F47B8 		.ascii	"\015?G\270\206D\"q\372{($\0244\"\252\023\012T\242\274"
  38      86442271 
  38      FA7B2824 
  38      143422AA 
  38      130A54A2 
  39 002a EEE20728 		.ascii	"\356\342\007(\264T\012\015z\211\270\263\217\311Nf\263"
  39      B4540A0D 
  39      7A89B8B3 
  39      8FC94E66 
  39      B3
  40 003b 3B3B1B27 		.ascii	";;\033'A+\"\3123\263LH\202\230\034\211\272\206\000t"
  40      412B22CA 
  40      33B34C48 
  40      82981C89 
  40      BA860074 
  41 004f A30C902B 		.ascii	"\243\014\220+\340b,g\022\207\301\315\027\205\265b\004"
  41      E0622C67 
  41      1287C1CD 
  41      1785B562 
  41      04
  42 0060 B357466D 		.ascii	"\263WFm\002x\222h\316\324\300\032\005b\333u\037N\323"
  42      02789268 
  42      CED4C01A 
  42      0562DB75 
  42      1F4ED3
  43 0073 89D87F8E 		.ascii	"\211\330\177\216\015\022`\335\235\020\2500\032\250\340"
  43      0D1260DD 
  43      9D10A830 
  43      1AA8E0
  44 0082 B24414E7 		.ascii	"\262D\024\347\325\220\251\177\214\244\320*\357\350/"
  44      D590A97F 
  44      8CA4D02A 
  44      EFE82F
  45 0091 DE59EDD7 		.ascii	"\336Y\355\327!\276\3778'\335\2172<\211\271\344\004l"
  45      21BEFF38 
  45      27DD8F32 
  45      3C89B9E4 
  45      046C
ARM GAS  C:\Users\8FEE~1\AppData\Local\Temp\ccHpYOPc.s 			page 3


  46 00a3 E192C7DE 		.ascii	"\341\222\307\336'z\213(\365\363i\014y\311\347\202(g"
  46      277A8B28 
  46      F5F3690C 
  46      79C9E782 
  46      2867
  47 00b5 9A16975D 		.ascii	"\232\026\227]o\324\032-\247X.Y-\307\252W\233\226\323"
  47      6FD41A2D 
  47      A7582E59 
  47      2DC7AA57 
  47      9B96D3
  48 00c8 B6B5569C 		.ascii	"\266\265V\234\216i\323\027y\004Cx"
  48      8E69D317 
  48      79044378 
  49              		.text
  50              		.section	.gnu.lto_stStartAlarm.8abfa9bb,"",%progbits
  51 0000 789C9D52 		.ascii	"x\234\235RMh\023A\024\236o'\335\204\240\365\250`\016"
  51      4D681341 
  51      149E6F27 
  51      DD84A0F5 
  51      A8600E
  52 0013 3D186A3D 		.ascii	"=\030j=d\215\202\012^E\020\332\223\275\2276\012\011"
  52      648D820A 
  52      5E4510DA 
  52      93BD9736 
  52      0A09
  53 0025 44529AE0 		.ascii	"DR\232\340\321NKb1\365\017\245\255)\226\015DI\033M\223"
  53      D14E4B62 
  53      31F50FA5 
  53      AD29960D 
  53      44491B4D 
  54 003a B4DA365A 		.ascii	"\264\3326Zq\011\202\247\326\277\253B\250\264TH\301\237"
  54      710982A7 
  54      D6BFAB42 
  54      A8B45448 
  54      C19F
  55 004c A088D0FA 		.ascii	"\240\210\320\372f\262J=\010\342\260\2633\357\315\367"
  55      66B24A3D 
  55      08E2B0B3 
  55      33EFCDF7 
  56 005c BEF7BD37 		.ascii	"\276\367\2757\323\3044V\326\030\353e\214\355\245\011"
  56      D3C43456 
  56      D618EB65 
  56      8CEDA509 
  57 006c CEA05D5F 		.ascii	"\316\240]_fl\300\245\001r#\\`\375\032\372q\215\217q"
  57      666CC0A5 
  57      0172235C 
  57      60FD1AFA 
  57      718D8F71 
  58 0080 5486D6CA 		.ascii	"T\206\326\312Z[V\320\260\306\026\364\213\"\261\307\344"
  58      5A5B56D0 
  58      B0C616F4 
  58      8B22B1C7 
  58      E4
  59 0091 8CA568CA 		.ascii	"\214\245h\312\201,\332\010\365*^\274\315\257r\223\003"
  59      812CDA08 
  59      F52A5EBC 
  59      CDAF7293 
ARM GAS  C:\Users\8FEE~1\AppData\Local\Temp\ccHpYOPc.s 			page 4


  59      03
  60 00a2 0E323F2D 		.ascii	"\0162?-\215\277o\226\246\206\0262\177\344\212ow\361"
  60      8DBF6F96 
  60      A6861632 
  60      7FE48A6F 
  60      77F1
  61 00b4 FD60B45F 		.ascii	"\375`\264_\177Z\275\201\326\273B\014\012\253v\223\213"
  61      7F5ABD81 
  61      D6BB420C 
  61      0AAB7693 
  61      8B
  62 00c5 7D26E7C8 		.ascii	"}&\347\310\201\023!\246\340\301$<\214\\\014\367\320"
  62      811321A6 
  62      E0C1243C 
  62      8C5C0CF7 
  62      D0
  63 00d6 2AF12BA5 		.ascii	"*\361+\245\315\221\235\272#\363+'\356C\007\255\205\327"
  63      CD919DBA 
  63      23F32B27 
  63      EE4307AD 
  63      85D7
  64 00e8 B0C4E6D6 		.ascii	"\260\304\346\326\220\260\352w\360\346\244N\342e\004"
  64      90B0EA77 
  64      F0E6A44E 
  64      E26504
  65 00f7 4B124856 		.ascii	"K\022HV1\3145\271\362Uh\222\346\222\225|\346\346\007"
  65      31CC35B9 
  65      F2556892 
  65      E692957C 
  65      E6E607
  66 010a 95043337 		.ascii	"\225\00437W\2037\243$\254\245v\244\204\025o\221*\362"
  66      578337A3 
  66      24ACA576 
  66      A484156F 
  66      912AF2
  67 011d 7FAA50E5 		.ascii	"\177\252P\345M\303;AL\037P\031\377\276Q\0339\366[Q\274"
  67      4DC33B41 
  67      4C1F5019 
  67      FFBE511B 
  67      39F65B51 
  68 0132 D191973A 		.ascii	"\321\221\227:\227\030%+\305\261M1C\001:1\024\241\223"
  68      9718252B 
  68      C5B14D31 
  68      43013A31 
  68      14A193
  69 0145 73345179 		.ascii	"s4Qy\341\224\035q(\314r\376\333Gw\303\224<\262g\231"
  69      E1941D71 
  69      28CC72FE 
  69      DB4777C3 
  69      943CB267 
  70 015a E9AFCF5D 		.ascii	"\351\257\317]&&`\362&\314\220\206\222\324@\007\271\245"
  70      262660F2 
  70      26CC9086 
  70      92D44007 
  70      B9A5
  71 016c FA17A791 		.ascii	"\372\027\247\221\027\361\001Q\235\237\335\375\231\242"
  71      17F10151 
ARM GAS  C:\Users\8FEE~1\AppData\Local\Temp\ccHpYOPc.s 			page 5


  71      9D9FDDFD 
  71      99A2
  72 017a 74CCC2C4 		.ascii	"t\314\302\304-*U%!\320\326h\351\235\356/HPz\206(\234"
  72      2D2A5525 
  72      21D0D668 
  72      E99DEE2F 
  72      48507A86 
  73 0190 78000307 		.ascii	"x\000\003\007<6\002\017\341\267\353\250\257/&\232mU"
  73      3C36020F 
  73      E1B7EBA8 
  73      AF2F269A 
  73      6D55
  74 01a2 FF92337D 		.ascii	"\377\2223}A\262\315\251|\260\331\346al\257\311I\376"
  74      41B2CDA9 
  74      7CB0D9E6 
  74      616CAFC9 
  74      49FE
  75 01b4 058A54EC 		.ascii	"\005\212T\354O\376\203\275\254\3305\233\375\221b_4/"
  75      4FFE83BD 
  75      ACD8359B 
  75      FD91625F 
  75      342F
  76 01c6 4FB91BEC 		.ascii	"O\271\033\354\032\036S\344*\006\253\303\223\001\365"
  76      1A1E53E4 
  76      2A06ABC3 
  76      9301F5
  77 01d5 0064CBD9 		.ascii	"\000d\313\331\006\006\323\331+\220\016uYI\322GWN\217"
  77      0606D3D9 
  77      2B900E75 
  77      5949D247 
  77      574E8F
  78 01e8 DBEBF319 		.ascii	"\333\353\363\031\364\005\202\241\236P$\352?z\304\210"
  78      F40582A1 
  78      9E5024EA 
  78      3F7AC488 
  79 01f8 448D6077 		.ascii	"D\215`w\330\210\366\005\344\332\025\215\371\002\314"
  79      D888F605 
  79      E4DA158D 
  79      F902CC
  80 0207 D9DD138D 		.ascii	"\331\335\023\215\205\316\235u\310\337\361\277\205\364"
  80      85CE9D75 
  80      C8DFF1BF 
  80      85F4
  81 0215 46FA6251 		.ascii	"F\372bQ\343tg\307\341CF{\373\011\243\363T\307y\277M"
  81      E37467C7 
  81      E143467B 
  81      FB09A3F3 
  81      54C779BF 
  82 022a D2150E9F 		.ascii	"\322\025\016\237\361\005\331O\317\264\004\357"
  82      F105D94F 
  82      CFB404EF 
  83              		.text
  84              		.section	.gnu.lto_stStopAlarm.8abfa9bb,"",%progbits
  85 0000 789C7550 		.ascii	"x\234uP1HBQ\024\275\347?\373J\320^\344\026\015.\377"
  85      31484251 
  85      14BDE73F 
  85      FB4AD05E 
ARM GAS  C:\Users\8FEE~1\AppData\Local\Temp\ccHpYOPc.s 			page 6


  85      E4160D2E 
  86 0015 61410DAD 		.ascii	"aA\015\255\021\0046\345.\365\033\024\004\303/\255~C"
  86      110436E5 
  86      2EF51B14 
  86      04C32FAD 
  86      7E43
  87 0027 1314AA25 		.ascii	"\023\024\252%\315!\376\340`Y*\215A\201H\320\224AS\243"
  87      CD21FEE0 
  87      60592A8D 
  87      418148D0 
  87      944153A3 
  88 003b 14040D41 		.ascii	"\024\004\015A\230\224\020X\367k\204K\227w\271\367\335"
  88      98941058 
  88      F76B844B 
  88      9777B9F7 
  88      DD
  89 004c 7BEE39F7 		.ascii	"{\3569\367\275\021RH\003\221ND\223\354\020\004e\277"
  89      BD115248 
  89      03914E44 
  89      93EC1004 
  89      65BF
  90 005e 49947029 		.ascii	"I\224p)\200\235\230.P\\A\034{\"/\320H?_(\236\222\311"
  90      809D982E 
  90      505C411C 
  90      7B222FD0 
  90      483F5F28 
  91 0075 56CF77D4 		.ascii	"V\317w\324\03535n\011\242\002\273m(\301C\014{<\357\035"
  91      1D33356E 
  91      09A202BB 
  91      6D28C143 
  91      0C7B3CEF 
  92 008a 8CA98E41 		.ascii	"\214\251\216A\035\307PY\202j\367\250\233\275\357\264"
  92      1DC75059 
  92      826AF7A8 
  92      9BBDEFB4 
  93 009a 59BF2EE2 		.ascii	"Y\277.\342k\211[\031v[#+\024;\212\0274:\335\207\313"
  93      6B895B19 
  93      765B232B 
  93      143B8A17 
  93      343ADD87 
  94 00af 9CF64791 		.ascii	"\234\366G\221\034(uU\321\247)\010\014\323\343\004*\363"
  94      1C287555 
  94      D1A72908 
  94      0CD3E304 
  94      2AF3
  95 00c1 97A17231 		.ascii	"\227\241r1\227j\3349w\205%\320\3074+\237o\243\203\253"
  95      976ADC39 
  95      778525D0 
  95      C7342B9F 
  95      6FA383AB 
  96 00d5 CDE1E052 		.ascii	"\315\341\340R\261\372q\343\262p\004K(8\203\033\247p"
  96      B1FA71E3 
  96      B270044B 
  96      2838831B 
  96      A770
  97 00e7 938D2DDF 		.ascii	"\223\215-\337v\336\235\262b&\023f\353\251=\321\346)"
  97      76DE9DB2 
ARM GAS  C:\Users\8FEE~1\AppData\Local\Temp\ccHpYOPc.s 			page 7


  97      62261366 
  97      EBA93DD1 
  97      E629
  98 00f9 810A2C1C 		.ascii	"\201\012,\034\362\202}\021T!\2075x\017\324x\372\025"
  98      F2827D11 
  98      54218735 
  98      780FD478 
  98      FA15
  99 010b DBADECD5 		.ascii	"\333\255\354\325\224\275[\377\0032\334\340\227(D\323"
  99      94BD5BFF 
  99      0332DCE0 
  99      972844D3 
 100 011b 9A26F9E8 		.ascii	"\232&\371\350\301\320z(bx\347\347d\304\220\301\265\260"
 100      C1D07A28 
 100      6278E7E7 
 100      64C490C1 
 100      B5B0
 101 012d 34A2BA1D 		.ascii	"4\242\272\035\003FL\323i\341?\324f$\0323\344\252\177"
 101      03464CD3 
 101      69E13FD4 
 101      66241A33 
 101      E4AA7F
 102 0140 657646FA 		.ascii	"evF\372|\213\322\277\274\262\345\375\235\013\204\303"
 102      7C8BD2BF 
 102      BCB2E5FD 
 102      9D0B84C3 
 103 0150 1B5A907E 		.ascii	"\033Z\220~\000\316\216\205\350"
 103      00CE8E85 
 103      E8
 104              		.text
 105              		.section	.gnu.lto_stSetAlarm.8abfa9bb,"",%progbits
 106 0000 789C7590 		.ascii	"x\234u\220Mh\023A\024\307\337\177'\335\015\305\217\253"
 106      4D681341 
 106      14C7DF7F 
 106      27DD0DC5 
 106      8FAB
 107 0012 60841E0C 		.ascii	"`\204\036\014\265\036\262FA\005\257\202\010\355\311"
 107      B51EB246 
 107      4105AF82 
 107      08EDC9
 108 0021 DE4B1B85 		.ascii	"\336K\033\205\004\")\335\340\265\323\220ZL\241\212b"
 108      042229DD 
 108      E0B5D390 
 108      5A4CA18A 
 108      62
 109 0032 638A610B 		.ascii	"c\212a\013Q\252\261i\222\326O<\270\004\321S+z\216\020"
 109      51AAB169 
 109      92D64F3C 
 109      B804D153 
 109      2B7A8E10 
 110 0046 D48A8205 		.ascii	"\324\212\202\005\277\260\210\330\372\336\266\212\036"
 110      BFB088D8 
 110      FADEB68A 
 110      1E
 111 0053 1C7676E6 		.ascii	"\034vv\346\275\371\317\177~\357\265\221A?A4HD;yB\021"
 111      BDF9CF7F 
 111      7EEFB591 
ARM GAS  C:\Users\8FEE~1\AppData\Local\Temp\ccHpYOPc.s 			page 8


 111      413F4134 
 111      48443B79 
 112 0069 8C0B4B44 		.ascii	"\214\013KD#A\003\220\215\016\202\206\015\014\343\274"
 112      23410390 
 112      8D0E8286 
 112      0D0CE3BC 
 113 0079 CA2B34C6 		.ascii	"\312+4\306\336>0\272f4\017/_\263\316\352\321\035\256"
 113      DE3E30BA 
 113      66340F2F 
 113      5FB3CEEA 
 113      D11DAE
 114 008c 222AF094 		.ascii	"\"*\360\224\201\031t\261\352y\266vUM(W\001\001\016?"
 114      811974B1 
 114      EA79B676 
 114      554D2857 
 114      01010E3F 
 115 00a0 2D4EBDDE 		.ascii	"-N\275\336&\241\201\016\016\177\224k\315\355j\017\210"
 115      26A1810E 
 115      0E7F946B 
 115      CDED6A0F 
 115      88
 116 00b1 F7EF1EB5 		.ascii	"\367\357\036\265.\242\363\272\326\031\3555/)\275\333"
 116      2EA2F3BA 
 116      D619ED35 
 116      2F29BDDB 
 117 00c1 550A6528 		.ascii	"U\012e(6\304M\204p\003!\342\024\341\026:E\377\252\276"
 117      36C44D84 
 117      700321E2 
 117      14E1163A 
 117      45FFAABE 
 118 00d5 7679AB19 		.ascii	"vy\253\031(\375~\023\2630\031\237\252/\340\351\265\365"
 118      28FD7E13 
 118      B330199F 
 118      AA2FE0E9 
 118      B5F5
 119 00e7 31EDBDB9 		.ascii	"1\355\275\271\206\207\307\002\014/7(\307\"\251b\\\031"
 119      8687C702 
 119      0C2F3728 
 119      C722A962 
 119      5C19
 120 00f9 B2AA6518 		.ascii	"\262\252e\030bs\316\313=nW\373|\004\267|\367\003\302"
 120      6273CECB 
 120      3D6E57FB 
 120      7C04B77C 
 120      F703C2
 121 010c 251FE149 		.ascii	"%\037\341IqKA{\331\016\241\250\374K\341\2277\207p\221"
 121      714B417B 
 121      D90EA1A8 
 121      FC4BE197 
 121      37877091 
 122 0120 9DDEA331 		.ascii	"\235\336\2431\365}e6\177\370\017Qv\243#\367-%\032\037"
 122      F57D6536 
 122      7FF80F51 
 122      76A323F7 
 122      2D251A1F 
 123 0134 ABA0F017 		.ascii	"\253\240\360\0271\241\012\223\035j0999\332xfIG\002\276"
 123      31A10A93 
ARM GAS  C:\Users\8FEE~1\AppData\Local\Temp\ccHpYOPc.s 			page 9


 123      1D6A3039 
 123      3939DA78 
 123      66494702 
 124 0149 66A9B2FA 		.ascii	"f\251\262\372\261}#\024\037\351Yi\356\333\323\240\213"
 124      B17D2314 
 124      1FE95969 
 124      EEDBD3A0 
 124      8B
 125 015a 225CD586 		.ascii	"\"\\\325\206yf\250\013\003\037\224\027\277~\261\354"
 125      7966A80B 
 125      031F9417 
 125      BF7EB1EC 
 126 016a 8ACE8EE8 		.ascii	"\212\316\216\350\326\275\205]\237\371\226\211\005\270"
 126      D6BD855D 
 126      9FF99689 
 126      05B8
 127 0178 B8C2A5FA 		.ascii	"\270\302\245\372\217\260h}\262\376\322\214VE4=\317\026"
 127      8FB0687D 
 127      B2FED28C 
 127      5645343D 
 127      CF16
 128 018a 166EC3C6 		.ascii	"\026n\303\306\336\320\246\002w\020\225:\226\221i\215"
 128      DED0A602 
 128      7710953A 
 128      9691698D 
 129 019a 37637E13 		.ascii	"7c~\023\005\233V\220\231^\235\200$\374\202s\\\003\267"
 129      059B5690 
 129      995E9D80 
 129      24FC8273 
 129      5C03B7
 130 01ad CD200A47 		.ascii	"\315 \012G\"6\177\261xb \221r\242\207\016\332)\307\216"
 130      22367FB1 
 130      78622091 
 130      72A2870E 
 130      DA29C78E 
 131 01c1 F7276D67 		.ascii	"\367'mg(&k\237\223\216\304\310\352\037p\322\211\323"
 131      28266B9F 
 131      938EC4C8 
 131      EA1F70D2 
 131      89D3
 132 01d3 A702F23B 		.ascii	"\247\002\362;\362\277+\203\251\241\264c\237\350\355"
 132      F2BF2B83 
 132      A9A1B463 
 132      9FE8ED
 133 01e2 39B0DFEE 		.ascii	"9\260\337\356\356>j\367\036\3579\023\3354\351K&OF\342"
 133      EE3E6AF7 
 133      1EEF3913 
 133      DD34E94B 
 133      264F46E2 
 134 01f6 F40B8945 		.ascii	"\364\013\211E\310M"
 134      C84D
 135              		.text
 136              		.section	.gnu.lto_stGetAlarm.8abfa9bb,"",%progbits
 137 0000 789C758F 		.ascii	"x\234u\217\315+\204Q\024\306\317\363\336\231\367\035"
 137      CD2B8451 
 137      14C6CFF3 
 137      DE99F71D 
ARM GAS  C:\Users\8FEE~1\AppData\Local\Temp\ccHpYOPc.s 			page 10


 138 0010 8A3F8029 		.ascii	"\212?\200)6\026,\3466\024\013[%\305\212\275\030\213"
 138      36162CE6 
 138      36140B5B 
 138      25C58ABD 
 138      188B
 139 0022 515323AF 		.ascii	"QS#\257l]\032\011\205\210\361\331\253f\341s\214\261"
 139      6C5D1A09 
 139      8588F1D9 
 139      AB66E173 
 139      8CB1
 140 0034 B4D0C4C2 		.ascii	"\264\320\304\302\312\347\312F\011\033\0135>\362\221"
 140      CAE7CA46 
 140      091B0B35 
 140      3EF291
 141 0043 69387748 		.ascii	"i8wH6n\367v\3579\347w\317y\0367\031\024\006Q\200\210"
 141      366EF776 
 141      EF39E777 
 141      CF791E37 
 141      19140651 
 142 0059 8AF94010 		.ascii	"\212\371@\020\214\211c\242~\217\001\350\207\362\200"
 142      8C8963A2 
 142      7E8F01E8 
 142      87F280
 143 0068 FA0CF461 		.ascii	"\372\014\364a\\D\005\316\"\333\213bL8\214\2718|8\232"
 143      5C4405CE 
 143      22DB8B62 
 143      4C388CB9 
 143      387C389A 
 144 007c BF29D421 		.ascii	"\277)\324!P\312\341\202:\037\266\312W\224\032P\251h"
 144      50CAE182 
 144      3A1FB6CA 
 144      57941A50 
 144      A968
 145 008e DA5AD839 		.ascii	"\332Z\3309Uy\2160h\216\361Ux\261\002\257\236\261\206"
 145      55798E30 
 145      688EF155 
 145      78B102AF 
 145      9EB186
 146 00a1 7262FA3A 		.ascii	"rb\372:\231\235.0]1A\032\340\374:L\226B\211s\244T\366"
 146      999D2E30 
 146      5D31411A 
 146      E0FC3A4C 
 146      96428973 
 147 00b8 7348A56E 		.ascii	"sH\245nc\370\250\347\377\216\340\372\010\037-h\224\023"
 147      63F8A8E7 
 147      FF8EE0FA 
 147      081F2D68 
 147      9413
 148 00ca 7C8B3BEC 		.ascii	"|\213;\354\357\275_d\242E\277\255\"\212Wj\352\315\312"
 148      EFBD5F64 
 148      A245BFAD 
 148      228A576A 
 148      EACDCA
 149 00dd B59A13F8 		.ascii	"\265\232\023\3703\205\260\001\223gl\302\\\022\006\347"
 149      3385B001 
 149      93676CC2 
 149      5C1206E7 
ARM GAS  C:\Users\8FEE~1\AppData\Local\Temp\ccHpYOPc.s 			page 11


 150 00ed 6706F74F 		.ascii	"g\006\367O,-\335\225\303\216\343\257\351\374\357Pw\321"
 150      2C2DDD95 
 150      C38EE3AF 
 150      E9FCEF50 
 150      77D1
 151 00ff E6625B2F 		.ascii	"\346b[/\207\036\007Kp\204\033[,?\256\345sa\375\350\371"
 151      871E074B 
 151      70841B5B 
 151      2C3FAEE5 
 151      7361FDE8 
 152 0114 C9927115 		.ascii	"\311\222q\025\351WW7\217%\223\354\321D\002\016fYbn\016"
 152      E9575737 
 152      8F2593EC 
 152      D144020E 
 152      6659626E 
 153 0129 439F33C9 		.ascii	"C\2373\311K\323\237\320\320\362\256\341\010\013\333"
 153      4BD39FD0 
 153      D0F2AEE1 
 153      080BDB
 154 0138 90A8F0FE 		.ascii	"\220\250\360\376\020H\302O\367\030\270\032\315\034\230"
 154      1048C24F 
 154      F718B81A 
 154      CD1C98
 155 0147 5A2EAB62 		.ascii	"Z.\253b\357\354\022\332\035\277\313|>\311;\020\354l"
 155      EFEC12DA 
 155      1DBFCB7C 
 155      3EC93B10 
 155      EC6C
 156 0159 EF0CDBFE 		.ascii	"\357\014\333\376\232j\031\266e\260-$\355\356\200\276"
 156      9A6A19B6 
 156      65B02D24 
 156      EDEE80BE 
 157 0169 5BED1E5F 		.ascii	"[\355\036_\200j\377\243\272\302\335=\266lni\252\252"
 157      806AFFA3 
 157      BAC2DD3D 
 157      B66C6E69 
 157      AAAA
 158 017b 948D8D75 		.ascii	"\224\215\215u\262\245\241\251\327\377\363\2575\024\352"
 158      B2A5A1A9 
 158      D7FFF3AF 
 158      3514EA
 159 018a F005E90B 		.ascii	"\360\005\351\013Zr\232\214"
 159      5A729A8C 
 160              		.text
 161              		.section	.gnu.lto_.symbol_nodes.8abfa9bb,"",%progbits
 162 0000 789C55C8 		.ascii	"x\234U\310A\015\200@\014\005\321\331\277\324\027\210"
 162      410D8040 
 162      0C05D1D9 
 162      BFD41788 
 163 0010 E2DC9580 		.ascii	"\342\334\225\200\005`A\004\"\320\200\022B\303\255s\231"
 163      05604104 
 163      22D08012 
 163      42C3AD73 
 163      99
 164 0021 E4196226 		.ascii	"\344\031b&\322*\207\345\206\330\325\246\220M^\262\354"
 164      D22A87E5 
 164      86D8D5A6 
ARM GAS  C:\Users\8FEE~1\AppData\Local\Temp\ccHpYOPc.s 			page 12


 164      904D5EB2 
 164      EC
 165 0032 7265E9F2 		.ascii	"re\351\362\232\345\220\017I\312)\267_\240\265\021*F"
 165      9AE5900F 
 165      49CA29B7 
 165      5FA0B511 
 165      2A46
 166 0044 7FDEC207 		.ascii	"\177\336\302\007\335y\035S"
 166      DD791D53 
 167              		.text
 168              		.section	.gnu.lto_.refs.8abfa9bb,"",%progbits
 169 0000 789C6365 		.ascii	"x\234ce`b`d\000\002\000\000I\000\011"
 169      60626064 
 169      00020000 
 169      490009
 170              		.text
 171              		.section	.gnu.lto_.decls.8abfa9bb,"",%progbits
 172 0000 789CBD57 		.ascii	"x\234\275WkLUW\026>\353\354\013\302\005\304^\215q2\316"
 172      6B4C5557 
 172      163EEBEC 
 172      0BC205C4 
 172      5E8D7132 
 173 0015 0C3118C8 		.ascii	"\0141\030\310\304\202\350Dk'1Zt\234&\265\235\\\235f"
 173      C482E844 
 173      6B27315A 
 173      749C26B5 
 173      9D5C9D66 
 174 0029 7ED0DCA0 		.ascii	"~\320\334\240\334V\022\036\226{\355\244\311$=\002U\212"
 174      DC56121E 
 174      967BEDA4 
 174      C9243D02 
 174      558A
 175 003b 8AA08282 		.ascii	"\212\240\202\202Z@\005\265\240<T\024\361\201\240\210"
 175      5A4005B5 
 175      A03C5414 
 175      F181A088 
 176 004b 0A8A5845 		.ascii	"\012\212XE\020\005\337\342\023\361\001B\225Y\373q8\207"
 176      1005DFE2 
 176      13F10142 
 176      9559FB71 
 176      3887
 177 005d E3C5E9FC 		.ascii	"\343\305\351\374\2309\271\373\234\275\366\376\326\267"
 177      9839B9FB 
 177      9CBDF6FE 
 177      D6B7
 178 006b D65E6BBF 		.ascii	"\326^k\277\256\233$K\345\357I\222\007\221\244m I\375"
 178      AE9B244B 
 178      E5EF4992 
 178      0791A46D 
 178      2049FD
 179 007e F8B84B92 		.ascii	"\370\270K\222\264K\322\036*\357\306r\024\3131,\325X"
 179      B44BD21E 
 179      2AEFC672 
 179      14CB312C 
 179      D558
 180 0090 6AB0D44A 		.ascii	"j\260\324Jo?_ \007RI\237c9\245\343\221\005\207+\235"
 180      6F3F5F20 
ARM GAS  C:\Users\8FEE~1\AppData\Local\Temp\ccHpYOPc.s 			page 13


 180      0752499F 
 180      6339A5E3 
 180      9105872B 
 181 00a5 EF50C743 		.ascii	"\357P\307C\350X\260\214\302R\201\305\007\333\275\261"
 181      E858B08C 
 181      C25281C5 
 181      07DBBDB1 
 182 00b5 5CC5FA39 		.ascii	"\\\305\3729\211\363z\242\334\213\337\327\202\223\372"
 182      89F37AA2 
 182      DC8BDFD7 
 182      8293FA
 183 00c4 E48B6DF8 		.ascii	"\344\213m\370\223~\017\203y\023P6\011^\225\213\362\200"
 183      937E0F83 
 183      79135036 
 183      095E958B 
 183      F280
 184 00d6 4E9F8EC7 		.ascii	"N\237\216\307\317\240G\237\345\277\322'\020>\311\"."
 184      CFA0479F 
 184      E5BFD227 
 184      103EC922 
 184      2E
 185 00e7 E3842F7F 		.ascii	"\343\204/\1774p\256\022|z\256\200\377\300Gc<A\360\005"
 185      3470AE12 
 185      7C7AAE80 
 185      FFC04763 
 185      3C41F005 
 186 00fb 19F8D613 		.ascii	"\031\370\326\023([u\374\260|\015Z\001\2610\202\265\002"
 186      285B75FC 
 186      B07C0D5A 
 186      01B13082 
 186      B502
 187 010d F037B0C2 		.ascii	"\3607\260\302\304~\365\001`\355\330*K\202Tm\002UC\310"
 187      C47EF501 
 187      60EDD82A 
 187      4B82546D 
 187      025543C8 
 188 0121 B2106541 		.ascii	"\262\020eA\311~B\031t\214\274\233[R\037>\006^aj\252"
 188      C97E4219 
 188      748CBC9B 
 188      5B521F3E 
 188      065E616A 
 189 0136 36C89A01 		.ascii	"6\310\232\001\000\275\202\216\220\273-\372\007\374\223"
 189      00BD828E 
 189      90BB2DFA 
 189      07FC93
 190 0145 B4C1813A 		.ascii	"\264\301\201:\372\247\231uw\314mp\225\266\346\314\000"
 190      FAA79975 
 190      77CC6D70 
 190      95B6E6CC 
 190      00
 191 0156 D6B6BCF4 		.ascii	"\326\266\274\364q\233\033\221\201\326\333^\355\370K"
 191      719B1B91 
 191      81D6DB5E 
 191      EDF84B
 192 0165 50A1C21F 		.ascii	"P\241\302\037\217\337ha;\321\337]\351\233B\300b\006"
 192      8FDF6861 
 192      3BD1DF5D 
ARM GAS  C:\Users\8FEE~1\AppData\Local\Temp\ccHpYOPc.s 			page 14


 192      E99B42C0 
 192      6206
 193 0177 19C5C6CE 		.ascii	"\031\305\306\316\272\315^(\2162\303\010\024{\226^<f"
 193      BACD5E28 
 193      8E32C308 
 193      147B965E 
 193      3C66
 194 0189 1E93C1B4 		.ascii	"\036\223\301\264\022\224\0212|>\032\012a,\024\300X4"
 194      12941132 
 194      7C3E1A0A 
 194      612C14C0 
 194      5834
 195 019b BE0BC6E0 		.ascii	"\276\013\306\340{\201\2113U\306\257\3355l\\\216\222"
 195      7B818933 
 195      55C6AFDD 
 195      356C5C8E 
 195      92
 196 01ac D3AE5436 		.ascii	"\323\256T6\305\377!#A\331\201Z~\024\005;\201\300O\020"
 196      C5FF2123 
 196      41D9815A 
 196      7E14053B 
 196      81C04F10 
 197 01c0 443DC62A 		.ascii	"D=\306*\276w@\033\300v\270\206\343\331\015\343P;\241"
 197      BE77401B 
 197      C076B886 
 197      E3D90DE3 
 197      503BA1
 198 01d3 B025D98D 		.ascii	"\260%\331\215|\300\234\275Z\273\263\200\240\023\001"
 198      7CC09CBD 
 198      5ABBB380 
 198      A01301
 199 01e2 66A071F0 		.ascii	"f\240q\360\305\246\242\207\345\257|x\023E4\256\356\332"
 199      C5A6A287 
 199      E5AF7C78 
 199      134534AE 
 199      EEDA
 200 01f4 368CCC66 		.ascii	"6\214\314f\365\363\211\305\233\010\037\201\211F\242"
 200      F5F389C5 
 200      9B081F81 
 200      8946A2
 201 0203 3EEBE670 		.ascii	">\353\346p>\002\277\365D\316<\335Te\202@s>\035B\345"
 201      3E02BFF5 
 201      44CE3CDD 
 201      54658240 
 201      733E1D42 
 202 0218 C9ACE999 		.ascii	"\311\254\351\231]\324\25120C\251\346T\200\031\337I\212"
 202      5DD4A932 
 202      3043A9E6 
 202      548019DF 
 202      498A
 203 022a 12AFA426 		.ascii	"\022\257\244&(\236\177\225`/\016r\017\016\022\366A "
 203      289E7F95 
 203      602F0E72 
 203      0F0E12F6 
 203      4120
 204 023c 354A7150 		.ascii	"5JqP\202\215\305\330\210VvnK\333\342N\352\201z \327"
 204      828DC5D8 
ARM GAS  C:\Users\8FEE~1\AppData\Local\Temp\ccHpYOPc.s 			page 15


 204      8856766E 
 204      4BDBE24E 
 204      EA817A20 
 205 0251 1CB972D9 		.ascii	"\034\271r\331\004\346@\227\004\345.\010\2703\335\007"
 205      04E64097 
 205      04E52E08 
 205      B833DD07 
 206 0261 C7D57CAF 		.ascii	"\307\325|\257(2\034@g\366k\316\240o<\242\253\367]\371"
 206      28321C40 
 206      67F66BCE 
 206      A06F3CA2 
 206      ABF75DF9 
 207 0275 C597D4B2 		.ascii	"\305\227\324\262\014\312YE\271\317\310PF\016\015i\244"
 207      0CCA5945 
 207      B9CFC850 
 207      460E0D69 
 207      A4
 208 0286 A965423E 		.ascii	"\251eB>3R\201F\016jF\016\250F\216d\367\354\225Mt\321"
 208      33528146 
 208      0E6A460E 
 208      A8468E64 
 208      F7EC954D 
 209 029c 50042613 		.ascii	"P\004&\023\333j\313{o\221!\323~\204\245\3750\210\274"
 209      DB6ACB7B 
 209      6F9121D3 
 209      7E84A5FD 
 209      3088BC
 210 02af A7E6962A 		.ascii	"\247\346\226*2\346\275\235\345=\340z\251\242\240A\305"
 210      32E6BD9D 
 210      E53DE07A 
 210      A9A2A041 
 210      C5
 211 02c0 447150A4 		.ascii	"DqP\244Y,2&\376(K\374\251\276\322\341\244\237\317\322"
 211      592C3226 
 211      FE284BFC 
 211      A9BED2E1 
 211      A49FCFD2 
 212 02d4 C305E7BE 		.ascii	"\303\005\347\276\020L\215\277\315T*\343\025\3529\235"
 212      104C8DBF 
 212      CD542AE3 
 212      15EA399D 
 213 02e4 40951A4F 		.ascii	"@\225\032O\245\221\347\030\343Y\263\247;\333\215\254"
 213      A591E718 
 213      E359B3A7 
 213      3BDB8DAC 
 214 02f4 208CA86E 		.ascii	" \214\250n\377\275&w\301T\365\273\001&\352Q\225\306"
 214      FFBD2677 
 214      C154F5BB 
 214      0126EA51 
 214      95C6
 215 0306 546564AA 		.ascii	"Ted\252fL\205\317\033J}H\006g\272Y|\366\256\254\017"
 215      664C85CF 
 215      1B4A7D48 
 215      0667BA59 
 215      7CF6AEAC 
 216 031b 058D9216 		.ascii	"\005\215\222\026\213\023\203\226@QI\336Ta\265&{t\232"
 216      8B138396 
ARM GAS  C:\Users\8FEE~1\AppData\Local\Temp\ccHpYOPc.s 			page 16


 216      405149DE 
 216      5461B526 
 216      7B749A
 217 032e BA021004 		.ascii	"\272\002\020\004\3075\263\307\215fk\230\331\247+\237"
 217      C735B3C7 
 217      8D666B98 
 217      D9A72B9F 
 218 033e E4F8925C 		.ascii	"\344\370\222\\n6{O\312j\037J\205)|\362hBv\361-%\311"
 218      6E367B4F 
 218      CA6A1F4A 
 218      85297CF2 
 218      684276F1 
 219 0355 CC561C9C 		.ascii	"\314V\034\234\324\230NR&Z\251e\014m=M\327\274\275\223"
 219      D4984E52 
 219      265AA965 
 219      0C6D3D4D 
 219      D7BCBD93 
 220 0369 07260883 		.ascii	"\007&\010\203\253sD\202S\340\255*b\025\361\373\257\247"
 220      AB734482 
 220      53E0AD2A 
 220      6215F1FB 
 220      AFA7
 221 037b 1FF5E42B 		.ascii	"\037\365\344+\34725\232U\361\374\264\033\227=h\367\343"
 221      E732359A 
 221      55F1FCB4 
 221      1B973D68 
 221      F7E3
 222 038d 82FD3E7C 		.ascii	"\202\375>|%U\322\356\013wr\023\275yw\003\225\253/\235"
 222      2555D2EE 
 222      0B777213 
 222      BD797703 
 222      95AB2F9D 
 223 03a1 EC34910E 		.ascii	"\3544\221\016\356pRaJ51'\321 \375\232\025@sT\327W\357"
 223      EE705261 
 223      4A353127 
 223      D120FD9A 
 223      15407354 
 224 03b8 469E70F5 		.ascii	"F\236p\365\025'\366\325\210E\\K\345u\007\253+\274H\227"
 224      1527F6D5 
 224      88455C4B 
 224      E57507AB 
 224      2BBC4897 
 225 03cc C841F28D 		.ascii	"\310A\362\215jw\322\315\005\325+\213\360*\373\312\213"
 225      6A77D2CD 
 225      05D52B8B 
 225      F02AFBCA 
 225      8B
 226 03dd D340FA78 		.ascii	"\323@\372xg\305\376C5b\004\023u\273\231\205\357fewN"
 226      67C5FE43 
 226      35620413 
 226      75BB9985 
 226      EF666577 
 227 03f2 D598F980 		.ascii	"\325\230\371\200\024\240\323\255\261u\006\301\211J5"
 227      14A0D3AD 
 227      B17506C1 
 227      894A35
 228 0401 ABBA8AB7 		.ascii	"\253\272\212\267\213\301\021:\234\314\256\006_:\034"
ARM GAS  C:\Users\8FEE~1\AppData\Local\Temp\ccHpYOPc.s 			page 17


 228      8BC1113A 
 228      9CCCAE06 
 228      5F3A1C
 229 0410 458412DB 		.ascii	"E\204\022\333\265H^\241\213\007\202\307B\013\037Js\317"
 229      B5485EA1 
 229      8B0782C7 
 229      420B1F4A 
 229      73CF
 230 0422 8916374B 		.ascii	"\211\0267K*Cc\302MlE_Fx\023\203\267\202EUb[n\372\343"
 230      2A4363C2 
 230      4D6C455F 
 230      46781383 
 230      B7824555 
 231 043b E17AF0B9 		.ascii	"\341z\360\271w\201wo\315[o&\211\334\311\215\317\256"
 231      7781776F 
 231      CD5B6F26 
 231      89DCC98D 
 231      CFAE
 232 044d 76888405 		.ascii	"v\210\204\005\242\230\377\262\"\301\203$\361\276\265"
 232      A298FFB2 
 232      22C18324 
 232      F1BEB5
 233 045c 4736D70F 		.ascii	"G6\327\017#+\271\240n\202\026\266\011B|\323G$\225\367"
 233      232BB9A0 
 233      6E8216B6 
 233      09427CD3 
 233      472495F7 
 234 0470 1C4D5B73 		.ascii	"\034M[s\025\310:.<N\274\335.\3423\006\305\3643\017\002"
 234      15C83A2E 
 234      3C4EBCDD 
 234      2EE23306 
 234      C5F4330F 
 235 0485 4826EF7A 		.ascii	"H&\357zS[\035@\262y\275\246l\307v y\\\350\312\252y`"
 235      535B1D40 
 235      B279BDA6 
 235      6CC77620 
 235      795CE8CA 
 236 049c 263BB990 		.ascii	"&;\271\220\323\270\351\200\007)\344B~OF\2767)\341\302"
 236      D3B8E980 
 236      0729E442 
 236      7E4F46BE 
 236      3729E1C2 
 237 04b0 CFE51793 		.ascii	"\317\345\027\223\274H\031\027\222JJ6x\221\203\\\210"
 237      BC481917 
 237      924A4A36 
 237      7891835C 
 237      88
 238 04c1 AF684E13 		.ascii	"\257hN\023'N;\225o\345\335\312\361\024YqG9\271\261\256"
 238      274E3B95 
 238      6FE5DDCA 
 238      F1145971 
 238      4739B9B1 
 239 04d6 1BC8110E 		.ascii	"\033\310\021\016N.\273p\3154d\036\236\252y\230\310\322"
 239      4E2EBB70 
 239      CD34641E 
 239      9EAA7998 
 239      C8D2
ARM GAS  C:\Users\8FEE~1\AppData\Local\Temp\ccHpYOPc.s 			page 18


 240 04e8 907E387D 		.ascii	"\220~8}\337pc\032\352\020}\206\241\273Xd\237\252\221"
 240      DF70631A 
 240      EA107D86 
 240      A1BB5864 
 240      9FAA91
 241 04fb 6DB8BD35 		.ascii	"m\270\2755\317d\314\303P\350\321O\222\217\275\360\001"
 241      CF64CCC3 
 241      50E8D14F 
 241      928FBDF0 
 241      01
 242 050c 7F7FFF91 		.ascii	"\177\177\377\221\376\272'\220\275\267(\211\011Je\333"
 242      FEBA2790 
 242      BDB72889 
 242      094A65DB 
 243 051c 06726FD7 		.ascii	"\006ro\327\331\225JN\0250\252\213\270N\273a\244\266"
 243      D9954A4E 
 243      1530AA8B 
 243      B84EBB61 
 243      A4B6
 244 052e 0E7E66BC 		.ascii	"\016~f\274{\351[\342*7bpkJ$\014~\326\010\257\177\013"
 244      7BE95BE2 
 244      2A376270 
 244      6B4A240C 
 244      7ED608AF 
 245 0544 7E5A07BF 		.ascii	"~Z\007\277`\204\237g\360\020\212N\023c\232a\222\340"
 245      60849F67 
 245      F0108A4E 
 245      13639A61 
 245      92E0
 246 0556 09F63F66 		.ascii	"\011\366?f]\024\215k\020\022\345@x\005\376\320\203E"
 246      5D148D6B 
 246      1012E540 
 246      7805FED0 
 246      8345
 247 0568 91FDE135 		.ascii	"\221\375\3415~{\261$a\375\027\374&\340\367\015~\227"
 247      7E7BB124 
 247      61FD17FC 
 247      26E0F70D 
 247      7E97
 248 057a E2F77B2C 		.ascii	"\342\367{,\313\260\364\243\374\003~\237\343\367%\226"
 248      CBB0F4A3 
 248      FC037E9F 
 248      E3F72596 
 249 058a 78ACF7E1 		.ascii	"x\254\367\341\367\005\226\345\262?\333\204\270\217-"
 249      F70596E5 
 249      B23FDB84 
 249      B88F2D
 250 0599 519A8F0F 		.ascii	"Q\232\217\017\215>\006\033G\324\250C?r\211\016\321\300"
 250      8D3E061B 
 250      47D4A843 
 250      3F72890E 
 250      D1C0
 251 05ab 5D3A7087 		.ascii	"]:p\207\021\334\004\006t\213.X\015\256c\253CWEk\350"
 251      11DC0406 
 251      748B2E58 
 251      0DAE63AB 
 251      4357456B 
ARM GAS  C:\Users\8FEE~1\AppData\Local\Temp\ccHpYOPc.s 			page 19


 252 05c0 BB46F46D 		.ascii	"\273F\364m#\372\276\316\223\373F\364\231\267\362\326"
 252      23FABECE 
 252      93FB46F4 
 252      99B7F2D6 
 253 05d0 A823BF65 		.ascii	"\250#\277e\204\3370\222w\351\320\327\214\350KF\364\015"
 253      84DF3092 
 253      77E9D0D7 
 253      8CE84B46 
 253      F40D
 254 05e2 9D2B0F5C 		.ascii	"\235+\017\\\273\242\017\212\216\373\246kO\0069\256\213"
 254      BBA20F8A 
 254      8EFBA66B 
 254      4F0639AE 
 254      8B
 255 05f3 61A3EB09 		.ascii	"a\243\353\0117h~\352\330\357\270\016\"\207\363\253\311"
 255      37687EEA 
 255      D8EFB80E 
 255      2287F3AB 
 255      C9
 256 0604 D98796A5 		.ascii	"\331\207\226\245\212\002\024&\211\203I\233Gw\036Y\326"
 256      8A021426 
 256      8983499B 
 256      47771E59 
 256      D6
 257 0615 2628B513 		.ascii	"&(\265\023\031\331u#Y\333[\031\321\231nw\215\036\360"
 257      19D97523 
 257      59DB5B19 
 257      D1996E77 
 257      8D1EF0
 258 0628 7429C263 		.ascii	"t)\302c\2262\3703\260@\247\200\253K\037N\033\311{u1"
 258      9632F833 
 258      B040A780 
 258      AB4B1F4E 
 258      1BC97B75 
 259 063d BEE77AE2 		.ascii	"\276\347z\342\351\311{\2439\371U$o\026pu\177\027\011"
 259      E9C97BA3 
 259      39F95524 
 259      6F167075 
 259      7F1709
 260 0650 E4707AD5 		.ascii	"\344pz\325\255\273\264c8y\3036;\271\352\307C\270\373"
 260      ADBBB463 
 260      3879C336 
 260      3BB9EAC7 
 260      43B8FB
 261 0663 068EE4E1 		.ascii	"\006\216\344\341y\371\330\035\257\352\260R\036\011\311"
 261      79F9D81D 
 261      AFEAB052 
 261      1E09C9
 262 0672 F2C0914F 		.ascii	"\362\300\221O\203\345z\205\303\012\\\330\377\353ENO"
 262      83E57A85 
 262      C30A5CD8 
 262      FFEB454E 
 262      4F
 263 0683 868ED5D7 		.ascii	"\206\216\325\327e\375-\203z\250\355\311\253dov%\301"
 263      65FD2D83 
 263      7AA8EDC9 
 263      AB646F76 
ARM GAS  C:\Users\8FEE~1\AppData\Local\Temp\ccHpYOPc.s 			page 20


 263      25C1
 264 0695 2F8273F7 		.ascii	"/\202s\367<\317\362!\311nl3/=\1772e8^j*\333\351\245"
 264      3CCFF221 
 264      C96E6C33 
 264      2F3D7F32 
 264      65385E6A 
 265 06ad C6BFE0F2 		.ascii	"\306\277\340\362-EA\236D\340w\305\024m\224X\035|EZ-"
 265      2D45419E 
 265      44E077C5 
 265      146D9458 
 265      1D7C455A 
 266 06c2 D30BCE9D 		.ascii	"\323\013\316\2353;\257\270\221\315\234m\353\375\362"
 266      333BAFB8 
 266      91CD9C6D 
 266      EBFDF2
 267 06d1 6A71D6FB 		.ascii	"jq\326\373\240\330\272e]\236\211\037#\367hwn\375\263"
 267      A0D8BA65 
 267      5D9E891F 
 267      23F76877 
 267      6EFDB3
 268 06e4 0C3329E0 		.ascii	"\0143)\340\330\276{\353\232\201c\251W\325\017\367v\017"
 268      D8BE7BEB 
 268      9A8163A9 
 268      57D50FF7 
 268      760F
 269 06f6 7DBAA7CB 		.ascii	"}\272\247\313\342TY'\263c\345b\317\341^o\262\2271\231"
 269      E2545927 
 269      B363E562 
 269      CFE15E6F 
 269      B2973199 
 270 070a DAB7763D 		.ascii	"\332\267v=p\207\300\261\000f,\371\352?*\0112e3d\310"
 270      7087C0B1 
 270      00662CF9 
 270      EA3F2A09 
 270      32653364 
 271 071f 44FD479A 		.ascii	"D\375G\232\245 }\347w\264\231\377\261\350\334\242\220"
 271      A5207DE7 
 271      77B499FF 
 271      B1E8DCA2 
 271      90
 272 0730 31124C66 		.ascii	"1\022Lf\207\025\254\307\374d2;Y\362X\330\200\206\262"
 272      8715ACC7 
 272      FC64323B 
 272      59F258D8 
 272      8086B2
 273 0743 30D7B405 		.ascii	"0\327\264\005\015\036h(\337\350\245\235L\300\270\327"
 273      0D1E6828 
 273      DFE8A59D 
 273      4CC0B8D7 
 274 0753 202E4DA6 		.ascii	" .M\246\376m\224-\252\227\354\376]\237\273\321\323,"
 274      FE6D942D 
 274      AA97ECFE 
 274      5D9FBBD1 
 274      D32C
 275 0765 6C24BDD3 		.ascii	"l$\275\323\006\242\3674/\333\340\251\347\336\364.\356"
 275      06A2F734 
 275      2FDBE0A9 
ARM GAS  C:\Users\8FEE~1\AppData\Local\Temp\ccHpYOPc.s 			page 21


 275      E7DEF42E 
 275      EE
 276 0776 0B89B507 		.ascii	"\013\211\265\007\274\307oU\032*\361n_\025P\022_\251"
 276      BCC76F55 
 276      1A2AF16E 
 276      5F155012 
 276      5FA9
 277 0788 24CC80CD 		.ascii	"$\314\200\315\262\005\326b\262\360\002\257SM\305\226"
 277      B205D662 
 277      B2F002AF 
 277      534DC596 
 278 0798 F9F867FA 		.ascii	"\371\370g\372Gy<j^\351/\317\361!\345<\374\313\222\343"
 278      47793C6A 
 278      5EE92FCF 
 278      F121E53C 
 278      FCCB92E3 
 279 07ac 4BDC0712 		.ascii	"K\334\007\022\377\247B]\342\351\0255[K|\2661\3619,\361"
 279      FFA7425D 
 279      E2E91535 
 279      5B4B7CB6 
 279      31F1392C 
 280 07c1 473BB665 		.ascii	"G;\266e\231\310\031\316\326\333\272\362\007_\301"
 280      99C819CE 
 280      D6DBBAF2 
 280      075FC1
 281 07d0 763A885F 		.ascii	"v:\210_\356s\371\345>Wc\31252maLE+;\026\220VN\324\324"
 281      EE73F9E5 
 281      3E5763CA 
 281      35326D61 
 281      4C452B3B 
 282 07ea 9C582E66 		.ascii	"\234X.f\205\227\356:<J\\\207_w6\274\026WB3\212\007\343"
 282      8597EE3A 
 282      3C4A5C87 
 282      5F7736BC 
 282      16574233 
 283 0801 8BDBDC86 		.ascii	"\213\333\334\206\2344\333\325I\223\317\343\334\234\362"
 283      9C34DBD5 
 283      4993CFE3 
 283      DC9CF2
 284 0810 B2D564CC 		.ascii	"\262\325d\314a\036\006k\033\013\326\016\026\347\355"
 284      611E066B 
 284      1B0BD60E 
 284      16E7ED
 285 081f 6A9CAB9B 		.ascii	"j\234\253\233\237\037\3621feHtkjN\272\373@V\246\210"
 285      9F1FF231 
 285      66654874 
 285      6B6A4EBA 
 285      FB4056A6 
 286 0834 ACEC1459 		.ascii	"\254\354\024Y\301?1:\325\255\"+?\261\254\224\255O\237"
 286      C13F313A 
 286      D5AD222B 
 286      3FB1AC94 
 286      AD4F9F
 287 0847 4EEEF3D1 		.ascii	"N\356\363\321\247\336M\313\360\320\222R\324\245%\205"
 287      A7DE4DCB 
 287      F0D09252 
 287      D4A52585 
ARM GAS  C:\Users\8FEE~1\AppData\Local\Temp\ccHpYOPc.s 			page 22


 288 0857 FE6129D0 		.ascii	"\376a)\320BY`\014e!\013e\177\307\366v\037\322'\326v"
 288      4259600C 
 288      65210B65 
 288      7FC7F676 
 288      1FD227D6 
 289 086c 71C70118 		.ascii	"q\307\001\030\360i\272\301\247\232A>\355\022>\355\226"
 289      F069BAC1 
 289      A79A413E 
 289      ED123EED 
 289      96
 290 087d C74BEE0E 		.ascii	"\307K\356\016\347\3071\221N\2179\237\376\335/4$D\032"
 290      E7C73191 
 290      4E8F399F 
 290      FEDD2F34 
 290      24441A
 291 0890 1F14148C 		.ascii	"\037\024\024\214\277\205\213\"\027D\306:B\246N\011\216"
 291      BF858B22 
 291      1744C63A 
 291      42A64E09 
 291      8E
 292 08a1 75042F0A 		.ascii	"u\004/\012\217\012v\304-\244_\233\303\031\264P\362v"
 292      8F0A76C4 
 292      2DA45F9B 
 292      C319B450 
 292      F276
 293 08b3 38E739C3 		.ascii	"8\3479\303\343\2343\243\302\343\242\3156\333\222\310"
 293      E39C33A3 
 293      C2E3A2CD 
 293      36DB92C8 
 294 08c3 18E7E449 		.ascii	"\030\347\344I6\347\277\">\014c\252\016\347\222\210\310"
 294      36E7BF22 
 294      3E0C63AA 
 294      0EE79288 
 294      C8
 295 08d4 58DBE238 		.ascii	"X\333\3428\3737\221\366\177\206L\323\267\2069cc\243"
 295      FB3791F6 
 295      7F864CD3 
 295      B7863963 
 295      63A3
 296 08e6 1C615FC5 		.ascii	"\034a_\305,\361c5?\344\360\263G/\260GD\330#\302\246"
 296      2CF16335 
 296      3FE4F0B3 
 296      472FB047 
 296      44D823C2 
 297 08fb 044DF69B 		.ascii	"\004M\366\23341d\352\327!a\330\376~Ll\214\375}{\370"
 297      343164EA 
 297      D72161D8 
 297      FE7E4C6C 
 297      8CFD7D7B 
 298 0910 82C8B0C8 		.ascii	"\202\310\260\310\230\205QK\"\354a\321\341\310\025c\017"
 298      9885514B 
 298      22EC61D1 
 298      E1C81563 
 298      0F
 299 0921 B345D8BF 		.ascii	"\263E\330\277\014_\022\345\2649\277]lw\004-\222<T/\276"
 299      0C5F12E5 
 299      B439BF5D 
ARM GAS  C:\Users\8FEE~1\AppData\Local\Temp\ccHpYOPc.s 			page 23


 299      6C77042D 
 299      923C542F 
 300 0936 FE3F78E1 		.ascii	"\376?x\341\370\326\021\206\261\210@\223h\332\023Egd"
 300      F8D61186 
 300      B1884093 
 300      68DA1345 
 300      6764
 301 0948 B4DDE69C 		.ascii	"\264\335\346\234\340*~q\316`\241\207\035\024*<\366\242"
 301      E02A7E71 
 301      CE60A187 
 301      1D142A3C 
 301      F6A2
 302 095a 618C5DCC 		.ascii	"a\214]\314\243\210u\273S\255\316\021UD\330\242\242\""
 302      A38875BB 
 302      53ADCE11 
 302      5544D8A2 
 302      A222
 303 096c 6C9198A3 		.ascii	"l\221\230\243?\017\225\232\305\261qNG\360\274\371s'"
 303      3F0F959A 
 303      C5B1714E 
 303      47F0BCF9 
 303      7327
 304 097e 4F0AFEE4 		.ascii	"O\012\376\344\223Y\301\363?\236\373M\210H\026\325FK"
 304      9359C1F3 
 304      3F9EFB4D 
 304      884816D5 
 304      464B
 305 0990 6EA1A173 		.ascii	"n\241\241s\255\223\345\317\254\246YsgZ\311\254P\253"
 305      AD93E5CF 
 305      ACA65973 
 305      675AC9AC 
 305      50AB
 306 09a2 E9A359F3 		.ascii	"\351\243Y\363\255$4\324J\254XfZ\255\344o\363BI\350\247"
 306      AD2434D4 
 306      4AAC5866 
 306      5AADE46F 
 306      F34249E8 
 307 09b7 F34DA1A1 		.ascii	"\363M\241\241\263\255\014?\211\275C\310\3549Vy\036j"
 307      B3AD0C3F 
 307      89BD43C8 
 307      EC395679 
 307      1E6A
 308 09c9 7E3CDB6A 		.ascii	"~<\333j\2327\027\321\241\326IXB\020\371\017\353\207"
 308      9A3717D1 
 308      A1D64958 
 308      4210F90F 
 308      EB87
 309 09db FF9D570E 		.ascii	"\377\235W\016g4MQd4\037\276\020lN\213\030\250\203N+"
 309      67344D51 
 309      64341FBE 
 309      106C4E8B 
 309      18A8834E 
 310 09f0 5B381DBB 		.ascii	"[8\035\273\217\315\366\345\222\230\2056[\320\324\251"
 310      8FCDF6E5 
 310      92988536 
 310      5BD0D4A9 
 311 0a00 D3A679A8 		.ascii	"\323\246y\250\222i\341\242\360\270\367\006\340\261\213"
ARM GAS  C:\Users\8FEE~1\AppData\Local\Temp\ccHpYOPc.s 			page 24


 311      9269E1A2 
 311      F0B8F706 
 311      E0B18B
 312 0a0f 397A84DA 		.ascii	"9z\204\332b\177[\375\203\211S\324\356\257\\u\207L\374"
 312      627F5BFD 
 312      838953D4 
 312      EEAF5C75 
 312      874CFC
 313 0a22 3747691E 		.ascii	"7Gi\036\372"
 313      FA
 314              		.text
 315              		.section	.gnu.lto_.symtab.8abfa9bb,"",%progbits
 316 0000 7374496E 		.ascii	"stInit\000"
 316      697400
 317 0007 00       		.ascii	"\000"
 318 0008 00       		.ascii	"\000"
 319 0009 00       		.ascii	"\000"
 320 000a 00000000 		.ascii	"\000\000\000\000\000\000\000\000"
 320      00000000 
 321 0012 AE000000 		.ascii	"\256\000\000\000"
 322 0016 73745374 		.ascii	"stStartAlarm\000"
 322      61727441 
 322      6C61726D 
 322      00
 323 0023 00       		.ascii	"\000"
 324 0024 00       		.ascii	"\000"
 325 0025 00       		.ascii	"\000"
 326 0026 00000000 		.ascii	"\000\000\000\000\000\000\000\000"
 326      00000000 
 327 002e BF000000 		.ascii	"\277\000\000\000"
 328 0032 73745374 		.ascii	"stStopAlarm\000"
 328      6F70416C 
 328      61726D00 
 329 003e 00       		.ascii	"\000"
 330 003f 00       		.ascii	"\000"
 331 0040 00       		.ascii	"\000"
 332 0041 00000000 		.ascii	"\000\000\000\000\000\000\000\000"
 332      00000000 
 333 0049 C1000000 		.ascii	"\301\000\000\000"
 334 004d 73745365 		.ascii	"stSetAlarm\000"
 334      74416C61 
 334      726D00
 335 0058 00       		.ascii	"\000"
 336 0059 00       		.ascii	"\000"
 337 005a 00       		.ascii	"\000"
 338 005b 00000000 		.ascii	"\000\000\000\000\000\000\000\000"
 338      00000000 
 339 0063 C3000000 		.ascii	"\303\000\000\000"
 340 0067 73744765 		.ascii	"stGetAlarm\000"
 340      74416C61 
 340      726D00
 341 0072 00       		.ascii	"\000"
 342 0073 00       		.ascii	"\000"
 343 0074 00       		.ascii	"\000"
 344 0075 00000000 		.ascii	"\000\000\000\000\000\000\000\000"
 344      00000000 
 345 007d C6000000 		.ascii	"\306\000\000\000"
ARM GAS  C:\Users\8FEE~1\AppData\Local\Temp\ccHpYOPc.s 			page 25


 346 0081 73745F6C 		.ascii	"st_lld_init\000"
 346      6C645F69 
 346      6E697400 
 347 008d 00       		.ascii	"\000"
 348 008e 02       		.ascii	"\002"
 349 008f 00       		.ascii	"\000"
 350 0090 00000000 		.ascii	"\000\000\000\000\000\000\000\000"
 350      00000000 
 351 0098 C8000000 		.ascii	"\310\000\000\000"
 352              		.text
 353              		.section	.gnu.lto_.opts,"",%progbits
 354 0000 272D666D 		.ascii	"'-fmath-errno' '-fsigned-zeros' '-ftrapping-math' '"
 354      6174682D 
 354      6572726E 
 354      6F272027 
 354      2D667369 
 355 0033 2D666E6F 		.ascii	"-fno-trapv' '-fno-openmp' '-fno-openacc' '-mcpu=cor"
 355      2D747261 
 355      70762720 
 355      272D666E 
 355      6F2D6F70 
 356 0066 7465782D 		.ascii	"tex-m7' '-mno-thumb-interwork' '-mthumb' '-ggdb' '-"
 356      6D372720 
 356      272D6D6E 
 356      6F2D7468 
 356      756D622D 
 357 0099 4F322720 		.ascii	"O2' '-fomit-frame-pointer' '-falign-functions=16' '"
 357      272D666F 
 357      6D69742D 
 357      6672616D 
 357      652D706F 
 358 00cc 2D666675 		.ascii	"-ffunction-sections' '-fdata-sections' '-fno-common"
 358      6E637469 
 358      6F6E2D73 
 358      65637469 
 358      6F6E7327 
 359 00ff 2720272D 		.ascii	"' '-flto'\000"
 359      666C746F 
 359      2700
 360              		.text
 361              		.comm	__gnu_lto_v1,1,1
 362              		.comm	__gnu_lto_slim,1,1
 363              		.ident	"GCC: (GNU Tools for ARM Embedded Processors 6-2017-q1-update) 6.3.1 20170215 (release) [AR
ARM GAS  C:\Users\8FEE~1\AppData\Local\Temp\ccHpYOPc.s 			page 26


DEFINED SYMBOLS
                            *ABS*:00000000 hal_st.c
                            *COM*:00000001 __gnu_lto_v1
                            *COM*:00000001 __gnu_lto_slim

NO UNDEFINED SYMBOLS
