ARM GAS  C:\Users\8FEE~1\AppData\Local\Temp\ccwV1Aov.s 			page 1


   1              		.cpu cortex-m7
   2              		.eabi_attribute 20, 1
   3              		.eabi_attribute 21, 1
   4              		.eabi_attribute 23, 3
   5              		.eabi_attribute 24, 1
   6              		.eabi_attribute 25, 1
   7              		.eabi_attribute 26, 1
   8              		.eabi_attribute 30, 2
   9              		.eabi_attribute 34, 1
  10              		.eabi_attribute 18, 4
  11              		.file	"hal_st_lld.c"
  12              		.text
  13              	.Ltext0:
  14              		.section	.gnu.lto_.profile.7b464e32,"",%progbits
  15 0000 789C6365 		.ascii	"x\234ce`b`a```d\260\224\001\000\001\016\000b"
  15      60626061 
  15      60606064 
  15      B0940100 
  15      010E0062 
  16              		.text
  17              		.section	.gnu.lto_.icf.7b464e32,"",%progbits
  18 0000 789C6365 		.ascii	"x\234ce`b\340c@\000&\206\216[\033z\331\030[\032\347"
  18      6062E063 
  18      40002686 
  18      8E5B1B7A 
  18      D9185B1A 
  19 0015 1D646600 		.ascii	"\035df\000\000(\234\005%"
  19      00289C05 
  19      25
  20              		.text
  21              		.section	.gnu.lto_.jmpfuncs.7b464e32,"",%progbits
  22 0000 789C6365 		.ascii	"x\234ce`b0g@\000&0\311\310\300\300\3028\235\231\361"
  22      60623067 
  22      40002630 
  22      C9C8C0C0 
  22      C2389D99 
  23 0015 E9C9C96D 		.ascii	"\351\311\311m<}\314\363\231\031\030e\030\2273\312\000"
  23      3C7DCCF3 
  23      99191865 
  23      189733CA 
  23      00
  24 0026 6580A25D 		.ascii	"e\200\242]\277\256\367q@D9\030W\200D\031\0004\214\013"
  24      BFAEF771 
  24      40443918 
  24      57804419 
  24      00348C0B 
  25 003a 59       		.ascii	"Y"
  26              		.text
  27              		.section	.gnu.lto_.inline.7b464e32,"",%progbits
  28 0000 789C6365 		.ascii	"x\234ce`b\260b@\000&\006\006\036QF\006&\276{\001\014"
  28      6062B062 
  28      40002606 
  28      061E5146 
  28      0626BE7B 
  29 0016 6C0BE499 		.ascii	"l\013\344\231@b\214\\p\202AD\006()\363\340\026#\\\226"
  29      40628C5C 
  29      70824144 
ARM GAS  C:\Users\8FEE~1\AppData\Local\Temp\ccwV1Aov.s 			page 2


  29      062829F3 
  29      E016235C 
  30 002b 9907AC8B 		.ascii	"\231\007\254\213\001\000\261z\005d"
  30      0100B17A 
  30      0564
  31              		.text
  32              		.section	.gnu.lto_.pureconst.7b464e32,"",%progbits
  33 0000 789C6365 		.ascii	"x\234ce`b`c`\000\222\273\030\031\245\000\003\273\000"
  33      60626063 
  33      600092BB 
  33      1819A500 
  33      03BB00
  34 0013 E6       		.ascii	"\346"
  35              		.text
  36              		.section	.gnu.lto_VectorB0.7b464e32,"",%progbits
  37 0000 789C8554 		.ascii	"x\234\205T]lSe\030~\237\363\235\376\320\016\207w^\020"
  37      5D6C5365 
  37      187E9FF3 
  37      9DFED00E 
  37      87775E10 
  38 0014 EC2E1625 		.ascii	"\354.\026%YvDQfLL\014\336\220\320\2300\356\227q\250"
  38      59764451 
  38      664C4C0C 
  38      DE90D098 
  38      30EE9771 
  39 0029 AE49BB92 		.ascii	"\256I\273\222\236\261\300\325\316\272b\005\215x\203"
  39      9EB1C0D5 
  39      CEBA6205 
  39      8D7883
  40 0038 EBD0E52C 		.ascii	"\353\320\345,.\221\211\356WQ\273A\251\2330\0207\342"
  40      2E9189EE 
  40      5751BB41 
  40      A99B3010 
  40      37E2
  41 004a 82C66437 		.ascii	"\202\306d7\312\234s0\025q\001Mt\363\375\276\226:[\201"
  41      CA9C7330 
  41      1571014D 
  41      74F3FDBE 
  41      963A5B81 
  42 005e 93F69C7E 		.ascii	"\223\366\234~\357\363\376<\357\373\274\247.\322\350"
  42      EFF3FE3C 
  42      EFFBBCA7 
  42      2ED2E8
  43 006d 4117D1C3 		.ascii	"A\027\321\303 \332JDp\021\2647\246\211\332\275\232&"
  43      20DA4A44 
  43      7011B437 
  43      A689DABD 
  43      9A26
  44 007f 463791ED 		.ascii	"F7\221\355\323\2771\310\256\020\320\363f\035\220?l/"
  44      D3BF31C8 
  44      AE10D0F3 
  44      661D903F 
  44      6C2F
  45 0091 A84D133A 		.ascii	"\250M\023:\332pTt\012\214\247~\314h\233O\330|\345:\263"
  45      DA705474 
  45      0A8CA77E 
  45      CC689B4F 
ARM GAS  C:\Users\8FEE~1\AppData\Local\Temp\ccwV1Aov.s 			page 3


  45      D87CE53A 
  46 00a6 95EDF6A1 		.ascii	"\225\355\366\241\207\034A\324\305_y\341\0046\023\273"
  46      871C41D4 
  46      C55F79E1 
  46      043613BB 
  47 00b6 5D1D5E39 		.ascii	"]\035^9\266\336\255\347\355\350\203\233\353\322\340"
  47      B6DEADE7 
  47      EDE8839B 
  47      EBD2E0
  48 00c5 0C72F6CA 		.ascii	"\014r\366\312j\312\316-\367b\365\005\237 \207\313\311"
  48      6ACACE2D 
  48      F762F505 
  48      9F2087CB 
  48      C9
  49 00d6 1BD11176 		.ascii	"\033\321\021v\224\365^\025\232|\212E\214\217.\376\222"
  49      94F55E15 
  49      9A7C8A45 
  49      8C8F2EFE 
  49      92
  50 00e7 F2CBD86E 		.ascii	"\362\313\330n!+\277yh\374\262\347u\341\010\015\262\302"
  50      212BBF79 
  50      68FCB2E7 
  50      75E1080D 
  50      B2C2
  51 00f9 74FFED1B 		.ascii	"t\377\355\033\276\374Q\222\321\331\324;pk\322\353\240"
  51      BEFC5192 
  51      D1D9D43B 
  51      706BD2EB 
  51      A0
  52 010a BB9DCF01 		.ascii	"\273\235\317\001G\010\234\304F\274\207\215$\375ON-\377"
  52      47089CC4 
  52      46BC878D 
  52      24FD4F4E 
  52      2DFF
  53 011c EE31FAED 		.ascii	"\3561\372\355d\273\304t\274\017\007i\305\032\037\300"
  53      64BBC474 
  53      BC0F0769 
  53      C51A1FC0 
  54 012c A04574FC 		.ascii	"\240Et\374\365r\227'_N\317W<\267z;W)K\000\032\3729\317"
  54      F5729727 
  54      5F4ECF57 
  54      3CB77A3B 
  54      57294B00 
  55 0144 0F48CE4E 		.ascii	"\017H\316Nl-\370\260\303\340R\346\317\365y\007\302\200"
  55      6C2DF8B0 
  55      C3E052E6 
  55      CFF57907 
  55      C280
  56 0156 2C44B203 		.ascii	",D\262\003A\243\233d\003\313?\375:\251\032(\341\326"
  56      41A39B64 
  56      03CB3FFD 
  56      3AA91A28 
  56      E1D6
  57 0168 F32EE87E 		.ascii	"\363.\350~\364\006\377\2457\004cm\373:\327\032\346\250"
  57      F406FFA5 
  57      3704636D 
  57      FB3AD71A 
ARM GAS  C:\Users\8FEE~1\AppData\Local\Temp\ccwV1Aov.s 			page 4


  57      E6A8
  58 017a 796832F0 		.ascii	"yh2\360\253\344\320\333B\332]\220\224~\233:>\367\200"
  58      ABE4D0DB 
  58      42DA5D90 
  58      947E9B3A 
  58      3EF780
  59 018d 3CBA11E0 		.ascii	"<\272\021\340\343\302\351\324\025\210g\325\304Ne\277"
  59      E3C2E9D4 
  59      158867D5 
  59      C44E65BF 
  60 019d 4DFBAA7B 		.ascii	"M\373\252{m;a\347\026\322\217\036\357\270\364\232\335"
  60      6D3B61E7 
  60      16D28F1E 
  60      EFB8F49A 
  60      DD
  61 01ae 93D8E008 		.ascii	"\223\330\340\010\017>\202`\245\360!\023\032)\264\201"
  61      0F3E8260 
  61      A5F02113 
  61      1A29B481 
  62 01be 53A8E6A0 		.ascii	"S\250\346\240\324\242}F\227\371<\010\340c\306\256!q"
  62      D4A27D46 
  62      97F93C08 
  62      E063C6AE 
  62      2171
  63 01d0 F5FAD1A1 		.ascii	"\365\372\321\241\031\024UN\346\227\341f\245K)\335%@"
  63      1914554E 
  63      E697E166 
  63      A54B29DD 
  63      2540
  64 01e2 25D8C240 		.ascii	"%\330\302@\315+&\341\023\011j\245\340\334X B\370Tb\242"
  64      CD2B26E1 
  64      13096AA5 
  64      E0DC5820 
  64      42F85462 
  65 01f7 0C4BD7F0 		.ascii	"\014K\327\360v!#A\275\024\234yKH\222\204Q\011\273\326"
  65      76212341 
  65      BD149C79 
  65      4B489284 
  65      5109BBD6 
  66 020b AE1DC6E0 		.ascii	"\256\035\306\340\346\026N\313\275\003%5\206\336qF\376"
  66      E6164ECB 
  66      BD032535 
  66      86DE7146 
  66      FE
  67 021c F0551DD3 		.ascii	"\360U\035\323\034;\315\003\366J\357\376\2711\333\253"
  67      1C3BCD03 
  67      F64AEFFE 
  67      B931DBAB 
  68 022c 6BEC7806 		.ascii	"k\354x\006UJ\205\033KWf5\266 \013]uK8\253\306\332\227"
  68      554A851B 
  68      4B576635 
  68      B6200B5D 
  68      754B38AB 
  69 0243 9D98AFA8 		.ascii	"\235\230\257\250J\027\242\327I\337\233\003#_\373UtN"
  69      4A17A2D7 
  69      49DF9B03 
  69      235FFB55 
ARM GAS  C:\Users\8FEE~1\AppData\Local\Temp\ccwV1Aov.s 			page 5


  69      744E
  70 0255 46E3335E 		.ascii	"F\3433^\345y$\002jrD\327\321\361\335p\347\310\213\245"
  70      E5792402 
  70      6A7244D7 
  70      D1F1DD70 
  70      E7C88BA5 
  71 0269 635A2E8E 		.ascii	"cZ.\216\311\375\037\306\343\212\361\004\2245\223Y\232"
  71      C9FD1FC6 
  71      E38AF104 
  71      94359359 
  71      9A
  72 027a F5B4FD6D 		.ascii	"\365\264\375m{\035\341\353\342\321K\020\237\243\215"
  72      7B1DE1EB 
  72      E2D14B10 
  72      9FA38D
  73 0289 D7C67F47 		.ascii	"\327\306\177G\370\0229\273\357#\3479%gq\213<<\230\363"
  73      F81239BB 
  73      EF23E739 
  73      2567718B 
  73      3C3C98F3 
  74 029d F792F356 		.ascii	"\367\222\363V\221\247\267\\\316\272\303,\347\244\004"
  74      91A7B75C 
  74      CEBAC32C 
  74      E7A404
  75 02ac D795CB59 		.ascii	"\327\225\313Y\327L\270 1_\271\234u}\314\353\242\004"
  75      D74CB820 
  75      315FB99C 
  75      757DCCEB 
  75      A204
  76 02be FDA5E0B5 		.ascii	"\375\245\340\265n!I\022\276(\227\363\222\032\316\227"
  76      6E214912 
  76      BE2897F3 
  76      921ACE97 
  77 02ce 6BE45C71 		.ascii	"k\344\\q\276\317\372\357(u^)5\245\224*\225e\272(\213"
  77      BECFFAEF 
  77      28755E29 
  77      35A5942A 
  77      9565BA28 
  78 02e3 4CAEDE4F 		.ascii	"L\256\336O]\375\303H\201\016\257\2507\276|\344\025\034"
  78      5DFDC348 
  78      810EAFA8 
  78      37BE7CE4 
  78      151C
  79 02f5 79B930EF 		.ascii	"y\2710\357\237\221\350Yu\240\034\345u\204\027\234\023"
  79      9F91E859 
  79      75A01CE5 
  79      7584179C 
  79      13
  80 0306 7089676A 		.ascii	"p\211gjk\015\376\230M\341=\341\230\265e\333SF\3142\232"
  80      6B0DFE98 
  80      4DE13DE1 
  80      98B565DB 
  80      5346CC32 
  81 031b 1A23C6BE 		.ascii	"\032#\306\276X\274\3052\352w\007\237x\334\330\271\363"
  81      58BCC532 
  81      EA77079F 
  81      78DCD8B9 
ARM GAS  C:\Users\8FEE~1\AppData\Local\Temp\ccwV1Aov.s 			page 6


  81      F3
  82 032c 7963F78E 		.ascii	"yc\367\216`\353\026\2114X-\015\221\310\336Z\223\\\255"
  82      60EB1689 
  82      34582D0D 
  82      91C8DE5A 
  82      935CAD
  83 033f 8D91FDA1 		.ascii	"\215\221\375\241'\377/\203\031\213Fc\315\205$\317\355"
  83      27FF2F83 
  83      198B4663 
  83      CD8524CF 
  83      ED
  84 0350 0A6E0F1E 		.ascii	"\012n\017\036`\0173\026\0175\264n\213\3266\321\323\367"
  84      600F3316 
  84      0F35B46E 
  84      8BD636D1 
  84      D3F7
  85 0362 880A1D68 		.ascii	"\210\012\035h1\266\007\353w\324\033\341f3\262\177o\310"
  85      31B607EB 
  85      77D41BE1 
  85      6633B27F 
  85      6FC8
  86 0374 30A356D8 		.ascii	"0\243V\330jx\31149\362\221\2731\216Y|\213\267\250\347"
  86      6A78C934 
  86      39F291BB 
  86      318E597C 
  86      8BB7A8E7 
  87 0388 DDFC182E 		.ascii	"\335\374\030.\346l\262\016Z\354\267!X\277+\260\247\321"
  87      E66CB20E 
  87      5AECB721 
  87      58BF2BB0 
  87      A7D1
  88 039a 0AED8B87 		.ascii	"\012\355\213\207k\002\325\217\221\026'O4\024\215\305"
  88      6B02D58F 
  88      9116274F 
  88      34148DC5 
  89 03aa 0FD23F78 		.ascii	"\017\322?x\230\005^"
  89      98055E
  90              		.text
  91              		.section	.gnu.lto_st_lld_init.7b464e32,"",%progbits
  92 0000 789C9D94 		.ascii	"x\234\235\224_HSQ\030\300\317w\317\275ww\313\214z\012"
  92      5F485351 
  92      18C0CF77 
  92      CFBD7777 
  92      CB8C7A0A 
  93 0014 DA43AF46 		.ascii	"\332C\257FxYA=Do\275\004\372\244\357R\366\2400X4\351"
  93      7859413D 
  93      446FBD04 
  93      FAA4EF52 
  93      F6A03058 
  94 002a B15D5367 		.ascii	"\261]Sg\031\250\020\315\204\306\035\010\255\231s\316"
  94      19A810CD 
  94      84C61D08 
  94      AD9973CE 
  95 003a D4DCFCD3 		.ascii	"\324\334\374\323\\\232Y\376+\242\202\350\017A\242X "
  95      5C9A59FE 
  95      2BA282E8 
  95      0F41A258 
ARM GAS  C:\Users\8FEE~1\AppData\Local\Temp\ccwV1Aov.s 			page 7


  95      20
  96 004b 2A1545AE 		.ascii	"*\025E\256\357;wnRO\356\260{\356\3569\347\376~\337w"
  96      EF3B776E 
  96      524FEEB0 
  96      7BEEEE39 
  96      E7FE7EDF 
  97 0060 FE5C8549 		.ascii	"\376\\\205I\254Ua\3544c\354\020^\300\031H\355\363\214"
  97      AC5561EC 
  97      3463EC10 
  97      5EC01948 
  97      EDF38C
  98 0073 D56B1200 		.ascii	"\325k\022\000\37514`>\011|\320\306;8\244\233\227\022"
  98      FD313460 
  98      3E097CD0 
  98      C63B38A4 
  98      9B9712
  99 0086 5249D8C0 		.ascii	"RI\330\300\222\352\030:\3407\232\016\232\234\261N\274"
  99      92EA183A 
  99      E0379A0E 
  99      9A9CB14E 
  99      BC
 100 0097 A840184A 		.ascii	"\250@\030J\030\016\373\034\337\272\265W\225\255v\270"
 100      180EFB1C 
 100      DFBAB557 
 100      95AD76B8 
 101 00a7 072AE03D 		.ascii	"\007*\340=\366\022R\306V\246\331HMv\301\213\212\375"
 101      F61252C6 
 101      56A6D948 
 101      4D76C18B 
 101      8AFD
 102 00b9 123339FA 		.ascii	"\02239\372\260R\250R\251b\254\005_!\357\015.\321\235"
 102      B052A852 
 102      A962AC05 
 102      5F21EF0D 
 102      2ED19D
 103 00cc AF403AB9 		.ascii	"\257@:\271\022\251%H\220K\310\0164\245\027l\255\334"
 103      12A92548 
 103      904BC80E 
 103      34A5176C 
 103      ADDC
 104 00de E41290AA 		.ascii	"\344\022\220\25218\265d\267\036\215\265k\206\214M\253"
 104      3138B564 
 104      B71E8DB5 
 104      6B868C4D 
 104      AB
 105 00ef 1F7F2714 		.ascii	"\037\177'\024\023\202\365\030\345a\223s\350\006'D\300"
 105      1382F518 
 105      E5619373 
 105      E8062744 
 105      C0
 106 0100 C968FC7A 		.ascii	"\311h\374z`\361S\221\0365\032\301\3442\334\007\023n"
 106      60F15391 
 106      1E351AC1 
 106      E432DC07 
 106      136E
 107 0112 8BE0A107 		.ascii	"\213\340\241\007t\266\002\015?\375`\271\270\245\033"
 107      74B6020D 
ARM GAS  C:\Users\8FEE~1\AppData\Local\Temp\ccwV1Aov.s 			page 8


 107      3FFD60B9 
 107      B8A51B
 108 0121 989CF66B 		.ascii	"\230\234\366k\304\007,Q\204`@\001;\015\331\235\2517"
 108      C4072C51 
 108      84604001 
 108      3B0DD99D 
 108      A937
 109 0133 6F8A818E 		.ascii	"o\212\201\216x\002%#=v\313\246\354\314L\021\231\265"
 109      78022523 
 109      3D76CBA6 
 109      ECCC4C11 
 109      99B5
 110 0145 344CF46B 		.ascii	"4L\364k\326\243\221j7\212\261i\361\303\360kG\336\247"
 110      D6A3916A 
 110      378AB169 
 110      F1C3F06B 
 110      47DEA7
 111 0158 421C7D7D 		.ascii	"B\034}}Y\337\320\306z[\336\327/|4\357\360\340\237\314"
 111      59DFD0C6 
 111      7A5BDED7 
 111      2F7C34EF 
 111      F0E09FCC 
 112 016c 48F75F2A 		.ascii	"H\367_*\273@\017\344\321\203\224\212J\240\315\345\330"
 112      BB400FE4 
 112      D183948A 
 112      4AA0CDE5 
 112      D8
 113 017d F5E22C2B 		.ascii	"\365\342,+\227\210M$2\037\375\261\346\260\036i\343\320"
 113      97884D24 
 113      321FFDB1 
 113      E6B01E69 
 113      E3D0
 114 018f 1275F57E 		.ascii	"\022u\365~\237\326\262\266\320\025\\y\015\036\242o("
 114      9FD6B2B6 
 114      D0155C79 
 114      0D1EA26F 
 114      28
 115 01a0 EBEB9EDB 		.ascii	"\353\353\236\333\334\260\221\257\236b\221aX\030%2&@"
 115      DCB091AF 
 115      9E629161 
 115      58182532 
 115      2640
 116 01b2 C7014DA1 		.ascii	"\307\001M\241;G\211(C\354\025\203\244\225\313\346\362"
 116      3B478928 
 116      43EC1583 
 116      A495CBE6 
 116      F2
 117 01c3 702E845D 		.ascii	"p.\204]\012F\204@\354\326Q!X\035\355{\253X\206\014\226"
 117      0A468440 
 117      ECD65121 
 117      581DED7B 
 117      AB58860C 
 118 01d8 7D30B6ED 		.ascii	"}0\266\355H\024\352\030\027\016\231\034\217\204#7M2"
 118      4814EA18 
 118      170E991C 
 118      8F842337 
 118      4D32
ARM GAS  C:\Users\8FEE~1\AppData\Local\Temp\ccwV1Aov.s 			page 9


 119 01ea 30486DF3 		.ascii	"0Hm\363\223\205\361\3550!\370x\230\2513\023\210\277"
 119      9385F1ED 
 119      3021F878 
 119      98A93313 
 119      88BF
 120 01fc 575D31EA 		.ascii	"W]1\352\014\365\213UK\203\016G\234b\003>\006W\3367R"
 120      0CF58B55 
 120      4B830E47 
 120      9C62033E 
 120      0657DE37 
 121 0211 683E93C2 		.ascii	"h>\223\302\247\022p\012\3319\340h\241\300'\002h#\340"
 121      A712700A 
 121      D939E068 
 121      A1C02702 
 121      6823E0
 122 0224 F44EE058 		.ascii	"\364N\340X\241\300\247\002\250\021pF\314\370`\363l\334"
 122      A1C0A702 
 122      A8117046 
 122      CCF860F3 
 122      6CDC
 123 0236 61CD38C0 		.ascii	"a\3158\300\263m\376x\241\374\347\202o'\376,\006L\300"
 123      B36DFE78 
 123      A1FCE782 
 123      6F27FE2C 
 123      064CC0
 124 0249 55DC9AE1 		.ascii	"U\334\232\341\273\234x\364F\"\361\365\235\315\367\307"
 124      BB9C78F4 
 124      4622F1F5 
 124      9DCDF7C7 
 125 0259 D04CEEE8 		.ascii	"\320L\356\350\244#\003s\340\243\216/37\375E\024\311"
 125      A4230373 
 125      E0A38E2F 
 125      3337FD45 
 125      14C9
 126 026b 1EE4CF83 		.ascii	"\036\344\317\203\223\316\373\2577\255\232\325\244\301"
 126      93CEFBAF 
 126      37AD9AD5 
 126      A4C1
 127 0279 02384D5E 		.ascii	"\0028M^\304\276\301\325PWX\234[\361\201mA\006~\025\361"
 127      C4BEC1D5 
 127      5057589C 
 127      5BF1816D 
 127      41067E15 
 128 028e 249C2A2D 		.ascii	"$\234*-\325\361W]S{\276\326\343u\235<\241{\274z\315"
 128      D5F1575D 
 128      537BBED6 
 128      E3759D3C 
 128      A17BBC7A 
 129 02a3 39B77ED1 		.ascii	"9\267~\321s\251\316\253WT\226\037?\246\227\225\235\321"
 129      73A9CEAB 
 129      5754961F 
 129      3FA69795 
 129      9DD1
 130 02b5 2BCF965F 		.ascii	"+\317\226_vQO\225\267\256\312\355\276PZ\315\376\002"
 130      76514F95 
 130      B7AECAED 
 130      BE505ACD 
ARM GAS  C:\Users\8FEE~1\AppData\Local\Temp\ccwV1Aov.s 			page 10


 130      FE02
 131 02c7 0863E53A 		.ascii	"\010c\345:"
 132              		.text
 133              		.section	.gnu.lto_.symbol_nodes.7b464e32,"",%progbits
 134 0000 789C6365 		.ascii	"x\234ce`b(d\000\002\246\205L\365\014\014\023\31610\000"
 134      60622864 
 134      0002A685 
 134      4CF50C0C 
 134      13CE3130 
 135 0015 A95D0D8E 		.ascii	"\251]\015\216@\221EL\365\214(\"\214\213\231\352\231"
 135      4091454C 
 135      F58C2822 
 135      8C8B99EA 
 135      99
 136 0026 C0220C0C 		.ascii	"\300\"\014\014\015\015\016@\201%L\365\314(\002K\231"
 136      0D0D0E40 
 136      81254CF5 
 136      CC28024B 
 136      99
 137 0037 EA599005 		.ascii	"\352Y\220\005\230\201\260\345\33016f\240=-\355o\344"
 137      9881B0E5 
 137      D8313666 
 137      A03D2DED 
 137      6FE4
 138 0049 99195918 		.ascii	"\231\031Y\030\236\000i\006\000\"\304\033}"
 138      9E006906 
 138      0022C41B 
 138      7D
 139              		.text
 140              		.section	.gnu.lto_.refs.7b464e32,"",%progbits
 141 0000 789C6365 		.ascii	"x\234ce`b`d\000\002\000\000I\000\011"
 141      60626064 
 141      00020000 
 141      490009
 142              		.text
 143              		.section	.gnu.lto_.decls.7b464e32,"",%progbits
 144 0000 789CCD59 		.ascii	"x\234\315YiPT\311\226\256\274Y,U@i\024\316\033'\306"
 144      695054C9 
 144      96AEBC59 
 144      2C554069 
 144      14CE1B27 
 145 0015 8970FA31 		.ascii	"\211p\3721!\023\023O,\234\327\366{3?\324\002\205\030"
 145      2113134F 
 145      2C9CD7F6 
 145      7B333FD4 
 145      028518
 146 0028 E9360ABB 		.ascii	"\3516\012\273c\342\005\021\025\010\325-\321,\335\200"
 146      63E20511 
 146      1508D52D 
 146      D12CDD80 
 147 0038 FDBA275E 		.ascii	"\375\272'^\304\024\233\002nm\203\013n\215l\202\202\215"
 147      C4149B02 
 147      6E6D830B 
 147      6E8D6C82 
 147      828D
 148 004a F6134445 		.ascii	"\366\023DE\220RdS\021T\224]@DqAP6\027\346d\346\255\272"
 148      90526453 
ARM GAS  C:\Users\8FEE~1\AppData\Local\Temp\ccwV1Aov.s 			page 11


 148      1154945D 
 148      40447141 
 148      503617E6 
 149 0062 59B7CA9E 		.ascii	"Y\267\312\2367?fbnp\352\336\223\371\345wO\236sn\336"
 149      373F6662 
 149      6E70EADE 
 149      93F9E577 
 149      4F9E736E 
 150 0077 93171785 		.ascii	"\223\027\027\205\240\270\370w\012E\274\213B\021\204"
 150      A0B8F877 
 150      0A45BC8B 
 150      421184
 151 0086 148A3938 		.ascii	"\024\21298\260B\241(\003\001UQ\256`\007t+\316\202\234"
 151      B042A128 
 151      03015551 
 151      AE600774 
 151      2BCE829C 
 152 009a 03B90072 		.ascii	"\003\271\000r\021\304\242p<\276\206A\236p\376\014d\011"
 152      11C4A270 
 152      3CBE8641 
 152      9E70FE0C 
 152      6409
 153 00ac 881BE8AE 		.ascii	"\210\033\350\256 \215p\255\005Y rzA\233\026\304\033"
 153      208D70AD 
 153      05592072 
 153      7A419B16 
 153      C41B
 154 00be A452BCD7 		.ascii	"\244R\274\327K\322.\336\347\257\240\341\257A\376\006"
 154      4BD22EDE 
 154      E7AFA0E1 
 154      AF41FE06 
 155 00ce E46F41FE 		.ascii	"\344oA\376\036\344\327\210\335\367\037\340\274\004\344"
 155      1EE4D788 
 155      DDF71FE0 
 155      BC04E4
 156 00dd 1F41FE09 		.ascii	"\037A\376\0111{\344\307f\304\270\254v\374\011\364\377"
 156      317BE4C7 
 156      66C4B8AC 
 156      76FC09F4 
 156      FF
 157 00ee 10EDC880 		.ascii	"\020\355\310\200s:\222l\353\200\266L\304\354\252\003"
 157      733A926C 
 157      EB80B64C 
 157      C4ECAA03 
 158 00fe 51836C02 		.ascii	"Q\203l\002=\211\370C\301\214\233\204\023\206\363\024"
 158      3D89F843 
 158      C18C9B84 
 158      1386F314 
 159 010e 9CC74104 		.ascii	"\234\307A\004\270\236 g\321'\316|\261\017\243\236\206"
 159      B89E2067 
 159      D127CE7C 
 159      B10FA39E 
 159      86
 160 011f 92137827 		.ascii	"\222\023x'FK\324\210xv\0364\375\364\244j\306\2135\021"
 160      464BD488 
 160      78761E34 
 160      FDF4A46A 
ARM GAS  C:\Users\8FEE~1\AppData\Local\Temp\ccwV1Aov.s 			page 12


 160      C68B3511 
 161 0133 44DF4CF1 		.ascii	"D\337L\361\232\245\245fv\270\013\322\320\266]\343\005"
 161      9AA5A566 
 161      76B80BD2 
 161      D0B65DE3 
 161      05
 162 0144 6ED88382 		.ascii	"n\330\203\202n\246\226\037\"4Z5R\202\372\342\332\201"
 162      6EA6961F 
 162      22345A35 
 162      5282FAE2 
 162      DA81
 163 0156 410DA80B 		.ascii	"A\015\250\013\324h\361>,\3444u\324)\221\257\272\210"
 163      D468F13E 
 163      2CE43475 
 163      D42991AF 
 163      BA88
 164 0168 50D44E8D 		.ascii	"P\324N\215/\331\275\325l\026\320I\244F\307\021F%h)\231"
 164      2FD9BDD5 
 164      6C16D049 
 164      A446C711 
 164      46256829 
 165 017d C31232AD 		.ascii	"\303\0222\255t\2639\331\374}\212Y\025\244@\245h\021"
 165      74B339D9 
 165      FC7D8A59 
 165      15A440A5 
 165      6811
 166 018f 3A811629 		.ascii	":\201\026)P\031\362%\326\020\034*\206\306c\320\010w"
 166      5019F225 
 166      D6101C2A 
 166      86C663D0 
 166      0877
 167 01a1 2929D89D 		.ascii	"))\330\235\347\212\263\020\261@\250\277\330uW\211\324"
 167      E78AB310 
 167      B140A8BF 
 167      D8755789 
 167      D4
 168 01b2 BE4E094E 		.ascii	"\276N\011N9!`\306<<\361A}\0321\246\034\214\371I2\006"
 168      392160C6 
 168      3C3CF141 
 168      7D1A31A6 
 168      1C8CF949 
 169 01c8 6C232768 		.ascii	"l#'h\205\033U\354\270\\-\364\242n\004\263G\363\351\374"
 169      851B55EC 
 169      B85C2DF4 
 169      A26E04B3 
 169      47F3E9FC 
 170 01dc 1162BF88 		.ascii	"\021b\277\210\012U\347\254\007B\264\035Z\005\372\313"
 170      0A55E7AC 
 170      0742B41D 
 170      5A05FACB 
 171 01ec 80B40959 		.ascii	"\200\264\011YG\210\272 \252\202HI\377\304\301\210cd"
 171      4788BA20 
 171      AA824849 
 171      FFC4C188 
 171      6364
 172 01fe DDEC4ED6 		.ascii	"\335\354N\326\203\305\235]\320a\326\321H\220n\200\020"
 172      83C59D5D 
ARM GAS  C:\Users\8FEE~1\AppData\Local\Temp\ccwV1Aov.s 			page 13


 172      D061D6D1 
 172      48906E80 
 172      10
 173 020f 3F802364 		.ascii	"?\200#df\213\3756\373\024\322\344\2205\316/rZ\206\325"
 173      668BFD36 
 173      FB14D2E4 
 173      9035CE2F 
 173      725A86D5 
 174 0223 7DA887B4 		.ascii	"}\250\207\264\346\256D\264\355\351\363'\3074x\247@\203"
 174      E6AE44B4 
 174      EDE9F327 
 174      C73478A7 
 174      4083
 175 0235 7F656EAA 		.ascii	"\177en\252v\036\013\276@\362b\254\345\260\007\013\376"
 175      761E0BBE 
 175      40F262AC 
 175      E5B0070B 
 175      FE
 176 0246 7C50A793 		.ascii	"|P\247\223n_R/\334K\323'\305<_@\237\375\012U@\014\316"
 176      6E5F522F 
 176      DC4BD327 
 176      C53C5F40 
 176      9FFD0A55 
 177 025d 400C14A8 		.ascii	"@\014\024\250\022-\204\337\215Jv\253=\257\213\363<>"
 177      122D84DF 
 177      8D4A76AB 
 177      3DAF8BF3 
 177      3C3E
 178 026f C835E7F6 		.ascii	"\3105\347\366\233k\347\232\376\265:o\213\271\025\206"
 178      9B6BE79A 
 178      FEB53A6F 
 178      8BB91586 
 179 027f ADA438F4 		.ascii	"\255\2448\364g)<p\011\277?\243>\204N\243^\260\374,\372"
 179      67293C70 
 179      09BF3FA3 
 179      3E844EA3 
 179      5EB0FC2C 
 180 0294 8098BAFD 		.ascii	"\200\230\272\375y\356<\334\316\314\272\234ux\300U$\353"
 180      79EE3CDC 
 180      CECCBA9C 
 180      7578C055 
 180      24EB
 181 02a6 6DF4CC31 		.ascii	"m\364\3141\327&\233I\244\011U\225DU%\247:G\251\372\306"
 181      D7269B49 
 181      A4095595 
 181      445525A7 
 181      3A47A9FA 
 182 02bb 26AE7AE0 		.ascii	"&\256z\340>F\225u\254s\253\000T\375\2201\035\275\276"
 182      3E469575 
 182      AC73AB00 
 182      54FD9031 
 182      1DBDBE
 183 02ce 6FCB87CC 		.ascii	"o\313\207\314\351jf\324y\211\351<a\"\027\027(CF\245"
 183      E96A66D4 
 183      7989E93C 
 183      61221717 
 183      284346A5 
ARM GAS  C:\Users\8FEE~1\AppData\Local\Temp\ccwV1Aov.s 			page 14


 184 02e2 6507C6C5 		.ascii	"e\007\306\305\2302L\\}\235\346.2t=_v\375\2649\325\205"
 184      98324C5C 
 184      7D9DE62E 
 184      32743D5F 
 184      76FDB439 
 185 02f8 8EAF96C6 		.ascii	"\216\257\226\306W[\307_\244\343\017\336\032\310\027"
 185      575BC75F 
 185      A4E30FDE 
 185      1AC817
 186 0307 F0201B5F 		.ascii	"\360 \033_7\3237_)\260\214$\356\202\246\314\302\306"
 186      37D3375F 
 186      29B08C24 
 186      EE82A6CC 
 186      C2C6
 187 0319 596C6BAB 		.ascii	"Ylk\253E\264\261\371\346x\207\347{\275]G\275}\011\211"
 187      45B4B1F9 
 187      E67887E7 
 187      7BBD5D47 
 187      BD7D0989 
 188 032d EE2EAD6C 		.ascii	"\356.\255l\270\243\021\215\032|\367Q\0165\0120\250F"
 188      B8A3118D 
 188      1A7CF751 
 188      0E350A30 
 188      A846
 189 033f 32AAC66A 		.ascii	"2\252\306j\224\205\032Uy\177O\215\212\305\372.\2418"
 189      94851A55 
 189      797F4F8D 
 189      8AC5FA2E 
 189      A138
 190 0351 70FE6593 		.ascii	"p\376e\223\013\323\335I\367\263\023\225^,\366\265\244"
 190      0BD3DD49 
 190      F7B31395 
 190      5E2CF6B5 
 190      A4
 191 0362 BB7DF868 		.ascii	"\273}\370h\252'\353n%\272\345\316\3251%.V\3229\245\227"
 191      AA27EB6E 
 191      25BAE5CE 
 191      D531252E 
 191      56D239A5 
 192 0377 EEB46075 		.ascii	"\356\264`u:1\364/y`aDK\313\353k.\370$\033\276\355\312"
 192      3A31F42F 
 192      79606144 
 192      4BCBEB6B 
 192      2EF8241B 
 193 038e 997A71CD 		.ascii	"\231zq\315i z\3669\313y\017|\212u\016f\016X\\q\005S"
 193      69207AF6 
 193      39CB790F 
 193      7C8A750E 
 193      660E585C 
 194 03a5 AC566945 		.ascii	"\254ViE\253~\354z\325\204\3609\326y\276\362B\2758\203"
 194      AB7EEC7A 
 194      D584F039 
 194      D679BEF2 
 194      42BD3883 
 195 03b9 655CF66A 		.ascii	"e\\\366jY\366V\0147\326\253\331\204\314\010\364\352"
 195      59F6560C 
 195      37D6ABD9 
ARM GAS  C:\Users\8FEE~1\AppData\Local\Temp\ccwV1Aov.s 			page 15


 195      84CC08F4 
 195      EA
 196 03ca B6EE95B8 		.ascii	"\266\356\225\270\206\215\254\033/?&N\016\223\351\344"
 196      868DAC1B 
 196      2F3F264E 
 196      0E93E9E4 
 197 03da 8CB7CE23 		.ascii	"\214\267\316#\3231\263\351\220v\353\204\024\3506YP\220"
 197      D331B3E9 
 197      9076EB84 
 197      14E83659 
 197      5090
 198 03ec DF22748B 		.ascii	"\337\"t\213M\345\336\364\225N\027\355\367\024m6/V\322"
 198      4DE5DEF4 
 198      954E17ED 
 198      F7146D36 
 198      2F56D2
 199 03ff 20B601FC 		.ascii	" \266\001\374&\205\337AZ\353 \372\210\355y\246\341\301"
 199      2685DF41 
 199      5AEB20FA 
 199      88ED79A6 
 199      E1C1
 200 0411 8DBF043E 		.ascii	"\215\277\004>\231_\270O\215-\314\310\203\023=\217\304"
 200      995FB84F 
 200      8D2DCCC8 
 200      83133D8F 
 200      C4
 201 0422 80F9825A 		.ascii	"\200\371\202Z4y>\305\035_e}Y\027\017_s\303\315L\261"
 201      34793EC5 
 201      1D5F657D 
 201      59170F5F 
 201      73C3CD4C 
 202 0437 AED95ABA 		.ascii	"\256\331Z\272f\243\344\216\325\370\006\353\251\331\375"
 202      66A3E48E 
 202      D5F806EB 
 202      A9D9FD
 203 0446 430FC2ED 		.ascii	"C\017\302\355Ly\226\372\240_\364\317B\362\3046\217."
 203      4C7996FA 
 203      A05FF4CF 
 203      42F2C436 
 203      8F2E
 204 0458 C17759D7 		.ascii	"\301wY\327\273\006\313\022\334\313\256\353+\212\217"
 204      BB06CB12 
 204      DCCBAEEB 
 204      2B8A8F
 205 0467 213CC494 		.ascii	"!<\304\224\361\003\365\243j<\302\224\334\266Cg\335\361"
 205      F103F5A3 
 205      6A3CC294 
 205      DCB64367 
 205      DDF1
 206 0479 28538AA6 		.ascii	"(S\212\246\367\026y\3421\246\334\252\272\235\356\201"
 206      F71679E2 
 206      31A6DCAA 
 206      BA9DEE81 
 207 0489 5F89C971 		.ascii	"_\211\311q\352\324~\017<\303\224\344\363\367v\213+L"
 207      EAD47E0F 
 207      3CC394E4 
 207      F3F7768B 
ARM GAS  C:\Users\8FEE~1\AppData\Local\Temp\ccwV1Aov.s 			page 16


 207      2B4C
 208 049b 3FD1870A 		.ascii	"?\321\207\012\207rUbT\\\311\243\320\3262\205\360[\006"
 208      87725562 
 208      545CC9A3 
 208      D0D63285 
 208      F05B06
 209 04ae CEAC68EF 		.ascii	"\316\254h\357U\2767\016\243\3268,\243a\330S\275\347"
 209      55BE370E 
 209      A3D6382C 
 209      A361D853 
 209      BDE7
 210 04c0 8C461E86 		.ascii	"\214F\036\206z@_\241\350'\324\263\243V\317\266>\310"
 210      7A405FA1 
 210      E827D4B3 
 210      A356CFB6 
 210      3EC8
 211 04d2 2F54CAE3 		.ascii	"/T\312\343\360>\364\257\236g^z\345\205|||\274}\270\303"
 211      F03EF4AF 
 211      9E675E7A 
 211      E5857C7C 
 211      7CBC7DB8 
 212 04e7 97FEE699 		.ascii	"\227\376\346\231SS`-)\306#e\327\267\233s\353\020\245"
 212      5353602D 
 212      29C62365 
 212      D7B79B73 
 212      EB10A5
 213 04fa BA01CFDD 		.ascii	"\272\001\317\335\013\344-=\007\327)o)\371U\260!\003"
 213      0BE42D3D 
 213      07D7296F 
 213      29F955B0 
 213      2103
 214 050c B1B090A5 		.ascii	"\261\260\220\245b\012o\220\303\257:\300\2338\37059\274"
 214      620A6F90 
 214      C3AF3AC0 
 214      9B38F835 
 214      39BC
 215 051e 99C27504 		.ascii	"\231\302u\004\275[\234\323J\245\002=\202\376\021\332"
 215      BD5B9CD3 
 215      4AA5023D 
 215      82FE11DA 
 216 052e 45D0F00C 		.ascii	"E\320\360\014\242w\3608N \0374\0162\0132\005\362\022"
 216      A277F038 
 216      4E201F34 
 216      0E320B32 
 216      05F212
 217 0541 2459F041 		.ascii	"$Y\360A\223p~\0132\015\362\032d\016\304\014\3553pN\201"
 217      93707E0B 
 217      320DF21A 
 217      640EC40C 
 217      ED33704E 
 218 0556 F333388F 		.ascii	"\36338\217\201\274\001y\005\362\034$I\360\241\213\012"
 218      81BC0179 
 218      05F21C24 
 218      49F0A18B 
 218      0A
 219 0567 B3B1335A 		.ascii	"\263\2613Z\262qXn\243\237|Fm\034\372\241S\264N\002\217"
 219      B271586E 
ARM GAS  C:\Users\8FEE~1\AppData\Local\Temp\ccwV1Aov.s 			page 17


 219      A39F7C46 
 219      6D1CFAA1 
 219      53B44E02 
 220 057c 73E04139 		.ascii	"s\340A9\370&\222\241;9g59\367-\207\256\213\221\320\367"
 220      F82692A1 
 220      3B396735 
 220      39F72D87 
 220      AE8B91D0 
 221 0591 E5E83E39 		.ascii	"\345\350>9\3721g\311\220\034}\305!nm\034y\257\034\336"
 221      FA3167C9 
 221      901C7DC5 
 221      216E6D1C 
 221      79AF1CDE 
 222 05a5 2D271FE7 		.ascii	"-'\037\347\320w\345\350V9z\2003\345\201sSx\247p\334"
 222      D077E5E8 
 222      56397A80 
 222      33E58173 
 222      5378A770 
 223 05ba 3DCE2DB1 		.ascii	"=\316-\2613\234\363a\213\363\204\263\313O\216\275\337"
 223      339CF361 
 223      8BF384B3 
 223      CB4F8EBD 
 223      DF
 224 05cb B913199C 		.ascii	"\271\023\031\234\225k\327\237h\223\314fD`\012\361\015"
 224      956BD79F 
 224      6893CC66 
 224      44600AF1 
 224      0D
 225 05dc 25E5D1F0 		.ascii	"%\345\321\360SmV\212\271a\031%\353\222\223\335s\210"
 225      536D568A 
 225      B9611925 
 225      EB9293DD 
 225      7388
 226 05ee 0877EB4E 		.ascii	"\010w\353N\347h\233\245I\000\217M\242\360\247H\213\036"
 226      E7689BA5 
 226      49008F4D 
 226      A2F0A748 
 226      8B1E
 227 0600 8B70EBA3 		.ascii	"\213p\353\243\217.\313\311g9\037\0178O<\236|6\206\221"
 227      8F2ECBC9 
 227      67391F0F 
 227      384F3C9E 
 227      7C368691 
 228 0614 770079BB 		.ascii	"w\000y\273\010\267\256\357b\000\031\234\224\354-w\212"
 228      08B7AEEF 
 228      6200199C 
 228      94EC2D77 
 228      8A
 229 0625 35B8DA85 		.ascii	"5\270\332\205\226\275uG.\344@i\355\315\3343\371\314"
 229      96BD7547 
 229      2EE44069 
 229      EDCDDC33 
 229      F9CC
 230 0637 156A74B4 		.ascii	"\025jt\264E\360F\251\202\355\025N\234\345\374\011Gi"
 230      45F046A9 
 230      82ED154E 
 230      9CE5FC09 
ARM GAS  C:\Users\8FEE~1\AppData\Local\Temp\ccwV1Aov.s 			page 18


 230      4769
 231 0649 82EFFFFA 		.ascii	"\202\357\377\372CN\336\014\217v\335\027<3m\2459\265"
 231      434EDE0C 
 231      8F76DD17 
 231      3C336DA5 
 231      39B5
 232 065b 505A93B7 		.ascii	"PZ\223\267\012\236\264\304\2003\200oOW\317z\342F:?e"
 232      0A9EB4C4 
 232      8033806F 
 232      4F57CF7A 
 232      E2463A3F 
 233 0670 7FFEF8A8 		.ascii	"\177\376\370\250+\362]\204\220\032\244\310\272\015Q"
 233      2BF25D84 
 233      901AA4C8 
 233      BA0D51
 234 067f A06D821A 		.ascii	"\240m\202\032\245\013\330\272\2259`\206\005\177\354"
 234      A50BD8BA 
 234      95396086 
 234      057FEC
 235 068e 3F4933DB 		.ascii	"?I3\333C\214\345\231\361B\005ZN\027z\224\001\363$]\012"
 235      438CE599 
 235      F142055A 
 235      4E177A94 
 235      01F3245D 
 236 06a3 B45D5884 		.ascii	"\264]X\2042\205E0\300\235\266\300\015\267?\275\271\337"
 236      32854530 
 236      C09DB6C0 
 236      0DB73FBD 
 236      B9DF
 237 06b5 535AD511 		.ascii	"SZ\325\021\345\226\212\246\035\202\264\252\023\205\274"
 237      E5968AA6 
 237      1D82B4AA 
 237      1385BC
 238 06c4 7F5E979D 		.ascii	"\177^\227\235\023\337\225\344\3653\365S\356u\257\367"
 238      13DF95E4 
 238      F533F553 
 238      EE75AFF7 
 239 06d4 BE717609 		.ascii	"\276qv\011\342\033g\247@_9/3\323\246\304\272\305\015"
 239      E21B67A7 
 239      405F392F 
 239      33D3A6C4 
 239      BAC50D
 240 06e7 D4E2E143 		.ascii	"\324\342\341C;=\331\273\354#P\273ZK\353\275\344\306"
 240      3B3DD9BB 
 240      EC2350BB 
 240      5A4BEBBD 
 240      E4C6
 241 06f9 EC06A3BF 		.ascii	"\354\006\243\277\027\010\331\017\324\030JI\025R\251"
 241      1708D90F 
 241      D4184A49 
 241      1552A9
 242 0708 4E77F47A 		.ascii	"Nw\364z\362\316%e\245t\373,\301\323\232\010Y\324\277"
 242      F2CE2565 
 242      A574FB2C 
 242      C1D39A08 
 242      59D4BF
 243 071b 0F8F99A7 		.ascii	"\017\217\231\2474\370:\365/\3128\325N+\356Z(\222o\\"
ARM GAS  C:\Users\8FEE~1\AppData\Local\Temp\ccwV1Aov.s 			page 19


 243      34F83AF5 
 243      2FCA38D5 
 243      4E2BEE5A 
 243      28926F5C 
 244 072f C019A7CA 		.ascii	"\300\031\247\312\033\223\314\013RU\224$[\312\241lAV"
 244      1B93CC0B 
 244      52559424 
 244      5BCAA16C 
 244      4156
 245 0741 25EF1148 		.ascii	"%\357\021H986\331\274\033\343\014W\312u\264\351\370"
 245      393836D9 
 245      BC1BE30C 
 245      57CA75B4 
 245      E9F8
 246 0753 2016B9BA 		.ascii	" \026\271\272\236\1774z\332l\206\255\025\354\374\010"
 246      9E7F347A 
 246      DA6C86AD 
 246      15ECFC08 
 247 0763 D75E896B 		.ascii	"\327^\211k\257\234k\037\345\262L\336)s\303\007\030\327"
 247      AF9C6B1F 
 247      E5B24CDE 
 247      2973C307 
 247      18D7
 248 0775 96EC9277 		.ascii	"\226\354\222w.\"W{\257\317\217\371t'\220\033\304\212"
 248      2E22577B 
 248      AFCF8FF9 
 248      7427901B 
 248      C48A
 249 0787 EEFD12D9 		.ascii	"\356\375\022\331~9Y\016%+\232\232\336\246\301e\214,"
 249      7E39590E 
 249      252B9A9A 
 249      DEA6C165 
 249      8C2C
 250 0799 EDED78BF 		.ascii	"\355\355x\277F$k;\200\331N\340(\333\011\034\220\250"
 250      46246B3B 
 250      80D94EE0 
 250      28DB091C 
 250      90A8
 251 07ab 0EC8A90E 		.ascii	"\016\310\251\016R\252\216\341\272H\\\311\230\216\227"
 251      52AA8EE1 
 251      BA485CC9 
 251      988E97
 252 07ba 1D29D7E0 		.ascii	"\035)\327\340+L\331Vg9\344\012\0058:L\363\320y\225~"
 252      2B4CD956 
 252      6739E40A 
 252      05383A4C 
 252      F3D07995 
 253 07cf B9       		.ascii	"\271"
 254 07d0 FCC45BCD 		.ascii	"\374\304[\315{\013\362\\\201\024\344?\012bA>|po\271"
 254      7B0BF25C 
 254      8114E43F 
 254      0A62413E 
 254      7C706FB9 
 255 07e4 351A7D9D 		.ascii	"5\032}\235xgI/\324\006I\346\225\015\002A\242CV[\321"
 255      7867492F 
 255      D40649E6 
 255      950D0241 
ARM GAS  C:\Users\8FEE~1\AppData\Local\Temp\ccwV1Aov.s 			page 20


 255      A243565B 
 256 07f9 11414934 		.ascii	"\021AI4{s\217Rs\247_]\272\344\216w\270Q\023\253+\236"
 256      7B738F52 
 256      73A75F5D 
 256      BAE48E77 
 256      B85113AB 
 257 080f B62329BC 		.ascii	"\266#)\274\273~\346\303\233'M=O\316\225O\271\362\356"
 257      BB7EE6C3 
 257      9B274D3D 
 257      4FCE954F 
 257      B9F2EE
 258 0822 DE3BED8A 		.ascii	"\336;\355\212\2172\256\226\203\333&T\"\327@\206\275"
 258      8F32AE96 
 258      83DB2654 
 258      22D74086 
 258      BD
 259 0833 170B24AA 		.ascii	"\027\013$\252\0029U!\245\312.\274\232\241\304\025\214"
 259      02395521 
 259      A5CA2EBC 
 259      9AA1C415 
 259      8C
 260 0844 AAB166F6 		.ascii	"\252\261f\366\244\213-S|\237\331eJ\221\304U$\347:F\271"
 260      A48B2D53 
 260      7C9FD965 
 260      4A91C455 
 260      24E73A46 
 261 0859 1A87CAEA 		.ascii	"\032\207\312\3524\270\221q\345t\216\356W\3312eY\261"
 261      34B89171 
 261      E5748EEE 
 261      57D93265 
 261      59B1
 262 086b 7DA6144B 		.ascii	"}\246\024Kd\305r\262\022J\326\377\343\303,/\334\313"
 262      64C572B2 
 262      124AD6FF 
 262      E3C32C2F 
 262      DCCB
 263 087d C89A2FE6 		.ascii	"\310\232/\346\337\266\032\326v\330~\216\307%\252\343"
 263      DFB61AD6 
 263      76D87E8E 
 263      C725AAE3 
 264 088d 72AA1394 		.ascii	"r\252\023\224j\342r\361\204X\246~O6\013\245\327\256"
 264      6AE272F1 
 264      8458A67E 
 264      4F360BA5 
 264      D7AE
 265 089f 768B4F7A 		.ascii	"v\213Oz:\321\033\216g\337V\341\307\354V\271\373\033"
 265      3AD11B8E 
 265      67DF56E1 
 265      C7EC56B9 
 265      FB1B
 266 08b1 92053CC1 		.ascii	"\222\005<\301\024\3536C+n3\012\316\366\277A\370\035"
 266      14EB3643 
 266      2B6E330A 
 266      CEF6BF41 
 266      F81D
 267 08c3 EBACADDF 		.ascii	"\353\254\255\337\376\024\341\014wV\027\337\337\332."
 267      FE14E10C 
ARM GAS  C:\Users\8FEE~1\AppData\Local\Temp\ccwV1Aov.s 			page 21


 267      775617DF 
 267      DFDA2E
 268 08d2 22A7893E 		.ascii	"\"\247\211>W7u\327\013\357b\235s\217\356\345\213\305"
 268      573775D7 
 268      0BEF629D 
 268      738FEEE5 
 268      8BC5
 269 08e4 FE18D1F7 		.ascii	"\376\030\321\367U\015\214ip\016\353\334my5\341\201\017"
 269      550D8C69 
 269      700EEBDC 
 269      6D7935E1 
 269      810F
 270 08f6 33A53B2F 		.ascii	"3\245;/\273P\311\220#D?\374\346M\252\022\347\261\316"
 270      BB50C990 
 270      23443FFC 
 270      E64DAA12 
 270      E7B1CE
 271 0909 B6E4AC02 		.ascii	"\266\344\254\002W\\\312\224\327\317\216\215\301N\212"
 271      575CCA94 
 271      D7CF8E8D 
 271      C14E8A
 272 0918 29968943 		.ascii	")\226\211C/<q-S\322\012nmw\303ML\231\350\332Q\357\211"
 272      2F3C712D 
 272      53D20A6E 
 272      6D77C34D 
 272      4C99E8DA 
 273 092f 6F31E572 		.ascii	"o1\345r\303`\273;\356eJ\322H\371V\214G\230\362\242\325"
 273      C360BB3B 
 273      EE654AD2 
 273      48F9568C 
 273      4798F2A2 
 274 0944 92A9C2E3 		.ascii	"\222\251\302\343L\271\226\361\303\036\001\3172\305\272"
 274      4CB996F1 
 274      C31E01CF 
 274      32C5BA
 275 0953 0E6AD93A 		.ascii	"\016j\331:8wp\354\260'NV\321\276\013\371i%\356x;SR\257"
 275      387770EC 
 275      B0274E56 
 275      D1BE0BF9 
 275      6925EE78 
 276 096b EFE8F6C4 		.ascii	"\357\350\366\304\331L99\262\265\326\015\037\022a\327"
 276      D94C3939 
 276      B2B5D60D 
 276      1F1261D7 
 277 097b 664A35B8 		.ascii	"fJ5\270@T\272\316\370\341\223\354\372\350HU\326<\\\311"
 277      4054BACE 
 277      F8E193EC 
 277      FAE84855 
 277      D63C5CC9 
 278 098f 94FB3D0F 		.ascii	"\224\373=\01735\270\226)[j\366T\253p\023S.\367C\251"
 278      3335B896 
 278      295B6AF6 
 278      54AB7013 
 278      532EF743 
 279 09a4 D5CEAE47 		.ascii	"\325\316\256G3k\357\011\270\233)%U;\356\273\340\007"
 279      336BEF09 
 279      B89B2925 
ARM GAS  C:\Users\8FEE~1\AppData\Local\Temp\ccwV1Aov.s 			page 22


 279      553BEEBB 
 279      E007
 280 09b6 4C19AC4C 		.ascii	"L\031\254L\235T\342GL9\361\346H\253\012?cJ\353\271\376"
 280      9D54E247 
 280      4C39F1E6 
 280      48AB0A3F 
 280      634AEBB9 
 281 09cb 071A3CC9 		.ascii	"\007\032<\311\224\3075[\206\304d\310\246\311p\273\277"
 281      94C7355B 
 281      86C464C8 
 281      A6C970BB 
 281      BF
 282 09dc 1FB1753E 		.ascii	"\037\261u>WE\372\267\035)P\342\031\012\376\365\304\203"
 282      5745FAB7 
 282      1D2950E2 
 282      190AFEF5 
 282      C483
 283 09ee 940E57C4 		.ascii	"\224\016W\304\355\022\274\355\267\013\266C\33474\270"
 283      ED12BCED 
 283      B70BB643 
 283      DC3734B8 
 284 09fe 5CAC2A80 		.ascii	"\\\254*\200G\271`!\2550NCj\336\347^\251\250\\\220\325"
 284      47B96021 
 284      AD304E43 
 284      6ADEE75E 
 284      A9A85C90 
 285 0a13 236D2D58 		.ascii	"#m-X*Hn\313\341\245\016\360&\016~I\016w\334\225t6r\370"
 285      2A486ECB 
 285      E1A50EF0 
 285      260E7E49 
 285      0E77DC95 
 286 0a2b 4639DEB1 		.ascii	"F9\336\261J\254\343\361-r\274C\361\334\324\314\301\317"
 286      4AACE3F1 
 286      2D72BC43 
 286      F1DCD4CC 
 286      C1CF
 287 0a3d C9E1230E 		.ascii	"\311\341#\016\364\263<\376\224s\347X\361\244nz\334\214"
 287      F4B33CFE 
 287      9473E758 
 287      F1A46E7A 
 287      DC8C
 288 0a4f 59FD053B 		.ascii	"Y\375\005;8\364g\021o+\356~\226{g\240\201\243o\225\323"
 288      38F46711 
 288      6F2BEE7E 
 288      967B67A0 
 288      81A36F95 
 289 0a64 3B56D03C 		.ascii	";V\320<\374\246\034\356\260\301\031\340}_#\207s\333"
 289      FCA61CEE 
 289      B0C119E0 
 289      7D5F2387 
 289      73DB
 290 0a76 10BEA2BB 		.ascii	"\020\276\242\273\005\025B;\265\223\240I9\367\030J\236"
 290      0515423B 
 290      B593A049 
 290      39F7184A 
 290      9E
 291 0a87 57509AF5 		.ascii	"WP\232\365\201\364\202<\"e\032\310\004H')\351@\246A"
ARM GAS  C:\Users\8FEE~1\AppData\Local\Temp\ccwV1Aov.s 			page 23


 291      81F4823C 
 291      22651AC8 
 291      04482729 
 291      E940A641 
 292 0a9b EE810C83 		.ascii	"\356\201\014\203\274\000y\000\362\034d\024d\004\344"
 292      BC007900 
 292      F21C6414 
 292      6404E4
 293 0aaa 2EC81848 		.ascii	".\310\030H?\310S\220!\220\227 \343 ] S \003 \017Az@"
 293      3FC85390 
 293      21909720 
 293      E3205D20 
 293      53200320 
 294 0ac2 EE807483 		.ascii	"\356\200t\203\014\202<\001\351\260\337\347\361Q\251"
 294      0C823C01 
 294      E9B0DFE7 
 294      F151A9
 295 0ad1 944FEC8C 		.ascii	"\224O\354\214\334\313u|\312\376$\207\227\311\341\343"
 295      DCCB757C 
 295      CAFE2487 
 295      97C9E1E3 
 296 0ae1 BCDBAAE5 		.ascii	"\274\333\252\345p\207\002}\234\317\300z9\274\025\311"
 296      7087027D 
 296      9CCFC07A 
 296      39BC15C9 
 297 0af1 5364A091 		.ascii	"Sd\240\221K\221\006y\2128l.\006\370\271V8\237\253\335"
 297      4B910679 
 297      8A386C2E 
 297      06F8B956 
 297      389FABDD 
 298 0b05 3E88B7BE 		.ascii	">\210\267\276\316\371\003\307\357]\370\224\272\341<"
 298      CEF903C7 
 298      EF5DF894 
 298      BAE13C
 299 0b14 03F97D53 		.ascii	"\003\371}S=\301\233\347\023\230\375\276\011\212\306"
 299      3DC19BE7 
 299      1398FDBE 
 299      098AC6
 300 0b23 DAFA265C 		.ascii	"\332\372&\\\002o`\250\342H\331rY\316fq4\226\217\314"
 300      026F60A8 
 300      E248D972 
 300      59CE6671 
 300      34968FCC 
 301 0b37 49E791E1 		.ascii	"I\347\221\341\361\217\371\311]t\236\321<~\234\237\335"
 301      F18FF9C9 
 301      5D749ED1 
 301      3C7E9C9F 
 301      DD
 302 0b48 7539DE61 		.ascii	"u9\336a\333>\313\207\362\212s\363uR$;\233\270H\326\312"
 302      DB3ECB87 
 302      F28A73F3 
 302      7552243B 
 302      9BB848D6 
 303 0b5d 23D9ECE0 		.ascii	"#\331\354\340j\236\375\252\363D\341\263\226\017\374"
 303      6A9EFDAA 
 303      F344E1B3 
 303      960FFC
ARM GAS  C:\Users\8FEE~1\AppData\Local\Temp\ccwV1Aov.s 			page 24


 304 0b6c 79E74B15 		.ascii	"y\347K\025o;?\325k\316\247jKC\210\325\254\325\225$T"
 304      6F3B3FD5 
 304      6BCEA76A 
 304      4B4388D5 
 304      ACD59524 
 305 0b81 179C67B9 		.ascii	"\027\234g\271\335v\234\347os\272\366\350$\366\246F\216"
 305      DD769CE7 
 305      6F73BAF6 
 305      E824F6A6 
 305      468E
 306 0b93 BDD9F9B2 		.ascii	"\275\331\371\262\314?\024m\374\272Y%w\345Y\207\267\012"
 306      CC3F146D 
 306      FCBA5925 
 306      77E55987 
 306      B70A
 307 0ba5 EFCA26E7 		.ascii	"\357\312&\347o\011\235\270\313}UZ\332\343\201-\364\177"
 307      6F099DB8 
 307      CB7D555A 
 307      DAE3812D 
 307      F47F
 308 0bb7 50C2BEA3 		.ascii	"P\302\276\243\351gT\310\333\327\331\212\207^\303B\367"
 308      E96754C8 
 308      DBD7D98A 
 308      875EC342 
 308      F7
 309 0bc8 FF71D163 		.ascii	"\377q\321cO\336p\013N!_,f\301\302\031\251\202$\017\""
 309      4FDE700B 
 309      4E215F2C 
 309      66C1C219 
 309      A982240F 
 310 0bdd 9DE760E1 		.ascii	"\235\347`\341\2233\032~\3676k\2675~#n\215\337\320\255"
 310      93331A7E 
 310      F7366BB7 
 310      357E236E 
 310      8DDFD0AD 
 311 0bf1 DB4CDBCE 		.ascii	"\333L\333\3164\027|\203\375c\316\322S^\356\216\3570"
 311      34177C83 
 311      FD63CED2 
 311      535EEE8E 
 311      EF30
 312 0c03 E5ED504D 		.ascii	"\345\355PM\277\012\367P\305\325R\330V\245\201j\302\327"
 312      BF0AF750 
 312      C5D552D8 
 312      56A5816A 
 312      C2D7
 313 0c15 DB5A30F4 		.ascii	"\333Z0\364\216j\177\260}\032\231\0033R\360/\177~\372"
 313      8E6A7FB0 
 313      7D1A9903 
 313      3352F02F 
 313      7F7EFA
 314 0c28 520AD45B 		.ascii	"R\012\324[\347p\235\264\272L>f_e\000\305\257.|\264\244"
 314      E7709DB4 
 314      BA4C3E66 
 314      5F6500C5 
 314      AF2E7CB4 
 315 0c3d 8FD5848A 		.ascii	"\217\325\204\212\204*\031\373\242T\354\203\322@\222"
 315      842A19FB 
ARM GAS  C:\Users\8FEE~1\AppData\Local\Temp\ccwV1Aov.s 			page 25


 315      A254EC83 
 315      D24092
 316 0c4c 40CC987F 		.ascii	"@\314\230\177W\324\363\006\277\223[ \377\314\327\364"
 316      57D4F306 
 316      BF935B20 
 316      FFCCD7F4 
 317 0c5c A57D923B 		.ascii	"\245}\222;\202m_O\366\017\275\355Gx\210\345U\216\345"
 317      826D5F4F 
 317      F60FBDED 
 317      477888E5 
 317      558EE5
 318 0c6f D249C1F6 		.ascii	"\322I\301\366\365dxTI\276\236\244\303\340-\330\026)"
 318      F5647854 
 318      49BE9EA4 
 318      C3E02DD8 
 318      1629
 319 0c81 3229E773 		.ascii	"2)\347sA[a\012\377\335tH\331_\264k\002\363!N\307|\210"
 319      415B610A 
 319      FFDD7448 
 319      D95FB46B 
 319      02F3214E 
 320 0c98 33300B31 		.ascii	"30\0131\234\001\374\244\373t\243\222\007\327\331\355"
 320      9C01FCA4 
 320      FB74A392 
 320      07D7D9ED 
 321 0ca8 E6334530 		.ascii	"\3463E09\273\257\375\370\323\305z\235N\2416\0327G\305"
 321      39BBAFFD 
 321      F8D3C57A 
 321      9D4EA136 
 321      1A3747C5 
 322 0cbc 262EF737 		.ascii	"&.\3677&\376)\362\367a\021\233\2426F%$n\216\214\212"
 322      26FE29F2 
 322      F761119B 
 322      A2364625 
 322      246E8E8C 
 323 0cd1 337E156F 		.ascii	"3~\025o\372&\312\364G\335\357\370\326\260\304\270\270"
 323      FA26CAF4 
 323      47DDEFF8 
 323      D6B0C4B8 
 323      B8
 324 0ce2 E884B02F 		.ascii	"\350\204\260/b7/\246W\213\303\343c\026\233b6\232\"#"
 324      62372FA6 
 324      578BC3E3 
 324      63169B62 
 324      369A2223 
 325 0cf6 4D91611F 		.ascii	"M\221a\037.]\276\330\177\231n\305\327\2720h\377Ml\\"
 325      2E5DBED8 
 325      7F996EC5 
 325      D7BA3068 
 325      FF4D6C5C 
 326 0d0a ACE937A6 		.ascii	"\254\3517\246\360\215QaQ\261\021\321\233#Ma1\341\300"
 326      F08D5161 
 326      51B111D1 
 326      9B234D61 
 326      31E1C0
 327 0d1d 156B0A33 		.ascii	"\025k\0123F\232>\017\337\034\235hL\374\356+S\302\322"
 327      469A3E0F 
ARM GAS  C:\Users\8FEE~1\AppData\Local\Temp\ccwV1Aov.s 			page 26


 327      DF1C9D68 
 327      4CFCEE2B 
 327      53C2D2
 328 0d30 4D0A77AB 		.ascii	"M\012w\253\025_\377\037X\221\360]B\2301!1\022nIn\375"
 328      155FFF1F 
 328      5891F05D 
 328      42983121 
 328      31126E49 
 329 0d46 99292231 		.ascii	"\231)\"1.~\365\262\177Y\272\324\017\376\350}\342\022"
 329      2E7EF5B2 
 329      7F59BAD4 
 329      0FFEE87D 
 329      E212
 330 0d58 742B3EF4 		.ascii	"t+>\364\213K\360\333\024\036\355\367U\\|b\202_\350\206"
 330      8B4BF0DB 
 330      141EEDF7 
 330      555C7C62 
 330      825FE886 
 331 0d6c 90E5FE7E 		.ascii	"\220\345\376~\353\326\005\370m\010\016\371FGz\200\304"
 331      EBD605F8 
 331      6D080EF9 
 331      46477A80 
 331      C4
 332 0d7d 181D1DB9 		.ascii	"\030\035\035\2714B\341\301\256\214Q\261Q\211Z#\031`"
 332      3442E1C1 
 332      AE8C51B1 
 332      51895A23 
 332      1960
 333 0d8f 8C8AFFDA 		.ascii	"\214\212\377\332h\372**:\356\213\315\246\337:\243\216"
 333      68FA2A2A 
 333      3AEE8BCD 
 333      A6DF3AA3 
 333      8E
 334 0da0 888B8989 		.ascii	"\210\213\211\211\213\025\331W\031B\364!\337\002\"\""
 334      8B15D957 
 334      1942F421 
 334      DF022222 
 335 0db0 2EDE64FC 		.ascii	".\336d\374fE\014X\246\215\330\024\372]\302\206\250\030"
 335      66450C58 
 335      A68DD814 
 335      FA5DC286 
 335      A818
 336 0dc2 537C5078 		.ascii	"S|Pxld\264)>x\2113\242\370D?qj\320\001\223\203\241\363"
 336      6C64B429 
 336      3E788933 
 336      A2F8443F 
 336      716AD001 
 337 0dda 63BF898A 		.ascii	"c\277\211\212\010\214\015\337\030mb\323[\376\313\223"
 337      088C0DDF 
 337      186D62D3 
 337      5BFECB93 
 338 0dea 136D11AD 		.ascii	"\023m\021\255 \203\201\304E\257\0171,\027>1(\003BV\031"
 338      208381C4 
 338      45AF0F31 
 338      2C173E31 
 338      28034256 
 339 0dff 7080DEA0 		.ascii	"p\200\336\240\\\035\260\301\200\365z\0036\200\2542\030"
ARM GAS  C:\Users\8FEE~1\AppData\Local\Temp\ccwV1Aov.s 			page 27


 339      5C1DB0C1 
 339      80F57A03 
 339      3680AC32 
 339      18
 340 0e10 F0FA503D 		.ascii	"\360\372P=\326\177\274A\251\327\007\032(\336\237\376"
 340      D67FBC41 
 340      A9D7071A 
 340      28DE9FFE 
 341 0e20 EA70E05A 		.ascii	"\352p\340Z\203\020\012#\203\003\015\312\320\020@\353"
 341      83100A23 
 341      83030DCA 
 341      D01040EB 
 342 0e30 0DFE203A 		.ascii	"\015\376 :@\376\273\341\367\3773W'$\306\220\334\210"
 342      40FEBBE1 
 342      F7FF3357 
 342      2724C690 
 342      DC88
 343 0e42 224EF1B0 		.ascii	"\"N\361\260)\306De\304\246\360xm\\Bx4\370i]\\\304\227"
 343      29C64465 
 343      C4A6F078 
 343      6D5C4278 
 343      34F8695D 
 344 0e59 6BE2E362 		.ascii	"k\342\343b\202C\015N\275D\350\011\224\270\213\234\211"
 344      82430D4E 
 344      BD44E809 
 344      94B88B9C 
 344      89
 345 0e6a 97A883B9 		.ascii	"\227\250\203\271\201Z\032\271hh0~\016-\306\250\204x"
 345      815A1AB9 
 345      6868307E 
 345      0E2DC6A8 
 345      8478
 346 0e7c 95ADC9CB 		.ascii	"\225\255\311\313hL0%\032W\257\012\015\\o\010\366\012"
 346      684C3025 
 346      1A57AF0A 
 346      0D5C6F08 
 346      F60A
 347 0e8e 8FFE63F8 		.ascii	"\217\376c\370w\011\020\361h\310\350\337\375B\200M\337"
 347      770910F1 
 347      68C8E8DF 
 347      FD42804D 
 347      DF
 348 0e9f 26FAE943 		.ascii	"&\372\351CB\203C\245(\305$D%\030\277\210 N\366&\266"
 348      428343A5 
 348      28C52444 
 348      2518BF88 
 348      204EF626 
 349 0eb4 7C621FE5 		.ascii	"|b\037\345\005\342\224>\215\215\346l\243\306\3325-\240"
 349      05E2943E 
 349      8D8DE66C 
 349      A3C6DA35 
 349      2DA0
 350 0ec6 B66D8EB5 		.ascii	"\266m\216\2653\330\203kt\017\320\377\233~\315Z\203N"
 350      33D8836B 
 350      740FD0FF 
 350      9B7ECD5A 
 350      834E
ARM GAS  C:\Users\8FEE~1\AppData\Local\Temp\ccwV1Aov.s 			page 28


 351 0ed8 BD7EDDBA 		.ascii	"\275~\335\272\320U\301\344\232\\\006\373\207\222K\227"
 351      D055C1E4 
 351      9A5C06FB 
 351      87924B97 
 352 0ee8 D050FD5A 		.ascii	"\320P\375Z\203\312\020\030\032h\370,0\340C\254\017%"
 352      83CA1018 
 352      1A68F82C 
 352      30E043AC 
 352      0F25
 353 0efa 21D64B4D 		.ascii	"!\326KM\277U\255Z\277\332\177\335\372\300\217\015\344"
 353      BF55AD5A 
 353      BFDA7FDD 
 353      FAC08F0D 
 353      E4
 354 0f0b 4AC7AEAC 		.ascii	"J\307\256\254\275\377\254Z\025\264z\271\330\033d\303"
 354      BDFFAC5A 
 354      15B47AB9 
 354      D81B64C3 
 355 0f1b 05C971CB 		.ascii	"\005\311q\313\335\010\013\264\220\263\216\357\361w#"
 355      DD080BB4 
 355      90B38EEF 
 355      F17723
 356 0f2a 0CB42748 		.ascii	"\014\264'HD\004\331#t\356d\254!t\203\201\\\350\310\205"
 356      4404D923 
 356      74EE64AC 
 356      21748381 
 356      5CE8C885 
 357 0f3e AD6F993B 		.ascii	"\255o\231;\031\315\372\202\254\240 \006\302\372`\203"
 357      19CDFA82 
 357      ACA02006 
 357      C2FA6083 
 358 0f4e 924CD20D 		.ascii	"\222L\322\015\346K\316\202\336`u\207\377\312\277(\\"
 358      E64BCE82 
 358      DE607587 
 358      FFCABF28 
 358      5C
 359 0f5f A11B5826 		.ascii	"\241\033X&\256Y\361\355\267,\007?_\361!\\\223,4\350"
 359      AE59F1ED 
 359      B72C073F 
 359      5FF1215C 
 359      932C34E8 
 360 0f73 F5C60DB0 		.ascii	"\365\306\015\260x\005\230>w%v\255\371\203kp\200\376"
 360      7805983E 
 360      772576AD 
 360      F9836B70 
 360      80FE
 361 0f85 938040A2 		.ascii	"\223\200@\242\371\257\371\203&`\365\332\020\375\247"
 361      F9AFF983 
 361      2660F5DA 
 361      10FDA7
 362 0f94 56CC7F01 		.ascii	"V\314\177\001\330vJ\316"
 362      D8764ACE 
 363              		.text
 364              		.section	.gnu.lto_.symtab.7b464e32,"",%progbits
 365 0000 56656374 		.ascii	"VectorB0\000"
 365      6F724230 
 365      00
ARM GAS  C:\Users\8FEE~1\AppData\Local\Temp\ccwV1Aov.s 			page 29


 366 0009 00       		.ascii	"\000"
 367 000a 00       		.ascii	"\000"
 368 000b 00       		.ascii	"\000"
 369 000c 00000000 		.ascii	"\000\000\000\000\000\000\000\000"
 369      00000000 
 370 0014 B8000000 		.ascii	"\270\000\000\000"
 371 0018 73745F6C 		.ascii	"st_lld_init\000"
 371      6C645F69 
 371      6E697400 
 372 0024 00       		.ascii	"\000"
 373 0025 00       		.ascii	"\000"
 374 0026 00       		.ascii	"\000"
 375 0027 00000000 		.ascii	"\000\000\000\000\000\000\000\000"
 375      00000000 
 376 002f BA000000 		.ascii	"\272\000\000\000"
 377 0033 5F706F72 		.ascii	"_port_irq_epilogue\000"
 377      745F6972 
 377      715F6570 
 377      696C6F67 
 377      756500
 378 0046 00       		.ascii	"\000"
 379 0047 02       		.ascii	"\002"
 380 0048 00       		.ascii	"\000"
 381 0049 00000000 		.ascii	"\000\000\000\000\000\000\000\000"
 381      00000000 
 382 0051 BC000000 		.ascii	"\274\000\000\000"
 383 0055 63685379 		.ascii	"chSysTimerHandlerI\000"
 383      7354696D 
 383      65724861 
 383      6E646C65 
 383      724900
 384 0068 00       		.ascii	"\000"
 385 0069 02       		.ascii	"\002"
 386 006a 00       		.ascii	"\000"
 387 006b 00000000 		.ascii	"\000\000\000\000\000\000\000\000"
 387      00000000 
 388 0073 BE000000 		.ascii	"\276\000\000\000"
 389 0077 6E766963 		.ascii	"nvicEnableVector\000"
 389      456E6162 
 389      6C655665 
 389      63746F72 
 389      00
 390 0088 00       		.ascii	"\000"
 391 0089 02       		.ascii	"\002"
 392 008a 00       		.ascii	"\000"
 393 008b 00000000 		.ascii	"\000\000\000\000\000\000\000\000"
 393      00000000 
 394 0093 C3000000 		.ascii	"\303\000\000\000"
 395              		.text
 396              		.section	.gnu.lto_.opts,"",%progbits
 397 0000 272D666D 		.ascii	"'-fmath-errno' '-fsigned-zeros' '-ftrapping-math' '"
 397      6174682D 
 397      6572726E 
 397      6F272027 
 397      2D667369 
 398 0033 2D666E6F 		.ascii	"-fno-trapv' '-fno-openmp' '-fno-openacc' '-mcpu=cor"
 398      2D747261 
ARM GAS  C:\Users\8FEE~1\AppData\Local\Temp\ccwV1Aov.s 			page 30


 398      70762720 
 398      272D666E 
 398      6F2D6F70 
 399 0066 7465782D 		.ascii	"tex-m7' '-mno-thumb-interwork' '-mthumb' '-ggdb' '-"
 399      6D372720 
 399      272D6D6E 
 399      6F2D7468 
 399      756D622D 
 400 0099 4F322720 		.ascii	"O2' '-fomit-frame-pointer' '-falign-functions=16' '"
 400      272D666F 
 400      6D69742D 
 400      6672616D 
 400      652D706F 
 401 00cc 2D666675 		.ascii	"-ffunction-sections' '-fdata-sections' '-fno-common"
 401      6E637469 
 401      6F6E2D73 
 401      65637469 
 401      6F6E7327 
 402 00ff 2720272D 		.ascii	"' '-flto'\000"
 402      666C746F 
 402      2700
 403              		.text
 404              		.comm	__gnu_lto_v1,1,1
 405              		.comm	__gnu_lto_slim,1,1
 406              		.ident	"GCC: (GNU Tools for ARM Embedded Processors 6-2017-q1-update) 6.3.1 20170215 (release) [AR
ARM GAS  C:\Users\8FEE~1\AppData\Local\Temp\ccwV1Aov.s 			page 31


DEFINED SYMBOLS
                            *ABS*:00000000 hal_st_lld.c
                            *COM*:00000001 __gnu_lto_v1
                            *COM*:00000001 __gnu_lto_slim

NO UNDEFINED SYMBOLS
