ARM GAS  C:\Users\8FEE~1\AppData\Local\Temp\ccIMYgQj.s 			page 1


   1              		.cpu cortex-m7
   2              		.eabi_attribute 20, 1
   3              		.eabi_attribute 21, 1
   4              		.eabi_attribute 23, 3
   5              		.eabi_attribute 24, 1
   6              		.eabi_attribute 25, 1
   7              		.eabi_attribute 26, 1
   8              		.eabi_attribute 30, 2
   9              		.eabi_attribute 34, 1
  10              		.eabi_attribute 18, 4
  11              		.file	"hal_pal.c"
  12              		.text
  13              	.Ltext0:
  14              		.section	.gnu.lto_.profile.7bb9ceb3,"",%progbits
  15 0000 789C6365 		.ascii	"x\234ce`b`a```d\320\220\001\000\000\354\000Q"
  15      60626061 
  15      60606064 
  15      D0900100 
  15      00EC0051 
  16              		.text
  17              		.section	.gnu.lto_.icf.7bb9ceb3,"",%progbits
  18 0000 789C6365 		.ascii	"x\234ce`b\020a@\000f\206\343\227n\235fc\334\276\377"
  18      60621061 
  18      40006686 
  18      E3976E9D 
  18      6663DCBE 
  19 0015 D00F76A6 		.ascii	"\320\017v\246u;\036\256\342e\000\000hQ\011\233"
  19      753B1EAE 
  19      E2650000 
  19      6851099B 
  20              		.text
  21              		.section	.gnu.lto_.jmpfuncs.7bb9ceb3,"",%progbits
  22 0000 789C6365 		.ascii	"x\234ce`bPb@\000f\006FF\306zF&FF\346\372z&0\305\310"
  22      60625062 
  22      40006606 
  22      4646C67A 
  22      46264646 
  23 001b 069162AA 		.ascii	"\006\221b\252d\004Q\0009\324\002\300"
  23      64045100 
  23      39D402C0 
  24              		.text
  25              		.section	.gnu.lto_.inline.7bb9ceb3,"",%progbits
  26 0000 789C6365 		.ascii	"x\234ce`b\370\316\200\000\314\014\014\234\034\214\314"
  26      6062F8CE 
  26      8000CC0C 
  26      0C9C1C8C 
  26      CC
  27 0011 0C0A8C20 		.ascii	"\014\012\214 &\210t\000\223\012\034l\037\364\030\330"
  27      26887400 
  27      930A1C6C 
  27      1FF418D8 
  28 0021 16C83331 		.ascii	"\026\310310\276`g\201\220 \202\003\314\344\000\021\002"
  28      30BE6067 
  28      81902082 
  28      03CCE400 
  28      1102
  29 0033 60A600C8 		.ascii	"`\246\000\310\030F\006>^F\026\210)\214@\022b\224\002"
ARM GAS  C:\Users\8FEE~1\AppData\Local\Temp\ccIMYgQj.s 			page 2


  29      1846063E 
  29      5E461688 
  29      298C4012 
  29      629402
  30 0046 C4406EA6 		.ascii	"\304@n\246\013\374\030F\001\305P\014aY /\001b)010\357"
  30      0BFC1846 
  30      01C5500C 
  30      6159202F 
  30      01622930 
  31 005d 10576000 		.ascii	"\020W`\000Zo\0012\231\211\201[\030\305}PC9\201r\304"
  31      5A6F0132 
  31      9989815B 
  31      18C57D50 
  31      43398172 
  32 0072 390F6893 		.ascii	"9\017h\223\004\310$\026^\240w'\370\201 \003\000\006"
  32      04C82416 
  32      5EA07727 
  32      F8812003 
  32      0006
  33 0084 0820CB   		.ascii	"\010 \313"
  34              		.text
  35              		.section	.gnu.lto_.pureconst.7bb9ceb3,"",%progbits
  36 0000 789C6365 		.ascii	"x\234ce`b`g```f\220b\224b\222\004\000\001\307\000b"
  36      60626067 
  36      60606066 
  36      90629462 
  36      92040001 
  37              		.text
  38              		.section	.gnu.lto_palReadBus.7bb9ceb3,"",%progbits
  39 0000 789C9591 		.ascii	"x\234\225\221KO\024A\020\307\353\3375;3\253\340\027"
  39      4B4F1441 
  39      10C7EBDF 
  39      353B33AB 
  39      E017
  40 0012 90C31E88 		.ascii	"\220\303\036\210d\023\263\023/\372\015\370\032\006\366"
  40      6413B313 
  40      2FFA0DF8 
  40      1A06F6
  41 0021 02090986 		.ascii	"\002\011\011\206\011gzG\036\202\361\021\002.>\3269("
  41      09677A47 
  41      1E82F111 
  41      022E3ED6 
  41      3928
  42 0033 41DE0F1F 		.ascii	"A\336\017\037\007N\033011\221\327\305\223\301\200\227"
  42      074E1B30 
  42      313191D7 
  42      C593C180 
  42      97
  43 0044 4DF4E05E 		.ascii	"M\364\340^\274\030\244\252\027\222=x!\231\256\352\352"
  43      BC18A4AA 
  43      17923D78 
  43      2199AEEA 
  43      EA
  44 0055 AAFA75FD 		.ascii	"\252\372u\375\2473d(6D\327\211\350\252,0\301<\336!*"
  44      A7336428 
  44      3644D789 
  44      E8AA2C30 
ARM GAS  C:\Users\8FEE~1\AppData\Local\Temp\ccIMYgQj.s 			page 3


  44      C13CDE21 
  45 006a 8506D08D 		.ascii	"\205\006\320\215\015AC\006Cx\304e\306\376\360\332\013"
  45      0D414306 
  45      4378C465 
  45      C6FEF0DA 
  45      0B
  46 007b 7EC8A994 		.ascii	"~\310\251\224y\022\376\376\362\354\370\212\206@N\302"
  46      7912FEFE 
  46      F2ECF88A 
  46      86404EC2 
  47 008b E7F6603C 		.ascii	"\347\366`<\310\317Y\233\330jy\322\177\271\261g\263)"
  47      C8CF599B 
  47      D86A79D2 
  47      7FB9B167 
  47      B329
  48 009d 1B7A2AE5 		.ascii	"\033z*\345o\320\2069\264\351\035\363\310K\361\310~y"
  48      6FD08639 
  48      B4E91DF3 
  48      C84BF1C8 
  48      7E79
  49 00af 94390F92 		.ascii	"\2249\017\222\375\267\303\357\363a\307\254k\3748\305"
  49      FDB7C3EF 
  49      F361C7AC 
  49      6BFC38C5 
  50 00bf B63D65C6 		.ascii	"\266=e\306\002\270\271Q\216\010\213\350\320\372\243"
  50      02B8B951 
  50      8E088BE8 
  50      D0FAA3
  51 00ce F593E956 		.ascii	"\365\223\351V\337{\305\244lA.\301\207\370\325\003T\355"
  51      DF7BC5A4 
  51      6C412EC1 
  51      87F8D503 
  51      54ED
  52 00e0 C9BF315B 		.ascii	"\311\2771[\375\371\032\225\316\254h\220\016\226^\317"
  52      FDF91A95 
  52      CEAC6890 
  52      0E965ECF 
  53 00f0 1393C988 		.ascii	"\023\223\311\210\361}\335\005jB\322\351hB\020*\365\276"
  53      F17DDD05 
  53      6A42D2E9 
  53      6842102A 
  53      F5BE
  54 0102 04E2B986 		.ascii	"\004\342\271\206d\263\366`\333Wj\205U\366\223\221\255"
  54      64B3F660 
  54      DB576A85 
  54      55F69391 
  54      AD
  55 0113 DD4075B2 		.ascii	"\335@u\262\033\367\317\247\317\367ZRTJ\326\332\\\312"
  55      1BF7CFA7 
  55      CFF75A52 
  55      544AD6DA 
  55      5CCA
  56 0125 41850D96 		.ascii	"A\205\015\226U\233\344f\177$+A\264l\033\251\020+H1\243"
  56      559BE466 
  56      7F242B41 
  56      B46C1BA9 
  56      102B4831 
ARM GAS  C:\Users\8FEE~1\AppData\Local\Temp\ccIMYgQj.s 			page 4


  57 013a 33125611 		.ascii	"3\022V\021Q\015[\233\331\006\330k\006\207\377\003g\345"
  57      510D5B9B 
  57      D906D86B 
  57      0687FF03 
  57      67E5
  58 014c 76AC9D81 		.ascii	"v\254\235\201\277\326\353\333-\002\036.i\352\022\326"
  58      BFD6EBDB 
  58      2D021E2E 
  58      69EA12D6 
  59 015c 1D585563 		.ascii	"\035XUc\303\201\223sp\346B#^\306[G2Jz\347Hw\353\243"
  59      C3819373 
  59      70E64223 
  59      5EC65B47 
  59      324A7AE7 
  60 0174 68A0744C 		.ascii	"h\240tL\0016\323\203\013\321\015\336;\272{\245\017\015"
  60      0136D383 
  60      0BD10DDE 
  60      3BBA7BA5 
  60      0F0D
  61 0186 FADF737A 		.ascii	"\372\337sz\350.\010\350\027\222\334\331\211\376\250"
  61      E82E08E8 
  61      1792DCD9 
  61      89FEA8
  62 0195 095125EF 		.ascii	"\011Q%\357 \003]+\024\"\371\212=\275\335\275\375\361"
  62      20035D2B 
  62      1422F98A 
  62      3DBDDDBD 
  62      FDF1
  63 01a7 8D5B37A3 		.ascii	"\215[7\243\3768\352\351\352\213\342\201\242\372\333"
  63      FE38EAE9 
  63      EA8BE281 
  63      A2FADB
  64 01b6 77BAFA0A 		.ascii	"w\272\372\012E\342\356\301\370\024\374\025\313/"
  64      45E2EEC1 
  64      F814FC15 
  64      CB2F
  65              		.text
  66              		.section	.gnu.lto_palWriteBus.7bb9ceb3,"",%progbits
  67 0000 789C9553 		.ascii	"x\234\225SKk\023Q\024\276\337\334\311<\222\211\272\024"
  67      4B6B1351 
  67      14BEDFDC 
  67      C93C9289 
  67      BA14
  68 0012 ECA20B31 		.ascii	"\354\242\0131da\206n\364\037\270\364/H\223M\003\205"
  68      6461866E 
  68      F41FB8F4 
  68      2F48934D 
  68      0385
  69 0024 8AD17527 		.ascii	"\212\321u'\261I\245\305\007H\223\266t\030Qj\215\332"
  69      B149A5C5 
  69      074893B6 
  69      7418516A 
  69      8DDA
  70 0036 97EF7421 		.ascii	"\227\357t!!.\012R\225v\241\033E\321*t!\324\"\350\242"
  70      212E0A52 
  70      9576A11B 
  70      45D12A74 
ARM GAS  C:\Users\8FEE~1\AppData\Local\Temp\ccIMYgQj.s 			page 5


  70      21D422E8 
  71 004b 249E73A7 		.ascii	"$\236s\247\243U\334\3642s\356=\257\357\236\363\235\231"
  71      A355DCF4 
  71      3273EE3D 
  71      AFEF9EF3 
  71      9D99
  72 005d 98D0C449 		.ascii	"\230\320\304I)D\217\020\342\020\275\220\002\332\225"
  72      29448F10 
  72      E210BD90 
  72      02DA95
  73 006c 9742142D 		.ascii	"\227B\024-\015\340\203gA\014j\030\304eY\223h\015\177"
  73      0DE08367 
  73      410C6A18 
  73      C4655993 
  73      680D7F
  74 007f 6968E919 		.ascii	"ih\351\031\217V\263\366\335\250x\345\203\001\245O\320"
  74      8F56B3F6 
  74      DDA878E5 
  74      8301A54F 
  74      D0
  75 0090 CB0B3348 		.ascii	"\313\0133HS\324\352\320\302\224\274$\003\011\350\244"
  75      53D4EAD0 
  75      C294BC24 
  75      0309E8A4 
  76 00a0 7E7B31F9 		.ascii	"~{1\371i\037\253\032\272I-\257\326*R\246!\350\374\356"
  76      691FAB1A 
  76      BA492DAF 
  76      D62A52A6 
  76      21E8FCEE 
  77 00b4 FD87BA95 		.ascii	"\375\207\272\225\232\366\274\222\327\\\271*\275\303"
  77      9AF6BC92 
  77      D75CB92A 
  77      BDC3
  78 00c2 8194B80D 		.ascii	"\201\224\270\015I\200\250\243\013\267\320%\310$p\007"
  78      4980A8A3 
  78      0BB7D025 
  78      C8247007 
  79 00d2 290AF7DB 		.ascii	")\012\367\333\327\227\023\362\250Jm\004Suc'\365\355"
  79      D79713F2 
  79      A84A6D04 
  79      53756327 
  79      F5ED
  80 00e4 984AD571 		.ascii	"\230J\325q\367\337T]`\026)\216\377\270\330\036K\032"
  80      F7DF545D 
  80      6016298E 
  80      FFB8D81E 
  80      4B1A
  81 00f6 FA8DA85C 		.ascii	"\372\215\250\\\314\301\000\355\363khz\355\3160\025p"
  81      CCC100ED 
  81      F36B687A 
  81      EDCE3015 
  81      70
  82 0107 139D13FB 		.ascii	"\023\235\023\373\251o\272LRnL\007'\307\350h\030,L\026"
  82      A96FBA4C 
  82      526E4C07 
  82      27C7E868 
  82      182C4C16 
ARM GAS  C:\Users\8FEE~1\AppData\Local\Temp\ccIMYgQj.s 			page 6


  83 011b 1609D366 		.ascii	"\026\011\323f\021g5\301\302a\221d!\304\010\2013q\243"
  83      116735C1 
  83      C2619164 
  83      21C40881 
  83      3371A3
  84 012e 52E35D6E 		.ascii	"R\343]n\240\264\264\3614\307\327\371\2229\254\226[\257"
  84      A0B4B4F1 
  84      34C7D7F9 
  84      9239AC96 
  84      5BAF
  85 0140 4CA643AA 		.ascii	"L\246C\252>~,?\277\340\004\360\213\304iw -\237h\232"
  85      3E7E2C3F 
  85      BFE004F0 
  85      8BC46977 
  85      202D9F68 
  86 0155 A7DAD937 		.ascii	"\247\332\3317\275^\2323\335Y/t\331X@\200q\3055\026\341"
  86      BD5E9A33 
  86      DD592F74 
  86      D9584080 
  86      71C53516 
  87 016a 0A826E57 		.ascii	"\012\202nW\020\"\307|\352\225\357\262C\335\330\023\264"
  87      1022C77C 
  87      EA95EFB2 
  87      43DDD813 
  87      B4
  88 017b 8E7B0A9A 		.ascii	"\216{\012\232\011\301}\005}~;\2026\025\272\261\033\335"
  88      09C17D05 
  88      7D7E3B82 
  88      3615BAB1 
  88      1BDD
  89 018d DA137A1C 		.ascii	"\332\023z\034\017\024\272\306\350\017C\364j\204n\207"
  89      0F14BAC6 
  89      E80F43F4 
  89      6A846E87 
  90 019d 686B9B2B 		.ascii	"hk\233+~\202Y1q\000\217\010\206b6\243\230\270*\302\376"
  90      7E825931 
  90      71008F08 
  90      866236A3 
  90      98B82AC2 
  91 01b2 ABAA0435 		.ascii	"\253\252\0045\034V\365'\316Qf\213m?#[R\245;dkUU\365"
  91      1C56F527 
  91      CE51668B 
  91      6D3F235B 
  91      52A53B64 
  92 01ca BB4760FF 		.ascii	"\273G`\377o\004\004!\361x\247\2237[[\317\034\352d\250"
  92      6F040421 
  92      F178A793 
  92      375B5BCF 
  92      1CEA64A8 
  93 01de C82E074F 		.ascii	"\310.\007OT'<\003r\216\256\177~\035\373\355L\242\001"
  93      54273C03 
  93      728EAE7F 
  93      7E1DFBED 
  93      4CA201
  94 01f1 779CC640 		.ascii	"w\234\306@].\301\245\253\305W\224\256u.\252J\324\017"
  94      5D2EC1A5 
  94      ABC55794 
ARM GAS  C:\Users\8FEE~1\AppData\Local\Temp\ccIMYgQj.s 			page 7


  94      AE752EAA 
  94      4AD40F
  95 0204 32420CD3 		.ascii	"2B\014\323GAD\034\311d\\zr}\371l~\240\320s\374\230;"
  95      4741441C 
  95      C9645C7A 
  95      727DF96C 
  95      7EA0D073 
  96 021b 5070FB7A 		.ascii	"Pp\373z\373\335\302\231\034\357\247N\367\366grBf\317"
  96      FBDDC299 
  96      1CEFA74E 
  96      F7F66772 
  96      4266CF
  97 022e 15F46CFE 		.ascii	"\025\364l\376l\341\027\342\177\013u"
  97      6CE117E2 
  97      7F0B75
  98              		.text
  99              		.section	.gnu.lto_palSetBusMode.7bb9ceb3,"",%progbits
 100 0000 789C9592 		.ascii	"x\234\225\222\315KTa\024\306\317\363\236;s\357\244\266"
 100      CD4B5461 
 100      14C6CFF3 
 100      9E3B73EF 
 100      A4B6
 101 0012 0E72310B 		.ascii	"\016r1\013q\230EsqS\177B\377B\273\3201PP&\032Z\317\353"
 101      71984573 
 101      71537F42 
 101      FF42BBD0 
 101      31505026 
 102 002a D48C61A0 		.ascii	"\324\214a\240\201\330\2508\334 \006\277\277\322\202"
 102      81D8A838 
 102      DC2006BF 
 102      BFD282
 103 0039 2982C14D 		.ascii	")\202\301M\320'\272-Q*\002)\241h\321\246\254s\336\251"
 103      D027BA2D 
 103      512A0229 
 103      A168D1A6 
 103      AC73DEA9 
 104 004d 85ED7CB9 		.ascii	"\205\355|\271\357\367y~\3579\0177F\206z\015Q\027\021"
 104      EFF7797E 
 104      EF390F37 
 104      46867A0D 
 104      511711
 105 0060 9D950E26 		.ascii	"\235\225\016&\230;\257\211\206\002\003\350\302\006\240"
 105      983BAF89 
 105      860203E8 
 105      C206A0
 106 006f 82410163 		.ascii	"\202A\001c\\al\015\177\252\233\364\254\225\326\250\354"
 106      5C616C0D 
 106      7FAA9BF4 
 106      AC95D6A8 
 106      EC
 107 0080 F8655B3A 		.ascii	"\370e[:\0231\321\224tm\230EZ\242\266o\256\315\360(G"
 107      1331D194 
 107      746D9845 
 107      5AA2B66F 
 107      AECDF028 
 108 0095 0C78B2FD 		.ascii	"\014x\262\375\366j\372\303i\335\032$e[\332\256\224\231"
 108      F66AFAC3 
ARM GAS  C:\Users\8FEE~1\AppData\Local\Temp\ccIMYgQj.s 			page 8


 108      69DD1A24 
 108      655BDAAE 
 108      9499
 109 00a7 D32059EF 		.ascii	"\323 Y\357\356\355\317\007\251\232\265E\333x7\316\266"
 109      EEEDCF07 
 109      A99AB545 
 109      DB7837CE 
 109      B6
 110 00b8 2362C602 		.ascii	"#b\306\002X\200\230G;\346\320NrDXDJ\302\277o\324\306"
 110      58809847 
 110      3BE6D04E 
 110      72445844 
 110      4AC2BF6F 
 111 00ce 5BF89C93 		.ascii	"[\370\234\223\276\030}z\351\257\362\345\204SzX\372_"
 111      BE187D7A 
 111      E9AFF2E5 
 111      84537A58 
 111      FA5F
 112 00e0 E9119691 		.ascii	"\351\021\226\221\322\360\367\353G\023mq\357\376\277"
 112      D2F0F7EB 
 112      47136D71 
 112      EFFEBF
 113 00ef 6CB18238 		.ascii	"l\261\2028d^\335A\303\036\375\036\266\215\2375\354^"
 113      645EDD41 
 113      C31EFD1E 
 113      B68D9F35 
 113      EC5E
 114 0101 4C48D9F2 		.ascii	"LH\331\362\026\2136\346\311\020\217\311\340\307u\345"
 114      168B36E6 
 114      C9108FC9 
 114      E0C775E5 
 115 0111 C3B16844 		.ascii	"\303\261hD\344\352\314m6:\363\001\212\217\017\016\263"
 115      E4EACC6D 
 115      363AF301 
 115      8A8F0F0E 
 115      B3
 116 0122 0AACB29A 		.ascii	"\012\254\262\232t\267\264\365\306\327z\331%\372\343"
 116      74B7B4F5 
 116      C6D77AD9 
 116      25FAE3
 117 0131 D9F35BAD 		.ascii	"\331\363[\255\021\252CbZ2\342\240*>\254JvzW\373X\\\361"
 117      11AA4362 
 117      5A32E2A0 
 117      2A3EAC4A 
 117      767A57FB 
 118 0148 C365DBBC 		.ascii	"\303e\333\274J`\015\021&\235\231XGH\212N4\301\336\211"
 118      4A600D11 
 118      269D9958 
 118      47488A4E 
 118      34C1DE89 
 119 015c 48A7F0C0 		.ascii	"H\247\360\300\221\264Bl\034'\305NDj\301\246#\031%=t"
 119      91B4426C 
 119      1C27C54E 
 119      446AC1A6 
 119      2319253D 
 120 0171 A41B5FCB 		.ascii	"\244\033_\313h\2424/\001\322g\224\223z\242\362z\375"
 120      68A2342F 
ARM GAS  C:\Users\8FEE~1\AppData\Local\Temp\ccIMYgQj.s 			page 9


 120      01D26794 
 120      937AA2F2 
 120      7AFD
 121 0183 CB5BBFF0 		.ascii	"\313[\277\360\313\006\021\267Ni\002x\204\002\2113.\334"
 121      CB0611B7 
 121      4E690278 
 121      84028933 
 121      2EDC
 122 0195 8FB88D0E 		.ascii	"\217\270\215\016Q\274\367d\3141\334o3\"a\342\244<\321"
 122      51BCF764 
 122      CC31DC6F 
 122      332261E2 
 122      A43CD1
 123 01a8 99C984F2 		.ascii	"\231\311\204\362e\373\372{\372s\371\256\013\347\303"
 123      65FBFA7B 
 123      FA73F9AE 
 123      0BE7C3
 124 01b7 5C3EECEB 		.ascii	"\\>\354\353\036\010\363\327\262:_\276\332=\220\311\022"
 124      1E08F3D7 
 124      B23A5FBE 
 124      DA3D90C9 
 124      12
 125 01c8 F75CCF7B 		.ascii	"\367\\\317{\203\271\336+\177\000\003\237\310\347"
 125      83B9DE2B 
 125      7F00039F 
 125      C8E7
 126              		.text
 127              		.section	.gnu.lto_.symbol_nodes.7bb9ceb3,"",%progbits
 128 0000 789C6365 		.ascii	"x\234ce`b\010d\000\002\246\205L\365\014\014\023\316"
 128      60620864 
 128      0002A685 
 128      4CF50C0C 
 128      13CE
 129 0012 313000A9 		.ascii	"10\000\251]\015\216@\221EL\365\214\250\"\213\231\352"
 129      5D0D8E40 
 129      91454CF5 
 129      8CA8228B 
 129      99EA
 130 0024 99504418 		.ascii	"\231PD\030\2271\3253\203E\030\030\032\032\034\030\030"
 130      9731D533 
 130      83451818 
 130      1A1A1C18 
 130      18
 131 0035 98999819 		.ascii	"\230\231\230\031\226<\374\307\310\000\000E#\024("
 131      963CFCC7 
 131      C8000045 
 131      231428
 132              		.text
 133              		.section	.gnu.lto_.refs.7bb9ceb3,"",%progbits
 134 0000 789C6365 		.ascii	"x\234ce`b`d\000\002\000\000I\000\011"
 134      60626064 
 134      00020000 
 134      490009
 135              		.text
 136              		.section	.gnu.lto_.decls.7bb9ceb3,"",%progbits
 137 0000 789CBD58 		.ascii	"x\234\275X\013LTW\032\276\377=30\\\0064\340vIj\033\266"
 137      0B4C5457 
ARM GAS  C:\Users\8FEE~1\AppData\Local\Temp\ccIMYgQj.s 			page 10


 137      1ABEFF3D 
 137      33305C06 
 137      34E07649 
 138 0017 A13ADB6C 		.ascii	"\241:\333lA0\325\335m\233\270\255\366\221\332\305\214"
 138      4130D5DD 
 138      6D9BB8AD 
 138      F691DAC5 
 138      8C
 139 0028 7DEC2624 		.ascii	"}\354&$\023dF%\213`\231\241\233&\233\354\345\321\372"
 139      13644625 
 139      8B6099A1 
 139      9B269BEC 
 139      E5D1FA
 140 003b D6412D15 		.ascii	"\326A-\025|\224\207/D\204Z_\024P\026\360\005\342[y\010"
 140      7C94872F 
 140      44845A5F 
 140      145016F0 
 140      05E25B79 
 141 0050 82222A95 		.ascii	"\202\"*\225Z@\024\244*\373\237s\356\314\275Ng\232M6"
 141      5A4014A4 
 141      2AFB9F73 
 141      EECCBD4E 
 141      679A4D36 
 142 0064 E90D67CE 		.ascii	"\351\015g\316=\377\375\316\377\177\377\343\234{.zA\024"
 142      3DFFFDCE 
 142      FF7FFFE3 
 142      9C7B2E7A 
 142      4114
 143 0076 A4504188 		.ascii	"\244PA\210$\202 \203 \214\341\245\023\004\241TP/:\016"
 143      24822083 
 143      208CE1A5 
 143      1304A154 
 143      502F3A0E 
 144 008a C467E3B1 		.ascii	"\304g\343\261\205a{\036\204\237]\277\025\005\301\210"
 144      85617B1E 
 144      849F5DBF 
 144      1505C188 
 145 009a 7D08B609 		.ascii	"}\010\266\011\330*\260\031\0207\204\375dl\261\330\374"
 145      D82AB019 
 145      103784FD 
 145      646CB1D8 
 145      FC
 146 00ab 713C8CFD 		.ascii	"q<\214\375 \266\303\330\236(\272\001\345w\250\022\354"
 146      20B6C3D8 
 146      9E28BA01 
 146      E577A812 
 146      EC
 147 00bc 45601DB3 		.ascii	"E`\035\263G\373\227=l\375\016\355\004c\377\221\306\026"
 147      47FB973D 
 147      6CFD0EED 
 147      0463FF91 
 147      C616
 148 00ce B543ED79 		.ascii	"\265C\355y\263\365D\261\327\252\330\324+\366\250\035"
 148      B3F544B1 
 148      D7AAD8D4 
 148      2BF6A81D 
 149 00de 6AE02E76 		.ascii	"j\340.v-\374\226\371G\373\030\017\233\321>l\206\372"
ARM GAS  C:\Users\8FEE~1\AppData\Local\Temp\ccIMYgQj.s 			page 11


 149      2DFC96F9 
 149      47FB180F 
 149      9BD13E6C 
 149      86FA
 150 00f0 F0AF42B1 		.ascii	"\360\257B\261;\025\307\317a#\0366Q\235;\216T\364\252"
 150      3B15C7CF 
 150      61231E36 
 150      519D3B8E 
 150      54F4AA
 151 0103 87BDAF08 		.ascii	"\207\275\257\010\034XU_-^\205v@,\214gR\000\376\013\254"
 151      1C58555F 
 151      2D5E8576 
 151      402C8C67 
 151      5200FE0B 
 152 0118 B1E198EB 		.ascii	"\261\341\230\353\002`r\224\212\202\242\324%\002\327"
 152      02607294 
 152      8A82A2D4 
 152      2502D7
 153 0127 0C652C2A 		.ascii	"\014e,*CQQ\311\376\224\311\240\321\310\037sK\256\213"
 153      435151C9 
 153      FE94C9A0 
 153      D1C81F73 
 153      4BAE8B
 154 013a D3E7376C 		.ascii	"\323\3477l\232k6\210\252\001\000\355\004\215BN[y\356"
 154      9A6B3688 
 154      AA0100ED 
 154      048D424E 
 154      5B79EE
 155 014d E627A8CE 		.ascii	"\346'\250\316\201\313\373\201\334S7\245N\350\240\322"
 155      81CBFB81 
 155      DC5337A5 
 155      4EE8A0D2 
 156 015d FC19C064 		.ascii	"\374\031\300d\327\316W=6\020\014!\336w>\334\371V\344"
 156      D7CE573D 
 156      36100C21 
 156      DE773EDC 
 156      F956E4
 157 0170 6E995F86 		.ascii	"n\231_\206\347\324\260\235\313*\337DV\023\010\221@G"
 157      E7D4B09D 
 157      CB2ADF44 
 157      56130891 
 157      4047
 158 0182 F534E575 		.ascii	"\3654\345u\007\343p\202\004\3418\314\253\034j\320\363"
 158      07E37082 
 158      04E138CC 
 158      AB1C6AD0 
 158      F3
 159 0193 A7061C8E 		.ascii	"\247\006\034\216m/_f \3170\215\035'\212K\350\304\311"
 159      6D2F5F66 
 159      20CF308D 
 159      1D278A4B 
 159      E8C4C9
 160 01a6 1250B2E3 		.ascii	"\022P\262\343PT\326W\3610\210\213(\342\374\232\301\255"
 160      5054D657 
 160      F130888B 
 160      28E2FC9A 
 160      C1AD
ARM GAS  C:\Users\8FEE~1\AppData\Local\Temp\ccIMYgQj.s 			page 12


 161 01b8 FEE4597A 		.ascii	"\376\344Yz/\34664\327\352\300$m\247\366k\206\207&g/"
 161      2FE63634 
 161      D7EAC024 
 161      6DA7F66B 
 161      86872667 
 162 01cd 916511BE 		.ascii	"\221e\021\276\005\011\276\001\002\273 \222z3Y\302\337"
 162      0509BE01 
 162      02BB2092 
 162      7A3359C2 
 162      DF
 163 01de A5B29C21 		.ascii	"\245\262\234!;3\345\200w\004\330\015\023\241\004&\012"
 163      3B33E580 
 163      7704D80D 
 163      13A10426 
 163      0A
 164 01ef B0174C54 		.ascii	"\260\027LT-\305A9\012\313P\210&\212\267f\027\372\221"
 164      2DC54139 
 164      0ACB5088 
 164      268AB766 
 164      17FA91
 165 0202 2260368E 		.ascii	"\"`6\216\035\276\322\242\003\311\344U\301\001/\0128"
 165      1DBED2A2 
 165      03C9E455 
 165      C1012F0A 
 165      38
 166 0213 995BA52F 		.ascii	"\231[\245/\034\373\234\222\331\217d\366\251d\220\033"
 166      1CFB9C92 
 166      D98F64F6 
 166      A964901B 
 167 0223 0F5156FD 		.ascii	"\017QV\375\203\354 \262\205\005R\\}\364\370C\275\333"
 167      83EC20B2 
 167      8505525C 
 167      7DF4F843 
 167      BDDB
 168 0235 91CEA6D7 		.ascii	"\221\316\246\327\316\\\224\345p\250\300\271\007\325"
 168      CE5C94E5 
 168      70A8C0B9 
 168      07D5
 169 0243 B9FBC1A7 		.ascii	"\271\373\301\247'\207\274{ri`0'\230\364\362lm\274\327"
 169      2787BC7B 
 169      72696030 
 169      2798F4F2 
 169      6C6DBCD7 
 170 0257 D11BC0C3 		.ascii	"\321\033\300\303n\322$%\204'e\244\340\306Z\221\364s"
 170      6ED22425 
 170      842765A4 
 170      E0C65A91 
 170      F473
 171 0269 E8D2DDAB 		.ascii	"\350\322\335\253\353\210\204\2262\377'\227qF\371\330"
 171      EB888496 
 171      32FF2797 
 171      7146F9D8 
 172 0279 FAAE2072 		.ascii	"\372\256 r\237O\277\233\325\323\025\310U\207\341\260"
 172      9F4FBF9B 
 172      D5D315C8 
 172      5587E1B0 
 173 0289 74A4F380 		.ascii	"t\244\363\200\236\214\362g\253\326\327\326\352\310\030"
ARM GAS  C:\Users\8FEE~1\AppData\Local\Temp\ccIMYgQj.s 			page 13


 173      9E8CF267 
 173      ABD6D7D6 
 173      EAC818
 174 0298 1F14E566 		.ascii	"\037\024\345f/\321\223,\302\006\305k\235\345\022\371"
 174      2FD1932C 
 174      C206C56B 
 174      9DE512F9 
 175 02a8 820FCEF7 		.ascii	"\202\017\316\367\237\332\034\310Kf<\016\217\216\015"
 175      9FDA1CC8 
 175      4B663C0E 
 175      8F8E0D
 176 02b7 D78CE31A 		.ascii	"\327\214\343\032E\034n\330\325<\032@\226r\350\266\321"
 176      451C6ED8 
 176      D53C1A40 
 176      9672E8B6 
 176      D1
 177 02c8 9FFA69CD 		.ascii	"\237\372i\315L\2425C4\0253\211W\314\221\306\223\333"
 177      4CA23543 
 177      34153389 
 177      57CC91C6 
 177      93DB
 178 02da 8D144023 		.ascii	"\215\024@#\355,(Y\021\340J'\272\2477\011p\024\3358F"
 178      ED2C2859 
 178      11E04A27 
 178      BAA73709 
 178      7014DD38 
 179 02ef 7D3B85BE 		.ascii	"};\205\276MR|;\211\302\023\356t\016\357{\276B\226\307"
 179      4D527C3B 
 179      89C213EE 
 179      740EEF7B 
 179      BE4296C7 
 180 0303 432366A4 		.ascii	"C#f\244A\315\310$%\231\207\263\257\334\224H.7\361(3"
 180      41CDC824 
 180      259987B3 
 180      AFDC9448 
 180      2E37F128 
 181 0318 E747B52A 		.ascii	"\347G\265*o\225\306\324\263B8\203S\233\324\251\215j"
 181      6F95C6D4 
 181      B3423883 
 181      539BD4A9 
 181      8D6A
 182 032a 323D699C 		.ascii	"2=i\234\366B\003\215d\214\024V\031H!3\242\273\367`e"
 182      F642038D 
 182      648C1456 
 182      19482133 
 182      A2BBF760 
 183 033f 9B04A111 		.ascii	"\233\004\241\021\021\246lj\306)\3133D5K\002\234\203"
 183      11A66C6A 
 183      C629CB33 
 183      44354B02 
 183      9C83
 184 0351 50AA002E 		.ascii	"P\252\000.\242\256\013\020\001\347!\202-\316Bj\020+"
 184      A2AE0B10 
 184      01E72182 
 184      2DCE426A 
 184      102B
 185 0363 2CA27AB0 		.ascii	",\242z\260K\226\227\033\031\255\343H\213Np3\210\242"
ARM GAS  C:\Users\8FEE~1\AppData\Local\Temp\ccIMYgQj.s 			page 14


 185      4B96971B 
 185      19ADE348 
 185      8B4E7033 
 185      88A2
 186 0375 2A8E5245 		.ascii	"*\216RE\312\204\332\3277\3105\031\204\241\317zEGS0w"
 186      CA84DAD7 
 186      37C83519 
 186      84A1CF7A 
 186      45475330 
 187 038a F9499584 		.ascii	"\371I\225\204\333\001\305\010\212\267|[\320]\274zw-"
 187      DB01C508 
 187      8AB77C5B 
 187      D05DBC7A 
 187      772D
 188 039c 40C40453 		.ascii	"@\304\004SD!\003^\256\016Ngj\251\272zT{\031&\250\225"
 188      4421035E 
 188      AE0E4E67 
 188      6AA9BA7A 
 188      547B1926 
 189 03b2 A6AA5DCB 		.ascii	"\246\252]\313\\\314\224g\350\264.R0u\261\031]lA\027"
 189      5CCC9467 
 189      E8B42E52 
 189      3075B119 
 189      5D6C4117 
 190 03c6 2F292E72 		.ascii	"/).r\022w\253\302\322e\031(J\313\202\273\363\240*d]"
 190      1277ABC2 
 190      D2651928 
 190      4ACB82BB 
 190      F3A02A64 
 191 03db A67C620A 		.ascii	"\246|b\012[\235u\276\015c\324\007\253\032O\211\023\220"
 191      5B9D75BE 
 191      0D63D407 
 191      AB1A4F89 
 191      1390
 192 03ed 41BA4F06 		.ascii	"A\272O\006\302S\3465\305\033\302\2137\253\356\322~#"
 192      C253E635 
 192      C51BC28B 
 192      37ABEED2 
 192      7E23
 193 03ff D9CEABB5 		.ascii	"\331\316\253\265\247\261,\303@v\361\301\226\246=\215"
 193      A7B12CC3 
 193      4076F1C1 
 193      96A63D8D 
 194 040f 7AB2870F 		.ascii	"z\262\207\017*K\366\234\027\311>>\330]\321\277\002H"
 194      2A4BF69C 
 194      17C93E3E 
 194      D85DD1BF 
 194      0248
 195 0421 151F0C2C 		.ascii	"\025\037\014,)s\220:~\237\265\331yF\344\272\377\200"
 195      2973903A 
 195      7E9FB5D9 
 195      7946E4BA 
 195      FF80
 196 0433 C39C659B 		.ascii	"\303\234e\233\272t|\235t\321\225\261\367\362\316J\003"
 196      BA747C9D 
 196      74D195B1 
 196      F7F2CE4A 
ARM GAS  C:\Users\8FEE~1\AppData\Local\Temp\ccIMYgQj.s 			page 15


 196      03
 197 0444 39C9B041 		.ascii	"9\311\260A\316b\347A\011\"\360\012\215\340\227\251P"
 197      CE62E741 
 197      0922F00A 
 197      8DE097A9 
 197      50
 198 0455 CECAC474 		.ascii	"\316\312\304t\276\226+\327\340\262;\214\356w\242\373"
 198      BE962BD7 
 198      E0B23B8C 
 198      EE77A2FB 
 199 0465 B731FE4F 		.ascii	"\2671\376O\273\277[I>E\217\276\256\242\273=\321\225"
 199      BBBF5B49 
 199      3E458FBE 
 199      AEA2BB3D 
 199      D195
 200 0477 E08E1647 		.ascii	"\340\216\026G\177\257A\037\361DWy\242\0075\350j\357"
 200      7FAF411F 
 200      F1445779 
 200      A20735E8 
 200      6AEF
 201 0489 684EC55D 		.ascii	"hN\305]\346\230\201\353\010\270\306\236\335V\312\274"
 201      E69881EB 
 201      08B8C69E 
 201      DD56CABC 
 202 0499 1F6BA00F 		.ascii	"\037k\240\017\223p\003[/\266\037\260\335\301\366#\266"
 202      9370035B 
 202      2FB61FB0 
 202      DDC1F623 
 202      B6
 203 04aa BBD8BEC7 		.ascii	"\273\330\276\307v\023\333-l=\356\245@\0114hBq\325\223"
 203      7613DB2D 
 203      6C3DEEA5 
 203      40093468 
 203      4271D593 
 204 04be 40A927DD 		.ascii	"@\251'\335\353\032\272\377\361D\327\200g\344\3324\312"
 204      EB1ABAFF 
 204      F144D780 
 204      67E4DA34 
 204      CA
 205 04cf DB3DE16D 		.ascii	"\333=\341m\236\312G_U\321]^\263\242\001\237\327\250"
 205      9ECA475F 
 205      55D15D5E 
 205      B3A2019F 
 205      D7A8
 206 04e1 EEF0CEDB 		.ascii	"\356\360\316\333\315\004\027\331\325j\211\343[\261f"
 206      CD0417D9 
 206      D56A89E3 
 206      5BB166
 207 04f0 6BBD33D7 		.ascii	"k\2753\327h\277\351Z T\375\025\357\314\271ze\265U\206"
 207      68BFE95A 
 207      2054FD15 
 207      EFCCB97A 
 207      65B55586 
 208 0504 B0D576DB 		.ascii	"\260\325v\333s\315CM\323\310>=i\342[c\357\306\333%\376"
 208      73CD434D 
 208      D3C83E3D 
 208      69E25B63 
ARM GAS  C:\Users\8FEE~1\AppData\Local\Temp\ccIMYgQj.s 			page 16


 208      EFC6DB25 
 209 0519 106AF296 		.ascii	"\020j\362\226L\270\2079\374\177\362\311\231\034;\354"
 209      4CB88739 
 209      FC7FF2C9 
 209      991C3BEC 
 210 0529 47379F41 		.ascii	"G7\237AT4\240\356\266\224\027\243\263\274\241mM\260"
 210      5434A0EE 
 210      B69417A3 
 210      B3BCA16D 
 210      4DB0
 211 053b 71B9FB1D 		.ascii	"q\271\373\035\312\200\352\212\036\002\2432\005\261\007"
 211      CA80EA8A 
 211      1E02A332 
 211      05B107
 212 054a 976DB815 		.ascii	"\227m\270\025D\3328\365K\247\007*\202\301d\344VN\267"
 212      44DA38F5 
 212      4BA7072A 
 212      82C164E4 
 212      564EB7
 213 055d 8DCFA4FE 		.ascii	"\215\317\244\376\016#\376\276j\006\247c\347C;<@\247"
 213      0E23FEBE 
 213      6A06A763 
 213      E7433B3C 
 213      40A7
 214 056f 9E32F0D3 		.ascii	"\2362\360\323\355\365\255\300\327\262\221n\360\225\255"
 214      EDF5ADC0 
 214      D7B2916E 
 214      F095AD
 215 057e D9E394B5 		.ascii	"\331\343\224\265L\037\017\255k\353\014&=\344\251\223"
 215      4C1F0FAD 
 215      6BEB0C26 
 215      3DE4A993 
 216 058e 51ECCF4F 		.ascii	"Q\354\317OF\261\374=\327w\366\314\005 }\234n\375\226"
 216      46B1FC3D 
 216      D777F6CC 
 216      05207D9C 
 216      6EFD96
 217 05a1 EEBD7EBE 		.ascii	"\356\275~\276\216-cH$Vy\301<B\341O\356\367\334\231\261"
 217      8E2D6348 
 217      245679C1 
 217      3C42E14F 
 217      EEF7DC99 
 218 05b6 9807EC0C 		.ascii	"\230\007\354\014\365\004\363\376Xu,\226\277\350\364"
 218      F504F3FE 
 218      58752C96 
 218      BFE8F4
 219 05c5 17AB1B36 		.ascii	"\027\253\0336\350\351\216\022j\342;\351\360&rh\333\351"
 219      E8E98E12 
 219      6AE23BE9 
 219      F0267268 
 219      DBE9
 220 05d7 95727E2D 		.ascii	"\225r~-\2609\2438'S\364\265\204\350\214\301\337\363"
 220      B039A338 
 220      2753F4B5 
 220      84E88CC1 
 220      DFF3
 221 05e9 42A4A1FB 		.ascii	"B\244\241\373\316\023\035\345\001\276\376\022\007\323"
ARM GAS  C:\Users\8FEE~1\AppData\Local\Temp\ccIMYgQj.s 			page 17


 221      CE131DE5 
 221      01BEFE12 
 221      07D3
 222 05f7 93D01EAF 		.ascii	"\223\320\036\257\340\237\357\016\017\361\371\010\263"
 222      E09FEF0E 
 222      0FF1F908 
 222      B3
 223 0604 4AD1B49A 		.ascii	"J\321\264\232\262D\023\244\213\021\220\201M\026\265"
 223      B24413A4 
 223      8B119081 
 223      4D16B5
 224 0613 D572B998 		.ascii	"\325r\271\230\327-\"=\352\366a\361\275!B\262\365\374"
 224      D72D223D 
 224      EAF661F1 
 224      BD2142B2 
 224      F5FC
 225 0625 7C767724 		.ascii	"|vw$\317\000\246P%\371%\254\304\226\240\366\317Ew\210"
 225      CF00A650 
 225      25F925AC 
 225      C496A0F6 
 225      CF457788 
 226 0639 A80AEF44 		.ascii	"\250\012\357D\340\013\264\377K\\\320\334e\347\352\235"
 226      E00BB4FF 
 226      4B5CD0DC 
 226      65E7EA9D 
 227 0649 81DABA5C 		.ascii	"\201\332\272\\\"j\353r\251hT\200\337\265\334\271!\352"
 227      226AEB72 
 227      A9685480 
 227      DFB5DCB9 
 227      21EA
 228 065b 442E8379 		.ascii	"D.\203y:*[\261\246zk@X\016;\206g\312\343E\026.\327\353"
 228      3A2A5BB1 
 228      A67A6B40 
 228      580E3B86 
 228      67CAE345 
 229 0673 5980E562 		.ascii	"Y\200\345b\030\376.\023u\\\303\322\366C\307\341\205"
 229      18FE2E13 
 229      755CC3D2 
 229      F643C7E1 
 229      85
 230 0684 7C39BF4B 		.ascii	"|9\277K\256\031\333E\226\325\035\307\364\301\014\012"
 230      AE19DB45 
 230      96D51DC7 
 230      F4C10C0A 
 231 0694 836235E5 		.ascii	"\203b5\345x\213\277;\361\375\000;pg\024`\205\370\002"
 231      788BBF3B 
 231      F1FD003B 
 231      70671460 
 231      85F802
 232 06a7 CEDEB121 		.ascii	"\316\336\261!\2631\220\034fq\201\274\216\366\033\022"
 232      B331901C 
 232      667181BC 
 232      8EF61B12 
 233 06b7 23432D72 		.ascii	"#C-r2\347:N\235\324\271\011\256\022\231\360B\345\216"
 233      32E73A4E 
 233      9DD4B909 
 233      AE1299F0 
ARM GAS  C:\Users\8FEE~1\AppData\Local\Temp\ccIMYgQj.s 			page 18


 233      42E58E
 234 06ca 1A8396E1 		.ascii	"\032\203\226\341G\317h\010\256a\004W\273\010^\312h\254"
 234      47CF6808 
 234      AE610457 
 234      BB085ECA 
 234      68AC
 235 06dc 200AC1CB 		.ascii	" \012\301\313\033\215X\001xF\302\232D\030\254T\003\216"
 235      1B8D5801 
 235      7846C29A 
 235      4418AC54 
 235      038E
 236 06ee B74F1374 		.ascii	"\267O\023t2\202\217\257v\017\212\244\201\023\334\325"
 236      32828FAF 
 236      760F8AA4 
 236      8113DCD5 
 237 06fe 54FC4847 		.ascii	"T\374HGZx\026W\325n\3523\372Z\023\353E_G\371\316\246"
 237      5A781657 
 237      D56EEA33 
 237      FA5A13EB 
 237      455F47F9 
 238 0714 292DEC38 		.ascii	")-\3548\276N\224`\255\350q\034\247)Y\263m\2040\217)"
 238      BE4E9460 
 238      ADE8711C 
 238      A72959B3 
 238      6D84308F 
 239 0729 8247A153 		.ascii	"\202G\241S\036\354#\356(|\311\243\320\363\343\350W\376"
 239      1EEC23EE 
 239      287CC9A3 
 239      D0F3E3E8 
 239      57FE
 240 073b 3EA3F015 		.ascii	">\243\360\025\213B\216+\012\2076\266o\361W\323\324["
 240      8B428E2B 
 240      0A8736B6 
 240      6FF157D3 
 240      D45B
 241 074d D723CB92 		.ascii	"\327#\313\222\216\242 [%\221\355\031\204\015,\010?l"
 241      8EA2205B 
 241      2591ED19 
 241      840D2C08 
 241      3F6C
 242 075f CB5C378E 		.ascii	"\313\\7\216\\\343A\360\306\357\376\222\236\323\340\316"
 242      5CE341F0 
 242      C6EFFE92 
 242      9ED3E0CE 
 243 076f 5C1EE757 		.ascii	"\\\036\347W\320\322\2759\230\011\351\342\334\310\205"
 243      D0D2BD39 
 243      9809E9E2 
 243      DCC885
 244 077e A773B635 		.ascii	"\247s\2665\020\237\24473\322\233\\\244\007\316\365\225"
 244      109FA437 
 244      33D29B5C 
 244      A407CEF5 
 244      95
 245 078f FA21E92E 		.ascii	"\372!\351.\036\267\225\231\307V\312\005\300`\220\253"
 245      1EB79599 
 245      C756CA05 
 245      C06090AB 
ARM GAS  C:\Users\8FEE~1\AppData\Local\Temp\ccIMYgQj.s 			page 19


 246 079f B2CEA5AC 		.ascii	"\262\316\245\254\351\315\026\306\266\374\353\275\217"
 246      E9CD16C6 
 246      B6FCEBBD 
 246      8F
 247 07ac 8C6498B3 		.ascii	"\214d\230\263mn\315\252P6\305@\272\011_\373\362H\000"
 247      6D6ECDAA 
 247      5036C540 
 247      BA095FFB 
 247      F24800
 248 07bf DF145B18 		.ascii	"\337\024[\030\307\246{9\022\371\334\217a\037\367\237"
 248      C7A67B39 
 248      12F9DC8F 
 248      611FF79F 
 249 07cf 7D       		.ascii	"}"
 250 07d0 6CE45889 		.ascii	"l\344X\211:\232Q\336\251\247\237-\262\262\210P\256\256"
 250      3A9A51DE 
 250      A9A79F2D 
 250      B2B28850 
 250      AEAE
 251 07e2 A1AD22E6 		.ascii	"\241\255\"\346\0137\015(\022\371\307\321H\365(~\027"
 251      0B370D28 
 251      12F9C7D1 
 251      48F5287E 
 251      17
 252 07f3 304DBAAE 		.ascii	"0M\272\256\242\301;~`\232\010 a\333\356\372\246\305"
 252      A2C13B7E 
 252      609A0820 
 252      61DBEEFA 
 252      A6C5
 253 0805 D062C8B6 		.ascii	"\320b\310\266)t\361\312\223Q}\377\277\251\230\037\336"
 253      2974F1CA 
 253      93517DFF 
 253      BFA9981F 
 253      DE
 254 0816 FB0B6512 		.ascii	"\373\013e\022&\300\324\2110\005\253h;V\321Nf\247X\234"
 254      26C0D489 
 254      3005AB68 
 254      3B56D14E 
 254      66A7589C 
 255 082a 083BD050 		.ascii	"\010;\320P\036\356\024T\202\006[W?h\327\2058\225\035"
 255      1EEE1454 
 255      82065B57 
 255      3F68D785 
 255      38951D
 256 083d 221C98EE 		.ascii	"\"\034\230\356\002\304\345\213\224\337.1\304\305\222"
 256      02C4E58B 
 256      94DF2E31 
 256      C4C592
 257 084c A29D4D05 		.ascii	"\242\235M\005\033\003$\305\306\322_\264\201\350\272"
 257      1B0324C5 
 257      C6D25FB4 
 257      81E8BA
 258 085b D6A1AA20 		.ascii	"\326\241\252 \255\356\222_\322]w0\343\206\377\213E\362"
 258      ADEE925F 
 258      D25D7730 
 258      E386FF8B 
 258      45F2
ARM GAS  C:\Users\8FEE~1\AppData\Local\Temp\ccIMYgQj.s 			page 20


 259 086d D91A565B 		.ascii	"\331\032V[+\272\263\344\364/p\033\334-\206@!\246\011"
 259      2BBAB3E4 
 259      F42F701B 
 259      DC2D8640 
 259      21A609
 260 0880 97BA66F2 		.ascii	"\227\272f\362\327(\371\000\277.J\305\027q\356\227e\303"
 260      D728F900 
 260      BF2E4AC5 
 260      1771EE97 
 260      65C3
 261 0892 7D01641D 		.ascii	"}\001d\035O\200\263\261\363o>\003^\346\012x>\347\230"
 261      4F80B3B1 
 261      F36F3E03 
 261      5EE60A78 
 261      3EE798
 262 08a5 7EAFE84E 		.ascii	"~\257\350N\220\247\377\352n]\3168\226\27186\347\337"
 262      90A7FFEA 
 262      6E5DCE38 
 262      96B93836 
 262      E7DF
 263 08b7 AA377A7A 		.ascii	"\2527zz\344\023\335\233\345\374VT<\272\376lz~Mz8|\243"
 263      E413DD9B 
 263      E5FC5654 
 263      3CBAFE6C 
 263      7A7E4D7A 
 264 08ce 7883FB82 		.ascii	"x\203\373\202f\342\036\305\233\275\314\233\023\307k"
 264      66E21EC5 
 264      9BBDCC9B 
 264      13C76B
 265 08dd 2F11EDBE 		.ascii	"/\021\355\276K+Uu\341[\276\357\322\236\356}[\356\257"
 265      4B2B5575 
 265      E15BBEEF 
 265      D29EEE7D 
 265      5BEEAF
 266 08f0 0D20054A 		.ascii	"\015 \005J\355\265\247?Q\016\342\301\364\277\030\275"
 266      EDB5A73F 
 266      510EE2C1 
 266      F4BF18BD 
 267 0900 AD454A9D 		.ascii	"\255EJ\235\366\263O\333\357+\352\224\177r\004\341\360"
 267      F6B34FDB 
 267      EF2BEA94 
 267      7F7204E1 
 267      F0
 268 0911 497D7F73 		.ascii	"I}\177s\220\317H\035rE\352 \217\324\232\346\216\214"
 268      90CF481D 
 268      7245EA20 
 268      8FD49AE6 
 268      8E8C
 269 0923 00CF481D 		.ascii	"\000\317H\035\300\204\354g\011\251`\276\037r\371^\177"
 269      C084EC67 
 269      09A960BE 
 269      1F72F95E 
 269      7F
 270 0934 31EB0AF1 		.ascii	"1\353\012\361\214\224O\364\300\231\3560%Pm\317\363@"
 270      8C944FF4 
 270      C099EE30 
 270      25506DCF 
ARM GAS  C:\Users\8FEE~1\AppData\Local\Temp\ccIMYgQj.s 			page 21


 270      F340
 271 0946 7DA7040A 		.ascii	"}\247\004\012\367\016\315\274}J\240*\305\027\005iq|"
 271      F70ECDBC 
 271      7D4AA02A 
 271      C5170569 
 271      717C
 272 0958 92D9166F 		.ascii	"\222\331\026o}#\315nx\373\257\037\206\277\031\035-\350"
 272      7D23CD6E 
 272      78FBAF1F 
 272      86BF191D 
 272      2DE8
 273 096a 16C5DBFF 		.ascii	"\026\305\333\377!Y,i\211\311\216\2511\026\307\277\254"
 273      21592C69 
 273      89C98EA9 
 273      3116C7BF 
 273      AC
 274 097b 7F8E4B58 		.ascii	"\177\216KX\2308/\321\356H\263&\246X\026\247\332>M\264"
 274      98382FD1 
 274      EE48B326 
 274      A65816A7 
 274      DA3E4DB4 
 275 098f FD33FA4F 		.ascii	"\3753\372OZi\234#%%\311\036\267 9-\234\335\205\307\247"
 275      5A699C23 
 275      2525C91E 
 275      B720392D 
 275      9CDD85C7 
 276 09a4 2E0AB72D 		.ascii	".\012\267-\232g\263Zm\326\270i\221S\303c\246DO\377$"
 276      9A67B35A 
 276      6DD6B869 
 276      9153C363 
 276      A6444FFF 
 277 09b9 3A0EE52F 		.ascii	":\016\345/'\247$\333^\266\305\317K\214KLNHJ\263\332"
 277      27A724DB 
 277      5EB6C5CF 
 277      4B8C4B4C 
 277      4E484AB3 
 278 09ce E216C5A3 		.ascii	"\342\026\305\243\256d[\234\305j\233\037\237\226\344"
 278      AE645B9C 
 278      C56A9B1F 
 278      9F96E4
 279 09dd B0383E5B 		.ascii	"\2608>[l\263G.\024\014.\026\237\374\012,\354\237\331"
 279      6CB3472E 
 279      140C2E16 
 279      9FFC0A2C 
 279      EC9FD9
 280 09f0 E32C7687 		.ascii	"\343,v\207\025M\242icb\312\342\224T\007\215\206\305"
 280      154DA269 
 280      6362CAE2 
 280      9454078D 
 280      86C5
 281 0a02 F17A6464 		.ascii	"\361zdd\024\3761[)\366\350\351\323\242R\354Q\013\343"
 281      14FE315B 
 281      29F6E8E9 
 281      D3A252EC 
 281      510BE3
 282 0a15 93A228C4 		.ascii	"\223\242(\304\0365\367\203\367\247\306D\315\236=3\352"
 282      1E35F783 
ARM GAS  C:\Users\8FEE~1\AppData\Local\Temp\ccIMYgQj.s 			page 22


 282      F7A7C644 
 282      CD9E3D33 
 282      EA
 283 0a26 ED39EFC6 		.ascii	"\3559\357\306~\032C\037Y0\266\226\244$+\252\362\243"
 283      7E1A431F 
 283      5930B696 
 283      A4242BAA 
 283      F2A3
 284 0a38 A844ABEE 		.ascii	"\250D\253\356/o\231\337\241?\263u\263\337|\317\254{"
 284      2F6F99DF 
 284      A13FB375 
 284      B3DF7CCF 
 284      AC7B
 285 0a4a 63AED90C 		.ascii	"c\256\331\014\037\303;\372\204$[|\252\022\362\350i\026"
 285      1FC33BFA 
 285      84245B7C 
 285      AA12F2E8 
 285      6916
 286 0a5c 87C17543 		.ascii	"\207\301uC\3546\007\211\235i&\357\3164\353\347|8g\246"
 286      EC360789 
 286      9D6926EF 
 286      CE34EBE7 
 286      7C3867A6 
 287 0a70 D93F76EE 		.ascii	"\331?v\356\234Y\263f\232\375b?\370\373\234Yf\375\373"
 287      9C59B366 
 287      9AFD623F 
 287      F8FB9C59 
 287      66FDFB
 288 0a83 B1336799 		.ascii	"\2613g\231\311\033f\263\321\356X\204\201Z\260\030\203"
 288      C91B66B3 
 288      D1EE5884 
 288      815AB018 
 288      83
 289 0a94 E39038F7 		.ascii	"\343\2208\367D\253\305\341\2272\177>j1R\225\226\371"
 289      44ABC5E1 
 289      97327F3E 
 289      6A315295 
 289      96F9
 290 0aa6 F176C71F 		.ascii	"\361v\307\037-\216\244_#\230\2568\276\344+t\012\322"
 290      2D8EA45F 
 290      2398AE38 
 290      BEE42B74 
 290      0AD2
 291 0ab8 152B84EA 		.ascii	"\025+\204\352\337\215\305J\234\344k\202=5\301\015N\020"
 291      DF8DC54A 
 291      9CE46B82 
 291      3D35C10D 
 291      4E10
 292 0aca 02B1FB38 		.ascii	"\002\261\37385\321a\303)Ax?\327\346\300\273\367S\254"
 292      35D161C3 
 292      2941783F 
 292      D7E6C0BB 
 292      F753AC
 293 0add 364362CA 		.ascii	"6Cb\312\"\354,\216\337\270r`\301\010,HMI[L\345A\026"
 293      22EC2C8E 
 293      DFB87260 
 293      C1082C48 
ARM GAS  C:\Users\8FEE~1\AppData\Local\Temp\ccIMYgQj.s 			page 23


 293      4D495B4C 
 294 0af4 CBFCB4E4 		.ascii	"\313\374\264\344\004\213%r\372\364\230W\014\256\221"
 294      048B2572 
 294      FAF49857 
 294      0CAE91
 295 0b03 2E61617C 		.ascii	".aa|\252\366\331\324)O\215^\371/S\376k\240"
 295      AAF6D9D4 
 295      294F8D5E 
 295      F92F53FE 
 295      6BA0
 296              		.text
 297              		.section	.gnu.lto_.symtab.7bb9ceb3,"",%progbits
 298 0000 70616C52 		.ascii	"palReadBus\000"
 298      65616442 
 298      757300
 299 000b 00       		.ascii	"\000"
 300 000c 00       		.ascii	"\000"
 301 000d 00       		.ascii	"\000"
 302 000e 00000000 		.ascii	"\000\000\000\000\000\000\000\000"
 302      00000000 
 303 0016 0B010000 		.ascii	"\013\001\000\000"
 304 001a 70616C57 		.ascii	"palWriteBus\000"
 304      72697465 
 304      42757300 
 305 0026 00       		.ascii	"\000"
 306 0027 00       		.ascii	"\000"
 307 0028 00       		.ascii	"\000"
 308 0029 00000000 		.ascii	"\000\000\000\000\000\000\000\000"
 308      00000000 
 309 0031 10010000 		.ascii	"\020\001\000\000"
 310 0035 70616C53 		.ascii	"palSetBusMode\000"
 310      65744275 
 310      734D6F64 
 310      6500
 311 0043 00       		.ascii	"\000"
 312 0044 00       		.ascii	"\000"
 313 0045 00       		.ascii	"\000"
 314 0046 00000000 		.ascii	"\000\000\000\000\000\000\000\000"
 314      00000000 
 315 004e 18010000 		.ascii	"\030\001\000\000"
 316 0052 5F70616C 		.ascii	"_pal_lld_setgroupmode\000"
 316      5F6C6C64 
 316      5F736574 
 316      67726F75 
 316      706D6F64 
 317 0068 00       		.ascii	"\000"
 318 0069 02       		.ascii	"\002"
 319 006a 00       		.ascii	"\000"
 320 006b 00000000 		.ascii	"\000\000\000\000\000\000\000\000"
 320      00000000 
 321 0073 1E010000 		.ascii	"\036\001\000\000"
 322              		.text
 323              		.section	.gnu.lto_.opts,"",%progbits
 324 0000 272D666D 		.ascii	"'-fmath-errno' '-fsigned-zeros' '-ftrapping-math' '"
 324      6174682D 
 324      6572726E 
 324      6F272027 
ARM GAS  C:\Users\8FEE~1\AppData\Local\Temp\ccIMYgQj.s 			page 24


 324      2D667369 
 325 0033 2D666E6F 		.ascii	"-fno-trapv' '-fno-openmp' '-fno-openacc' '-mcpu=cor"
 325      2D747261 
 325      70762720 
 325      272D666E 
 325      6F2D6F70 
 326 0066 7465782D 		.ascii	"tex-m7' '-mno-thumb-interwork' '-mthumb' '-ggdb' '-"
 326      6D372720 
 326      272D6D6E 
 326      6F2D7468 
 326      756D622D 
 327 0099 4F322720 		.ascii	"O2' '-fomit-frame-pointer' '-falign-functions=16' '"
 327      272D666F 
 327      6D69742D 
 327      6672616D 
 327      652D706F 
 328 00cc 2D666675 		.ascii	"-ffunction-sections' '-fdata-sections' '-fno-common"
 328      6E637469 
 328      6F6E2D73 
 328      65637469 
 328      6F6E7327 
 329 00ff 2720272D 		.ascii	"' '-flto'\000"
 329      666C746F 
 329      2700
 330              		.text
 331              		.comm	__gnu_lto_v1,1,1
 332              		.comm	__gnu_lto_slim,1,1
 333              		.ident	"GCC: (GNU Tools for ARM Embedded Processors 6-2017-q1-update) 6.3.1 20170215 (release) [AR
ARM GAS  C:\Users\8FEE~1\AppData\Local\Temp\ccIMYgQj.s 			page 25


DEFINED SYMBOLS
                            *ABS*:00000000 hal_pal.c
                            *COM*:00000001 __gnu_lto_v1
                            *COM*:00000001 __gnu_lto_slim

NO UNDEFINED SYMBOLS
