ARM GAS  C:\Users\8FEE~1\AppData\Local\Temp\ccZOuOJL.s 			page 1


   1              		.cpu cortex-m7
   2              		.eabi_attribute 20, 1
   3              		.eabi_attribute 21, 1
   4              		.eabi_attribute 23, 3
   5              		.eabi_attribute 24, 1
   6              		.eabi_attribute 25, 1
   7              		.eabi_attribute 26, 1
   8              		.eabi_attribute 30, 2
   9              		.eabi_attribute 34, 1
  10              		.eabi_attribute 18, 4
  11              		.file	"hal_pal_lld.c"
  12              		.text
  13              	.Ltext0:
  14              		.section	.gnu.lto_.profile.7bb9cfb3,"",%progbits
  15 0000 789C6365 		.ascii	"x\234ce`b`c```dx\317\370\226\021\000\006H\001\355"
  15      60626063 
  15      60606064 
  15      78CFF896 
  15      11000648 
  16              		.text
  17              		.section	.gnu.lto_.icf.7bb9cfb3,"",%progbits
  18 0000 789C6365 		.ascii	"x\234ce`b\340c@\000&\206'\315{\233\370\030\257?^\373"
  18      6062E063 
  18      40002686 
  18      27CD7B9B 
  18      F818AF3F 
  19 0016 90950100 		.ascii	"\220\225\001\000.\012\006\032"
  19      2E0A061A 
  20              		.text
  21              		.section	.gnu.lto_.jmpfuncs.7bb9cfb3,"",%progbits
  22 0000 789C6365 		.ascii	"x\234ce`b\020`@\000&\006FF\306zFf \311^__\317\000\000"
  22      60621060 
  22      40002606 
  22      4646C67A 
  22      466620C9 
  23 001a 0D4C0227 		.ascii	"\015L\002'"
  24              		.text
  25              		.section	.gnu.lto_.inline.7bb9cfb3,"",%progbits
  26 0000 789C6365 		.ascii	"x\234ce`b\330\305\200\000L\014\014\213\031\02712\262"
  26      6062D8C5 
  26      80004C0C 
  26      0C8B1917 
  26      3132B2
  27 0013 33283032 		.ascii	"3(020+\200I\0070\231\000&\033\030\301\324\002\010u\000"
  27      302B8049 
  27      07309900 
  27      261B18C1 
  27      D4020875 
  28 0028 423108BC 		.ascii	"B1\010\274a|\260\231\217\301g\302!\026&\006\306\027"
  28      617CB099 
  28      8FC167C2 
  28      21162606 
  28      C617
  29 003a EC501244 		.ascii	"\354P\022Dp\200\231\034 B\000\314\024\000\021\012`\246"
  29      7080991C 
  29      204200CC 
  29      1400110A 
ARM GAS  C:\Users\8FEE~1\AppData\Local\Temp\ccZOuOJL.s 			page 2


  29      60A6
  30 004c 02887000 		.ascii	"\002\210p\0003\035@D\003#\023\204\002\223L\020\016\023"
  30      331D4044 
  30      03231384 
  30      02934C10 
  30      0E13
  31 005e C8598C0C 		.ascii	"\310Y\214\014\347\030\3662122\001\255c`\316k9\257\300"
  31      E718F632 
  31      31323201 
  31      AD6360CE 
  31      6B39AFC0 
  32 0072 2031E722 		.ascii	" 1\347\"3\023\203\330\234]L,`\227\003\0000\" \263"
  32      331383D8 
  32      9C5D4C2C 
  32      60970300 
  32      302220B3 
  33              		.text
  34              		.section	.gnu.lto_.pureconst.7bb9cfb3,"",%progbits
  35 0000 789C6365 		.ascii	"x\234ce`b`e`\000\222R\214R\000\001\005\000D"
  35      60626065 
  35      60009252 
  35      8C520001 
  35      050044
  36              		.text
  37              		.section	.gnu.lto__pal_lld_init.7bb9cfb3,"",%progbits
  38 0000 789CA59B 		.ascii	"x\234\245\233iPTW\032\206\373\334{Av\3675&1\211\306"
  38      69505457 
  38      1A86FBDC 
  38      7B4176F7 
  38      35263189 
  39 0015 A889444D 		.ascii	"\250\211DM\324\354{\214Fc\022\315\357\231I\246\222X"
  39      D4EC7B8C 
  39      466312CD 
  39      EF9949A6 
  39      9258
  40 0027 951AADC9 		.ascii	"\225\032\255\311\324\374\265AT\334w\024\025!\242\002"
  40      D4FCB541 
  40      54DC7714 
  40      1521A202 
  41 0037 22A2226E 		.ascii	"\"\242\"n\210\"\012\342\206\013\270\357\013 n\250\270"
  41      88220AE2 
  41      860BB8EF 
  41      0B206EA8 
  41      B8
  42 0048 A330E77B 		.ascii	"\2430\347{\373\034\316m\241\213\276g,\375\264\233\313"
  42      FB1CCE6D 
  42      A18BBE67 
  42      2CFDB49B 
  42      CB
  43 0059 739FBEFD 		.ascii	"s\237\276\375\371\000\215\006\270\014\327\257\237\273"
  43      F9008D06 
  43      B80CD7AF 
  43      9FBB
  44 0067 5C435D2E 		.ascii	"\\C].\327\013\374\0273]\314\230Y\354rE\005\031\214\321"
  44      D70BFC17 
  44      335DCC98 
  44      59EC7245 
ARM GAS  C:\Users\8FEE~1\AppData\Local\Temp\ccZOuOJL.s 			page 3


  44      05198CD1 
  45 007b 1FDC41CC 		.ascii	"\037\334A\3145\326`c\331\014s\276\311\362'\226o6z\244"
  45      35D66063 
  45      D90C73BE 
  45      C9F22796 
  45      6F367AA4 
  46 008f B8F98FBC 		.ascii	"\270\371\217\274\371\267\003'\270\307wH4]\256x\376\213"
  46      F9B70327 
  46      B8C77748 
  46      345DAE78 
  46      FE8B
  47 00a1 7EB014D6 		.ascii	"~\260\024\326\203\037u8f\315bs\272\231h2f\361\233w\016"
  47      831F7538 
  47      66CD6273 
  47      BA996832 
  47      66F19B77 
  48 00b6 2CBC1C41 		.ascii	",\274\034A7\015\326\205\337\254\254\315\254\260\314"
  48      370DD685 
  48      DFACACCD 
  48      ACB0CC
  49 00c5 4F998BFF 		.ascii	"O\231\213\3779\355\334\242\037\272/w\273\243\335y7\346"
  49      39EDDCA2 
  49      1FBA2F77 
  49      BBA3DD79 
  49      37E6
  50 00d7 9AEEAE89 		.ascii	"\232\356\256\211\246\311V2\223\363X\032\353\314RYg\027"
  50      A6C95632 
  50      93F3581A 
  50      EBCC5259 
  50      6717
  51 00e9 BFCBC5D2 		.ascii	"\277\313\305\322Yw:\374\322\332\332y\341\201\226\347"
  51      59773AFC 
  51      D2DADA79 
  51      E18196E7 
  52 00f9 7C6C150B 		.ascii	"|l\025\013d\374\367\314#,\317][7\221#\226\263\303C\222"
  52      64FCF7CC 
  52      232CCF5D 
  52      5B379123 
  52      96B3C343 
  53 010e 99C1DFC7 		.ascii	"\231\301\337\3072i\004\320\010\244\021\304\210\021L"
  53      326904D0 
  53      08A411C4 
  53      88114C
  54 011d 7F0CA111 		.ascii	"\177\014\241\021J#\214F8\215\010\032\315i\264\240\321"
  54      4A238C46 
  54      388D081A 
  54      CD69B4A0 
  54      D1
  55 012e 92462B1A 		.ascii	"\222F+\032\255i\264\241\321\226F;\032\355it\240\321"
  55      AD69B4A1 
  55      D196463B 
  55      1AED6974 
  55      A0D1
  56 0140 9146271A 		.ascii	"\221F'\032/\320 Y\353E\032/\321x\231F\027\032\257\320"
  56      2FD02059 
  56      EB451A2F 
  56      D1789946 
ARM GAS  C:\Users\8FEE~1\AppData\Local\Temp\ccZOuOJL.s 			page 4


  56      171AAFD0 
  57 0154 7895C66B 		.ascii	"x\225\306k4\272\322\350F\343u\032\335i\274A\243\007"
  57      34BAD2E8 
  57      46E3751A 
  57      DD69BC41 
  57      A307
  58 0166 8D9E347A 		.ascii	"\215\2364z\321x\223\306[4z\323\210\244\3616\215>4\372"
  58      D17893C6 
  58      5B347AD3 
  58      88A4F136 
  58      8D3E34FA 
  59 017a D2E847E3 		.ascii	"\322\350G\343\035\032\357\322\350Oc\000\215\2014\336"
  59      1D1AEFD2 
  59      E84F6300 
  59      8D8134DE 
  60 018a A3F13E8D 		.ascii	"\243\361>\215\017h|H\343#\032\037\323\370\204\306\247"
  60      0F687C48 
  60      E3231A1F 
  60      D3F884C6 
  60      A7
  61 019b 343EA3F1 		.ascii	"4>\243\3619\215/h|I\343+\032_\323\030D\343\033\032\203"
  61      398D2F68 
  61      7C49E32B 
  61      1A5FD318 
  61      44E31B1A 
  62 01b0 690CA1F1 		.ascii	"i\014\241\361-\215\2414\206\321\370\216\306p\032\337"
  62      2D8DA134 
  62      86D1F88E 
  62      C6701ADF 
  63 01c0 D3F881C6 		.ascii	"\323\370\201\306\2174F\320\030I\343'\032.\327d\376\324"
  63      8F3446D0 
  63      1849E327 
  63      1A2ED764 
  63      FED4
  64 01d2 D15E4D31 		.ascii	"\321^M1\015\372\335\254d\371[*O\354\014\241g3\3014\370"
  64      0DFADDAC 
  64      64F95B2A 
  64      4FEC0CA1 
  64      6733C134 
  65 01e7 931C373E 		.ascii	"\223\0347>\377`3Z\227\000\254HLBAy\260\347\246\373v"
  65      FF60335A 
  65      9700AC48 
  65      4C424179 
  65      B0E7A6FB 
  66 01fc AC9B16EA 		.ascii	"\254\233\026\352\372\371\232\315\001\211,!\212\257a"
  66      FAF99ACD 
  66      01892C21 
  66      8AAF61
  67 020b 97443390 		.ascii	"\227D3\220\255\346\273\222\301w\205\216\277\033w\350"
  67      ADE6BB92 
  67      C177858E 
  67      BF1B77E8 
  68 021b 42586486 		.ascii	"BXd\206;\206%\232\315X&Kd\013\260\235l\015\213tU\262"
  68      3B86259A 
  68      CD58264B 
  68      640BB09D 
  68      6C0D8B74 
ARM GAS  C:\Users\8FEE~1\AppData\Local\Temp\ccZOuOJL.s 			page 5


  69 0231 718F2630 		.ascii	"q\217&0\317\271L\317\351\226W&\337\307vZ\254\2569[\313"
  69      CFB94CCF 
  69      E9965726 
  69      DFC7765A 
  69      ACAE395B 
  70 0246 295C292E 		.ascii	")\\).\230\216qv\252u\352TY,\222\363\011\264%\355\244"
  70      988E7176 
  70      AA75EA54 
  70      592C92F3 
  70      09B425ED 
  71 025b E9395D80 		.ascii	"\3519]\2003\332z\320h\277Y\366s\342\004\373\177D7(\364"
  71      33DA7AD0 
  71      68BF59F6 
  71      73E204FB 
  71      7F443728 
  72 0270 46120D74 		.ascii	"F\022\015t\225\261\350\244\344\031\246@\035_\272mND"
  72      95B1E8A4 
  72      E419A640 
  72      1D5FBA6D 
  72      4E44
  73 0282 CF54FC25 		.ascii	"\317T\374%/\334b\304'\005%\232A.\3617|\023\353i\177"
  73      2FDC62C4 
  73      2705259A 
  73      412EF137 
  73      7C13EB69 
  74 0297 8E4C3C47 		.ascii	"\216L<G\017w\357\215\015\023'\347 \332\270\340\0043"
  74      0F77EF8D 
  74      0D1327E7 
  74      20DAB8E0 
  74      0433
  75 02a9 886D16E7 		.ascii	"\210m\026\347_\262`Su\004?\377L\270\205\260-00\\xc\366"
  75      5FB26053 
  75      75043FFF 
  75      4CB885B0 
  75      2D30305C 
  76 02c0 D65DEF8F 		.ascii	"\326]\357\217}FoK\212\340'b9,\222D\\l+\033Kf]\204\326"
  76      7D466F4B 
  76      8AE02762 
  76      392C9244 
  76      5C6C2B1B 
  77 02d9 94B2D428 		.ascii	"\224\262\324(\303\034\204\023V\035\3361\216uKF8\012"
  77      C31C8413 
  77      561DDE31 
  77      8E754B46 
  77      380A
  78 02eb 1785C5BB 		.ascii	"\027\205\305\273\363b88\224\345z\267\003\306\333X7\376"
  78      F3623838 
  78      94E57AB7 
  78      03C6DB58 
  78      37FE
  79 02fd 1EF74E5F 		.ascii	"\036\367N_*fd\034\312\334n\276Fl;\177\273\367\343\236"
  79      2A66641C 
  79      CADC6EBE 
  79      466C3B7F 
  79      BBF7E39E 
  80 0311 573B3E25 		.ascii	"W;>%\244\0014\350\371 \001\232\307\272\321\245\340O"
  80      A40134E8 
ARM GAS  C:\Users\8FEE~1\AppData\Local\Temp\ccZOuOJL.s 			page 6


  80      F920019A 
  80      C7BAD1A5 
  80      E04F
  81 0323 41F496CA 		.ascii	"A\364\226\312\272\377\324\267)\306s\325\226\004\342"
  81      BAFFD4B7 
  81      29C673D5 
  81      9604E2
  82 0332 087E6A64 		.ascii	"\010~jd*\336s\231d\276\330\016\376\360\\,\237\236\314"
  82      2ADE7399 
  82      64BED80E 
  82      FEF05C2C 
  82      9F9ECC
  83 0345 E1F6AB19 		.ascii	"\341\366\253\031\344u5\371\223\025FWqg\303\253\230T"
  83      E47535F9 
  83      93154657 
  83      7167C3AB 
  83      9854
  84 0357 57C20F0F 		.ascii	"W\302\017\017g\273p!M\017\221\025`Q\362\343\366\364"
  84      67BB7021 
  84      4D0F9115 
  84      6051F2E3 
  84      F6F4
  85 0369 24B61D1C 		.ascii	"$\266\035\034\012pT\366\225Y!\036p\004=~V(\310\317\036"
  85      0A7054F6 
  85      9559211E 
  85      70043D7E 
  85      5628C8CF 
  86 037e 5D9CD59C 		.ascii	"]\234\325\234\366#\312\235\3643\255\310np\205)+\242"
  86      F623CA9D 
  86      F433ADC8 
  86      6E708529 
  86      2BA2
  87 0390 2D19EE79 		.ascii	"-\031\356y\254\261;#<\342\337\373g\332\2054\367\000"
  87      ACB13B23 
  87      3CE2DFFB 
  87      67DA8534 
  87      F700
  88 03a2 1720707B 		.ascii	"\027 p{\237\327\364\337k\037@\201\002\264\237\274\276"
  88      9FD7F4DF 
  88      6B1F4081 
  88      02B49FBC 
  88      BE
  89 03b3 F7784D92 		.ascii	"\367xM\222^?8\360:\000\\3\201+\326\367:\010P\220\000"
  89      5E3F38F0 
  89      3A005C33 
  89      812BD6F7 
  89      3A085090 
  90 03c8 1D22AF1F 		.ascii	"\035\"\257\037<^\223\245\327\217\016\274\016\003\027"
  90      3C5E93A5 
  90      D78F0EBC 
  90      0E0317
  91 03d7 2C7047F4 		.ascii	",pG\364\275J\000\012\021\240R\362\372\321\3435Ez\215"
  91      BD4A000A 
  91      11A052F2 
  91      FAD1E335 
  91      457A8D
  92 03ea 70E07514 		.ascii	"p\340u\024\270P\201;\246\357u\034\2400\001:A^#<^S\245"
ARM GAS  C:\Users\8FEE~1\AppData\Local\Temp\ccZOuOJL.s 			page 7


  92      B850813B 
  92      A6EF751C 
  92      A030013A 
  92      415E233C 
  93 0401 D748075E 		.ascii	"\327H\007^'\201\013\027\270S\372^\247\001\212\020\240"
  93      27810B17 
  93      B853FA5E 
  93      A7018A10 
  93      A0
  94 0412 33E435D2 		.ascii	"3\3445\322\3435Mz\375\344\300\353,p\315\005\356\234"
  94      E3354D7A 
  94      FDE4C0EB 
  94      2C70CD05 
  94      EE9C
  95 0424 BED77980 		.ascii	"\276\327y\200Z\010\320\005\362\372\311^/\224\246>\226"
  95      5A08D005 
  95      F2FAC95E 
  95      2F94A63E 
  95      96
  96 0435 D41EDC4A 		.ascii	"\324\036\334J\312h\356O\323/\242\351^\021\317l:\342"
  96      CA68EE4F 
  96      D32FA2E9 
  96      5E11CF6C 
  96      3AE2
  97 0447 97E0D4B2 		.ascii	"\227\340\324\262\361\210_\226\021\277\342\035q'\341"
  97      F1885F96 
  97      11BFE21D 
  97      7127E1
  98 0456 2E43B817 		.ascii	".C\270\027\346\327\354\014\026\341\216\245p\227\213"
  98      E6D7EC0C 
  98      16E18EA5 
  98      70978B
  99 0465 70676A85 		.ascii	"pgj\205\273\202g\371\242\317p\237\343\341\246#\312|"
  99      BB8267F9 
  99      A2CF709F 
  99      E3E1A623 
  99      CA7C
 100 0477 84FB2AC2 		.ascii	"\204\373*\302]I{\360\015\277\277l\317\234\011a\236p"
 100      5D497BF0 
 100      0DBFBF6C 
 100      CF9C0961 
 100      9E70
 101 0489 77E6376F 		.ascii	"w\3467o\317\332Q\315lkqM\\\271\2753\226\305\207y\207"
 101      CFDA51CD 
 101      6C6B714D 
 101      5CB9BD33 
 101      96C58779 
 102 049e FBBA0C37 		.ascii	"\373\272\0147\021\331\015\265\031\225xD\321G\023\252"
 102      11D90DB5 
 102      19957844 
 102      D14713AA 
 103 04ae C2E56694 		.ascii	"\302\345f\224\3336\243|\327\304%\226}3n\312R\003t\213"
 103      DB36A37C 
 103      D7C42596 
 103      7D336ECA 
 103      5203748B 
 104 04c2 36E31B55 		.ascii	"6\343\033Uj\230\016\366O\015\033[%K\015\334m}\257;\262"
ARM GAS  C:\Users\8FEE~1\AppData\Local\Temp\ccZOuOJL.s 			page 8


 104      6A980EF6 
 104      4F0D1B5B 
 104      254B0DDC 
 104      6D7DAF3B 
 105 04d7 D400DD25 		.ascii	"\324\000\335%\257\301\252\324\360\032\342\300\253Z\226"
 105      AFC1AAD4 
 105      F01AE2C0 
 105      AB5A96
 106 04e6 1AB87BFA 		.ascii	"\032\270{\372^\367e\251\001z@^CT\251\341\365\255\003"
 106      5EF765A9 
 106      017A405E 
 106      4354A9E1 
 106      F5AD03
 107 04f9 AF87B2D4 		.ascii	"\257\207\262\324\300=\322\367z,K\015\320\023\362\372"
 107      C03DD2F7 
 107      7A2C4B0D 
 107      D013F2FA 
 108 0509 56951A5E 		.ascii	"V\225\032^C\035x\325\310R\003\367T\337\353\231,5@\265"
 108      431D78D5 
 108      C85203F7 
 108      54DFEB99 
 108      2C3540B5 
 109 051d E4355495 		.ascii	"\3445T\225\032^\303\034x\325\311R\003\3476\264\275\242"
 109      1A5EC31C 
 109      78D5C952 
 109      03E736B4 
 109      BDA2
 110 052f 0C516A80 		.ascii	"\014Qj\200\242\015\3565L\225\032^\3379\360\032g\210"
 110      A20DEE35 
 110      4C951A5E 
 110      DF39F01A 
 110      6788
 111 0541 520317A3 		.ascii	"R\003\027\243\3575\336\020\245\006h\002y}g\317\025\322"
 111      EF35DE10 
 111      A5066802 
 111      797D67CF 
 111      15D2
 112 0553 A24A5D21 		.ascii	"\242J]!K\275\331\257RO4\032\224:\247\351R\307\302\251"
 112      4BBDD9AF 
 112      524F341A 
 112      943AA7E9 
 112      52C7C2A9 
 113 0567 55E3A59E 		.ascii	"U\343\245\236d\210RO6\264K=\305\240R\317\315\217/\015"
 113      6488524F 
 113      36B44B3D 
 113      C5A052CF 
 113      CD8F2F0D 
 114 057b 17A59E49 		.ascii	"\027\245\236I\245\236jxJ\235\243U\352iF7z\274>J\375"
 114      A59E6A78 
 114      4A9DA355 
 114      EA694637 
 114      7ABC3E4A 
 115 0590 80979A8E 		.ascii	"\200\227\232\216\340\247n\264\324\323\015*\365\014\203"
 115      E0A76EB4 
 115      D4D30D2A 
 115      F50C83
 116 059f EFC16754 		.ascii	"\357\301gT\352#\033vGxJ=\220>\362\272O/\267\177\000"
ARM GAS  C:\Users\8FEE~1\AppData\Local\Temp\ccZOuOJL.s 			page 9


 116      EA231B76 
 116      47784A3D 
 116      903EF2BA 
 116      4F2FB77F 
 117 05b4 9F6978AE 		.ascii	"\237ix\256\334\244\242%\267B\275K=\313\020\245&\"\233"
 117      DCA4A225 
 117      B742BD4B 
 117      3DCB10A5 
 117      26229B
 118 05c7 AD3683B3 		.ascii	"\2556\203\263\351\351*OV\037\303\371\003\256\337\214"
 118      E9E92A4F 
 118      561FC3F9 
 118      03AEDF8C 
 119 05d7 95F7A666 		.ascii	"\225\367\246f\005\3337c\216!J\015\320\\\332\214\317"
 119      05DB3763 
 119      8E214A0D 
 119      D05CDA8C 
 119      CF
 120 05e8 54A961FA 		.ascii	"T\251a\372\271\177j\330\330y\206(5pq\372^\363\015Qj"
 120      B97F6AD8 
 120      D8798628 
 120      357071FA 
 120      5EF30D51 
 121 05fd 801690D7 		.ascii	"\200\026\220\327\347\252\324\360\372\302\201W\274!J"
 121      E7AAD4F0 
 121      FAC28157 
 121      BC214A
 122 060c 0DDC427D 		.ascii	"\015\334B}\257E\206(5@\213\311\353\013Ujx}\351\300+"
 122      AF458628 
 122      35408BC9 
 122      EB0B556A 
 122      787DE9C0 
 123 0621 C110A506 		.ascii	"\301\020\245\006n\211\276W\242!J\015P\022y}\251J\015"
 123      6E89BE57 
 123      A2214A0D 
 123      5012797D 
 123      A94A0D
 124 0634 AFAF1C78 		.ascii	"\257\257\034x\375e\210R\003\267T\337+\331\020\245\006"
 124      FD658852 
 124      03B754DF 
 124      2BD910A5 
 124      06
 125 0645 6819797D 		.ascii	"h\031y}\245J\015\257\257\035x-7D\251\201[\241\357\225"
 125      A54A0DAF 
 125      AF1D782D 
 125      3744A981 
 125      5BA1EF95 
 126 0659 224B0D50 		.ascii	"\"K\015P*y}\255J\015\257A\016\274\322d\251\201[\251"
 126      2A797DAD 
 126      4A0DAF41 
 126      0EBCD264 
 126      A9815BA9 
 127 066d EF952E4B 		.ascii	"\357\225.K\015\320*\362\032d\317\025\322\242J=M\334"
 127      0DD02AF2 
 127      1A64CF15 
 127      D2A24A3D 
 127      4DDC
ARM GAS  C:\Users\8FEE~1\AppData\Local\Temp\ccZOuOJL.s 			page 10


 128 067f 4A2AF3AB 		.ascii	"J*\363\253\324\031\015K]\321t\251W\303\251u\343\245"
 128      D4190D4B 
 128      5DD174A9 
 128      57C3A975 
 128      E3A5
 129 0691 CE94A55E 		.ascii	"\316\224\245^\243_\352\265(ul\372\334dS\224z\001\225"
 129      A35FEAB5 
 129      28756CFA 
 129      DC645394 
 129      7A0195
 130 06a4 7A9D2875 		.ascii	"z\235(u\205V\251\263x\2073|\226\27281\020G\254\365Q"
 130      8556A9B3 
 130      7887337C 
 130      96BA3831 
 130      1047ACF5 
 131 06b9 EAF52875 		.ascii	"\352\365(u6\355\301\373\374\376'Y\253+\305\347\324\245"
 131      36EDC1FB 
 131      FCFE2759 
 131      AB2BC5E7 
 131      D4A5
 132 06cb 745CC9FD 		.ascii	"t\\\311\375\254\312\000\333^l\020{q\255j]a\210w\252"
 132      ACCA00DB 
 132      5E6C107B 
 132      71AD6A5D 
 132      618877AA 
 133 06df 37CA5413 		.ascii	"7\312T\023\222mR\253\221\215\325X4\245\266,P\256\306"
 133      926D52AB 
 133      918DD558 
 133      34A5B62C 
 133      50AEC6
 134 06f2 3ADB6A1C 		.ascii	":\333j\034\255\3366#\320\276\032\233e\252\001\332B\253"
 134      ADDE3623 
 134      D0BE1A9B 
 134      65AA01DA 
 134      42AB
 135 0704 F1BE4A35 		.ascii	"\361\276J5T?\360O\015+\233#S\015\334V}\257\\\231j\200"
 135      543FF04F 
 135      0D2B9B23 
 135      530DDC56 
 135      7DAF5C99 
 136 071a B691D707 		.ascii	"\266\221\327\007*\325\360\372\320\201\327v\231j\340"
 136      2AD5F0FA 
 136      D081D776 
 136      996AE0
 137 0729 F2F4BD76 		.ascii	"\362\364\275v\310T\003\224O^\037\252T\303\353#\007^"
 137      C8540394 
 137      4F5E1FAA 
 137      54C3EB23 
 137      075E
 138 073b 3B65AA81 		.ascii	";e\252\201\333\245\357U S\015P!y}\244R\015\257\217\035"
 138      DBA5EF55 
 138      20530D50 
 138      21797DA4 
 138      520DAF8F 
 139 0750 78ED96A9 		.ascii	"x\355\226\251\006\256H\337k\217L5@{\311\353c\225jx}"
 139      06AE48DF 
 139      6B8F4C35 
ARM GAS  C:\Users\8FEE~1\AppData\Local\Temp\ccZOuOJL.s 			page 11


 139      407BC9EB 
 139      63956A78 
 140 0765 E2C06B9F 		.ascii	"\342\300k\237L5p\373\365\275\016\310T\003TL^\237\250"
 140      4C3570FB 
 140      F5BD0EC8 
 140      5403544C 
 140      5E9FA8
 141 0778 54C3EB53 		.ascii	"T\303\353S\007^\007e\252\201;\244\357uX\246\032\240"
 141      075E0765 
 141      AA813BA4 
 141      EF7558A6 
 141      1AA0
 142 078a 23E4F5A9 		.ascii	"#\344\365\251\275Wh\213Ju\226L\365\035\277R]\3220\325"
 142      BD57688B 
 142      4A75964C 
 142      F51DBF52 
 142      5DD230D5 
 143 079e D54DA7BA 		.ascii	"\325M\247\272\024Nm\032O\365Q\231\352c\372\251>\216"
 143      144E6D1A 
 143      4FF55199 
 143      EA63FAA9 
 143      3E8E
 144 07b0 549FCE3C 		.ascii	"T\237\316<p=H\244:\211R}B\244\272Z+\325'y\210K|\246"
 144      703D48A4 
 144      3A89527D 
 144      42A4BA5A 
 144      2BD52779 
 145 07c8 BA9CA79A 		.ascii	"\272\234\247\232\2168\356#"
 145      8E38EE23 
 146 07d0 D5A790EA 		.ascii	"\325\247\220\352\323\264\007\375\370\375\027\243\016"
 146      D3B407FD 
 146      F8FD17A3 
 146      0E
 147 07dd 5E0DF5A4 		.ascii	"^\015\365\244\3726\256\302\332e%A\266\2758#\367\242"
 147      FA36AEC2 
 147      DA652541 
 147      B6BD3823 
 147      F7A2
 148 07ef 72F59540 		.ascii	"r\365\225@\357T\237\225\251&$;\247V\3434V\343R\321\344"
 148      EF549F95 
 148      A926243B 
 148      A756E334 
 148      56E352D1 
 149 0804 FA2FB74E 		.ascii	"\372/\267N\3306c\307\364\253+\302\275^\030\223\245\006"
 149      D83663C7 
 149      F4AB2BC2 
 149      BD5E1893 
 149      A506
 150 0816 E7026D46 		.ascii	"\347\002mF?Uj\230\276\343\237\0316\366\242,5p\227\264"
 150      3F556A98 
 150      BEE39F19 
 150      36F6A22C 
 150      357097B4 
 151 082a B52ECB50 		.ascii	"\265.\313P\203s\205\264\336Q\241\206\326\273\016\264"
 151      837385B4 
 151      DE51A186 
 151      D6BB0EB4 
ARM GAS  C:\Users\8FEE~1\AppData\Local\Temp\ccZOuOJL.s 			page 12


 152 083a CA64A881 		.ascii	"\312d\250\201+\327\326\252\220\235\006\347*i\275\253"
 152      2BD7D6AA 
 152      909D06E7 
 152      2A69BDAB 
 153 084a 3A0DADFE 		.ascii	":\015\255\376\016\264*e\247\201\273\246\255u]f\032\234"
 153      0EB42A65 
 153      A781BBA6 
 153      AD755D66 
 153      1A9C
 154 085c 1BA4D55F 		.ascii	"\033\244\325_e\032Z\003\034h\335\224\231\006\356\226"
 154      651A5A03 
 154      1C68DD94 
 154      9906EE96 
 155 086c B65695AC 		.ascii	"\266V\225\25448\267Ik\200\2524\264\006:\320\272#+\015"
 155      3438B749 
 155      6B80AA34 
 155      B4063AD0 
 155      BA232B0D 
 156 0880 DC5D6DAD 		.ascii	"\334]m\255j\031ip\356\221\326@\025ih\275\347@\353\276"
 156      6A196970 
 156      EE91D640 
 156      156968BD 
 156      E740EBBE 
 157 0894 8C34700F 		.ascii	"\2144p\017\264\265\036\312F\203\363\210\264\336\263"
 157      B4B51ECA 
 157      4683F388 
 157      B4DEB3
 158 08a3 870A5151 		.ascii	"\207\012QQ\215>)\033\375\314\257F?n\330\350\272\246"
 158      8D3E291B 
 158      FDCCAF46 
 158      3F6ED8E8 
 158      BAA6
 159 08b5 1BFD044E 		.ascii	"\033\375\004Nm\033ot\215l\364S\375F?C\243\017\245T\304"
 159      6D1B6F74 
 159      8D6CF453 
 159      FD463F43 
 159      A30FA554 
 160 08ca 068846A7 		.ascii	"\006\210F\247R\243kE\243\353\264\032]\307\013\374\330"
 160      52A36B45 
 160      A3EBB41A 
 160      5DC70BFC 
 160      D8
 161 08db 67A36B79 		.ascii	"g\243ky\243\351\210g>\032\3556\251\321Q\364]\3427\371"
 161      A3E98867 
 161      3E1AED36 
 161      A9D151F4 
 161      5DE237F9 
 162 08ef FDAB1FAE 		.ascii	"\375\253\037\256\330\303<\215\236\312\350\321\345\026"
 162      D8C33C8D 
 162      9ECAE8D1 
 162      E516
 163 08fd BA9BDBD6 		.ascii	"\272\233\333\326\"\332\364\\\272\312\344\331\031\317"
 163      22DAF45C 
 163      BACAE4D9 
 163      19CF
 164 090b BDF231CE 		.ascii	"\275\3621\316\024\215&$\2131\3537\203\303\351\245\257"
 164      148D2624 
ARM GAS  C:\Users\8FEE~1\AppData\Local\Temp\ccZOuOJL.s 			page 13


 164      8B31EB37 
 164      83C3E9A5 
 164      AF
 165 091c 59296783 		.ascii	"Y)g\203\345j\324\332V\343\356\235\343\007\202\274^\023"
 165      E56AD4DA 
 165      56E3EE9D 
 165      E30782BC 
 165      5E13
 166 092e 3345A401 		.ascii	"3E\244\001\232`\362\325xSE\032\252o\371\247\206\215"
 166      9A60F2D5 
 166      7853451A 
 166      AA6FF9A7 
 166      868D
 167 0940 9D688A48 		.ascii	"\235h\212H\003\027\253\3575\311\024\225\006h2y\275\245"
 167      0317ABEF 
 167      35C91495 
 167      06683279 
 167      BDA5
 168 0952 2A0DAFDE 		.ascii	"*\015\257\336\016\274\246\230\242\322\300M\325\367\232"
 168      0EBCA698 
 168      A2D2C04D 
 168      D5F79A
 169 0961 668A4C03 		.ascii	"f\212L\0034\235\274z\253L\303+\322\201\327\014Sd\032"
 169      349DBC7A 
 169      AB4CC32B 
 169      D281D70C 
 169      53641A
 170 0974 B899FA5E 		.ascii	"\270\231\372^\263L\321i\200f\223W\244\3524\274\336v"
 170      B34CD169 
 170      80669357 
 170      A4EA34BC 
 170      DE76
 171 0986 E035C714 		.ascii	"\3405\307\024\235\006n\256\276\327<S\204\032\2408\362"
 171      9D066EAE 
 171      BED73C53 
 171      841AA038 
 171      F2
 172 0997 7A5B851A 		.ascii	"z[\205\032^}\034x\3157E\250\201[\240\357\025o\212R\003"
 172      5E7D1C78 
 172      CD3745A8 
 172      815BA0EF 
 172      156F8A52 
 173 09ac B490BCFA 		.ascii	"\264\220\274\372\250R\303\253\257\003\257E\246(5p\213"
 173      A852C3AB 
 173      AF03AF45 
 173      A6283570 
 173      8B
 174 09bd F5BD124C 		.ascii	"\365\275\022L\221j\200\226\220W_{\257\320\026\225\352"
 174      916A8096 
 174      90575F7B 
 174      AFD01695 
 174      EA
 175 09ce 3A99EAB4 		.ascii	":\231\352\2646\376\244:\321l\220\352\364\271M\246:\011"
 175      36FEA43A 
 175      D16C90EA 
 175      F4B94DA6 
 175      3A09
ARM GAS  C:\Users\8FEE~1\AppData\Local\Temp\ccZOuOJL.s 			page 14


 176 09e0 4EED1A4F 		.ascii	"N\355\032O\365_\246H\365RS;\325\311&\245z\316\375\224"
 176      F55FA648 
 176      F552533B 
 176      D5C926A5 
 176      7ACEFD94 
 177 09f4 8B32D56B 		.ascii	"\2132\325k(\325\313LO\252\323\347\352\244z\271\331\215"
 177      28D5CB4C 
 177      4FAAD3E7 
 177      EAA47AB9 
 177      D98D
 178 0a06 1EAF8F54 		.ascii	"\036\257\217T\037K\015\304\021\374\324\215\246z\005"
 178      1F4B0DC4 
 178      11FCD48D 
 178      A67A05
 179 0a15 529D427B 		.ascii	"R\235B{@neuu\246\247\324\251T\352\307\367\017\255\011"
 179      406E6575 
 179      75A6A7D4 
 179      A954EAC7 
 179      F70FAD09 
 180 0a29 B1AD45AA 		.ascii	"\261\255E\252X\213\247\013\317\037k\346]\3524Yj\"\262"
 180      588BA70B 
 180      CF1F6BE6 
 180      5DEA3459 
 180      6A22B2
 181 0a3c 956A3352 		.ascii	"\225j3R\260\031\271\263\2636\324\277&\306\037p\375f"
 181      B019B9B3 
 181      B336D4BF 
 181      26C61F70 
 181      FD66
 182 0a4e 24DF5D95 		.ascii	"$\337]\225\343\365\205V\272,5@\253h3\272\251R\303\364"
 182      E3F58556 
 182      BA2C3540 
 182      AB6833BA 
 182      A952C3F4 
 183 0a62 75FFD4B0 		.ascii	"u\377\324\260\261\031\262\324\300\255\326\367\312\224"
 183      B119B2D4 
 183      C0ADD6F7 
 183      CA94
 184 0a70 A506680D 		.ascii	"\245\006h\015y\275\256J\015\257\356\016\274\326\312"
 184      79BDAE4A 
 184      0DAFEE0E 
 184      BCD6CA
 185 0a7f 5203B74E 		.ascii	"R\003\267N\337+K\226\032\240\365\344\325]\225\032^o"
 185      DF2B4B96 
 185      1AA0F5E4 
 185      D55D951A 
 185      5E6F
 186 0a91 38F0CA96 		.ascii	"8\360\312\226\245\006n\203\276\327FYj\2006\221\327\033"
 186      A5066E83 
 186      BED74659 
 186      6A803691 
 186      D71B
 187 0aa3 AAD4F0EA 		.ascii	"\252\324\360\352\341\300k\263,5p[\364\275rd\251\001"
 187      E1C06BB3 
 187      2C35705B 
 187      F4BD7264 
 187      A901
ARM GAS  C:\Users\8FEE~1\AppData\Local\Temp\ccZOuOJL.s 			page 15


 188 0ab5 DA4A5E3D 		.ascii	"\332J^=T\251\341\325\323\201W\256,5p\333\364\275\266"
 188      54A9E1D5 
 188      D38157AE 
 188      2C3570DB 
 188      F4BDB6
 189 0ac8 CB520394 		.ascii	"\313R\003\224G^=U\251\341\325\313\201\327\016Yj\340"
 189      475E3D55 
 189      A9E1D5CB 
 189      81D70E59 
 189      6AE0
 190 0ada F2F5BD76 		.ascii	"\362\365\275v\312R\003\264\213\274z\331s\205\264\250"
 190      CA5203B4 
 190      8BBC7AD9 
 190      7385B4A8 
 191 0aea 522F17B7 		.ascii	"R/\027\267\222\262\375*uA\303Rol\272\324\205pj\337x"
 191      92B2FD2A 
 191      7541C352 
 191      6F6CBAD4 
 191      85706ADF 
 192 0aff A977CB52 		.ascii	"\251w\313R\027\351\227z\017jX\260>\275T\226z\023\225"
 192      17E9977A 
 192      0F6A58B0 
 192      3EBD5496 
 192      7A1395
 193 0b12 7AAF28F5 		.ascii	"z\257(\365F\255R\357\343\035.\360Y\352[\274\324t\304"
 193      46AD52EF 
 193      E31D2EF0 
 193      59EA5BBC 
 193      D474C4
 194 0b25 1E1FA5DE 		.ascii	"\036\037\245\336\217R\037\240=x\211^\240J\217\312\012"
 194      8F521FA0 
 194      3D78895E 
 194      A04A8FCA 
 194      0A
 195 0b36 F2A47A17 		.ascii	"\362\244z\027\245\372\301\343g\275lkQ,\326\"1{2\377"
 195      A5FAC1E3 
 195      67BD6C6B 
 195      512CD622 
 195      317B32FF 
 196 0b4a 62D6ABD4 		.ascii	"b\326\253\324\007e\251\211\310\016\251\3158\200\315"
 196      0765A989 
 196      C80EA9CD 
 196      3880CD
 197 0b59 B851935B 		.ascii	"\270Q\223[Y\377\222\330^\333f\214[]Z\341\365}\346\303"
 197      59FF92D8 
 197      5EDB668C 
 197      5B5D5AE1 
 197      F57DE6C3 
 198 0b6d B2D4001D 		.ascii	"\262\324\000\035\241\315xI\225\032\246/\373e\206\205"
 198      A1CD7849 
 198      951AA62F 
 198      FB658685 
 199 0b7d 2D91A106 		.ascii	"-\221\241\006\255T_\353\250\0145@\307H\353e\025jhu\361"
 199      AD545FEB 
 199      A80C3540 
 199      C748EB65 
 199      156A6875 
ARM GAS  C:\Users\8FEE~1\AppData\Local\Temp\ccZOuOJL.s 			page 16


 200 0b92 5FEBB8EC 		.ascii	"_\353\270\3544h'\364\265N\312N\003t\212\264\272\250"
 200      346827F4 
 200      B54ECA4E 
 200      03748AB4 
 200      BAA8
 201 0ba4 4E43EB15 		.ascii	"NC\353\025\377\265N\313L\203vF_\353\254\3144@\347H\353"
 201      FFB54ECB 
 201      4C837646 
 201      5FEBACCC 
 201      3440E748 
 202 0bb9 15956968 		.ascii	"\025\225ih\275\352\277\326yYi\320.\350k]\224\225\006"
 202      BDEABFD6 
 202      795969D0 
 202      2EE86B5D 
 202      949506
 203 0bcc E81269BD 		.ascii	"\350\022i\275\252*\015\255\327\374\327\272,#\015\332"
 203      AA2A0DAD 
 203      D7FCD7BA 
 203      2C230DDA 
 204 0bdc 157DAD32 		.ascii	"\025}\2552\031i\200\312I\3535\025ihu\365_\253B6\032"
 204      196980CA 
 204      49EB3515 
 204      696875F5 
 204      5FAB4236 
 205 0bf1 B4ABFA5A 		.ascii	"\264\253\372Z\225\262\321\000]#\255\256\366P!*\252\321"
 205      95B2D100 
 205      5D23ADAE 
 205      F650212A 
 205      AAD1
 206 0c03 FB64A32F 		.ascii	"\373d\243/\372\325\350\353\015\033}\271\351F\337\200"
 206      FAD5E8EB 
 206      0D1B7DB9 
 206      E946DF80 
 207 0c13 5387C61B 		.ascii	"S\207\306\033}S6\372\226~\243\253\320\350'e\005S\344"
 207      7D5336FA 
 207      967EA3AB 
 207      D0E82765 
 207      0553E4
 208 0c26 8BD379D4 		.ascii	"\213\323y\324\350\333\242\321\227\265\032}\207\027\370"
 208      E8DBA2D1 
 208      97B51A7D 
 208      8717F8
 209 0c35 BACF4617 		.ascii	"\272\317F\027\246\005\342\210*\037\215\276\213FW\323"
 209      A605E288 
 209      2A1F8DBE 
 209      8B4657D3 
 210 0c45 1AB4E7F7 		.ascii	"\032\264\347\367\037+\315\375K\274\360q\201\032]\222"
 210      1F2BCDFD 
 210      4BBCF071 
 210      811A5D92 
 211 0c55 B39F3EBB 		.ascii	"\263\237>\273\255\337\213{b/\346g\236\212z\356\323\351"
 211      ADDF8B7B 
 211      622FE667 
 211      9E8A7AEE 
 211      D3E9
 212 0c67 FB32D284 		.ascii	"\3732\322\204d\017\324jTc5\346=\275B\257\345yV\343\266"
 212      640FD46A 
ARM GAS  C:\Users\8FEE~1\AppData\Local\Temp\ccZOuOJL.s 			page 17


 212      546335E6 
 212      3DBD42AF 
 212      E57956E3 
 213 0c7c 6D356A62 		.ascii	"m5jb/\304x}\241\365PF\032\240G\264\032\355U\244\241"
 213      2FC4787D 
 213      A1F55046 
 213      1AA047B4 
 213      1AED55A4 
 214 0c91 DAC13F35 		.ascii	"\332\301?5\254\354cYi\340\236\350{\325\310J\003\364"
 214      ACEC6359 
 214      69E09EE8 
 214      7BD5C84A 
 214      03F4
 215 0ca3 94BC3AA8 		.ascii	"\224\274:\250J\303\253\243\003\257g2\323\300\325\352"
 215      4AC3ABA3 
 215      03AF6732 
 215      D3C0D5EA 
 216 0cb3 7BD5C94C 		.ascii	"{\325\311L\003\344\266\270WG\225ixur\340\025e\211N\003"
 216      03E4B6B8 
 216      57479569 
 216      787572E0 
 216      1565894E 
 217 0cc8 176D697B 		.ascii	"\027mi{\215\263D\247\001\212!\257N\252\323\360z\301"
 217      8DB344A7 
 217      018A21AF 
 217      4EAAD3F0 
 217      7AC1
 218 0cda 81D7784B 		.ascii	"\201\327xK\204\032\270\011\372^\023-\021j\200b\311\353"
 218      841AB809 
 218      FA5E132D 
 218      116A8062 
 218      C9EB
 219 0cec 05156A78 		.ascii	"\005\025jxuv\3405\311\022\245\006n\262\276\327\024K"
 219      7576E035 
 219      C912A506 
 219      6EB2BED7 
 219      144B
 220 0cfe 941AA0A9 		.ascii	"\224\032\240\251\344\325Y\225\032^/:\360\232f\211T\003"
 220      E4D55995 
 220      1A5E2F3A 
 220      F09A6689 
 220      5403
 221 0d10 375DDF6B 		.ascii	"7]\337k\206%R\015\320L\362z\321\336+\264E\245\372\216"
 221      8625520D 
 221      D04CF27A 
 221      D1DE2BB4 
 221      45A5FA8E 
 222 0d24 4CF54DBF 		.ascii	"L\365M\277R=\313j\220\352\252\246S=\033N\035\033O\365"
 222      523DCB6A 
 222      90EAAAA6 
 222      533D1B4E 
 222      1D1B4FF5 
 223 0d38 1C4BA47A 		.ascii	"\034K\244z\256\245\235\352y\026\245z\326\205\204\277"
 223      AEA59DEA 
 223      7916A57A 
 223      D68584BF 
 224 0d48 8B521751 		.ascii	"\213R\027Q\251\343,O\251\253\264J=\337\352F\017\327"
ARM GAS  C:\Users\8FEE~1\AppData\Local\Temp\ccZOuOJL.s 			page 18


 224      A9E32C4F 
 224      A9ABB44A 
 224      3DDFEA46 
 224      0FD7
 225 0d5a D7BFA2E6 		.ascii	"\327\277\242\346\245\246#\370\231\033-\365\002\213J"
 225      A5A623F8 
 225      991B2DF5 
 225      028B4A
 226 0d69 1D6FF135 		.ascii	"\035o\3615h\301\357\277\267j\315\304`O\251\237R\251"
 226      68C1EFBF 
 226      B76ACDC4 
 226      604FA99F 
 226      52A9
 227 0d7b 77461FAB 		.ascii	"wF\037\253\260lk\261\320\362\\\271}'\267m\262\274K\275"
 227      B06C6BB1 
 227      D0F25CB9 
 227      7D27B76D 
 227      B2BC4BBD 
 228 0d8f C812A526 		.ascii	"\310\022\245&$[\2546\203\303\371{\254\217^\266\244\376"
 228      245BAC36 
 228      83C3F97B 
 228      AC8F5EB6 
 228      A4FE
 229 0da1 2531FE88 		.ascii	"%1\376\210\3537#\275\270\350\252\327?\006J\260D\251"
 229      EB3723BD 
 229      B8E8AAD7 
 229      3F064AB0 
 229      44A9
 230 0db3 015A429B 		.ascii	"\001ZB\233\321B\225\032\252-\375S\303\306&Z\242\324"
 230      D142951A 
 230      AA2DFD53 
 230      C3C6265A 
 230      A2D4
 231 0dc5 C025E97B 		.ascii	"\300%\351{\375e\211R\003\264\224\274Z\252R\303\253\225"
 231      FD658952 
 231      03B494BC 
 231      5AAA52C3 
 231      AB95
 232 0dd7 03AF644B 		.ascii	"\003\257dK\224\032\270e\372^\313-Qj\200V\220W+Ujx\265"
 232      941AB865 
 232      FA5ECB2D 
 232      516A8056 
 232      90572B55 
 233 0dee 76E09522 		.ascii	"v\340\225\"K\015\\\252\276W\232,5@+\311\253\265*5\274"
 233      4B0D5CAA 
 233      BE579A2C 
 233      35402BC9 
 233      ABB52A35 
 234 0e03 DA38F04A 		.ascii	"\3328\360J\227\245\006n\225\276W\206,5@\253\311\253"
 234      97A5066E 
 234      95BE5786 
 234      2C3540AB 
 234      C9AB
 235 0e15 8D2A35BC 		.ascii	"\215*5\274\332:\360\312\224\245\006n\215\276\327ZYj"
 235      DA3AF0CA 
 235      94A5066E 
 235      8DBED75A 
ARM GAS  C:\Users\8FEE~1\AppData\Local\Temp\ccZOuOJL.s 			page 19


 235      596A
 236 0e27 80D69157 		.ascii	"\200\326\221W[Ujx\265s\340\225%K\015\334z}\257lYj\200"
 236      5B556A78 
 236      B573E095 
 236      254B0DDC 
 236      7A7DAF6C 
 237 0e3e 3690573B 		.ascii	"6\220W;{\257\320\026U\352\371\342V\322c\277J\275\261"
 237      7BAFD016 
 237      55EAF9E2 
 237      56D263BF 
 237      4ABDB1
 238 0e51 61A96B9A 		.ascii	"a\251k\232.\365&8uj\274\324\233e\251\267\350\227:\007"
 238      2EF52638 
 238      756ABCD4 
 238      9B65A9B7 
 238      E8973A07 
 239 0e65 A58EDF38 		.ascii	"\245\216\3378\2770P\244\372\020\245z\253Hu\215V\252"
 239      BF3050A4 
 239      FA10A57A 
 239      AB48758D 
 239      56AA
 240 0e77 73798837 		.ascii	"sy\2107\372L\365\003\236j:\"\307G\252\267!\325\333i"
 240      FA4CF503 
 240      9E6A3A22 
 240      C747AAB7 
 240      21D5DB69 
 241 0e8b 0F82F9FD 		.ascii	"\017\202\371\375\013\242g\314\266<\251^@\377yv\372\276"
 241      0BA267CC 
 241      B63CA95E 
 241      40FF7976 
 241      FABE
 242 0e9d C2A3F66F 		.ascii	"\302\243\366o2\347\211\2758{9\256\350\271O\252w\310"
 242      32E789BD 
 242      387B39AE 
 242      E8B94FAA 
 242      77C8
 243 0eaf 541392E5 		.ascii	"T\023\222\345\253\325\330\216\325H\310\274{\260\376"
 243      ABD5D88E 
 243      D548C8BC 
 243      7BB0FE
 244 0ebe 1BCD5B6D 		.ascii	"\033\315[m\253\261\270\340\322\016\357\327\304d\252"
 244      ABB1B8E0 
 244      D20EEFD7 
 244      C464AA
 245 0ecd 01DA45AB 		.ascii	"\001\332E\253\021\254R\015\325\020\377\324\260\262\005"
 245      11AC520D 
 245      D510FFD4 
 245      B0B205
 246 0edc 32D5C015 		.ascii	"2\325\300\025\352{\355\226\251\006\250\210\274BT\252"
 246      EA7BED96 
 246      A906A888 
 246      BC4254AA 
 247 0eec E115EAC0 		.ascii	"\341\025\352\300k\217L5p{\365\275\366\311T\003\264\237"
 247      6B8F4C35 
 247      707BF5BD 
 247      F6C95403 
 247      B49F
ARM GAS  C:\Users\8FEE~1\AppData\Local\Temp\ccZOuOJL.s 			page 20


 248 0efe BC4255AA 		.ascii	"\274BU\252\341\025\346\300\353\200L5p\305\372^\007e"
 248      E115E6C0 
 248      EB804C35 
 248      70C5FA5E 
 248      0765
 249 0f10 AA013A44 		.ascii	"\252\001:D^a*\325\360\012w\340uX\246\032\270#\372^%"
 249      5E612AD5 
 249      F00A77E0 
 249      7558A61A 
 249      B823FA5E 
 250 0f25 32D50095 		.ascii	"2\325\000\225\222W\270J5\274\"\034x\035\225\251\006"
 250      9257B84A 
 250      35BC221C 
 250      781D95A9 
 250      06
 251 0f36 EE98BED7 		.ascii	"\356\230\276\327q\231j\200N\220W\204J5\274\232;\360"
 251      71996A80 
 251      4E905784 
 251      4A35BC9A 
 251      3BF0
 252 0f48 3A29530D 		.ascii	":)S\015\334)}\257\3232\325\000\235!\257\346\366^\241"
 252      DC297DAF 
 252      D332D500 
 252      9D21AFE6 
 252      F65EA1
 253 0f5b 2D2AD5B9 		.ascii	"-*\325\271t\353&\375\327\305y\370\377\354\250\324d\236"
 253      74EB26FD 
 253      D7C579F8 
 253      FFECA8D4 
 253      649E
 254 0f6d 9D99C52E 		.ascii	"\235\231\305.\303\345\372\250w\357H\376\363\227\337"
 254      C3E5FAA8 
 254      77EF48FE 
 254      F397DF
 255 0f7c 47FD3C6A 		.ascii	"G\375<j\364\237}\006\364\217\034\375g\344\357\377\370"
 255      F49F7D06 
 255      F48F1CFD 
 255      67E4EFFF 
 255      F8
 256 0f8d 2372CCE8 		.ascii	"#r\314\350\177\377\347\317\310\021#\207\365\353\033"
 256      7FFFE7CF 
 256      C8112387 
 256      F5EB1B
 257 0f9c 3974E897 		.ascii	"9t\350\227"
 258 0fa0 9183BE1F 		.ascii	"\221\203\276\037<\374\277}\351M\177\033\303\177\375"
 258      3CFCBF7D 
 258      E94D7F1B 
 258      C37FFD
 259 0faf F1C73F7B 		.ascii	"\361\307?{\377\342\012\374e\364\277~\035\365[\300oc"
 259      FFE20AFC 
 259      65F4BF7E 
 259      1DF55BC0 
 259      6F63
 260 0fc1 468D1EF3 		.ascii	"F\215\036\363?\032\035\014\264"
 260      3F1A1D0C 
 260      B4
 261              		.text
ARM GAS  C:\Users\8FEE~1\AppData\Local\Temp\ccZOuOJL.s 			page 21


 262              		.section	.gnu.lto__pal_lld_setgroupmode.7bb9cfb3,"",%progbits
 263 0000 789CA557 		.ascii	"x\234\245W{P\224\327\025\277\347\273\337>Xv\301Gj\210"
 263      7B5094D7 
 263      15BFE7BB 
 263      DF3E5876 
 263      C1476A88 
 264 0014 12431229 		.ascii	"\022C\022)\321 \253\230(c\254:\211\216\217\001\301\246"
 264      D120AB98 
 264      2863AC3A 
 264      898E8F01 
 264      C1A6
 265 0026 7FE4AFB6 		.ascii	"\177\344\257\266&\332\321\011\024\006h\246\235q\232"
 265      26DAD109 
 265      140668A6 
 265      9D719A
 266 0035 15704545 		.ascii	"\025pEEc\343+:a\260m\014\321\010B\300\004\254\266\010"
 266      63E32B3A 
 266      61B06D0C 
 266      D10842C0 
 266      04ACB608 
 267 0049 28620286 		.ascii	"(b\002\206h\232\0001\021\037(\032\252\202V$<z\316\271"
 267      689A0031 
 267      111F281A 
 267      AA825624 
 267      3C7ACEB9 
 268 005d DFB2BB48 		.ascii	"\337\262\273H\307a`\374\216\367;\367\367;\367\374\356"
 268      C76160FC 
 268      8EF73BF7 
 268      F73BF7FC 
 268      EE
 269 006e 3DF77E77 		.ascii	"=\367~wMB\023o\216\021\"K\010q\004\037\010\026\240m"
 269      4D42136F 
 269      8E11224B 
 269      0871041F 
 269      0816A06D 
 270 0082 AB17629D 		.ascii	"\253\027b\235U\003\251\032R\323\263#\204\313f'k\327"
 270      5503A91A 
 270      52D3B323 
 270      84CB6627 
 270      6BD7
 271 0094 35D3ED9F 		.ascii	"5\323\355\237\341[\300\276\030|3if\356\263p\237\031"
 271      E15BC0BE 
 271      187C3369 
 271      66EEB370 
 271      9F19
 272 00a6 AC8A62F1 		.ascii	"\254\212b\3614\254`W\215\000\315\306\300@\006\332<\356"
 272      34AC6057 
 272      8D00CDC6 
 272      C04006DA 
 272      3CEE
 273 00b8 404FC3AE 		.ascii	"@O\303\256\005eY\260\337\221S#\020\340P\203\237\260"
 273      056559B0 
 273      DF915323 
 273      10E05083 
 273      9FB0
 274 00ca 060150C3 		.ascii	"\006\001P\303e\005\361\266&u\223\331b\015\260\005\332"
 274      6505F1B6 
ARM GAS  C:\Users\8FEE~1\AppData\Local\Temp\ccZOuOJL.s 			page 22


 274      267593D9 
 274      620DB005 
 274      DA
 275 00db 1D4180AF 		.ascii	"\035A\200\257B\375\275#wK\250\334\320Z\256M\316w\341"
 275      42FDBD23 
 275      774BA8DC 
 275      D05AAE4D 
 275      CE77E1
 276 00ee 5FC5EE3E 		.ascii	"_\305\356>\233\333\265>$\017\001{\014\020\344\303dD"
 276      9BDBB53E 
 276      240F017B 
 276      0C10E4C3 
 276      6444
 277 0100 356415BD 		.ascii	"5d\025\275/\267\312<\011\240\343\353\235\272\275\227"
 277      2FB7CA3C 
 277      09A0E3EB 
 277      9DBABD97 
 278 0110 83E85583 		.ascii	"\203\350U\2030|\255\252\357/\263\311\371 \260\235\361"
 278      307CADAA 
 278      EF2FB3C9 
 278      F920B09D 
 278      F1
 279 0121 B73DD58E 		.ascii	"\267=\325\216\210\375.W\206\253\242g\207tM\312\223\022"
 279      88FD2E57 
 279      86ABA267 
 279      87744DCA 
 279      9312
 280 0133 0E82C480 		.ascii	"\016\202\304\200p\000B\341#\010\025\350\022\3601D \274"
 280      700042E1 
 280      230815E8 
 280      12F03144 
 280      20BC
 281 0145 FFC3A28D 		.ascii	"\377\303\242\215V\271\220\251\017v\236\316\005\203z"
 281      56B990A9 
 281      0F769ECE 
 281      05837A
 282 0154 EAD0989D 		.ascii	"\352\320\230\235\231\256\305yR\207C\203\311\272\200"
 282      99AEC579 
 282      52874383 
 282      C9BA80
 283 0163 02267796 		.ascii	"\002&w\226\354\337\036(\2272\371\363\255\307_3\270\365"
 283      ECDF1E28 
 283      9732F9F3 
 283      ADC75F33 
 283      B8F5
 284 0175 87C6EF60 		.ascii	"\207\306\357`\256\011\012\007sM\002\016C\004\021r\326"
 284      AE090A07 
 284      734D020E 
 284      43041172 
 284      D6
 285 0186 1DB82865 		.ascii	"\035\270(e<\223\257\236\273|\035\302\377\256F.\010\371"
 285      3C93AF9E 
 285      BB7C1DC2 
 285      FFAE462E 
 285      08F9
 286 0198 4BA6EBB4 		.ascii	"K\246\353\264K\317\223f(\362\347\323\037\302\017\364"
 286      4BCF9366 
ARM GAS  C:\Users\8FEE~1\AppData\Local\Temp\ccZOuOJL.s 			page 23


 286      28F2E7D3 
 286      1FC20FF4 
 287 01a8 9F7DD72A 		.ascii	"\237}\327*_e\352O_\366\270\255\006\265;r\217\253\"+"
 287      5F65EA4F 
 287      5FF6B8AD 
 287      06B53B72 
 287      8FAB222B 
 288 01bc 8C889F0C 		.ascii	"\214\210\237\014I\274\265\375d\235&_c\342\326\274\272"
 288      49BCB5FD 
 288      649D265F 
 288      63E2D6BC 
 288      BA
 289 01cd 962083D8 		.ascii	"\226 \203\330\341%\226\016Il\3756s\217Y\376\232\211"
 289      E125960E 
 289      496CFD36 
 289      738F59FE 
 289      9A89
 290 01df 37B6969E 		.ascii	"7\266\226\236\263\031\304\033^\342\247C\022\267\365"
 290      B319C41B 
 290      5EE2A743 
 290      12B7F5
 291 01ee 36BACCF2 		.ascii	"6\272\314\362wLl\350,9\250\033\304K^b\331\220\304-\267"
 291      774C6CE8 
 291      2C39A81B 
 291      C44B5E62 
 291      D990C42D 
 292 0203 BAFEAACB 		.ascii	"\272\376\252\313$&\326|\327p\335\223j\223\227xtH\342"
 292      2426D67C 
 292      D770DD93 
 292      6A939778 
 292      7448E2
 293 0216 A5E2BE9D 		.ascii	"\245\342\276\235\016\263\016\377\200p(\307\3473|\216"
 293      0EB30EFF 
 293      807028C7 
 293      E7337C8E 
 294 0226 E053824F 		.ascii	"\340S\202O1\204\253\312\202c`\006!l\377\017\205qz\333"
 294      3184ABCA 
 294      82636006 
 294      216CFF0F 
 294      85717ADB 
 295 023a 8A3FB6C9 		.ascii	"\212?\266\3114N\340\303c\275[<\011|_0\352\335\201\365"
 295      344EE0C3 
 295      63BD5B3C 
 295      097C5F30 
 295      EADD81F5 
 296 024e 39FE700A 		.ascii	"9\376p\012\360O\246\357lk-\326\345Z\246w\364\235\372"
 296      F04FA6EF 
 296      6C6B2DD6 
 296      E55AA677 
 296      F49DFA
 297 0261 C1B3BCE7 		.ascii	"\301\263\274\347\267K\327\007.\215\310\377\032\202\\"
 297      B74BD707 
 297      2E8DC8FF 
 297      1A825C
 298 0270 C1E42D37 		.ascii	"\301\344-7\337\331\014\362m&_s\337\314\264\033\344\273"
 298      DFD90CF2 
 298      6D265F73 
ARM GAS  C:\Users\8FEE~1\AppData\Local\Temp\ccZOuOJL.s 			page 24


 298      DFCCB41B 
 298      E4BB
 299 0282 5EF28921 		.ascii	"^\362\211!\310\225L\316i\331\227\037 3\200\331\233\312"
 299      C8954CCE 
 299      69D9971F 
 299      203380D9 
 299      9BCA
 300 0294 AEFCDC33 		.ascii	"\256\374\3343\362\216\001r\325\020\344j\010?\374\025"
 300      F28E0172 
 300      D510E46A 
 300      083FFC15 
 301 02a4 54B8FAFA 		.ascii	"T\270\372\3727`\011G6\227\236\037\373K\340J\327\004"
 301      37600947 
 301      36979E1F 
 301      FB4BE04A 
 301      D704
 302 02b6 4D13E271 		.ascii	"M\023\342q\242\260\366q\252\260\212q\262\314\202\246"
 302      A2B0F671 
 302      AAB08A71 
 302      B2CC82A6 
 303 02c6 CA0654D1 		.ascii	"\312\006T\321\201\214\261c\205[\034\014\014\242f0\243"
 303      818CB163 
 303      855B1C0C 
 303      0CA26630 
 303      A3
 304 02d7 47517334 		.ascii	"GQs4S\306Ps\254\240i~\014(\3668r<N&\204\314\023<}\343"
 304      53C65073 
 304      ACA0697E 
 304      0C28F638 
 304      723C4E26 
 305 02f1 B1699DC0 		.ascii	"\261i\235\300\223A{\306\362$\275Od}OQ3\214\263}\032"
 305      93417BC6 
 305      F224BD4F 
 305      647D4F51 
 305      338CB37D 
 306 0306 680F3F43 		.ascii	"h\017?C\200g\311L\"\023N&\202\314sd&\223\231B&\222\314"
 306      8067C94C 
 306      22134E26 
 306      82CC7364 
 306      26939942 
 307 031d 54325164 		.ascii	"T2Qd\246\221\231N&\232\314\0142/\222\231If\026\231\030"
 307      A691994E 
 307      269ACC0C 
 307      322F9299 
 307      49661699 
 308 0332 32B3C9BC 		.ascii	"2\263\311\274Df\016\231\271d\346\221\231O\346e2\257"
 308      44660E99 
 308      B964E691 
 308      994FE665 
 308      32AF
 309 0344 90594066 		.ascii	"\220Y@f!\231Ed\026\223YBf)\231X\236\3078\236\230e<'"
 309      21994564 
 309      16935942 
 309      66299958 
 309      9EC7389E 
 310 035c F13C1D09 		.ascii	"\361<\035\011<k\313y\036\205\330\204\225\211\207\351"
 310      3C6BCB79 
ARM GAS  C:\Users\8FEE~1\AppData\Local\Temp\ccZOuOJL.s 			page 25


 310      1E85D884 
 310      958987E9 
 311 036c 66A9E17F 		.ascii	"f\251\341\177\262\0152{\334\307\033S\250Tse`\256\264"
 311      B20D327B 
 311      DCC71B53 
 311      A8547365 
 311      60AEB4
 312 037f D169D951 		.ascii	"\321i\331Q\224o\247\203\317\002\022N\342\322]\205\214"
 312      946FA783 
 312      CF02124E 
 312      E2D25D85 
 312      8C
 313 0390 302E668C 		.ascii	"0.f\214\203(\201\254\016w]c\221T4\273\242\235\354\277"
 313      832881AC 
 313      0E775D63 
 313      915434BB 
 313      A29DECBF 
 314 03a4 5F114C34 		.ascii	"_\021L4+hp\012i\034\274\326\0009\020\207\240\322\352"
 314      2B68700A 
 314      691CBCD6 
 314      00391087 
 314      A0D2EA
 315 03b7 1AB755C5 		.ascii	"\032\267U\305\006\250\361\215]N\261\035*\366\205\306"
 315      06A8F18D 
 315      5D4EB11D 
 315      2AF685C6 
 316 03c7 52831684 		.ascii	"R\203\026\204\261!rP\254`\364\373'\366\031\221\203\025"
 316      B1217250 
 316      AC60F4FB 
 316      27F61991 
 316      8315
 317 03d9 B97D20B1 		.ascii	"\271} \261Q*\261\332\017\216\366\330Ub&8=8\261\321\210"
 317      512AB1DA 
 317      0F8EF6D8 
 317      55622638 
 317      3D38B1D1 
 318 03ee F30F7684 		.ascii	"\363\017v\204\202\215V\301z\033/\032\2701*\330\335M"
 318      828D56C1 
 318      7A1B2F1A 
 318      B8312AD8 
 318      DD4D
 319 0400 EBEF4B15 		.ascii	"\353\357K\025\314\002\265\203\203\215E\034\202\012;"
 319      CC02B583 
 319      838D451C 
 319      820A3B
 320 040f EE169A95 		.ascii	"\356\026\232\225\312`8\343\033\273\204b\217\245\367"
 320      CA6038E3 
 320      1BBB8462 
 320      8FA5F7
 321 041e 7D2DE3D8 		.ascii	"}-\343\330\243\016\202]\353+\317Z\210\201'\006|\316"
 321      A30E825D 
 321      EB2BCF5A 
 321      88812706 
 321      7CCE
 322 0430 DB65337E 		.ascii	"\333e3~@\360\363&\257\202\306k\227+\315\202\333\234"
 322      40F0F326 
 322      AF82C66B 
ARM GAS  C:\Users\8FEE~1\AppData\Local\Temp\ccZOuOJL.s 			page 26


 322      972BCD82 
 322      DB9C
 323 0442 9F49B559 		.ascii	"\237I\265Y\270\256\332<\203R\265y\2454\325\306\252\310"
 323      B8AEDA3C 
 323      8352B579 
 323      A534D5C6 
 323      AAC8
 324 0454 95A0122D 		.ascii	"\225\240\022-h^\2532\035\207.^\200+\220\325\\U\015\206"
 324      685EAB32 
 324      1D872E5E 
 324      802B90D5 
 324      5C550D86 
 325 0468 175339FC 		.ascii	"\027S9\374c\371\003\207J^\300\027j\347\336\003\310\225"
 325      63F90387 
 325      4A5EC017 
 325      6AE7DE03 
 325      C895
 326 047a 8F692257 		.ascii	"\217i\"W\306:\272/7\300=\320\260\020\264\356OZ\320\237"
 326      C63ABA2F 
 326      37C03DD0 
 326      B010B4EE 
 326      4F5AD09F 
 327 048e E0387AAD 		.ascii	"\3408z\255\021]\022\327O\333[B\2568\307\231V\364\350"
 327      115D12D7 
 327      4FDB5B42 
 327      AE38C799 
 327      56F4E8
 328 04a1 B828DAC1 		.ascii	"\270(\332\301\022t,st\267\266\241\307\2043\25351&\336"
 328      12742C73 
 328      74B7B6A1 
 328      C78433AB 
 328      353126DE 
 329 04b5 B1976966 		.ascii	"\261\227if\322\253\355\375\224|\313\035M\327N\000J\327"
 329      D2ABEDFD 
 329      947CCB1D 
 329      4DD74E00 
 329      4AD7
 330 04c7 457684AA 		.ascii	"Ev\204\252\316\013\315\3734\237\023\027w.mY\332\246"
 330      CE0BCDFB 
 330      349F1317 
 330      772E6D59 
 330      DAA6
 331 04d9 B43FF990 		.ascii	"\264?\371\220\305\203\245\216\262\177\034\247\310w\211"
 331      C583A58E 
 331      B27F1CA7 
 331      C87789
 332 04e8 2CB844F5 		.ascii	",\270D\365j\211\366\272\033\003\024(\004q\276\037{\013"
 332      6A89F6BA 
 332      1B031428 
 332      0471BE1F 
 332      7B0B
 333 04fa E8705681 		.ascii	"\350pV\201n\2737\232\024\350\011^\312\020\265n\350\241"
 333      6EBB379A 
 333      14E8095E 
 333      CA10B56E 
 333      E8A1
 334 050c 61D1AB40 		.ascii	"a\321\253@\355\315\177T\250\361\360|(\255J\033dtl8 "
ARM GAS  C:\Users\8FEE~1\AppData\Local\Temp\ccZOuOJL.s 			page 27


 334      EDCD7F54 
 334      A8F1F07C 
 334      28AD4A1B 
 334      64746C38 
 335 0521 957302FA 		.ascii	"\225s\002\372\275\274\012\342MP\031\3646\227\201\302"
 335      BDBC0AE2 
 335      4D5019F4 
 335      369781C2 
 336 0531 84AA4407 		.ascii	"\204\252D\007v\214\005w\314\227\236\034\332\214@Ob\335"
 336      768C0577 
 336      CC979E1C 
 336      DA8C404F 
 336      62DD
 337 0543 23D43FFA 		.ascii	"#\324?\372D\364{\243WR\364\211\212\266\345\302Z\005"
 337      44F47BA3 
 337      5752F489 
 337      8AB6E5C2 
 337      5A05
 338 0555 79CAB700 		.ascii	"y\312\267\000\255X\200\015\020JZ\374\342\204!\316\033"
 338      AD58800D 
 338      104A5AFC 
 338      E28421CE 
 338      1B
 339 0566 A79AE284 		.ascii	"\247\232\342\204!\242\362h[\333\372`\005y\306\267,%"
 339      21A2F268 
 339      5BDBFA60 
 339      0579C6B7 
 339      2C25
 340 0578 1FF4F76B 		.ascii	"\037\364\367k\316d\333\363 w\035^\244\360\353\030\220"
 340      CE64DBF3 
 340      20771D5E 
 340      A4F0EB18 
 340      90
 341 0589 2B9F86AF 		.ascii	"+\237\206\257\250B\260\357\233\216\216*\273\263\300"
 341      A842B0EF 
 341      9B8E8E2A 
 341      BBB3C0
 342 0598 95B58EBA 		.ascii	"\225\265\216\272lp\016\362\340=\276`\301yp\322\350}"
 342      6C700EF2 
 342      E03DBE60 
 342      C17970D2 
 342      E87D
 343 05aa EE07C61A 		.ascii	"\356\007\306\032<k\314I\317\300\252L\302\361\320O\316"
 343      3C6BCC49 
 343      CFC0AA4C 
 343      C2F1D04F 
 343      CE
 344 05bb 2E776DA0 		.ascii	".wm\240rR9c\027\345\265\253v*\371\006\345\260\357\367"
 344      72523963 
 344      17E5B5AB 
 344      762AF906 
 344      E5B0EFF7 
 345 05cf E211597C 		.ascii	"\342\021Y|\355\315\342\337\340\304\220J\344\015\217"
 345      EDCDE2DF 
 345      E0C4904A 
 345      E40D8F
 346 05de C88861AA 		.ascii	"\310\210a\252\372\206\343\001\305\373\326\243j\243\221"
ARM GAS  C:\Users\8FEE~1\AppData\Local\Temp\ccZOuOJL.s 			page 28


 346      FA86E301 
 346      C5FBD6A3 
 346      6AA391
 347 05ed EE73C65A 		.ascii	"\356s\306Z\364\270\333\014U\223q\000\364+U\215\006l"
 347      F4B8DB0C 
 347      55937100 
 347      F42B558D 
 347      066C
 348 05ff 0A6E58EC 		.ascii	"\012nX\354\032\211\252Fo\026M\244j\212Ru\323\243*r\230"
 348      1A89AA46 
 348      6F164DA4 
 348      6A8A5275 
 348      D3A32A72 
 349 0614 AA9A399E 		.ascii	"\252\2329\236F\361\276cUt\244\031\032\246\262\260H\245"
 349      46F1BE63 
 349      5574A419 
 349      1AA6B2B0 
 349      48A5
 350 0626 A1DCD010 		.ascii	"\241\334\320\020\205\007\020v\215D\303\005\357\230\337"
 350      85071076 
 350      8D44C305 
 350      EF98DF
 351 0635 9386283A 		.ascii	"\223\206(:\211\232\252Z\013_PC\004\362\216\020|\020"
 351      899AAA5A 
 351      0B5F5043 
 351      04F28E10 
 351      7C10
 352 0647 9A44974D 		.ascii	"\232D\227Mb\367\331\252\276\302\030\325M\003\326\236"
 352      62F7D9AA 
 352      BEC218D5 
 352      4D03D69E 
 353 0657 D9FD915D 		.ascii	"\331\375\221]\035\232\026\370a\000m\026\307L\222'\244"
 353      1D9A16F8 
 353      61006D16 
 353      C74C9227 
 353      A4
 354 0668 6BBF3121 		.ascii	"k\2771!\323\2069!\02799\276\304\265x\226\331\263\250"
 354      D3863921 
 354      173939BE 
 354      C4B57896 
 354      D9B3A8
 355 067b D3D556F1 		.ascii	"\323\325V\361\231\242h\034\000\375\376S4\203O\221h5"
 355      99A2681C 
 355      00FDFE53 
 355      34834F91 
 355      6835
 356 068d 4551434D 		.ascii	"EQCM\321\237\0375E\227\274Y\\\246)\232\301\362,\003"
 356      D19F1F35 
 356      4597BC59 
 356      5CA6299A 
 356      C1F22C03 
 357 06a1 F2BA3DF2 		.ascii	"\362\272=\362^\034\246\274+\034X\247\300W\007\313\233"
 357      5E1CA6BC 
 357      2B1C58A7 
 357      C05707CB 
 357      9B
 358 06b2 F990BC59 		.ascii	"\371\220\274Y8\000\372\375\345\305\260\274Y#\221\327"
ARM GAS  C:\Users\8FEE~1\AppData\Local\Temp\ccZOuOJL.s 			page 29


 358      3800FAFD 
 358      E5C5B0BC 
 358      592391D7 
 359 06c2 EACDE21A 		.ascii	"\352\315\342\032\311\213ayVZk\226\367\323IC\336\354"
 359      C98B6179 
 359      565A6B96 
 359      F7D34943 
 359      DEEC
 360 06d4 61CABBCE 		.ascii	"a\312\273\316\201M\024\270\315S\316\036y/q9\317\366"
 360      814D14B8 
 360      CD53CE1E 
 360      792F7139 
 360      CFF6
 361 06e6 DF9273F0 		.ascii	"\337\222s\360[\211]J\214s(1o=J\314\015\357\2307I\314"
 361      5B895D4A 
 361      8C732831 
 361      6F3D4ACC 
 361      0DEF9837 
 362 06fc 1C161320 		.ascii	"\034\026\023 \266\205*1\3315\206\230\271\303\024\363"
 362      B6852A31 
 362      D9358698 
 362      B9C314F3 
 363 070c A33770FB 		.ascii	"\2437p\373`1\363X\314\\\1771\363Y\314\274\221\210\371"
 363      6031F358 
 363      CC5C7F31 
 363      F359CCBC 
 363      9188F9
 364 071f 8F77CC5B 		.ascii	"\217w\314[$f\276\340\315W_\346\331|>\273\315&\262\203"
 364      2466BEE0 
 364      CD575FE6 
 364      D97C3EBB 
 364      CD26B283 
 365 0733 94C44DF9 		.ascii	"\224\304M\371\206\304\227\207)\361\266\267\316\357\014"
 365      86C49787 
 365      29F1B6B7 
 365      CEEF0C
 366 0742 2EC7571E 		.ascii	".\307W\036*\307\0058\000\372\375\313q!\227\343\202\221"
 366      2AC70538 
 366      00FAFDCB 
 366      712197E3 
 366      8291
 367 0754 94638737 		.ascii	"\224c\2077\213N\022\275\220\345\005\016\310\313\361"
 367      8B4E12BD 
 367      90E5050E 
 367      C8CBF1
 368 0763 C85B344C 		.ascii	"\310[4Lyw\275u~o\260\274\305\017\311[\202\003\240\337"
 368      7977BD75 
 368      7E6FB0BC 
 368      C50FC95B 
 368      8203A0DF 
 369 0777 5FDE5296 		.ascii	"_\336R\226\267d$\362\376\353\315\342>\311[\312\362\354"
 369      B76424F2 
 369      FEEBCDE2 
 369      3EC95BCA 
 369      F2EC
 370 0789 7CC55457 		.ascii	"|\305TW\335;\253\325%0\226\256\206\317\373\\Z\371\002"
 370      DD3BABD5 
ARM GAS  C:\Users\8FEE~1\AppData\Local\Temp\ccZOuOJL.s 			page 30


 370      253096AE 
 370      86CFFB5C 
 370      5AF902
 371 079c 19ABCEE7 		.ascii	"\031\253\316\347S\345\323\014\224\357\365@\307\253b"
 371      53E5D30C 
 371      94EFF540 
 371      C7AB62
 372 07ab D7404938 		.ascii	"\327@I8DN\015\007\275\355.\3504~[\304\341\267\334/("
 372      444E0D07 
 372      BDED2EE8 
 372      347E5BC4 
 372      E1B7DC2F 
 373 07c0 DF56E3D4 		.ascii	"\337V\343\324\335\345xg\272B-\303o#\377v"
 373      DDE57867 
 373      BA422DC3 
 373      6F23FF76 
 374 07d0 F0BFD92F 		.ascii	"\360\277\331/S\260\272\316D\005\213\307\317\217?\214"
 374      53B0BACE 
 374      44058BC7 
 374      CF8F3F8C 
 375 07e0 EFC4F10A 		.ascii	"\357\304\361\012\366u\232B%\340F\360G\361\2558\201P"
 375      F6759A42 
 375      25E046F0 
 375      47F1AD38 
 375      8150
 376 07f2 BBDCED9D 		.ascii	"\273\334\355\235\277U\260\345\352crd\303\027\3056\365"
 376      BF55B0E5 
 376      EA637264 
 376      C317C536 
 376      F5
 377 0803 310178E0 		.ascii	"1\001x\340\313\342\273\367rV\026D?\232\332\361\362~"
 377      CBE2BBF7 
 377      72561644 
 377      3F9ADAF1 
 377      F27E
 378 0815 ED7D8BBA 		.ascii	"\355}\213\272y\012\372I\005\350\306/\331/\242\242\234"
 378      790AFA49 
 378      05E8C62F 
 378      D92FA2A2 
 378      9C
 379 0826 F8EF8DD5 		.ascii	"\370\357\215\325k^_\223\2346}\326Lgr\232s\365\212Dg"
 379      6B5E5F93 
 379      9C367DD6 
 379      4C67729A 
 379      73F58A44 
 380 083b 4A726A7A 		.ascii	"Jrjz\232\363\325_\305\315\210v\306\306.p.JX\022\377"
 380      9AF3D55F 
 380      C5CD8876 
 380      C6C62E70 
 380      2E4A5812 
 381 0850 563475FD 		.ascii	"V4u\375&\005\237\304\304\225Qo\010\235Pz\322\212\264"
 381      26059FC4 
 381      C495516F 
 381      089D507A 
 381      D28AB4
 382 0863 37F5A4E4 		.ascii	"7\365\244\344\225\253\344\353k\322\365\025\211\351\251"
 382      95ABE4EB 
ARM GAS  C:\Users\8FEE~1\AppData\Local\Temp\ccZOuOJL.s 			page 31


 382      6BD2F515 
 382      89E9A9
 383 0872 A6943FA4 		.ascii	"\246\224?\244\254L\265$\247\245\254Z\2652\325\234\234"
 383      AC4CB524 
 383      A7A5AC5A 
 383      B532D59C 
 383      9C
 384 0883 FEA79455 		.ascii	"\376\247\224U\251&\202\244Z\251\237\030Z\322t-)ZKz\341"
 384      A92682A4 
 384      5AA99F18 
 384      5AD2742D 
 384      295A4B7A 
 385 0898 7F0378FF 		.ascii	"\177\003x\377\337"
 385      DF
 386              		.text
 387              		.section	.gnu.lto_.symbol_nodes.7bb9cfb3,"",%progbits
 388 0000 789C6365 		.ascii	"x\234ce`bPc\000\002\246EL\365\014\014\023\31610\000"
 388      60625063 
 388      0002A645 
 388      4CF50C0C 
 388      13CE3130 
 389 0015 A95D0D8E 		.ascii	"\251]\015\216@\221\305L\365\214(\"\014\000\272i\011"
 389      4091C54C 
 389      F58C2822 
 389      0C00BA69 
 389      09
 390 0026 2A       		.ascii	"*"
 391              		.text
 392              		.section	.gnu.lto_.refs.7bb9cfb3,"",%progbits
 393 0000 789C6365 		.ascii	"x\234ce`b`d\000\002\000\000I\000\011"
 393      60626064 
 393      00020000 
 393      490009
 394              		.text
 395              		.section	.gnu.lto_.decls.7bb9cfb3,"",%progbits
 396 0000 789CCD59 		.ascii	"x\234\315Y\013L\225I\226\276\365\327\275\027\270<4\350"
 396      0B4C9549 
 396      96BEF5D7 
 396      BD17B83C 
 396      34E8
 397 0012 4EDC6C67 		.ascii	"N\334lg\207\364\262\335dwZ\004g\354\231\235\351Y\025"
 397      87F4B2DD 
 397      64775A04 
 397      67EC999D 
 397      E95915
 398 0025 509CA65B 		.ascii	"P\234\246[r\351\351\315&$\204\026\354&\203\300\300u"
 398      72E9E9CD 
 398      26248416 
 398      EC2683C0 
 398      C075
 399 0037 B6279949 		.ascii	"\266'\231I~\036\362R\024\020\024Zq|`\013\202\242\264"
 399      7E1EF252 
 399      1410145A 
 399      717C600B 
 399      82A2B4
 400 004a A008E815 		.ascii	"\240\010\350\025\221\307\345!\015\202\200\240\010\362"
 400      91C7E521 
ARM GAS  C:\Users\8FEE~1\AppData\Local\Temp\ccZOuOJL.s 			page 32


 400      0D8280A0 
 400      08F2
 401 0058 5091A7CA 		.ascii	"P\221\247\312C\324=U\365_n\361\337Kf&\235l\366\017\347"
 401      43D43D55 
 401      F55F6EF1 
 401      DF4B6626 
 401      9D6CF60F 
 402 006d 569DAAEF 		.ascii	"V\235\252\357?u\352\234\252S\247~T\012A\361\370\307"
 402      3F75EA9C 
 402      AA53A77E 
 402      540A41F1 
 402      F8C7
 403 007f 0AC52F94 		.ascii	"\012\305/\224\012E\020R(\336\302\203\025\012\3059\205"
 403      0A451052 
 403      28DEC283 
 403      150AC539 
 403      85
 404 0090 E91180E6 		.ascii	"\351\021\200\346\200~\215\024f\3174\264\255\200\362"
 404      807E8D14 
 404      66CF34B4 
 404      AD80F2
 405 009f 732047A0 		.ascii	"s G\240\325@\317\201\336\007\312\200\276t 5\320!\240"
 405      D540CF81 
 405      DE07CA80 
 405      BE742035 
 405      D021A0
 406 00b2 69683B0C 		.ascii	"ih;\014\345\317\2012\201\262\2006\000\375\023\264'A"
 406      E5CF8132 
 406      81B28036 
 406      00FD13B4 
 406      2741
 407 00c4 F935D020 		.ascii	"\3715\320 \324\015@.P\257\203\362\003(k\240t\203\262"
 407      D40D402E 
 407      50AF83F2 
 407      03286BA0 
 407      7483B2
 408 00d7 16CAF550 		.ascii	"\026\312\365P6@\371oPVC\371\357P\336\202r\035\224\217"
 408      3640F96F 
 408      505643F9 
 408      EF50DE82 
 408      721D948F 
 409 00eb A17C0A34 		.ascii	"\241|\0124\0024\0144\012\364\014h\034\350\011\320#\240"
 409      02340C34 
 409      0AF40C68 
 409      1CE809D0 
 409      23A0
 410 00fd 216E3E39 		.ascii	"!n>9\026\346\363g\350\264\225\315\347\227\200C@\013"
 410      16E6F367 
 410      E8B495CD 
 410      E7978043 
 410      400B
 411 010f 502F97E6 		.ascii	"P/\227\346\346\253`\272\223\271\251%}\211\256DO\242"
 411      E6AB60BA 
 411      93B9A925 
 411      7D89AE44 
 411      4FA2
 412 0121 1BD18BE8 		.ascii	"\033\321\213\350\204\226\261\333a\214JS\252+\205\373"
ARM GAS  C:\Users\8FEE~1\AppData\Local\Temp\ccZOuOJL.s 			page 33


 412      8496B1DB 
 412      618C4A53 
 412      AA2B85FB 
 413 0131 A807C190 		.ascii	"\250\007\301\220h%mE\210\375\"J\224}k|\020\242\355\320"
 413      68256D45 
 413      88FD224A 
 413      947D6B7C 
 413      10A2EDD0 
 414 0145 2A2824C1 		.ascii	"*($\301\306&d|C\342\005\211\025$\221\364Oz\031q\022"
 414      C626647C 
 414      43E20589 
 414      152491F4 
 414      4F7A1971 
 415 015a 59371BC9 		.ascii	"Y7\033\311\370(\030\234i\242\240\322\331\333H0\015\200"
 415      F828189C 
 415      69A2A0D2 
 415      D9DB4830 
 415      0D80
 416 016c 10FF0227 		.ascii	"\020\377\002'\220\251-\365/\352\2470M\016\031g?\231"
 416      90A92DF5 
 416      2FEAA730 
 416      4D0E1967 
 416      3F99
 417 017e DD38A479 		.ascii	"\3358\244y\200zI\353\361\215\210\266\235-\314\036\264"
 417      807A49EB 
 417      F18D88B6 
 417      9D2DCC1E 
 417      B4
 418 018f C10222F5 		.ascii	"\301\002\"\365\007sy[\326\026\212\354\261v1\231\355"
 418      0773795B 
 418      D6168AEC 
 418      B1763199 
 418      ED
 419 01a0 FBB80B47 		.ascii	"\373\270\013G\361~\214\0345HI\3444}3\340\000\354j\015"
 419      F17E8C1C 
 419      354849E4 
 419      347D33E0 
 419      00EC6A0D 
 420 01b4 72023625 		.ascii	"r\0026%\377\315\217Yg\226\000\354\225\312g\356\214}"
 420      FFCD8F59 
 420      679600EC 
 420      95CA67EE 
 420      8C7D
 421 01c6 07B8ABBD 		.ascii	"\007\270\253\275\223z[\206\355C\344]1%\301\216u\317"
 421      937A5B86 
 421      ED43E45D 
 421      3125C18E 
 421      75CF
 422 01d8 12BEBE23 		.ascii	"\022\276\276#gL\203\377\221\216?\0267\330g\313\372\326"
 422      674C83FF 
 422      918E3F16 
 422      37D867CB 
 422      FAD6
 423 01ea 00DB3AD1 		.ascii	"\000\333:\321\230#\261+\201\355I\212?\246\306N\024\331"
 423      9823B12B 
 423      81ED498A 
 423      3FA6C64E 
ARM GAS  C:\Users\8FEE~1\AppData\Local\Temp\ccZOuOJL.s 			page 34


 423      14D9
 424 01fc 5B975F40 		.ascii	"[\227_@\024z_\203\210\021V@S\321h\331\234=k\"\210\326"
 424      147A5F83 
 424      88115640 
 424      53D168D9 
 424      9C3D6B22 
 425 0212 0353B956 		.ascii	"\003S\271V\370_I]\3106\334\255R\"\027\315\267d^\372"
 425      F85F495D 
 425      C836DCAD 
 425      522217CD 
 425      B7645EFA 
 426 0226 DA97EFA7 		.ascii	"\332\227\357\247%\210\242\200\312\220\006]F`\002\264"
 426      2588A280 
 426      CA90065D 
 426      466002B4 
 427 0236 9658E97D 		.ascii	"\226X\351}\015\374&\212b\214\230\032+\332x+P!z\007\025"
 427      0DFC268A 
 427      628C981A 
 427      2BDA782B 
 427      50217A07 
 428 024b A07714E8 		.ascii	"\240w\024\350\012r!b\011\016\225Bc\0114\302\020\371"
 428      0A722162 
 428      090E9542 
 428      630934C2 
 428      10F9
 429 025d B96927D5 		.ascii	"\271i'\325\370\034\242c\324\\\273\327\251D\032\027\213"
 429      F81CA263 
 429      D45CBBD7 
 429      A9441A17 
 429      8B
 430 026e 022A2C08 		.ascii	"\002*,\010`\312\314\234\177\267f\017Q\246\034\224\271"
 430      60CACC9C 
 430      7FB7660F 
 430      51A61C94 
 430      B9
 431 027f 6A520674 		.ascii	"jR\006tc\246\357\277\332\023-\340<\346\240o\312\237"
 431      63A6EFBF 
 431      DA132DE0 
 431      3CE6A06F 
 431      CA9F
 432 0291 1B54CC22 		.ascii	"\033T\314\"\326\300\216\037\274\325$\340B\3267\324\031"
 432      D6C08E1F 
 432      BCD524E0 
 432      42D637D4 
 432      19
 433 02a2 9BADC6C5 		.ascii	"\233\255\306\305\214I}\335%\252\361U\306\244\214\317"
 433      8C497DDD 
 433      25AAF155 
 433      C6A48CCF 
 434 02b2 9E50E21B 		.ascii	"\236P\342\033\214\351\212\235\351\260\307\265\224\261"
 434      8CE98A9D 
 434      E9B0C7B5 
 434      94B1
 435 02c0 892FBA72 		.ascii	"\211/\272r\311\0169\223g\225\263\263\313I\242\273~\270"
 435      C90E3993 
 435      6795B3B3 
 435      CB49A2BB 
ARM GAS  C:\Users\8FEE~1\AppData\Local\Temp\ccZOuOJL.s 			page 35


 435      7EB8
 436 02d2 EB277553 		.ascii	"\353'uS\217D1\335\216*u\023\224\252G\253L\223)\206\037"
 436      8F4431DD 
 436      8E2A7513 
 436      94AA47AB 
 436      4C932986 
 437 02e7 0572831F 		.ascii	"\005r\203\037\005{a\376\327\331\242>\016St\225\034\355"
 437      057B61FE 
 437      D7D9A23E 
 437      0E537495 
 437      1CED
 438 02f9 2A033FF9 		.ascii	"*\003?\371O\023\370\272\034|\215\212.D\234l\016^)\207"
 438      4F13F8BA 
 438      1C7C8D8A 
 438      2E449C6C 
 438      0E5E2987 
 439 030d 7F27D7A4 		.ascii	"\177'\327\244\233C\353-\013\247\3504b\373TQ\334\250"
 439      9B43EB2D 
 439      0BA7E834 
 439      62FB5451 
 439      DCA8
 440 031f 54A022E8 		.ascii	"T\240\"\350?O\273\010\032\314\217\032\301[\267\2203"
 440      3F4FBB08 
 440      1ACC8F1A 
 440      C15BB790 
 440      33
 441 0330 3200D501 		.ascii	"2\000\325\001\325\000\325\0025\000U#g\272)\330x\006"
 441      D500D502 
 441      35005523 
 441      67BA29D8 
 441      7806
 442 0342 6EBC1B16 		.ascii	"n\274\033\026g\316\317\305\340mB_\262<\027\006gKc\354"
 442      67CECFC5 
 442      E06D425F 
 442      B23C1706 
 442      674B63EC 
 443 0356 9A63B428 		.ascii	"\232c\264(\"\002SH\313B\332\216\327\337\304\265\250"
 443      22025348 
 443      CB42DA8E 
 443      D7DFC4B5 
 443      A8
 444 0367 7132A60B 		.ascii	"q2\246\013/7\271\261\324\032\255r\2614't\033\246\362"
 444      2F37B9B1 
 444      D41AAD72 
 444      B1342774 
 444      1BA6F2
 445 037a F74C8B8D 		.ascii	"\367L\213\215<T\247\206\375\217\232\341\305&\323\222"
 445      3C54A786 
 445      FD8F9AE1 
 445      C526D392 
 446 038a 247AD0E1 		.ascii	"$z\320\341\215[\332Q\332\322\011M/\316\0108\207\252"
 446      8D5BDA51 
 446      DAD2094D 
 446      2FCE0838 
 446      87AA
 447 039c 832E54C4 		.ascii	"\203.T\304=s`\235z\322\271w\317\201$+\234\313:\247\363"
 447      3D73609D 
ARM GAS  C:\Users\8FEE~1\AppData\Local\Temp\ccZOuOJL.s 			page 36


 447      7AD2B977 
 447      CF81242B 
 447      9CCB3AA7 
 448 03b1 8A8F59B3 		.ascii	"\212\217Y\263\316<\322\371\370u\315S\025.`\235\205M"
 448      CE3CD2F9 
 448      F875CD53 
 448      152E609D 
 448      854D
 449 03c3 B53D5290 		.ascii	"\265=R\220I$\235m3-\011\032\\\314:\337>\356:e\303:'"
 449      49249D6D 
 449      332D091A 
 449      5CCC3ADF 
 449      3EEE3A65 
 450 03da 089F5C72 		.ascii	"\010\237\\r\360\324\012\\\306:\333\206N\304I1\245\205"
 450      F0D40A5C 
 450      C63ADB86 
 450      4EC44931 
 450      A585
 451 03ec F0FB0F7C 		.ascii	"\360\373\017|wQ\203\365\2543o\350\350~\251\363\347\300"
 451      775183F5 
 451      AC336FE8 
 451      E87EA9F3 
 451      E7C0
 452 03fe 96345DB9 		.ascii	"\2264]\271\257\302\265\254\257g\252#\301\02673\246h"
 452      AFC2B5AC 
 452      AF67AA23 
 452      C1163733 
 452      A668
 453 0410 21E38C1A 		.ascii	"!\343\214\032\2673\246\345h\216q\247]\"A-\245\350\255"
 453      B733A6E5 
 453      688E71A7 
 453      5D22412D 
 453      A5E8AD
 454 0423 358B62C7 		.ascii	"5\213b\307W\221\021\262{/hp\017\305\332\277~\360\374"
 454      579111B2 
 454      7B2F6870 
 454      0FC5DABF 
 454      7EF0FC
 455 0436 BA2D5AE5 		.ascii	"\272-Z\345\274\370\2708\363\316x\010\316\350\243\336"
 455      BCF8B838 
 455      F3CE7808 
 455      CEE8A3DE 
 456 0446 1D903C31 		.ascii	"\035\220<1\006\236\030\004\253?\006z\0124\0024\0144"
 456      069E1804 
 456      AB3F067A 
 456      0A340234 
 456      0C34
 457 0458 0AF40C68 		.ascii	"\012\364\014h\034\350\011\320#\240!\323\202#\236iv<"
 457      1CE809D0 
 457      23A021D3 
 457      82239E69 
 457      763C
 458 046a 288A75EB 		.ascii	"(\212u\353\250o.\202o\210\310Eo_X\272}\000_\365\233"
 458      A86F2E82 
 458      6F88C845 
 458      6F5F58BA 
 458      7D005FF5 
ARM GAS  C:\Users\8FEE~1\AppData\Local\Temp\ccZOuOJL.s 			page 37


 459 047f 68BAE408 		.ascii	"h\272\344\010\374\201\034\276dk\022\360v\023\270_\016"
 459      FC811CBE 
 459      646B12F0 
 459      7613B85F 
 459      0E
 460 0490 3E87E468 		.ascii	">\207\344h\037\023\272K\216\356\224\243\373?6\241\357"
 460      1F13BA4B 
 460      8EEE94A3 
 460      FB3F36A1 
 460      EF
 461 04a1 C9D1DD66 		.ascii	"\311\321\335fz\367sz\337\227\303\213\315\247\371\251"
 461      7AF7737A 
 461      DF97C38B 
 461      CDA7F9A9 
 462 04b1 09FEBD1C 		.ascii	"\011\376\275\034\336b\2469\247K\257\034\335c\24697\317"
 462      DE62A639 
 462      A74BAF1C 
 462      DD63A639 
 462      37CF
 463 04c3 BB727487 		.ascii	"\273rt\207\271*\237\230\340\355r\370\035\223pi\217\327"
 463      B92A9F98 
 463      E0ED72F8 
 463      1D937069 
 463      8FD7
 464 04d5 B33D3EB0 		.ascii	"\263=>\260t\217K\316n\342\234\335&\227\325\312\015\015"
 464      748F4BCE 
 464      6EE29CDD 
 464      2697D5CA 
 464      0D0D
 465 04e7 2BF2C6DC 		.ascii	"+\362\306\334\350\236\025x\200\305\204\327=\217~&\013"
 465      E89E1578 
 465      80C584D7 
 465      3D8F7E26 
 465      0B
 466 04f8 09C65588 		.ascii	"\011\306U\210\246`\361\375\220\205\310\024\357\270M"
 466      A660F1FD 
 466      9085C814 
 466      EFB84D
 467 0507 43C42408 		.ascii	"C\304$\010\2320\205\210\001c\210\310\351\323\017\250"
 467      9A308588 
 467      016388C8 
 467      E9D30FA8 
 468 0517 5649E327 		.ascii	"VI\343'.7\276\342\357\036\234\034m/\3123\261]\362\342"
 468      2E37BEE2 
 468      EF1E9C1C 
 468      6D2FCA33 
 468      B15DF2E2 
 469 052b 318BA6B9 		.ascii	"1\213\246\2710\252@\317\221\235\004\314n\237\031U+\005"
 469      30AA40CF 
 469      919D04CC 
 469      6E9F1955 
 469      2B05
 470 053d D686BE50 		.ascii	"\326\206\276P\222\266[og\364+\330\266\026\270\014c5"
 470      92B65B6F 
 470      67F42BD8 
 470      B616B80C 
 470      6335
ARM GAS  C:\Users\8FEE~1\AppData\Local\Temp\ccZOuOJL.s 			page 38


 471 054f CB306EB6 		.ascii	"\3130n\266v\036P\2569D\323\237Xq\245\200>\377\021\232"
 471      761E50AE 
 471      3944D39F 
 471      5871A580 
 471      3EFF119A 
 472 0563 01C92FA9 		.ascii	"\001\311/\251\344Y\264\006~_ \245d\360\346\274>\253"
 472      E459B406 
 472      7E5F20A5 
 472      64F0E6BC 
 472      3EAB
 473 0575 778F8BC7 		.ascii	"w\217\213\307\373D\375\370k\247#\205\361b\013\274\267"
 473      FB44FDF8 
 473      6BA72385 
 473      F1620BBC 
 473      B7
 474 0586 910251BE 		.ascii	"\221\002Q\276\311(P\205\337<\330\177\350\014,f\005\232"
 474      C9285085 
 474      DF3CD87F 
 474      E80C2C66 
 474      059A
 475 0598 43EFC2FB 		.ascii	"C\357\302\373\317N\307\036\\\201\013\2244\334\234m\312"
 475      CF4EC71E 
 475      5C810B94 
 475      34DC9C6D 
 475      CA
 476 05a9 5F80239A 		.ascii	"_\200#\2322BJ\325\321Q\273\345R\211\327\313\246\022"
 476      32424AD5 
 476      D151BBE5 
 476      5289D7CB 
 476      A612
 477 05bb C35DEB3A 		.ascii	"\303]\353:\357\210\242\023Z\200\363\345\225i\374rc*"
 477      EF88A213 
 477      5A80F3E5 
 477      9569FC72 
 477      632A
 478 05cd 71F5C0E9 		.ascii	"q\365\300\351YL\015B\020\314 q\325/\323\354\261\201"
 478      594C0D42 
 478      10CC2071 
 478      D52FD3EC 
 478      B181
 479 05df 0DBCFF56 		.ascii	"\015\274\377V\355\234j1O\232\337N<\034-@\212%\027fQ"
 479      ED9C6A31 
 479      4F9ADF4E 
 479      3C1C2D40 
 479      8A251766 
 480 05f4 3351B098 		.ascii	"3Q\260\230%\275H\030lFtT\"\352\015\242\303\036\231\356"
 480      25BD4818 
 480      6C467454 
 480      22EA0DA2 
 480      C31E99EE 
 481 0608 7D2C8573 		.ascii	"},\205s\027.\241td\011\345\354\211G\351\002\276\313"
 481      172EA174 
 481      6409E5EC 
 481      8947E902 
 481      BECB
 482 061a 4C9358B8 		.ascii	"L\223X\270\377&\326$\022\217\374-i\0259\202\336f\364"
 482      FF26D624 
ARM GAS  C:\Users\8FEE~1\AppData\Local\Temp\ccZOuOJL.s 			page 39


 482      128FFC2D 
 482      69153982 
 482      DE66F4
 483 062d D9E31EF6 		.ascii	"\331\343\036\366\372\271\331\007\245*\374\2201)\031"
 483      FAB9D907 
 483      A52AFC90 
 483      312919
 484 063c 55554A3C 		.ascii	"UUJ<\304\230S\331i\011*\374\2241\371\351\251\020\320"
 484      C49853D9 
 484      69092AFC 
 484      9431F9E9 
 484      A910D0
 485 064f 9F3126EB 		.ascii	"\2371&\353\354\335y\033<\316\230\323\363\257&\310\261"
 485      ECDD791B 
 485      3CCE98D3 
 485      F3AF26C8 
 485      B1
 486 0660 F41E4935 		.ascii	"\364\036I51\227h\276\307\022\315\353\015\365\337\332"
 486      319768BE 
 486      C712CDEB 
 486      0DF5DFDA 
 487 0670 E117CC82 		.ascii	"\341\027\314\202\251'\012\366\332\030]\007\032\253\\"
 487      A9270AF6 
 487      DA185D07 
 487      1AAB5C
 488 067f 148B2B08 		.ascii	"\024\213+\010\245\201\201\336\223\324\335/\274\203R"
 488      A58181DE 
 488      93D4DD2F 
 488      BC8352
 489 068e 04A3EB6A 		.ascii	"\004\243\353jK\377\271L\024W\242T\260\320\001a\321\330"
 489      4BFFB94C 
 489      1457A254 
 489      B0D00161 
 489      D1D8
 490 06a0 EF498EBB 		.ascii	"\357I\216\273\226voH\203E\025\035b!\366\320\270)\231"
 490      96766F48 
 490      8345151D 
 490      6221F6D0 
 490      B82999
 491 06b3 9D39EF5E 		.ascii	"\2359\357^M\363\307\014x5\335\364*H2\372I\256\306A\013"
 491      4DF3C70C 
 491      7835DDF4 
 491      2A4832FA 
 491      49AEC641 
 492 06c8 6AC02031 		.ascii	"j\300 1\263'+\254q\022\035D9\375r_\267\206\034i\246"
 492      B3272BAC 
 492      71121D44 
 492      39FD725F 
 492      B7861C69 
 493 06dd 182228B8 		.ascii	"\030\"(\270]vH`\001$\033de\011\316\350\260\300\247E"
 493      5D764860 
 493      01241B64 
 493      6509CEE8 
 493      B0C0A745 
 494 06f1 C35DCE95 		.ascii	"\303]\316\225S}\242\230lG\325\332\007j\221\027\0265"
 494      537DA298 
 494      6C47D5DA 
ARM GAS  C:\Users\8FEE~1\AppData\Local\Temp\ccZOuOJL.s 			page 40


 494      076A9117 
 494      1635
 495 0703 A007CF0C 		.ascii	"\240\007\317\014\227\031U}\224%\352c0EgZDs1\363M\205"
 495      9719557D 
 495      9425EA63 
 495      3045675A 
 495      447331F3 
 496 0719 862C4CC0 		.ascii	"\206,L\300,M\213\224w\356\217\245#\344\274\332\305\231"
 496      2C4D8B94 
 496      77EE8FA5 
 496      23E4BCDA 
 496      C599
 497 072b C5CF8E4A 		.ascii	"\305\317\216J\207h*\226\210\333\013b\217\010\253-%\246"
 497      87682A96 
 497      88DB0B62 
 497      8F08AB2D 
 497      25A6
 498 073d E9748AB1 		.ascii	"\351t\212\2614L\232\246H\300d\212Ga\21290\305o\004>"
 498      344C9AA6 
 498      48C0648A 
 498      47618A39 
 498      30C56F04 
 499 0752 FE8D55AC 		.ascii	"\376\215U\254\241\201\033P\262\300\015\323yY\341x0\226"
 499      A1811B50 
 499      B2C00DD3 
 499      7959E178 
 499      3096
 500 0764 046E92E9 		.ascii	"\004n\222\351%/?0X}\252\242\241QX\015\032D/\253\201"
 500      252F3F30 
 500      587DAAA2 
 500      A151580D 
 500      1A442FAB 
 501 0779 62C9F064 		.ascii	"b\311\360d\317\336l/\261\303)\324Sh\260\241(\306\032"
 501      CFDE6C2F 
 501      B1C329D4 
 501      5368B0A1 
 501      28C61A
 502 078c A731E658 		.ascii	"\2471\346X\323\371\006\025\316dLy\301\371V\001\037a"
 502      D3F90615 
 502      CE644C79 
 502      C1F95601 
 502      1F61
 503 079e 4C61D9C4 		.ascii	"La\331\304^\204O1f2\241H\207\317\262z\\N\352m\201m\275"
 503      5E844F31 
 503      6632A148 
 503      87CFB27A 
 503      5C4EEA6D 
 504 07b5 9F007B28 		.ascii	"\237\000{(\351h\237R\272\256\221\010Y\334\221Wn\215"
 504      E9689F52 
 504      BAAE9108 
 504      59DC9157 
 504      6E8D
 505 07c7 2F50AC7D 		.ascii	"/P\254}j~\352e\015"
 505      6A7EEA65 
 505      0D
 506 07d0 926E0B2C 		.ascii	"\222n\013,\3239)\306\305\202\377~\3052\333x\360\337"
 506      D33929C6 
ARM GAS  C:\Users\8FEE~1\AppData\Local\Temp\ccZOuOJL.s 			page 41


 506      C582FF7E 
 506      C532DB78 
 506      F0DF
 507 07e2 29986FA1 		.ascii	")\230o\241\260\\\036L\320\363\037\231\320g\344\350X"
 507      B05C1E4C 
 507      D0F31F99 
 507      D067E4E8 
 507      58
 508 07f3 813B7F09 		.ascii	"\201;\177\011\372\011\207N\220\243\343\344\350)\016"
 508      FA09874E 
 508      90A3E3E4 
 508      E8290E
 509 0802 BDC7329A 		.ascii	"\275\3072\232\251\302\237\215\337\302.8\315\372\244"
 509      A9C29F8D 
 509      DFC22E38 
 509      CDFAA4
 510 0811 757D099C 		.ascii	"u}\011\234~\001\254\236\007t\016\350\"P\021\320w@\305"
 510      7E01AC9E 
 510      07740EE8 
 510      225011D0 
 510      7740C5
 511 0824 40E781CE 		.ascii	"@\347\201\316\002\025\000\345/\256}\242\200\2013\305"
 511      021500E5 
 511      2FAE7DA2 
 511      808133C5 
 512 0834 49B902DC 		.ascii	"I\271\002\334\025\204\241\3739u\023\345\350\245y\016"
 512      1584A1FB 
 512      397513E5 
 512      E8A5790E 
 513 0844 817773C2 		.ascii	"\201ws\302\217\313\341\337\311\205\317\377\322\204\316"
 513      8FCBE1DF 
 513      C985CFFF 
 513      D284CE
 514 0853 B5E8150E 		.ascii	"\265\350\025\016\334\312\211>aY\357EM`W\335\257\324"
 514      DCCA893E 
 514      6159EF45 
 514      4D6057DD 
 514      AFD4
 515 0865 30FC3158 		.ascii	"0\3741X\244I\2265\347\244\017\031w\004\021\377\027\313"
 515      A4499635 
 515      E7A40F19 
 515      770411FF 
 515      17CB
 516 0877 9A2FB9FB 		.ascii	"\232/\271\373\224\263\274\250P\276\311\221\276i\366"
 516      94B3BCA8 
 516      50BEC991 
 516      BE69F6
 517 0886 920A5F62 		.ascii	"\222\012_b\261\360\361\221\221\002+Y\242ct&\272\014"
 517      B1F0F191 
 517      91022B59 
 517      A2637426 
 517      BA0C
 518 0898 3EFC21FE 		.ascii	">\374!\376d\232\324\\\243\211N)\010*1\205W\242\027U"
 518      649AD45C 
 518      A3894E29 
 518      082A3185 
 518      57A21755 
ARM GAS  C:\Users\8FEE~1\AppData\Local\Temp\ccZOuOJL.s 			page 42


 519 08ac 27D9D07D 		.ascii	"'\331\320}\300\201\317FJ\005>\033\271\"\330I\257\000"
 519      C081CF46 
 519      4A053E1B 
 519      B922D849 
 519      AF00
 520 08be F67252D6 		.ascii	"\366rR\326\260=\276\301Too\236,s@.vl\224\346\356\225"
 520      B03DBEC1 
 520      546F6F9E 
 520      2C73402E 
 520      766C94E6 
 521 08d4 B164BEE5 		.ascii	"\261d\276\345\200/3\015\003\257C\261\214tt\025&\265"
 521      802F330D 
 521      03AF43B1 
 521      8C747415 
 521      26B5
 522 08e6 6480139D 		.ascii	"d\200\023\235\0039\016\364\250%rb\004z\3246\037:m\300"
 522      03390EF4 
 522      A8257262 
 522      047AD436 
 522      1F3A6DC0 
 523 08fa CB263595 		.ascii	"\313&5\225\002Ij*\004)\251Y(O\030R.&5\277*0%5\000D\363"
 523      02496A2A 
 523      0429A959 
 523      284F1852 
 523      2E2635BF 
 524 0915 A63C605E 		.ascii	"\246<`^\236\324\\\023HR3]\2357-\345W\251\344\016Ww6"
 524      9ED45C13 
 524      4852335D 
 524      9D372DE5 
 524      57A9E40E 
 525 092c A3DD0637 		.ascii	"\243\335\0067\262Ps<\253.F\300\355\214)\035\252\257"
 525      B250733C 
 525      AB2E46C0 
 525      ED8C291D 
 525      AAAF
 526 093e D130A448 		.ascii	"\3210\244H\220\271W\372\026\020\356c\235\372\232}\317"
 526      90B957FA 
 526      1610EE63 
 526      9DFA9A7D 
 526      CF
 527 094f 107ECA98 		.ascii	"\020~\312\230\304\207\011m\022r\226\232q\254\340\262"
 527      C487096D 
 527      1272969A 
 527      71ACE0B2 
 528 095f 3D0B517A 		.ascii	"=\013Qzz5\254\232\351\264\307\223\014\234\\\332v_I\262"
 528      7A35AC9A 
 528      E9B4C793 
 528      0C9C5CDA 
 528      765F49B2 
 529 0973 0551B218 		.ascii	"\005Q\262\030\274erG\0359\025a\351\243u\364\310\313"
 529      BC657247 
 529      1D391561 
 529      E9A375F4 
 529      C8CB
 530 0985 ACCC2C71 		.ascii	"\254\314,qpL\225\026\217\223\222\306\353\032X?l\275"
 530      704C9516 
 530      8F9392C6 
ARM GAS  C:\Users\8FEE~1\AppData\Local\Temp\ccZOuOJL.s 			page 43


 530      EB1A583F 
 530      6CBD
 531 0997 D70B8EC6 		.ascii	"\327\013\216\306w\010\372pY\377\204\003~\305\306I\273"
 531      7708FA70 
 531      59FF8403 
 531      7EC5C649 
 531      BB
 532 09a8 F962DA16 		.ascii	"\371b\332\026\277eL\317\311\214\323J\246\341\010\315"
 532      BF654CCF 
 532      C98CD34A 
 532      A6E108CD 
 533 09b8 7E1716E2 		.ascii	"~\027\026\342\2248NM;c\312\273\322$\223\364\321\017"
 533      94384E4D 
 533      3B63CABB 
 533      D22493F4 
 533      D10F
 534 09ca 53310773 		.ascii	"S1\007s\325x?\353|5vfB\215\263\030s\371a\346u))\352"
 534      D5783FEB 
 534      7C357666 
 534      428DB318 
 534      73F961E6 
 535 09e2 24FCCDE9 		.ascii	"$\374\315\351\243\223v\370$\353\334\223{g\237\025.d"
 535      A39376F8 
 535      24EBDC93 
 535      7B679F15 
 535      2E64
 536 09f4 CCF4BD94 		.ascii	"\314\364\275\224\032;\\\312\230\352\272\2016k\254g\314"
 536      1A3B5CCA 
 536      98EABA81 
 536      366BAC67 
 536      CC
 537 0a05 DE5B2535 		.ascii	"\336[%5\322%\272\216\360\321#\027\02206H\003H\226s\224"
 537      D225BA8E 
 537      F0D12317 
 537      12303648 
 537      03489673 
 538 0a1a 2C37D972 		.ascii	",7\331r3\331\006\337a\235MI\351p\364\3660\346\355\221"
 538      33D906DF 
 538      619D4D49 
 538      E970F4F6 
 538      30E6ED91 
 539 0a2e 891C3BFC 		.ascii	"\211\034;\374\2101\025\247\366\344[\3431\306\224_\256"
 539      883115A7 
 539      F6E45BE3 
 539      31C6945F 
 539      AE
 540 0a3f A8912EC6 		.ascii	"\250\221.\306\353\310\361\321\234\322c\207_\262\276"
 540      EBC8F1D1 
 540      9CD26387 
 540      5FB2BE
 541 0a4e F323097A 		.ascii	"\363#\011z+\374Fz\253i\256\320\001\307[1\346^\211+N"
 541      2BFC467A 
 541      AB69AED0 
 541      01C75B31 
 541      E65E892B 
 542 0a63 65F51323 		.ascii	"e\365\023#e\220\370f3\346a\357p\262\003>\311\230\370"
 542      6590F866 
ARM GAS  C:\Users\8FEE~1\AppData\Local\Temp\ccZOuOJL.s 			page 44


 542      33E661EF 
 542      70B2033E 
 542      C998F8
 543 0a76 EB999536 		.ascii	"\353\231\2256\270\2201\325}p\361+a\365\247\311\372."
 543      B89031D5 
 543      7D70F12B 
 543      61F5A7C9 
 543      FA2E
 544 0a88 015F634C 		.ascii	"\001_cL~Y\312C\270\3013f\340r\334K%n`L\301\302\261\026"
 544      7E59CA43 
 544      B8C13366 
 544      E072DC4B 
 544      256E604C 
 545 0aa0 1BDCC298 		.ascii	"\033\334\302\230\226\253}\203\016\270\2231O\256\307"
 545      96AB7D83 
 545      0EB89331 
 545      4FAEC7
 546 0aaf 3F929C90 		.ascii	"?\222\234\220AV[a{_\037\222\356\3636\244\177\357\261"
 546      41565B61 
 546      7B5F1F92 
 546      EEF336A4 
 546      7FEFB1
 547 0ac2 5C25BE47 		.ascii	"\\%\276G\301\3772=\030{W\215L\327\371\305\323\016.\366"
 547      C1FF323D 
 547      187B578D 
 547      4CD7F9C5 
 547      D30E2EF6 
 548 0ad6 4B1E16DB 		.ascii	"K\036\026\333\206\027\360\265\262\334\372h1w\015\015"
 548      8617F0B5 
 548      B2DCFA68 
 548      31770D0D 
 549 0ae6 6FD5B07F 		.ascii	"o\325\260\177\347\370}Z%?\244Z\033\261)\330>\223\303"
 549      E7F87D5A 
 549      253FA45A 
 549      1BB129D8 
 549      3E93C3
 550 0af9 AF9BC10D 		.ascii	"\257\233\301\015\034\274K\016\357\024\314N\211z\016"
 550      1CBC4B0E 
 550      EF14CC4E 
 550      897A0E
 551 0b08 FF508E8F 		.ascii	"\377P\216\2173\303W\361\370Gr\274Y,74p\360\333rx\263"
 551      33C357F1 
 551      F84772BC 
 551      592C3734 
 551      70F0DB72 
 552 0b1e 99F8791E 		.ascii	"\231\370y\036\177\323\262q\370\033\364\223\006\314\256"
 552      7FD3B271 
 552      F81BF493 
 552      06CCAE
 553 0b2d D0B0FF50 		.ascii	"\320\260\377P\255\2047\356JtKn\235\376:N\374\210\\\274"
 553      AD8437EE 
 553      4A744B6E 
 553      9DFE3A4E 
 553      FC885CBC 
 554 0b41 D989DBCD 		.ascii	"\331\211\333\315\303\037\313\341f\271J?o\373v9\274\333"
 554      C31FCBE1 
 554      66B94A3F 
ARM GAS  C:\Users\8FEE~1\AppData\Local\Temp\ccZOuOJL.s 			page 45


 554      6FFB7639 
 554      BCDB
 555 0b53 F227C551 		.ascii	"\362'\305QP\366)\325sN:\177b\260\013J\301\316h\006\316"
 555      50F629D5 
 555      734E3A7F 
 555      62B00B4A 
 555      C1CE6806 
 556 0b68 979740D1 		.ascii	"\227\227@\321P\217\007\332\0134\005\374~(S\201&\241"
 556      508F07DA 
 556      0B3405FC 
 556      7E285381 
 556      26A1
 557 0b7a FE062809 		.ascii	"\376\006(\011\352\257\241L\2002\026H\004\232\000>\021"
 557      EAAFA14C 
 557      80321648 
 557      049A003E 
 557      11
 558 0b8b CA5928F7 		.ascii	"\312Y(\367@\271\000\345>(\223\201\246\241~\000\312y"
 558      40B900E5 
 558      3E289381 
 558      A6A17E00 
 558      CA79
 559 0b9d 28DF02BD 		.ascii	"(\337\002\275\000\032\003z\016\364\012(\016\372\306"
 559      001A037A 
 559      0EF40A28 
 559      0EFAC6
 560 0bac 97E429DD 		.ascii	"\227\344)\335\274W\032\314\026\225\334lU\374\222\275"
 560      BC571ACC 
 560      1695DC6C 
 560      55FC92BD 
 561 0bbc 218777C8 		.ascii	"!\207w\310\341S\274\331\332\344\360\357\315\2626~\005"
 561      E153BCD9 
 561      DAE4F0EF 
 561      CDB2367E 
 561      05
 562 0bcd DE97C37B 		.ascii	"\336\227\303{\315\226H\177=\267D\372\344K\304,\205\354"
 562      CD96487F 
 562      3DB744FA 
 562      E44BC42C 
 562      85EC
 563 0bdf E7E76AB0 		.ascii	"\347\347j\260<W\336\351\006^\373n\313\033\216\317P\371"
 563      3C57DEE9 
 563      065EFB6E 
 563      CB1B8ECF 
 563      50F9
 564 0bf1 25356C79 		.ascii	"%5ly\005\362\311M\015\301\303moN\220\177\364\201\273"
 564      05F2C94D 
 564      0DC1C36D 
 564      6F4E907F 
 564      F481BB
 565 0c04 438D01E7 		.ascii	"C\215\001\347\027\213b\222\232\036F\367\344\322z\314"
 565      178B6292 
 565      9A1E46F7 
 565      E4D27ACC 
 566 0c14 95E53DA3 		.ascii	"\225\345=\243\267\354\031\036\377\204\237\334\035\313"
 566      B7EC191E 
 566      FF849FDC 
ARM GAS  C:\Users\8FEE~1\AppData\Local\Temp\ccZOuOJL.s 			page 46


 566      1DCB
 567 0c22 2B9AC74F 		.ascii	"+\232\307O\361\263\033\222\343\315\223N\336\225=\226"
 567      F1B31B92 
 567      E3CD934E 
 567      DE953D96 
 568 0c32 D5E7BEAE 		.ascii	"\325\347\276\256u\0338O\336\225{\262\303\314\324\274"
 568      751B384F 
 568      DE957BB2 
 568      C3CCD4BC 
 569 0c42 F4079617 		.ascii	"\364\007\226\027\012\277jy\307\267X\016U\274\356\374"
 569      0ABF6A79 
 569      C7B7580E 
 569      55BCEEFC 
 570 0c52 54072D4F 		.ascii	"T\007-Ou\311?'\214\246$\256j\265\274\312yS\266\362\362"
 570      75C93F27 
 570      8CA624AE 
 570      6AB5BCCA 
 570      7953B6F2 
 571 0c67 9F588C3D 		.ascii	"\237X\214=\334?3\014\365\234\364\001\313a\231\337\024"
 571      DC3F330C 
 571      F59CF401 
 571      CB6199DF 
 571      14
 572 0c78 AD7CDC6C 		.ascii	"\255|\334l\222\233\262\321\354T\341M\331o\371\2240\336"
 572      929BB2D1 
 572      EC54E14D 
 572      D96FF994 
 572      30DE
 573 0c8a 525F1416 		.ascii	"R_\024\026\366\332\342\323\3264s=|\"\261\304F\226t\033"
 573      F6DAE2D3 
 573      D634733D 
 573      7C22B1C4 
 573      4696741B 
 574 0c9e 231E3A08 		.ascii	"#\036:\010\201\356\377c\320\223\376\261\321\210i\232"
 574      81EEFF63 
 574      D093FEB1 
 574      D188699A 
 575 0cae 9D8E57A1 		.ascii	"\235\216W\2414\274\230\314\316\031\263\371\201\323\243"
 575      34BC98CC 
 575      CE19B3F9 
 575      81D3A3
 576 0cbd 254BB279 		.ascii	"%K\262y\0024\245\217\031\230~[$%\371\020\231\3206l\277"
 576      0234A58F 
 576      19987E5B 
 576      2425F910 
 576      99D0366C 
 577 0cd2 E41BA7A5 		.ascii	"\344\033\247\245\177\273(\376\352\377\\@\324\350\302"
 577      7FBB28FE 
 577      EAFF5C40 
 577      D4E8C2
 578 0ce1 ED7A2B7E 		.ascii	"\355z+~\334\314%\343\036\222\306=D\307-n\316\313\264"
 578      DCCC25E3 
 578      1E92C63D 
 578      44C72D6E 
 578      CECBB4
 579 0cf4 B138AEE2 		.ascii	"\2618\256\342o\037\024\222 \362\177\214\221\311\241"
 579      6F1F1492 
ARM GAS  C:\Users\8FEE~1\AppData\Local\Temp\ccZOuOJL.s 			page 47


 579      20F27F8C 
 579      91C9A1
 580 0d03 6C5B8DF4 		.ascii	"l[\215\3649/\361\257~\\CYXC\222\354\370\361\273\030"
 580      392FF1AF 
 580      7E5C4359 
 580      584392EC 
 580      F8F1BB18 
 581 0d17 5FA4CB01 		.ascii	"_\244\313\001\375%]\274\310>\263\202z\322W\305\371\356"
 581      FD255DBC 
 581      C83EB382 
 581      7AD257C5 
 581      F9EE
 582 0d29 C37754B4 		.ascii	"\303wT\264\215\334O\276\301\264qo[a\276\375\262\027"
 582      8DDC4FBE 
 582      C1B4716F 
 582      5B61BEFD 
 582      B217
 583 0d3b 91A3985C 		.ascii	"\221\243\230\\D\216`\351\"R\224a\350Gp\021\321\323\213"
 583      448E60E9 
 583      22529461 
 583      E8477011 
 583      D1D38B
 584 0d4e C84FEF9E 		.ascii	"\310O\357\236\242\027\221\343\033)\020e\233|\007\325"
 584      A21791E3 
 584      1B291065 
 584      9B7C07D5 
 585 0d5e A517911C 		.ascii	"\245\027\221\034\374\256\302> \"04 44( $,Dg\275\365"
 585      FCAEC23E 
 585      20223034 
 585      20343428 
 585      20242C44 
 586 0d75 D3DF3A79 		.ascii	"\323\337:y\270\271)\324\276\277\361\014\324\005*\003"
 586      B8B929D4 
 586      BEBFF10C 
 586      D4052A03 
 587 0d85 7746866A 		.ascii	"wF\206j\002\002v\207\204\351\326\273\007\350\376\024"
 587      02027687 
 587      84E9D6BB 
 587      07E8FE14 
 588 0d95 F41FFE3B 		.ascii	"\364\037\376;\276\012\371\"$J\267;($< \"2\370\017!\301"
 588      BE0AF922 
 588      244AB73B 
 588      28243C20 
 588      2232F80F 
 589 0dab FFE3F60B 		.ascii	"\377\343\366\013\276\325_\027\036\036\032\345\377e\330"
 589      BED55F17 
 589      1E1E1AE5 
 589      FF65D8
 590 0dba 6E275A73 		.ascii	"n'Zs\012\214\334\345\024\274\353\213\340\240\240\340"
 590      0A8CDCE5 
 590      14BCEB8B 
 590      E0A0A0E0 
 591 0dca 20FF0D6B 		.ascii	" \377\015k\327;\271\257s\373\360\367n\376\320\376AX"
 591      D73BB9AF 
 591      73FBF0F7 
 591      6EFED0FE 
 591      4158
ARM GAS  C:\Users\8FEE~1\AppData\Local\Temp\ccZOuOJL.s 			page 48


 592 0ddc 7858F007 		.ascii	"xX\360\007\301\201_\204\370\207\204\355\010\335\035"
 592      C1815F84 
 592      F88784ED 
 592      08DD1D
 593 0deb 14ECBF2B 		.ascii	"\024\354\277+\020d\205\005\373\007\004\005\357\014\334"
 593      10648505 
 593      FB070405 
 593      EF0CDC
 594 0dfa 1DAA0BD0 		.ascii	"\035\252\013\320\3751\"8j\355W\012k\243\026\277\377"
 594      FD312238 
 594      6AED570A 
 594      6BA316BF 
 594      FF
 595 0e0b 3FD022EA 		.ascii	"?\320\"\352\217Q\376\001Q\272 \030\022\206\306\341A"
 595      8F51FE01 
 595      51BA2018 
 595      1286C6E1 
 595      41
 596 0e1c 91AA88DD 		.ascii	"\221\252\210\335\021A\221V\341Q\021\301\301A\221\352"
 596      11419156 
 596      E15111C1 
 596      C14191EA 
 597 0e2c 70A256A4 		.ascii	"p\242V\244jWxPp$1\323W\037\255]\353\012\177T\205\360"
 597      6A577850 
 597      702431D3 
 597      571FAD5D 
 597      EB0A7F54 
 598 0e42 28B70F37 		.ascii	"(\267\0177\270\206G\271~\025\030\352\032\021\036\251"
 598      B88647B9 
 598      7E1518EA 
 598      1A111EA9 
 599 0e52 8B72F5FB 		.ascii	"\213r\365\373\354\223\365\356\256>>\236\256[}\267m\377"
 599      EC93F5EE 
 599      AE3E3E9E 
 599      AE5B7DB7 
 599      6DFF
 600 0e64 833BE932 		.ascii	"\203;\3512\332\036Fp\214\322\355\202\271}\031\001\363"
 600      DA1E4670 
 600      8CD2ED82 
 600      B97D1901 
 600      F3
 601 0e75 890AD6ED 		.ascii	"\211\012\326\355\216\010\320\251}\267\021\037\250}\275"
 601      8E08D0A9 
 601      7DB7111F 
 601      A87DBD
 602 0e84 59B19515 		.ascii	"Y\261\225\025[X\341\305\012OVx\260b3+6\261\342cR\330"
 602      5B58E1C5 
 602      0A4F5678 
 602      B062332B 
 602      36B1E263 
 603 0e9a F86EF2F1 		.ascii	"\370n\362\361\010\017\333\031\362\345\017Qp\207\342"
 603      080FDB19 
 603      F2E50F51 
 603      7087E2
 604 0ea9 1F16170A 		.ascii	"\037\026\027\012\250\367ed\370\356\0102u\353\220pR\004"
 604      A8F76564 
 604      F8EE0832 
ARM GAS  C:\Users\8FEE~1\AppData\Local\Temp\ccZOuOJL.s 			page 49


 604      75EB9070 
 604      5204
 605 0ebb E8EC42C2 		.ascii	"\350\354B\302\211\230]\201Q\277\013\320)7m\321z\223"
 605      89985D81 
 605      51BF0BD0 
 605      29376DD1 
 605      7A93
 606 0ecd 1F1FA58F 		.ascii	"\037\037\245\217\307\307Z\345f?\255\026\375\027\362"
 606      C7C75AE5 
 606      663FAD16 
 606      FD17F2
 607 0edc 56ED080D 		.ascii	"V\355\010\015\016\214\224\326\223\333\206\000\235\265"
 607      0E8C94D6 
 607      93DB8600 
 607      9DB5
 608 0eea B1824128 		.ascii	"\261\202A(\336\356\251\305\333<\265*\337\337\372zj\255"
 608      DEEEA9C5 
 608      DB3CB52A 
 608      DFDFFA7A 
 608      6AAD
 609 0efc B6FBF97A 		.ascii	"\266\373\371zyyj\325\333?\373o_/\255\352\223\355\236"
 609      79796AD5 
 609      DB3FFB6F 
 609      5F2FADEA 
 609      93ED9E
 610 0f0f 5E5ABC59 		.ascii	"^Z\274Y\253\265\343,\245\323\260aC\202@\226\247\307"
 610      ABB5E32C 
 610      A5D3B061 
 610      43824096 
 610      A7C7
 611 0f21 C71E5BB6 		.ascii	"\307\036[\266j\3354\276>>~\233\266\221:\251ns\367#U"
 611      6ADD34BE 
 611      3E3E7E9B 
 611      B6913AA9 
 611      6E73F723 
 612 0f36 959F9FC7 		.ascii	"\225\237\237\307V\255\215\326\313\317K\373\271\227\347"
 612      56AD8DD6 
 612      CBCF4BFB 
 612      B997E7
 613 0f45 06ECE107 		.ascii	"\006\354\341\007\212yz\230\232~f\263\311w\263\273\217"
 613      8A797A98 
 613      9A7E66B3 
 613      C977B3BB 
 613      8F
 614 0f56 AFD7A75A 		.ascii	"\257\327\247ZRsc5c\357Om6yo^/\365z/\342\274\345\270"
 614      52736335 
 614      63EF4F6D 
 614      36796F5E 
 614      2FF57A2F 
 615 0f6e F556440A 		.ascii	"\365VD\012\264\220\322\215\357q\267\"\022h\217\267\204"
 615      B490D28D 
 615      EF71B722 
 615      12688FB7 
 615      84
 616 0f7f F05E8A70 		.ascii	"\360^\212p\263&\357j\375>\323\222\212\033\251,\366\255"
 616      B326EF6A 
 616      FD3ED392 
ARM GAS  C:\Users\8FEE~1\AppData\Local\Temp\ccZOuOJL.s 			page 50


 616      8A1BA92C 
 616      F6AD
 617 0f91 B3266FB3 		.ascii	"\263&o\263>o#\310\233\201\260\3076\255\222"
 617      3E6F23C8 
 617      9B81B0C7 
 617      36AD92
 618 0fa0 4CD20AE6 		.ascii	"L\322\012\346KJ\301Ck4\207\373FKn\337\021\276kWx\230"
 618      4B4AC143 
 618      6B3487FB 
 618      464B6EDF 
 618      11BE6B57 
 619 0fb6 6BF0D73A 		.ascii	"k\360\327:W\217O\374\266\371\201\367\331\002\330\362"
 619      578F4FFC 
 619      B6F981F7 
 619      D902D8F2 
 620 0fc6 E1D75FBB 		.ascii	"\341\327_\273R\013\357\374p\003\324ai\332j=<\002>\203"
 620      520BEFFC 
 620      7003D461 
 620      69DA6A3D 
 620      3C023E83 
 621 0fda D5EE19BC 		.ascii	"\325\356\031\274\323\232D\011b\372\377\005eQ8k"
 621      D39A4409 
 621      62FAFF05 
 621      6551386B 
 622              		.text
 623              		.section	.gnu.lto_.symtab.7bb9cfb3,"",%progbits
 624 0000 5F70616C 		.ascii	"_pal_lld_init\000"
 624      5F6C6C64 
 624      5F696E69 
 624      7400
 625 000e 00       		.ascii	"\000"
 626 000f 00       		.ascii	"\000"
 627 0010 00       		.ascii	"\000"
 628 0011 00000000 		.ascii	"\000\000\000\000\000\000\000\000"
 628      00000000 
 629 0019 F9000000 		.ascii	"\371\000\000\000"
 630 001d 5F70616C 		.ascii	"_pal_lld_setgroupmode\000"
 630      5F6C6C64 
 630      5F736574 
 630      67726F75 
 630      706D6F64 
 631 0033 00       		.ascii	"\000"
 632 0034 00       		.ascii	"\000"
 633 0035 00       		.ascii	"\000"
 634 0036 00000000 		.ascii	"\000\000\000\000\000\000\000\000"
 634      00000000 
 635 003e 3E010000 		.ascii	">\001\000\000"
 636              		.text
 637              		.section	.gnu.lto_.opts,"",%progbits
 638 0000 272D666D 		.ascii	"'-fmath-errno' '-fsigned-zeros' '-ftrapping-math' '"
 638      6174682D 
 638      6572726E 
 638      6F272027 
 638      2D667369 
 639 0033 2D666E6F 		.ascii	"-fno-trapv' '-fno-openmp' '-fno-openacc' '-mcpu=cor"
 639      2D747261 
 639      70762720 
ARM GAS  C:\Users\8FEE~1\AppData\Local\Temp\ccZOuOJL.s 			page 51


 639      272D666E 
 639      6F2D6F70 
 640 0066 7465782D 		.ascii	"tex-m7' '-mno-thumb-interwork' '-mthumb' '-ggdb' '-"
 640      6D372720 
 640      272D6D6E 
 640      6F2D7468 
 640      756D622D 
 641 0099 4F322720 		.ascii	"O2' '-fomit-frame-pointer' '-falign-functions=16' '"
 641      272D666F 
 641      6D69742D 
 641      6672616D 
 641      652D706F 
 642 00cc 2D666675 		.ascii	"-ffunction-sections' '-fdata-sections' '-fno-common"
 642      6E637469 
 642      6F6E2D73 
 642      65637469 
 642      6F6E7327 
 643 00ff 2720272D 		.ascii	"' '-flto'\000"
 643      666C746F 
 643      2700
 644              		.text
 645              		.comm	__gnu_lto_v1,1,1
 646              		.comm	__gnu_lto_slim,1,1
 647              		.ident	"GCC: (GNU Tools for ARM Embedded Processors 6-2017-q1-update) 6.3.1 20170215 (release) [AR
ARM GAS  C:\Users\8FEE~1\AppData\Local\Temp\ccZOuOJL.s 			page 52


DEFINED SYMBOLS
                            *ABS*:00000000 hal_pal_lld.c
                            *COM*:00000001 __gnu_lto_v1
                            *COM*:00000001 __gnu_lto_slim

NO UNDEFINED SYMBOLS
