ARM GAS  C:\Users\8FEE~1\AppData\Local\Temp\ccOkmyKX.s 			page 1


   1              		.cpu cortex-m7
   2              		.eabi_attribute 20, 1
   3              		.eabi_attribute 21, 1
   4              		.eabi_attribute 23, 3
   5              		.eabi_attribute 24, 1
   6              		.eabi_attribute 25, 1
   7              		.eabi_attribute 26, 1
   8              		.eabi_attribute 30, 2
   9              		.eabi_attribute 34, 1
  10              		.eabi_attribute 18, 4
  11              		.file	"hal_lld.c"
  12              		.text
  13              	.Ltext0:
  14              		.section	.gnu.lto_.profile.8abf8bd5,"",%progbits
  15 0000 789C6365 		.ascii	"x\234ce`b`a```d\250\310\001\000\001\334\000\361"
  15      60626061 
  15      60606064 
  15      A8C80100 
  15      01DC00F1 
  16              		.text
  17              		.section	.gnu.lto_.icf.8abf8bd5,"",%progbits
  18 0000 789C6365 		.ascii	"x\234ce`b\220b@\000\026\206\177\007\177_\342`\\9\377"
  18      60629062 
  18      40001686 
  18      7F077F5F 
  18      E2605C39 
  19 0015 F10126A6 		.ascii	"\361\001&\246S3W\357\342g>\275\371\376nV\006\000\262"
  19      533357EF 
  19      E2673EBD 
  19      F9FE6E56 
  19      0600B2
  20 0028 150CA1   		.ascii	"\025\014\241"
  21              		.text
  22              		.section	.gnu.lto_.jmpfuncs.8abf8bd5,"",%progbits
  23 0000 789C6365 		.ascii	"x\234ce`b\340a@\000f f\004b& \006\000\0020\000\032"
  23      6062E061 
  23      40006620 
  23      66046226 
  23      20060002 
  24              		.text
  25              		.section	.gnu.lto_.inline.8abf8bd5,"",%progbits
  26 0000 789C6365 		.ascii	"x\234ce`bpc@\000f\006\0061[F\006&\265\216\031\354\014"
  26      60627063 
  26      40006606 
  26      06315B46 
  26      0626B58E 
  27 0017 6C0BE499 		.ascii	"l\013\344\231@\202\214\014\202\222@1\251\011\247\031"
  27      40828C0C 
  27      82924031 
  27      A909A719 
  28 0027 11625C40 		.ascii	"\021b\\@\202\211\3414C\0373Pj\002\343\201%\006p9\006"
  28      8289E134 
  28      431F3350 
  28      6A02E381 
  28      25067039 
  29 003c 004A4E09 		.ascii	"\000JN\011~"
  29      7E
ARM GAS  C:\Users\8FEE~1\AppData\Local\Temp\ccOkmyKX.s 			page 2


  30              		.text
  31              		.section	.gnu.lto_.pureconst.8abf8bd5,"",%progbits
  32 0000 789C6365 		.ascii	"x\234ce`b`g```f\220b\224b\222\002\000\001\310\000c"
  32      60626067 
  32      60606066 
  32      90629462 
  32      92020001 
  33              		.text
  34              		.section	.gnu.lto_hal_lld_backup_domain_init.8abf8bd5,"",%progbits
  35 0000 789C9D94 		.ascii	"x\234\235\224MHTQ\024\307\317\271\367}8\243\343H\020"
  35      4D485451 
  35      14C7CFB9 
  35      F77D38A3 
  35      E34810
  36 0013 14B868EB 		.ascii	"\024\270h\353\306G_*-\2026\265jU{I[(\010F\266p\347\235"
  36      C6475F2A 
  36      2D8236B5 
  36      6A557B49 
  36      5B280846 
  37 002b 1A3F7042 		.ascii	"\032?pB\333\344Xdo\"\304\264t\262\354c\264r\232\321"
  37      DBE45864 
  37      6F22C4B4 
  37      74B2EC63 
  37      B4729AD1 
  38 003f 2C108DA0 		.ascii	",\020\215\240\205%$!\342P\201\324\200\211\346t?\336"
  38      85252421 
  38      E25081D4 
  38      8089E674 
  38      3FDE
  39 0051 F8C44D8D 		.ascii	"\370\304M\215\227\231s\347\335w8\277\377\377\274\363"
  39      979973E7 
  39      DD7738BF 
  39      FFFFBCF3 
  40 0061 46070225 		.ascii	"F\007\002%:\3001\000\250\344_\314\003$\327f\000\002"
  40      3AC03100 
  40      A8E45FCC 
  40      0324D766 
  40      0002
  41 0073 7984D048 		.ascii	"y\204\320H\0050\257\266\262\027X\001EM\035k\250\253"
  41      0530AFB6 
  41      B2175801 
  41      454D1D6B 
  41      A8AB
  42 0085 1F3A31AF 		.ascii	"\037:1\257N\001O0\202&O0\325\371\011\003Q\354,\017\241"
  42      4E014F30 
  42      82264F30 
  42      D5F90903 
  42      51EC2C0F 
  43 009a 89504D37 		.ascii	"\211PM7\015l\"\234 W'\015SL\264.\305HI\037\343+\036"
  43      0D6C229C 
  43      2057270D 
  43      534CB42E 
  43      C548491F 
  44 00b1 9E3F1A60 		.ascii	"\236?\032`\315\373l\012p\203\252\034\354\303\022\340"
  44      CDFB6C0A 
  44      7083AA1C 
  44      ECC312E0 
ARM GAS  C:\Users\8FEE~1\AppData\Local\Temp\ccOkmyKX.s 			page 3


  45 00c1 695F8737 		.ascii	"i_\2077\257\373\014M\235\343=4\220\357\321\017\030g"
  45      AFFB0C4D 
  45      9DE33D34 
  45      90EFD10F 
  45      1867
  46 00d3 9B995616 		.ascii	"\233\231V\026O\367b\370\324\036\0126W&\202!\202)\202"
  46      4FF762F8 
  46      D41E0A36 
  46      57268221 
  46      822982
  47 00e6 57847C11 		.ascii	"W\204|\021|\"\024\212\340\027\241H\004\200v^\220K\016"
  47      7C22148A 
  47      E017A148 
  47      0480765E 
  47      904B0E
  48 00f9 51C2379A 		.ascii	"Q\3027\232\302\304hj\255B\000z\250\220\327\325\234\230"
  48      C2C4686A 
  48      AD42007A 
  48      A890D7D5 
  48      9C98
  49 010b 353BA84D 		.ascii	"5;\250M\011\012\031w\376\004\207<\352\222-\004\230\306"
  49      090A1977 
  49      FE04873C 
  49      EA922D04 
  49      98C6
  50 011d 8F6E4FCF 		.ascii	"\217nO\317Oxm\354\011p\007\007lJq\000\213\261\037\213"
  50      4F786DEC 
  50      09700707 
  50      6C4A7100 
  50      8BB11F8B 
  51 0131 41E4CFCC 		.ascii	"A\344\317\314\266\247Mk\220\005\321\246\032\336G\033"
  51      B6A74D6B 
  51      9005D1A6 
  51      1ADE471B 
  52 0141 BBA5317C 		.ascii	"\273\2451|\200\026\244\360\312\357\026T,M\341\206\226"
  52      8016A4F0 
  52      CAEF1654 
  52      2C4DE186 
  52      96
  53 0152 C76F7945 		.ascii	"\307oyE}DFp\220W\341\212\272<\"'7\324\220\213\212\242"
  53      7D444670 
  53      9057E18A 
  53      BA3C2227 
  53      37D4908B 
  54 0168 C5EB83B4 		.ascii	"\305\353\203\264\266Q\246p\306vk\272\264\026\354\231"
  54      B651A670 
  54      C6766BBA 
  54      B416EC99 
  55 0178 5CF2A84B 		.ascii	"\\\362\250K\266\322&\255}\373\262\036\323]\236\201\303"
  55      B6D226AD 
  55      7DFBB21E 
  55      D35D9E81 
  55      C3
  56 0189 9CF7D0E1 		.ascii	"\234\367\320\341\375\354z\277P x\001qO\303G\222(\036"
  56      FDEC7ABF 
  56      50207801 
  56      714FC347 
ARM GAS  C:\Users\8FEE~1\AppData\Local\Temp\ccOkmyKX.s 			page 4


  56      92281E
  57 019c 0B3E56E6 		.ascii	"\013>V\3466Z\372u\2053\025q\261w1\342q\334\0318\302"
  57      365AFA75 
  57      85331571 
  57      B17731E2 
  57      71DC1938 
  58 01b1 0B2D62F0 		.ascii	"\013-b\360s\362\210\223$\375\212\025\242\024\332t\361"
  58      73F28893 
  58      24FD8A15 
  58      A214DA74 
  58      F1
  59 01c2 30D2CB9B 		.ascii	"0\322\313\233\307\035\363\333\305D\252\340_r\236\270"
  59      C71DF3DB 
  59      C544AAE0 
  59      5F729EB8 
  60 01d2 729EA2C5 		.ascii	"r\236\242\305\023\006V\355_\232\200k\310\230\206\317"
  60      130656ED 
  60      5F9A806B 
  60      C89886CF 
  61 01e2 546FD3CB 		.ascii	"To\323\313\231]\002\236\273\200\230\004l\365SC\300Q"
  61      995D029E 
  61      BB809804 
  61      6CF55343 
  61      C051
  62 01f4 6925C4FB 		.ascii	"i%\304\373\236\235\252\356\273\246\362\351\375\357\316"
  62      9E9DAAEE 
  62      BBA6F2E9 
  62      FDEFCE
  63 0203 CA2739E6 		.ascii	"\312'9\346r^\354\030\232|U,\035\236\236\363\253\266"
  63      725EEC18 
  63      9A7C552C 
  63      1D9E9EF3 
  63      ABB6
  64 0215 EEC7973B 		.ascii	"\356\307\227;f&\007\322+\2274.f&_:\320\201\277\301\312"
  64      662607D2 
  64      2B97342E 
  64      66265F3A 
  64      D081BFC1 
  65 022a C2CDA463 		.ascii	"\302\315\244c\301\227\353p\304\335\322\257\263\3031"
  65      C197EB70 
  65      C4DDD2AF 
  65      B3C331
  66 0239 E70C47A1 		.ascii	"\347\014G\241\2527\231Y\215;.\010&\324l|JN;V\013yF\364"
  66      AA379959 
  66      8D3B2E08 
  66      26D46C7C 
  66      4A4E3B56 
  67 0251 7B6CCDA7 		.ascii	"{l\315\2472\000\223\316\254\264S\023\370?\017\206\250"
  67      320093CE 
  67      ACB45313 
  67      F83F0F86 
  67      A8
  68 0262 B1D5EA77 		.ascii	"\261\325\352w\331V\373s{i&\244J\"TNfU:\374\"Ul\244s"
  68      D956FB73 
  68      7B6926A4 
  68      4A22544E 
  68      66553AFC 
ARM GAS  C:\Users\8FEE~1\AppData\Local\Temp\ccOkmyKX.s 			page 5


  69 027b ECA32321 		.ascii	"\354\243#!\263\236\311\370\361\315\356_\321)\227\366"
  69      B39EC9F8 
  69      F1CDEE5F 
  69      D12997F6 
  70 028b 56B4BB08 		.ascii	"V\264\273\010~\340\345H\264C\022\035o\310=\361\214\212"
  70      7EE0E548 
  70      B443121D 
  70      6FC83DF1 
  70      8C8A
  71 029d D2528B7F 		.ascii	"\322R\213\177\252kj\253j\353\033\016\226\227Y\365\015"
  71      AA6B6AAB 
  71      6AEB1B0E 
  71      969759F5 
  71      0D
  72 02ae 56CDB93A 		.ascii	"V\315\271:\353B\375\305K\015\326\231\263\247\017\037"
  72      EB42FDC5 
  72      4B0DD699 
  72      B3A70F1F 
  73 02be 52F16479 		.ascii	"R\361dyc\243\270SYWw\276\264\032\376\002\276\323\271"
  73      63A3B853 
  73      595777BE 
  73      B41AFE02 
  73      BED3B9
  74 02d1 F1       		.ascii	"\361"
  75              		.text
  76              		.section	.gnu.lto_hal_lld_init.8abf8bd5,"",%progbits
  77 0000 789CA594 		.ascii	"x\234\245\224\313k\023Q\024\306\317w\357L2\201h]\012"
  77      CB6B1351 
  77      14C6CF77 
  77      EF4C3281 
  77      685D0A
  78 0013 76E1B69B 		.ascii	"v\341\266\233\\T\260\342\037\340Bp\245{\321\270h!\020"
  78      5C54B0E2 
  78      1FE04270 
  78      A57BD1B8 
  78      682110
  79 0026 312EBACB 		.ascii	"1.\272\313\304\276\244\342c\323\324.\302\024\\\324\330"
  79      C4BEA4E2 
  79      63D3D42E 
  79      C2145CD4 
  79      D8
  80 0037 D65ADF93 		.ascii	"\326Z\337\223\372H\243\025\027\242\"\356\244T\\\024"
  80      FA48A315 
  80      17A222EE 
  80      A4545C14 
  81 0047 4A7DE3A2 		.ascii	"J}\343\242\"m=g&t\272\235\3642s\356\314}\374\3169\337"
  81      226D3D67 
  81      2674BA9D 
  81      F43273EE 
  81      CC7DFCCE 
  82 005d 99B93629 		.ascii	"\231\2716)\232\264\210\016\023\321\036\276\241\011\352"
  82      9AB4880E 
  82      13D11EBE 
  82      A109EA
  83 006c DA5BA292 		.ascii	"\332[\242\222\243\000yp\035PQ\241\210\253zD\2431\270"
  83      A3007970 
  83      1D5051A1 
ARM GAS  C:\Users\8FEE~1\AppData\Local\Temp\ccOkmyKX.s 			page 6


  83      88AB7A44 
  83      A331B8
  84 007f E4AB8E71 		.ascii	"\344\253\216q\227[}\344cr\300\355\337\355i\242Q\276"
  84      975B7DE4 
  84      6372C0ED 
  84      DFED69A2 
  84      51BE
  85 0091 A5611C1D 		.ascii	"\245a\034\035\304\313\276\314\254\017\357HX\3418n\""
  85      C4CBBECC 
  85      AC0FEF48 
  85      58E1386E 
  85      22
  86 00a2 01EEA73F 		.ascii	"\001\356\247?\240\356\256o\014\272\36577\260pt\227\""
  86      A0EEAE6F 
  86      0CBAF537 
  86      37B07074 
  86      9722
  87 00b4 4FC316E3 		.ascii	"O\303\026\343\210I\211I\213!\032\342}\342\374\222V\322"
  87      88498949 
  87      8B211AE2 
  87      7DE2FC92 
  87      56D2
  88 00c6 EB65346A 		.ascii	"\353e4j\313\337\263B\252h\305\016\312\375\215w\311+"
  88      CBDFB342 
  88      AA68C50E 
  88      CAFD8D77 
  88      C92B
  89 00d8 DAD30AE2 		.ascii	"\332\323\012\342\257\2572\277\224\012_\335\237\027]"
  89      AFAF32BF 
  89      940A5FDD 
  89      9F175D
  90 00e7 8B875616 		.ascii	"\213\207V\026\377\371\266\207J\211C\335\353i\215[hG"
  90      FFF9B687 
  90      4A8943DD 
  90      EB698D5B 
  90      6847
  91 00f9 15ED24EB 		.ascii	"\025\355$\353\177\227\337\177N\233)\267\017\236\266"
  91      7F97DF7F 
  91      4E9B29B7 
  91      0F9EB6
  92 0108 30010FD7 		.ascii	"0\001\017\327\203\0140\011C\354\354\217#\256\342Q\246"
  92      830C3009 
  92      43ECEC8F 
  92      23AEE251 
  92      A6
  93 0119 22CA6D18 		.ascii	"\"\312m\030\236^x]\235\320\022\024\260\301\255\015\323"
  93      9E5E785D 
  93      9DD01214 
  93      B0C1AD0D 
  93      D3
  94 012a BC2F3EBC 		.ascii	"\274/>\274$s\026\356D\370\231\000\277)\201\005\302\335"
  94      247316EE 
  94      44F89900 
  94      BF298105 
  94      C2DD
  95 013c 105DABFE 		.ascii	"\020]\253\376\320\241Hv\274\340\357\005t\251\022\356"
  95      D0A14876 
ARM GAS  C:\Users\8FEE~1\AppData\Local\Temp\ccOkmyKX.s 			page 7


  95      BCE0EF05 
  95      74A912EE 
  96 014c B72EC183 		.ascii	"\267.\301\203\210\362\020f{\371>\212X\217\231\265\231"
  96      88F21066 
  96      7BF93E8A 
  96      588F99B5 
  96      99
  97 015d E06A3341 		.ascii	"\340j3A'^h~\200S\202\253\005\011\366\256\016 $\245B"
  97      275E687E 
  97      805382AB 
  97      0509F6AE 
  97      0E2024A5 
  98 0172 D8E5B5C5 		.ascii	"\330\345\265\305\271-\345\332\211\331\320e9\025_\210"
  98      B92DE5DA 
  98      89D9D065 
  98      39155F88 
  99 0182 2791B7A7 		.ascii	"'\221\267\2470\354\242u\035\236E\250\347[u\370\333\324"
  99      30ECA275 
  99      1D9E45A8 
  99      E75B75F8 
  99      DBD4
 100 0194 211D2FB2 		.ascii	"!\035/\262z\200\013~\313\271\326\013\335\210(/\266["
 100      7A800B7E 
 100      CBB9D60B 
 100      DD88282F 
 100      B65B
 101 01a6 E897116B 		.ascii	"\350\227\021k\276\231\340\012z\307~\265\011L6\370\376"
 101      BE99E00A 
 101      7AC77EB5 
 101      094C36F8 
 101      FE
 102 01b7 D74FC9E2 		.ascii	"\327O\311\342\232\353x\332\036\225/\002\257P\344s\""
 102      9AEB78DA 
 102      1E952F02 
 102      AF50E473 
 102      22
 103 01c8 41DF7061 		.ascii	"A\337palv8(cp\374\014\361,\037\027,\326\241L\306\360"
 103      6C763828 
 103      6370FC0C 
 103      F12C1F17 
 103      2CD6A14C 
 104 01de 95EDEA3E 		.ascii	"\225\355\352>\335\235/\354\353<h\362\005\323u*g\316"
 104      DD9D2FEC 
 104      EB3C68F2 
 104      05D3752A 
 104      67CE
 105 01f0 E6CF9D2F 		.ascii	"\346\317\235/\230\343'\216\035\330\037\332#\235==2s"
 105      98E3278E 
 105      1DD81FDA 
 105      239D3D3D 
 105      3273
 106 0202 32973B93 		.ascii	"2\227;\223\311\322\177\242\215\223l"
 106      C9D27FA2 
 106      8D936C
 107              		.text
 108              		.section	.gnu.lto_stm32_clock_init.8abf8bd5,"",%progbits
 109 0000 789CA558 		.ascii	"x\234\245X[p\024E\024\235;\263\257\231\354f\363~\362"
ARM GAS  C:\Users\8FEE~1\AppData\Local\Temp\ccOkmyKX.s 			page 8


 109      5B701445 
 109      149D3BB3 
 109      AF99EC66 
 109      F37EF2
 110 0013 48012908 		.ascii	"H\001)\010\037,\0200)\375\332\262\312?\277\360\337\222"
 110      1F2C1030 
 110      29FDDAB2 
 110      CA3FBFF0 
 110      DF92
 111 0025 500A2555 		.ascii	"P\012%UX`Y\3741\011\233\004\222\010\210\010H\031\026"
 111      586059FC 
 111      31099B04 
 111      92088808 
 111      481916
 112 0038 0B11A221 		.ascii	"\013\021\242!\001yH\000!\006b\036\004\002\0305\004$"
 112      01794800 
 112      2106621E 
 112      04021835 
 112      0424
 113 004a 18C863E5 		.ascii	"\030\310c\345\215\221G\022\262\366\355\356\331^\006"
 113      8D914712 
 113      B2F6EDEE 
 113      D95E06
 114 0059 2D98752B 		.ascii	"-\230u+u{\267\357\314\271\347\236{\273{&vI\226\016'"
 114      757BB7EF 
 114      CCB9E79E 
 114      7BBB7B26 
 114      7649960E 
 115 006e 4AD2EB92 		.ascii	"J\322\353\222$-\007I\202l\011\344\015\347$\251\330%"
 115      242D0749 
 115      826C09E4 
 115      0DE724A9 
 115      D825
 116 0080 83C2BE28 		.ascii	"\203\302\276(rVU\213$\351\232-\340\224tw\026\233\367"
 116      7256558B 
 116      24E99A2D 
 116      E0947477 
 116      169BF7
 117 0093 DBC0CEFC 		.ascii	"\333\300\316\374v9\223\371\035\324\237\311\346\375\016"
 117      763993F9 
 117      1DD49FC9 
 117      E6FD0E
 118 00a2 7032BF53 		.ascii	"p2\277S\316`~\027\365g\260y\277\013T\346W\345t\346\327"
 118      CE607E17 
 118      F567B079 
 118      BF0B54E6 
 118      57E574E6 
 119 00b7 A83F9DCD 		.ascii	"\250?\235\315\3735\210c\37689\215\371\335\324\237\306"
 119      FB358863 
 119      FE38398D 
 119      F9DDD49F 
 119      C6
 120 00c8 E6FD6EF0 		.ascii	"\346\375n\3600\277GNe\376x\352Oe\363\376xH\302\021\222"
 120      30BF474E 
 120      65FE78EA 
 120      4F65F3FE 
 120      7848C211 
ARM GAS  C:\Users\8FEE~1\AppData\Local\Temp\ccOkmyKX.s 			page 9


 121 00dd E414E6F6 		.ascii	"\344\024\346\366Rw\012\233\366{!\201\335\236 '3\177"
 121      52770A9B 
 121      F67B2181 
 121      DD9E2027 
 121      337F
 122 00ef 22F527B3 		.ascii	"\"\365'\263y\177\"\000\216\272\013\244U\262\222e\263"
 122      797F2200 
 122      8EBA0BA4 
 122      55B29265 
 122      B3
 123 0100 673A9C19 		.ascii	"g:\234\031.5]\213Ks{R\343\223R\274\011\311\211\260J"
 123      2E355D8B 
 123      4B737B52 
 123      E39352BC 
 123      09C989B0 
 124 0115 5524F6B1 		.ascii	"U$\366\261\363\321\311G\225\217q|\364\3601\211\217\011"
 124      F3D1C947 
 124      958F717C 
 124      F4F03189 
 124      8F09
 125 0127 7C5CAF6C 		.ascii	"|\\\257lQ\240\251|\240A\316\333\255\223O\343\226q\255"
 125      51A0A97C 
 125      A041CEDB 
 125      AD934FE3 
 125      9671AD
 126 013a 4C2FCD08 		.ascii	"L/\315\010\022\340\31798\354\206<\211\\\326\267\177"
 126      12E0CF39 
 126      38EC863C 
 126      895CD6B7 
 126      7F
 127 014b FC338FC3 		.ascii	"\3743\217\303\306\346a\0178H\305\244\372\213\320\250"
 127      C6E6610F 
 127      3848C5A4 
 127      FA8BD0A8 
 128 015b 8F87CBF5 		.ascii	"\217\207\313\365\306[;\341\300\202WmRP\001;\032'\032"
 128      C65B3BE1 
 128      C082576D 
 128      5250013B 
 128      1A271A
 129 016e 171A158D 		.ascii	"\027\032\025\215\206\306\215&\036\215\027M\002\232D"
 129      86C68D26 
 129      1E8D174D 
 129      029A44
 130 017d 34296852 		.ascii	"4)hR\321\244\243\311@\223\205&\033\315D4\223\320LF\223"
 130      D1A4A3C9 
 130      40938526 
 130      1BCD4434 
 130      93D04C46 
 131 0192 83660A9A 		.ascii	"\203f\012\232\251h\246\241\311E3\035\315\0144yhf\242"
 131      A968A6A1 
 131      C945331D 
 131      CD0C3479 
 131      6866A2
 132 01a5 F1A1998D 		.ascii	"\361\241\231\215f.\232|4\363\320\314GS\200\246\020\215"
 132      662E9A7C 
 132      34F3D0CC 
 132      475380A6 
ARM GAS  C:\Users\8FEE~1\AppData\Local\Temp\ccOkmyKX.s 			page 10


 132      108D
 133 01b7 245590BC 		.ascii	"$U\220\274H\021*\025\231\014J\010\232\206\207:J5L\224"
 133      48112A15 
 133      990C4A08 
 133      9A86873A 
 133      4A354C94 
 134 01cb 24BFB9B4 		.ascii	"$\277\271\264\251\323\271N\011*2\240\026\201\352\346"
 134      A9D3B94E 
 134      092A32A0 
 134      1681EAE6 
 135 01db 0195FDD4 		.ascii	"\001\225\375\324\357\255\321md\352f\357h\203=\010\325"
 135      EFADD16D 
 135      64EA66EF 
 135      68833D08 
 135      D5
 136 01ec C544C61D 		.ascii	"\305D\306\035YAE\201o`\002\324\300\004\011ox\260\371"
 136      59414581 
 136      6F6002D4 
 136      C004096F 
 136      78B0F9
 137 01ff FC35B76F 		.ascii	"\3745\267o\257\036(\326s\202\212\015\276\205 l\245\002"
 137      AF1E28D6 
 137      73828A0D 
 137      BE85206C 
 137      A502
 138 0211 432DF8C8 		.ascii	"C-\370\310\005=\007\202\351\010h\003}\215\256\003\354"
 138      053D0782 
 138      E9086803 
 138      7D8DAE03 
 138      EC
 139 0222 2537520E 		.ascii	"%7R\016=\245N3\007;\345\360\345\323@\235\312~\352\327"
 139      3DA54E33 
 139      073BE5F0 
 139      E5D3409D 
 139      CA7EEAD7 
 140 0236 8A2987ED 		.ascii	"\212)\207\355\035WNkQ\034\034PO8\324q\016\347:+\206"
 140      1D574E6B 
 140      511C1C50 
 140      4F38D471 
 140      0EE73A2B 
 141 024b 9D511CF6 		.ascii	"\235Q\034\366Q\016XE\330O94\327\215\364\251\234\204"
 141      510E5845 
 141      D84F3934 
 141      D78DF4A9 
 141      9C84
 142 025d AEC0778C 		.ascii	"\256\300w\214\302\321\320\325~\007R\250V\314y\346\374"
 142      C2D1D0D5 
 142      7E0752A8 
 142      56CC79E6 
 142      FC
 143 026e 679A8020 		.ascii	"g\232\200 \007h\000\031\003\034$\205\010\301\352\307"
 143      07680019 
 143      031C2485 
 143      08C1EAC7 
 144 027e 65C090EC 		.ascii	"e\300\220\354\014\354\340\351\2262\027F\004\3629\304"
 144      0CECE0E9 
 144      96321746 
ARM GAS  C:\Users\8FEE~1\AppData\Local\Temp\ccOkmyKX.s 			page 11


 144      04F239C4 
 145 028e E26D5679 		.ascii	"\342mVy\276\026\"\035\026\221\276\007\037\201'\337*"
 145      BE16221D 
 145      1691BE07 
 145      1F8127DF 
 145      2A
 146 029f 1545228B 		.ascii	"\025E\"\213H\241)\364\366;Y`\347K\003s\225\216\010\350"
 146      48A129F4 
 146      F63B5960 
 146      E74B0373 
 146      958E08E8 
 147 02b3 0696C458 		.ascii	"\006\226\304XY\233\235\201\271\030^s\370Q\243\227e!"
 147      599B9D81 
 147      B9185E73 
 147      F851A397 
 147      6521
 148 02c5 C3518273 		.ascii	"\303Q\202s\003\002=\247:x\252.rE\375\255\206'\036v\205"
 148      03023DA7 
 148      3A78AA2E 
 148      7245FDAD 
 148      86271E76 
 149 02da 04C73092 		.ascii	"\004\3070\222\204\015\227%\221\305\017\225\212\215w"
 149      840D9725 
 149      91C50F95 
 149      8A8D77
 150 02e9 DCD1D0ED 		.ascii	"\334\321\320\355]\234\247jM\200\343\224%]\231?\030,"
 150      5D9CA76A 
 150      4D80E394 
 150      255D993F 
 150      182C
 151 02fb 797C8D81 		.ascii	"y|\215\201\235xX\372\021c0\026\016\207\275p\"v\265O"
 151      9D7858FA 
 151      11633016 
 151      0E87BD70 
 151      2276B54F 
 152 030f 8A608DA8 		.ascii	"\212`\215\250\266F\333\244\346\016W\305m\015\355G\201"
 152      B646DBA4 
 152      E60E57C5 
 152      6D0DED47 
 152      81
 153 0320 D644A9C7 		.ascii	"\326D\251\307\304\351\224@9\215\234\334\264\003\354"
 153      C4E99440 
 153      398D9CDC 
 153      B403EC
 154 032f A203EE36 		.ascii	"\242\003\3566se\343\255v@\263\200\376\311\320\366\022"
 154      7365E3AD 
 154      7640B380 
 154      FEC9D0F6 
 154      12
 155 0340 CFD5CBF0 		.ascii	"\317\325\313\360F\2076]\002\246\256\033ZX\007\\\216"
 155      4687365D 
 155      02A6AE1B 
 155      5A58075C 
 155      8E
 156 0351 748037AA 		.ascii	"t\2007\252\344\231\274\344\216H\311G\215\325\225`-\343"
 156      E499BCE4 
 156      8E48C947 
ARM GAS  C:\Users\8FEE~1\AppData\Local\Temp\ccOkmyKX.s 			page 12


 156      8DD59560 
 156      2DE3
 157 0363 56D1986D 		.ascii	"V\321\230m\246\222'2\260\372\266\322\026\316\352\011"
 157      A6922732 
 157      B0FAB6D2 
 157      16CEEA09 
 158 0373 407BEC05 		.ascii	"@{\354\005?#Bu\240\270\211lk\032\333\345\374\027\254"
 158      3F234275 
 158      A0B8896C 
 158      6B1ADBE5 
 158      FC17AC
 159 0386 176F7E67 		.ascii	"\027o~g\205\240\347\350\306\023\331\331ldyt\032\333"
 159      85A0E7E8 
 159      C613D9D9 
 159      6C647974 
 159      1ADB
 160 0398 4EC52017 		.ascii	"N\305 \027&\305\032\333\363\202\355\005\323\266\223"
 160      26C51ADB 
 160      F382ED05 
 160      D3B693
 161 03a7 CAC01EF4 		.ascii	"\312\300\036\364\366\226\3043at=\005.\306\256\314\317"
 161      F696C433 
 161      61743D05 
 161      2EC6AECC 
 161      CF
 162 03b8 2256172A 		.ascii	"\"V\027*\223J\333\316)\332n}\013o\273t\253m\367\213"
 162      934ADBCE 
 162      29DA6E7D 
 162      0B6FBB74 
 162      AB6DF78B 
 163 03cc 80FED5A8 		.ascii	"\200\376\325\250o\003o\273\014\206wj\373\366\200l\344"
 163      6F036FBB 
 163      0C86776A 
 163      FBF6806C 
 163      E4
 164 03dd E182DFCC 		.ascii	"\341\202\337\314[OFT\343e\360\306sEN\267\332r-\246\362"
 164      5B4F4654 
 164      E365F0C6 
 164      73454EB7 
 164      DA722DA6 
 165 03f2 75536236 		.ascii	"uSb6$v\211\226\357p\270\346\220\207\225oCwq\253\004"
 165      24768996 
 165      EF70B8E6 
 165      9087956F 
 165      437771AB 
 166 0407 3D4609EB 		.ascii	"=F\011\353\214\022fY\223\365\262\310\375\212\251\204"
 166      8C126659 
 166      93F5B2C8 
 166      FD8AA984 
 167 0417 D90CEC42 		.ascii	"\331\014\354B\377H\247j\244Nr\377=\366\032^\025\301"
 167      FF48A76A 
 167      A44E72FF 
 167      3DF61A5E 
 167      15C1
 168 0429 7AB186D9 		.ascii	"z\261\206\331\264\206\252\250a\203Q\303\211\24636\347"
 168      B486AAA8 
 168      618351C3 
ARM GAS  C:\Users\8FEE~1\AppData\Local\Temp\ccOkmyKX.s 			page 13


 168      89A63336 
 168      E7
 169 043a 4547EC35 		.ascii	"EG\3545\012\215\247\021\374a\336:&1\274\313\355G\272"
 169      0A8DA711 
 169      FC61DE3A 
 169      2631BCCB 
 169      ED47BA
 170 044d 9C462200 		.ascii	"\234F\"\000}\346\032N\212\252a:\257\241\026\331<N\226"
 170      7DE61A4E 
 170      8AAA613A 
 170      AFA116D9 
 170      3C4E96
 171 0460 736A935F 		.ascii	"sj\223_\232\032\315\371\2728\373o\230\004\316a`\203"
 171      9A1ACDF9 
 171      BA38FB6F 
 171      9804CE61 
 171      6083
 172 0472 776AAB22 		.ascii	"wj\253\"\274l\320o\322\327B\254\001\021k\020\365\315"
 172      BC6CD06F 
 172      D2D742AC 
 172      01116B10 
 172      F5CD
 173 0484 A1FAC609 		.ascii	"\241\372\306\011}[\007y\022S\254\352;$\364\015\031\372"
 173      7D5B0779 
 173      1253ACEA 
 173      3B24F40D 
 173      19FA
 174 0496 86B8BE53 		.ascii	"\206\270\276S\011\036\245\375\214\234S\243\344L\343"
 174      091EA5FD 
 174      8C9C53A3 
 174      E44CE3
 175 04a5 72BA2372 		.ascii	"r\272#r\266\033rN\263\226\342\237\"\305\233&9s\011\030"
 175      B61B724E 
 175      B396E29F 
 175      22C59B26 
 175      39730918 
 176 04b9 5D9931AA 		.ascii	"]\2311\252wK@\337F\365r\251z\036\241\336\031C\275\351"
 176      774B40DF 
 176      46F572A9 
 176      7A1EA1DE 
 176      1943BDE9 
 177 04cd 56D5BB23 		.ascii	"V\325\273#\324\273kVo\006\301{~C\231\021\245^*U\257"
 177      D4BB6B56 
 177      6F06C17B 
 177      7E439911 
 177      A55E2A55 
 178 04e2 428947F5 		.ascii	"B\211G\365*\225$d\004\224Q\267\301(\317\352\236wO,\305"
 178      2A952464 
 178      049451B7 
 178      C128CFEA 
 178      9E774F2C 
 179 04f7 FBE687AD 		.ascii	"\373\346\207\255\231\014\357L\270\352\256=\262\360\023"
 179      990CEF4C 
 179      B8EAAE3D 
 179      B2F013
 180 0506 E08199E3 		.ascii	"\340\201\231\343\314(\216)\274\302\336\310\246WQ\023"
 180      CC288E29 
ARM GAS  C:\Users\8FEE~1\AppData\Local\Temp\ccOkmyKX.s 			page 14


 180      BCC2DEC8 
 180      A6575113 
 181 0516 DB99F597 		.ascii	"\333\231\365\2278\263\206\351\246\327q\262>\216?+\357"
 181      38B386E9 
 181      A6D771B2 
 181      3E8E3F2B 
 181      EF
 182 0527 190828F0 		.ascii	"\031\010(\3607\271\261\037Jv\014~5\011\267\247\300\276"
 182      37B9B11F 
 182      4A760C7E 
 182      3509B7A7 
 182      C0BE
 183 0539 2F14743B 		.ascii	"/\024t;\001\237s\357\237\335v\235\0368.\310\301\203"
 183      019F73EF 
 183      9FDD769D 
 183      1E382EC8 
 183      C183
 184 054b B9AFB259 		.ascii	"\271\257\262YS^\243\217\361\273\253\273B\216\334\235"
 184      535EA38F 
 184      F1BBABBB 
 184      428EDC9D 
 185 055b BA5EA237 		.ascii	"\272^\2427\266B\253n\013**<\006\205\274f\301#B\350!"
 185      B642AB6E 
 185      0B2A2A3C 
 185      0685BC66 
 185      C12342E8 
 186 0570 4F46BC81 		.ascii	"OF\274\201\221\303<\227\276\200\021.#\3445\214\374\304"
 186      91C33C97 
 186      BE80112E 
 186      23E4358C 
 186      FCC4
 187 0582 101B87BA 		.ascii	"\020\033\207\272hD\025Jl0\312\033.\264'\244\341E\346"
 187      6844154A 
 187      6C30CA1B 
 187      2EB427A4 
 187      E145E6
 188 0595 7C174A2F 		.ascii	"|\027J/Jx\214&\354\300\204\237\202\317\000$\247FMl\247"
 188      4A788C26 
 188      ECC0849F 
 188      82CF0024 
 188      A7464D6C 
 189 05aa C638C5C3 		.ascii	"\3068\305\303\027T\010\023\274N\003\357x\333s\3577\032"
 189      17540813 
 189      BC4E03EF 
 189      78DB73EF 
 189      371A
 190 05bc 1566685F 		.ascii	"\025fh_\313\210\207\375\324\037\263w\254\226\255\372"
 190      CB8887FD 
 190      D41FB377 
 190      AC96ADFA 
 191 05cc 7E2D3A85 		.ascii	"~-:\2058(\226'\200.\263\220\201\207-\233\034Q!Kd\014"
 191      38289627 
 191      802EB390 
 191      81872D9B 
 191      1C51214B 
 192 05e2 E9C290AB 		.ascii	"\351\302\220\253e\254\331\221\033\003\265\274hk\035"
 192      65ACD991 
ARM GAS  C:\Users\8FEE~1\AppData\Local\Temp\ccOkmyKX.s 			page 15


 192      1B03B5BC 
 192      686B1D
 193 05f1 1090F929 		.ascii	"\020\220\371)\325Z\303\373\325g\355\340(\225#=Q&?\273"
 193      D55AC3FB 
 193      D567EDE0 
 193      2895233D 
 193      51263FBB 
 194 0605 EA671330 		.ascii	"\352g\0230\372*\020\343\231T.\240\327\310d\325\317\246"
 194      FA2A10E3 
 194      99542EA0 
 194      D7C864D5 
 194      CFA6
 195 0617 AB3E41AC 		.ascii	"\253>A\254\372\2666\316y\256\3255\266V@W\310\2463)\237"
 195      FAB636CE 
 195      79AED535 
 195      B6564057 
 195      C8A63329 
 196 062c E03DFFFC 		.ascii	"\340=\377\374\232OP\266\035\033n\347\313\316\005\225"
 196      9A4F50B6 
 196      1D1B6EE7 
 196      CBCE0595 
 197 063c B2B1C092 		.ascii	"\262\261\300\222\371\002K\214l\241\335K\330M\363\254"
 197      F9024B8C 
 197      6CA1DD4B 
 197      D84DF3AC 
 198 064c 255C4559 		.ascii	"%\\EY\341\377-\340c\223\226\363\011\030=\027c\324r\235"
 198      E1FF2DE0 
 198      639396F3 
 198      09183D17 
 198      63D4729D 
 199 0660 805E8F5A 		.ascii	"\200^\217Z\316\247UW\031x\2015\254\015\024KC\254OL4"
 199      CEA75557 
 199      19788135 
 199      AC0D144B 
 199      43AC4F4C 
 200 0675 0B09D8FF 		.ascii	"\013\011\330\377\241\271Q@\177\2124\013\245\333\270"
 200      A1B95140 
 200      7F8A340B 
 200      A5DBB8
 201 0684 9D7C0D6C 		.ascii	"\235|\015l\251S\271\201\310Lv\307\302Y\263|\344\257"
 201      A953B981 
 201      C84C76C7 
 201      C259B37C 
 201      E4AF
 202 0696 68F19285 		.ascii	"h\361\222\205K\226\255\230S\360\212o\331\012\337\342"
 202      4B96AD98 
 202      53F08A6F 
 202      D90ADFE2 
 203 06a6 7796FA3E 		.ascii	"w\226\372>X\266\374\303\025\276\005o\275\231?\227\331"
 203      58B6FCC3 
 203      15BE056F 
 203      BD993F97 
 203      D9
 204 06b7 370A56AE 		.ascii	"7\012V\256D\317\333K\227.\232U$\271\026\025\275_\364"
 204      44CFDB4B 
 204      972E9A55 
 204      24B91615 
ARM GAS  C:\Users\8FEE~1\AppData\Local\Temp\ccOkmyKX.s 			page 16


 204      BD5FF4
 205 06ca EE7BCBE7 		.ascii	"\356{\313\347\374\003\011a\331\331"
 205      FC030961 
 205      D9D9
 206              		.text
 207              		.section	.gnu.lto_.symbol_nodes.8abf8bd5,"",%progbits
 208 0000 789C6365 		.ascii	"x\234ce`b\360f\000\002\246EL\365\014\014\023\31610\000"
 208      6062F066 
 208      0002A645 
 208      4CF50C0C 
 208      13CE3130 
 209 0015 A99D0D07 		.ascii	"\251\235\015\007\033\330\200b\213\231\352\031ab\273"
 209      1BD88062 
 209      8B99EA19 
 209      6162BB
 210 0024 1A1C8122 		.ascii	"\032\034\201\"K\230\352\231PDX\027214*\001\015`fd`8"
 210      4B98EA99 
 210      50445817 
 210      3231342A 
 210      010D6066 
 211 003b D4FE469E 		.ascii	"\324\376F\236\001\000\346[\022x"
 211      0100E65B 
 211      1278
 212              		.text
 213              		.section	.gnu.lto_.refs.8abf8bd5,"",%progbits
 214 0000 789C6365 		.ascii	"x\234ce`b`d\000\002\000\000I\000\011"
 214      60626064 
 214      00020000 
 214      490009
 215              		.text
 216              		.section	.gnu.lto_.decls.8abf8bd5,"",%progbits
 217 0000 789CCD58 		.ascii	"x\234\315XyPT\311\031\177\375z8\346\020\014X)kc\245"
 217      795054C9 
 217      197FFD7A 
 217      38E6100C 
 217      58296B63 
 218 0015 28174B2A 		.ascii	"(\027K*\311\202\203\033\335\244*\211:\036X\353n\254"
 218      C982831B 
 218      DDA42A89 
 218      3A1E58EB 
 218      6EAC
 219 0027 19632A55 		.ascii	"\031c*U\244\246\020\306H-\207+\230hUR\365\004\024\274"
 219      A4A610C6 
 219      482D872B 
 219      98685552 
 219      F50414BC 
 220 003b 75955550 		.ascii	"u\225UP\024\020W\021D<\020\220k\344\022Q<\360\002\004"
 220      14105711 
 220      443C1090 
 220      6BE41251 
 220      3CF00204 
 221 004f 045116CF 		.ascii	"\004Q\026\317EQQt%_w\277\3074ofs\374\223\312+\177o\372"
 221      45515174 
 221      255F77BF 
 221      C7346F66 
 221      73FC93CA 
 222 0067 EBFEF5D7 		.ascii	"\353\376\365\327\337\325\375\032\335\004QX6N\020fbA"
ARM GAS  C:\Users\8FEE~1\AppData\Local\Temp\ccOkmyKX.s 			page 17


 222      DFD5FD1A 
 222      DD045158 
 222      364E1066 
 222      6241
 223 0079 58840461 		.ascii	"X\204\004a\030\036\215 \010G\005\307\003CB\001\240\020"
 223      181E8D20 
 223      084705C7 
 223      03434201 
 223      A010
 224 008b 70020034 		.ascii	"p\002\0004\241J\030\375\374\031:=\340w1`2\340*\3402"
 224      A14A18FD 
 224      FC193A3D 
 224      E0773160 
 224      32E02AE0 
 225 00a0 A01A1008 		.ascii	"\240\032\020\010c\277@LO\003`\034\264\233d=\005\202"
 225      63BF404C 
 225      4F03601C 
 225      B49B643D 
 225      0582
 226 00b2 F313A6D2 		.ascii	"\363\023\246\322\245\314'\272\202\020\263\215\330\350"
 226      A5CC27BA 
 226      8210B38D 
 226      D8E8
 227 00c0 07ED4980 		.ascii	"\007\355I\200\237\001\364\000Q\266\321\225N\033\214"
 227      9F01F400 
 227      51B6D195 
 227      4E1B8C
 228 00cf 1B7E40A7 		.ascii	"\033~@\247b\253\017\261\015P\006\230\015c\263\210^h"
 228      62AB0FB1 
 228      0D500698 
 228      0D63B388 
 228      5E68
 229 00e1 7F8098DD 		.ascii	"\177\200\230\335\223\341w,\340G\262\375?\205_-\340w"
 229      93E1772C 
 229      E047B2FD 
 229      3F855F2D 
 229      E077
 230 00f3 001D600C 		.ascii	"\000\035`\014b>\235p\261\376.\214No\256\255\020;Q;\002"
 230      623E9D70 
 230      B1FE2E8C 
 230      4E6FAEAD 
 230      103B513B 
 231 0108 3BD158DA 		.ascii	";\321X\332\213\020{#\012*\016+\017B\264\037zEAV\254"
 231      8B107B23 
 231      0A2A0E2B 
 231      0F42B41F 
 231      7A454156 
 232 011d 74216586 		.ascii	"t!e\206,\213\262(\312*\351?y2\3424\262a\266\222\362"
 232      2C8BB228 
 232      CA2AE93F 
 232      7932E234 
 232      B261B692 
 233 0132 B03CB006 		.ascii	"\260<\260\006\235\246\314F\242c\001\204\370\011\234"
 233      9DA6CC46 
 233      A2630184 
 233      F8099C
 234 0141 4266B63C 		.ascii	"Bf\266<>b\237\340p\016)\336?K\273\330\253\273\203:H"
ARM GAS  C:\Users\8FEE~1\AppData\Local\Temp\ccOkmyKX.s 			page 18


 234      3E629FE0 
 234      700E29DE 
 234      3F4BBBD8 
 234      ABBB833A 
 235 0156 6FE60C44 		.ascii	"o\346\014D\3732Z\262+E,\"\322\276\363\346\360\334\300"
 235      FB325AB2 
 235      2B452C22 
 235      D2BEF3E6 
 235      F0DCC0
 236 0169 7C893D9E 		.ascii	"|\211=\236\277q\204\255nx\320\356\275\005#\037\035\022"
 236      BF7184AD 
 236      6E78D0EE 
 236      BD05231F 
 236      1D12
 237 017b 416CEEBF 		.ascii	"Al\356\277\230\241\007q\234\016\215\005\361\365\232"
 237      98A10771 
 237      9C0E8D05 
 237      F1F59A
 238 018a 1B6775E3 		.ascii	"\033gu\343\277\246\263\022\245\261\"Z\374c\224\217&"
 238      BFA6B312 
 238      A5B1225A 
 238      FC63948F 
 238      26
 239 019b A03C3401 		.ascii	"\240<4\001\026?\212\306\303{\211\206i\332\323VR\341"
 239      163F8AC6 
 239      C37B8986 
 239      69DAD356 
 239      52E1
 240 01ad 3D3153B2 		.ascii	"=1S\262wI\366\301\332\237d\234\220\244\2650MCh(\027"
 240      7749F6C1 
 240      DA9F649C 
 240      90A4B530 
 240      4D436828 
 241 01c2 61740405 		.ascii	"at\004\005\022\223\241\011\357\303\350\016B\207P'8T"
 241      1293A109 
 241      EFC3E80E 
 241      42875027 
 241      3854
 242 01d4 8026C2F4 		.ascii	"\200&\302\364\264}[\0131\266Rk\327\264\036L\327\200"
 242      B47D5B0B 
 242      31B6526B 
 242      D7B41E4C 
 242      D780
 243 01e6 AA4C5075 		.ascii	"\252LPus\237!M\262'\200&\221j:\346\320tL\255\251\220"
 243      739F214D 
 243      B2278026 
 243      916A3AE6 
 243      D0744CAD 
 244 01fc 6A92FACA 		.ascii	"j\222\372\312\332\275q\024\325\224|\264\353\260A\326"
 244      DABD7114 
 244      D5947CB4 
 244      EBB041D6 
 245 020c 34F4F351 		.ascii	"4\364\363Q\212\216;\024\035W+:A\025u4\344\346a\010\306"
 245      8A8E3B14 
 245      1D572B3A 
 245      41157534 
 245      E4E66108 
ARM GAS  C:\Users\8FEE~1\AppData\Local\Temp\ccOkmyKX.s 			page 19


 246 0221 641D22F9 		.ascii	"d\035\"\371\360\206\256c\217K\337\214a]D}\363\326\347"
 246      F086AE63 
 246      8F4BDF8C 
 246      615D447D 
 246      F3D6E7
 247 0234 391EF81F 		.ascii	"9\036\370\037\264}5\251p/f\221\324\220\2144\245\367"
 247      B47D35A9 
 247      702F6691 
 247      D4908C34 
 247      A5F7
 248 0246 78B148FA 		.ascii	"x\261H\372\355\302bZ\343\255j\015\012\320}CBi?\227\373"
 248      EDC2625A 
 248      E3AD6A0D 
 248      0AD07D43 
 248      42693F97 
 249 025b DBB4E792 		.ascii	"\333\264\347\222\344\207J\221\016\0259\014\231\254\203"
 249      E4874A91 
 249      0E15390C 
 249      99AC83
 250 026a 778A2425 		.ascii	"w\212$%H\333\022%m\210\200\212!\330\247!\330\250\004"
 250      48DB1225 
 250      6D88808A 
 250      21D8A721 
 250      D8A804
 251 027d 05904509 		.ascii	"\005\220E\011\017\235\202\316\223\320\011\253\344\346"
 251      0F9D82CE 
 251      93D009AB 
 251      E4E6
 252 028b 6CCF76C7 		.ascii	"l\317v\307ki\222\305\372\312\333-\032\244\013p\251\240"
 252      6B6992C5 
 252      FACADB2D 
 252      1AA40B70 
 252      A9A0
 253 029d DC850266 		.ascii	"\334\205\002f\314\340\371\211\365kIT\312\300\2303\016"
 253      CCE0F989 
 253      F56B4954 
 253      CAC09833 
 253      0E
 254 02ae 63C03696 		.ascii	"c\3006\226\331\014\373\320k\003\270B\306\245\213\303"
 254      D90CFBD0 
 254      6B03B842 
 254      C6A58BC3 
 255 02be BDA4AF30 		.ascii	"\275\244\2570\347\376\207X\302\324\363\027\303Y\251"
 255      E7FE8758 
 255      C2D4F317 
 255      C359A9
 256 02cd FA4907A4 		.ascii	"\372I\007\244\314jPv\3177\0352\257\245\344J\246l\304"
 256      CC6A5076 
 256      CF371D32 
 256      AFA5E44A 
 256      A66CC4
 257 02e0 0881F654 		.ascii	"\010\201\366T\020s\252\320$\230\231^\366\242\321\215"
 257      1073AAD0 
 257      2498995E 
 257      F6A2D18D 
 258 02f0 C5CC13C4 		.ascii	"\305\314\023\304\353\2457R\364x\033\323\232\222\277"
 258      EBA53752 
ARM GAS  C:\Users\8FEE~1\AppData\Local\Temp\ccOkmyKX.s 			page 20


 258      F4781BD3 
 258      9A92BF
 259 02ff A506EB52 		.ascii	"\245\006\353RH\341\375'\276\300\214'=\375{\274\361N"
 259      48E1FD27 
 259      BEC08C27 
 259      3DFD7BBC 
 259      F14E
 260 0311 79FAF1E3 		.ascii	"y\372\361\343\273\3658\215\011JY\373\260\262>\335{\276"
 260      BBF5388D 
 260      094A59FB 
 260      B0B23EDD 
 260      7BBE
 261 0323 5EC77223 		.ascii	"^\307r#!\222\272\246\314\215\032\234A\271\356\375\035"
 261      2192BAA6 
 261      CC8D1A9C 
 261      41B9EEFD 
 261      1D
 262 0334 593B74C8 		.ascii	"Y;t\310\337\337?\300\327?[JJ\224\354\267\036\177\\y"
 262      DFDF3FC0 
 262      D73F5B4A 
 262      4A94ECB7 
 262      1E7F5C79 
 263 0348 A07113F8 		.ascii	"\240q\023\370\207P5\270U\013N\\D\276\016{\202\210kF"
 263      875035B8 
 263      550B4E5C 
 263      44BE0E7B 
 263      82886B46 
 264 035c 78096CC2 		.ascii	"x\011l\302P%\206RK\302\224}V\315\266#\025\275\272\212"
 264      50258652 
 264      4BC2947D 
 264      56CDB623 
 264      15BDBA8A 
 265 0370 A39F734D 		.ascii	"\243\237sM/&o9a\235D\2754\226\320\0049Y\344\331N\006"
 265      2F266F39 
 265      619D44BD 
 265      3496D004 
 265      3959E4D9 
 266 0386 B749D20C 		.ascii	"\267I\322\014\215\200\352av\035\235Ht\221\034\\\200"
 266      8D80EA61 
 266      761D9D48 
 266      74911C5C 
 266      80
 267 0397 9835207F 		.ascii	"\2305 \177\324\0048\017hD\376t\0263\341U%\316\205\264"
 267      D404380F 
 267      6844FE74 
 267      1633E155 
 267      25CE85B4 
 268 03ab AD77A736 		.ascii	"\255w\2476\324\270t\220\231@\262v\242\266\312\003\367"
 268      D4B87490 
 268      9940B276 
 268      A2B6CA03 
 268      F7
 269 03bc 605674A7 		.ascii	"`Vt\247/l\025\221o\200\253\325\321\025X\364\337\031"
 269      2F6C1591 
 269      6F80ABD5 
 269      D11558F4 
 269      DF19
ARM GAS  C:\Users\8FEE~1\AppData\Local\Temp\ccOkmyKX.s 			page 21


 270 03ce C07CBA54 		.ascii	"\300|\272T\205\023%\011\241\313\300\276\344\250A\342"
 270      85132509 
 270      A1CBC0BE 
 270      E4A841E2 
 271 03de 225DB337 		.ascii	"\"]\2637\265\244Xo\3300R\331\224\350\250\253\253\310"
 271      B5A4586F 
 271      D83052D9 
 271      94E8A8AB 
 271      ABC8
 272 03f0 400F45F8 		.ascii	"@\017E\370\005\362@\355\341\001\371P\333F\362\233\337"
 272      05F240ED 
 272      E101F950 
 272      DB46F29B 
 272      DF
 273 0401 74AE5DDE 		.ascii	"t\256]\336\232)Dn8\262\363\206\026\177\307j#swC\202"
 273      9A29446E 
 273      38B2F386 
 273      167FC76A 
 273      23737743 
 274 0416 885F3341 		.ascii	"\210_3A\251\014\037\2712rJ\272\336!\234\250\241\203"
 274      A90C1FB9 
 274      32724ABA 
 274      DE219CA8 
 274      A183
 275 0428 F6FA4D4F 		.ascii	"\366\372MO\020\336\302\204\224\356\344k2\3635\221\213"
 275      10DEC284 
 275      94EEE46B 
 275      32F33591 
 275      8B
 276 0439 9FE6158F 		.ascii	"\237\346\025\217a5e'\362p\365`\313\030\274\223\2217"
 276      61356527 
 276      F270F560 
 276      CB18BC93 
 276      9137
 277 044b 9CBED6A9 		.ascii	"\234\276\326\251!\265,\311\326\303,\207\361\355d\243"
 277      21B52CC9 
 277      D6C32C87 
 277      F1ED64A3 
 278 045b 418CD114 		.ascii	"A\214\321\024Z\306\251\025\251E^>\333\344x\372i\350"
 278      5AC6A915 
 278      A9455E3E 
 278      DBE478FA 
 278      69E8
 279 046d 566A0336 		.ascii	"Vj\0036\253\204\016\344\243\314\241\353<h=\240ev\364"
 279      AB840EE4 
 279      A3CCA1EB 
 279      3C683DA0 
 279      6576F4
 280 0480 137957E9 		.ascii	"\023yW\351\335~/\274\217\255\273\275\346\345\200\036"
 280      DD7E2FBC 
 280      8FADBBBD 
 280      E6E5801E 
 281 0490 6733A13D 		.ascii	"g3\241={\347A\015c\366\321m\375\356]\222\006\037b\203"
 281      7BE7410D 
 281      63F6D16D 
 281      FDEE5D92 
 281      061F6283 
ARM GAS  C:\Users\8FEE~1\AppData\Local\Temp\ccOkmyKX.s 			page 22


 282 04a4 0965ADDB 		.ascii	"\011e\255\333\345\220u\321\035\223\260#\307\035\037"
 282      E59075D1 
 282      1D93B023 
 282      C71D1F
 283 04b3 67836F9F 		.ascii	"g\203o\237\036\352w\307eL(\356N\255\222\027l!r\315\300"
 283      1EEA77C7 
 283      654C28EE 
 283      4EAD9217 
 283      6C2172CD 
 284 04c8 DE67065C 		.ascii	"\336g\006\\\307\006\327\346\\\337\344\201/3\341ZoV\222"
 284      C706D7E6 
 284      5CDFE481 
 284      2F33E15A 
 284      6F5692
 285 04db 8131AF10 		.ascii	"\2011\257\020y\340\366\346z\003ne\203\265\015=\327<"
 285      79E0F6E6 
 285      7A036E65 
 285      83B50D3D 
 285      D73C
 286 04ed 710F1336 		.ascii	"q\017\0236\326\025\325\313\011j\240\037\200\276\302"
 286      D615D5CB 
 286      096AA01F 
 286      80BEC2
 287 04fc 648C9FC8 		.ascii	"d\214\237\310\013\312\221\365\221#\373\354J\315\006"
 287      0BCA91F5 
 287      9123FBEC 
 287      4ACD06
 288 050b 2D1E6483 		.ascii	"-\036d\203M\353\277J\025\3610\023\016\367\356\335\""
 288      4DEBBF4A 
 288      15F13013 
 288      0EF7EEDD 
 288      22
 289 051c 2FF80909 		.ascii	"/\370\011\011\315\236\376\014\003Nv\243c\345\007\326"
 289      CD9EFE0C 
 289      034E76A3 
 289      63E507D6 
 290 052c E67AE2ED 		.ascii	"\346z\342\355L(+.\257\227\317\235) &]\332\334n\300i"
 290      4C282B2E 
 290      AF97CF9D 
 290      2920265D 
 290      DADC6EC0 
 291 0541 6CACA02F 		.ascii	"l\254\240/\331\356\201\263\230\260g\240\343\201\354"
 291      D9EE81B3 
 291      98B067A0 
 291      E381EC
 292 0550 6C0051D2 		.ascii	"l\000Q\322\364&\337\013\347\2621\345\204\367\241'<*"
 292      F426DF0B 
 292      E7B231E5 
 292      84F7A127 
 292      3C2A
 293 0562 BF5D1484 		.ascii	"\277]\024\204O\262\241\254\276\322\035\336\270\234\011"
 293      4FB2A1AC 
 293      BED21DDE 
 293      B89C09
 294 0571 4F93EE77 		.ascii	"O\223\356w\311\207\317x\020\273;\276\335\340\205\353"
 294      C987CF78 
 294      10BB3BBE 
ARM GAS  C:\Users\8FEE~1\AppData\Local\Temp\ccOkmyKX.s 			page 23


 294      DDE085EB 
 295 0581 D8D8BAAA 		.ascii	"\330\330\272\252\324\012-\276\314\204\332\256N\204["
 295      D40A2DBE 
 295      CC84DAAE 
 295      4E845B
 296 0590 58FBD106 		.ascii	"X\373\321\006{\253\210\273\231\220[\272\271\333\015"
 296      7BAB88BB 
 296      99905BBA 
 296      B9DB0D
 297 059f 3F64424F 		.ascii	"?dBOq\322+\015~\312\204\274w\373\256h\361\000\023\256"
 297      71D22B0D 
 297      7ECA84BC 
 297      77FBAE68 
 297      F10013AE 
 298 05b3 9CE9BAEF 		.ascii	"\234\351\272\357\205\3372\341a\325\272{rBw\322=p\243"
 298      85DF32E1 
 298      61D5BA7B 
 298      724277D2 
 298      3D70A3
 299 05c6 AB0BB1FA 		.ascii	"\253\013\261\372\314\324\222\361\215\373r4\370=%\177"
 299      CCD492F1 
 299      8DFB7234 
 299      F83D257F 
 300 05d6 38703FF1 		.ascii	"8p?\361\226;9\363\224\307Wi\004\370\217z\344\323\342"
 300      963B39F3 
 300      94C75769 
 300      04F88F7A 
 300      E4D3E2
 301 05e9 027F5AB4 		.ascii	"\002\177Z\264\300v\335!r\247\305M\365\001\327|\221;"
 301      C076DD21 
 301      72A7C54D 
 301      F501D77C 
 301      913B
 302 05fb E0924515 		.ascii	"\340\222E\025\275\331\211\336\310\321\277Sk\177\312"
 302      BDD989DE 
 302      C8D1BF53 
 302      6B7FCA
 303 060a 9D878CDF 		.ascii	"\235\207\214\337v\236\343\017\251\371o\234\370\325<"
 303      769EE30F 
 303      A9F96F9C 
 303      F8D53C
 304 0619 FFBD9AFF 		.ascii	"\377\275\232\377NmN\343\005\216~OM\357qR?\304\363o\271"
 304      4E6D4EE3 
 304      058E7E4F 
 304      4DEF7152 
 304      3FC4F36F 
 305 062e 0E8EC227 		.ascii	"\016\216\302'G\337\303\013x\015\345\303\316F\267e\276"
 305      47DFC30B 
 305      780DE5C3 
 305      CE46B765 
 305      BE
 306 063f B2DF51AB 		.ascii	"\262\337Q\253\332\234\273\015\234\372\004u0\235>.m<"
 306      DA9CBB0D 
 306      9CFA0475 
 306      309D3E2E 
 306      6D3C
 307 0651 3D514D0F 		.ascii	"=QM\017R\033\177\227\217\375#\265\361\017\034\332\371"
ARM GAS  C:\Users\8FEE~1\AppData\Local\Temp\ccOkmyKX.s 			page 24


 307      521B7F97 
 307      8FFD23B5 
 307      F10F1CDA 
 307      F9
 308 0662 F37E9D38 		.ascii	"\363~\2358\001\255\025\311\020a\223\303~\257\030\200"
 308      01AD15C9 
 308      106193C3 
 308      7EAF1880 
 309 0672 0E89FE68 		.ascii	"\016\211\376h;`\033`\017 \023p\020\260\011p\030p\004"
 309      3B601B60 
 309      0F201370 
 309      10B00970 
 309      187004
 310 0685 B011B01B 		.ascii	"\260\021\260\033p\000\260\013\220\005\310\000\244\003"
 310      7000B00B 
 310      9005C800 
 310      A403
 311 0693 3600B201 		.ascii	"6\000\262\001_\001\366\003\276\006|\003\310\001l\006"
 311      5F01F603 
 311      BE067C03 
 311      C8016C06 
 312 06a3 E4027602 		.ascii	"\344\002v\002\322\000[\001)\200-\200T\300>\300z\221"
 312      D2005B01 
 312      29802D80 
 312      54C03EC0 
 312      7A91
 313 06b5 FFC2B5F1 		.ascii	"\377\302\265\361Y\351R;\326\351\364M\346K\366\206\232"
 313      59E9523B 
 313      D6E9F44D 
 313      E64BF686 
 313      9A
 314 06c6 7E4D4D7F 		.ascii	"~MM\177\316\207\255OM\357u\242\363\025\370RM\177\341"
 314      CE87AD4F 
 314      4DEF75A2 
 314      F315F852 
 314      4D7FE1
 315 06d9 542277CF 		.ascii	"T\"w\317s%\362Z]\"\203N%\302\373z\307\265\257|\322\033"
 315      7325F25A 
 315      5D22834E 
 315      25C2FB7A 
 315      C7B5AF7C 
 316 06ef 79EBFB5D 		.ascii	"y\353\373]o8N\375C\276\244\326\270\256@\376\276R\337"
 316      6F384EFD 
 316      43BEA4D6 
 316      B8AE40FE 
 316      BE52DF
 317 0702 C0EE2B40 		.ascii	"\300\356+@\343\357+\331\344cn\257oT\316\022\362\231"
 317      E3EF2BD9 
 317      E4636EAF 
 317      6F54CE12 
 317      F299
 318 0714 7BAE5EFC 		.ascii	"{\256^\374\231\263\261|f\256\273\316\014\317\177\310"
 318      99B3B17C 
 318      66AEBBCE 
 318      0CCF7FC8 
 319 0724 3BF7D075 		.ascii	";\367\320uE\363\374\347\274w\222\332\273:u0\206\370"
 319      45F3FCE7 
ARM GAS  C:\Users\8FEE~1\AppData\Local\Temp\ccOkmyKX.s 			page 25


 319      BC7792DA 
 319      BB3A7530 
 319      86F8
 320 0736 540EB836 		.ascii	"T\016\2706\337\350\310d[#\227\311'\352L>v\0125\257\375"
 320      DFE8C864 
 320      5B2397C9 
 320      27EA4C3E 
 320      760A35AF 
 321 074b 95EB42E1 		.ascii	"\225\353B\341\253\226O\374}\327G\025o;\357\352\260\232"
 321      AB964FFC 
 321      7DD74715 
 321      6F3BEFEA 
 321      B09A
 322 075d 5E37BA0C 		.ascii	"^7\272\014!WCJ(I\252\276u]\345|(\233y\375I.\317\036"
 322      2157434A 
 322      2849AABE 
 322      755DE57C 
 322      289B79FD 
 323 0775 A3437BE3 		.ascii	"\243C{\343yN\373\367\256\217e~S4\363\347\346]u(\273"
 323      794EFBF7 
 323      AE8F657E 
 323      5334F3E7 
 323      E65D7528 
 324 078a 9DBE2A7C 		.ascii	"\235\276*|(\337\272\376J\030\345\033\356\313\374\374"
 324      28DFBAFE 
 324      4A18E51B 
 324      EECBFCFC 
 325 079a 0E3D4E76 		.ascii	"\016=Nv\2477\334]Y)EZ\325\015W9\361\320Q8\350\376\037"
 325      A737DC5D 
 325      5929455A 
 325      D50D5739 
 325      F1D05138 
 326 07b1 0F3DB6F3 		.ascii	"\017=\266\363z/\262[u>X\230'\216\334\252\311F\244~\366"
 326      7A2FB25B 
 326      753E5898 
 326      278EDCAA 
 326      C946A47E 
 327 07c6 1C7C5CE4 		.ascii	"\034|\\\344\305\337\252\363E\376"
 327      C5DFAAF3 
 327      45FE
 328 07d0 565D20B2 		.ascii	"V] \262[5\374\222\377Cx}\253\323\300\223\311_\321\016"
 328      5B35FC92 
 328      FF43787D 
 328      ABD3C093 
 328      C95FD10E 
 329 07e4 F231D130 		.ascii	"\3621\3210\362\2079\345\337|\222\361\225\033\336A\203"
 329      F28739E5 
 329      DF7C92F1 
 329      951BDE41 
 329      83
 330 07f5 889EA7D7 		.ascii	"\210\236\247\327?\322\3414&\354)8\222\204\361^&\264"
 330      3FD2E134 
 330      26EC2938 
 330      9284F15E 
 330      26B4
 331 0807 97AFA9F5 		.ascii	"\227\257\251\365\3029L\350\336\237p\317\015\3472\241"
 331      C2394CE8 
ARM GAS  C:\Users\8FEE~1\AppData\Local\Temp\ccOkmyKX.s 			page 26


 331      DE9F70CF 
 331      0DE732A1 
 332 0817 A4E24930 		.ascii	"\244\342I0\273\301L\000\351L\3073\273\374_\023]\344"
 332      BBC14C00 
 332      E94CC733 
 332      BBFC5F13 
 332      5DE4
 333 0829 42B3FF51 		.ascii	"B\263\377Q_\227\036\037\245T\355\367%\265Yp\201\361"
 333      5F971E1F 
 333      A554EDF7 
 333      25B55970 
 333      81F1
 334 083b 95AF2C2C 		.ascii	"\225\257,,\343\357w\363\327\224\223\340\177\351\017"
 334      E3EF77F3 
 334      D79493E0 
 334      7FE90F
 335 084a 7CFBF8D4 		.ascii	"|\373\370\324\236\206\324\026\321\217Y\251\234\327J"
 335      9E86D416 
 335      D18F59A9 
 335      9CD74A
 336 0859 C86B15C4 		.ascii	"\310k\025\304\266\004P\006\260\003\312\001\025\2003"
 336      B6045006 
 336      B003CA01 
 336      158033
 337 0868 A33E3277 		.ascii	"\243>2w\323\270\032+V/\350t\263\250\346\351'\324t\247"
 337      D3B81A2B 
 337      562FE874 
 337      B3A8E6E9 
 337      27D474A7 
 338 087c 4F79739A 		.ascii	"Oys\232j;\225\376\313\223\251\215\247\027\272\246\363"
 338      6A3B95FE 
 338      CB93A98D 
 338      A717BAA6 
 338      F3
 339 088d C774EF6E 		.ascii	"\307t\357nvL\227\252\217iz\345\033\025\313S.c\311\337"
 339      764C97AA 
 339      8F697AE5 
 339      1B15CB53 
 339      2E63C9DF 
 340 08a1 99F8B58F 		.ascii	"\231\370\265\217\273\366l\344\357\311u\255R\213\036"
 340      BBF66CE4 
 340      EFC975AD 
 340      528B1E
 341 08b0 9F62BBAD 		.ascii	"\237b\273\255\241\257/O\257\332mJJP\015d\342\277\311"
 341      A1AF2F4F 
 341      AFDA6D4A 
 341      4A500D64 
 341      E2BFC9
 342 08c3 0A73EC69 		.ascii	"\012s\354i\032\333\005\3250\363\254c\027\224*\273\340"
 342      1ADB05D5 
 342      30F3AC63 
 342      17942ABB 
 342      E0
 343 08d4 CAEDDCBC 		.ascii	"\312\355\334\274Q\273\240z\324.\250\225w\001\371\375"
 343      51BBA07A 
 343      D42EA895 
 343      7701F9FD 
ARM GAS  C:\Users\8FEE~1\AppData\Local\Temp\ccOkmyKX.s 			page 27


 344 08e4 60595894 		.ascii	"`YX\2245**\302\272$,\374\213\225\313\255\021\261\321"
 344      352A2AC2 
 344      BA242CFC 
 344      8B95CBAD 
 344      11B1D1
 345 08f7 619131D6 		.ascii	"a\2211\326\310\230\310x\317y\237\377\301\317d4\012\237"
 345      C898C878 
 345      CF799FFF 
 345      C1CF6434 
 345      0A9F
 346 0909 040606C1 		.ascii	"\004\006\006\301\277\360e\221K\"c\343\214\323\247\005"
 346      BFF06591 
 346      4B2263E3 
 346      8CD3A705 
 347 0919 C5C605C1 		.ascii	"\305\306\005\301\274\240\345\261+\342\343\202,\213>"
 347      BCA0E5B1 
 347      2BE2E382 
 347      2C8B3E
 348 0928 9B1ACCDE 		.ascii	"\233\032\314\336s\247\257Z\025$k\014\014\027\014\212"
 348      73A7AF5A 
 348      15246B0C 
 348      0C170C8A 
 349 0938 72A26E6C 		.ascii	"r\242nl\\|\364\324`kxTl\370\027\264Cg\265\256\214\214"
 349      5C7CF4D4 
 349      606B7854 
 349      6CF817B4 
 349      4367B5AE 
 350 094e 8987BEF8 		.ascii	"\211\207\276\370\277G\374:\224\252\217\213_\031\021"
 350      BF47FC3A 
 350      94AA8F8B 
 350      5F1911
 351 095d 196B5DBE 		.ascii	"\031k]\276\302\366\327H\333\337\214\277\342{C\343cc"
 351      C2F6D748 
 351      DBDF8CBF 
 351      E27B43E3 
 351      6363
 352 096f A3E242FF 		.ascii	"\243\342B\377\022\263\322\217\266\374\302VD\373\331"
 352      12B3D28F 
 352      B6FCC256 
 352      44FBD9
 353 097e A297D822 		.ascii	"\242\227\330\"\"l\021\241\323\002\247\372\005O1N\377"
 353      226C11A1 
 353      D302A7FA 
 353      054F314E 
 353      FF
 354 098f D2180AFD 		.ascii	"\322\030\012\375\037\305\304\306\330>\262\205-\211\014"
 354      1FC5C4C6 
 354      D83EB285 
 354      2D890C
 355 099e 8D8C098F 		.ascii	"\215\214\011\217Z\031a\013\215\016\003]1\266Pk\204m"
 355      5A19610B 
 355      8D0E035D 
 355      31B6506B 
 355      846D
 356 09b0 69D8CAA8 		.ascii	"i\330\312\250xk\374\352\345\266\270\300e\202\247b\305"
 356      786BFCEA 
 356      E5B6B8C0 
ARM GAS  C:\Users\8FEE~1\AppData\Local\Temp\ccOkmyKX.s 			page 28


 356      6582A762 
 356      C5
 357 09c1 97FF032B 		.ascii	"\227\377\003+\342V\307\205Z\343\342#`IX\332\333\262"
 357      E256C785 
 357      5AE3E223 
 357      604958DA 
 357      DBB2
 358 09d3 3A2EDE16 		.ascii	":.\336\026m\212]a3\221\270`\2239Xc\262\230\215\3200"
 358      6D8A5D61 
 358      3391B860 
 358      93395863 
 358      B2988DD0 
 359 09e8 9246F00C 		.ascii	"\222F\360\014W\261\017\217\215\216\216\215\011\262\255"
 359      57B10F8F 
 359      8D8E8E8D 
 359      09B2AD
 360 09f7 8A0F327D 		.ascii	"\212\0172}f\231o\201\340s\361\247q^:}\032\264a\011\375"
 360      66996F81 
 360      E073F1A7 
 360      715E3A7D 
 360      1AB46109 
 361 0a0c C23F9AAD 		.ascii	"\302?\232\255\213\300\325\331\266\245\236\263M\237\232"
 361      8BC0D5D9 
 361      B6A59EB3 
 361      4D9F9A
 362 0a1b E6CE331B 		.ascii	"\346\3163\033u\013\027,\260\314\234O\332\2449?\330B"
 362      750B172C 
 362      B0CC9C4F 
 362      DAA4393F 
 362      D842
 363 0a2d 9A6E168B 		.ascii	"\232n\026\213i\236Yk\236c\231c^<g\3664\014\006hf\315"
 363      699E596B 
 363      9E639963 
 363      5E3C67F6 
 363      340C0668 
 364 0a43 3639BA7E 		.ascii	"69\272~\251\235\271pV\360\202\205s>7\223\226\221\265"
 364      A99DB970 
 364      56F08285 
 364      733E3793 
 364      9691B5
 365 0a56 94D18FB5 		.ascii	"\224\321\217\2653CfM\225GCFx!j\336T\017\242\005z\310"
 365      3343664D 
 365      95474346 
 365      78216ADE 
 365      540FA205 
 366 0a6c AF911F09 		.ascii	"\257\221\037\011\366 \032\350H\210\314\010\031\3150"
 366      F6201AE8 
 366      4888CC08 
 366      19CD30
 367 0a7b 7A92B966 		.ascii	"z\222\271f\313\"3i\030Icdl\212'\231\315\306B\024R\010"
 367      CB223369 
 367      18496364 
 367      6C8A2799 
 367      CDC64214 
 368 0a91 2361D37C 		.ascii	"#a\323|\263\2068\351\001\376\222_\321dV\302\021\254"
 368      B38638E9 
 368      01FE925F 
ARM GAS  C:\Users\8FEE~1\AppData\Local\Temp\ccOkmyKX.s 			page 29


 368      D16456C2 
 368      11AC
 369 0aa3 379B4C4A 		.ascii	"7\233LJ\214\334~\277p\221\311,Z\314\036\320\370t\316"
 369      8CDC7EBF 
 369      7091C92C 
 369      5ACC1ED0 
 369      F874CE
 370 0ab6 9FCC1AF2 		.ascii	"\237\314\032\362\3023Mfw:b\0343w\301LK\210B\377'\302"
 370      C2334D66 
 370      773A621C 
 370      3377C14C 
 370      4B8842FF 
 371 0acc B9B298   		.ascii	"\271\262\230"
 372              		.text
 373              		.section	.gnu.lto_.symtab.8abf8bd5,"",%progbits
 374 0000 68616C5F 		.ascii	"hal_lld_init\000"
 374      6C6C645F 
 374      696E6974 
 374      00
 375 000d 00       		.ascii	"\000"
 376 000e 00       		.ascii	"\000"
 377 000f 00       		.ascii	"\000"
 378 0010 00000000 		.ascii	"\000\000\000\000\000\000\000\000"
 378      00000000 
 379 0018 B0000000 		.ascii	"\260\000\000\000"
 380 001c 73746D33 		.ascii	"stm32_clock_init\000"
 380      325F636C 
 380      6F636B5F 
 380      696E6974 
 380      00
 381 002d 00       		.ascii	"\000"
 382 002e 00       		.ascii	"\000"
 383 002f 00       		.ascii	"\000"
 384 0030 00000000 		.ascii	"\000\000\000\000\000\000\000\000"
 384      00000000 
 385 0038 B2000000 		.ascii	"\262\000\000\000"
 386 003c 53797374 		.ascii	"SystemCoreClock\000"
 386      656D436F 
 386      7265436C 
 386      6F636B00 
 387 004c 00       		.ascii	"\000"
 388 004d 00       		.ascii	"\000"
 389 004e 00       		.ascii	"\000"
 390 004f 00000000 		.ascii	"\000\000\000\000\000\000\000\000"
 390      00000000 
 391 0057 BF000000 		.ascii	"\277\000\000\000"
 392              		.text
 393              		.section	.gnu.lto_.opts,"",%progbits
 394 0000 272D666D 		.ascii	"'-fmath-errno' '-fsigned-zeros' '-ftrapping-math' '"
 394      6174682D 
 394      6572726E 
 394      6F272027 
 394      2D667369 
 395 0033 2D666E6F 		.ascii	"-fno-trapv' '-fno-openmp' '-fno-openacc' '-mcpu=cor"
 395      2D747261 
 395      70762720 
 395      272D666E 
ARM GAS  C:\Users\8FEE~1\AppData\Local\Temp\ccOkmyKX.s 			page 30


 395      6F2D6F70 
 396 0066 7465782D 		.ascii	"tex-m7' '-mno-thumb-interwork' '-mthumb' '-ggdb' '-"
 396      6D372720 
 396      272D6D6E 
 396      6F2D7468 
 396      756D622D 
 397 0099 4F322720 		.ascii	"O2' '-fomit-frame-pointer' '-falign-functions=16' '"
 397      272D666F 
 397      6D69742D 
 397      6672616D 
 397      652D706F 
 398 00cc 2D666675 		.ascii	"-ffunction-sections' '-fdata-sections' '-fno-common"
 398      6E637469 
 398      6F6E2D73 
 398      65637469 
 398      6F6E7327 
 399 00ff 2720272D 		.ascii	"' '-flto'\000"
 399      666C746F 
 399      2700
 400              		.text
 401              		.comm	__gnu_lto_v1,1,1
 402              		.comm	__gnu_lto_slim,1,1
 403              		.ident	"GCC: (GNU Tools for ARM Embedded Processors 6-2017-q1-update) 6.3.1 20170215 (release) [AR
ARM GAS  C:\Users\8FEE~1\AppData\Local\Temp\ccOkmyKX.s 			page 31


DEFINED SYMBOLS
                            *ABS*:00000000 hal_lld.c
                            *COM*:00000001 __gnu_lto_v1
                            *COM*:00000001 __gnu_lto_slim

NO UNDEFINED SYMBOLS
