ARM GAS  C:\Users\8FEE~1\AppData\Local\Temp\ccShUXTm.s 			page 1


   1              		.cpu cortex-m7
   2              		.eabi_attribute 20, 1
   3              		.eabi_attribute 21, 1
   4              		.eabi_attribute 23, 3
   5              		.eabi_attribute 24, 1
   6              		.eabi_attribute 25, 1
   7              		.eabi_attribute 26, 1
   8              		.eabi_attribute 30, 2
   9              		.eabi_attribute 34, 1
  10              		.eabi_attribute 18, 4
  11              		.file	"main.c"
  12              		.text
  13              	.Ltext0:
  14              		.section	.gnu.lto_.profile.7b6d4c93,"",%progbits
  15 0000 789C6365 		.ascii	"x\234ce`b`a```d\360\022\001\000\001(\000k"
  15      60626061 
  15      60606064 
  15      F0120100 
  15      0128006B 
  16              		.text
  17              		.section	.gnu.lto_.icf.7b6d4c93,"",%progbits
  18 0000 789C6365 		.ascii	"x\234ce`b\340e@\000&\206\033\307\233\264\230\316,jx"
  18      6062E065 
  18      40002686 
  18      1BC79BB4 
  18      98CE2C6A 
  19 0015 CDCD0000 		.ascii	"\315\315\000\000&\012\005H"
  19      260A0548 
  20              		.text
  21              		.section	.gnu.lto_.jmpfuncs.7b6d4c93,"",%progbits
  22 0000 789C758F 		.ascii	"x\234u\217=\016\202@\024\204\337\260\313Ol\274\200\205"
  22      3D0E8240 
  22      1484DFB0 
  22      CB4F6CBC 
  22      8085
  23 0012 07F16EA0 		.ascii	"\007\361n\240\211\221X\330h\320\306PP\250\200(\205\211"
  23      899158D8 
  23      68D0C650 
  23      50A88028 
  23      8589
  24 0024 7446294D 		.ascii	"tF)M8\20070\\\301(\273\253B\241\257\332\314\354|\357"
  24      38803730 
  24      5CC128BB 
  24      AB42A1AF 
  24      DACCEC7C 
  25 0039 8D4E1AF5 		.ascii	"\215N\032\365@\337\021O\003s\206,+o\246\375p,\237Q\300"
  25      40DF114F 
  25      0373862C 
  25      2B6FA6FD 
  25      702C9F51 
  26 004e 84B3824D 		.ascii	"\204\263\202M\340$\314\303\350\232\266&\314g\250f\215"
  26      E024CCC3 
  26      E89AB626 
  26      CC67A866 
  26      8D
  27 005f 0E49F518 		.ascii	"\016I\365\030zSK\250\032\366w`#\364?\254\260fy\303s"
  27      7A534BA8 
ARM GAS  C:\Users\8FEE~1\AppData\Local\Temp\ccShUXTm.s 			page 2


  27      1AF67760 
  27      23F43FAC 
  27      B06679C3 
  28 0074 612A1621 		.ascii	"a*\026!\222,\025\345\277\243q\035m\230,`\325\351\330"
  28      922C15E5 
  28      BFA3711D 
  28      6D982C60 
  28      D5E9D8
  29 0087 2A536E75 		.ascii	"*Snu\243Y\300\004\230\303Y\270\016GRQa\311\344\270_"
  29      A359C004 
  29      98C359B8 
  29      0E475251 
  29      61C9E4B8 
  30 009c 5EDAC2D3 		.ascii	"^\332\302\323\341\234\010\273O\205$\215\227\206\320"
  30      E19C08BB 
  30      4F85248D 
  30      9786D0
  31 00ab 0D0CAA16 		.ascii	"\015\014\252\026\252A3\230\347\317\002\357`\027\251"
  31      AA413398 
  31      E7CF02EF 
  31      6017A9
  32 00ba 3A57FE23 		.ascii	":W\376#z\001\2164O\372"
  32      7A018E34 
  32      4FFA
  33              		.text
  34              		.section	.gnu.lto_.inline.7b6d4c93,"",%progbits
  35 0000 789C6365 		.ascii	"x\234ce`bp`@\000F\006\006\261S@\222\011\310f\001\223"
  35      60627060 
  35      40004606 
  35      06B15340 
  35      9209C866 
  36 0016 0C2CBC0C 		.ascii	"\014,\274\014\014\314H43\017\003H\002]\230\221\013\244"
  36      0CCC4834 
  36      330F0348 
  36      025D9891 
  36      0BA4
  37 0028 18005715 		.ascii	"\030\000W\025\001\236"
  37      019E
  38              		.text
  39              		.section	.gnu.lto_.pureconst.7b6d4c93,"",%progbits
  40 0000 789C6365 		.ascii	"x\234ce`b`f```d0\001\000\000\240\000@"
  40      60626066 
  40      60606064 
  40      30010000 
  40      A00040
  41              		.text
  42              		.section	.gnu.lto_main.7b6d4c93,"",%progbits
  43 0000 789C8D54 		.ascii	"x\234\215T\317O\023A\024~\337\276\245-\225\202Z=h\032"
  43      CF4F1341 
  43      147EDFBE 
  43      A52D9582 
  43      5A3D681A 
  44 0014 D30B072E 		.ascii	"\323\013\007.\036\275\233\370\217\030\343\201\003\306"
  44      1EBD9BF8 
  44      8F18E381 
  44      03C6
  45 0022 70D0E30E 		.ascii	"p\320\343\016\025\204\324DMDp\215d7ib\221\"P\025\245"
ARM GAS  C:\Users\8FEE~1\AppData\Local\Temp\ccShUXTm.s 			page 3


  45      1584D444 
  45      4D44708D 
  45      64376962 
  45      91225015 
  46 0037 22B296FA 		.ascii	"\"\262\226\372\003\203\020L8y\363\307\245\240F\275\010"
  46      0383104C 
  46      3879F3C7 
  46      A5A046BD 
  46      08
  47 0048 C6E29BDD 		.ascii	"\306\342\233\335\306\010)\225Ivg\346\315\233\357\373"
  47      C6082995 
  47      497667E6 
  47      CD9BEFFB 
  48 0058 DE379969 		.ascii	"\3367\231i \203\016\232Dq\":&\037\032\010\306\325E\242"
  48      20830E9A 
  48      4471223A 
  48      261F1A08 
  48      C6D545A2 
  49 006c AE88010E 		.ascii	"\256\210\001\016\006\0143\030\230A\3448\3102\330\204"
  49      060C3318 
  49      9841E438 
  49      C832D884 
  50 007c FC286857 		.ascii	"\374(hWx\220\261\334=q\213/\263\303\004S\246\337\336"
  50      7890B1DC 
  50      3D718B2F 
  50      B3C30453 
  50      A6DFDE
  51 008f DCFCD0AC 		.ascii	"\334\374\320\254\247@R\246+\375c\271\246\266\254\222"
  51      A74052A6 
  51      2BFD63B9 
  51      A6B6AC92 
  52 009f E60DFE3C 		.ascii	"\346\015\376<`\017{\246\303\006\331\222=\214\004\262"
  52      600F7BA6 
  52      C306D992 
  52      3D8C04B2 
  53 00af 4868F63B 		.ascii	"Hh\366;h#I\236^N\3177r\024z\374~\375\366\347HkF\251"
  53      6823499E 
  53      5E4ECF37 
  53      72147AFC 
  53      7EFDF6E7 
  54 00c7 94F2163F 		.ascii	"\224\362\026?\262\255\274\356\244\303\214\021\360\326"
  54      B2ADBCEE 
  54      A4C38C11 
  54      F0D6
  55 00d5 CDE467E7 		.ascii	"\315\344g\347+\327c!\0239\264jl\201\034E\010\322\217"
  55      2BD76321 
  55      1339B46A 
  55      6C811C45 
  55      08D28F
  56 00e8 BF85A72A 		.ascii	"\277\205\247*\233\275\312\373\022/\037\211\020\245e"
  56      9BBDCAFB 
  56      122F1F89 
  56      10A565
  57 00f7 15744934 		.ascii	"\025tI4\200Wq\301\375uH\247j\214Ba\355]\330\372\255"
  57      805771C1 
  57      FD7548A7 
  57      6A8C4261 
ARM GAS  C:\Users\8FEE~1\AppData\Local\Temp\ccShUXTm.s 			page 4


  57      ED5DD8FA 
  58 010c 220E9B36 		.ascii	"\"\016\2336\313f\334\205E\0167\320'\244\334\354w\370"
  58      CB66DC85 
  58      450E37D0 
  58      27A4DCEC 
  58      77F8
  59 011e 98C220B9 		.ascii	"\230\302 \271\003=\305\245\260\256\222\261m+g8\220T"
  59      033DC5A5 
  59      B0AE92B1 
  59      6D2B6738 
  59      9054
  60 0130 5E582945 		.ascii	"^X)E\035\014\301\341\020\306aaL\313\225\005wc}\245I"
  60      1D0CC1E1 
  60      10C66161 
  60      4CCB9505 
  60      77637DA5 
  61 0145 92FB9472 		.ascii	"\222\373\224r+\320\020\023p4]^\350Vq\321\035?\\CR\330"
  61      2BD01013 
  61      70345D5E 
  61      E85671D1 
  61      1D3F5C43 
  62 015b 16C9847B 		.ascii	"\026\311\204{\222#\013}\271\376\214oz\004\352F\2372"
  62      92230B7D 
  62      B9FE8C6F 
  62      7A04EA46 
  62      9F32
  63 016d 711F0909 		.ascii	"q\037\011\011\227J\233K\320\341F\250$\036\370\261\261"
  63      974A9B4B 
  63      D0E146A8 
  63      241EF8B1 
  63      B1
  64 017e FCE85048 		.ascii	"\374\350PH\307\242H\031\230D\302\341=>M\336\330\231"
  64      C7A24819 
  64      9844C2E1 
  64      3D3E4DDE 
  64      D899
  65 0190 E6A1D054 		.ascii	"\346\241\320T1\323]ks-UL\217\360H\214\377\013\322\343"
  65      31D35D6B 
  65      732D554C 
  65      8FF0488C 
  65      FF0BD2E3 
  66 01a4 CED40269 		.ascii	"\316\324\002i\262Y\273<\025h\375\2579\205\035\314\311"
  66      B259BB3C 
  66      1568FDAF 
  66      39851DCC 
  66      C9
  67 01b5 6EF8063F 		.ascii	"n\370\006?\016\334\231\206\365\257\361\261\355\306\307"
  67      0EDC9986 
  67      F5AFF1B1 
  67      EDC6C7
  68 01c4 32FACCB6 		.ascii	"2\372\314\266b7cF\260\237\324\300\236-\372\030O\005"
  68      62376346 
  68      B09FD4C0 
  68      9E2DFA18 
  68      4F05
  69 01d6 DB2F00B3 		.ascii	"\333/\000\263\260\034n\361\215\371Z\313\377\2756\313"
  69      B01C6EF1 
ARM GAS  C:\Users\8FEE~1\AppData\Local\Temp\ccShUXTm.s 			page 5


  69      8DF95ACB 
  69      FFBD36CB 
  70 01e6 7D81B7CB 		.ascii	"}\201\267\313\232\236\325\257\251\030\3244\267\265\246"
  70      9A9ED5AF 
  70      A918D434 
  70      B7B5A6
  71 01f5 7D20947C 		.ascii	"} \224|\323\247F\006\256Eth?&\312\300smx\334\027\367"
  71      D3A74606 
  71      AE457468 
  71      3F26CAC0 
  71      736D78DC 
  72 020b A38EB817 		.ascii	"\243\216\270\027\273\024\367\262\276\270W\201\270y_"
  72      BB14F7B2 
  72      BEB85781 
  72      B8795F
  73 021a DC64EF42 		.ascii	"\334d\357B>\032\210\003^\313\341W\265\350\233\304$\357"
  73      3E1A8803 
  73      5ECBE157 
  73      B5E89BC4 
  73      24EF
  74 022c 02A7855B 		.ascii	"\002\247\205[z\244\265\377\322\302\035'\333\317\034"
  74      7AA4B5FF 
  74      D2C21D27 
  74      DBCF1C
  75 023b 3D458D67 		.ascii	"=E\215g\317w\234\350l?w\272\363\017\245#d\370"
  75      CF779CE8 
  75      6C3F77BA 
  75      F30FA523 
  75      64F8
  76              		.text
  77              		.section	.gnu.lto_pwm4conf.7b6d4c93,"",%progbits
  78 0000 789C6365 		.ascii	"x\234ce`bHad`\000\"0\230\316\314\270\376\315\316\237"
  78      60624861 
  78      64600022 
  78      3098CECC 
  78      B8FECDCE 
  79 0015 BC7DCCF3 		.ascii	"\274}\314\363\231\201\202@\356\264\326C\347\331A\\F"
  79      99818240 
  79      EEB4D643 
  79      E7D9415C 
  79      46
  80 0026 30F7D19D 		.ascii	"0\367\321\235\003\263\230-\2665t,hP\230\317\3144\003"
  80      03B3982D 
  80      B635742C 
  80      685098CF 
  80      CC3403
  81 0039 A86A39A3 		.ascii	"\250j9\243\314\014\240\354\012F\031\220\202C\2376,\347"
  81      CC0CA0EC 
  81      0A461990 
  81      82439F36 
  81      2CE7
  82 004b 01A96766 		.ascii	"\001\251gfd&F\375\321\377\337\017\360C\3243\001\271"
  82      642646FD 
  82      D1FFDF0F 
  82      F043D433 
  82      01B9
  83 005d 5B8E1C6F 		.ascii	"[\216\034o\343\200\330\316\010\344\316\354\377\374\236"
ARM GAS  C:\Users\8FEE~1\AppData\Local\Temp\ccShUXTm.s 			page 6


  83      E380D8CE 
  83      08E4CEEC 
  83      FFFC9E
  84 006c 1755FB5A 		.ascii	"\027U\373Z\024\355\004\025\\\351_5\011\252\300a>3\013"
  84      14ED0415 
  84      5CE95F35 
  84      09AAC061 
  84      3E330B
  85 007f A3A10CE3 		.ascii	"\243\241\014\343zF\013F#\031\306u@j\015\243\014\343"
  85      7A460B46 
  85      2319C675 
  85      406A0DA3 
  85      0CE3
  86 0091 6A20BD0A 		.ascii	"j \275\012H\257d\264\000i8\362\341\304O\026\210\013"
  86      48AF64B4 
  86      006938F2 
  86      E1C44F16 
  86      880B
  87 00a3 1E5C0179 		.ascii	"\036\\\001yav\373\364\253\234\020\201/\213zA\216\234"
  87      6176FBF4 
  87      AB9C1081 
  87      2F8B7A41 
  87      8E9C
  88 00b5 BF7DEF44 		.ascii	"\277}\357D&\210\231\011\363\231Yg031n\002Y\312\314\270"
  88      26889909 
  88      F3995967 
  88      3033316E 
  88      0259CACC 
  89 00ca 1144B180 		.ascii	"\021D\261\200\354\236\301\314\312\270\201\321b\0063"
  89      EC9EC1CC 
  89      CAB881D1 
  89      620633
  90 00d9 1BC4C3EC 		.ascii	"\033\304\303\354 \212\201q3\320\022\000\260\227m\303"
  90      208A8171 
  90      33D01200 
  90      B0976DC3 
  91              		.text
  92              		.section	.gnu.lto_.symbol_nodes.7b6d4c93,"",%progbits
  93 0000 789C55CA 		.ascii	"x\234U\312\261\015\302@\014F\341\347\377r\314\2012I"
  93      B10DC240 
  93      0C46E1E7 
  93      FF72CC81 
  93      3249
  94 0012 36F32131 		.ascii	"6\363!1\0005]\340\022v\240\246f\006\2202\007\212\211"
  94      00355DE0 
  94      1276A0A6 
  94      66069032 
  94      078A89
  95 0025 52246E3E 		.ascii	"R$n>\353\331\031q%F79\\\336\020<Ko\220\2538\306)\367"
  95      EBD91971 
  95      25463739 
  95      5CDE103C 
  95      4B6F90AB 
  96 003d B2531B8B 		.ascii	"\262S\033\213=\344\266\374@)]\204Q\256]\030\344i\027"
  96      3DE4B6FC 
  96      40295D84 
  96      51AE5D18 
ARM GAS  C:\Users\8FEE~1\AppData\Local\Temp\ccShUXTm.s 			page 7


  96      E46917
  97 0050 EEF2661B 		.ascii	"\356\362f\033\022\007\352\347g\211\314\264z\376\376"
  97      1207EAE7 
  97      6789CCB4 
  97      7AFEFE
  98 005f 6DA88B89 		.ascii	"m\250\213\211\327\352\0242\003\234\311&x"
  98      D7EA1432 
  98      039CC926 
  98      78
  99              		.text
 100              		.section	.gnu.lto_.refs.7b6d4c93,"",%progbits
 101 0000 789C6365 		.ascii	"x\234ce`b\340g```a`bdebbebdcbdg\000\000\003\003\000"
 101      6062E067 
 101      60606061 
 101      60626465 
 101      62626562 
 102 001e 3F       		.ascii	"?"
 103              		.text
 104              		.section	.gnu.lto_.decls.7b6d4c93,"",%progbits
 105 0000 789CBD59 		.ascii	"x\234\275Y{PTW\232\277\347\236\333\320\264\015\272\350"
 105      7B505457 
 105      9ABFE79E 
 105      DBD0B40D 
 105      BAE8
 106 0012 A4AC296A 		.ascii	"\244\254)j\327J1J\315\354\210`&\223\235Iv\223\200\223"
 106      D74A314A 
 106      CDEC8860 
 106      26939D49 
 106      76938093 
 107 0026 B8A3916A 		.ascii	"\270\243\221j\315<j\234\351B\350$\275\341a\240\315L"
 107      CD3C6A9C 
 107      E942E824 
 107      BDE161A0 
 107      CD4C
 108 0038 AAF68FE6 		.ascii	"\252\366\217\346\241\200\242\002\002\002\242\342\003"
 108      A180A202 
 108      0202A2E2 
 108      03
 109 0045 79898008 		.ascii	"y\211\200\010\250\200\362PD@T\024\005T@\005|#`T\036"
 109      A880F250 
 109      44405414 
 109      05544005 
 109      7C236054 
 110 005a 46F63BE7 		.ascii	"F\366;\347\334\356{\373\322\235\311\324\326n\027\337"
 110      DCEE7BFB 
 110      D29DC9D4 
 110      D66E17DF 
 111 006a BDF73BF7 		.ascii	"\275\367;\367w\276\357w\276\363\272\337A\305\361\334"
 111      77BEEF77 
 111      BEF3BADF 
 111      41C5F1DC 
 112 007a CFDEE438 		.ascii	"\317\336\3448\177\201\343\336G\0347\015?\314q\\1\210"
 112      7F81E3DE 
 112      471C370D 
 112      3FCC715C 
 112      3188
 113 008c 33C8BF43 		.ascii	"3\310\277C\331i\2707\203\254\201\3478\220E\360\234\000"
ARM GAS  C:\Users\8FEE~1\AppData\Local\Temp\ccShUXTm.s 			page 8


 113      D969B837 
 113      83AC81E7 
 113      389045F0 
 113      9C00
 114 009e 77F25381 		.ascii	"w\362S\201l\207\3474\220,\220C \005 <\224\027\301\275"
 114      6C87E734 
 114      902C9043 
 114      2005203C 
 114      9417C1BD 
 115 00b2 58C4597E 		.ascii	"X\304Y~\377\002\306\347\301\335\235c\367\000\321\307"
 115      FF02C6E7 
 115      C1DD9D63 
 115      F700D1C7 
 116 00c2 11907C90 		.ascii	"\021\220|\220\377\000)Q\370\311\005)E\314\377J\220L"
 116      FF002951 
 116      F8C90529 
 116      45CCFF4A 
 116      904C
 117 00d4 903219AF 		.ascii	"\2202\031\257T\005\227\002\221G\226\310\313\021\227"
 117      54059702 
 117      914796C8 
 117      CB1197
 118 00e3 3F011727 		.ascii	"?\001\027'\216\371\3715\274\373\005b\234\336\022\375"
 118      8EF9F935 
 118      BCFB0562 
 118      9CDE12FD 
 119 00f3 A8E1F91D 		.ascii	"\250\341\371\035\270\277\015\362[\220\377\004Y\016\262"
 119      B8BF0DF2 
 119      5B90FF04 
 119      590EB2
 120 0102 14C417C4 		.ascii	"\024\304\027\304Ga\317\362\333\211\321\345\330\322l"
 120      4761CFF2 
 120      DB89D1E5 
 120      D8D26C
 121 0111 BC0D2377 		.ascii	"\274\015#w\015\022@\035\275\220u\327\015\324y\032\264"
 121      0D12401D 
 121      BD9075D7 
 121      0DD4791A 
 121      B4
 122 0122 00D4E1D8 		.ascii	"\000\324\341\330\301\376Y\354\355|P;F\332v\213\352\034"
 122      C1FE59EC 
 122      ED7C503B 
 122      46DA768B 
 122      EA1C
 123 0134 505B3227 		.ascii	"P[2'n\270a\036\021;\267\232\013\212\210\235E\032Dzf"
 123      6EB8611E 
 123      113BB79A 
 123      0B8A889D 
 123      451A447A 
 124 0149 3614953C 		.ascii	"6\024\225<>1\341\312\212\010\242o\"\3777\213\017\233"
 124      3E31E1CA 
 124      8A08A26F 
 124      22FF378B 
 124      0F9B
 125 015b D94F3D5F 		.ascii	"\331O=_\242\320\261}\354\2403\376'\002\3423[\2567\010"
 125      A2D0B17D 
 125      ECA033FE 
ARM GAS  C:\Users\8FEE~1\AppData\Local\Temp\ccShUXTm.s 			page 9


 125      2702E233 
 125      5BAE3708 
 126 016f C84B7388 		.ascii	"\310Ks\210\200\352\356=[\224\034g6\363\250\014iP\011"
 126      80EAEE3D 
 126      5B941C67 
 126      36F3A80C 
 126      695009
 127 0182 C2E8085A 		.ascii	"\302\350\010Z\014u\300\"\\\343\315\346hsR\214\331\345"
 127      0C75C022 
 127      5CE3CDE6 
 127      6873528C 
 127      D9E5
 128 0194 630EE523 		.ascii	"c\016\345#\017\224\207<8T\212\274\210?\202C\305Px\030"
 128      0F94873C 
 128      38548ABC 
 128      883F8243 
 128      C5507818 
 129 01a8 0AC145C1 		.ascii	"\012\301E\301\301\344\375N8\023Q\037M\247nt\011H\343"
 129      C1E4FD4E 
 129      3813511F 
 129      4DA76E74 
 129      0948E3
 130 01bb 65D7C031 		.ascii	"e\327\3001;\006\030\231\353\207\337l\332H\310\224\003"
 130      3B061899 
 130      EB87DF6C 
 130      DA48C894 
 130      03
 131 01cc 99A31219 		.ascii	"\231\243\022\031\340\306\332Q2Vp\300\031\247\262x\224"
 131      E0C6DA51 
 131      325670C0 
 131      19A7B278 
 131      94
 132 01dd 6C1C2850 		.ascii	"l\034(PC\343= \036H\026\014\017\026\214cu\317\212\005"
 132      43E33D20 
 132      1E48160C 
 132      0F168C63 
 132      75CF8A05 
 133 01f1 BC9B62F9 		.ascii	"\274\233b\371\312c\003Y\032Y\243\3378n6\317A'\301\315"
 133      CA630359 
 133      1A59A3DF 
 133      386E36CF 
 133      4127C1CD 
 134 0205 71C98D87 		.ascii	"q\311\215\207\265\315#\373\315x>\207\226z\240%@\370"
 134      B5CD23FB 
 134      CD783E87 
 134      967AA025 
 134      40F8
 135 0217 0410F610 		.ascii	"\004\020\366\020\011W\001\341J\261\305{\363\317\270"
 135      095701E1 
 135      4AB1C57B 
 135      F3CFB8
 136 0226 E23CE620 		.ascii	"\342<\346 3\255\376\230\233\325\0014\244\2346\244\026"
 136      33ADFE98 
 136      9BD50134 
 136      A49C36A4 
 136      16
 137 0237 3C544B1E 		.ascii	"<TK\036N\"\007.j\354\273\030,\033\210r\303%\314\305"
ARM GAS  C:\Users\8FEE~1\AppData\Local\Temp\ccShUXTm.s 			page 10


 137      4E22072E 
 137      6AECBB18 
 137      2C1B8872 
 137      C325CCC5 
 138 024b 58CB9D9B 		.ascii	"X\313\235\233\263-A\265\255^g\247\272\330\324\213Kn"
 138      B32D41B5 
 138      AD5E67A7 
 138      BAD8D48B 
 138      4B6E
 139 025d 7698CD0B 		.ascii	"v\230\315\013\320i`rJbRk\011iV\365\267-*6\340\324\240"
 139      D0696072 
 139      4A62526B 
 139      096956F5 
 139      B72D2A36 
 140 0274 76B544A5 		.ascii	"v\265D\245\010x\202E\270\374L\376y7\034\205\251\373"
 140      08788245 
 140      B8FC4CFE 
 140      79371C85 
 140      A9FB
 141 0286 7B87462A 		.ascii	"{\207F*yG}z\326a\237\266\337\232\027m6#t\006\3747J\376"
 141      79477D7A 
 141      D6619FB6 
 141      DF9A176D 
 141      36237406 
 142 029e CB2DFECB 		.ascii	"\313-\376\313\323;w:\343\255\324\007z\325{\353\034\217"
 142      D33B773A 
 142      E3ADD407 
 142      7AD57BEB 
 142      1C8F
 143 02b0 5399C3C1 		.ascii	"S\231\303\301\306\263\025*G\016\317;t8\366g\030\373"
 143      C6B3152A 
 143      470ECF3B 
 143      7438F667 
 143      18FB
 144 02c2 A819DC9D 		.ascii	"\250\031\334\235\263\343\356\301\353\222{0*\230\273"
 144      B3E3EEC1 
 144      EB927B30 
 144      2A98BB
 145 02d1 AAE1A22A 		.ascii	"\252\341\242*W\326\366:\242\347\017eo\3232\375\035P"
 145      57D6F63A 
 145      A2E70F65 
 145      6FD332FD 
 145      1D50
 146 02e3 37566D9F 		.ascii	"7Vm\237\306\370 \303VW\3254\211qZBFW\355h\256\013\233"
 146      C6F820C3 
 146      5657D534 
 146      89715A42 
 146      4657ED68 
 147 02fa C5660CFA 		.ascii	"\305f\014\372\371\203'_\211UU\240>I\211\177\350\252"
 147      F983275F 
 147      895555A0 
 147      3E49897F 
 147      E8AA
 148 030c 89278428 		.ascii	"\211'\204(sRn\341\316\241\313\204\015\362\366@\227X"
 148      73526EE1 
 148      CEA1CB84 
 148      0DF2F640 
ARM GAS  C:\Users\8FEE~1\AppData\Local\Temp\ccShUXTm.s 			page 11


 148      9758
 149 031e 373F2BCF 		.ascii	"7?+\317\3351\013\3473G\011\203O\367\252q1\213A\351\345"
 149      DD310BE7 
 149      33470983 
 149      4FF7AA71 
 149      318B41E9 
 150 0333 C1C4598E 		.ascii	"\301\304Y\216b\320\3510\006\223\177\"1\270\0121\270"
 150      62D0E930 
 150      06937F22 
 150      31B80A31 
 150      B8
 151 0344 62270696 		.ascii	"b'\006\226f\317\023\233\375\250\260\347\252\033\256"
 151      66CF139B 
 151      FDA8B0E7 
 151      AA1BAE
 152 0353 62EECF4E 		.ascii	"b\356\317N\277\254\233\315\032\302\313\326\243yl=\332"
 152      BFAC9BCD 
 152      1AC2CBD6 
 152      A3796C3D 
 152      DA
 153 0364 D174F98E 		.ascii	"\321t\371\216\013\256c\320k\271\205q.\270\235)\323\257"
 153      0BAE63D0 
 153      6BB98571 
 153      2EB89D29 
 153      D3AF
 154 0376 3276CFC2 		.ascii	"2v\317\302}L\311\356k\350uaF\316\020\275\262/5A\313"
 154      7D4CC9EE 
 154      6BE87561 
 154      46CE10BD 
 154      B22F3541 
 155 038b ACE49035 		.ascii	"\254\344\2205\260\350F\321\036\027\374\200\2017n}R\202"
 155      B0E846D1 
 155      1E17FC80 
 155      81376E7D 
 155      5282
 156 039d F130536E 		.ascii	"\3610Sn\355~\372L\300\343\266\\\002\030\227\357\272"
 156      ED7EFA4C 
 156      C0E3B65C 
 156      021897EF 
 156      BA
 157 03ae D33B5CF1 		.ascii	"\323;\\\361k\366\256\266\353\322]^\3409t\027Zx\207\204"
 157      6BF6AEB6 
 157      EBD25D5E 
 157      E0397417 
 157      5A788784 
 158 03c2 150AF30E 		.ascii	"\025\012\363\016\367\0248\341x\201\"\206\2466&\271\022"
 158      F71438E1 
 158      78812286 
 158      A63626B9 
 158      12
 159 03d3 C420207E 		.ascii	"\304  ~\346\201\006\220@\212\343r\367\237U\343d\206"
 159      E6810690 
 159      408AE372 
 159      F79F55E3 
 159      6486
 160 03e5 29CEBA17 		.ascii	")\316\272\027\243&\230{\200\371\251\007\032\242\030"
 160      A326987B 
ARM GAS  C:\Users\8FEE~1\AppData\Local\Temp\ccShUXTm.s 			page 12


 160      80F9A907 
 160      1AA218
 161 03f4 3EFFD1EB 		.ascii	">\377\321\353\275\316H\355\265\211N\265\350(i\252q\350"
 161      BDCE48ED 
 161      B5894EB5 
 161      E82869AA 
 161      71E8
 162 0406 01529388 		.ascii	"\001R\223\210\242\207\020\375\373HP\316\267-8\253\021"
 162      A28710FD 
 162      FB4850CE 
 162      B72D38AB 
 162      11
 163 0417 165481E0 		.ascii	"\026T\201\34081\364\342*\234\231\332\337\354\206\317"
 163      3831F4E2 
 163      2A9C99DA 
 163      DFEC86CF 
 164 0427 51CF7CE2 		.ascii	"Q\317|\342HY\263}\027\350\011X\376~//2\235H\007?\006"
 164      4859B37D 
 164      17E80958 
 164      FE7E2F2F 
 164      329D4807 
 165 043d D023A983 		.ascii	"\320#\251\203\211G\352\250\273+\263\212\307\035\254"
 165      8947EAA8 
 165      BB2BB38A 
 165      C71DAC
 166 044c 89C76B9F 		.ascii	"\211\307k\237\370\262\256\360\000\355\344\255\321:\261"
 166      F8B2AEF0 
 166      00EDE4AD 
 166      D13AB1
 167 045b 3FFBC9A2 		.ascii	"?\373\311\242\271\351\372\251r\214o2h\325\355\264\323"
 167      B9E9FAA9 
 167      728C6F32 
 167      68D5EDB4 
 167      D3
 168 046c 62B77511 		.ascii	"b\267u\021\375\312\320\276XqP_\"z\343\265s#\002\356"
 168      FDCAD0BE 
 168      5871505F 
 168      227AE3B5 
 168      732302EE 
 169 0480 67E0F8C3 		.ascii	"g\340\370\303\333\0321\031\3421?h\205\207\032mmS\027"
 169      DB1A3119 
 169      E2313F68 
 169      85871A6D 
 169      6D5317
 170 0493 54788855 		.ascii	"Tx\210U\337r\266\242I\334\025\233\211\236z\262\261z"
 170      DF72B6A2 
 170      49DC159B 
 170      899E7AB2 
 170      B17A
 171 04a5 167EC05E 		.ascii	"\026~\300^\336\335|\247\321\011\0173e\357\215\347-\010"
 171      DEDD7CA7 
 171      D1090F33 
 171      65EF8DE7 
 171      2D08
 172 04b7 8F31A572 		.ascii	"\2171\245r\350|\223F\234w\204\177m\307\315\367\361K"
 172      E87C9346 
 172      9C77847F 
ARM GAS  C:\Users\8FEE~1\AppData\Local\Temp\ccShUXTm.s 			page 13


 172      6DC7CDF7 
 172      F14B
 173 04c9 F6AE61AC 		.ascii	"\366\256a\2544O\244K\246d|\346\330\245\331\016\347\340"
 173      344FA44B 
 173      A6647CE6 
 173      D8A5D90E 
 173      E7E0
 174 04db 6BCB1CFC 		.ascii	"k\313\034\374\216\221\353\036?\333\243rO\242hX/\005"
 174      8E91EB1E 
 174      3FDBA372 
 174      4FA26858 
 174      2F05
 175 04ed BA074D01 		.ascii	"\272\007M\001\274\220\302\247\221\273\245\022\035\231"
 175      BC90C2A7 
 175      91BBA512 
 175      1D99
 176 04fb 69C36E72 		.ascii	"i\303nr\360\363\357\003\0379\220\273S\203\247\030\311"
 176      F0F3EF03 
 176      1F3990BB 
 176      5383A718 
 176      C9
 177 050c 5DCF6E3D 		.ascii	"]\317n=\020c\354\005\352\241\027\3251j<\315\336\355"
 177      1063EC05 
 177      EAA117D5 
 177      316A3CCD 
 177      DEED
 178 051e 38B5FB82 		.ascii	"8\265\373\2023\216QQ\305\362\235\340\316\276\023\242"
 178      338E5151 
 178      C5F29DE0 
 178      CEBE13A2 
 179 052e AF7F88E3 		.ascii	"\257\177\210\343\330\233\323\311)\267\020\336\302\224"
 179      D89BD3C9 
 179      29B710DE 
 179      C294
 180 053c B4D6478B 		.ascii	"\264\326G\213p\022{~\335\334\270\010\247\263\347\246"
 180      70127B7E 
 180      DDDCB808 
 180      A7B3E7A6 
 181 054c CAFC3C84 		.ascii	"\312\374<\204\263\2312\226\325\364H\203s\230\222\323"
 181      B3993296 
 181      D5F44883 
 181      739892D3 
 182 055c 917D5C8D 		.ascii	"\221}\\\215\0170\345\320x\372!-\316g\312\325\023\235"
 182      0F30E5D0 
 182      78FA212D 
 182      CE67CAD5 
 182      139D
 183 056e F1B37031 		.ascii	"\361\263p1S\342\313\3122f\3412\246DWw'\213\253B?\321"
 183      53E2CBCA 
 183      3266E132 
 183      A6445777 
 183      278BAB42 
 184 0584 07720772 		.ascii	"\007r\007r,\313\237\023\350\233;\332^\"\\\301\300\233"
 184      2CCB9F13 
 184      E89B3BDA 
 184      5E225CC1 
 184      C09B
ARM GAS  C:\Users\8FEE~1\AppData\Local\Temp\ccShUXTm.s 			page 14


 185 0596 2BAFF40A 		.ascii	"+\257\364\012\016\003\277\203\027\003\277\204\306=\255"
 185      0E03BF83 
 185      1703BF84 
 185      C63DAD
 186 05a5 36ADC24D 		.ascii	"6\255\302M\031\367k\200\256\247\350T\336\335R\207\240"
 186      19F76B80 
 186      AEA7E854 
 186      DEDD5287 
 186      A0
 187 05b6 2F0D1EC8 		.ascii	"/\015\036\310\025\224\201w\204~\343\351\346\372\347"
 187      15948177 
 187      847EE3E9 
 187      E6FAE7
 188 05c5 AEC8D3D3 		.ascii	"\256\310\323\323s\256\247\354\347E\257\373\315\2611"
 188      73AEA7EC 
 188      E745AFFB 
 188      CDB131
 189 05d4 B05197E0 		.ascii	"\260Q\227\340\373\305\355\211\346\234\006DMM\302l\312"
 189      FBC5ED89 
 189      E69C0644 
 189      4D4DC26C 
 189      CA
 190 05e5 E4E74A43 		.ascii	"\344\347JC\271\225\332\315'W\216U\271\023\226i\256\213"
 190      B995DACD 
 190      27578E55 
 190      B9139669 
 190      AE8B
 191 05f7 C514FEAD 		.ascii	"\305\024\376\255\022\376l\006\274E\006\237P\302_R\270"
 191      12FE6C06 
 191      BC45069F 
 191      50C25F52 
 191      B8
 192 0608 0F41278B 		.ascii	"\017A'\213mz_\340P2\357\201\222x\362\212\240\3112p\210"
 192      6D7A5FE0 
 192      5032EF81 
 192      9278F28A 
 192      A0C93270 
 193 061d F742BB78 		.ascii	"\367B\273xO\224\005\262\037d/H6H!\310\036\220\\\220"
 193      4F9405B2 
 193      1F642F48 
 193      364821C8 
 193      1E905C90 
 194 0631 1C900320 		.ascii	"\034\220\003 y \371 \373@\212@\322A2@\016\202\354\006"
 194      7920F920 
 194      FB408A40 
 194      D2413240 
 194      0E82EC06 
 195 0645 D90952C0 		.ascii	"\331\011R\300{\322U\211q\354\011\2218n\343\025\034\275"
 195      7BD25589 
 195      71EC0991 
 195      386EE315 
 195      1CBD
 196 0657 952DEA90 		.ascii	"\225-\352\220\241\267\333E\373H\3401\031x\213\022\\"
 196      A1B7DB45 
 196      FB48E031 
 196      19788B12 
 196      5C
ARM GAS  C:\Users\8FEE~1\AppData\Local\Temp\ccShUXTm.s 			page 15


 197 0668 8814E81E 		.ascii	"\210\024\350\036Y\260^\330\217\255\014\335\020*\241"
 197      59B05ED8 
 197      8FAD0CDD 
 197      102AA1
 198 0677 1394B60B 		.ascii	"\023\224\266\013\224\350\2072&\211Jt\375\214~\353\220"
 198      94E88732 
 198      26894A74 
 198      FD8C7EEB 
 198      90
 199 0688 198F53C2 		.ascii	"\031\217S\3027\362\312f\312\320QJt\273\222\312\035\031"
 199      37F2CA66 
 199      CAD0514A 
 199      74BB92CA 
 199      1D19
 200 069a 95ADF6A9 		.ascii	"\225\255\366\251\310\203\"\263\275\311>\023\033\342"
 200      C88322B3 
 200      BDC93E13 
 200      1BE2
 201 06a8 B2188EDB 		.ascii	"\262\030\216\333\037p6\343Sf=\336~\020\031\\\374\234"
 201      1F7036E3 
 201      53663DDE 
 201      7E10195C 
 201      FC9C
 202 06ba 7BEC1E45 		.ascii	"{\354\036E>\347\000&\337\335\230\255\241'\356;b\314"
 202      3EE70026 
 202      DFDD98AD 
 202      A127EE3B 
 202      62CC
 203 06cc CD4BA8B1 		.ascii	"\315K\250\261X\245\261he\320\036\312\\\307\330G[\231"
 203      58A5B168 
 203      65D01ECA 
 203      5CC7D847 
 203      5B99
 204 06de 46013C2C 		.ascii	"F\001<,\212\302\323xw\224\"\302-S\037\215)\2436)\213"
 204      8AC2D378 
 204      779422C2 
 204      2D531F8D 
 204      29A33629 
 205 06f3 F166FB03 		.ascii	"\361f\373\003On|2\224\0317\203\361Wb\324,\013\272\330"
 205      4F6E7C32 
 205      94193783 
 205      F15762D4 
 205      2C0BBAD8 
 206 0707 810C4EBE 		.ascii	"\201\014N\276Q\332\256\345\273\341\347t\261\343\033"
 206      51DAAEE5 
 206      BBE1E774 
 206      B1E31B
 207 0716 F6D46442 		.ascii	"\366\324dB:5W\334\230\207\351\306|\004j\037\346\255"
 207      3A3557DC 
 207      9887E9C6 
 207      7C046A1F 
 207      E6AD
 208 0728 1B330996 		.ascii	"\0333\011\226\375\031\216\212ab\377_Or\2623<\330~\233"
 208      FD198E8A 
 208      6162FF5F 
 208      4F72B233 
 208      3CD87E9B 
ARM GAS  C:\Users\8FEE~1\AppData\Local\Temp\ccShUXTm.s 			page 16


 209 073c D76EB67E 		.ascii	"\327n\266~ER\206\322\232\\\302k\031\320\263\344e\357"
 209      455286D2 
 209      9A5CC26B 
 209      19D0B3E4 
 209      65EF
 210 074e 3E5744D6 		.ascii	">WD\326K\367\271\260lzi\265\363\005\355\\q\001\325\222"
 210      4BF7B9B0 
 210      6C7A69B5 
 210      F305ED5C 
 210      7101D592 
 211 0762 9BD75C2F 		.ascii	"\233\327\\/O/\370\311\233\323\013\226nQK\245b[\332\241"
 211      4F2FF8C9 
 211      9BD30B96 
 211      6E514BA5 
 211      625BDAA1 
 212 0776 2DADC0A1 		.ascii	"-\255\300\241\005\344<H9\310Q\2202\353\302\003T ;y\353"
 212      05E43C48 
 212      39C85190 
 212      32EBC203 
 212      54203B79 
 213 078b C9E480D9 		.ascii	"\311\344\200\331\234\242\245\313~\037\004\276t\346\352"
 213      9CA2A5CB 
 213      7E1F04BE 
 213      74E6EA
 214 079a 2BF62AA9 		.ascii	"+\366*\251\320 \366*A_P\242\333lz\225tG\307\227\254"
 214      D020F62A 
 214      415F50A2 
 214      DB6C7A95 
 214      7447C797 
 215 07af 578F41AF 		.ascii	"W\217A\257V\210\360\213\000oW\316y\331\216R!\303p\244"
 215      5688F08B 
 215      006F57CE 
 215      79D98E52 
 215      21C370A4 
 216 07c3 A6E583DD 		.ascii	"\246\345\203\335\246\003\255\003\357\0124\264J"
 216      A603AD03 
 216      EF0A34B4 
 216      4A
 217 07d0 6CF40978 		.ascii	"l\364\011x>\016\215\254\264i\344C=\343|\222\327\242"
 217      3E0E8DAC 
 217      B469E443 
 217      3DE37C92 
 217      D7A2
 218 07e2 EB40A2CA 		.ascii	"\353@\242\312\301\352j\317<\367wlO\376\205\331&\237"
 218      C1EA6ACF 
 218      3CF7776C 
 218      4FFE85D9 
 218      269F
 219 07f4 FA1D766D 		.ascii	"\372\035vm\373Hs\267\267\227\315\335*\333\271+\033\025"
 219      FB4873B7 
 219      B797CDDD 
 219      2ADBB92B 
 219      1B15
 220 0806 35FC7CA9 		.ascii	"5\374|\251z\007x\254\006\316\014\351\000\305\311 \351"
 220      7A0778AC 
 220      06CE0CE9 
 220      00C5C920 
ARM GAS  C:\Users\8FEE~1\AppData\Local\Temp\ccShUXTm.s 			page 17


 220      E9
 221 0817 F4DC21C6 		.ascii	"\364\334!\306<\207G\277{\003u\003\242\213\"\000O2N^"
 221      3C8747BF 
 221      7B037503 
 221      A28B2200 
 221      4F324E5E 
 222 082b E0E8F90B 		.ascii	"\340\350\371\013:\0055\326\011r\213\247mF\343)6\032"
 222      3A0535D6 
 222      09728BA7 
 222      6D46E329 
 222      361A
 223 083d E5F11881 		.ascii	"\345\361\030\201\227O\011\251\313@\252^\014\311%x\276"
 223      974F09A9 
 223      CB40AA5E 
 223      0CC92578 
 223      BE
 224 084e 08216902 		.ascii	"\010!i\0029\013r\006\244\021\244\001\244\316&L\275\223"
 224      390B7206 
 224      A411A401 
 224      A4CE264C 
 224      BD93
 225 0860 1E6C6182 		.ascii	"\036la\202\201\216F!N\365\016\266\012\273>\207\305\012"
 225      818E4621 
 225      4EF50EB6 
 225      0ABB3E87 
 225      C50A
 226 0872 FF98CFD7 		.ascii	"\377\230\317\327\023?f>\311X-R\372\264]\201hW\376m\247"
 226      133F663E 
 226      C9582D52 
 226      FAB45D81 
 226      6857FE6D 
 227 0887 B90E726D 		.ascii	"\271\016rm\222\250W\210p1!(TN\203\236\277\261n'Iu\203"
 227      92A85788 
 227      70312128 
 227      544E839E 
 227      BFB16E27 
 228 089e D274FD4C 		.ascii	"\322t\375L\323\341\014N\222\342&\373p\231\361\336\247"
 228      D3E10C4E 
 228      92E226FB 
 228      7099F1DE 
 228      A7
 229 08af 62B0CE41 		.ascii	"b\260\316A\260Z\224p\331\200\225u`\263M\007\236\263"
 229      B05A9470 
 229      D9809575 
 229      60B34D07 
 229      9EB3
 230 08c1 E9C078F9 		.ascii	"\351\300x\371\012\201\332 \200\342\"\301\375\200\025"
 230      0A81DA20 
 230      80E222C1 
 230      FD8015
 231 08d0 E2C54331 		.ascii	"\342\305C1\212\226\331S\372\275\334\033\376\313\266"
 231      8A96D953 
 231      FABDDC1B 
 231      FECBB6
 232 08df A5A50EA8 		.ascii	"\245\245\016\2503t\207QZMn\332E\313f\317\213'ti\277"
 232      33748751 
 232      5A4D6EDA 
ARM GAS  C:\Users\8FEE~1\AppData\Local\Temp\ccShUXTm.s 			page 18


 232      45CB66CF 
 232      8B277469 
 233 08f4 00987E29 		.ascii	"\000\230~)\347*\235\261\264\333k\351\337]\016\231\213"
 233      E72A9DB1 
 233      B4DB6BE9 
 233      DF5D0E99 
 233      8B
 234 0905 A1FB6C82 		.ascii	"\241\373l\202\226*7W:\236\206\177\374,\332\234\261\204"
 234      962A3757 
 234      3A9E867F 
 234      FC2CDA9C 
 234      B184
 235 0917 667DB76D 		.ascii	"f}\267m\007\310\214\231><\207\032\252\2675dMQ\213\032"
 235      07C88C99 
 235      3E3C871A 
 235      AAB73564 
 235      4D518B1A 
 236 092b B7911495 		.ascii	"\267\221\024\225L\273a\251-\365\264-\014tm\327\034z"
 236      4CBB61A9 
 236      2DF5B42D 
 236      0C746DD7 
 236      1C7A
 237 093d 6C43C2DE 		.ascii	"lC\302\336#A\252i\317Z\216\226\336\355\333D\016\271"
 237      2341AA69 
 237      CF5A8E96 
 237      DEEDDB44 
 237      0EB9
 238 094f C88A7943 		.ascii	"\310\212yC\302TQ3d\026\303\306\223t\254,J\220o<\027"
 238      C2545133 
 238      6416C3C6 
 238      9374AC2C 
 238      4A906F3C 
 239 0964 6C46CA55 		.ascii	"lF\312U6R\310\035\300\343\373\006`c\217r\242YD\351t"
 239      3652C81D 
 239      C0E3FB06 
 239      60638F72 
 239      A25944E9 
 240 0979 6ABF2BDE 		.ascii	"j\277+\336\304\224\342\361\276J\025\336\302\224\255"
 240      C494E2F1 
 240      BE4A15DE 
 240      C294AD
 241 0988 A90D0D02 		.ascii	"\251\015\015\002Nb\312\201\314\3448\025NcJAJR\251\006"
 241      4E62CA81 
 241      CCE43815 
 241      4E634A41 
 241      4A52A906 
 242 099c EF644A46 		.ascii	"\357dJF\341\365I\027\234\311\224\334\311\251\021\222"
 242      E1F54917 
 242      9CC994DC 
 242      C9A91192 
 243 09ac 6E2E2487 		.ascii	"n.$\207\247XvZ\270\220\235\026\236n=\017y\320^\012\346"
 243      A758765A 
 243      B8909D16 
 243      9E6E3D0F 
 243      79D05E0A 
 244 09c1 93F6156D 		.ascii	"\223\366\025mq\261\234\272\300\202\246\362\342\254\313"
 244      71B19CBA 
ARM GAS  C:\Users\8FEE~1\AppData\Local\Temp\ccShUXTm.s 			page 19


 244      C082A6F2 
 244      E2ACCB
 245 09d0 19EA87AE 		.ascii	"\031\352\207\256\\(&\267\267`\033\277\311[s\377\362"
 245      5C2826B7 
 245      B7601BBF 
 245      C95B73FF 
 245      F2
 246 09e1 7F3E418E 		.ascii	"\177>A\216\025\373x\015\352\225v\377\205b\356r*\371"
 246      15FB780D 
 246      EA9576FF 
 246      8562EE72 
 246      2AF9
 247 09f3 C6900617 		.ascii	"\306\220\006\0272\027\257b\322\237\012\262\363B\337"
 247      3217AF62 
 247      D29F0AB2 
 247      F342DF
 248 0a02 33F4BCF0 		.ascii	"3\364\274\360.T\275-U\355\343\255\347\205J\032w\354"
 248      2E54BD2D 
 248      55EDE3AD 
 248      E7854A1A 
 248      77EC
 249 0a14 D02089DA 		.ascii	"\320 \211\332\370\376\0325.\247N\204g/\022{4d3\2276"
 249      F8FE1A35 
 249      2EA74E84 
 249      672F127B 
 249      34643397 
 250 0a29 6B9E9345 		.ascii	"k\236\223E\177P\034\235\367\301\326=\030\215C6So\272"
 250      7F501C9D 
 250      F7C1D63D 
 250      188D4336 
 250      536FBA
 251 0a3c 1D77E76D 		.ascii	"\035w\347m\203\334\250\036Q^7\200\027\251a\245@G]\267"
 251      83DCA81E 
 251      515E3780 
 251      17A961A5 
 251      40475DB7 
 252 0a50 6C3E35BC 		.ascii	"l>5\274\227a\256\213\306\024=`\027-\033\243\257k4d>"
 252      9761AE8B 
 252      C6143D60 
 252      172D1BA3 
 252      AF6B3464 
 253 0a65 0DDA0E51 		.ascii	"\015\332\016Q`}\265w8\005!\317y^\236l\023\277V\353\026"
 253      607DB577 
 253      380521CF 
 253      795E9E6C 
 253      13BF56EB 
 254 0a7a 45CD1273 		.ascii	"E\315\022s=`\366!?\317\3364M\021\023N2\011\2456\022"
 254      3D60F621 
 254      3FCFDE34 
 254      4D11134E 
 254      3209A536 
 255 0a8f 3069E323 		.ascii	"0i\343#h\343ch\343\003\233\0317\\3\237N\024@\315\234"
 255      68E36368 
 255      E3039B19 
 255      375C339F 
 255      4E1440CD 
 256 0aa4 712F6ADC 		.ascii	"q/j\334\245\025\274\333\261c\222`\327\264\266\361\363"
ARM GAS  C:\Users\8FEE~1\AppData\Local\Temp\ccShUXTm.s 			page 20


 256      A515BCDB 
 256      B1639260 
 256      D7B4B6F1 
 256      F3
 257 0ab5 80419443 		.ascii	"\200A\224C\006\234\215{\250\023\333\330Y\241\305\317"
 257      069C8D7B 
 257      A813DBD8 
 257      59A1C5CF 
 258 0ac5 D9F81C6C 		.ascii	"\331\370\034l-\211V\343\011\246\354\271p\244U\205\277"
 258      2D8956E3 
 258      09A6ECB9 
 258      70A45585 
 258      BF
 259 0ad6 634A75D1 		.ascii	"cJu\321\221\016\036\3078S\345\360\211\221-\220\3723"
 259      910E1EC7 
 259      3853E5F0 
 259      89912D90 
 259      FA33
 260 0ae8 6534AEC4 		.ascii	"e4\256\304\204S\330s\354\356\244\213<K\320\377\025\324"
 260      8453D873 
 260      ECEEA48B 
 260      3C4BD0FF 
 260      15D4
 261 0afa F484EC7E 		.ascii	"\364\204\354~A<\346!GgG\257\345W\253q\006\305\272&\025"
 261      413CE621 
 261      476747AF 
 261      E557AB71 
 261      06C5BA26 
 262 0b0f 24556948 		.ascii	"$UiHZl\315\213\275\304\204\352]\351\233y\014\332;\365"
 262      5A6CCD8B 
 262      BDC484EA 
 262      5DE99B79 
 262      0CDA3BF5 
 263 0b23 BD79E0E4 		.ascii	"\275y\340\344{\262dM\211\236\371\261/C_S\242g\346S2"
 263      7BB2644D 
 263      899EF9B1 
 263      2F435F53 
 263      A267E653 
 264 0b38 74A77DF4 		.ascii	"t\247}\364\314\217\246\3470\015\276\245\357\246\304"
 264      CC8FA6E7 
 264      300DBEA5 
 264      EFA6C4
 265 0b47 811D83BD 		.ascii	"\201\035\203\275\3204D\375%\310+\0203\366D\257\341\036"
 265      D03444FD 
 265      25C82B10 
 265      33F644AF 
 265      E11E
 266 0b59 0DF72890 		.ascii	"\015\367(\220\357\340y\002d\022d\334&%n\221\205bTI`"
 266      EFE07902 
 266      641264DC 
 266      26256E91 
 266      85625449 
 267 0b6e 468A7647 		.ascii	"F\212vGF\367\272\022-O\242\304\214Nf\374\251\022>#)"
 267      46F7BA12 
 267      2D4FA2C4 
 267      8C4E66FC 
 267      A9123E23 
ARM GAS  C:\Users\8FEE~1\AppData\Local\Temp\ccShUXTm.s 			page 21


 268 0b83 9EFCB584 		.ascii	"\236\374\265\204~f\267Wd\340\016\231\351\021\373\274"
 268      7E66B757 
 268      64E00E99 
 268      E911FBBC 
 269 0b93 E5694F6F 		.ascii	"\345iOo\255\206\341\237\300 \355\262\317\\f}\250F\226"
 269      AD86E19F 
 269      C020EDB2 
 269      CF5C667D 
 269      A84696
 270 0ba6 E00DDB67 		.ascii	"\340\015\333g.\317\026\207\253\331\2066\245\234\344"
 270      2ECF1687 
 270      ABD98636 
 270      A59CE4
 271 0bb5 A8EEC2F8 		.ascii	"\250\356\302\3701\025\316\246\003\222\177\260\353~\221"
 271      3115CEA6 
 271      03927FB0 
 271      EB7E91
 272 0bc4 339AEB65 		.ascii	"3\232\353e\2573\321&\350\303\377M\1772&M\247\350\356"
 272      AF33D126 
 272      E8C3FF4D 
 272      7F32264D 
 272      A7E8EE
 273 0bd7 BD11CF45 		.ascii	"\275\021\317E\261\330\272\276N\321\255\212\034Y\265"
 273      B1D8BABE 
 273      4ED1AD8A 
 273      1C59B5
 274 0be6 F46C7793 		.ascii	"\364lw\223oS\004(M\3418l\371\306%\217\200/\274P\360"
 274      6F530428 
 274      4DE1386C 
 274      F9C6258F 
 274      802FBC50 
 275 0bfb 4AC0058C 		.ascii	"J\300\005\214\376\326\206\354\307ZG\207\364\233\261"
 275      FED686EC 
 275      C75A4787 
 275      F49BB1
 276 0c0a A343FAA1 		.ascii	"\243C\372\241.\366\237\221\004\014\2317V\034\323\223"
 276      2EF69F91 
 276      040C9937 
 276      561CD393 
 277 0c1a 5272DCB9 		.ascii	"Rr\334\271\365L-\337\013\037'\344\273y\016m\017B\354"
 277      F54C2DDF 
 277      0B1F27E4 
 277      BB790E6D 
 277      0F42EC
 278 0c2d 8AA85075 		.ascii	"\212\250Pu\332\362C\210\226C)O\257\014H\213\220\245"
 278      DAF24388 
 278      9643294F 
 278      AF0C488B 
 278      90A5
 279 0c3f 86A8F3A2 		.ascii	"\206\250\363\242\312\213&\351\237X\031\311,\262\327"
 279      CA8B26E9 
 279      9F5819C9 
 279      2CB2D7
 280 0c4e CC93E5C7 		.ascii	"\314\223\345\30718c\302Q\353\2546\342%\007\010\311+"
 280      313863C2 
 280      51EBAC36 
 280      E2250708 
ARM GAS  C:\Users\8FEE~1\AppData\Local\Temp\ccShUXTm.s 			page 22


 280      C92B
 281 0c60 C80C32DA 		.ascii	"\310\0142\332\342{+?Nj\034\262\014\222\321\314\266!"
 281      E27B2B3F 
 281      4E6A1CB2 
 281      0C92D1CC 
 281      B621
 282 0c72 4D1F7C4D 		.ascii	"M\037|MAI\016\371\21749Dok\335\201\361Q\266\352\215"
 282      41490EF9 
 282      8F343944 
 282      6F6BDD81 
 282      F151B6EA 
 283 0c87 4775D66B 		.ascii	"Gu\326k\346\313\362\216\000\215,\357\330\206I\336\261"
 283      E6CBF28E 
 283      008D2CEF 
 283      D88649DE 
 283      B1
 284 0c98 4E60C6FA 		.ascii	"N`\306\372G\317\247\251\337\3141\347\334\206\255m\030"
 284      47CFA7A9 
 284      DFCC31E7 
 284      DC86AD6D 
 284      18
 285 0ca9 D7146E32 		.ascii	"\327\024n2_\202j\357S\034\332*u\000<\3025\021\367!\264"
 285      5F826AEF 
 285      531CDA2A 
 285      75003CC2 
 285      3511F721 
 286 0cbe 05F702B7 		.ascii	"\005\367\002\267\355\370M\362?\215\270\247\325<>\315"
 286      EDF84DF2 
 286      3F8DB8A7 
 286      D53C3ECD 
 287 0cce 1CB79515 		.ascii	"\034\267\225\025\224\271\011\244S\310\227\346:\372\217"
 287      94B909A4 
 287      53C897E6 
 287      3AFA8F
 288 0cdd 85EEC4BE 		.ascii	"\205\356\304\276fgZF>\341\2231-<YS\323\350\"X\262\236"
 288      66675A46 
 288      3EE19331 
 288      2D3C5953 
 288      D3E82258 
 289 0cf3 1456F8FA 		.ascii	"\024V\370\372tv\225\333|G\351R*\245\275\003\213\274"
 289      747695DB 
 289      7C47E952 
 289      2AA5BD03 
 289      8BBC
 290 0d05 5BFB3326 		.ascii	"[\3733&\334\200w?\373tkKhJ4\357C\024\206\222$\326I\204"
 290      DC80773F 
 290      FB746B4B 
 290      684A34EF 
 290      43148692 
 291 0d1d 357948A3 		.ascii	"5yH\243l\373\222\213\023\234\360%\306v \261\344\256"
 291      6CFB928B 
 291      139CF025 
 291      C67620B1 
 291      E4AE
 292 0d2f 9A9238C7 		.ascii	"\232\2228\307R/(\353\034\356J\232m%\266\223\021k(\277"
 292      522F28EB 
 292      1CEE4A9A 
ARM GAS  C:\Users\8FEE~1\AppData\Local\Temp\ccShUXTm.s 			page 23


 292      6D25B693 
 292      116B28BF 
 293 0d43 3BA17148 		.ascii	";\241qH,\223\022\313\260\020+\177\2204\256\025\211\265"
 293      2C9312CB 
 293      B0102B7F 
 293      9034AE15 
 293      89B5
 294 0d55 ACC83437 		.ascii	"\254\31047\360\004\201\322%N\351\026NY\224\323\223\334"
 294      F00481D2 
 294      254EE916 
 294      4E5994D3 
 294      93DC
 295 0d67 981DB371 		.ascii	"\230\035\263q7\343tr{\3568\246\376\311\370g\234b\317"
 295      37E37472 
 295      7BEE38A6 
 295      FEC9F867 
 295      9C62CF
 296 0d7a BC4876C5 		.ascii	"\274Hv\305O\331\254\332v\366\334\204\312\372\205\004"
 296      4FD9ACDA 
 296      76F6DC84 
 296      CAFA8504 
 297 0d8a 1F23D3E7 		.ascii	"\037#\323\3477\223\217\326\275\000\337\255\234.v\247"
 297      37938FD6 
 297      BD00DFAD 
 297      9C2E76A7 
 298 0d9a DE1E3B53 		.ascii	"\336\036;S\017\274<\217\033lG\32431\225\315Z^\225\220"
 298      0FBC3C8F 
 298      1B6C47D4 
 298      333195CD 
 298      5A5E9590 
 299 0dae 71CF15BF 		.ascii	"q\317\025\277b\256;\333GO\270!/\255x\344\3253'\206\314"
 299      62AE3BDB 
 299      474FB821 
 299      2FAD78E4 
 299      D5332786 
 300 0dc3 D303B008 		.ascii	"\323\003\260\010\354\223\034\303B`\233\003\311\227\014"
 300      EC931CC3 
 300      42609B03 
 300      C9970C
 301 0dd2 B41F7C4B 		.ascii	"\264\037|K\253\0068\330\327uw7\0331\304N\016\363\332"
 301      AB0638D8 
 301      D7757737 
 301      1B31C44E 
 301      0EF3DA
 302 0de5 9E9EDB82 		.ascii	"\236\236\333\202\035\306;\227\306\373\240%\336\243\227"
 302      1DC63B97 
 302      C6FBA025 
 302      DEA397
 303 0df4 1F173B89 		.ascii	"\037\027;\211\361\036J\304\031G\315\261*\202A\273$R"
 303      F11E4AC4 
 303      1947CDB1 
 303      2A8241BB 
 303      2452
 304 0e06 BB2C113F 		.ascii	"\273,\021?D#>Rn\276\243\301qj\373\223\305\306Y\276\315"
 304      44233E52 
 304      6EBEA3C1 
 304      716AFB93 
ARM GAS  C:\Users\8FEE~1\AppData\Local\Temp\ccShUXTm.s 			page 24


 304      C5C659BE 
 305 0e1b 64291E69 		.ascii	"d)\036i\270\342,\372\232JPu\347m\252\013\240\030\224"
 305      B8E22CFA 
 305      9A4A5075 
 305      E76DAA0B 
 305      A01894
 306 0e2e 2739CBB3 		.ascii	"'9\313\2638+\240\316\0226\337;\245\302\225\314\331P"
 306      382BA0CE 
 306      1236DF3B 
 306      A5C295CC 
 306      D950
 307 0e40 45C621B7 		.ascii	"E\306!\267\237\034`\243\366\342;\323Wc\315\361\3564"
 307      9F1C60A3 
 307      F6E23BD3 
 307      5763CDF1 
 307      EE34
 308 0e52 E1286406 		.ascii	"\341(d\006\254\3515GJ\340Z\204\177B\006U\301\375&g\\"
 308      ACE93547 
 308      4AE05A84 
 308      7F420655 
 308      C1FD2667 
 309 0e67 C38C1474 		.ascii	"\303\214\024t\026^\322\020#ut\312fW\306\232\315\356"
 309      165ED210 
 309      237574CA 
 309      6657C69A 
 309      CDEE
 310 0e79 3483382C 		.ascii	"4\2038,\032\221\016\236H\311\032X\365\212\251\231\276"
 310      1A910E9E 
 310      48C91A58 
 310      F58AA999 
 310      BE
 311 0e8a F1EBBD5A 		.ascii	"\361\353\275Z\371zN\250K\353\371\021i=?B\327\363\346"
 311      F97A4EA8 
 311      4BEBF911 
 311      693D3F42 
 311      D7F3E6
 312 0e9d 730D9D58 		.ascii	"s\015\235X\216\317\265\301\227`\226\246\224P\360\246"
 312      8ECFB5C1 
 312      976096A6 
 312      9450F0A6 
 313 0ead D613ED36 		.ascii	"\326\023\35569M\246\015\270T\004\227Rp}I\317C\033p\252"
 313      394DA60D 
 313      B8540497 
 313      52707D49 
 313      CF431B70 
 314 0ec2 0DB84C04 		.ascii	"\015\270L\004\223\273*($<\350K\365G\237|\272\300\317"
 314      93BB2A28 
 314      243CE84B 
 314      F5479F7C 
 314      BAC0CF
 315 0ed5 C787D3E8 		.ascii	"\307\207\323\350\365\033\214a\246\245\276z\323\177\007"
 315      F51B8C61 
 315      A6A5BE7A 
 315      D37F07
 316 0ee4 FF6A6DD0 		.ascii	"\377jm\320\027\306u\306H\323\206`c\270~}\204\341k\243"
 316      17C675C6 
 316      48D38660 
ARM GAS  C:\Users\8FEE~1\AppData\Local\Temp\ccShUXTm.s 			page 25


 316      63B87E7D 
 316      84E16BA3 
 317 0ef8 E1AF3EFF 		.ascii	"\341\257>\377&/]k\012\017\017\211\\\373y\330\206\005"
 317      262F5D6B 
 317      0A0F0F89 
 317      5CFB79D8 
 317      8605
 318 0f0a F4694160 		.ascii	"\364iA`D\350\002C\350:Cp\260!x\355\333\213\227.\360"
 318      44E80243 
 318      E83A4370 
 318      B02178ED 
 318      DB8B972E 
 319 0f1f 5DE2F3CB 		.ascii	"]\342\363\313\257|\326B\371\317\303\302\303\014?7\004"
 319      AF7CD642 
 319      F9CFC3C2 
 319      C30C3F37 
 319      04
 320 0f30 AE33AE35 		.ascii	"\2563\2565\206\005\205l\0106\254\015\015\004[a\206\265"
 320      8605856C 
 320      0836AC0D 
 320      0D045B61 
 320      86B5
 321 0f42 FA60C367 		.ascii	"\372`\303g\201\033BLz\3237\353\015\221\213\277\340\324"
 321      811B424C 
 321      7AD337EB 
 321      0D918BBF 
 321      E0D4
 322 0f54 16165FFD 		.ascii	"\026\026_\375?\260\210\374&r\255>\322\024\014.\211\353"
 322      3FB088FC 
 322      2672AD3E 
 322      D2140C2E 
 322      89EB
 323 0f66 A02F02C3 		.ascii	"\240/\002\303\302\014!\221.,\026\357\350M\316\342]\273"
 323      C20C2191 
 323      2E2C16EF 
 323      E84DCEE2 
 323      5DBB
 324 0f78 FEAFA1E2 		.ascii	"\376\257\241\342[\275\351\335\305\213\275\341\217\322"
 324      5BBDE9DD 
 324      C58BBDE1 
 324      8FD2
 325 0f86 088FF4F9 		.ascii	"\010\217\364\371\345\333\336\341\221\336_\004\206x\257"
 325      E5DBDEE1 
 325      91DE5F04 
 325      8678AF
 326 0f95 0F8F3045 		.ascii	"\017\2170Ez\257^\263r\251\257"
 326      7AAF5EB3 
 326      72A9AF
 327 0fa0 F78A15FE 		.ascii	"\367\212\025\376\336k\226\257\374\332\207\274\321Cu"
 327      DE6B96AF 
 327      FCDA87BC 
 327      D14375
 328 0faf 7D484830 		.ascii	"}HH08q6\204\005\256\0131\004\317\242\026\303B#\277\324"
 328      38713684 
 328      05AE0B31 
 328      04CFA216 
 328      C34223BF 
ARM GAS  C:\Users\8FEE~1\AppData\Local\Temp\ccShUXTm.s 			page 26


 329 0fc4 9B9CD61B 		.ascii	"\233\234\326\033\"\214\341\301jR\024\006\241p\012\012"
 329      228CE1C1 
 329      6A521406 
 329      A1700A0A 
 330 0fd4 0FFBCCF8 		.ascii	"\017\373\314\3709\016\212\360\025B\303\203\015.\360"
 330      390E8AF0 
 330      1542C383 
 330      0D2EF0
 331 0fe3 82DCF526 		.ascii	"\202\334\365&uP`H\310\272\300\240/]\011V|\326\233\346"
 331      75506048 
 331      C8BAC0A0 
 331      2F5D0956 
 331      7CD69BE6 
 332 0ff7 04FC7EA5 		.ascii	"\004\374~\245\037\243\347G\253"
 332      1FA3E747 
 332      AB
 333 1000 BA7C1661 		.ascii	"\272|\026a\370j\203!,\350\033!\330h\210p!\357\351\013"
 333      F86A8321 
 333      2CE81B21 
 333      D8688870 
 333      21EFE90B 
 334 1014 55A429D0 		.ascii	"U\244)\320d \272^\267\354\003\377?\252\311\323\3525"
 334      6420BA5E 
 334      B7EC03FF 
 334      3FAAC9D3 
 334      EA35
 335 1026 AB0234E4 		.ascii	"\253\0024\344\341\323O\226\177\262|\315O\035\265O\014"
 335      E1D34F96 
 335      7FB27CCD 
 335      4F1DB54F 
 335      0C
 336 1037 9BA545D0 		.ascii	"\233\245E\320\032\015\334\250E\275\211\330\364\2170"
 336      1A0DDCA8 
 336      45BD89D8 
 336      F48F30
 337 1046 7E6D88C0 		.ascii	"~m\210\300&c\250\312\317o\245n)\277J'\370\257\374@\207"
 337      2663A8CA 
 337      CF6FA56E 
 337      29BF4A27 
 337      F8AFFC40 
 338 105b FDFD74C2 		.ascii	"\375\375t\302\207\376kt\330\317O\207u \037\350t8`\265"
 338      87FE6B74 
 338      D8CF4F87 
 338      75201FE8 
 338      743860B5 
 339 106f 1FF6FB64 		.ascii	"\037\366\373d\215\340\347\267LG\361\276\364\352\203"
 339      8DE0E7B7 
 339      4C47F1BE 
 339      F4EA83
 340 107e 977DA4E3 		.ascii	"\227}\244\343WC\315\345\313t\302\352\225\200\366\323"
 340      5743CDE5 
 340      CB74C2EA 
 340      9580F6D3 
 341 108e F982F800 		.ascii	"\371\202\370\000\362\017\272_\375c\321\2174\205\222"
 341      F20FBA5F 
 341      FD63D18F 
 341      348592
ARM GAS  C:\Users\8FEE~1\AppData\Local\Temp\ccShUXTm.s 			page 27


 342 109d D164246C 		.ascii	"\321d$lgY\025\275I\370\3407\272\217\311e\205\260\302"
 342      675915BD 
 342      49F8E037 
 342      BA8FC965 
 342      85B0C2
 343 10b0 EFB7C06E 		.ascii	"\357\267\300n\265N\207~\217>\206ia\010\214\020g\203"
 343      B54E877E 
 343      8F3E8669 
 343      61088C10 
 343      6783
 344 10c2 CFDB1072 		.ascii	"\317\333\020r\313\003\2164\230\336\373\241\316?\012"
 344      CB038E34 
 344      98DEFBA1 
 344      CE3F0A
 345 10d1 58BEEA6B 		.ascii	"X\276\352k_\026)\020\326\367x\225\277\016/\367\327\251"
 345      5F162910 
 345      D6F77895 
 345      BF0E2FF7 
 345      D7A9
 346 10e3 023E0DF0 		.ascii	"\002>\015\360\3279\257Z\035\260l\231\277\316i\325\232"
 346      D739AF5A 
 346      1DB06C99 
 346      BFCE69D5 
 346      9A
 347 10f4 3F064004 		.ascii	"?\006@\004V\256\362_\246\303\037\352tZF\363\363\365"
 347      56AEF25F 
 347      A6C31FEA 
 347      745A46F3 
 347      F3F5
 348 1106 30EA4D6A 		.ascii	"0\352Mjc8\353z!4\320\030\346L.\213\203\2709\020\367"
 348      6338EB7A 
 348      2134D018 
 348      E64C2E8B 
 348      83B83910 
 349 111b 65742089 		.ascii	"et \211\335N\306\316jS`\204\351G\026\177z\240\373yD"
 349      DD4EC6CE 
 349      6A536084 
 349      E947167F 
 349      7AA0FB79 
 350 1130 F886F5A4 		.ascii	"\370\206\365\244\272\326\030N\030\206\006\222\341\246"
 350      BAD6184E 
 350      18860692 
 350      E1A6
 351 113e 618A3118 		.ascii	"a\2121\030\3067\020\\\036f4-\374\001]\016\015P\221>"
 351      C637105C 
 351      1E66342D 
 351      FC015D0E 
 351      0D50913E 
 352 1152 7E8BF87A 		.ascii	"~\213\370z\213\014\321\377\001@\023\323A"
 352      8B0CD1FF 
 352      014013D3 
 352      41
 353              		.text
 354              		.section	.gnu.lto_.symtab.7b6d4c93,"",%progbits
 355 0000 6D61696E 		.ascii	"main\000"
 355      00
 356 0005 00       		.ascii	"\000"
ARM GAS  C:\Users\8FEE~1\AppData\Local\Temp\ccShUXTm.s 			page 28


 357 0006 00       		.ascii	"\000"
 358 0007 00       		.ascii	"\000"
 359 0008 00000000 		.ascii	"\000\000\000\000\000\000\000\000"
 359      00000000 
 360 0010 8F010000 		.ascii	"\217\001\000\000"
 361 0014 70776D34 		.ascii	"pwm4conf\000"
 361      636F6E66 
 361      00
 362 001d 00       		.ascii	"\000"
 363 001e 00       		.ascii	"\000"
 364 001f 00       		.ascii	"\000"
 365 0020 00000000 		.ascii	"\000\000\000\000\000\000\000\000"
 365      00000000 
 366 0028 AD010000 		.ascii	"\255\001\000\000"
 367 002c 50574D44 		.ascii	"PWMD4\000"
 367      3400
 368 0032 00       		.ascii	"\000"
 369 0033 02       		.ascii	"\002"
 370 0034 00       		.ascii	"\000"
 371 0035 00000000 		.ascii	"\000\000\000\000\000\000\000\000"
 371      00000000 
 372 003d AB010000 		.ascii	"\253\001\000\000"
 373 0041 70776D45 		.ascii	"pwmEnableChannel\000"
 373      6E61626C 
 373      65436861 
 373      6E6E656C 
 373      00
 374 0052 00       		.ascii	"\000"
 375 0053 02       		.ascii	"\002"
 376 0054 00       		.ascii	"\000"
 377 0055 00000000 		.ascii	"\000\000\000\000\000\000\000\000"
 377      00000000 
 378 005d 95010000 		.ascii	"\225\001\000\000"
 379 0061 70776D53 		.ascii	"pwmStart\000"
 379      74617274 
 379      00
 380 006a 00       		.ascii	"\000"
 381 006b 02       		.ascii	"\002"
 382 006c 00       		.ascii	"\000"
 383 006d 00000000 		.ascii	"\000\000\000\000\000\000\000\000"
 383      00000000 
 384 0075 9A010000 		.ascii	"\232\001\000\000"
 385 0079 5F70616C 		.ascii	"_pal_lld_setgroupmode\000"
 385      5F6C6C64 
 385      5F736574 
 385      67726F75 
 385      706D6F64 
 386 008f 00       		.ascii	"\000"
 387 0090 02       		.ascii	"\002"
 388 0091 00       		.ascii	"\000"
 389 0092 00000000 		.ascii	"\000\000\000\000\000\000\000\000"
 389      00000000 
 390 009a A6010000 		.ascii	"\246\001\000\000"
 391 009e 68616C49 		.ascii	"halInit\000"
 391      6E697400 
 392 00a6 00       		.ascii	"\000"
 393 00a7 02       		.ascii	"\002"
ARM GAS  C:\Users\8FEE~1\AppData\Local\Temp\ccShUXTm.s 			page 29


 394 00a8 00       		.ascii	"\000"
 395 00a9 00000000 		.ascii	"\000\000\000\000\000\000\000\000"
 395      00000000 
 396 00b1 A9010000 		.ascii	"\251\001\000\000"
 397              		.text
 398              		.section	.gnu.lto_.opts,"",%progbits
 399 0000 272D666D 		.ascii	"'-fmath-errno' '-fsigned-zeros' '-ftrapping-math' '"
 399      6174682D 
 399      6572726E 
 399      6F272027 
 399      2D667369 
 400 0033 2D666E6F 		.ascii	"-fno-trapv' '-fno-openmp' '-fno-openacc' '-mcpu=cor"
 400      2D747261 
 400      70762720 
 400      272D666E 
 400      6F2D6F70 
 401 0066 7465782D 		.ascii	"tex-m7' '-mno-thumb-interwork' '-mthumb' '-ggdb' '-"
 401      6D372720 
 401      272D6D6E 
 401      6F2D7468 
 401      756D622D 
 402 0099 4F322720 		.ascii	"O2' '-fomit-frame-pointer' '-falign-functions=16' '"
 402      272D666F 
 402      6D69742D 
 402      6672616D 
 402      652D706F 
 403 00cc 2D666675 		.ascii	"-ffunction-sections' '-fdata-sections' '-fno-common"
 403      6E637469 
 403      6F6E2D73 
 403      65637469 
 403      6F6E7327 
 404 00ff 2720272D 		.ascii	"' '-flto'\000"
 404      666C746F 
 404      2700
 405              		.text
 406              		.comm	__gnu_lto_v1,1,1
 407              		.comm	__gnu_lto_slim,1,1
 408              		.ident	"GCC: (GNU Tools for ARM Embedded Processors 6-2017-q1-update) 6.3.1 20170215 (release) [AR
ARM GAS  C:\Users\8FEE~1\AppData\Local\Temp\ccShUXTm.s 			page 30


DEFINED SYMBOLS
                            *ABS*:00000000 main.c
                            *COM*:00000001 __gnu_lto_v1
                            *COM*:00000001 __gnu_lto_slim

NO UNDEFINED SYMBOLS
