ARM GAS  C:\Users\8FEE~1\AppData\Local\Temp\ccN4ZLDu.s 			page 1


   1              		.cpu cortex-m7
   2              		.eabi_attribute 20, 1
   3              		.eabi_attribute 21, 1
   4              		.eabi_attribute 23, 3
   5              		.eabi_attribute 24, 1
   6              		.eabi_attribute 25, 1
   7              		.eabi_attribute 26, 1
   8              		.eabi_attribute 30, 2
   9              		.eabi_attribute 34, 1
  10              		.eabi_attribute 18, 4
  11              		.file	"nvic.c"
  12              		.text
  13              	.Ltext0:
  14              		.section	.gnu.lto_.profile.7bb9e047,"",%progbits
  15 0000 789C6365 		.ascii	"x\234ce`b`a```d\220\022\003\000\000\312\000="
  15      60626061 
  15      60606064 
  15      90120300 
  15      00CA003D 
  16              		.text
  17              		.section	.gnu.lto_.icf.7bb9e047,"",%progbits
  18 0000 789C6365 		.ascii	"x\234ce`b\220b@\000\026\206\027\337\372'q3~\336ur'\033"
  18      60629062 
  18      40001686 
  18      17DFFA27 
  18      71337EDE 
  19 0018 D385E635 		.ascii	"\323\205\3465\217\270\231;\356\375hab\000\000\253P\014"
  19      8FB8993B 
  19      EEFD6861 
  19      620000AB 
  19      500C
  20 002a 3B       		.ascii	";"
  21              		.text
  22              		.section	.gnu.lto_.jmpfuncs.7bb9e047,"",%progbits
  23 0000 789C6365 		.ascii	"x\234ce`b\220b@\000\026\006&FF\346\372zF \250g\202\260"
  23      60629062 
  23      40001606 
  23      264646E6 
  23      FA7A4620 
  24 0018 99416C06 		.ascii	"\231Al\006\000)\250\003:"
  24      0029A803 
  24      3A
  25              		.text
  26              		.section	.gnu.lto_.inline.7bb9e047,"",%progbits
  27 0000 789C4D8C 		.ascii	"x\234M\214\321\021\2000\014B!M\323\350\217#\324\011"
  27      D1118030 
  27      0C42214D 
  27      D3E88F23 
  27      D409
  28 0012 5CD2453A 		.ascii	"\\\322E:\222\2438\202\261\236U>\270\343\036\220!\330"
  28      92A33882 
  28      B19E553E 
  28      B8E31E90 
  28      21D8
  29 0024 F1498179 		.ascii	"\361I\201y\242pe\204\333\324\316\015\326\252@\216E\021"
  29      A2706584 
  29      DBD4CE0D 
ARM GAS  C:\Users\8FEE~1\AppData\Local\Temp\ccN4ZLDu.s 			page 2


  29      D6AA408E 
  29      4511
  30 0036 C9833808 		.ascii	"\311\2038\010/d\257$m\365\251\004\325~\"\310J\366\227"
  30      2F64AF24 
  30      6DF5A904 
  30      D57E22C8 
  30      4AF697
  31 0049 14BBDF41 		.ascii	"\024\273\337A(\241\330;\035pLq\001\226\277\015\245"
  31      28A1D83B 
  31      1D704C71 
  31      0196BF0D 
  31      A5
  32              		.text
  33              		.section	.gnu.lto_.pureconst.7bb9e047,"",%progbits
  34 0000 789C6365 		.ascii	"x\234ce`b\340d```a\220b\224b\222b\226\002\000\002\321"
  34      6062E064 
  34      60606061 
  34      90629462 
  34      92629602 
  35 0017 0083     		.ascii	"\000\203"
  36              		.text
  37              		.section	.gnu.lto_nvicEnableVector.7bb9e047,"",%progbits
  38 0000 789C9D53 		.ascii	"x\234\235S\317k\023Q\020~\337N\222M\332$\236\305`{\020"
  38      CF6B1351 
  38      107EDF4E 
  38      924DDA24 
  38      9EC5607B 
  39 0015 422F5982 		.ascii	"B/Y\202P=xQ\301[/\376\007\232K\0036)\255\024o}Ij\202"
  39      503D7851 
  39      C15B2FFE 
  39      079A4B03 
  39      3629AD14 
  40 002e 55B468D3 		.ascii	"U\264h\323Z1l\204j\323\3266M\255\332T\205\020\012\222"
  40      5A316C84 
  40      6AD3D636 
  40      4DADDA54 
  40      85100A92 
  41 0042 4315C59B 		.ascii	"C\025\305\233\340\301\210\222C\245\006\017\036\232\352"
  41      E0C18892 
  41      43A5060F 
  41      1E9AEA
  42 0051 BCDD8082 		.ascii	"\274\335\200\202z\320\307\356\3731\363}3\363\315\333"
  42      7AD0C7EE 
  42      FB31F37D 
  42      33F3CDDB 
  43 0061 750A4D9C 		.ascii	"u\012M\234 !\216\011!\016\360\013\022\320&^\010\221"
  43      20218E09 
  43      210EF00B 
  43      12D0265E 
  43      0891
  44 0073 706B80DA 		.ascii	"pk\200\332H7\304\250\206Q\\\243iB5\363\261\254\365\314"
  44      4837C4A8 
  44      86515CA3 
  44      694235F3 
  44      B1ACF5CC 
  45 0087 491E95E9 		.ascii	"I\036\225\351\346~Y\250\300d\372\014\277j`\016=\214"
  45      E67E59A8 
ARM GAS  C:\Users\8FEE~1\AppData\Local\Temp\ccN4ZLDu.s 			page 3


  45      C064FA0C 
  45      BF6A600E 
  45      3D8C
  46 0099 7A35B672 		.ascii	"z5\266r\233\256\222I\200\203\217_\266n\325\375\352\250"
  46      9BAE9249 
  46      80838F5F 
  46      B66ED5FD 
  46      EAA8
  47 00ab A19B8F2D 		.ascii	"\241\233\217-99\345\247^\010\336\317T\263o}\301\273"
  47      3939E5A7 
  47      5E08DECF 
  47      54B36F7D 
  47      C1BB
  48 00bd 52266565 		.ascii	"R&ees\222\344!\223\010\013 \016\210y\004P@@\260I`\021"
  48      7392E421 
  48      93080B20 
  48      0E887904 
  48      504040B0 
  49 00d4 41862F26 		.ascii	"A\206/&?m\023\035\265\250\227j\255\272\336\246~\310"
  49      3F6D131D 
  49      B5A8976A 
  49      ADBADEA6 
  49      7EC8
  50 00e6 B6A9F7FF 		.ascii	"\266\251\367\377@]BP\341\337\227\366\262>\227\303\256"
  50      405D4250 
  50      E1DF97F6 
  50      B23E97C3 
  50      AE
  51 00f7 15CB7081 		.ascii	"\025\313p\201\327\342kT\344\336\367\214\254\274\271"
  51      D7E26B54 
  51      E4DEF78C 
  51      ACBCB9
  52 0106 87E9535E 		.ascii	"\207\351S^@\3015&:HMN\250\314:o\235n5yxr\0111\3161T"
  52      40C13526 
  52      3A484D4E 
  52      A8CC3A6F 
  52      9D6E3579 
  53 0121 732E93A6 		.ascii	"s.\223\246Vj \331\314\264\212\035*l\216\264\034A4\220"
  53      566A20D9 
  53      CCB48A1D 
  53      2A6C8EB4 
  53      1C413490 
  54 0135 DA49C336 		.ascii	"\332I\3036\020\333~m\213\013\016\024\271\274\006\252"
  54      10DB7E6D 
  54      8B0B0E14 
  54      B9BC06AA 
  55 0145 53B52E85 		.ascii	"S\265.\205a\357\324\305\352K]yuK\336\332\235\317\337"
  55      61EFD4C5 
  55      EA4B5D79 
  55      754BDEDA 
  55      9DCFDF
  56 0158 BCF65156 		.ascii	"\274\366QVS\322\317\246\353\333\315u\277\211\\\202\273"
  56      53D2CFA6 
  56      EBDBCD75 
  56      BF895C82 
  56      BB
  57 0169 9F3F6892 		.ascii	"\237?h\222\033%\326\271\302\201\024a\353\335\352\304"
ARM GAS  C:\Users\8FEE~1\AppData\Local\Temp\ccN4ZLDu.s 			page 4


  57      1B25D6B9 
  57      C2811461 
  57      EBDDEAC4 
  58 0179 3E63498E 		.ascii	">cI\216%d\267I\036\254\302\304M\353^T\264\205\257\005"
  58      2564B749 
  58      1EACC2C4 
  58      4DEB5E54 
  58      B485AF05 
  59 018d 0A179533 		.ascii	"\012\027\2253\0373\251\003\017`\344\310i\335\331\032"
  59      1F33A903 
  59      0F60E4C8 
  59      69DDD91A 
  60 019d C25CA22A 		.ascii	"\302\\\242*\270\231\316\225\362\355\232uv3\2616\273"
  60      B899CE95 
  60      F2ED9A75 
  60      7633B136 
  60      BB
  61 01ae B1EBB56B 		.ascii	"\261\353\265kv\342\241Usj7=\357\261An\033tcv\271\354"
  61      76E2A155 
  61      736A373D 
  61      EFB1416E 
  61      1B746376 
  62 01c4 532027BA 		.ascii	"S '\272\360\310\006\355\244k\272\015\362\250\374\233"
  62      F0C806ED 
  62      A46BBA0D 
  62      F2A8FC9B 
  63 01d4 CFD36E3B 		.ascii	"\317\323n;\014\360\030\001\246\332\352\215\266\372\177"
  63      0CF01801 
  63      A6DAEA8D 
  63      B6FA7F
  64 01e3 D1D68975 		.ascii	"\321\326\211uK\033~\3276b\222\027e\245M\267\264m(m\036"
  64      4B1B7ED7 
  64      36629217 
  64      65A54DB7 
  64      B46D286D 
  65 01f8 2B5563BC 		.ascii	"+Uc\274\336\371_\311\236X\311\264\277${\3723\3313;\331"
  65      DEF95FC9 
  65      9E58C9B4 
  65      BF247BFA 
  65      33D9333B 
  66 020d 3692F9E2 		.ascii	"6\222\371\342\025\253\215\326O1\316\205\362G\302\001"
  66      15AB8DD6 
  66      4F31CE85 
  66      F247C201 
  67 021d 0E874206 		.ascii	"\016\207B\006?\221\376\350\331h|8|\244\327\210\017\033"
  67      3F91FEE8 
  67      D9687C38 
  67      7CA4D788 
  67      0F1B
  68 022f FD67CE19 		.ascii	"\375g\316\031\203\361\241\363\303F$>0\020\217\031\307"
  68      83F1A1F3 
  68      C346243E 
  68      30108F19 
  68      C7
  69 0240 4FF79DEC 		.ascii	"O\367\235\354\273`\304F\242\221PD \346\030\034\212\306"
  69      BB60C446 
  69      A2915044 
ARM GAS  C:\Users\8FEE~1\AppData\Local\Temp\ccN4ZLDu.s 			page 5


  69      20E6181C 
  69      8AC6
  70 0252 7F00671C 		.ascii	"\177\000g\034\031?"
  70      193F
  71              		.text
  72              		.section	.gnu.lto_nvicDisableVector.7bb9e047,"",%progbits
  73 0000 789C9592 		.ascii	"x\234\225\222\317k\023A\024\307\347;o\223lm\223^\005"
  73      CF6B1341 
  73      14C7E73B 
  73      6F936C6D 
  73      935E05
  74 0013 83F62094 		.ascii	"\203\366 \224^2\004\241=\213\340\255\027\377\003\015"
  74      5E3204A1 
  74      3D8BE0AD 
  74      17FF030D 
  75 0023 4203362B 		.ascii	"B\0036+F\212\267N\372c\013\025\265\3246\265b\330\010"
  75      468AB74E 
  75      FA630B15 
  75      B5D436B5 
  75      62D808
  76 0036 91A6AD6D 		.ascii	"\221\246\255m\372#j\353),\202\004\214\242\340I\360`"
  76      FA236AEB 
  76      292C8204 
  76      8CA2E049 
  76      F060
  77 0048 45F450D1 		.ascii	"E\364P\321\322\203\207Z}\263\353A\360\344\260;3o\366"
  77      D283875A 
  77      7DB3EB41 
  77      F0E4B03B 
  77      336FF6
  78 005b F3DEF7BD 		.ascii	"\363\336\367\2757\033\021R\\\224B\364\011!\216\361\013"
  78      371B1152 
  78      5C9442F4 
  78      09218EF1 
  78      0B
  79 006c 1290532F 		.ascii	"\022\220S/\205(\330\0220\033mC\014K\014\343\026\315"
  79      8528D812 
  79      301B6D43 
  79      0C4B0CE3 
  79      16CD
  80 007e 11FC894F 		.ascii	"\021\374\211O\333\262gA\363h\314\325\243\256\036?\352"
  80      DBB26741 
  80      F368CCD5 
  80      A3AE1E3F 
  80      EA
  81 008f 9110F3FC 		.ascii	"\221\020\363\374\232\201\005\3640\365zl\355\036\335"
  81      9A8105F4 
  81      30F57A6C 
  81      ED1EDD
  82 009e 248F008B 		.ascii	"$\217\000\213\315\357\255\273;\011cJt\261\371S\317\024"
  82      CDEFADBB 
  82      3B09634A 
  82      74B1F953 
  82      CF14
  83 00b0 13D40BC1 		.ascii	"\023\324\013\301\373y\177\366]\274\373\201\326#\272"
  83      FB797FF6 
  83      5DBCFB81 
ARM GAS  C:\Users\8FEE~1\AppData\Local\Temp\ccN4ZLDu.s 			page 6


  83      D623BA
  84 00bf F16286F4 		.ascii	"\361b\206\364I\217\010K \016\210E$QER\360\221\3002\272"
  84      498F084B 
  84      200E8845 
  84      24514552 
  84      F091C032 
  85 00d4 0DFF61FD 		.ascii	"\015\377a\375p6\036\265BA<D\024\274\326\336\240\241"
  85      70361EB5 
  85      42413C44 
  85      14BCD6DE 
  85      A0A1
  86 00e6 0F7F4DE8 		.ascii	"\017\177M\350\306\307\012\336\236\265\001\203Kv\264"
  86      C6C70ADE 
  86      9EB50183 
  86      4B76B4
  87 00f5 C84C164F 		.ascii	"\310L\026O\021!&\331\307Tt\235\244Y\351\013F\367\334"
  87      112126D9 
  87      C754749D 
  87      A459E90B 
  87      46F7DC
  88 0108 D6661926 		.ascii	"\326f\031&N\211d\211\300\012\315\312\323\203\016\223"
  88      4E896489 
  88      C00ACDCA 
  88      D3830E93 
  89 0118 6C0411AC 		.ascii	"l\004\021\254\260<c\007\356b[\010Q\010\335\256\254n"
  89      B03C6307 
  89      EE625B08 
  89      5108DDAE 
  89      AC6E
  90 012a C70D64E1 		.ascii	"\307\015d\341\004VC\350\233\333\214\205\220\251\271"
  90      045643E8 
  90      9BDB8C85 
  90      90A9B9
  91 0139 FEECB96B 		.ascii	"\376\354\271k\207a\200\032\222\354\312\220_l*\3030P"
  91      8761801A 
  91      92ECCA90 
  91      5F6C2AC3 
  91      3050
  92 014b 1CF75FC5 		.ascii	"\034\367_\305\014\020\015\032Q\277\377\365GGhj\177T"
  92      0C100D1A 
  92      51BFFFF5 
  92      4747686A 
  92      7F54
  93 015d 27F8687A 		.ascii	"'\370hzwo+\341\241T\340f\227\217{\024\303:wd\215\325"
  93      776F2BE1 
  93      A154E066 
  93      978F7B14 
  93      C33A7764 
  94 0173 8C43EBFD 		.ascii	"\214C\353\375\306T\247Z\321c\005\335\345\221\215\015"
  94      C654A75A 
  94      D16305DD 
  94      E5918D0D 
  95 0183 78B8135C 		.ascii	"x\270\023\\\203\211\266\264_\245t\315|,\017y\324\206"
  95      8389B6B4 
  95      5FA574CD 
  95      7C2C0F79 
  95      D486
ARM GAS  C:\Users\8FEE~1\AppData\Local\Temp\ccN4ZLDu.s 			page 7


  96 0195 4D28AE30 		.ascii	"M(\2560\270\242:\322\234\242If\377su'\366'\235\377\021"
  96      B8A23AD2 
  96      9CA24966 
  96      FF737527 
  96      F6279DFF 
  97 01aa 3B824781 		.ascii	";\202G\201\030\376\025\313y\324\216\307F\014\201\330"
  97      18FE15CB 
  97      79D48EC7 
  97      460C81D8 
  98 01ba 13A4FFAE 		.ascii	"\023\244\377\256\265\035\002[\034s\027#\345\345\033"
  98      B51D025B 
  98      1C731723 
  98      E5E51B
  99 01c9 41E383FF 		.ascii	"A\343\203\377f\222q\276\022N\360T*\245\370\311\014d"
  99      669271BE 
  99      124EF054 
  99      2AA5F8C9 
  99      0C64
 100 01db 2F649D7C 		.ascii	"/d\235|\272\257W9y5p\376\222\272\354\\\271\232W\031"
 100      BAAF5739 
 100      793570FE 
 100      92BAEC5C 
 100      B99A5719 
 101 01ef 6770D0C9 		.ascii	"gp\320\311\251\323\347\372\317\364_S\271\241l&\225\021"
 101      A9D3E7FA 
 101      CFF45F53 
 101      B9A16C26 
 101      9511
 102 0201 C8FD06D7 		.ascii	"\310\375\006\327\244\324U"
 102      A4D455
 103              		.text
 104              		.section	.gnu.lto_nvicSetSystemHandlerPriority.7bb9e047,"",%progbits
 105 0000 789C6D51 		.ascii	"x\234mQMk\023Q\024\275g\356|)\330u\321.\272\020B7\031"
 105      4D6B1351 
 105      14BD67EE 
 105      7C29D875 
 105      D12EBA10 
 106 0017 82507782 		.ascii	"\202Pw\202v\335\215\377\240F!\2016S\022\021w}3i\033"
 106      76DD8DFF 
 106      A0462181 
 106      36531211 
 106      777D3369 
 107 002c AC50454D 		.ascii	"\254PEMS\305a\002E\252\2551\255\272\011\026\011Y\231"
 107      53C56102 
 107      45AAAD31 
 107      ADBA0916 
 107      095999
 108 003f 858A2EBB 		.ascii	"\205\212.\273R+J\300\200\037\335Z\275o\214\340\302\307"
 108      522B4AC0 
 108      801FDD5A 
 108      BD6F8CE0 
 108      C2C7
 109 0051 7B33EF7E 		.ascii	"{3\357~\234\373\316\271\327\"\203\372 :CD\307\344\200"
 109      9CFBCEB9 
 109      D72283FA 
 109      203A4344 
 109      C7E480
ARM GAS  C:\Users\8FEE~1\AppData\Local\Temp\ccN4ZLDu.s 			page 8


 110 0064 09C6F557 		.ascii	"\011\306\365WD\201k\000\372\242\\\320\234\2019\\\343"
 110      44816B00 
 110      FAA25CD0 
 110      9C81395C 
 110      E3
 111 0075 1AA353F9 		.ascii	"\032\243S\371\3242\306\326\225\254vm\337^T\013\3031"
 111      D432C6D6 
 111      95AC766D 
 111      DF5E540B 
 111      C331
 112 0087 13DD96A3 		.ascii	"\023\335\226\243\027\3261&Yo\346\267\356\3622\307\014"
 112      17D63126 
 112      596FE6B7 
 112      EEF232C7 
 112      0C
 113 0098 98627E7B 		.ascii	"\230b~{ygoH\233\006F\305,\337|\276\343\3628H\356}\325"
 113      79676F48 
 113      9B0646C5 
 113      2CDF7CBE 
 113      E3F23848 
 114 00af 0DECD43D 		.ascii	"\015\354\324=\245B\325\376Xeu<f\306\006X\012\342\001"
 114      A542D5FE 
 114      5865753C 
 114      66C60658 
 114      0AE201
 115 00c2 46701F23 		.ascii	"Fp\037#$.\302&R\222\276\031~\3563\237J\240W\272?\367"
 115      242EC226 
 115      5292BE19 
 115      7EEE339F 
 115      4AA057BA 
 116 00d8 9C0174BF 		.ascii	"\234\001t\2776\200>\374\017\264\201\224\316\377\260"
 116      36803EFC 
 116      0FB48194 
 116      CEFFB0
 117 00e7 7D503D62 		.ascii	"}P=b\233k\177\351\342\021lQN\315\267h\253\203_\025!"
 117      9B6B7FE9 
 117      E2116C51 
 117      4ECDB768 
 117      AB835F15 
 118 00fc 30BCFBC3 		.ascii	"0\274\373\303u\000\2150\004k\262\376X\320\217\023-\011"
 118      75008D30 
 118      046BB2FE 
 118      58D08F13 
 118      2D09
 119 010e 4837E42A 		.ascii	"H7\344*\033\372\317=\204\337+\215\326;\350B\021\033"
 119      1BFACF3D 
 119      84DF2B8D 
 119      D63BE842 
 119      111B
 120 0120 11837A28 		.ascii	"\021\203z(\177]\0348X|\377\366\302\202\211\246p\352"
 120      7F5D1C38 
 120      587CFFF6 
 120      C28289A6 
 120      70EA
 121 0132 A1B3D24D 		.ascii	"\241\263\322M\353\034\211\256,t^;:j'\232\202\326\316"
 121      EB1C89AE 
 121      2C745E3B 
ARM GAS  C:\Users\8FEE~1\AppData\Local\Temp\ccN4ZLDu.s 			page 9


 121      3A6A279A 
 121      82D6CE
 122 0145 2DEB8FA9 		.ascii	"-\353\217\251v\313jH\343W\303\367n\214(\220\226\327"
 122      76CB6A48 
 122      E357C3F7 
 122      6E8C2890 
 122      96D7
 123 0157 8FC6EC60 		.ascii	"\217\306\354`[\304mI!\015\370R}\261q\330k\250\371@\215"
 123      5BC46D49 
 123      210DF852 
 123      7DB171D8 
 123      6BA8F940 
 124 016c C6ECE231 		.ascii	"\306\354\3421b\254&\303\220\340\332\215h\"\323\324\261"
 124      62AC26C3 
 124      90E0DA8D 
 124      6822D3D4 
 124      B1
 125 017d 7A31E643 		.ascii	"z1\346Cx\002/b+\231\323Sd\204\241\214>\254?[N\010'\363"
 125      78022F62 
 125      2B99D353 
 125      6484A18C 
 125      3EAC3F5B 
 126 0195 5B120DA2 		.ascii	"[\022\015\242\315 :\221N{\262\263\271\374\271\274_\312"
 126      CD203A91 
 126      4E7BB2B3 
 126      B9FCB9BC 
 126      5FCA
 127 01a7 9C1CF7FC 		.ascii	"\234\034\367\374\222\227\233\232\366f\375\342\305\222"
 127      92979B9A 
 127      F666FDE2 
 127      C592
 128 01b5 97F56766 		.ascii	"\227\365gf\374\202w\372\354\344\304\344e\257p)\237M"
 128      FC8277FA 
 128      ECE4C4E4 
 128      65AF7029 
 128      9F4D
 129 01c7 67C9C94D 		.ascii	"g\311\311M\025\316O_(\232\263\305\274\377\033\256\374"
 129      15CE4F5F 
 129      289AB3C5 
 129      BCFF1BAE 
 129      FC
 130 01d8 B00C     		.ascii	"\260\014"
 131              		.text
 132              		.section	.gnu.lto_nvicClearPending.7bb9e047,"",%progbits
 133 0000 789C2D51 		.ascii	"x\234-Q\317OSA\020\236o\347\275\266$\264^Ml\220\203"
 133      CF4F5341 
 133      109E6FE7 
 133      BDB624B4 
 133      5E4D6C90 
 134 0015 092126DD 		.ascii	"\011!&\3354&p6\036<q\361?\300^h\"}\306\032\342\215m"
 134      34267036 
 134      1E3C71F1 
 134      3FC05E68 
 134      227DC61A 
 135 002c 81366222 		.ascii	"\2016b\"D\241\010\261y%\326\360C\241\200\036\004/\315"
 135      44A108B1 
 135      7925D6F0 
ARM GAS  C:\Users\8FEE~1\AppData\Local\Temp\ccN4ZLDu.s 			page 10


 135      43A1801E 
 135      042FCD
 136 003f 8B170E68 		.ascii	"\213\027\016h\360\252\361\240\211\211\007\2106\036<"
 136      F0AAF1A0 
 136      89890788 
 136      361E3C
 137 004e 003AFB9E 		.ascii	"\000:\373\236\233\267\373f\276\375\346\233\331\031\227"
 137      9BB7FB66 
 137      BEFDE69B 
 137      D91997
 138 005d 141D8368 		.ascii	"\024\035\203h\220\210.\310\006\023\324\354{\242RB\001"
 138      90882EC8 
 138      0613D4EC 
 138      7BA25242 
 138      01
 139 006e D63009D0 		.ascii	"\3260\011\320\270\3028fx\201\021T\277\357\252\376\025"
 139      B8C23866 
 139      78811154 
 139      BFEFAAFE 
 139      15
 140 007f 23ABBDB0 		.ascii	"#\253\275\260\027\257\230\251\363>\023-\312\266\013"
 140      17AF98A9 
 140      F33E132D 
 140      CAB60B
 141 008e 2BE817D6 		.ascii	"+\350\027\326\341\344\326S~\310>\003\216\270\277\016"
 141      E1E4D653 
 141      7EC83E03 
 141      8EB8BF0E 
 142 009e 96BEA5AC 		.ascii	"\226\276\245\254\253\320+\356\251\231\253\245x\000$"
 142      ABD02BEE 
 142      A999ABA5 
 142      780024
 143 00ad F66230FF 		.ascii	"\366b0\377)\331\367\334\230\262i\277\233cs\311g\306"
 143      29D9F7DC 
 143      98B269BF 
 143      9B6373C9 
 143      67C6
 144 00bf 3A5804B1 		.ascii	":X\004\261\2064V\221&\201\010/\320g\371_\267\317\346"
 144      86345691 
 144      2681082F 
 144      D067F95F 
 144      B7CFE6
 145 00d2 9331274A 		.ascii	"\2231'J\210\227\210I\355\324\372\210\2669\373[5\355"
 145      88978849 
 145      EDD4FA88 
 145      B639FB5B 
 145      35ED
 146 00e4 CF4D1C5E 		.ascii	"\317M\034^O\000\226\256$\320a{8r\270\256\265\210\246"
 146      4F0096AE 
 146      24D0617B 
 146      3872B8AE 
 146      B588A6
 147 00f7 25D03EEB 		.ascii	"%\320>\353\001+\373\347\037\230\350TN\3376`\305\352"
 147      012BFBE7 
 147      1F98E854 
 147      4EDF3660 
 147      C5EA
ARM GAS  C:\Users\8FEE~1\AppData\Local\Temp\ccN4ZLDu.s 			page 11


 148 0109 ACEA0C49 		.ascii	"\254\352\014I\263\337\334;\351\266\025\273p\261!5\010"
 148      B3DFDC3B 
 148      E9B615BB 
 148      70B12135 
 148      08
 149 011a EDA472BF 		.ascii	"\355\244r\277+\"qDz\334\334\334MZ\222\203\213\330\214"
 149      2B227144 
 149      7ADCDCDC 
 149      4D5A9283 
 149      8BD88C
 150 012d 483F2B6B 		.ascii	"H?+k\361\210\344\340rZ\250\002\226;\325\377\352\256"
 150      F188E4E0 
 150      725AA802 
 150      963BD5FF 
 150      EAAE
 151 013f C00204B5 		.ascii	"\300\002\004\265\375\214\005D\2436\025|\210[\215X\330"
 151      FD8C0544 
 151      A336157C 
 151      885B8D58 
 151      D8
 152 0150 8ED7CBC7 		.ascii	"\216\327\313\307\177\272#\327\004\023&%\320\243\243"
 152      7FBA23D7 
 152      04132625 
 152      D0A3A3
 153 015f CE9B948F 		.ascii	"\316\233\224\217zIZ\336\350\3619\216-\351KK\322\331"
 153      7A495ADE 
 153      E8F1398E 
 153      2DE94B4B 
 153      D2D9
 154 0171 80832F3B 		.ascii	"\200\203/;\263\347\364\206\231,\231^\237\023\330\206"
 154      B3E7F486 
 154      992C995E 
 154      9F13D886 
 155 0181 8F27E130 		.ascii	"\217'\3410\254\332\372\357U\316\266\354ec\314\347.\354"
 155      ACDAFAEF 
 155      55CEB6EC 
 155      6563CCE7 
 155      2EEC
 156 0193 40CB13C3 		.ascii	"@\313\023\303A\275BV\352\241#\224\033\317f\302\362\302"
 156      41BD4256 
 156      EAA12394 
 156      1BCF66C2 
 156      F2C2
 157 01a5 014E336C 		.ascii	"\001N3l[\204s%\223\321\362\345F\3627\363^1;8\240\275"
 157      5B847325 
 157      93D1F2E5 
 157      46F237F3 
 157      5E313B38 
 158 01bb A21E19BE 		.ascii	"\242\036\031\276\245o{w\356\026u\316\033\035\365\012"
 158      A56F7B77 
 158      EE1675CE 
 158      1B1DF50A 
 159 01cb FAEA8DA1 		.ascii	"\372\352\215\241kC\367ta,\237\313\344\010\205\177\276"
 159      6B43F774 
 159      612C9FCB 
 159      E408857F 
 159      BE
ARM GAS  C:\Users\8FEE~1\AppData\Local\Temp\ccN4ZLDu.s 			page 12


 160 01dc B5ABFF   		.ascii	"\265\253\377"
 161              		.text
 162              		.section	.gnu.lto_.symbol_nodes.7bb9e047,"",%progbits
 163 0000 789C6365 		.ascii	"x\234ce`b\360b\000\002\246\205L\365\014\014\023\316"
 163      6062F062 
 163      0002A685 
 163      4CF50C0C 
 163      13CE
 164 0012 313000A9 		.ascii	"10\000\251]\015\216@\221EL\365\214\250\"\213\231\352"
 164      5D0D8E40 
 164      91454CF5 
 164      8CA8228B 
 164      99EA
 165 0024 99504596 		.ascii	"\231PE\2260\3253\243\2100\000\000\302@\022N"
 165      30D533A3 
 165      88300000 
 165      C240124E 
 166              		.text
 167              		.section	.gnu.lto_.refs.7bb9e047,"",%progbits
 168 0000 789C6365 		.ascii	"x\234ce`b`d\000\002\000\000I\000\011"
 168      60626064 
 168      00020000 
 168      490009
 169              		.text
 170              		.section	.gnu.lto_.decls.7bb9e047,"",%progbits
 171 0000 789CDD59 		.ascii	"x\234\335YkPUYv\276\373\356{\341r\0054Hu:\023&1\035"
 171      6B505559 
 171      76BEFBEE 
 171      7BE17205 
 171      3448753A 
 172 0018 A79A4A32 		.ascii	"\247\232J2\":i;\251TE\372\242\221\252v\206\002u\362"
 172      223A693B 
 172      A95445FA 
 172      A291AA76 
 172      860275F2 
 173 002c C32ACAC7 		.ascii	"\303*\312\307\235\221)\205\036\300\231\351\231I\367"
 173      9D912985 
 173      1EC099E9 
 173      9949F7
 174 003b 4140015F 		.ascii	"A@\001_\240 \362R\024\021\025\020\020\004\024\320\013"
 174      A020F252 
 174      14111510 
 174      100414D0 
 174      0B
 175 004c 2A4F4105 		.ascii	"*OA\005QA\336 \"\212\362P\021D\310\332\217\303\335\034"
 175      5141DE20 
 175      228AF250 
 175      1144C8DA 
 175      8FC3DD1C 
 176 0060 2E56FF98 		.ascii	".V\377\230\312\217\334b\235s\326\336\337Y\373\333k\255"
 176      CA8FDC62 
 176      9D73D6DE 
 176      DF59FBDB 
 176      6BAD
 177 0072 FD3A6855 		.ascii	"\375:hUj\325\371\177T\251\016b\225\3528R\251\246\341"
 177      6AD5F97F 
 177      54A90E62 
ARM GAS  C:\Users\8FEE~1\AppData\Local\Temp\ccN4ZLDu.s 			page 13


 177      95EA3852 
 177      A9A6E1
 178 0085 A755A954 		.ascii	"\247U\251TY*\363O\003r\025\344\032\210\011\244\\5\367"
 178      592AF34F 
 178      037215E4 
 178      1A8809A4 
 178      5C35F7
 179 0098 B71BDEB5 		.ascii	"\267\033\336\265\203\373&\020\007\020G\220<\020'\220"
 179      83FB2610 
 179      07104790 
 179      3C102790 
 180 00a8 CF417E41 		.ascii	"\317A~A\312\000\263\030\3441<\267\200<\007\031\000\201"
 180      CA00B318 
 180      E4313CB7 
 180      803C0719 
 180      0081
 181 00ba A6556A28 		.ascii	"\246Uj(\267\001\261\006A\274=\345\357\177\240\302\326"
 181      B701B106 
 181      41BC3DE5 
 181      EF7FA0C2 
 181      D6
 182 00cb 421B4AFB 		.ascii	"B\033J\373\262]\271\0355\210\016\2616\020\357\207\362"
 182      B25DB91D 
 182      35880EB1 
 182      3610EF87 
 182      F2
 183 00dc 170C15FA 		.ascii	"\027\014\025\372y\370\023\333EP_\000\362{\304l\022;"
 183      79F813DB 
 183      45505F00 
 183      F27BC46C 
 183      123B
 184 00ee 89DC9E89 		.ascii	"\211\334\236\211\353\225h\266\315\260yl\022\276\236"
 184      EB9568B6 
 184      CDB0796C 
 184      12BE9E
 185 00fd 16F892D7 		.ascii	"\026\370\222\327m\270MK>\216\303\250\340\340\315Ru;"
 185      6DB84D4B 
 185      3E8EC3A8 
 185      E0E0CD52 
 185      753B
 186 010f 6A45D027 		.ascii	"jE\320'\264\210\226\"\304\256\210\012U\247\345\037B"
 186      B4889622 
 186      C4AE880A 
 186      55A7E51F 
 186      42
 187 0120 B41C4AD5 		.ascii	"\264\034J\325*nX.B\362\033\\WsU\315M\322?\3762\022,"
 187      2A6E582E 
 187      42F21B5C 
 187      577355CD 
 187      4DD23FFE 
 188 0137 B26AD692 		.ascii	"\262j\326\222\374c\334\331\003}M~\033\251\315\015 $"
 188      FC63DCD9 
 188      037D4D7E 
 188      1BA9CD0D 
 188      2024
 189 0149 BE201864 		.ascii	"\276 \030d\264y\375\014?\225\271sH\356\375p\374\355"
 189      B479FD0C 
ARM GAS  C:\Users\8FEE~1\AppData\Local\Temp\ccN4ZLDu.s 			page 14


 189      3F95B973 
 189      48EEFD70 
 189      FCED
 190 015b 3E7D076A 		.ascii	">}\007j#\245)\253\021-K\274\337\235\252\306\020Zx\356"
 190      23A529AB 
 190      112D4BBC 
 190      DF9DAAC6 
 190      105A78EE 
 191 016f 183FB776 		.ascii	"\030?\267vY\246\304~\272\1776\273\255\255\352|\006>"
 191      59A6C47E 
 191      BA7F36BB 
 191      ADADEA7C 
 191      063E
 192 0181 84D1E77A 		.ascii	"\204\321\347zD\332\\\010E\331/\256\214\333\261\"\202"
 192      44DA5C08 
 192      45D92FAE 
 192      8CDBB122 
 192      82
 193 0192 68383C72 		.ascii	"h8<r\306\032;\321\347{\2419I\004\355\240G\032\322j]"
 193      C61A3BD1 
 193      E77BA139 
 193      4904EDA0 
 193      471AD26A 
 194 01a7 428F3DA8 		.ascii	"B\217=\250\216z\264$\016\253\343k\036\226k\220\263\376"
 194      8E7AB424 
 194      0EABE36B 
 194      1E966B90 
 194      B3FE
 195 01b9 2C69C434 		.ascii	",i\3044\375\372\363\350}\222\244F\271H\217\262\020F"
 195      FDFAF3E8 
 195      7D92A446 
 195      B9488FB2 
 195      1046
 196 01cb 17D03242 		.ascii	"\027\3202B\371s\022\370pI\332#E\205H6\353T(\0339\241"
 196      F97312F8 
 196      7049DA23 
 196      45854836 
 196      EB54281B 
 197 01e1 8BC84985 		.ascii	"\213\310I\205r\2203i\224\340P&\024f@!\264r\376L\364"
 197      72903369 
 197      94E05026 
 197      14664021 
 197      B472FE4C 
 198 01f6 692B7C06 		.ascii	"i+|\006\021\006\352\212k\217\037i\220\336\331\242\201"
 198      1106EA8A 
 198      6B8F1F69 
 198      90DED9A2 
 198      81
 199 0207 7C0B0618 		.ascii	"|\013\006\030\231WY\237U\204\0212y@\346\222\231\014"
 199      9957599F 
 199      55841132 
 199      7940E692 
 199      990C
 200 0219 70637E28 		.ascii	"pc~(\037\357X\244!\251C\000[5\244(2\255z\002\317\224"
 200      1FEF58A4 
 200      21A94300 
 200      5B35A428 
ARM GAS  C:\Users\8FEE~1\AppData\Local\Temp\ccN4ZLDu.s 			page 15


 200      32AD7A02 
 201 022f 5D46B4F0 		.ascii	"]F\264\360\326\364\230i!\363\200\2328g\350v\362\002"
 201      D6F49869 
 201      21F3809A 
 201      3867E876 
 201      F202
 202 0241 E68145A0 		.ascii	"\346\201E\240\326\336\033yh\373\3511\352\345\020i\221"
 202      D6DE1B79 
 202      68FBE931 
 202      EAE51069 
 202      91
 203 0252 1A6DFA04 		.ascii	"\032m\372\004\025\001\221B \242BW\320\247p-@\032\326"
 203      15019142 
 203      20A24257 
 203      D0A7702D 
 203      401AD6
 204 0265 E4E4A3E0 		.ascii	"\344\344\243\340\027V\237\245H)\235\340\254\332\245"
 204      17569FA5 
 204      48299DE0 
 204      ACDAA5
 205 0274 4F2F4912 		.ascii	"O/I\022P\2244\004\207\316\2339\302#\\\317\241\016\204"
 205      50943404 
 205      87CE9B39 
 205      C2235CCF 
 205      A10E84
 206 0287 D2513B64 		.ascii	"\322Q;d\300U\364\031\274\336\324^:\204q#\213\257\005"
 206      C055F419 
 206      BCDED45E 
 206      3A847123 
 206      8BAF05
 207 029a FA377332 		.ascii	"\3727s2>\330\317\313\245\224r)\221\271\034\273\224="
 207      3ED8CFCB 
 207      A5947229 
 207      91B91CBB 
 207      943D
 208 02ac A5E65C1A 		.ascii	"\245\346\\\032\376&^2\355\221\210\267\000\205\212\315"
 208      FE265E32 
 208      ED9188B7 
 208      00858ACD 
 209 02bc 4C8A954C 		.ascii	"L\212\225L\256Q&\271\357\236\207`\374\20419\373|\342"
 209      AE5126B9 
 209      EF9E8760 
 209      FC843139 
 209      FB7CE2
 210 02cf 8AAD6CE9 		.ascii	"\212\255l\351og,\221>]7[\272\256\264d\242\226J\323\343"
 210      6F672C91 
 210      3E5D375B 
 210      BAAEB464 
 210      A2964AD3 
 211 02e4 3CF01E4C 		.ascii	"<\360\036L\015\025\027\265\214\351\270\241\201\037\317"
 211      0D1517B5 
 211      8CE9B8A1 
 211      811FCF
 212 02f3 A2546636 		.ascii	"\242Tf6T\2464TN\015e6\235,\266ea\222\234H\246\226\355"
 212      54A63454 
 212      4E0D6536 
 212      9D2CB665 
ARM GAS  C:\Users\8FEE~1\AppData\Local\Temp\ccN4ZLDu.s 			page 16


 212      61929C48 
 213 030a CBE7FA90 		.ascii	"\313\347\372\2205\3501Y=\205\210\351Q\216\240\3677\245"
 213      35E83159 
 213      3D8588E9 
 213      518EA0F7 
 213      37A5
 214 031c 27D8B138 		.ascii	"'\330\2618J\247\020\024$ON\206j\360QF\245\353\301T-"
 214      4AA71014 
 214      244F4E86 
 214      6AF05146 
 214      A5EBC154 
 215 0331 4FFB102D 		.ascii	"O\373\020-\031\006\005\317\216,\320\207\023\317\322"
 215      190605CF 
 215      8E2CD087 
 215      13CFD2
 216 0340 14241572 		.ascii	"\024$\025r\022\252P5\311)\344\342\204\252X\376\216>"
 216      12AA5035 
 216      C929E4E2 
 216      84AA58FE 
 216      8E3E
 217 0352 2E4BD13B 		.ascii	".K\321;DQ\264$-\321\320\030U\000\374\026\205\327 \007"
 217      4451B424 
 217      2DD1D018 
 217      5500FC16 
 217      85D72007 
 218 0366 F92582EE 		.ascii	"\371%\202\356M\353M\261\341\314\255@\337\033\335\235"
 218      4DEB4DB1 
 218      E1CCAD40 
 218      DF1BDD9D 
 219 0376 6ACF9913 		.ascii	"j\317\231\023bw\243\017\034\325p\246d\264\036z\030\375"
 219      6277A30F 
 219      1CD570A6 
 219      64B41E7A 
 219      18FD
 220 0388 9F3899F1 		.ascii	"\2378\231\361|\224{4G\313\260\257\010vx*-\326j^\236"
 220      7C947B34 
 220      47CBB0AF 
 220      0876782A 
 220      2DD66A5E 
 221 039d 77659E77 		.ascii	"we\236w\030\317\354\260\336\363:x\333\011\246\002$\314"
 221      18CFECB0 
 221      DEF33A78 
 221      DB09A602 
 221      24CC
 222 03af 034E6C1E 		.ascii	"\003Nl\036\3107\215fip\012mI]\220\337\233\240\027\206"
 222      C8378D66 
 222      69700A6D 
 222      495D90DF 
 222      9BA01786 
 223 03c3 FA274592 		.ascii	"\372'E\222\264\0105A\307\032\315\261q\232\031\351C\247"
 223      B4083541 
 223      C71ACDB1 
 223      719A19E9 
 223      43A7
 224 03d5 25FCA90A 		.ascii	"%\374\251\012\255tB\313a\230\336\207a\352\304\207i\003"
 224      AD7442CB 
 224      6198DE87 
ARM GAS  C:\Users\8FEE~1\AppData\Local\Temp\ccN4ZLDu.s 			page 17


 224      61EAC487 
 224      6903
 225 03e7 D0B9C7C7 		.ascii	"\320\271\307\307\371\311s7\355\360\005\326@|lY\276\375"
 225      F9C97337 
 225      EDF005D6 
 225      407C6C59 
 225      BEFD
 226 03f9 4C03307C 		.ascii	"L\0030|\363\350\360}\004-<0\267\320\204\346i\342\241"
 226      F3E8F07D 
 226      042D3C30 
 226      B7D084E6 
 226      69E2A1
 227 040c E526469F 		.ascii	"\345&F\237\224\024Z\231C\201\250\275:\250\277M=\322"
 227      94145A99 
 227      4381A8BD 
 227      3AA8BF4D 
 227      3DD2
 228 041e 4C437157 		.ascii	"LCqW\016EJf\374\013k\342\276\220\037f\275C\012\033\260"
 228      0E454A66 
 228      FC0B6BE2 
 228      BE901F66 
 228      BD430A1B 
 229 0433 16ADB77C 		.ascii	"\026\255\267|\314zAGL\004O\311\0242\231^m\0336-`z'q"
 229      CC7A4147 
 229      4C044FC9 
 229      1432995E 
 229      6D1B362D 
 230 044b FFF88BE3 		.ascii	"\377\370\213\343M:\036h{\320o\214&\015\333\342K,\322"
 230      4D3A1E68 
 230      7BD06F8C 
 230      260DDBE2 
 230      4B2CD2
 231 045e E58F4BC3 		.ascii	"\345\217K\303y\244W\201\272g 7\321f\336@w\311\201\356"
 231      79A45781 
 231      BA672037 
 231      D166DE40 
 231      77C981EE 
 232 0472 643CC3FA 		.ascii	"d<\303\372\222[\325\312\204l\007x\033\205wS\236]2\317"
 232      925BD5CA 
 232      846C0778 
 232      1B857753 
 232      9E5D32CF 
 233 0486 B8C1F11F 		.ascii	"\270\301\361\037\361|\024\347|\007:\347\243\213\375"
 233      F17C14E7 
 233      7C073AE7 
 233      A38BFD
 234 0495 D793F49C 		.ascii	"\327\223\364\234%\231\020o4&fX\343\022\306\362ud\330"
 234      2599106F 
 234      34266658 
 234      E312C6F2 
 234      7564D8
 235 04a8 181F3764 		.ascii	"\030\0377d\320=<\365\344\235~^\226\3752\313\247\214"
 235      D03D3CF5 
 235      E49D7E5E 
 235      96FD32CB 
 235      A78C
 236 04ba 6564D2E9 		.ascii	"ed\322\351d+%\313'\000\357\245\360g\224e\277\3142<\363"
ARM GAS  C:\Users\8FEE~1\AppData\Local\Temp\ccN4ZLDu.s 			page 18


 236      642B25CB 
 236      2700EFA5 
 236      F0679465 
 236      BFCC323C 
 237 04cf D00DCC62 		.ascii	"\320\015\314b\365CV\005x\243:\245 ~\326\260\034\370"
 237      F5435605 
 237      78A33AA5 
 237      207ED6B0 
 237      1CF8
 238 04e1 98FDB182 		.ascii	"\230\375\261\202\367\217y\267S0\361xqs4_\007:\305a\353"
 238      F78F79B7 
 238      5330F178 
 238      7173345F 
 238      073AC561 
 239 04f6 C8876D70 		.ascii	"\310\207mp\177\316>\214\313\230\037F\343\302\"t\014"
 239      7FCE3E8C 
 239      CB981F46 
 239      E3C22274 
 239      0C
 240 0507 FCD7A056 		.ascii	"\374\327\240V%&\375\335\274n\030\226\3350\304h^\253"
 240      2526FDDD 
 240      BC6E1896 
 240      DD30C468 
 240      5EAB
 241 0519 7F5C64A3 		.ascii	"\177\\d\243t\303K\200\017R\370\010\2459,\323\314/\035"
 241      74C34B80 
 241      0F52F808 
 241      A5392CD3 
 241      CC2F1D
 242 052c 4E93670F 		.ascii	"N\223g\017B\363IFw\252\036\3272\032\027L\373\253x8R"
 242      42F34946 
 242      77AA1ED7 
 242      321A174C 
 242      FBAB7838 
 243 0541 48ACA613 		.ascii	"H\254\246\023\207\222m\361]V)\007\322\201\007\362\316"
 243      87926DF1 
 243      5D562907 
 243      D28107F2 
 243      CE
 244 0552 B3825C35 		.ascii	"\263\202\\5na\225\037:\242\242\254\371\233$7;\232\233"
 244      6E61951F 
 244      3AA2A2AC 
 244      F99B2437 
 244      3B9A9B
 245 0565 726D7107 		.ascii	"rmq\007\253,\350\253\256\220\337$\225\021\331\335\373"
 245      AB2CE8AB 
 245      AE90DF24 
 245      9511D9DD 
 245      FB
 246 0576 B5B89F4F 		.ascii	"\265\270\237O\235mO#\355\361 S*+\366\374\006\217\261"
 246      9D6D4F23 
 246      EDF12053 
 246      2A2BF6FC 
 246      068FB1
 247 0589 E7DA9ED0 		.ascii	"\347\332\236\320\177a/\205\222\011\372\326\231\334\223"
 247      7F612F85 
 247      9209FAD6 
ARM GAS  C:\Users\8FEE~1\AppData\Local\Temp\ccN4ZLDu.s 			page 19


 247      99DC93
 248 0598 98F92F85 		.ascii	"\230\371/\205\246\177^Yd\310B<I\301\013ot\245'\352\320"
 248      A67F5E59 
 248      64C8423C 
 248      49C10B6F 
 248      74A527EA 
 249 05ad 52FE5B4C 		.ascii	"R\376[L.\316KOK\241\301\222\351N8\276v\247F\222:M\010"
 249      2ECE4B4F 
 249      4BA1C192 
 249      E94E38BE 
 249      76A74692 
 250 05c4 3D460EA8 		.ascii	"=F\016\250\036f\207H\365\342\231q\207j\251\237\\\311"
 250      1E668748 
 250      F5E29971 
 250      876AA99F 
 250      5CC9
 251 05d6 7695BD51 		.ascii	"v\225\275Q\376'\270\204b\364\034\320\3578Z\216;\032"
 251      FE27B884 
 251      62F41CD0 
 251      EF385A8E 
 251      3B1A
 252 05e8 9B850E01 		.ascii	"\233\205\016\001\364\237\343)\232dG\260\232\241gR\353"
 252      F49FE329 
 252      9A6447B0 
 252      9AA16752 
 252      EB
 253 05f9 86882613 		.ascii	"\206\210&\023\325\300\037\231m\010\013\372\300m\313"
 253      D5C01F99 
 253      6D080BFA 
 253      C06DCB
 254 0608 C1E28925 		.ascii	"\301\342\211%\240k\376dF\277U\242\337(yw\377\321\314"
 254      A06BFE64 
 254      46BF55A2 
 254      DF287977 
 254      FFD1CC
 255 061b 7B4AC9DB 		.ascii	"{J\311\333E\001\036\021\300\223J\360{\245\351\006\301"
 255      45011E11 
 255      C0934AF0 
 255      7BA5E906 
 255      C1
 256 062c 25AF95E8 		.ascii	"%\257\225\350Q3:\232\247\341j\215\012\262\304\011\326"
 256      51333A9A 
 256      A7E16A8D 
 256      0AB2C409 
 256      D6
 257 063d 095245D0 		.ascii	"\011RE\3200\272\320a\2653\332\247^\212\302@\302A\016"
 257      30BAD061 
 257      B533DAA7 
 257      5E8AC240 
 257      C2410E
 258 0650 818480EC 		.ascii	"\201\204\200\354\005\211\000\331\017r\020$\012d\017"
 258      058900D9 
 258      0F721024 
 258      0A640F
 259 065f C8019050 		.ascii	"\310\001\220P\365R\272\025e\016i\021\034\362J\351\220"
 259      F552BA15 
 259      650E6911 
ARM GAS  C:\Users\8FEE~1\AppData\Local\Temp\ccN4ZLDu.s 			page 20


 259      1CF24AE9 
 259      90
 260 0670 174AF74D 		.ascii	"\027J\367Mp4\254\240\250\222\243\345u\025\335\234\343"
 260      7034ACA0 
 260      A892A3E5 
 260      7515DD9C 
 260      E3
 261 0681 3EA18F7D 		.ascii	">\241\217}\312>\366\314\261-\004rB\311d\334\214f\353"
 261      CA3EF6CC 
 261      B12D0472 
 261      42C964DC 
 261      8C66EB
 262 0694 D3830987 		.ascii	"\323\203\011\207`IB\004\245\342k\223\271S/\337;\036"
 262      60494204 
 262      A5E26B93 
 262      B9532FDF 
 262      3B1E
 263 06a6 91A4AAE5 		.ascii	"\221\244\252\345db\205}\012\263%O\267p`\231\261\005"
 263      6462857D 
 263      0AB3254F 
 263      B7706099 
 263      B105
 264 06b8 593FF5A0 		.ascii	"Y?\365\240\343&\302W5t\015\014.9Y\277\0009/fm\324O\352"
 264      E326C257 
 264      35740D0C 
 264      2E3959BF 
 264      00392F66 
 265 06d0 60EB8E8E 		.ascii	"`\353\216\216\302\313\321\352\231\025\220\264h9.\350"
 265      C2CBD1EA 
 265      991590B4 
 265      68392EE8 
 266 06e0 0884E32F 		.ascii	"\010\204\343/\021\0322X\017\345\216\330\333F\316\354"
 266      111A3258 
 266      0FE58ED8 
 266      DB46CEEC 
 267 06f0 B9290BF3 		.ascii	"\271)\013\363\234\025\243\266\245G\022\270\003\270\342"
 267      9C15A3B6 
 267      A54712B8 
 267      03B8E2
 268 06ff 505B0C5F 		.ascii	"P[\014_\233\316\221\335R}\317\215H\276\260\245\020\275"
 268      9BCE91DD 
 268      527DCF8D 
 268      48BEB0A5 
 268      10BD
 269 0711 2DE2A51B 		.ascii	"-\342\245\033\276I\273\210\"\013\032\3335\363\316\205"
 269      BE49BB88 
 269      220B1ADB 
 269      35F3CE85 
 270 0721 C7D57C2E 		.ascii	"\307\325|.t\241Sa\357\235\234\274\205|*\014\221\247"
 270      74A15361 
 270      EF9D9CBC 
 270      857C2A0C 
 270      91A7
 271 0733 42333A5E 		.ascii	"B3:^\355 \277C\320\335I\335\017\354p=k'4\253\255\235"
 271      ED20BF43 
 271      D0DD49DD 
 271      0FEC703D 
ARM GAS  C:\Users\8FEE~1\AppData\Local\Temp\ccN4ZLDu.s 			page 21


 271      6B2734AB 
 272 0749 2FB6C709 		.ascii	"/\266\307\011\207\260\364\316\012\204\233X\345\330\336"
 272      87B0F4CE 
 272      0A849B58 
 272      E5D8DE
 273 0758 F6568C5B 		.ascii	"\366V\214[\230r~8/\204\263\215\"\310\241\350\330\310"
 273      98727E38 
 273      2F84B38D 
 273      22C8A1E8 
 273      D8C8
 274 076a 85B88B55 		.ascii	"\205\270\213U&%\277\377\021\356g\317\027\3322.\363\251"
 274      2625BFFF 
 274      11EE67CF 
 274      17DA322E 
 274      F3A9
 275 077c F61D5918 		.ascii	"\366\035Y\030_\206>\351\344/~\012jNI\350 ?\033\231\310"
 275      5F863EE9 
 275      E42F7E0A 
 275      6A4E49E8 
 275      203F1B99 
 276 0791 7C3679AE 		.ascii	"|6y\256\357\023\374\212\275Z}\346\352$gC\232\030<\022"
 276      EF13FC8A 
 276      BD5A7DE6 
 276      EA246743 
 276      9A183C12 
 277 07a5 3E6037AF 		.ascii	">`7\257\023\316\312NHS\263u\353\310\223t{\345\202\220"
 277      13CECA4E 
 277      4853B375 
 277      EBC89374 
 277      7BE58290 
 278 07b9 0A413FAD 		.ascii	"\012A?\255&\360t\352\205\263\262\027zRo\215X\361\355"
 278      26F074EA 
 278      85B3B217 
 278      7A526F8D 
 278      58F1ED
 279 07cc 2361B9F7 		.ascii	"#a\271\367"
 280 07d0 DED1BFC7 		.ascii	"\336\321\277\307\343\214\306\211\373\311\341Z,i\251"
 280      E38CC689 
 280      FBC9E15A 
 280      2C69A9
 281 07df 32191F65 		.ascii	"2\031\037e\342;\342~\002L(\217\337\201#X]\337ho\017"
 281      E23BE27E 
 281      024C288F 
 281      DF812358 
 281      5DDF686F 
 282 07f4 C28799F2 		.ascii	"\302\207\231\362`\240\275\203\257\"\235\004\330\337"
 282      60A0BD83 
 282      AF229D04 
 282      D8DF
 283 0802 98F6548B 		.ascii	"\230\366T\213\34382\266\270T\207O2\245)\346v\234\206"
 283      E33832B6 
 283      B854874F 
 283      32A529E6 
 283      769C86
 284 0815 211F11E4 		.ascii	"!\037\021\344TF\332\224\015Nc\225\003\361\215)\3668"
 284      5446DA94 
 284      0D4E6395 
ARM GAS  C:\Users\8FEE~1\AppData\Local\Temp\ccN4ZLDu.s 			page 22


 284      03F18D29 
 284      F638
 285 0827 8B29A96F 		.ascii	"\213)\251os\363\371\352z\227 \247\313\307\036\331\341"
 285      73F3F9EA 
 285      7A9720A7 
 285      CBC71ED9 
 285      E1
 286 0838 CBACF2E9 		.ascii	"\313\254\362\351\375\214\020+|\235)\227\317\346]\340"
 286      FD8C102B 
 286      7C9D2997 
 286      CFE65DE0 
 287 0848 C82A821C 		.ascii	"\310*\202\034\214\037\272\277\020W\262\312\224\251\350"
 287      8C1FBABF 
 287      1057B2CA 
 287      94A9E8
 288 0857 D30BE44D 		.ascii	"\323\013\344M@\370\017\331\004Tt\245&\360 \232\210\271"
 288      40F80FD9 
 288      045474A5 
 288      26F0209A 
 288      88B9
 289 0869 B7252668 		.ascii	"\267%&h\253\216\231\213\337[\276\317\01272\345pH\373"
 289      AB8E998B 
 289      DF5BBECF 
 289      0A3732E5 
 289      7048FB
 290 087c 770CF81F 		.ascii	"w\014\370\037\240\0358\236\036e\305\242\333I\326\331"
 290      A01D389E 
 290      1E65C5A2 
 290      DB49D6D9 
 291 088c 0FADC153 		.ascii	"\017\255\301SjVM\366j\357\367\264\037\232?\242&9\242"
 291      6A564DF6 
 291      6AEFF7B4 
 291      1F9A3FA2 
 291      2639A2
 292 089f D75944EF 		.ascii	"\327YD\357\244E\205h\224\021\275\006\021-\245\021-\243"
 292      A4458568 
 292      9411BD06 
 292      112DA511 
 292      2DA3
 293 08b1 1135C911 		.ascii	"\0215\311\021\315\254\253l\345\376\017'\211\225U2\030"
 293      CDACAB6C 
 293      E5FE0F27 
 293      89955532 
 293      18
 294 08c2 C1BBF09A 		.ascii	"\301\273\360\232,\334\221\225\275\331\013\371JJv\033"
 294      2CDC9195 
 294      BDD90BF9 
 294      4A4A761B 
 295 08d2 197B9B93 		.ascii	"\031{\233\223\371\346\243\225\274\377\254\350\372\003"
 295      F9E6A395 
 295      BCFFACE8 
 295      FA03
 296 08e0 DDBCDC2A 		.ascii	"\335\274\334*dn\267\030\267\204\3737\303\254\225\334"
 296      646EB718 
 296      B784FB37 
 296      C3AC95DC 
 297 08f0 6E02B71B 		.ascii	"n\002\267\033\224[%\345V!s\033x\363dZ\207\233\231\307"
ARM GAS  C:\Users\8FEE~1\AppData\Local\Temp\ccN4ZLDu.s 			page 23


 297      945B25E5 
 297      5621731B 
 297      78F3645A 
 297      879B99C7 
 298 0904 92F28FFE 		.ascii	"\222\362\217\376\006w\260\347\314\341\3504\204\373\230"
 298      0677B0E7 
 298      CCE1E834 
 298      84FB98
 299 0913 12DEB5AF 		.ascii	"\022\336\265\257\221o\030\336\321}\363\376\350:\330"
 299      916F18DE 
 299      D17DF3FE 
 299      E83AD8
 300 0922 23B0CA8A 		.ascii	"#\260\312\212c\211\2616x\230)\323\317\232Sy\337\206"
 300      6389B136 
 300      789829D3 
 300      CF9A5379 
 300      DF86
 301 0934 E8678EC9 		.ascii	"\350g\216\311\344B\256;\012\333\022G\276-\351\212L\214"
 301      E442AE3B 
 301      0ADB1247 
 301      BE2DE98A 
 301      4C8C
 302 0946 43788C27 		.ascii	"Cx\214'\364\376\322\370\371\017?\015r?/\262D\030\017"
 302      F4FED2F8 
 302      F90F3F0D 
 302      723F2FB2 
 302      44180F
 303 0959 2DEC44CA 		.ascii	"-\354D\312~\336\205~\336\241\375l\244\375l\220\373\031"
 303      7EDE857E 
 303      DEA1FD6C 
 303      A4FD6C90 
 303      FB19
 304 096b D1D47A69 		.ascii	"\321\324zi\026\372\212\372#\350\306\276S\241|\270\337"
 304      16FA8AFA 
 304      23E8C6BE 
 304      53A17CB8 
 304      DF
 305 097c A55F54F8 		.ascii	"\245_T\370G\003\007\366\321@\336?9\362\375\323\350\341"
 305      470307F6 
 305      D140DE3F 
 305      39F2FDD3 
 305      E8E1
 306 098e A87684A7 		.ascii	"\250v\204\247Y/\312Gr\322\371\273$\317\302\343G\356"
 306      592FCA47 
 306      72D2F9BB 
 306      24CFC2E3 
 306      47EE
 307 09a0 2E9CB753 		.ascii	".\234\267S-r\247\232Y\360\232\337\335j\321*;\365\020"
 307      2D72A79A 
 307      59F09ADF 
 307      DD6AD12A 
 307      3BF510
 308 09b3 683EA034 		.ascii	"h>\2404\037S\232-2\315\366\274\370>ke\247\346E\357\277"
 308      1F539A2D 
 308      32CDF6BC 
 308      F83E6B65 
 308      A7E645EF 
ARM GAS  C:\Users\8FEE~1\AppData\Local\Temp\ccN4ZLDu.s 			page 24


 309 09c8 75B982A7 		.ascii	"u\271\202\247a\025\321\337\347_\272\240\305{\255\330"
 309      6115D1DF 
 309      E75FBAA0 
 309      C57BADD8 
 310 09d8 784E3C97 		.ascii	"xN<\227\253\303\007\231R\3702\243\320\216\2171\232R"
 310      ABC30799 
 310      52F832A3 
 310      D08E8F31 
 310      9A52
 311 09ea C5AF6BF8 		.ascii	"\305\257k\370\372\240\023\252\035yu\371\341\324\325"
 311      FAA013AA 
 311      1D7975F9 
 311      E1D4D5
 312 09f9 38C6EA07 		.ascii	"8\306\352\007,\017\275rw\227\323\336\306\226\306^\236"
 312      2C0FBD72 
 312      7797D3DE 
 312      C696C65E 
 312      9E
 313 0a0a 33317603 		.ascii	"31v\003\377.\312\377\011\345\337+\363\277\370f\364\252"
 313      FF2ECAFF 
 313      09E5DF2B 
 313      F3BFF866 
 313      F4AA
 314 0a1c 5ED9DB79 		.ascii	"^\331\333y\321\347\372\222\016\3610|\011\352\361\361"
 314      D1E7FA92 
 314      0EF1307C 
 314      09EAF1F1 
 315 0a2c 53037638 		.ascii	"S\003v8\221\221\034|9\231m\217S\230R\\XR\301;\267\234"
 315      91911C7C 
 315      39996D8F 
 315      5398525C 
 315      5852C13B 
 316 0a42 0CBECCB2 		.ascii	"\014\276\314\262\372\0058\215\325MF\235\314\263\301"
 316      FA05388D 
 316      D54D469D 
 316      CCB3C1
 317 0a51 194C491C 		.ascii	"\031LI\034m{\306S\331\231\364:\365\304\021\033\234\303"
 317      6D7BC653 
 317      D999F43A 
 317      F5C4111B 
 317      9CC3
 318 0a63 EAA6A3C2 		.ascii	"\352\246\243\302\343\255\361e\246\304\324\307\244.\300"
 318      E3ADF165 
 318      A6C4D4C7 
 318      A42EC0
 319 0a72 5799F2BE 		.ascii	"W\231\362\276?\246\231\317\322\266\302)\304\221\237"
 319      3FA699CF 
 319      D2B6C229 
 319      C4919F
 320 0a81 424CE931 		.ascii	"BL\3511\377\200M\014\372\2609\364\012\207.\0005\252"
 320      FF804D0C 
 320      FAB039F4 
 320      0A872E00 
 320      35AA
 321 0a93 B6E3BFE7 		.ascii	"\266\343\277\347\365\344\033\331\223\257Y\342\324T\335"
 321      F5E41BD9 
 321      93AF59E2 
ARM GAS  C:\Users\8FEE~1\AppData\Local\Temp\ccN4ZLDu.s 			page 25


 321      D454DD
 322 0aa2 3EA8519E 		.ascii	">\250Q\236\223G\3009\303\3249o\251s\336\310\316I\215"
 322      9347C039 
 322      C3D4396F 
 322      A973DEC8 
 322      CE498D
 323 0ab5 0F99D02A 		.ascii	"\017\231\320*\317\275\363\242K\033ZW\343[\214\343\233"
 323      CFBDF3A2 
 323      4B1B5A57 
 323      E35B8CE3 
 323      9B
 324 0ac6 FAD62E84 		.ascii	"\372\326.\204\253\231\022Z[\235n\215\353\230\362\342"
 324      AB99125A 
 324      5B9D6E8D 
 324      EB98F2E2 
 325 0ad6 7C5D15CC 		.ascii	"|]\025\314\275L\351\355\233(\302\370\021S\316\2768}"
 325      BD4CE9ED 
 325      9B28C2F8 
 325      1153CEBE 
 325      387D
 326 0ae8 D006B731 		.ascii	"\320\006\2671\2452\253:\216\037\3032\311R:\331z\375"
 326      A532AB3A 
 326      8E1FC332 
 326      C9523AD9 
 326      7AFD
 327 0afa 952D77C8 		.ascii	"\225-w\310?\221\345\356\366\365:[\334C\301?;\033\227"
 327      3F91E5EE 
 327      F6F53A5B 
 327      DC43C13F 
 327      3B1B97
 328 0b0d 59643D73 		.ascii	"Yd=s\212\370\330o1\2739\313:;\012L\355\307\027.IR\204"
 328      8AF8D86F 
 328      31BB39CB 
 328      3A3B0A4C 
 328      EDC7172E 
 329 0b24 153D0C9C 		.ascii	"\025=\014\234\207MX\032\026\016\003\347ho\263\021\333"
 329      874D581A 
 329      160E03E7 
 329      686FB311 
 329      DB
 330 0b35 44C6C00B 		.ascii	"D\306\300\013#\341\230\035\036Hn\265+\361m\263\360t"
 330      23E1981D 
 330      1E486EB5 
 330      2BF16DB3 
 330      F074
 331 0b47 D319C9F1 		.ascii	"\323\031\311\361\260\225A\227\225\370\3749\366[\"\005"
 331      B0954197 
 331      95F8FC39 
 331      F65B2205 
 332 0b57 FBC54AFC 		.ascii	"\373\305J\374\325Yx\322\201\211\357\314g\231I%\334E"
 332      D55978D2 
 332      8189EFCC 
 332      67994925 
 332      DC45
 333 0b69 891E88C0 		.ascii	"\211\036\210\300fx\265\022\316\316\020\263\360\337\233"
 333      6678B512 
 333      CECE10B3 
ARM GAS  C:\Users\8FEE~1\AppData\Local\Temp\ccN4ZLDu.s 			page 26


 333      F0DF9B
 334 0b78 E1434A78 		.ascii	"\341CJx\357\034x\313~\301|\266\022\177q\016\371\362"
 334      EF1C78CB 
 334      7EC17CB6 
 334      127F710E 
 334      F9F2
 335 0b8a 7001FF42 		.ascii	"p\001\377B\211\037P+\316m\003\242\371L%<c\216\371\032"
 335      891F502B 
 335      CE6D03A2 
 335      F94C253C 
 335      638EF91A 
 336 0b9e 117F4989 		.ascii	"\021\177I\211\317\235KG\304\347Y\306\213t\016\010\360"
 336      CF9D4B47 
 336      C4E759C6 
 336      8B740E08 
 336      F0
 337 0baf 0425FC98 		.ascii	"\004%\374\230\022>!\302%\254\200\307*\341#\202\353_"
 337      123E21C2 
 337      25AC80C7 
 337      2AE12382 
 337      EB5F
 338 0bc1 298D0F2A 		.ascii	")\215\017*\321\345\002\372\275\022\335%\242i\022\177"
 338      D1E502FA 
 338      BD12DD25 
 338      A269127F 
 339 0bd1 67CEB10F 		.ascii	"g\316\261\017\026\223F<\321Fbvn\202M\013=\353\020\264"
 339      1693463C 
 339      D1466276 
 339      6E824D0B 
 339      3DEB10B4 
 340 0be5 BC95E1A7 		.ascii	"\274\225\341\247,\321\213\015bP\237)\255?Ur\031\020"
 340      2CD18B0D 
 340      62509F29 
 340      AD3F5572 
 340      1910
 341 0bf7 075487E5 		.ascii	"\007T\207\345\001%\236\306\305\361T\211\024\360\302"
 341      01259EC6 
 341      C5F15489 
 341      14F0C2
 342 0c06 39E3AF26 		.ascii	"9\343\257&B\300\177P\342\353\347\344@\267\030\245$%"
 342      42C07F50 
 342      E2EBE7E4 
 342      40B718A5 
 342      2425
 343 0c18 9DC439F8 		.ascii	"\235\3049\370\006\301\361\343J\370\2039A\025\307_\225"
 343      06C1F1E3 
 343      4AF88339 
 343      4115C75F 
 343      95
 344 0c29 125EAEEC 		.ascii	"\022^\256\354l\371\001\356z8\001\2403\034.\237\013\320"
 344      6CF901EE 
 344      7A3801A0 
 344      331C2E9F 
 344      0BD0
 345 0c3b A959D6C9 		.ascii	"\251Y\326\311q\370{\270\004\303\341\007\320\243\034"
 345      71F87BB8 
 345      04C3E107 
ARM GAS  C:\Users\8FEE~1\AppData\Local\Temp\ccN4ZLDu.s 			page 27


 345      D0A31C
 346 0c4a 2DCFD9FC 		.ascii	"-\317\331\374(!p\351\026\263=\313\362h\022\323W\350"
 346      282170E9 
 346      16B33DCB 
 346      F26812D3 
 346      57E8
 347 0c5c E84BCBF9 		.ascii	"\350K\313\3718\313/\242\037O*\361'\346\216U\301\374"
 347      38CB2FA2 
 347      1F4F2AF1 
 347      27E68E55 
 347      C1FC
 348 0c6e 84E5049E 		.ascii	"\204\345\004\236\005\027\223\354\271\345\231C\234V\273"
 348      051793EC 
 348      B9E59943 
 348      9C56BB
 349 0c7d C569B548 		.ascii	"\305i\265H\211/T&eC\204\000\257S\302k\347\300E\353%"
 349      892F5426 
 349      65438400 
 349      AF53C26B 
 349      E7C045EB 
 350 0c92 96276DC1 		.ascii	"\226'm\301\225-B_\337Y\316\031\306]\374\0060\015\201"
 350      952D425F 
 350      DF59CE19 
 350      C65DFC06 
 350      300D81
 351 0ca5 9CA27504 		.ascii	"\234\242u\004N>\000dbg\024\215\227\2420\220(\220\223"
 351      4E3E0064 
 351      6267148D 
 351      97A23090 
 351      289093
 352 0cb8 20C741CE 		.ascii	" \307A\316\200$\202\354\0039\014\222\014\022\001\222"
 352      802482EC 
 352      03390C92 
 352      0C120192 
 353 0cc8 02721424 		.ascii	"\002r\024$\033$\027$\006d\017\310Y\220<\220c \247A."
 353      1B241724 
 353      06640FC8 
 353      59903C90 
 353      6320A741 
 354 0cdd 829C07D9 		.ascii	"\202\234\007\331\013\022\017\222\003r\001\344\010H*"
 354      0B120F92 
 354      037201E4 
 354      08482A
 355 0cec 4828C829 		.ascii	"H(\310)\220X\220s ! \007@\366\203\344\203\204\203$\201"
 355      90589073 
 355      20212007 
 355      40F683E4 
 355      83848324 
 356 0d01 44825C02 		.ascii	"D\202\\\002\011\006I\000\311\0009\001\222\005\022\007"
 356      09064900 
 356      C9003901 
 356      92051207 
 357 0d11 7210241D 		.ascii	"r\020$\035\344\020\226\277\027\305@\376N\204\363\234"
 357      E41096BF 
 357      17C540FE 
 357      4E84F39C 
 358 0d21 6F852C7E 		.ascii	"o\205,~\304\275#oYQ\223r\210\214\034\020\306w\234\345"
ARM GAS  C:\Users\8FEE~1\AppData\Local\Temp\ccN4ZLDu.s 			page 28


 358      C4BD236F 
 358      59519372 
 358      888C1C10 
 358      C6779CE5 
 359 0d35 49584C9C 		.ascii	"IXL\234\221H!q\012,\257\307Bd\273\305D\250\261\274`"
 359      91482171 
 359      0A2CAFC7 
 359      4264BBC5 
 359      44A8B1BC 
 360 0d4a 8AD3B068 		.ascii	"\212\323\260h=X\011\357Q\302k\304A\222by\220\010\237"
 360      3D5809EF 
 360      51C26BC4 
 360      41926279 
 360      90089F
 361 0d5d A4FAA6D8 		.ascii	"\244\372\246\330')@\315\376$El\265\037\020w2\311\226"
 361      272940CD 
 361      FE24456C 
 361      B51F1077 
 361      32C996
 362 0d70 672EA167 		.ascii	"g.\241g-b\317n[N\361Yk\2738\342\372-O\353\2636>\021"
 362      2D62CF6E 
 362      5B4EF159 
 362      6BBB38E2 
 362      FA2D4FEB 
 363 0d88 3C8E709E 		.ascii	"<\216p\236\244\037\376\010^>e\362\251nf\204\222\311"
 363      A41FFE08 
 363      5E3E65F2 
 363      A96E6684 
 363      92C9
 364 0d9a 4B8E7B1F 		.ascii	"K\216{\037\340{\270}y\363\216:\347\314\244\342\354u"
 364      E07BB87D 
 364      79F38E3A 
 364      E7CCA4E2 
 364      EC75
 365 0dac C1F2BECD 		.ascii	"\301\362\276\315\325l\275\\fs\037\254\337\343p\371t"
 365      D56CBD5C 
 365      66731FAC 
 365      DFE370F9 
 365      74
 366 0dbd C7BFBB0B 		.ascii	"\307\277\273\013\326\033D\3539\22672\362\367\275\372"
 366      D61B44EB 
 366      39963732 
 366      F2F7BDFA 
 367 0dcd 8ED87A0D 		.ascii	"\216\330z\015~F\367\243\352{]o\217i\321bgK#\027\025"
 367      7E46F7A3 
 367      EA7B5D6F 
 367      8F69D162 
 367      674B2317 
 368 0de2 C280FDFF 		.ascii	"\302\200\375\377:xY\206V\034\304!$C\013\240\227\227"
 368      3A785986 
 368      561CC421 
 368      24430BA0 
 368      9797
 369 0df4 F1CC174D 		.ascii	"\361\314\027M\222\260\324W\367\3577\037\324\212\037"
 369      92B0D457 
 369      F7EF371F 
 369      D48A1F
ARM GAS  C:\Users\8FEE~1\AppData\Local\Temp\ccN4ZLDu.s 			page 29


 370 0e03 1D0B04BF 		.ascii	"\035\013\004\277\252P\021f\037\035\341NN\005=U\215V"
 370      AA501166 
 370      1F1DE14E 
 370      4E053D55 
 370      8D56
 371 0e15 78849D0A 		.ascii	"x\204\235\012N\367\327U\363C\330\217\311w\250\243/\016"
 371      4EF7D755 
 371      F343D88F 
 371      C977A8A3 
 371      2F0E
 372 0e27 217628E8 		.ascii	"!v(\350'\007\354Su\243\307\364X\262\246\330\242\322"
 372      2707EC53 
 372      75A3C7F4 
 372      58B2A6D8 
 372      A2D2
 373 0e39 C1150C4A 		.ascii	"\301\025\014J\376\015q\357DB7\232\367\230t\015\363c"
 373      FE0D71EF 
 373      4442379A 
 373      F798740D 
 373      F363
 374 0e4b 5229A6C7 		.ascii	"R)\246\307\244\246w\245\023\2668\202\032\322t\246\216"
 374      A4A677A5 
 374      13B63882 
 374      1AD274A6 
 374      8E
 375 0e5c 3CB742CE 		.ascii	"<\267B\316N\010\351Ah\027\341\247\203\364\305zt\035"
 375      4E08E941 
 375      6817E1A7 
 375      83F4C57A 
 375      741D
 376 0e6e 633E0055 		.ascii	"c>\000U\011\022\230\037\372\236\024[\372\317\245\011"
 376      0912981F 
 376      FA9E145B 
 376      FACFA509 
 377 0e7e 625D4EDB 		.ascii	"b]N\333\271\201\235P\0314\224 \351h\011\371\3468v6M"
 377      B9819D50 
 377      19349420 
 377      E96809F9 
 377      E6387636 
 378 0e93 279EB488 		.ascii	"'\236\264\210\355b\300]\305\204\337M\354 \263$\350\250"
 378      ED62C05D 
 378      C584DF4D 
 378      EC20B324 
 378      E8A8
 379 0ea5 BA53ECBF 		.ascii	"\272S\354\277\202\244\215\360\217\266\001\350c\035\011"
 379      82A48DF0 
 379      8FB601E8 
 379      631D09
 380 0eb4 6D7AD1F6 		.ascii	"mz\321\366\255\217\331\336\367\250\257U\375\223T\351"
 380      AD8FD9DE 
 380      F7A8AF55 
 380      FD9354E9 
 381 0ec4 AE4932BD 		.ascii	"\256I2\275\257]\236\270\307$\205\254F\025\330\001\225"
 381      AF5D9EB8 
 381      C72485AC 
 381      4615D801 
 381      95
ARM GAS  C:\Users\8FEE~1\AppData\Local\Temp\ccN4ZLDu.s 			page 30


 382 0ed5 40284DE8 		.ascii	"@(M\3503\341\325+P\262A\255B\225\370'\252E~\277\363"
 382      33E1D52B 
 382      50B241AD 
 382      4295F827 
 382      AA457EBF 
 383 0eea DDB6C66F 		.ascii	"\335\266\306o\313\326\235\306M\306mA\376\001\272\377"
 383      CBD69DC6 
 383      4DC66D41 
 383      FE01BAFF 
 384 0efa FAF9C625 		.ascii	"\372\371\306%\006WW\225\336\307g\267\257_\320\312\025"
 384      06575795 
 384      DEC767B7 
 384      AF5FD0CA 
 384      15
 385 0f0b 3E417FDE 		.ascii	">A\177\336\376\357\233\267\355\360\335\352\033\030\264"
 385      FEEF9BB7 
 385      EDF0DDEA 
 385      1B18B4
 386 0f1a 7BBBAFBF 		.ascii	"{\273\257\277\3177\001\306\337\371\032\177\357\372o"
 386      CF3701C6 
 386      DFF91A7F 
 386      EFFA6F
 387 0f29 62E9E620 		.ascii	"b\351\346 \177\377\235\201\233\177\355\267{\011}Z\262"
 387      7FFF9D81 
 387      9B7FEDB7 
 387      7B097D5A 
 387      B2
 388 0f3a 2560D712 		.ascii	"%`\327\022\343\256\255\306\355\333\215\3337\177\261"
 388      E3AEADC6 
 388      EDDB8DDB 
 388      377FB1
 389 0f49 6CE59215 		.ascii	"l\345\222\025\313]W\375\326u3\224\377\324\317\337\317"
 389      CB5D57FD 
 389      D6753394 
 389      FFD4CFDF 
 389      CF
 390 0f5a F853E396 		.ascii	"\370S\343\226\255\276\233}\375\266\355\334\275\335\270"
 390      ADBE9B7D 
 390      FDB6EDDC 
 390      BDDDB8
 391 0f69 79D716B0 		.ascii	"y\327\026\260\345g\334\354\263\335\370\253-\273w\006"
 391      E567DCEC 
 391      B3DDF8AB 
 391      2DBB7706 
 392 0f79 F9047DFB 		.ascii	"\371\004}\373\2151p\331\016\225Nf\361\333\377\003\026"
 392      8D3170D9 
 392      0E954E66 
 392      F1DBFF03 
 392      16
 393 0f8a 81DF066E 		.ascii	"\201\337\006n\366\011\014\332\016MB\323+\227-s\201?"
 393      F6090CDA 
 393      0E4D42D3 
 393      2B972D73 
 393      813F
 394 0f9c 6ADE3FD0 		.ascii	"j\336?\320"
 395 0fa0 75D5172E 		.ascii	"u\325\027.\376\201.;\266\354t\371\306? (\320e\233\377"
 395      FE812E3B 
ARM GAS  C:\Users\8FEE~1\AppData\Local\Temp\ccN4ZLDu.s 			page 31


 395      B6EC74F9 
 395      C63F2028 
 395      D0659BFF 
 396 0fb4 AE5DFE7E 		.ascii	"\256]\376~.n^\353\015\353\377\340B\034\271l\233\352"
 396      2E6E5EEB 
 396      0DEBFFE0 
 396      421CB96C 
 396      9BEA
 397 0fc6 AFC8DDDD 		.ascii	"\257\310\335\3357\320\354Q'R\342m\014\362\37660\310"
 397      37D0EC51 
 397      2752E26D 
 397      0CF2FE36 
 397      30C8
 398 0fd8 B86BDD16 		.ascii	"\270k\335\026\277\355;\215\001\236\001\276\376\001\276"
 398      BFED3B8D 
 398      019E01BE 
 398      FE01BE
 399 0fe7 41DF52FF 		.ascii	"A\337R\377\033v\032\267\004x\032\375\240\331_\333x\255"
 399      1B761AB7 
 399      04781AFD 
 399      A0D95FDB 
 399      78AD
 400 0ff9 F15EE3B5 		.ascii	"\361^\343\265i\215\373"
 400      698DFB
 401 1000 BFAA3D3C 		.ascii	"\277\252=<mX\014\276\364\011\262\346\367\231\352\237"
 401      6D580CBE 
 401      F409B2E6 
 401      F799EA9F 
 402 1010 693CDCBE 		.ascii	"i<\334\276\362\232QWj<\014\236fu\205\306\303\333\323"
 402      F29A5157 
 402      6A3C0C9E 
 402      667585C6 
 402      C3DBD3
 403 1023 4BE7C534 		.ascii	"K\347\3054W\250\\c\256\\\016\225k\2744\336\033<\274"
 403      57A85C63 
 403      AE5C0E95 
 403      6BBC34DE 
 403      1B3CBC
 404 1036 BEB4D443 		.ascii	"\276\264\324C\336/\343\037\202\\\014\353\275=\274]\270"
 404      DE2FE31F 
 404      825C0CEB 
 404      BD3DBC5D 
 404      B8
 405 1047 77A022C0 		.ascii	"w\240\"\300\350\263m\327*p\215\315\3177y\030|6@\214"
 405      E8B36DD7 
 405      2A708DCD 
 405      CF377918 
 405      7C36408C 
 406 105b 66CC7E69 		.ascii	"f\314~i\345\266\356+o\203\227\306\340f\360\"\317\236"
 406      E5B6EE2B 
 406      6F8397C6 
 406      E066F022 
 406      CF9E
 407 106d 7073DF60 		.ascii	"ps\337`X\0177\017z\233\201\256\262r7\030<\274\177\251"
 407      580F370F 
 407      7A9B81AE 
 407      B2723718 
ARM GAS  C:\Users\8FEE~1\AppData\Local\Temp\ccN4ZLDu.s 			page 32


 407      3CBC7FA9 
 408 1081 23B7F59B 		.ascii	"#\267\365\233\334\014Zx\360\376\2455\\\211\306\357\033"
 408      DC0C5A78 
 408      F0FEA535 
 408      5C89C6EF 
 408      1B
 409 1092 A1D48396 		.ascii	"\241\324\203\226R\214\265\007\275o\234\261\362\005)"
 409      528CB507 
 409      BD6F9CB1 
 409      F20529
 410 10a1 71FBFAEB 		.ascii	"q\373\372\353\215\332\365\233\326z\255\240WWz]\2565"
 410      8DDAF59B 
 410      D67AADA0 
 410      57577A5D 
 410      AE35
 411 10b3 78121206 		.ascii	"x\022\022\006o\3575_\303\315\340\355\341\356\205\015"
 411      6FEF355F 
 411      C3CDE0ED 
 411      E1EE850D 
 412 10c3 1BBCB486 		.ascii	"\033\274\264\206\257\341\311\332\303\335\307\303\333"
 412      AFE1C9DA 
 412      C3DDC7C3 
 412      DB
 413 10d0 0D68B9FB 		.ascii	"\015h\271\373\254_Kon\354\346\316n\236k\2754nk\275\275"
 413      AC5F4B6F 
 413      6EECE6CE 
 413      6E9E6BBD 
 413      346E6BBD 
 414 10e5 345FAD75 		.ascii	"4_\255u\363\322\256_\017W\215;\321\327\221\213\001."
 414      F3D2AE5F 
 414      0F578D3B 
 414      D1D7918B 
 414      012E
 415 10f7 5AEF7506 		.ascii	"Z\357u\006x\364^\347\011v\015^\030\372\255u\363\360"
 415      78F45EE7 
 415      09760D5E 
 415      18FAAD75 
 415      F3F0
 416 1109 82DE6FDA 		.ascii	"\202\336o\332\360\013/\3607@\014\236\033=\334\265n_"
 416      F00B2FF0 
 416      37400C9E 
 416      1B3DDCB5 
 416      6E5F
 417 111b 015CE76D 		.ascii	"\001\\\347m\370\212z\313\316\307\347W\273\375\266\371"
 417      F88A7ACB 
 417      CEC7E757 
 417      BBFDB6F9 
 418 112b F82C5BB5 		.ascii	"\370,[\265j\345J\235\254i\266\355\330\022\360\277\022"
 418      6AE54A9D 
 418      AC69B6ED 
 418      D812F0BF 
 418      12
 419 113c 0DFE52   		.ascii	"\015\376R"
 420              		.text
 421              		.section	.gnu.lto_.symtab.7bb9e047,"",%progbits
 422 0000 6E766963 		.ascii	"nvicEnableVector\000"
 422      456E6162 
ARM GAS  C:\Users\8FEE~1\AppData\Local\Temp\ccN4ZLDu.s 			page 33


 422      6C655665 
 422      63746F72 
 422      00
 423 0011 00       		.ascii	"\000"
 424 0012 00       		.ascii	"\000"
 425 0013 00       		.ascii	"\000"
 426 0014 00000000 		.ascii	"\000\000\000\000\000\000\000\000"
 426      00000000 
 427 001c BA000000 		.ascii	"\272\000\000\000"
 428 0020 6E766963 		.ascii	"nvicDisableVector\000"
 428      44697361 
 428      626C6556 
 428      6563746F 
 428      7200
 429 0032 00       		.ascii	"\000"
 430 0033 00       		.ascii	"\000"
 431 0034 00       		.ascii	"\000"
 432 0035 00000000 		.ascii	"\000\000\000\000\000\000\000\000"
 432      00000000 
 433 003d BE000000 		.ascii	"\276\000\000\000"
 434 0041 6E766963 		.ascii	"nvicSetSystemHandlerPriority\000"
 434      53657453 
 434      79737465 
 434      6D48616E 
 434      646C6572 
 435 005e 00       		.ascii	"\000"
 436 005f 00       		.ascii	"\000"
 437 0060 00       		.ascii	"\000"
 438 0061 00000000 		.ascii	"\000\000\000\000\000\000\000\000"
 438      00000000 
 439 0069 C0000000 		.ascii	"\300\000\000\000"
 440 006d 6E766963 		.ascii	"nvicClearPending\000"
 440      436C6561 
 440      7250656E 
 440      64696E67 
 440      00
 441 007e 00       		.ascii	"\000"
 442 007f 00       		.ascii	"\000"
 443 0080 00       		.ascii	"\000"
 444 0081 00000000 		.ascii	"\000\000\000\000\000\000\000\000"
 444      00000000 
 445 0089 C2000000 		.ascii	"\302\000\000\000"
 446              		.text
 447              		.section	.gnu.lto_.opts,"",%progbits
 448 0000 272D666D 		.ascii	"'-fmath-errno' '-fsigned-zeros' '-ftrapping-math' '"
 448      6174682D 
 448      6572726E 
 448      6F272027 
 448      2D667369 
 449 0033 2D666E6F 		.ascii	"-fno-trapv' '-fno-openmp' '-fno-openacc' '-mcpu=cor"
 449      2D747261 
 449      70762720 
 449      272D666E 
 449      6F2D6F70 
 450 0066 7465782D 		.ascii	"tex-m7' '-mno-thumb-interwork' '-mthumb' '-ggdb' '-"
 450      6D372720 
 450      272D6D6E 
ARM GAS  C:\Users\8FEE~1\AppData\Local\Temp\ccN4ZLDu.s 			page 34


 450      6F2D7468 
 450      756D622D 
 451 0099 4F322720 		.ascii	"O2' '-fomit-frame-pointer' '-falign-functions=16' '"
 451      272D666F 
 451      6D69742D 
 451      6672616D 
 451      652D706F 
 452 00cc 2D666675 		.ascii	"-ffunction-sections' '-fdata-sections' '-fno-common"
 452      6E637469 
 452      6F6E2D73 
 452      65637469 
 452      6F6E7327 
 453 00ff 2720272D 		.ascii	"' '-flto'\000"
 453      666C746F 
 453      2700
 454              		.text
 455              		.comm	__gnu_lto_v1,1,1
 456              		.comm	__gnu_lto_slim,1,1
 457              		.ident	"GCC: (GNU Tools for ARM Embedded Processors 6-2017-q1-update) 6.3.1 20170215 (release) [AR
ARM GAS  C:\Users\8FEE~1\AppData\Local\Temp\ccN4ZLDu.s 			page 35


DEFINED SYMBOLS
                            *ABS*:00000000 nvic.c
                            *COM*:00000001 __gnu_lto_v1
                            *COM*:00000001 __gnu_lto_slim

NO UNDEFINED SYMBOLS
