ARM GAS  C:\Users\8FEE~1\AppData\Local\Temp\ccHWvelg.s 			page 1


   1              		.cpu cortex-m7
   2              		.eabi_attribute 20, 1
   3              		.eabi_attribute 21, 1
   4              		.eabi_attribute 23, 3
   5              		.eabi_attribute 24, 1
   6              		.eabi_attribute 25, 1
   7              		.eabi_attribute 26, 1
   8              		.eabi_attribute 30, 2
   9              		.eabi_attribute 34, 1
  10              		.eabi_attribute 18, 4
  11              		.file	"board.c"
  12              		.text
  13              	.Ltext0:
  14              		.section	.gnu.lto_.profile.9550d2f1,"",%progbits
  15 0000 789C6365 		.ascii	"x\234ce`b`a```d\340c\006\000\000\237\000\036"
  15      60626061 
  15      60606064 
  15      E0630600 
  15      009F001E 
  16              		.text
  17              		.section	.gnu.lto_.icf.9550d2f1,"",%progbits
  18 0000 789C6365 		.ascii	"x\234ce`b\020a@\000f\206\205??\354\345a\354m}r\233\213"
  18      60621061 
  18      40006686 
  18      853F3FEC 
  18      E561EC6D 
  19 0018 E9EBEF93 		.ascii	"\351\353\357\223\027\371\030\000h\037\011\350"
  19      17F91800 
  19      681F09E8 
  20              		.text
  21              		.section	.gnu.lto_.jmpfuncs.9550d2f1,"",%progbits
  22 0000 789C6365 		.ascii	"x\234ce`b\340d@\000&\020\301\010\304\000\001\227\000"
  22      6062E064 
  22      40002610 
  22      C108C400 
  22      019700
  23 0013 14       		.ascii	"\024"
  24              		.text
  25              		.section	.gnu.lto_.inline.9550d2f1,"",%progbits
  26 0000 789C6365 		.ascii	"x\234ce`b\320f@\000&\006\006\026\036F\020\305\300\266"
  26      6062D066 
  26      40002606 
  26      06161E46 
  26      10C5C0B6 
  27 0014 401E4431 		.ascii	"@\036D10r\201\010\006f&Ta\006\000-\355\001\352"
  27      30728108 
  27      06662654 
  27      6106002D 
  27      ED01EA
  28              		.text
  29              		.section	.gnu.lto_.pureconst.9550d2f1,"",%progbits
  30 0000 789C6365 		.ascii	"x\234ce`b`e`\000\222\022\214\014\000\000\345\000("
  30      60626065 
  30      60009212 
  30      8C0C0000 
  30      E50028
  31              		.text
ARM GAS  C:\Users\8FEE~1\AppData\Local\Temp\ccHWvelg.s 			page 2


  32              		.section	.gnu.lto___early_init.9550d2f1,"",%progbits
  33 0000 789C6365 		.ascii	"x\234ce`bX\312\300\300\340\000\304\322@\314\310\314"
  33      606258CA 
  33      C0C0E000 
  33      C4D240CC 
  33      C8CC
  34 0012 C0C834E1 		.ascii	"\300\3104\341\034\003C#\007\023##\210\321\300\301\310"
  34      1C034323 
  34      07132323 
  34      88D1C0C1 
  34      C8
  35 0023 50CFC458 		.ascii	"P\317\304X\317\330\317<\235\231\361P\373\263\235L\232"
  35      CFD8CF3C 
  35      9D99F150 
  35      FBB39D4C 
  35      9A
  36 0034 CB1B80E0 		.ascii	"\313\033\200\340\300\364klm\015\255\022\363\231\031"
  36      C0F46B6C 
  36      6D0DAD12 
  36      F39919
  37 0043 18660231 		.ascii	"\030f\0021\0100.g\324d\000*{\264\361\337T^6\026\210"
  37      08302E67 
  37      D464002A 
  37      7BB4F1DF 
  37      545E3616 
  38 0058 38E30A46 		.ascii	"8\343\012F6F \275\376\022\343\201\206\177\377\333\033"
  38      364620BD 
  38      FE12E381 
  38      867FFFDB 
  38      1B
  39 0069 0E9C59CC 		.ascii	"\016\234Y\314x\327\015(\325\005\304 ;\272\231\231@4"
  39      78D70D28 
  39      D505C420 
  39      3BBA9999 
  39      4034
  40 007b F36BC6E6 		.ascii	"\363k\306\346\005\333{\231A\032@\246\354\334\371\346"
  40      05DB7B99 
  40      411A40A6 
  40      ECDCF9E6 
  41 008b 367BFDDF 		.ascii	"6{\375\337\006\216\371\314\2143\231\201F0\256d\254g"
  41      068EF9CC 
  41      8C339981 
  41      4630AE64 
  41      AC67
  42 009d 980F54FC 		.ascii	"\230\017T\374\226\261i\301\356^F\260B\020\350\002\312"
  42      96B169C1 
  42      EE5E46B0 
  42      4210E802 
  42      CA
  43 00ae 020D6062 		.ascii	"\002\015`b`\260\323\323\323\207\240\344\214\314\244"
  43      60B0D3D3 
  43      D387A0E4 
  43      8CCCA4
  44 00bd CCFC6243 		.ascii	"\314\374bCs3\375\374b\375\214\304\034\375\244\374\304"
  44      7333FDFC 
  44      62FD8CC4 
  44      1CFDA4FC 
ARM GAS  C:\Users\8FEE~1\AppData\Local\Temp\ccHWvelg.s 			page 3


  44      C4
  45 00ce A29462FD 		.ascii	"\242\224b\375\340\220x\277Pg\037W\177C\023\223x7s3\363"
  45      E09078BF 
  45      50671F57 
  45      7F431393 
  45      78377333 
  46 00e3 284F8894 		.ascii	"(O\210\224^2\003\000\244\202J|"
  46      5E320300 
  46      A4824A7C 
  47              		.text
  48              		.section	.gnu.lto_boardInit.9550d2f1,"",%progbits
  49 0000 789C6365 		.ascii	"x\234ce`b\250d``p\000bi fdf`d\232p\216\201\241\221\203"
  49      6062A864 
  49      60607000 
  49      62692066 
  49      64666064 
  50 001b 899111C4 		.ascii	"\211\221\021\304h\340`d\250gb\254g\354g\236\316\314"
  50      68E06064 
  50      A86762AC 
  50      67EC679E 
  50      CECC
  51 002d 78A8FDD9 		.ascii	"x\250\375\331N&\315\345\015@p`\372\006\256\266\206V"
  51      4E26CDE5 
  51      0D407060 
  51      FA06AEB6 
  51      8656
  52 003f 89F9CC0C 		.ascii	"\211\371\314\014\0143\201\030\004\030\2273j2\000\225"
  52      0C338118 
  52      04189733 
  52      6A320095 
  53 004f 3DDAF86F 		.ascii	"=\332\370o*/\033\013D\234q\005#\033#\220^\177\211\361"
  53      2A2F1B0B 
  53      449C7105 
  53      231B2390 
  53      5E7F89F1 
  54 0063 40C3BFFF 		.ascii	"@\303\277\377\355\015\007\276,b\334\354\305\304\300"
  54      ED0D07BE 
  54      2C62DCEC 
  54      C5C4C0
  55 0072 D0059406 		.ascii	"\320\005\224\006\331\321\315\314\004\242\231\33726)"
  55      D9D1CDCC 
  55      04A299DF 
  55      323629
  56 0081 805483CD 		.ascii	"\200T\203\315\352bf\004\011\002\225\331\351\351\351"
  56      EA626604 
  56      090295D9 
  56      E9E9E9
  57 0090 43507246 		.ascii	"CPrFfRf~\261\241\271\231~~\261~Fb\216~R~bQJ\261~pH\274"
  57      6652667E 
  57      B1A1B999 
  57      7E7EB17E 
  57      46628E7E 
  58 00ae 5FA8B38F 		.ascii	"_\250\263\217\253\277\241\211I\274\233\271\231y\224"
  58      ABBFA189 
  58      49BC9BB9 
  58      997994
  59 00bd 27444A2F 		.ascii	"'DJ/\231\001\000\271S;r"
ARM GAS  C:\Users\8FEE~1\AppData\Local\Temp\ccHWvelg.s 			page 4


  59      990100B9 
  59      533B72
  60              		.text
  61              		.section	.gnu.lto_pal_default_config.9550d2f1,"",%progbits
  62 0000 789CCD93 		.ascii	"x\234\315\223[o\022Q\020\307w8@\013\275\240\211\217"
  62      5B6F1251 
  62      10C77738 
  62      400BBDA0 
  62      898F
  63 0012 7E0063E2 		.ascii	"~\000c\342;_\301o\343G8\024\023\021//&\262\301\030\210"
  63      3B5FC16F 
  63      E3473814 
  63      13112F2F 
  63      26B2C118 
  64 0027 0DB12C14 		.ascii	"\015\261,\024\220\332*h[@,\240\326\226\312Z\201\336"
  64      90DA2A68 
  64      5B402CA0 
  64      D696CA5A 
  64      81DE
  65 0039 1243432A 		.ascii	"\022CC*\365\322\242mEY\317p\316j\266i\350\253\373\260"
  65      F5D2A26D 
  65      4559CF70 
  65      CE6AB669 
  65      E8ABFBB0 
  66 004d FFCC7F77 		.ascii	"\377\314\177wg~3g\326\"\231\244\313\026I\002\211_>\002"
  66      677E3367 
  66      D62299A4 
  66      CB164902 
  66      895F3E02 
  67 0061 F156EA68 		.ascii	"\361V\352h\3446\011\020f\2620\364\263\363\225\360P\323"
  67      E4360910 
  67      66B230F4 
  67      B3F395F0 
  67      50D3
  68 0073 08335662 		.ascii	"\0103Vb!\217\231\033\252\242*\026f\215\357mfm\316\031"
  68      218F991B 
  68      AAA22A16 
  68      668DEF6D 
  68      666DCE19 
  69 0087 EA09D22B 		.ascii	"\352\011\322+\001\0022{\364\020\316\313\004\270\230"
  69      0102327B 
  69      F410CECB 
  69      04B898
  70 0096 B81008A3 		.ascii	"\270\020\010\243\230a\002\305\302M+\212\364\037\345"
  70      986102C5 
  70      C24D2B8A 
  70      F41FE5
  71 00a5 B8B5F245 		.ascii	"\270\265\362E\265\360\366\226E{\261\275v\314\312-\007"
  71      B5F0F696 
  71      457BB1BD 
  71      76CCCA2D 
  71      07
  72 00b6 0BF783E5 		.ascii	"\013\367\203\345\222\265_\225\030\2572\331\247J\335"
  72      92B55F95 
  72      18AF32D9 
  72      A74ADD
  73 00c5 B750019E 		.ascii	"\267P\001\236\222n\345\260\210\277\032\273\364w\252"
ARM GAS  C:\Users\8FEE~1\AppData\Local\Temp\ccHWvelg.s 			page 5


  73      926EE5B0 
  73      88BF1ABB 
  73      F477AA
  74 00d4 1E74B49A 		.ascii	"\036t\264\232\177\307\241\2773\265\215\263\337\371\264"
  74      7FC7A1BF 
  74      33B58DB3 
  74      DFF9B4
  75 00e3 DB167094 		.ascii	"\333\026p\224\322|\217\267\363\273e6\322L\031h\222\234"
  75      D27C8FB7 
  75      F3BB6536 
  75      D24C1968 
  75      929C
  76 00f5 E6D14934 		.ascii	"\346\321I4\011N\023.\245V\005\215\026\320\2009\321\007"
  76      094E132E 
  76      A556058D 
  76      16D08039 
  76      D107
  77 0107 4B9F4DFD 		.ascii	"K\237M\375z\234>}\222\263\353nY\300\356k\2326\314\254"
  77      7A9C3E7D 
  77      92B3EB6E 
  77      59C0EE6B 
  77      9A36CCAC 
  78 011b 395FF8FE 		.ascii	"9_\370\376h\277\264ONO[\227\033q\001{\200q\363pr\315"
  78      68BFB44F 
  78      4E4F5B97 
  78      1B71017B 
  78      8071F370 
  79 0131 AE4F2EDB 		.ascii	"\256O.\333;\260\255\345\233!\207\276\263\363]<\264\314"
  79      3BB0ADE5 
  79      9B2187BE 
  79      B3F35D3C 
  79      B4CC
  80 0143 55DA1CD4 		.ascii	"U\332\034\324'w\201\031\207\205n\340\330)>7\240<\343"
  80      27778119 
  80      87856EE0 
  80      D8293E37 
  80      A03CE3
  81 0156 28E99350 		.ascii	"(\351\223PR\034%S\331\316\011\224\204\253\205\225\277"
  81      521C2553 
  81      D9CE0994 
  81      84AB8595 
  81      BF
  82 0167 8D353E98 		.ascii	"\2155>\230\270S\016\252v\346\270\223\311\252Yg\321\264"
  82      B8530EAA 
  82      76E6B893 
  82      C9AA5967 
  82      D1B4
  83 0179 DE675157 		.ascii	"\336gQW]\274\3449\307\342\315\245\26161\242d\015(\031"
  83      5DBCE439 
  83      C7E2CDA5 
  83      B13631A2 
  83      640D2819 
  84 018d 8E326F40 		.ascii	"\2162o@\2313LE\233~\367\336\246\367\227A\024z\267\266"
  84      99334C45 
  84      9B7EF7DE 
  84      A6F79741 
  84      147AB7B6 
ARM GAS  C:\Users\8FEE~1\AppData\Local\Temp\ccHWvelg.s 			page 6


  85 01a1 2A9C6ED7 		.ascii	"*\234n\327\304\214\305\374\265\232([Q*\212\231Y\353"
  85      C48CC5FC 
  85      B59A285B 
  85      512A8A99 
  85      59EB
  86 01b3 C57084FC 		.ascii	"\305p\204\374\203\303A\3359\360&\305\357\357\242\256"
  86      83C341DD 
  86      39F026C5 
  86      EFEFA2AE 
  87 01c3 0C2E837B 		.ascii	"\014.\203{\355h\343\330\212\025\014|\013\234\357%\347"
  87      ED68E3D8 
  87      8A150C7C 
  87      0B9CEF25 
  87      E7
  88 01d4 CB1B46F5 		.ascii	"\313\033F\365\202\363e\275\015\357\000O\353\255\\d\206"
  88      82F365BD 
  88      0DEF004F 
  88      EBAD5C64 
  88      86
  89 01e5 52FD7143 		.ascii	"R\375qC\320$|\224\0161+\362\353\343=qle\305E\021P\365"
  89      D0247C94 
  89      0E312BF2 
  89      EBE33D71 
  89      6C65C545 
  90 01fc 8F5F173B 		.ascii	"\217_\027;4A\323*\266\261\333\334\3508\2144oN\242ym"
  90      3441D32A 
  90      B6B1DBDC 
  90      E8388C34 
  90      6F4EA279 
  91 0211 98D62B4E 		.ascii	"\230\326+NS\3424\205\342\367\264\330\303\004Kn\222\311"
  91      53E23485 
  91      E2F7B4D8 
  91      C3044B6E 
  91      92C9
  92 0223 002C8253 		.ascii	"\000,\202S&\203PD\261A\016\305\016\263(C\360\024e\030"
  92      26835044 
  92      B1410EC5 
  92      0EB32843 
  92      F0146518 
  93 0237 665046E0 		.ascii	"fPF\3401\312(\304Q\034\020E9\003\021\224\263\240\200"
  93      31CA28C4 
  93      511C1045 
  93      39031194 
  93      B3A080
  94 024a 5382B7EC 		.ascii	"S\202\267\354\366\007\272\363\251\016"
  94      F607BAF3 
  94      A90E
  95              		.text
  96              		.section	.gnu.lto_.symbol_nodes.9550d2f1,"",%progbits
  97 0000 789C6365 		.ascii	"x\234ce`b\360`\000\002\246\271L\365\014\014\023\316"
  97      6062F060 
  97      0002A6B9 
  97      4CF50C0C 
  97      13CE
  98 0012 313000A9 		.ascii	"10\000\251]\015\216@\221yL\365\214(\"\254s\230\030\032"
  98      5D0D8E40 
  98      91794CF5 
ARM GAS  C:\Users\8FEE~1\AppData\Local\Temp\ccHWvelg.s 			page 7


  98      8C2822AC 
  98      7398181A 
  99 0026 95808A19 		.ascii	"\225\200\212\031\3473\3253\201\245\030\030\032\032\034"
  99      E733D533 
  99      81A51818 
  99      1A1A1C
 100 0035 18189881 		.ascii	"\030\030\230\201p\311\203\177\214\014\000se\020\322"
 100      70C9837F 
 100      8C0C0073 
 100      6510D2
 101              		.text
 102              		.section	.gnu.lto_.refs.9550d2f1,"",%progbits
 103 0000 789C6365 		.ascii	"x\234ce`b`d\000\002\000\000I\000\011"
 103      60626064 
 103      00020000 
 103      490009
 104              		.text
 105              		.section	.gnu.lto_.decls.9550d2f1,"",%progbits
 106 0000 789CBD56 		.ascii	"x\234\275VkLTG\024\276\347\316\262\302\202\305@\323"
 106      6B4C5447 
 106      14BEE7CE 
 106      B2C282C5 
 106      40D3
 107 0012 F8C3A4C4 		.ascii	"\370\303\244\304`\244M\005\301V\372\212\325\372VT\222"
 107      60A44D05 
 107      C156FA8A 
 107      D5FA5654 
 107      92
 108 0023 AA4D9A6D 		.ascii	"\252M\232m6\013\273\352\246\013\273\356.\266\246\375"
 108      360BBBEA 
 108      A60BBBEE 
 108      2EB6A6FD 
 109 0033 7155146B 		.ascii	"qU\024k+j\265\265\0305\370h\205\372\000\251Z\337\256"
 109      2B6AB5B5 
 109      1835F868 
 109      85FA00A9 
 109      5ADFAE
 110 0046 5A112928 		.ascii	"Z\021)(\276P\224\227\210\370\342%>\000+\32033w\271\327"
 110      BE509497 
 110      88F8E225 
 110      3E002BD0 
 110      333377B9 
 111 005b 0B6D6A9A 		.ascii	"\013mj\232t\302w\347\2369\337|\347\314\231\231\313\372"
 111      74C277E7 
 111      9E39DF7C 
 111      E7CC9999 
 111      CBFA
 112 006d 09A2302D 		.ascii	"\011\2420-P\020\326\212\202\240\003A\350\302\246\023"
 112      5010D68A 
 112      82A00341 
 112      E8C2A613 
 113 007d 0461A7A0 		.ascii	"\004a\247\2404\202\330\205\310E\344!\220&t\010\317\267"
 113      3482D885 
 113      C845E421 
 113      90267408 
 113      CFB7
 114 008f 4F81F366 		.ascii	"O\201\363f\":U\363Eyn\236\320\263\231\201k\315\224m"
ARM GAS  C:\Users\8FEE~1\AppData\Local\Temp\ccHWvelg.s 			page 8


 114      223A55F3 
 114      45796E9E 
 114      D0B39981 
 114      6BCD946D 
 115 00a3 906368DB 		.ascii	"\220ch\333\237\262\366`D\031\342\031\"\004Q\202\270"
 115      9FB2F660 
 115      4419E219 
 115      22045182 
 115      B8
 116 00b4 8CB88838 		.ascii	"\214\270\2108\217\270\200(E\234C4\"Z\020\217\020\017"
 116      8FB88028 
 116      459C4334 
 116      225A108F 
 116      100F
 117 00c6 10CD88C7 		.ascii	"\020\315\210\307\210'\2106\304CD\003\242\251\227x\264"
 117      88278836 
 117      C4434403 
 117      A2A99778 
 117      B4
 118 00d7 AD25B06F 		.ascii	"\255%\260o\371\357G\304J(\007\\\003\364\343\031\002"
 118      F9EF47C4 
 118      4A28075C 
 118      03F4E319 
 118      02
 119 00e8 7F020333 		.ascii	"\177\002\0033\273|\015\200\215\343\250(\310\013\363"
 119      BB7C0D80 
 119      8DE3A828 
 119      C80BF3
 120 00f7 0D816F86 		.ascii	"\015\201o\206l\213\262)\312\222\354O\236\014*E\356\346"
 120      6C8BB229 
 120      CA92EC4F 
 120      9E0C2A45 
 120      EEE6
 121 0109 917C8DD7 		.ascii	"\221|\215\327\211\277\260i\276\331 *\001\000\324\023"
 121      89BFB069 
 121      BED9202A 
 121      0100D413 
 122 0119 54823C6D 		.ascii	"T\202<m\331\337\235\237\240,\016|\253\177\220QTg\250"
 122      D9DF9D9F 
 122      A02C0E7C 
 122      AB7F9051 
 122      5467A8
 123 012c 820A3A9A 		.ascii	"\202\012:\2329\022\370X\303\212\263\301D\004\372^\325"
 123      3912F858 
 123      C38AB3C1 
 123      4404FA5E 
 123      D5
 124 013d 9E352E72 		.ascii	"\2365.r\207\304\233\377\253J\331Nu\265z\203\323\011"
 124      87C49BFF 
 124      AB4AD94E 
 124      75B57A83 
 124      D309
 125 014f 84184044 		.ascii	"\204\030@D\363Bs\321\206@4_6@?4\333\026\\>n\350\377"
 125      F34273D1 
 125      8640345F 
 125      36403F34 
 125      DB165C3E 
ARM GAS  C:\Users\8FEE~1\AppData\Local\Temp\ccHWvelg.s 			page 9


 126 0166 039BB548 		.ascii	"\003\233\265H\352'\302\314W`\007\014\200\3550\000\203"
 126      EA27C2CC 
 126      5760070C 
 126      80ED3000 
 126      83
 127 0177 EF84FEF8 		.ascii	"\357\204\376\370L\320q\245\237\032\316\346\370\017\314"
 127      4CD071A5 
 127      9F1ACEE6 
 127      F80FCC
 128 0186 9432AB25 		.ascii	"\2242\253%\357\351\233\257\337\310\223\244\3058MGi\220"
 128      EFE99BAF 
 128      DFC893A4 
 128      C5384D47 
 128      6990
 129 0198 0D047E81 		.ascii	"\015\004~\201H\2322\276\3423\013\252\000\266A%.h\027"
 129      489A32BE 
 129      E2330BAA 
 129      00B64125 
 129      2E6817
 130 01ab 0CC4E945 		.ascii	"\014\304\351Eu\025_\222\217Y\262\251\231\265\007\364"
 130      75155F92 
 130      8F59B2A9 
 130      99B507F4 
 131 01bb A8948B4A 		.ascii	"\250\224\213J'^\313\220\274\013QGd:9\212N\216V'\227"
 131      275ECB90 
 131      BC0B5147 
 131      643A398A 
 131      4E8E5627 
 132 01d0 E948770E 		.ascii	"\351Hw\016\225\007\0233\023\312\331R\272\246/\012UK"
 132      95071333 
 132      13CAD952 
 132      BAA62F0A 
 132      554B
 133 01e2 92F7CAC6 		.ascii	"\222\367\312\306\367\273\322\362\277\2256\001K\034v"
 133      F7BBD2F2 
 133      BF953601 
 133      4B1C76
 134 01f1 2B4ABBA9 		.ascii	"+J\273\251\022}\311c\012\005'w=\011$\273\200I\224\254"
 134      127DC963 
 134      0A052777 
 134      3D0924BB 
 134      804994AC 
 135 0205 DF50E8C7 		.ascii	"\337P\350\307\353\263\207\026hyN\227?\257Of(5\263;_"
 135      EBB38716 
 135      68794E97 
 135      3FAF4F66 
 135      2835B33B 
 136 021a E5DE1FA9 		.ascii	"\345\336\037\251w\377\221\206\030n\016@\353`\305\003"
 136      77FF9186 
 136      186E0E40 
 136      EB60C503 
 137 022a AF5CCC6A 		.ascii	"\257\\\314j\240\033R\274\356\346K\334\016\243\246\264"
 137      A01B52BC 
 137      EEE64BDC 
 137      0EA3A6B4 
 138 023a 3C2D88B3 		.ascii	"<-\210\263\333\250\373L\351\206F\0039\316\3436\246\336"
 138      DBA8FB4C 
ARM GAS  C:\Users\8FEE~1\AppData\Local\Temp\ccHWvelg.s 			page 10


 138      E9864603 
 138      39CEE336 
 138      A6DE
 139 024c AA0EE4CE 		.ascii	"\252\016\344\316\376h\236O\315]O\270\251SmS\010\337"
 139      FE689E4F 
 139      CD5D4FB8 
 139      A9536D53 
 139      08DF
 140 025e A6F2AF97 		.ascii	"\246\362\257\227l\324\223\002>\263\242 {;\245\0166\000"
 140      6CD49302 
 140      3EB3A220 
 140      7B3BA50E 
 140      3600
 141 0270 3D45C1B4 		.ascii	"=E\301\264\016\365\007\332\373\362!\312\270\260\242"
 141      0EF507DA 
 141      FBF221CA 
 141      B8B0A2
 142 027f 656B1F52 		.ascii	"ek\037R\314\350bF\341\225\023:\2100\374L\367\330{\372"
 142      CCE86246 
 142      E195133A 
 142      8830FC4C 
 142      F7D87BFA 
 143 0293 D0888C16 		.ascii	"\320\210\214\026I\012\203\337\301\000'\224\022\0156"
 143      490A83DF 
 143      C1002794 
 143      120D36
 144 02a2 E073A924 		.ascii	"\340s\251$-\224V.\222\002&\010p\000O\301\021<\005p\022"
 144      2D94562E 
 144      92022608 
 144      70004FC1 
 144      113C0570 
 145 02b7 22A82EE5 		.ascii	"\"\250.\345\301q\034\364\342 \306\310\336\272j\263\236"
 145      C1711CF4 
 145      E220C6C8 
 145      DEBA6AB3 
 145      9E
 146 02c8 5C66A74F 		.ascii	"\\f\247O\314?z\375\252\016\014\021\275\012\234\356E"
 146      CC3F7AFD 
 146      AA0E0C11 
 146      BD0A9CEE 
 146      45
 147 02d9 8027D37A 		.ascii	"\200'\323z}`\376b\272\363\371\230\314)%\031\314\215"
 147      7D60FE62 
 147      BAF3F998 
 147      CC292519 
 147      CC8D
 148 02eb 1FB99A83 		.ascii	"\037\271\232\203\345\013DRB\330\252\326\035z\344\333"
 148      E50B4452 
 148      42D8AAD6 
 148      1D7AE4DB 
 149 02fb 297F349B 		.ascii	")\1774\233V\237*\026\311%\356\253\273\272(CO\256qce"
 149      569F2A16 
 149      C925EEAB 
 149      BBBA2843 
 149      4FAE7163 
 150 0310 4799A427 		.ascii	"G\231\244'5\334X\336\324\266IG\356r\243lQki_\322\304"
 150      35DC58DE 
ARM GAS  C:\Users\8FEE~1\AppData\Local\Temp\ccHWvelg.s 			page 11


 150      D4B64947 
 150      EE72A36C 
 150      516B695F 
 151 0326 8C802539 		.ascii	"\214\200%9\373\367\004A8m\241\341\341\021\233i\356\336"
 151      FBF70441 
 151      386DA1E1 
 151      E1119B69 
 151      EEDE
 152 0338 DB9D6F14 		.ascii	"\333\235o\024\264\324J\322wA,\251\263\230\324%\010U"
 152      B4D44AD2 
 152      77412CA9 
 152      B398D425 
 152      0855
 153 034a 1673985D 		.ascii	"\026s\230]\214h|\010|\302\323\021x~S\011c\027k\331Q"
 153      8C687C08 
 153      7CC2D311 
 153      787E5309 
 153      63176BD9 
 154 035f 1AF2BD0F 		.ascii	"\032\362\275\017\024r\241\226|\206I\037\000\225\266"
 154      1472A196 
 154      7C86491F 
 154      0095B6
 155 036e 8A5EA0A5 		.ascii	"\212^\240\245\037\325frM\305\376\243wq\306^Ek\277R\222"
 155      1FD56672 
 155      4DC5FEA3 
 155      7771C65E 
 155      456BBF52 
 156 0383 46EA04D8 		.ascii	"F\352\004\330\217\376\337\230\213\262\261\374p\005w"
 156      8FFEDF98 
 156      8BB2B1FC 
 156      700577
 157 0392 AB04C2E1 		.ascii	"\253\004\302\3412\342\"\342<\342\002\242\024q\016\302"
 157      32E222E2 
 157      3CE202A2 
 157      14710EC2 
 158 03a2 D93DE2F1 		.ascii	"\331=\342\361\012U\361\212z]\271z-\205\023\024\366\261"
 158      0A55F18A 
 158      7A5DB97A 
 158      2D851314 
 158      F6B1
 159 03b4 DED7C2E9 		.ascii	"\336\327\302\351\374h4\036\015Y I@i\202|,\344\017\332"
 159      FC68341E 
 159      0D592049 
 159      4069827C 
 159      2CE40FDA 
 160 03c8 B1CED412 		.ascii	"\261\316\324\022=\331\253c\007o\353\262\242}\376\020"
 160      3DD9AB63 
 160      076FEBB2 
 160      A27DFE10 
 161 03d8 1AD1DB9A 		.ascii	"\032\321\333\232\340\032.\345E\226\305#\327\025\350"
 161      E01A2EE5 
 161      4596C523 
 161      D715E8
 162 03e7 F10B0A65 		.ascii	"\361\013\012e8\361\252r$i\036,\274\357\316\207\310w"
 162      38F1AA72 
 162      24691E2C 
 162      BCEFCE87 
ARM GAS  C:\Users\8FEE~1\AppData\Local\Temp\ccHWvelg.s 			page 12


 162      C877
 163 03f9 3EADF8F1 		.ascii	">\255\370\3616\221\024\260t \367pj\303K\334\351\245"
 163      369114B0 
 163      7420F770 
 163      6AC34BDC 
 163      E9A5
 164 040b CE6F16AF 		.ascii	"\316o\026\257\370\272\0179\307\235\017\263\3626\372"
 164      F8BA0F39 
 164      C79D0FB3 
 164      F236FA
 165 041a 73671675 		.ascii	"sg\026u\336\355\310\277\357GJ\271sG\361\351r\371\376"
 165      DEEDC8BF 
 165      EF474AB9 
 165      7347F1E9 
 165      72F9FE
 166 042d 2FA5CE8B 		.ascii	"/\245\316\213\255%i\006R\301\235]w\313\266\004pg3\265"
 166      AD256906 
 166      52C19D5D 
 166      77CBB604 
 166      706733B5 
 167 0441 97ED5DBD 		.ascii	"\227\355]\275%\230\324r\347\305\272M\251\362W\246\204"
 167      2598D472 
 167      E7C5BA4D 
 167      A9F257A6 
 167      84
 168 0452 DAE92B7E 		.ascii	"\332\351+~\335m \367\2713\253n}\272\354|\033\315\275"
 168      DD6D20F7 
 168      B933AB6E 
 168      7DBAEC7C 
 168      1BCDBD
 169 0465 C5FB2BFD 		.ascii	"\305\373+\375H\013\367\225\267\224\246\005\222vn\344"
 169      480BF795 
 169      B794A605 
 169      92766EE4 
 170 0475 3C5BB34D 		.ascii	"<[\263MO$?f\244gT\344\032H\0323\372vT=:\026\010\241"
 170      4F243F66 
 170      A46754E4 
 170      1A481A33 
 170      FA76543D 
 171 048d E1DD2D22 		.ascii	"\341\335-\"\\]\355\275X\355=l\373\352\345R\267b\251"
 171      5C5DEDBD 
 171      58ED3D6C 
 171      FBEAE552 
 171      B762A9
 172 04a0 1BB1AC2D 		.ascii	"\033\261\254-\210G\210\007\210f\304c\304\023D\033\342"
 172      88478807 
 172      8866C463 
 172      C413441B 
 172      E2
 173 04b1 21A201D1 		.ascii	"!\242\001\321\244\234(Z\372\263!\253%\251`(+\376!,>"
 173      A49C285A 
 173      FAB321AB 
 173      25A96028 
 173      2BFE212C 
 174 04c6 95ECDECE 		.ascii	"\225\354\336\316\203\317\337\017\344\237\230\264\200"
 174      83CFDF0F 
 174      E49F98B4 
ARM GAS  C:\Users\8FEE~1\AppData\Local\Temp\ccHWvelg.s 			page 13


 174      80
 175 04d3 9D294ABF 		.ascii	"\235)J\277\247\245?w\367(y\232B\276\257%\357\003-;N"
 175      A7A53F77 
 175      F728799A 
 175      42BEAF25 
 175      EF032D3B 
 176 04e8 61D76AD9 		.ascii	"a\327j\3317\265\354\232\311\012\273N\313\276\325#\357"
 176      37B5EC9A 
 176      C90ABB4E 
 176      CBBED523 
 176      EF
 177 04f9 1A55DE77 		.ascii	"\032U\336w\265\364\303=\2279U\241\227k\351\327{d\256"
 177      B5F4C33D 
 177      973955A1 
 177      976BE9D7 
 177      7B64AE
 178 050c CAE58E96 		.ascii	"\312\345\216\226}\273G\346\252u\326h\3317z\2462E\241"
 178      7DBB47E6 
 178      AA75D668 
 178      D9377AA6 
 178      3245A1
 179 051f 576BE955 		.ascii	"Wk\351U\212\270|\211\317\360K\\\377\374%\2267\273X\265"
 179      8AB87C89 
 179      CFF04B5C 
 179      FFFC2596 
 179      37BB58B5 
 180 0533 D9955AAD 		.ascii	"\331\225Z\255\012Uh<\221\307\333\353\027\007\223tv\""
 180      0A55683C 
 180      91C7DBEB 
 180      17079374 
 180      7622
 181 0545 C58EF2DA 		.ascii	"\305\216\362\332\2674w\336w\012\341O<|\377\345 \362"
 181      B73477DE 
 181      770AE14F 
 181      3C7CFFE5 
 181      20F2
 182 0557 C44BCFB1 		.ascii	"\304K\317\261o\300S\024jW\276\001\365\276o\300\206j"
 182      6FC05314 
 182      6A57BE01 
 182      F5BE6FC0 
 182      866A
 183 0569 EF4DBF50 		.ascii	"\357M\277P9\376\322\277\213/\274pp\224\316{\374\307"
 183      39FED2BF 
 183      8B2FBC70 
 183      7094CE7B 
 183      FCC7
 184 057b F78183B6 		.ascii	"\367\201\203\266H\271^\374_}28\033\177\031\005\3003"
 184      48B95EFC 
 184      5F7D3238 
 184      1B7F1905 
 184      C033
 185 058d 14FC95E7 		.ascii	"\024\374\225\347\241\272otd:\376\270\355\200A\364\007"
 185      A1BA6F74 
 185      643AFEB8 
 185      ED8041F4 
 185      07
 186 059e 60DB95CA 		.ascii	"`\333\225\312\240\240e\335\377\200\331o \337\007V\200"
ARM GAS  C:\Users\8FEE~1\AppData\Local\Temp\ccHWvelg.s 			page 14


 186      A0A065DD 
 186      FF80D96F 
 186      20DF0756 
 186      80
 187 05af 4E08F22D 		.ascii	"N\010\362-\003_\205 \223\311jv\331\347\233l\3116\217"
 187      035F8520 
 187      93C96A76 
 187      D9E79B6C 
 187      C9368F
 188 05c2 FFF8A933 		.ascii	"\377\370\2513\302FGG\013#\"#\243\370_\342\034[\202\315"
 188      C2464747 
 188      0B232223 
 188      A3F85FE2 
 188      1C5B82CD 
 189 05d6 E18E8E1D 		.ascii	"\341\216\216\035\036\345pG\3151\333\243\022\034f\227"
 189      1EE57047 
 189      CD31DBA3 
 189      121C6697 
 190 05e6 C51DF5D1 		.ascii	"\305\035\365\321t\323\324\031\243\343\306N\213~\363"
 190      74D3D419 
 190      A3E3C64E 
 190      8B7EF3
 191 05f5 4DD3B8D8 		.ascii	"M\323\270\330\341\261\237L\344\256\310D!\200\275LD\305"
 191      E1B19F4C 
 191      E4AEC844 
 191      2180BD4C 
 191      44C5
 192 0607 7E6E4FD2 		.ascii	"~nO\322\260\030S\242\335\221\370\031\013\361\336?(;"
 192      B01853A2 
 192      DD91F819 
 192      0BF1DE3F 
 192      283B
 193 0619 1D2E0F15 		.ascii	"\035.\017\025\2362,\206?\307\305~\361\005\365\230\354"
 193      9E322C86 
 193      3FC7C57E 
 193      F105F598 
 193      EC
 194 062a 764BE41C 		.ascii	"vK\344\034!\304\211\257\026\353,s\212\335cJt$\317\262"
 194      21C489AF 
 194      16EB2C73 
 194      8ADD634A 
 194      7424CFB2 
 195 063e CDD6C74F 		.ascii	"\315\326\307O\032c\366\230u\346Y.\273\301dJ\261%{0\234"
 195      1A63F698 
 195      75E6592E 
 195      BBC1644A 
 195      B1257B30 
 196 0653 E72BCBBB 		.ascii	"\347+\313\273F\246\357\366\244Xl\016\223\323e\235g\263"
 196      46A6EFF6 
 196      A4586C0E 
 196      93D3659D 
 196      67B3
 197 0665 7E1EFD8E 		.ascii	"~\036\375\216z\324\350q8\354n\343\354\344\2240\366\026"
 197      7AD4E871 
 197      38EC6EE3 
 197      ECE49430 
 197      F616
ARM GAS  C:\Users\8FEE~1\AppData\Local\Temp\ccHWvelg.s 			page 15


 198 0677 66762585 		.ascii	"fv%\205Y\223\022\254\026\213\325b\034\0369,,fht\354"
 198      599312AC 
 198      168BD562 
 198      1C1E392C 
 198      2C666874 
 199 068c DC68238E 		.ascii	"\334h#\216\017Iv$[\207X\315\0116\243-9\321\236b\261"
 199      0F497624 
 199      5B8758CD 
 199      0936A32D 
 199      39D19E62 
 200 06a1 1A93CCA8 		.ascii	"\032\223\314\250\225l5vg\344\231\357\264\2721M\177_"
 200      956C3576 
 200      67E499EF 
 200      B4BA314D 
 200      7F5F
 201 06b3 1673FF87 		.ascii	"\026s\377\207,\334\363\335F\223\333c\301\220\030\232"
 201      2CDCF3DD 
 201      4693DB63 
 201      C190189A 
 202 06c3 382C2E3F 		.ascii	"8,.?g\212\323\342\352\343p;\255V\213K\357\240i\271\374"
 202      678AD3E2 
 202      EAE3703B 
 202      AD568B4B 
 202      EFA069B9 
 203 06d8 921C16AB 		.ascii	"\222\034\026\253\213\226i\316\310\177\271\003qqc\242"
 203      8B9669CE 
 203      C87FB903 
 203      717163A2 
 204 06e8 C6C74F9C 		.ascii	"\306\307O\2346/\206m\201S\331\006\276\247\263\235\270"
 204      362F866D 
 204      8153D906 
 204      BEA7B39D 
 204      B8
 205 06f9 24B7D593 		.ascii	"$\267\325\223\3424y\364\361\023\3516\350\343'\360n<"
 205      E23479F4 
 205      F113E936 
 205      E8E327F0 
 205      6E3C
 206 070b EFC6F16E 		.ascii	"\357\306\361n,\357\306\360n4\357>\344\335(\336M\246"
 206      2CEFC6F0 
 206      6E34EF3E 
 206      E4DD28DE 
 206      4DA6
 207 071d 5D40FCA8 		.ascii	"]@\374\250\270\321l[\377\0026\036%!"
 207      B8D16C5B 
 207      FF02361E 
 207      2521
 208              		.text
 209              		.section	.gnu.lto_.symtab.9550d2f1,"",%progbits
 210 0000 5F5F6561 		.ascii	"__early_init\000"
 210      726C795F 
 210      696E6974 
 210      00
 211 000d 00       		.ascii	"\000"
 212 000e 00       		.ascii	"\000"
 213 000f 00       		.ascii	"\000"
 214 0010 00000000 		.ascii	"\000\000\000\000\000\000\000\000"
ARM GAS  C:\Users\8FEE~1\AppData\Local\Temp\ccHWvelg.s 			page 16


 214      00000000 
 215 0018 AE000000 		.ascii	"\256\000\000\000"
 216 001c 626F6172 		.ascii	"boardInit\000"
 216      64496E69 
 216      7400
 217 0026 00       		.ascii	"\000"
 218 0027 00       		.ascii	"\000"
 219 0028 00       		.ascii	"\000"
 220 0029 00000000 		.ascii	"\000\000\000\000\000\000\000\000"
 220      00000000 
 221 0031 B0000000 		.ascii	"\260\000\000\000"
 222 0035 70616C5F 		.ascii	"pal_default_config\000"
 222      64656661 
 222      756C745F 
 222      636F6E66 
 222      696700
 223 0048 00       		.ascii	"\000"
 224 0049 00       		.ascii	"\000"
 225 004a 00       		.ascii	"\000"
 226 004b 00000000 		.ascii	"\000\000\000\000\000\000\000\000"
 226      00000000 
 227 0053 FD000000 		.ascii	"\375\000\000\000"
 228 0057 73746D33 		.ascii	"stm32_clock_init\000"
 228      325F636C 
 228      6F636B5F 
 228      696E6974 
 228      00
 229 0068 00       		.ascii	"\000"
 230 0069 02       		.ascii	"\002"
 231 006a 00       		.ascii	"\000"
 232 006b 00000000 		.ascii	"\000\000\000\000\000\000\000\000"
 232      00000000 
 233 0073 B2000000 		.ascii	"\262\000\000\000"
 234              		.text
 235              		.section	.gnu.lto_.opts,"",%progbits
 236 0000 272D666D 		.ascii	"'-fmath-errno' '-fsigned-zeros' '-ftrapping-math' '"
 236      6174682D 
 236      6572726E 
 236      6F272027 
 236      2D667369 
 237 0033 2D666E6F 		.ascii	"-fno-trapv' '-fno-openmp' '-fno-openacc' '-mcpu=cor"
 237      2D747261 
 237      70762720 
 237      272D666E 
 237      6F2D6F70 
 238 0066 7465782D 		.ascii	"tex-m7' '-mno-thumb-interwork' '-mthumb' '-ggdb' '-"
 238      6D372720 
 238      272D6D6E 
 238      6F2D7468 
 238      756D622D 
 239 0099 4F322720 		.ascii	"O2' '-fomit-frame-pointer' '-falign-functions=16' '"
 239      272D666F 
 239      6D69742D 
 239      6672616D 
 239      652D706F 
 240 00cc 2D666675 		.ascii	"-ffunction-sections' '-fdata-sections' '-fno-common"
 240      6E637469 
ARM GAS  C:\Users\8FEE~1\AppData\Local\Temp\ccHWvelg.s 			page 17


 240      6F6E2D73 
 240      65637469 
 240      6F6E7327 
 241 00ff 2720272D 		.ascii	"' '-flto'\000"
 241      666C746F 
 241      2700
 242              		.text
 243              		.comm	__gnu_lto_v1,1,1
 244              		.comm	__gnu_lto_slim,1,1
 245              		.ident	"GCC: (GNU Tools for ARM Embedded Processors 6-2017-q1-update) 6.3.1 20170215 (release) [AR
ARM GAS  C:\Users\8FEE~1\AppData\Local\Temp\ccHWvelg.s 			page 18


DEFINED SYMBOLS
                            *ABS*:00000000 board.c
                            *COM*:00000001 __gnu_lto_v1
                            *COM*:00000001 __gnu_lto_slim

NO UNDEFINED SYMBOLS
