ARM GAS  C:\Users\8FEE~1\AppData\Local\Temp\ccaUf3KC.s 			page 1


   1              		.cpu cortex-m7
   2              		.eabi_attribute 20, 1
   3              		.eabi_attribute 21, 1
   4              		.eabi_attribute 23, 3
   5              		.eabi_attribute 24, 1
   6              		.eabi_attribute 25, 1
   7              		.eabi_attribute 26, 1
   8              		.eabi_attribute 30, 2
   9              		.eabi_attribute 34, 1
  10              		.eabi_attribute 18, 4
  11              		.file	"chcore_v7m.c"
  12              		.text
  13              	.Ltext0:
  14              		.section	.gnu.lto_.profile.95616a17,"",%progbits
  15 0000 789C6365 		.ascii	"x\234ce`b`a```d0\224\001\000\000\376\000Z"
  15      60626061 
  15      60606064 
  15      30940100 
  15      00FE005A 
  16              		.text
  17              		.section	.gnu.lto_.icf.95616a17,"",%progbits
  18 0000 789C6365 		.ascii	"x\234ce`b\020a@\000f\206\345K\256\264s3\367\276\273"
  18      60621061 
  18      40006686 
  18      E54BAEB4 
  18      7333F7BE 
  19 0015 BF9687E5 		.ascii	"\277\226\207\345\363\206\025\213\330\030\000^5\010\335"
  19      F386158B 
  19      D818005E 
  19      3508DD
  20              		.text
  21              		.section	.gnu.lto_.jmpfuncs.95616a17,"",%progbits
  22 0000 789C6365 		.ascii	"x\234ce`b\340e@\000f(\301\002\242\001\002|\000\037"
  22      6062E065 
  22      40006628 
  22      C102A201 
  22      027C001F 
  23              		.text
  24              		.section	.gnu.lto_.inline.95616a17,"",%progbits
  25 0000 789C6365 		.ascii	"x\234ce`bpc@\000f\006\006~1F\006&\221\013=\214\014l"
  25      60627063 
  25      40006606 
  25      067E3146 
  25      0626910B 
  26 0018 0BE49940 		.ascii	"\013\344\231@\202L\334`\031N\016\240\004\317\203X\270"
  26      824CDC60 
  26      194E0EA0 
  26      04CF8358 
  26      B8
  27 0029 380B0317 		.ascii	"8\013\003\0277HhN$\\\210\221\013D\002\000\021\202\006"
  27      3748684E 
  27      245C8891 
  27      0B440200 
  27      118206
  28 003c D4       		.ascii	"\324"
  29              		.text
  30              		.section	.gnu.lto_.pureconst.95616a17,"",%progbits
ARM GAS  C:\Users\8FEE~1\AppData\Local\Temp\ccaUf3KC.s 			page 2


  31 0000 789C6365 		.ascii	"x\234ce`b\340b```f\330\305\310\274\213\221e\027#\000"
  31      6062E062 
  31      60606066 
  31      D8C5C8BC 
  31      8B916517 
  32 0016 0C46024D 		.ascii	"\014F\002M"
  33              		.text
  34              		.section	.gnu.lto__port_irq_epilogue.part.0.95616a17,"",%progbits
  35 0000 789C9D54 		.ascii	"x\234\235T\337o\024U\024>g\356\314\356v\273m\223\306"
  35      DF6F1455 
  35      143E67EE 
  35      CCEE76BB 
  35      6D93C6
  36 0013 074D78D8 		.ascii	"\007Mx\330>4\204\204t4$B\202>\030\022\023M6\232\356"
  36      3E348484 
  36      74342442 
  36      823E1812 
  36      134D369A 
  37 0028 1F407428 		.ascii	"\037@t(\322H\273\233\335\305\364\255\227\355.m\266X"
  37      D248BB9B 
  37      DDC5F4AD 
  37      97ED2E6D 
  37      B658
  38 003a 4DB54B17 		.ascii	"M\265K\027\273\231\002!\025\260\226\266\202n\021X\373"
  38      BB990221 
  38      15B096B6 
  38      826E1158 
  38      FB
  39 004b 835F551A 		.ascii	"\203_U\032DK\002<`\273\020\245`\244i\214!i\3539w\266"
  39      444B023C 
  39      60BB10A5 
  39      60A4698C 
  39      2169EB39 
  40 0061 B62A1AE3 		.ascii	"\266*\032\343d\346\316\334s\317w\316\271\337w\356\030"
  40      64E6CEDC 
  40      73CF77CE 
  40      B9DF77EE 
  40      18
  41 0072 A0C15603 		.ascii	"\240\301V\003 \007\000/\323\203n@\327\373W\351\303\205"
  41      2007002F 
  41      D3836E40 
  41      D7FB57E9 
  41      C385
  42 0084 9A7A6B9A 		.ascii	"\232zk\232h[\017\322\253\363\350\023h\260u\257G_\371"
  42      685B0FD2 
  42      ABF3E813 
  42      68B075AF 
  42      475FF9
  43 0097 3010F943 		.ascii	"0\020\371Cz\020\232]\232\320\015l\306\367\304\001\201"
  43      7A109A5D 
  43      9AD00D6C 
  43      C6F7C401 
  43      81
  44 00a8 A3ADF772 		.ascii	"\243\255\367r\332\206>IW\376\300\202{\237L>m\013\200"
  44      DA863E49 
  44      57FEC082 
  44      7B9F4C3E 
ARM GAS  C:\Users\8FEE~1\AppData\Local\Temp\ccaUf3KC.s 			page 3


  44      6D0B80
  45 00bb 0C3D7C61 		.ascii	"\014=|a\037n\000r\233\031\\\352*s\351\216\035?\246\274"
  45      1F6E0072 
  45      9B195CEA 
  45      2A73E98E 
  45      1D3FA6BC 
  46 00cf 000CBF96 		.ascii	"\000\014\277\2268\331#:\204-\020u\232>\372\346\340l"
  46      38D9233A 
  46      842D1075 
  46      9A3EFAE6 
  46      E06C
  47 00e1 394F35F4 		.ascii	"9O5\364\323\364^\373\3049\267\330\212\034!\177\364\324"
  47      D3F45EFB 
  47      C439B7D8 
  47      8A1C217F 
  47      F4D4
  48 00f3 34561F91 		.ascii	"4V\037\2212.\3637\272\267\034\277Y\220\262\263\015m"
  48      322EF337 
  48      BAB71CBF 
  48      5990B2B3 
  48      0D6D
  49 0105 21F0040A 		.ascii	"!\360\004\012\212\213\307q\035\036\303uN\336O\260\232"
  49      8A8BC771 
  49      1D1EC375 
  49      4EDE4FB0 
  49      9A
  50 0116 40FBDF5D 		.ascii	"@\373\337]\\\250`P\247\252.\335\222\274$u\202\300\337"
  50      5CA86050 
  50      A7AA2EDD 
  50      92BC2475 
  50      82C0DF
  51 0129 FCFB957F 		.ascii	"\374\373\225\177\352r\341p\205hV\011\177^\272\235\362"
  51      EA72E170 
  51      85685609 
  51      7F5EBA9D 
  51      F2
  52 013a 1513FE6A 		.ascii	"\025\023\376jW~\320\"\025V\307O\237\220n\000\253\007"
  52      577ED022 
  52      1556C74F 
  52      9F906E00 
  52      AB07
  53 014c BE452997 		.ascii	"\276E)\227\226[\245\274\271\251\322\207\252\004M\255"
  53      965BA5BC 
  53      B9A9D287 
  53      AA044DAD 
  54 015c 0835EA60 		.ascii	"\0105\352`\013\303\240\301\005\220\"\032\230\317\024"
  54      0BC3A0C1 
  54      0590221A 
  54      98CF14
  55 016b 4DE82DDA 		.ascii	"M\350-\332\205\246\336\367q\357\314\211\375\277\\\301"
  55      85A6DEF7 
  55      71EFCC89 
  55      FDBF5CC1 
  56 017b 55CA18AA 		.ascii	"U\312\030\252\030\203U\036\023\016\335=\336W\001O\242"
  56      1883551E 
  56      130EDD3D 
  56      DE57014F 
ARM GAS  C:\Users\8FEE~1\AppData\Local\Temp\ccaUf3KC.s 			page 4


  56      A2
  57 018c 2B23700D 		.ascii	"+#p\015\307\234\027p\220\0018D#1\235\340x\351\216\264"
  57      C79C1770 
  57      90013844 
  57      23319DE0 
  57      78E98EB4 
  58 01a0 AD5775A2 		.ascii	"\255Wu\242-\273\375\266p3bq&9[\242k\3448\214U*\376\205"
  58      2DBBFDB6 
  58      70336271 
  58      26395BA2 
  58      6BE4388C 
  59 01b8 99E11117 		.ascii	"\231\341\021\027Y\3603\324\263\024\026\360\024\352p"
  59      59F033D4 
  59      B31416F0 
  59      14EA70
  60 01c7 17E37754 		.ascii	"\027\343wTY\034\220\343\363\022\033\333;&*\271\002\225"
  60      591C90E3 
  60      F3121BDB 
  60      3B262AB9 
  60      0295
  61 01d9 137EC2F8 		.ascii	"\023~\302\370|\3531\301\206\254\320\212>~\265>\300\030"
  61      7CEB31C1 
  61      86ACD08A 
  61      3E7EB53E 
  61      C018
  62 01eb 8D3C5A7A 		.ascii	"\215<Zz\366\365_\337\341\270\0102Q\316\353?\214\247"
  62      F6F55FDF 
  62      E1B80832 
  62      51CEEB3F 
  62      8CA7
  63 01fd 0DA707EE 		.ascii	"\015\247\007\356,//W\340ib\365\317H\301\261\027~\314"
  63      2C2F2F57 
  63      E06962F5 
  63      CF48C1B1 
  63      177ECC
  64 0210 26BD6C23 		.ascii	"&\275l#L\241o\276\253\2041\272\203!\323wS\327&Km\314"
  64      4CA16FBE 
  64      AB8431BA 
  64      8321D377 
  64      53D7264B 
  65 0226 524B7828 		.ascii	"RKx(0~\316\332\220\375\301\241\241\217\\f?S\326\273"
  65      307ECEDA 
  65      90FDC1A1 
  65      A18F5C66 
  65      3F53D6BB 
  66 023a D31625F8 		.ascii	"\323\026%\370\005\332\330\255\372\023shr\023\336}<\245"
  66      05DAD8AD 
  66      FA137368 
  66      7213DE7D 
  66      3CA5
  67 024c 82794941 		.ascii	"\202yIAj\361\021B\252\275\234\375\376)\247R\235KX)\211"
  67      6AF11142 
  67      AABD9CFD 
  67      FE29A752 
  67      9D4B5829 
  68 0261 1017E70A 		.ascii	"\020\027\347\012Y\217H\243\342}\256\360h\254\264\330"
  68      598F48A3 
ARM GAS  C:\Users\8FEE~1\AppData\Local\Temp\ccaUf3KC.s 			page 5


  68      E27DAEF0 
  68      68ACB4D8 
  69 0271 28D3B62F 		.ascii	"(\323\266/#\363\011?\267\345\231'\364\311\227\274\033"
  69      23F3093F 
  69      B7E59927 
  69      F4C997BC 
  69      1B
  70 0282 1DEE639C 		.ascii	"\035\356c\234t\356\236\304\277J:\3555\330\247(\253\266"
  70      74EE9EC4 
  70      BF4A3AED 
  70      35D8A728 
  70      ABB6
  71 0294 F6E8E059 		.ascii	"\366\350\340Y%\3519>;\010G\031z\330\036\372\315[5\\"
  71      25E9393E 
  71      3B084719 
  71      7AD81EFA 
  71      CD5B355C 
  72 02a8 94B494BD 		.ascii	"\224\264\224\275\373g\317H\217\222\364|Q\322\333\007"
  72      FB67CF48 
  72      8F92F47C 
  72      51D2DB07 
  73 02b8 473EF4B2 		.ascii	"G>\364\262\244y\226T\247\225\257\324Y;2\030\377\332"
  73      A4799654 
  73      A795AFD4 
  73      593B3218 
  73      FFDA
  74 02ca 57757A6D 		.ascii	"Wuzm?\\\355\210\037\362)\360(\203q\314\321\336\021\202"
  74      3F5CED88 
  74      1FF229F0 
  74      288371CC 
  74      D1DE1182 
  75 02de CB82396C 		.ascii	"\313\2029l\351=\337\365\214\303\212A\220\\\356\301-"
  75      E93DDFF5 
  75      8CC38A41 
  75      905CEEC1 
  75      2D
  76 02ef 77F3A2F4 		.ascii	"w\363\242\364\330\302\227!\222\000\307\261\231\232\274"
  76      D8C29721 
  76      9200C7B1 
  76      999ABC
  77 02fe 0C0A98B8 		.ascii	"\014\012\230\27056\216\253\256\351\344\350\224\233i"
  77      35368EAB 
  77      AEE9E4E8 
  77      949B69
  78 030d E60D4C14 		.ascii	"\346\015L\024\031i'L\333zAt?n\315\336\350\305\"\301"
  78      1969274C 
  78      DB7A4174 
  78      3F6ECDDE 
  78      E8C522C1 
  79 0321 FF45CC46 		.ascii	"\377E\314F\026\363\202\022\023\231\333\213J\314\225"
  79      16F38212 
  79      1399DB8B 
  79      4ACC95
  80 0330 82DAC863 		.ascii	"\202\332\310c\236\340\345\031\265\347KT\025g\323\377"
  80      9EE0E519 
  80      B5E74B54 
  80      1567D3FF 
ARM GAS  C:\Users\8FEE~1\AppData\Local\Temp\ccaUf3KC.s 			page 6


  81 0340 C8F6F07F 		.ascii	"\310\366\360\177d\273\274\232\355\312?e\243\377,N\026"
  81      64BBBC9A 
  81      EDCA3F65 
  81      A3FF2C4E 
  81      16
  82 0351 B319EA54 		.ascii	"\263\031\352T?D\315\371\033\246\010J\006\232m\251\251"
  82      3F44CDF9 
  82      1BA6084A 
  82      069A6DA9 
  82      A9
  83 0362 319DDBDA 		.ascii	"1\235\333\332U\377f}(\372\334\346\347\315P\324\264B"
  83      55FF667D 
  83      28FADCE6 
  83      E7CD50D4 
  83      B442
  84 0374 0D0DA146 		.ascii	"\015\015\241F3\034\212\304\242\346K\265\201m\201&\362"
  84      331C8AC4 
  84      A2E64BB5 
  84      816D8126 
  84      F2
  85 0385 B04291BA 		.ascii	"\260B\221\272\355\357ln\250\261\300\025\251\213\356"
  85      EDEF6C6E 
  85      A8B1C015 
  85      A98BEE
  86 0394 D91D7BE1 		.ascii	"\331\035{\341\337\361uM1s[ \370J\320\254o\264v\357\331"
  86      DFF1754D 
  86      31735B20 
  86      F84AD0AC 
  86      6FB476EF 
  87 03a9 51675A0D 		.ascii	"QgZ\015\321\372\350\366\267,\253f\027\350V\254)\\\026"
  87      D1FAE8F6 
  87      B72CAB66 
  87      17E856AC 
  87      295C16
  88 03bc A80DFAAB 		.ascii	"\250\015\372\253\237\335\350\017G\303^\020/F\240<\026"
  88      9FDDE80F 
  88      47C35E10 
  88      2F46A03C 
  88      16
  89 03cd 0ABFB6F3 		.ascii	"\012\277\266\363\365H\310\012\306\336\260\336.\013\004"
  89      F548C80A 
  89      C6DEB0DE 
  89      2E0B04
  90 03dc 6B797123 		.ascii	"kyq#yyA\213\200\210\206\341w\247\267\344\270"
  90      7979418B 
  90      808886E1 
  90      77A7B7E4 
  90      B8
  91              		.text
  92              		.section	.gnu.lto_SVC_Handler.95616a17,"",%progbits
  93 0000 789C9D93 		.ascii	"x\234\235\223\361kSW\024\307\317y\367\345%\246\251S"
  93      F16B5357 
  93      14C7CF79 
  93      F7E525A6 
  93      A953
  94 0012 7F1B9691 		.ascii	"\177\033\226\2210\012\023\244q\277\314\302\024\024\177"
  94      300A13A4 
ARM GAS  C:\Users\8FEE~1\AppData\Local\Temp\ccaUf3KC.s 			page 7


  94      71BFCCC2 
  94      14147F
  95 0021 D97E084A 		.ascii	"\331~\010J\363\007H}\313l\260\361\205\274T\272\237|"
  95      F307487D 
  95      CB6CB0F1 
  95      85BC54BA 
  95      9F7C
  96 0033 A6D5B854 		.ascii	"\246\325\270T:\351\264\246\305\3606E\354\354\324\266"
  96      3AE9B4A6 
  96      C5F03645 
  96      ECECD4B6 
  97 0043 59B5568D 		.ascii	"Y\265V\215\261\235\255\316\351PT\306\220\241mu\254\262"
  97      B19DADCE 
  97      E95054C6 
  97      90A16D75 
  97      ACB2
  98 0055 A1FE3036 		.ascii	"\241\37606\230\325s\356{J\255\262\201\217\344%\367\236"
  98      98D573EE 
  98      7B4AADB2 
  98      818FE425 
  98      F79E
  99 0067 EFF9DE73 		.ascii	"\357\371\336s>\367^\017(\260W\005X\210\000\213\001\000"
  99      3EF75E0F 
  99      28B05705 
  99      5888008B 
  99      0100
 100 0079 05A0B2FB 		.ascii	"\005\240\262\373*\3006\237\202\310\177,\037\302V\005"
 100      2AC0369F 
 100      82C87F2C 
 100      1FC25605 
 101 0089 B7E21762 		.ascii	"\267\342\027b\237\300\221\354\375S\312\222\303\026="
 101      9FC091EC 
 101      FD53CA92 
 101      C3163D
 102 0098 E57DFFBE 		.ascii	"\345}\377\276m\365\224\321\026\000]\364\345\007\017"
 102      6DF594D1 
 102      16005DF4 
 102      E5070F
 103 00a7 E31220D9 		.ascii	"\343\022 \331\265\326\276\375\242]\330\002Q\245\341"
 103      B5D6BEFD 
 103      A25DD802 
 103      51A5E1
 104 00b6 A32BDD93 		.ascii	"\243+\335\223\363y\250`\220\206\271KS\007\336\022\037"
 104      F379A860 
 104      9086B94B 
 104      5307DE12 
 104      1F
 105 00c7 222BFF9C 		.ascii	"\"+\377\234\271\235\013T\037\264\254\214U\036\313\277"
 105      B99D0B54 
 105      1FB4AC8C 
 105      551ECBBF 
 106 00d7 D3D1625D 		.ascii	"\323\321b]\264T[\010<\202\202\\\361\033\254\302\036"
 106      B4545B08 
 106      3C82825C 
 106      F11BACC2 
 106      1E
 107 00e8 AC92EE24 		.ascii	"\254\222\356$\237\350\237\331[\251\251\330\213\325\316"
ARM GAS  C:\Users\8FEE~1\AppData\Local\Temp\ccaUf3KC.s 			page 8


 107      9FE89FD9 
 107      5BA9A9D8 
 107      8BD5CE
 108 00f7 A2F82D6A 		.ascii	"\242\370-jT\273\3023\024\277\337v\241\344\025\253\244"
 108      54BBC233 
 108      14BFDF76 
 108      A1E415AB 
 108      A4
 109 0108 75F9D0E0 		.ascii	"u\371\320\340-t\255\237\346k\217\3742eY\035;\251^\025"
 109      2D74AD9F 
 109      E66B8FFC 
 109      3265591D 
 109      3BA95E15 
 110 011c 8FBE6A8E 		.ascii	"\217\276j\216\307\260\372\370u,[3O\263\324[Uv\374\327"
 110      C7B0FAF8 
 110      752C5B33 
 110      4FB3D45B 
 110      5576FCD7 
 111 0130 6EC5AB00 		.ascii	"n\305\253\000\033\013\371V\301\026\036\217\024\002\344"
 111      1B0BF956 
 111      C1161E8F 
 111      1402E4
 112 013f 6871C6D3 		.ascii	"hq\306\323&\024\376\025\323\270m\342\334\256\207?\340"
 112      2614FE15 
 112      D3B86DE2 
 112      DCAE873F 
 112      E0
 113 0150 8B225B1D 		.ascii	"\213\"[\035H}\332G\262\310.\201\263\033`\023<\216\032"
 113      487DDA47 
 113      B2C82E81 
 113      B31B6013 
 113      3C8E1A
 114 0163 2DDC476F 		.ascii	"-\334Goj\241\225S;\333;m5\324\201\266\225\017\332B\343"
 114      6AA19553 
 114      3BDB3B6D 
 114      35D481B6 
 114      950FDA42 
 115 0178 8C2713DB 		.ascii	"\214'\023\333'\347\251\012\011\3731$!\214M\024\2075"
 115      27E7A90A 
 115      09FB3124 
 115      218C4D14 
 115      8735
 116 018a 9AC10154 		.ascii	"\232\301\001T\013\302C\221\"\252p\0173wd\005l\310\376"
 116      0BC24391 
 116      22AA700F 
 116      33776405 
 116      6CC8FE
 117 019d 1CE2C9B6 		.ascii	"\034\342\311\266|\313\"\211I\026\376;f\036g?\027<Q\020"
 117      7CCB2289 
 117      4916FE3B 
 117      661E673F 
 117      173C5110 
 118 01b1 8AAB09CA 		.ascii	"\212\253\011\312x/\347(\244h\331\277\343J\261\312\221"
 118      782FE728 
 118      A468D9BF 
 118      E34AB1CA 
 118      91
ARM GAS  C:\Users\8FEE~1\AppData\Local\Temp\ccaUf3KC.s 			page 9


 119 01c2 089A9ABD 		.ascii	"\010\232\232\275\205\210A\374\216\230\275\234%\034\337"
 119      858841FC 
 119      8E98BD9C 
 119      251CDF
 120 01d1 27C58093 		.ascii	"'\305\200\223\245\362\324s\011\245\217?\230*\370D'J"
 120      A5F2D473 
 120      09A58F3F 
 120      982AF844 
 120      274A
 121 01e3 060FA61E 		.ascii	"\006\017\246\036\215V\270\033\363\327\306.\253\334\032"
 121      8D56B81B 
 121      F3D7C62E 
 121      ABDC1A
 122 01f2 E44D197C 		.ascii	"\344M\031|\315\246\234`s\025\2461Ct\363\227\347\322"
 122      CDA69C60 
 122      7315A631 
 122      4374F397 
 122      E7D2
 123 0204 FDB2A4B1 		.ascii	"\375\262\244\261\304\005\254\314\002\014xR\302\035\342"
 123      C405ACCC 
 123      020C7852 
 123      C21DE2
 124 0213 E3817088 		.ascii	"\343\201p\2103\017\330\003\177\373CE\027\256\227\325"
 124      330FD803 
 124      7FFB4345 
 124      17AE97D5 
 125 0223 47274F5B 		.ascii	"G'O[>\011\367\224\013\367v\367\360\036?\303\035f\270"
 125      3E09F794 
 125      0BF776F7 
 125      F01E3FC3 
 125      1D66B8
 126 0236 7435F0B4 		.ascii	"t5\360\264<\303\007\3733?\006B'f\357\314\325\366\314"
 126      3CC307FB 
 126      333F0642 
 126      2766EFCC 
 126      D5F6CC
 127 0249 D701997C 		.ascii	"\327\001\231|\206\223\361\254\263\013\016\026.\213F"
 127      8693F1AC 
 127      B30B0E16 
 127      2E8B46
 128 0258 B2A6DFCE 		.ascii	"\262\246\337\316do\240\030v\272\037,\375\234\367\273"
 128      646FA018 
 128      76BA1F2C 
 128      FD9CF7BB 
 129 0268 DD8F0FBD 		.ascii	"\335\217\017\275Wh\271\274\313\372*\263\200\011\224"
 129      5768B9BC 
 129      CBFA2AB3 
 129      800994
 130 0277 5E43E09C 		.ascii	"^C\340\234<\327\235\333G~\3622~\225\272)S\314!\322w"
 130      3CD79DDB 
 130      477EF232 
 130      7E95BA29 
 130      53CC21D2 
 131 028c FD152237 		.ascii	"\375\025\"74\227\206\2009\241\321\241\332\036r?\317"
 131      34978680 
 131      39A1D1A1 
 131      DA1E723F 
ARM GAS  C:\Users\8FEE~1\AppData\Local\Temp\ccaUf3KC.s 			page 10


 131      CF
 132 029d 41756E70 		.ascii	"Aunp\272 x)\300\021\016{^\"9*I~\357\220\374\347\177"
 132      BA207829 
 132      C0110E7B 
 132      5E22392A 
 132      497EEF90 
 133 02b4 495E7049 		.ascii	"I^pI\316\330wK\025Lr\014UY3\340\270D\331S\032\275\027"
 133      CED8774B 
 133      154C720C 
 133      555933E0 
 133      B844D953 
 134 02cb 08E51427 		.ascii	"\010\345\024'\333\307\332\307\307\006nV\310\354\213"
 134      DBC7DAC7 
 134      C7066E56 
 134      C8EC8B
 135 02da 12E52517 		.ascii	"\022\345%\027\245\354\037\340\017>\306\275\357rc\222"
 135      A5EC1FE0 
 135      0F3EC6BD 
 135      EF726392 
 136 02ea 4A8E2E13 		.ascii	"J\216.\023\335:\322\327\326\324\204\235\217\336\020"
 136      DD3AD2D7 
 136      D6D4849D 
 136      8FDE10
 137 02f9 DF1037CC 		.ascii	"\337\0207\314\367\227\177\0206\314\260n$\022\306\346"
 137      F7977F10 
 137      36CCB06E 
 137      2412C6E6 
 138 0309 70D248A5 		.ascii	"p\322H\245\315\360\352\272\310\232H3)t#\025[\277ey\242"
 138      CDF0EABA 
 138      C89A4833 
 138      29742315 
 138      5BBF6579 
 139 031e 4607554F 		.ascii	"F\007UO7'\265T\314ljL\257\370o\223Xs:\274&\022\3758"
 139      3727B554 
 139      CC6C6A4C 
 139      AFF86F93 
 139      58733ABC 
 140 0336 1A8E6FD6 		.ascii	"\032\216o\326\033\233>\211\205\365\204\0317\327o\324"
 140      1B9B3E89 
 140      85F58419 
 140      37D76FD4 
 141 0346 F59A06A8 		.ascii	"\365\232\006\250\214\324E\203\325\313\226\006\223f\322"
 141      8CD44583 
 141      D5CB9606 
 141      9366D2
 142 0355 0F62650A 		.ascii	"\017be\012\346\247\215\344\332O\327\245\014=\232\256"
 142      E6A78DE4 
 142      DA4FD7A5 
 142      0C3D9AAE 
 143 0365 D7375546 		.ascii	"\3277UF\242u\034\\J*?()\020f\022<[\352\033\233boX}\003"
 143      A2751C5C 
 143      4A2A3F28 
 143      29106612 
 143      3C5BEA1B 
 144 037f 2C60CF0D 		.ascii	",`\317\015\365f,\231\212\263/x\023\261\204\221\372\014"
 144      F5662C99 
 144      8AB32F78 
ARM GAS  C:\Users\8FEE~1\AppData\Local\Temp\ccaUf3KC.s 			page 11


 144      13B18491 
 144      FA0C
 145 0391 9E01B349 		.ascii	"\236\001\263I\276\372"
 145      BEFA
 146              		.text
 147              		.section	.gnu.lto__port_irq_epilogue.95616a17,"",%progbits
 148 0000 789C9D53 		.ascii	"x\234\235S\315KTQ\024?\347\335\367f\246\361\003W\322"
 148      CD4B5451 
 148      143FE7DD 
 148      F766A6F1 
 148      0357D2
 149 0013 C2C5B810 		.ascii	"\302\305\270\020\022\304W\020)T\213p\025\341F\377\000"
 149      12C45710 
 149      29548B70 
 149      15E146FF 
 149      00
 150 0024 D169C801 		.ascii	"\321i\310\001\307\221\031\225Zyg\374\002\215\014\312"
 150      C7911995 
 150      5A7967FC 
 150      028D0CCA 
 151 0034 1CADE185 		.ascii	"\034\255\341\205.\374(?\313lt\324i,\020\254\244a\002"
 151      2EFC283F 
 151      CB6C74D4 
 151      692C10AC 
 151      A46102
 152 0047 C9959A85 		.ascii	"\311\225\232\205_P\321B\301\264s\337\250\310\010\006"
 152      5F50D142 
 152      C1B473DF 
 152      A8C80806 
 153 0057 5DDE9BFB 		.ascii	"]\336\233\373\356=\277s\177\367\374\316o\024\220`\231"
 153      EE3DBF73 
 153      7FF7FCCE 
 153      6F149060 
 153      99
 154 0068 014400E0 		.ascii	"\001D\000\340*\275h\000\224\356\177\004\360\230$\211"
 154      2ABD6800 
 154      94EE7F04 
 154      F0982489 
 155 0078 4553819B 		.ascii	"ES\201\233\345`\016\360D\206\212\330F96{L\012\242\370"
 155      E5600EF0 
 155      44868AD8 
 155      4639367B 
 155      4C0AA2F8 
 156 008c E026841A 		.ascii	"\340&\204\032\211\311\012\326`\013kc\030n\374\026\220"
 156      89C90AD6 
 156      600B6B63 
 156      186EFC16 
 156      90
 157 009d 32BB398D 		.ascii	"2\2739\215P\333oc\003\257?\253\021A;\275b`7f\002\301"
 157      50DB6F63 
 157      03AF3FAB 
 157      11413BBD 
 157      62603766 
 158 00b3 9687F75A 		.ascii	"\226\207\367Z\223\014rl\037{\320\2004\017F0\304\367"
 158      930C726C 
 158      1F7BD080 
 158      340F4630 
ARM GAS  C:\Users\8FEE~1\AppData\Local\Temp\ccaUf3KC.s 			page 12


 158      C4F7
 159 00c5 F61B7968 		.ascii	"\366\033yh\267\013\3757L\0144\206\262\370\001h\"\240"
 159      B70BFD37 
 159      4C0C3486 
 159      B2F80168 
 159      22A0
 160 00d7 206C6692 		.ascii	" lf\222\230\331*J\342\234OuCO\330=\2461\011eZ\376\374"
 160      98D92A4A 
 160      E29C4F75 
 160      434FD83D 
 160      A6310965 
 161 00ee D0B1922C 		.ascii	"\320\261\222,\226\014-\264\374\036l\214\"\273\214\002"
 161      960C2DB4 
 161      FC1E6C8C 
 161      22BB8C02 
 162 00fe 393AB5E0 		.ascii	"9:\265\3403gtq\356\345\241y\337\271\216\332\271\273"
 162      33677471 
 162      EEE5A179 
 162      DFB98EDA 
 162      B9BB
 163 0110 FCA93745 		.ascii	"\374\2517Ec2>CF\367\300>L\303^L\213\335\3639fPR\343"
 163      63323E43 
 163      46F7C03E 
 163      4CC35E4C 
 163      8BDDF339 
 164 0128 1A9F94C5 		.ascii	"\032\237\224\305y2Z\260\237b\353\350]\336h\031\212\340"
 164      79325AB0 
 164      9F62EBE8 
 164      5DDE6819 
 164      8AE0
 165 013a 510D757A 		.ascii	"Q\015uz\251\017\266\215z\031\355\014!.4\347\313\"\005"
 165      A90FB68D 
 165      7A19ED0C 
 165      212E34E7 
 165      CB2205
 166 014d 704004A5 		.ascii	"p@\004\245\370`\3441\023T\200\203\"\314\216K\203C\324"
 166      F860E431 
 166      13548083 
 166      22CC8E4B 
 166      8343D4
 167 0160 0DC061A1 		.ascii	"\015\300a\241\015\302\230`\354\324F\266\315\351\263"
 167      0DC29860 
 167      ECD446B6 
 167      CDE9B3
 168 016f A8719F45 		.ascii	"\250q\237Ec\212@\367\257Lp\223,\021p\004\323A\354\374"
 168      638A40F7 
 168      AF4C7093 
 168      2C117004 
 168      D341ECFC 
 169 0183 D88C2E4A 		.ascii	"\330\214.J\264\203/\250[\342\316\200/uqz\246fV\023\323"
 169      B4832FA8 
 169      5BE2CE80 
 169      2F75717A 
 169      A6665613 
 170 0198 E70EB20D 		.ascii	"\347\016\262\015\002\373k`\344s\202\236=*\262\361\025"
 170      02FB6B60 
 170      E473829E 
ARM GAS  C:\Users\8FEE~1\AppData\Local\Temp\ccaUf3KC.s 			page 13


 170      3D2AB2F1 
 170      15
 171 01a9 C9BD8A5E 		.ascii	"\311\275\212^\213^?\300\032\206\307w:\367\027P\224\346"
 171      8B5E3FC0 
 171      1A86C777 
 171      3AF71750 
 171      94E6
 172 01bb 67A2BF8F 		.ascii	"g\242\277\217\352\303\363F\241\210Q/\324\023\010>Tb"
 172      EAC3F346 
 172      A188512F 
 172      D413083E 
 172      5462
 173 01cd 4BFEA596 		.ascii	"K\376\245\226'\213\226\370\274K&\015\375\036\252\217"
 173      278B96F8 
 173      BC4B260D 
 173      FD1EAA8F 
 174 01dd 784CF89A 		.ascii	"xL\370\232t\035\023\367\240\340f\353l\237Y\355\347u"
 174      741D13F7 
 174      A0E066EB 
 174      6C9F59ED 
 174      E775
 175 01ef 1E113B83 		.ascii	"\036\021;\203\001\324\320\247{\003\307Q%\302\332\335"
 175      01D4D0A7 
 175      7B03C751 
 175      25C2DADD 
 176 01ff 865E2546 		.ascii	"\206^%F'\307\030\267\336\257v\352=@\344)8A\007}\305"
 176      27C718B7 
 176      DEAF76EA 
 176      3D40E429 
 176      3841077D 
 177 0214 BAC5998B 		.ascii	"\272\305\231\213\007 B\014n\006v\222b\010\300\340A\007"
 177      0720420C 
 177      6E067692 
 177      6208C0E0 
 177      4107
 178 0226 9B49CD68 		.ascii	"\233I\315h*\333@&\200\202;\020\330\\4\326\374\341&\215"
 178      2ADB4026 
 178      80823B10 
 178      D85C34D6 
 178      FCE1268D 
 179 023a 99DB994C 		.ascii	"\231\333\231L\224\223XC\356J\320\3212\004s\016]\025"
 179      94935843 
 179      EE4AD0D1 
 179      3204730E 
 179      5D15
 180 024c E715FF3F 		.ascii	"\347\025\377?\2742\245{\345H\031\231n1}\232W:\022\016"
 180      BC32A57B 
 180      E5481999 
 180      6E317D9A 
 180      573A120E 
 181 0260 BCA29CF4 		.ascii	"\274\242\234\364Jn\017\235\036\022AC|p\335\317\004\025"
 181      4A6E0F9D 
 181      1E124143 
 181      7C70DDCF 
 181      0415
 182 0272 E09B935E 		.ascii	"\340\233\223^\011\353^\2319\346\225=mi*\341\320\006"
 182      09EB5E99 
ARM GAS  C:\Users\8FEE~1\AppData\Local\Temp\ccaUf3KC.s 			page 14


 182      39E6953D 
 182      6D692AE1 
 182      D006
 183 0284 D3BA0DDE 		.ascii	"\323\272\015\336\3526\210\357\371\273\243\236\213\303"
 183      EA3688EF 
 183      F9BBA39E 
 183      8BC3
 184 0292 752D14FD 		.ascii	"u-\024\375/\266Eb\350\243\211LM\033\264\312\315\316"
 184      2FB64562 
 184      E8A3894C 
 184      4D1BB4CA 
 184      CDCE
 185 02a4 56638FB5 		.ascii	"Vc\217\265\324^bw\272/\344\\R\235n\325\352t8\234\345"
 185      D45E6277 
 185      BA2FE45C 
 185      529D6ED5 
 185      EA74389C 
 186 02b9 6A85D355 		.ascii	"j\205\323U\351V\257\025\344\347\345\337&\204\325\351"
 186      E956AF15 
 186      E4E7E5DF 
 186      2684D5E9 
 187 02c9 B21555E7 		.ascii	"\262\025U\3478\262\255\240T\027\227U\331\3763\275\024"
 187      38B2ADA0 
 187      54179755 
 187      D9FE33BD 
 187      14
 188 02da AE9C9E68 		.ascii	"\256\234\236h\273]\251\346\345\027^/T\355\345\326\262"
 188      BB5DA9E6 
 188      E5175E2F 
 188      54EDE5D6 
 188      B2
 189 02eb AA9B36D5 		.ascii	"\252\2336\325\352p\333\335E\267\254VJN\311/,\260\224"
 189      EA70DBDD 
 189      45B7AC56 
 189      4A4EC92F 
 189      2CB094
 190 02fe 14BB6D15 		.ascii	"\024\273m\025.{\226%\343<H.0:l\016\247\353\016\374\005"
 190      2E7B9625 
 190      E33C482E 
 190      303A6C0E 
 190      A7EB0EFC 
 191 0313 8FF17F82 		.ascii	"\217\361\177\202"
 192              		.text
 193              		.section	.gnu.lto_.symbol_nodes.95616a17,"",%progbits
 194 0000 789C6365 		.ascii	"x\234ce`b\250a\000\002\246\006\246z\006\206\011\347"
 194      6062A861 
 194      0002A606 
 194      A67A0686 
 194      09E7
 195 0012 1818EA19 		.ascii	"\030\030\352\031\030w\266\034lp```\374\305X\317\010"
 195      1877B61C 
 195      6C706060 
 195      60FCC558 
 195      CF08
 196 0024 16636068 		.ascii	"\026c`hX\000\022\370\315X\317\204,\300\364\235\261\236"
 196      580012F8 
 196      CD58CF84 
ARM GAS  C:\Users\8FEE~1\AppData\Local\Temp\ccaUf3KC.s 			page 15


 196      2CC0F49D 
 196      B19E
 197 0036 19AA8B61 		.ascii	"\031\252\213aW\203#P\344\007c=\013\212\010\343O\306"
 197      57832350 
 197      E407633D 
 197      0B8A08E3 
 197      4FC6
 198 0048 7A569826 		.ascii	"zV\230&\220\261\314\014\254\014K\332\337\3103\26300"
 198      90B1CC0C 
 198      AC0C4BDA 
 198      DFC833B3 
 198      3030
 199 005a 3C5AA9C6 		.ascii	"<Z\251\306\000\000'\302 V"
 199      000027C2 
 199      2056
 200              		.text
 201              		.section	.gnu.lto_.refs.95616a17,"",%progbits
 202 0000 789C6365 		.ascii	"x\234ce`b\340d`\000\222L\214\374LL\002\014\000\001\230"
 202      6062E064 
 202      6000924C 
 202      8CFC4C4C 
 202      020C0001 
 203 0015 0039     		.ascii	"\0009"
 204              		.text
 205              		.section	.gnu.lto_.decls.95616a17,"",%progbits
 206 0000 789CDD59 		.ascii	"x\234\335YyP\024Y\232\257\227\257\212\3730\320\235u"
 206      79501459 
 206      9AAF97AF 
 206      8AFB30D0 
 206      9D75
 207 0012 268C68B7 		.ascii	"&\214h\267\327\010\331\231\030\221\266\267\355\335\355"
 207      D708D999 
 207      1891B6B7 
 207      EDDDED
 208 0021 98104B5D 		.ascii	"\230\020K]\211hw\014Pg\376p\267\302\206\032eG\300\006"
 208      8968770C 
 208      5067FE70 
 208      B7C2861A 
 208      6547C006 
 209 0035 9CEE8ED8 		.ascii	"\234\356\216\330\355N\004\021\360BE9\004EQ\0019\345"
 209      ED4E0411 
 209      F0424539 
 209      04455101 
 209      39E5
 210 0047 100F1444 		.ascii	"\020\017\024D\005DAE<@n\021\024E\241\360@D\330\357\035"
 210      05444145 
 210      3C406E11 
 210      1445A1F0 
 210      4044D8EF 
 211 005c 49BD4A0A 		.ascii	"I\275J\012\243g\377\330?6\243\276\314\374^\376\336w"
 211      A367FFD8 
 211      3F36A3BE 
 211      CCFC5EFE 
 211      DE77
 212 006e BF972F5F 		.ascii	"\277\227/_\3514\222f\326\337k4\003Z\215&\022i4\343p"
 212      E9349266 
 212      D6DF6B34 
ARM GAS  C:\Users\8FEE~1\AppData\Local\Temp\ccaUf3KC.s 			page 16


 212      035A8D26 
 212      126934E3 
 213 0083 C0AD2657 		.ascii	"\300\255&Wc>l\200\362\200N\001\025\001\225\000\225\002"
 213      633E6C80 
 213      F2804E01 
 213      15019500 
 213      9502
 214 0095 956B261F 		.ascii	"\225k&\037\377\0162\\\341\272\006\310\015h\006P\015"
 214      FF0E325C 
 214      E1BA06C8 
 214      0D680650 
 214      0D
 215 00a6 D063A0B9 		.ascii	"\320c\240\271@e@/\200\272\200\352\200V\003\015\000\015"
 215      4065402F 
 215      80BA80EA 
 215      8056030D 
 215      000D
 216 00b8 025D0432 		.ascii	"\002]\0042\001I@\017\201:\004\335o\201F\271N\305\016"
 216      0149400F 
 216      813A04DD 
 216      6F8146B9 
 216      4EC50E
 217 00cb F5F167D0 		.ascii	"\365\361g\320m\257\322\375\230\353\237\313\365\022]"
 217      6DAFD2FD 
 217      98EB9FCB 
 217      F5125D
 218 00da 0899FD2A 		.ascii	"\010\231\375*\021dch\327\001\331\241\311\262\203\241"
 218      11646368 
 218      D701D9A1 
 218      C9B283A1 
 219 00ea CD89CB9E 		.ascii	"\315\211\313\236\253\362M\221y\026\250\224\370\017t"
 219      ABF24D91 
 219      7916A894 
 219      F80F74
 220 00f9 0EB11812 		.ascii	"\016\261\030\022QQp\262\3451+\203\373\213\\G\236\240"
 220      515170B2 
 220      E5312B83 
 220      FB8B5C47 
 220      9EA0
 221 010b 537D2460 		.ascii	"S}$`tz\347\225\013R\033jA\020\0174\215\2662\313\021"
 221      747AE795 
 221      0B521B6A 
 221      41100F34 
 221      8DB632CB 
 222 0120 5C085176 		.ascii	"\\\010Qv\\9\020\242\355\320*\3213\003\322&\244\364\340"
 222      5C3910A2 
 222      EDD02AD1 
 222      3303D226 
 222      A4F4E0
 223 0133 BCC45989 		.ascii	"\274\304Y\211\213\244?\336\031\011\022\331c\246I9\230"
 223      8BA43FDE 
 223      190912D9 
 223      63A64939 
 223      98
 224 0144 4F88C790 		.ascii	"O\210\307\220Jg\275\221dV\200\220\330A\020\310\314\346"
 224      4A67BD91 
 224      64568090 
ARM GAS  C:\Users\8FEE~1\AppData\Local\Temp\ccaUf3KC.s 			page 17


 224      D84110C8 
 224      CCE6
 225 0156 CF27ECD3 		.ascii	"\317'\354\323\230\235C\212\367\203I7z\034\332Q+iM[\204"
 225      989D438A 
 225      F7834937 
 225      7A1CDA51 
 225      2B694D5B 
 226 016b 68DBE8CE 		.ascii	"h\333\350\316\213\247\235\260\204\310}\373\273\314e"
 226      8BA79DB0 
 226      84C87DFB 
 226      BBCC65
 227 017a F3726476 		.ascii	"\363rdv\330}e\016\333\325\361\267\025\256\2730rs@\022"
 227      D87D650E 
 227      DBD5F1B7 
 227      15AEBB30 
 227      72734012 
 228 018e B00D0337 		.ascii	"\260\015\0037R\035\201\235\341\200\246\001;\034~\367"
 228      521D819D 
 228      E180A601 
 228      3B1C7EF7 
 229 019e 92C3CC03 		.ascii	"\222\303\314\003\264W\204<MBk~\201r\320,\224\215f\201"
 229      B457843C 
 229      4D426B7E 
 229      8172D02C 
 229      948D6681 
 230 01b2 F25C3413 		.ascii	"\362\\4\023\316\337h\231\244\255\037b\2679\177\232&"
 230      CEDF6899 
 230      A4AD1F62 
 230      B7397F9A 
 230      26
 231 01c3 5774C815 		.ascii	"Wt\310\025/\257\374\256\263\260B\336\012\335l\010\014"
 231      2FAFFCAE 
 231      B3B042DE 
 231      0ADD6C08 
 231      0C
 232 01d4 65218C4E 		.ascii	"e!\214N\242y\304d\270\205s&jG(\003\265\201Cy\350S\350"
 232      A279C464 
 232      B8857326 
 232      6A472803 
 232      B5814379 
 233 01eb DE5F5758 		.ascii	"\336_WX\350\212\377\203Z\373q\265\005\026j\2532\232"
 233      E88AFF83 
 233      5AFB71B5 
 233      05166AAB 
 233      329A
 234 01fd EED883DA 		.ascii	"\356\330\203\332\016Y\256\350=\364\371\207\202n9\332"
 234      0E59AEE8 
 234      3DF4F987 
 234      826E39DA 
 235 020d 818250BE 		.ascii	"\201\202P\276Yi>QJnNQe\235\035\307M\2168\027Qm\373\016"
 235      59693E51 
 235      4A6E4E51 
 235      659D1DC7 
 235      4D8E3817 
 236 0225 0D3DC65C 		.ascii	"\015=\306\\\202\351\277\223\344J\211\366.4\367.Tz\027"
 236      82E9BF93 
 236      E44A89F6 
ARM GAS  C:\Users\8FEE~1\AppData\Local\Temp\ccaUf3KC.s 			page 18


 236      2E34F72E 
 236      547A17
 237 0238 D1DE9957 		.ascii	"\321\336\231W_\035\307\370\022\353\375d \366\037\240"
 237      5F1DC7F8 
 237      12EBFD64 
 237      20F61FA0 
 238 0248 731AF5FA 		.ascii	"s\032\365\372\223\003\021r&\030=\233J(6K(V;]B%\265\017"
 238      93031172 
 238      26183D9B 
 238      4A28364B 
 238      28563B5D 
 239 0260 0C553BE2 		.ascii	"\014U;\342:&ioEz\245\035\027\325\360I\222\\\261E\226"
 239      3A26696F 
 239      457AA51D 
 239      17D5F049 
 239      925CB145 
 240 0275 C3992DA7 		.ascii	"\303\231-\247\315\222N\253%\225RIi\211o\236\332\340"
 240      CD924EAB 
 240      25955249 
 240      69896F9E 
 240      DAE0
 241 0287 0E26A9EE 		.ascii	"\016&\251\356\352\235D[<B\031\355\223r\223\004\261#"
 241      EA9D445B 
 241      3C4219ED 
 241      93729304 
 241      B123
 242 0299 3F7BF764 		.ascii	"?{\367d\331\016\225!{M\262\034-\313\323\350\3556Y\336"
 242      D90E9521 
 242      7B4DB21C 
 242      2DCBD3E8 
 242      ED3659DE 
 243 02ad 220F6C89 		.ascii	"\"\017l\211\233\006\262\026\314B\363gi\320\005\344N"
 243      9B06B216 
 243      CC42F367 
 243      69D005E4 
 243      4E
 244 02be 1F69D039 		.ascii	"\037i\3209\350v\036\242~B)\035\015y\200\316\362\200"
 244      E8761EA2 
 244      7E42291D 
 244      0D7980CE 
 244      F280
 245 02d0 B0145CC9 		.ascii	"\260\024\\\311\252\337\353$\246\213@\314\371\272h\221"
 245      AADFEB24 
 245      A68B40CC 
 245      F9BA6891 
 246 02e0 AFC4815B 		.ascii	"\257\304\201[\255\022\217vu\215\373(\317\027\200\320"
 246      AD128F76 
 246      758DFB28 
 246      CF1780D0 
 247 02f0 19B39767 		.ascii	"\031\263\227g\224\210\227S\357Zk\262\2621\224\345\\"
 247      94889753 
 247      EF5A6BB2 
 247      B23194E5 
 247      5C
 248 0301 07444686 		.ascii	"\007DF\206+4\345??\373\316\2315\021\261\015\273M\307"
 248      2B34E53F 
 248      3FFBCE99 
ARM GAS  C:\Users\8FEE~1\AppData\Local\Temp\ccaUf3KC.s 			page 19


 248      3511B10D 
 248      BB4DC7
 249 0314 6C710EAB 		.ascii	"lq\016\253\366\333\221\005)\230\025\265\226\014\216"
 249      F6DB9105 
 249      299815B5 
 249      960C8E
 250 0323 BAE4472E 		.ascii	"\272\344G.\254\250g'`)\251\366~\245\026\271;P\237*\306"
 250      ACA86727 
 250      6029A9F6 
 250      7EA516B9 
 250      3B509F2A 
 251 0338 EB7F9764 		.ascii	"\353\177\227d\"\031\253B\016\250\322l\301\\\0078G\223"
 251      2219AB42 
 251      0EA8D26C 
 251      C15C0738 
 251      4793
 252 034a D8C445C8 		.ascii	"\330\304E\310\366\3135\350\0128t\031\034BW!:\240\225"
 252      F6CB35E8 
 252      0A387419 
 252      1C425721 
 252      3AA095
 253 035d E0D02568 		.ascii	"\340\320%h\254\200F\320\222ul\317Q\033\\\214\211\005"
 253      AC8046D0 
 253      92756CCF 
 253      511B5C8C 
 253      8905
 254 036f 52D5C587 		.ascii	"R\325\305\207\017\264\310\301\335\252\200kV\0040c^\276"
 254      0FB4C8C1 
 254      DDAA806B 
 254      56043063 
 254      5EBE
 255 0381 FCB40A06 		.ascii	"\374\264\012\006\215\204j\300\230j\2631`\033\271@+("
 255      8D846AC0 
 255      986AB331 
 255      601BB940 
 255      2B28
 256 0393 7A11F9B8 		.ascii	"z\021\371\270\303\221y7\023\330\360\222\364\335N8_K"
 256      C3917937 
 256      13D8F092 
 256      F4DD4E38 
 256      5F4B
 257 03a5 3D3FDC32 		.ascii	"=?\3342\230k\213\213)#]\272{$\313\0319\271\307N\030"
 257      986B8B8B 
 257      29235DBA 
 257      7B24CB19 
 257      39B9C74E 
 258 03ba 4106D284 		.ascii	"A\006\322\204\031\365`\306j'\256\202\353\337\215\353"
 258      19F560C6 
 258      6A27AE82 
 258      EBDF8DEB 
 259 03ca 1E414168 		.ascii	"\036AAhQ\035rB7\314\006\254vb\331;\220p\362\201=61e"
 259      511D7242 
 259      37CC06AC 
 259      7662D93B 
 259      9070F281 
 260 03e2 CA64E1C6 		.ascii	"\312d\341\306&\213g)\315\315N\3705{VT=Xm\217G\031\223"
 260      268B6729 
ARM GAS  C:\Users\8FEE~1\AppData\Local\Temp\ccaUf3KC.s 			page 20


 260      CDCD4EF8 
 260      357B5654 
 260      3D586D8F 
 261 03f9 7CFE55AD 		.ascii	"|\376U\255\216\001\355\200m\272U\260\335\005\313:\372"
 261      8E01ED80 
 261      6DBA55B0 
 261      DD05CB3A 
 261      FA
 262 040a 2C2AFDF2 		.ascii	",*\375\362;g\034\301\230\314\276\366Q\214\243\030\363"
 262      3B671CC1 
 262      98CCBEF6 
 262      518CA318 
 262      F3
 263 041b FEEC55D9 		.ascii	"\376\354U\331\016\3070&\243\272\251\332\025\357`\214"
 263      0EC73026 
 263      A3BAA9DA 
 263      15EF608C 
 264 042b 9250379A 		.ascii	"\222P7\232P\224\367\244<\305\201\345W\206I\314\241\345"
 264      5094F7A4 
 264      3CC581E5 
 264      578649CC 
 264      A1E5
 265 043d 66EF982B 		.ascii	"f\357\230+\232C\017\367\351s\346\034%\376\303\344\340"
 265      9A430FF7 
 265      E973E61C 
 265      25FEC3E4 
 265      E0
 266 044e FEA0A15B 		.ascii	"\376\240\241[\226\367:Q\347\256\203s]h\2729\034\265"
 266      96F73A51 
 266      E7AE8373 
 266      5D68BA39 
 266      1CB5
 267 0460 B458AF90 		.ascii	"\264X\257\220\263\206\365\250\374#\014\302HL\341\267"
 267      B386F5A8 
 267      FC230CC2 
 267      484CE1B7 
 268 0470 D5F05B93 		.ascii	"\325\360[\223\340}\2777\303\357\252\341w(\334\323\214"
 268      E07DBF37 
 268      C3EFAAE1 
 268      7728DCD3 
 268      8C
 269 0481 6E16D0F7 		.ascii	"n\026\320\367\325h\017\025\330$\200\033\255\213\026"
 269      D5680F15 
 269      D824801B 
 269      AD8B16
 270 0490 2DA9150C 		.ascii	"-\251\025\014\277i\335O*\234%\375\336\315i\341\262\214"
 270      BF69DD4F 
 270      2A9C25FD 
 270      DECD69E1 
 270      B28C
 271 04a2 084AC3F3 		.ascii	"\010J\303\363M\216=\344a\234,/\322jP3tn\"\235\037pi"
 271      4D8E3DE4 
 271      619C2C2F 
 271      D26A5033 
 271      746E229D 
 272 04b9 00439D50 		.ascii	"\000C\235P?mh\016\352\006j\005j\007z\004\324\002\324"
 272      3F6D680E 
ARM GAS  C:\Users\8FEE~1\AppData\Local\Temp\ccaUf3KC.s 			page 21


 272      EA066A05 
 272      6A077A04 
 272      D402D4
 273 04cc 01F410CD 		.ascii	"\001\364\020\315\241\202\230Mc7\335\366F\3105\363\251"
 273      A182984D 
 273      6337DDF6 
 273      46C835F3 
 273      A9
 274 04dd 510DD6A3 		.ascii	"Q\015\326\243)x\334%x|\317jx\230\303\244\356\022\332"
 274      2978DC25 
 274      787CCF6A 
 274      7898C3A4 
 274      EE12DA
 275 04f0 EF6327A1 		.ascii	"\357c'\241\310E\254\006=FNt&\201+\200K\007S\243\260"
 275      C845AC06 
 275      3D464E74 
 275      26812B80 
 275      4B0753A3 
 276 0505 4334F58D 		.ascii	"C4\365\215\202\241\206\314\330\0362\316@<\235\271\000"
 276      82A186CC 
 276      D81E32CE 
 276      403C9DB9 
 276      00
 277 0516 5D692AC8 		.ascii	"]i*\310pb\205\206\205\2217\203\215\274\273\303\027F"
 277      70628586 
 277      85913783 
 277      8DBCBBC3 
 277      1746
 278 0528 9C7022AD 		.ascii	"\234p\"\255ImG\272\351\231\015r\207Y\326\001H\230/\237"
 278      496D47BA 
 278      E9990D72 
 278      8759D601 
 278      48982F9F 
 279 053c C3507E6A 		.ascii	"\303P~j\236/\351\314;\360\023if\323\313\300Q\031\317"
 279      9E2FE9CC 
 279      3BF01369 
 279      66D3CBC0 
 279      5119CF
 280 054f 9C987AFB 		.ascii	"\234\230z\373 \250\317\251\025\375`\32530\203L\331\244"
 280      20A8CFA9 
 280      15FD60D5 
 280      3330834C 
 280      D9A4
 281 0561 0514C60D 		.ascii	"\005\024\306\015\347F\331\270\305\361\304\314FT\366"
 281      E746D9B8 
 281      C5F1C4CC 
 281      4654F6
 282 0570 13C0F552 		.ascii	"\023\300\365R\353_ 7\305\007\312@\217\330\323w\332\264"
 282      EB5F2037 
 282      C507CA40 
 282      8FD8D377 
 282      DAB4
 283 0582 53BAFB52 		.ascii	"S\272\373Rqw>\365vG\377\355D'\265x\363<>@\305\277d\342"
 283      71773EF5 
 283      7647FFED 
 283      4427B578 
 283      F33C3E40 
ARM GAS  C:\Users\8FEE~1\AppData\Local\Temp\ccaUf3KC.s 			page 22


 284 059a 07A8F88E 		.ascii	"\007\250\370\216\341\335\343\256b\350\3114n\226?\310"
 284      E1DDE3AE 
 284      62E8C934 
 284      6E963FC8 
 285 05aa 433F4843 		.ascii	"C?HC\337>|\277\315I\004\027X\200M\034l\242\340{-\015"
 285      DF3E7CBF 
 285      CD490417 
 285      58804D1C 
 285      6CA2E07B 
 286 05c0 89F63895 		.ascii	"\211\3668\225\215\367\223\271\207\012\\p\006c\266W^"
 286      8DF793B9 
 286      870A5C70 
 286      0663B657 
 286      5E
 287 05d1 4EB1D1C2 		.ascii	"N\261\321\302\252\355\025\015*\264\234\311\350\315s"
 287      AAED150D 
 287      2AB49CC9 
 287      E8CD73
 288 05e0 16DF3F35 		.ascii	"\026\337?5\026v\277\261x\377\274\335\227}\327UY\246"
 288      1676BFB1 
 288      78FFBCDD 
 288      977DD755 
 288      59A6
 289 05f2 E4E19CE3 		.ascii	"\344\341\234\343\355;\344\264pyQ\215D\200hH\231\363"
 289      ED3BE4B4 
 289      7079518D 
 289      44806848 
 289      99F3
 290 0604 D06BA425 		.ascii	"\320k\244%\234\345\313\366-}\035=?q\177\0326MeN\345"
 290      9CE5CBF6 
 290      2D7D1D3D 
 290      3F717F1A 
 290      364D654E 
 291 0619 BBF6695A 		.ascii	"\273\366iZ\211M\327D-yC\026d\177p\231rA\363\236\032"
 291      894DD744 
 291      2D794316 
 291      647F7099 
 291      7241F39E 
 292 062e 3882B885 		.ascii	"8\202\270\2057\373o\347\331s\013\357\345\270%\320%E"
 292      37FB6FE7 
 292      D9730BEF 
 292      E5B825D0 
 292      2545
 293 0640 DC314470 		.ascii	"\3341Dphx\302\276w`\337\260\332\276Qj_\367\373\334s"
 293      6878C2BE 
 293      7760DFB0 
 293      DABE516A 
 293      5FF7FBDC 
 294 0655 7C7EB421 		.ascii	"|~\264!.\347\247\325;OY\004cJ\021|`5\377*v\353[\376"
 294      2EE7A7D5 
 294      3B4F5904 
 294      634A117C 
 294      6035FF2A 
 295 066d F2B42553 		.ascii	"\362\264%SrO\312.'V\363_\002\373\360VN\225\263\272F"
 295      724FCA2E 
 295      2756F35F 
 295      02FBF056 
ARM GAS  C:\Users\8FEE~1\AppData\Local\Temp\ccaUf3KC.s 			page 23


 295      4E95B3BA 
 296 0682 6469161A 		.ascii	"di\026\032\247\302\302%7E$e\240\307\265\356\334J\027"
 296      A7C2C225 
 296      37452465 
 296      A0C7B5EE 
 296      DC4A17
 297 0695 3CCAA295 		.ascii	"<\312\242\225\324\374,Q\361\255\367\320\374\314\210"
 297      D4FC2C51 
 297      F1ADF7D0 
 297      FCCC88
 298 06a4 EB2CFAAC 		.ascii	"\353,\372\254\030\266H\023/\034\270\265\364,B\"\236"
 298      18B64813 
 298      2F1CB8B5 
 298      F42C4222 
 298      9E
 299 06b5 751CEEDD 		.ascii	"u\034\356\335\347\214\367\330Pa\327/\246\337\325qa\015"
 299      E78CF7D8 
 299      5061D72F 
 299      A6DFD571 
 299      610D
 300 06c7 A998AD98 		.ascii	"\251\230\255\230\216\260\025S\244YT\244Z\324V*\352~"
 300      8EB01553 
 300      A45954A4 
 300      5AD4562A 
 300      EA7E
 301 06d9 4FA53F4E 		.ascii	"O\245?N\265\231\"\211=\007\017\0248\232\313dWV\333D"
 301      B5992289 
 301      3D070F14 
 301      389ACB64 
 301      5756DB44 
 302 06ed 99903444 		.ascii	"\231\2204D)\342\3216IK8K\015\321TC\325\256\326x\376"
 302      29E2D136 
 302      494B384B 
 302      0DD15443 
 302      D5AED678 
 303 0702 DACBD401 		.ascii	"\332\313\324\001_\377\350r,\177_\246\021\2765\346\205"
 303      5FFFE872 
 303      2C7F5FA6 
 303      11BE35E6 
 303      85
 304 0713 17CE6616 		.ascii	"\027\316f\026||\240\356\220x\216<h\212\272o\026\024"
 304      7C7CA0EE 
 304      90788E3C 
 304      688ABA6F 
 304      1614
 305 0725 B9F22444 		.ascii	"\271\362$D\310\263\265\264\322\314\350\2354\011\264"
 305      C8B3B5B4 
 305      D2CCE89D 
 305      3409B4
 306 0734 0F4177A5 		.ascii	"\017Aw\245t\335s\306%LOt\316\256\313t\376\213\370Y\313"
 306      74DD73C6 
 306      254C4F74 
 306      CEAECB74 
 306      FE8BF859 
 307 0749 12E81199 		.ascii	"\022\350\021\231\333\332\306\347\300Db\365\326\214\216"
 307      DBDAC6E7 
 307      C04462F5 
ARM GAS  C:\Users\8FEE~1\AppData\Local\Temp\ccaUf3KC.s 			page 24


 307      D68C8E
 308 0758 2A84CB98 		.ascii	"*\204\313\230\270\267Qm-\260\024fL\326`Q\004\367/\216"
 308      B8B7516D 
 308      2DB01466 
 308      4CD66051 
 308      04F72F8E 
 309 076c 2007F6EC 		.ascii	" \007\366\354\217u\3055\354aJ\352\373_\341\233\354\376"
 309      8F75C535 
 309      EC614AEA 
 309      FB5FE19B 
 309      ECFE
 310 077e 646B7689 		.ascii	"dkv\211=\003\016\223\005ZAYd?_\240U \362\345\222\331"
 310      3D030E93 
 310      055A4159 
 310      643F5FA0 
 310      5520F2E5 
 311 0794 F30B7C8F 		.ascii	"\363\013|\217a\257\035;7\312\325\023\231\375{\243\373"
 311      61AF1D3B 
 311      37CAD513 
 311      99FD7BA3 
 311      FB
 312 07a5 A6AEE564 		.ascii	"\246\256\345d%NI\022\265\375\332\336\307\031.\346je"
 312      254E4912 
 312      B5FDDADE 
 312      C7192EE6 
 312      6A65
 313 07b7 814A806A 		.ascii	"\201J\200je/\301\2034P\311J\240\036\245_5\3310U\003"
 313      652FC183 
 313      3450C94A 
 313      A01EA55F 
 313      35D93055 
 314 07cc C4ACA8DB 		.ascii	"\304\254\250\333"
 315 07d0 FB3EC11D 		.ascii	"\373>\301\035\314\214C\215\251\321:\334\313\230\321"
 315      CC8C438D 
 315      A9D13ADC 
 315      CB98D1
 316 07df A4B80AC4 		.ascii	"\244\270\012\304\200O\0100\2712i\003\036`\317z\206\272"
 316      804F0830 
 316      B9326903 
 316      1E60CF7A 
 316      86BA
 317 07f1 1F21FC86 		.ascii	"\037!\374\2061\367\372\332\332\371X\352 \300'w\216\367"
 317      31F7FADA 
 317      DAF958EA 
 317      20C02777 
 317      8EF7
 318 0803 EAF01847 		.ascii	"\352\360\030G\356?\177\301\016G\331R\346n\374\215\004"
 318      EE3F7FC1 
 318      0E47D952 
 318      E66EFC8D 
 318      04
 319 0814 2D433E20 		.ascii	"-C> \310\261\354\343c\366x\007{\330\227t'\315\005\307"
 319      C8B1ECE3 
 319      63F67807 
 319      7BD89774 
 319      27CD05C7 
 320 0828 3326FDCD 		.ascii	"3&\375\315\251b>\270o\021\344x\345\333\007\3168\205"
ARM GAS  C:\Users\8FEE~1\AppData\Local\Temp\ccaUf3KC.s 			page 25


 320      A9623EB8 
 320      6F11E478 
 320      E5DB07CE 
 320      3885
 321 083a 3DEC6DCC 		.ascii	"=\354m\314\216\260\301'\030Sr\242\350$G\326\020d\352"
 321      8EB0C127 
 321      185372A2 
 321      E82447D6 
 321      1064EA
 322 084d E868A416 		.ascii	"\350h\244\026\347\261\207\375I\003\215\256\370\014c"
 322      E7B187FD 
 322      49038DAE 
 322      F80C63
 323 085c D2C6F61C 		.ascii	"\322\306\366\034uT\252\"\372\347TEUgz2Oa\005\221\375"
 323      7554AA22 
 323      FAE75445 
 323      55677A32 
 323      4F610591 
 324 0871 A6AC0214 		.ascii	"\246\254\002\024_d\342\222\242*\267\331\340+\214I\350"
 324      5F64E292 
 324      A22AB7D9 
 324      E02B8C49 
 324      E8
 325 0882 7FF72B06 		.ascii	"\177\367+\006\224\011pwD\333\217\214\375\212\274r\022"
 325      94097077 
 325      44DB8F8C 
 325      FD8ABC72 
 325      12
 326 0893 33E26C58 		.ascii	"3\342lX\346;\310\033\366\362P\312\240\023\256e=?\264"
 326      E63BC81B 
 326      F6F250CA 
 326      A013AE65 
 326      3D3FB4
 327 08a6 848F490C 		.ascii	"\204\217I\014\353B\326\203[\332vM\235\372R%\365\247"
 327      EB42D683 
 327      5BDA764D 
 327      9DFA5225 
 327      F5A7
 328 08b8 59EA6F1E 		.ascii	"Y\352o\036\217\213\320\252S_\014\251/\222\010\374\014"
 328      8F8BD0AA 
 328      535F0CA9 
 328      2F9208FC 
 328      0C
 329 08c9 4D7DA992 		.ascii	"M}\251\222\372\242K\261\021\256\270\221\351\315\251"
 329      FAA24BB1 
 329      11AEB891 
 329      E9CDA9
 330 08d8 AB6EE159 		.ascii	"\253n\341Y\213&\345\230[\326\037\303}}E>\222c\253\273"
 330      8B26E598 
 330      5BD61FC3 
 330      7D7D453E 
 330      9263ABBB 
 331 08ec F35D99D1 		.ascii	"\363]\231\321i\177KV\340O\012\266a\334\304:gG5\245\332"
 331      697F4B56 
 331      E04F0AB6 
 331      61DCC43A 
 331      674735A5 
ARM GAS  C:\Users\8FEE~1\AppData\Local\Temp\ccaUf3KC.s 			page 26


 332 0901 31700BE1 		.ascii	"1p\013\341\237\236)\277g7\245\325\345\212\325\027\231"
 332      9F9E29BF 
 332      6737A5D5 
 332      E58AD517 
 332      99
 333 0912 D5C98D57 		.ascii	"\325\311\215W\266\332\252\255.\003\253\317S\253+\250"
 333      B6DAAAAD 
 333      2E03ABCF 
 333      53AB2BA8 
 334 0922 D5E58AD5 		.ascii	"\325\345\212\325}\257\037\217\333\341GL\361\351\236"
 334      7DAF1F8F 
 334      DBE1474C 
 334      F1E99E
 335 0931 6B550E3C 		.ascii	"kU\016<\320\304\352\224\342}\377\211\237r\217\006\367"
 335      D0C4EA94 
 335      E27DFF89 
 335      9F728F06 
 335      F7
 336 0942 1C477880 		.ascii	"\034Gx\2001\321\235\333\356p\3400\335\033\330\276\247"
 336      31D19DDB 
 336      EE70E030 
 336      DD1BD8BE 
 336      A7
 337 0953 CE05BF65 		.ascii	"\316\005\277e\017\253\016\034\334o\217\3373f\374iS:"
 337      0FAB0E1C 
 337      DC6F8FDF 
 337      3366FC69 
 337      533A
 338 0965 777C80F0 		.ascii	"w|\200\360\235\255\275\261.8\334\216>\334r\276i\017"
 338      9DADBDB1 
 338      2E38DC8E 
 338      3EDC72BE 
 338      690F
 339 0977 DF39E8A0 		.ascii	"\3379\350\240\213\362\321\324R\016\236A\222\327\036"
 339      8BF2D1D4 
 339      520E9E41 
 339      92D71E
 340 0986 1767CB83 		.ascii	"\027g\313\203D\314\351\214=\230\200\360v\326wt\373\205"
 340      44CCE98C 
 340      3D9880F0 
 340      76D67774 
 340      FB85
 341 0998 249B2983 		.ascii	"$\233)\203R\257\004\3452\253\265w\221\245\035H\035\224"
 341      52AF04E5 
 341      32ABB577 
 341      91A51D48 
 341      1D94
 342 09aa 1B1094EB 		.ascii	"\033\020\224\3534(7iP\352\225\240\304\334m)\264@\347"
 342      34283769 
 342      50EA95A0 
 342      C4DC6D29 
 342      B440E7
 343 09bd 491F41DF 		.ascii	"I\037A\337\3519\022\311\247\227[b\024g\360(\016\355"
 343      E93912C9 
 343      A7975B62 
 343      1467F028 
 343      0EED
ARM GAS  C:\Users\8FEE~1\AppData\Local\Temp\ccaUf3KC.s 			page 27


 344 09cf 8E6B4378 		.ascii	"\216kCx\0373;:\311t\313uJ\263\033\025\263{\231\331M"
 344      1F333B3A 
 344      C974CB75 
 344      4AB31B15 
 344      B37B99D9 
 345 09e4 C3579B75 		.ascii	"\303W\233uj\263\033\300\020\266\330\275K\015iT\014i"
 345      6AB31BC0 
 345      10B6D8BD 
 345      4B0D6954 
 345      0C69
 346 09f6 2B4AEAB1 		.ascii	"+J\352\261U\233=%z\373\325\222*^\2425\364[\251\270\360"
 346      559B3D25 
 346      7AFBD592 
 346      2A5EA235 
 346      F45BA9B8 
 347 0a0b A40E2733 		.ascii	"\244\016'33\323\017f\236\262\303G\030S\372\"\273\324"
 347      33D30F66 
 347      9EB2C347 
 347      1853FA22 
 347      BBD4
 348 0a1d 990F5491 		.ascii	"\231\017T\221\237\301\371\312\335\351\213p&\303\356"
 348      9FC1F9CA 
 348      DDE98B70 
 348      26C3EE
 349 0a2c BFB0BF64 		.ascii	"\277\260\277d\322t\371\020l`\237\030\255\222y\001H>"
 349      D274F910 
 349      6C609F18 
 349      AD927901 
 349      483E
 350 0a3e BB5E0F9D 		.ascii	"\273^\017\235sP[<%ZYG\270\261uD\342\273#}\3168\237\351"
 350      73505B3C 
 350      255A5947 
 350      B8B17544 
 350      E2BB237D 
 351 0a56 ED7F319A 		.ascii	"\355\1771\232\357\202\213\031s\276\264\254\212\2775"
 351      EF828B19 
 351      73BEB4AC 
 351      8ABF35
 352 0a65 E793F194 		.ascii	"\347\223\361\224s\251\336\021\237\345u\023w\270\310"
 352      73A9DE11 
 352      9FE57513 
 352      77B8C8
 353 0a74 1E9733E6 		.ascii	"\036\2273\346\340P\353S^p\356\304\221\364C{\355\361"
 353      E050EB53 
 353      5E70EEC4 
 353      91F4437B 
 353      EDF1
 354 0a86 15F66C3C 		.ascii	"\025\366l<.:\311\026_cL|}|\272#\256g\314\373'\361M|"
 354      2E3AC916 
 354      5F634C7C 
 354      7D7CBA23 
 354      AE67CCFB 
 355 0a9e EE7612AA 		.ascii	"\356v\022\252x\006\257\342\212\214\370\277\303\215\014"
 355      7806AFE2 
 355      8A8CF8BF 
 355      C38D0C
 356 0aad 7ABF29F2 		.ascii	"z\277)\362,\207:\222\325\367\365\366?N\231\374~%\371"
ARM GAS  C:\Users\8FEE~1\AppData\Local\Temp\ccaUf3KC.s 			page 28


 356      2C873A92 
 356      D5F7F5F6 
 356      3F4E99FC 
 356      7E25F9
 357 0ac0 CFD940CE 		.ascii	"\317\331@\316\337\332\235E\246\201Y\016\2602J0oW\314"
 357      DFDA9D45 
 357      A681590E 
 357      B0324A30 
 357      6F57CC
 358 0ad3 62DB15C5 		.ascii	"b\333\025\305\025C\271Z\334D\365H\247\213\273\223\035"
 358      1543B95A 
 358      DC44F548 
 358      A78BBB93 
 358      1D
 359 0ae4 840D8979 		.ascii	"\204\015\211y[\267\221=\000\023\204s\300\274\214\231"
 359      5BB7913D 
 359      00138473 
 359      C0BC8C99 
 360 0af4 35B12161 		.ascii	"5\261!a\371\3050(\271\023\251t\202~\011\321\177\301"
 360      F9C53028 
 360      B913A974 
 360      827E09D1 
 360      7FC1
 361 0b06 0CC83A9C 		.ascii	"\014\310:\234y\305\031?b\032\222\366_*v\231\320\360"
 361      79C5193F 
 361      621A92F6 
 361      5F2A7699 
 361      D0F0
 362 0b18 F2E5A745 		.ascii	"\362\345\247Et\227\3415h\0302k0IS\250xe]Em\315\215\235"
 362      7497E135 
 362      6818326B 
 362      304953A8 
 362      78655D45 
 363 0b30 5A712D48 		.ascii	"Zq-H\344\365\301\363\247t\244\275\241\005\320\257\224"
 363      E4F5C1F3 
 363      A774A4BD 
 363      A105D0AF 
 363      94
 364 0b41 6C5A4ED2 		.ascii	"lZN\322s[\366\216\371Y\322\323\223\"Ft\242\364\267\037"
 364      735BF68E 
 364      F959D2D3 
 364      93224674 
 364      A2F4B71F 
 365 0b55 937EA1A1 		.ascii	"\223~\241\241e\021~\306\362\366\272\276\245\023\341"
 365      65117EC6 
 365      F2F6BABE 
 365      A513E1
 366 0b64 978C89BC 		.ascii	"\227\214\211\274~-\303\026\0171\346yV]\215\015~\307"
 366      7E2DC316 
 366      0F31E679 
 366      565D8D0D 
 366      7EC7
 367 0b76 98EE9E91 		.ascii	"\230\356\236\2213\030\2171\346\304\363\243;\355q\204"
 367      33188F31 
 367      E6C4F3A3 
 367      3BED7184 
 368 0b86 3D65AA73 		.ascii	"=e\252s\257%\360\251-\207,:F[\312_\3625p\307\257\311"
ARM GAS  C:\Users\8FEE~1\AppData\Local\Temp\ccaUf3KC.s 			page 29


 368      AF25F0A9 
 368      2D872C3A 
 368      465BCA5F 
 368      F23570C7 
 369 0b9c C2E04679 		.ascii	"\302\340Fy\235\023\216\241\340\317O$\344\300[t\316\317"
 369      9D138EA1 
 369      E0CF4F24 
 369      E4C05B74 
 369      CECF
 370 0bae 38A6F32D 		.ascii	"8\246\363-\011\205?*GF@\276\263t\345\2472\257\205\313"
 370      09853F2A 
 370      474640BE 
 370      B374E5A7 
 370      32AF85CB 
 371 0bc2 C766A2DD 		.ascii	"\307f\242\335\340b*$\344\004\026\276vS$\361\373>\036"
 371      E0622A24 
 371      E40416BE 
 371      765324F1 
 371      FB3E1E
 372 0bd5 BA98A231 		.ascii	"\272\230\2421\373:&#\356\201\032\177\337\002O\022>\022"
 372      FB3A2623 
 372      EE811A7F 
 372      DF024F12 
 372      3E12
 373 0be7 CBF1B032 		.ascii	"\313\361\2602DYj|\346$\371\315\261\202\374\0025>\337"
 373      44596A7C 
 373      E624F9CD 
 373      B182FC02 
 373      353EDF
 374 0bfa 024F5C18 		.ascii	"\002O\\\030\371\221\301\211\371\037\324p\0175\272/\006"
 374      F991C189 
 374      F91FD470 
 374      0F35BA2F 
 374      06
 375 0c0b 9BE197D5 		.ascii	"\233\341\227\325\360\312I\322\373~2\303\237\250\341"
 375      F0CA49D2 
 375      FB7E32C3 
 375      9FA8E1
 376 0c1a 4D480D6F 		.ascii	"MH\015o\336.\210OW\343\217N\022_\031-\340\273\325\370"
 376      DE2E884F 
 376      57E38F4E 
 376      125F192D 
 376      E0BBD5F8 
 377 0c2e 2E49D898 		.ascii	".I\330\230\240\326\210\342\323\324\360\303\223\304\327"
 377      A0D688E2 
 377      D3D4F0C3 
 377      93C4D7
 378 0c3d 8AF8136A 		.ascii	"\212\370\023j\374\361\311\346\210\370\014\353x\321\234"
 378      FCF1C9E6 
 378      88F80CEB 
 378      78D19C
 379 0c4c 1D027C97 		.ascii	"\035\002|\227\032\036\253\206\217\210\360p\254\202\307"
 379      1A1EAB86 
 379      8F88F070 
 379      AC82C7
 380 0c5b A8E12621 		.ascii	"\250\341&!\364\275j\341\217\325\350J\001=\252F[l\200"
 380      F4BD6AE1 
ARM GAS  C:\Users\8FEE~1\AppData\Local\Temp\ccaUf3KC.s 			page 30


 380      8FD5E84A 
 380      013DAA46 
 380      5B6C80
 381 0c6e D122FED1 		.ascii	"\321\"\376\321\\ccV\213\306\323\\\301\265\2618\234\242"
 381      5C636356 
 381      8BC6D35C 
 381      C1B5B138 
 381      9CA2
 382 0c80 61DD864A 		.ascii	"a\335\206J8ZY\315\241\302IQl\020\223\332\251\226\336"
 382      385A59CD 
 382      A1C24951 
 382      6C1093DA 
 382      A996DE
 383 0c93 2EA96CE9 		.ascii	".\251l\351\023\007T\223\365\001%X\323'\216\247\0345"
 383      13075493 
 383      F5012558 
 383      D3278EA7 
 383      1C35
 384 0ca5 3C7BD2F8 		.ascii	"<{\322\370\253\215\021\360\327\324\370\232I\326w\211"
 384      AB8D11F0 
 384      D7D4F89A 
 384      49D67789 
 385 0cb5 59DAA3C6 		.ascii	"Y\332\243\306\307M\366V\010\374\210\032n\261\265F\223"
 385      C74DF656 
 385      08FC881A 
 385      6EB1B546 
 385      93
 386 0cc6 2A8EBF4B 		.ascii	"*\216\277Kj\3709\265\263\225;x\350\341k\011%r\270\362"
 386      6AF839B5 
 386      B3953B78 
 386      E8E16B09 
 386      2572B8F2 
 387 0cda 0D850E58 		.ascii	"\015\205\016X\024\001\000\273~\202S8F\303\200~\306\321"
 387      140100BB 
 387      7E825338 
 387      46C3807E 
 387      C6D1
 388 0cec CAAC2DEE 		.ascii	"\312\254-\356=rO\305j?b}4\211\345+8\332c\275\036-\342"
 388      3D724FC5 
 388      6A3F627D 
 388      3489E52B 
 388      38DA63BD 
 389 0d03 22C6315E 		.ascii	"\"\3061^\215\3377y\254\012\342\337[/`\013\270Xd\217"
 389      8DDF3779 
 389      AC0AE2DF 
 389      5B2F600B 
 389      B858648F 
 390 0d17 ACCF1CE2 		.ascii	"\254\317\034\342\264\332%N\253\271\326\313F(\312\206"
 390      B4DA254E 
 390      ABB9D6CB 
 390      4628CA86 
 391 0d27 18015EAD 		.ascii	"\030\001^\255\206_\235\004\027\245\237\262>i\013\241"
 391      865F9D04 
 391      17A59FB2 
 391      3E690BA1 
 392 0d37 6C167C7D 		.ascii	"l\026|}g\275f\230\355\342>\260\214g\241q*\211\300\311"
 392      67BD6698 
ARM GAS  C:\Users\8FEE~1\AppData\Local\Temp\ccaUf3KC.s 			page 31


 392      EDE23EB0 
 392      8C67A171 
 392      2A89C0C9 
 393 0d4b 26702E76 		.ascii	"&p.vG{\361\034\024\005\264\007(\015(\011\3508P\012P"
 393      477BF11C 
 393      1405B407 
 393      280D2809 
 393      E838500A 
 394 0d60 34501CD0 		.ascii	"4P\034\320!\240X\240#@\361@\005@\205@\373\201\"\200"
 394      21A058A0 
 394      2340F140 
 394      05408540 
 394      FB812280 
 395 0d74 32808A81 		.ascii	"2\200\212\201\022\200\322\201\362\201N\002m\003J\006"
 395      1280D281 
 395      F2814E02 
 395      6D034A06 
 396 0d84 3A05940D 		.ascii	":\005\224\015\264\017\350\030\320V\240\243@\007\200"
 396      B40FE818 
 396      D056A0A3 
 396      400780
 397 0d93 B2802281 		.ascii	"\262\200\"\201v\002\355\000*\001\212\001J\005\332\016"
 397      7602ED00 
 397      2A018A01 
 397      4A05DA0E 
 398 0da3 5404B405 		.ascii	"T\004\264\005\350 P\016\320a\240<\240D\240]@\231@\273"
 398      E820500E 
 398      D061A03C 
 398      A044A05D 
 398      409940BB 
 399 0db7 B1B2591D 		.ascii	"\261\262Y\035\017\365;\022\315k\376\036T\361\035\036"
 399      0FF53B12 
 399      CD6BFE1E 
 399      54F11D1E 
 400 0dc7 1D65318E 		.ascii	"\035e1\216n\253\207\210i\2070\276\267[\237\204\305\302"
 400      6EAB8788 
 400      698730BE 
 400      B75B9F84 
 400      C5C2
 401 0dd9 31C50A85 		.ascii	"1\305\012\205s\322\372\373X\310l\227X\010W\254\2770"
 401      73D2FAFB 
 401      58C86C97 
 401      580857AC 
 401      BF30
 402 0deb C5695894 		.ascii	"\305iX\224~V\015/T\303k\305A\262\337\372 \021\376-\350"
 402      7E560D2F 
 402      54C36BC5 
 402      41B2DFFA 
 402      2011FE2D 
 403 0e00 1973A3FF 		.ascii	"\031s\243\377\026\000J\374\267\200\311j\333\201O\026"
 403      16004AFC 
 403      B780C96A 
 403      DB814F16 
 404 0e10 CA728C0D 		.ascii	"\312r\214\015\025\266\327\372\314%x\326,zVe\275\304"
 404      15B6D7FA 
 404      CC2578D6 
 404      2C7A5665 
ARM GAS  C:\Users\8FEE~1\AppData\Local\Temp\ccaUf3KC.s 			page 32


 404      BDC4
 405 0e22 2DDEEDE2 		.ascii	"-\336\355\342\210\353\260>\255[,|bx\036\341\303\031"
 405      88EBB03E 
 405      AD5B2C7C 
 405      62781EE1 
 405      C319
 406 0e34 5DE078E5 		.ascii	"]\340x\345s\232Ou\023#\224L^J\336\333\000\337\302\361"
 406      739A4F75 
 406      1323944C 
 406      5E4ADEDB 
 406      00DFC2F1 
 407 0e48 CA270D6A 		.ascii	"\312'\015j\236\364z\024g\257C\326\327m\236f\351\225"
 407      9EF47A14 
 407      67AF43D6 
 407      D76D9E66 
 407      E995
 408 0e5a 8A35B740 		.ascii	"\2125\267@z\035\207+_\246\250V-\275A\224~\314\372B\206"
 408      7A1D872B 
 408      5FA6A856 
 408      2DBD4194 
 408      7ECCFA42 
 409 0e6f C2C9D662 		.ascii	"\302\311\326b\373\376z-\276NW\244\322\355\3167\007t"
 409      FBFE7A2D 
 409      BE4E57A4 
 409      D2EDCE37 
 409      0774
 410 0e81 68BABBB5 		.ascii	"h\272\273\265\221\213\316\300\200\375\377:xY\205V\355"
 410      918BCEC0 
 410      80FDFF3A 
 410      78598556 
 410      ED
 411 0e92 C411A442 		.ascii	"\304\021\244BK\301\313\323x\342\353\206\024,\215Ucc"
 411      4BC1CBD3 
 411      78E2EB86 
 411      142C8D55 
 411      6363
 412 0ea4 D34E9DF8 		.ascii	"\323N\235\370?D\251\020W\015:\213\331\377\020pM\260"
 412      3F44A910 
 412      570D3A8B 
 412      D9FF1070 
 412      4DB0
 413 0eb6 F2A745AE 		.ascii	"\362\247E\256\305\237\026\3478\370\034\005_~s/\327\026"
 413      C59F16E7 
 413      38F81C05 
 413      5F7E732F 
 413      D716
 414 0ec8 37B28F88 		.ascii	"7\262\217\210\250\370\2541\335\304V\367\234\303\226"
 414      A8F8AC31 
 414      DDC456F7 
 414      9CC396
 415 0ed7 5BDDE7CD 		.ascii	"[\335\347\315\206\301\255\345\356q\031&\273\307'\336"
 415      86C1ADE5 
 415      EE711926 
 415      BBC727DE 
 416 0ee7 0E6F77C1 		.ascii	"\016ow\301\275L\330\326\017\246\016\027e\253;\331r\253"
 416      BD4CD8D6 
 416      0FA60E17 
ARM GAS  C:\Users\8FEE~1\AppData\Local\Temp\ccaUf3KC.s 			page 33


 416      65AB3BD9 
 416      72AB
 417 0ef9 FB8259D4 		.ascii	"\373\202Y\324\005\265\250\213\370S\315/\015\233\202"
 417      05B5A88B 
 417      F853CD2F 
 417      0D9B82
 418 0f08 43C20C01 		.ascii	"C\302\014\001!\337\032\214\233\0026\006\257\337l\234"
 418      21DF1A8C 
 418      9B023606 
 418      AFDF6C9C 
 419 0f18 B7695D48 		.ascii	"\267i]H\330\274\371v\377\372o\253g\353==5_\316\233\347"
 419      D8BCF976 
 419      FFFA6FAB 
 419      67EB3D3D 
 419      355FCE9B 
 420 0f2d C17E7E1B 		.ascii	"\301~~\033\002\276\011\010\016\365\\\370\205Gp\250\207"
 420      02BE0908 
 420      0EF55CF8 
 420      854770A8 
 420      87
 421 0f3e 5F706060 		.ascii	"_p``p\220\007\351\037\352\341\345\263B\277\342{@\370"
 421      709007E9 
 421      1FEAE1E5 
 421      B342BFE2 
 421      7B40F8
 422 0f51 0587180D 		.ascii	"\005\207\030\015\177Y\0308\317O\3637Lv\350w\001a~\033"
 422      7F591838 
 422      CF4FF337 
 422      4C76E877 
 422      01617E1B 
 423 0f65 0C7F0A09 		.ascii	"\014\177\012\011\0164\004\204\206\374/\305m\320Lg\342"
 423      0E340484 
 423      86FC2FC5 
 423      6DD04C67 
 423      E2
 424 0f76 8CDF0784 		.ascii	"\214\337\007\204M\010s\364]\2437,_\027\344\277\321\030"
 424      4D0873F4 
 424      5DA3372C 
 424      5F17E4BF 
 424      D118
 425 0f88 E236D995 		.ascii	"\3426\331\225_\372m\360\365\333\340\035\2722\304h\014"
 425      5FFA6DF0 
 425      F5DBE01D 
 425      BA32C468 
 425      0C
 426 0f99 DC141610 		.ascii	"\334\024\026\020\034\344c"
 426      1CE463
 427 0fa0 FC767340 		.ascii	"\374vs@\210\321_gX\034\034\274\3617S\330\022\022\346"
 427      88D15F67 
 427      581C1CBC 
 427      F13753D8 
 427      1212E6
 428 0fb3 1110E4B7 		.ascii	"\021\020\344\267q\263\277\021\036\204\372m\360\007\365"
 428      71B3BF11 
 428      1E84FA6D 
 428      F007F5
 429 0fc2 0E06C3E6 		.ascii	"\016\006\303\346\200\240\260\005\237\031\302\376\313"
ARM GAS  C:\Users\8FEE~1\AppData\Local\Temp\ccaUf3KC.s 			page 34


 429      80A0B005 
 429      9F19C2FE 
 429      CB
 430 0fcf FF9FD7D2 		.ascii	"\377\237\327\322\016\241a\233\375\003\202\015\233B\214"
 430      0EA1619B 
 430      FD03820D 
 430      9B428C
 431 0fde 7F09307E 		.ascii	"\177\0110~\347\371Ob\353\3320P\020\272v}\320\346\331"
 431      E7F94F62 
 431      EBDA3050 
 431      10BA767D 
 431      D0E6D9
 432 0ff1 F46EF6BA 		.ascii	"\364n\366\272\220\300\331\306\300o\214\376\376F\377"
 432      90C0D9C6 
 432      C06F8CFE 
 432      FE46FF
 433 1000 B55FCC5B 		.ascii	"\265_\314[0\373\263\371\236\013\277\365\\\013\355\277"
 433      30FBB3F9 
 433      9E0BBFF5 
 433      5C0BEDBF 
 434 1010 0D0A0E32 		.ascii	"\015\012\0162\376\326\270\356\233\200\265\\\357\332"
 434      FED6B8EE 
 434      9B80B55C 
 434      EFDA
 435 101e C075202B 		.ascii	"\300u +\310\270\326\340o\374\323\272\315\033\303\014"
 435      C8B8D6E0 
 435      6FFCD3BA 
 435      CD1BC30C 
 436 102e 613F6C32 		.ascii	"a?l2\206\202\035v\212\025\337\376\037X\021\372C\350"
 436      86821D76 
 436      8A15DFFE 
 436      1F5811FA 
 436      43E8
 437 1040 5A436898 		.ascii	"ZCh\230?\250\004\325\332\3577\205\206\330\205\030\327"
 437      3FA804D5 
 437      DAEF3785 
 437      86D88518 
 437      D7
 438 1051 03D810F6 		.ascii	"\003\330\020\366\371_\235H\020!m\362\263\331\030b\010"
 438      F95F9D48 
 438      10216DF2 
 438      B3D91862 
 438      08
 439 1062 DBE08F43 		.ascii	"\333\340\217C<?\223B\026H!p\366\224B\346;\362\354\206"
 439      3C3F9342 
 439      16482170 
 439      F69442E6 
 439      3BF2EC86 
 440 1076 F9857DAF 		.ascii	"\371\205}\257\365\333\260.\304\336`Xo\0143\254\364]"
 440      F5DBB02E 
 440      C4DE6058 
 440      6F0C33AC 
 440      F45D
 441 1088 E9BC6EE3 		.ascii	"\351\274n\343w\353~\0105\004\004m\204\220|\365q\275"
 441      77EB7E08 
 441      3504046D 
 441      84907CF5 
ARM GAS  C:\Users\8FEE~1\AppData\Local\Temp\ccaUf3KC.s 			page 35


 441      71BD
 442 109a 20C143BF 		.ascii	" \301C\277\302\327\333\327\234\302\300\320\200P\303"
 442      C2D7DBD7 
 442      9CC2C0D0 
 442      8050C3
 443 10a9 7A3F3FD0 		.ascii	"z??\320\017BC\231\320\031T\337\346\240\215\301~\177"
 443      0F424399 
 443      D01954DF 
 443      E6A08DC1 
 443      7E7F
 444 10bb 36D793D0 		.ascii	"6\327\223\320\350\314\240\213\275|\227\256\364\361\266"
 444      E8CCA08B 
 444      BD7C97AE 
 444      F4F1B6
 445 10ca F759EABB 		.ascii	"\367Y\352\273\324g\315\322%_\332x-_\354\253\367\321"
 445      D467CDD2 
 445      255FDA78 
 445      2D5FECAB 
 445      F7D1
 446 10dc EABDF43E 		.ascii	"\352\275\364>\344~%\\\226\254\322\257\200\2137\275L"
 446      E47E255C 
 446      96ACD2AF 
 446      808B37BD 
 446      4C
 447 10ed 4017DA2C 		.ascii	"@\027\332,\321\353\275}\377`G.+\326x\351up\343\373\007"
 447      D1EBBD7D 
 447      FF60472E 
 447      2BD678E9 
 447      7570E3FB 
 448 1102 5B38138E 		.ascii	"[8\023\216_WC\2537m\245\030[oz]=!\345\013\322\342\365"
 448      5F5743AB 
 448      376DA518 
 448      5B6F7A5D 
 448      3D21E50B 
 449 1119 F5D7E696 		.ascii	"\365\327\346\226\177\324\255X\263\314\3473z\366\244"
 449      7FD4AD58 
 449      B3CCE733 
 449      7AF6A4
 450 1128 E7F913CF 		.ascii	"\347\371\023\317>\327\372\256\3626\233\260@\247_I\354"
 450      3ED7FAAE 
 450      F2369BB0 
 450      40A75F49 
 450      EC
 451 1139 D4FBFA2E 		.ascii	"\324\373\372.\375\032.z_\357%>X\277\312G\247\377\032"
 451      FD1A2E7A 
 451      5FEF253E 
 451      58BFCA47 
 451      A7FF1A
 452 114c EE2670F3 		.ascii	"\356&p\363m\275\227\030\274}\275\300\207%\206\025\313"
 452      6DBD9718 
 452      BC7DBDC0 
 452      87258615 
 452      CB
 453 115d E8C58B5D 		.ascii	"\350\305\213]\226\260\313\312e>Z\257e\276>\332\305\313"
 453      96B0CBCA 
 453      653E5AAF 
 453      65BE3EDA 
ARM GAS  C:\Users\8FEE~1\AppData\Local\Temp\ccaUf3KC.s 			page 36


 453      C5CB
 454 116f BC7C742B 		.ascii	"\274|t+V\300Y\273\204\360\313\311I\017'\235\357r=\334"
 454      56C059BB 
 454      84F0CBC9 
 454      490F279D 
 454      EF723DDC 
 455 1183 FA2E5FE9 		.ascii	"\372._\351c\317\006\313\227\2060[~\305z\275\017\206"
 455      63CF06CB 
 455      9786305B 
 455      7EC57ABD 
 455      0F86
 456 1195 B0E9BCBC 		.ascii	"\260\351\274\274} xkV\375\336G\353\015p\260o\265\367"
 456      7D20786B 
 456      56FDDE47 
 456      EB0D70B0 
 456      6FB5F7
 457 11a8 129DD762 		.ascii	"\022\235\327b\020\360/\177uf\311\354\340\027\270\220"
 457      10F02F7F 
 457      7566C9EC 
 457      E017B890 
 458 11b8 0C0B5FFD 		.ascii	"\014\013_\375b\303*\030#n4\205\026Y\265\237h\372\037"
 458      62C32A18 
 458      236E3485 
 458      1659B59F 
 458      68FA1F
 459 11cb 5D8F87E8 		.ascii	"]\217\207\350"
 460              		.text
 461              		.section	.gnu.lto_.symtab.95616a17,"",%progbits
 462 0000 5356435F 		.ascii	"SVC_Handler\000"
 462      48616E64 
 462      6C657200 
 463 000c 00       		.ascii	"\000"
 464 000d 00       		.ascii	"\000"
 465 000e 00       		.ascii	"\000"
 466 000f 00000000 		.ascii	"\000\000\000\000\000\000\000\000"
 466      00000000 
 467 0017 B5000000 		.ascii	"\265\000\000\000"
 468 001b 5F706F72 		.ascii	"_port_irq_epilogue\000"
 468      745F6972 
 468      715F6570 
 468      696C6F67 
 468      756500
 469 002e 00       		.ascii	"\000"
 470 002f 00       		.ascii	"\000"
 471 0030 00       		.ascii	"\000"
 472 0031 00000000 		.ascii	"\000\000\000\000\000\000\000\000"
 472      00000000 
 473 0039 B7000000 		.ascii	"\267\000\000\000"
 474 003d 5F706F72 		.ascii	"_port_switch_from_isr\000"
 474      745F7377 
 474      69746368 
 474      5F66726F 
 474      6D5F6973 
 475 0053 00       		.ascii	"\000"
 476 0054 02       		.ascii	"\002"
 477 0055 00       		.ascii	"\000"
 478 0056 00000000 		.ascii	"\000\000\000\000\000\000\000\000"
ARM GAS  C:\Users\8FEE~1\AppData\Local\Temp\ccaUf3KC.s 			page 37


 478      00000000 
 479 005e B1000000 		.ascii	"\261\000\000\000"
 480 0062 5F706F72 		.ascii	"_port_exit_from_isr\000"
 480      745F6578 
 480      69745F66 
 480      726F6D5F 
 480      69737200 
 481 0076 00       		.ascii	"\000"
 482 0077 02       		.ascii	"\002"
 483 0078 00       		.ascii	"\000"
 484 0079 00000000 		.ascii	"\000\000\000\000\000\000\000\000"
 484      00000000 
 485 0081 B3000000 		.ascii	"\263\000\000\000"
 486 0085 63685363 		.ascii	"chSchIsPreemptionRequired\000"
 486      68497350 
 486      7265656D 
 486      7074696F 
 486      6E526571 
 487 009f 00       		.ascii	"\000"
 488 00a0 02       		.ascii	"\002"
 489 00a1 00       		.ascii	"\000"
 490 00a2 00000000 		.ascii	"\000\000\000\000\000\000\000\000"
 490      00000000 
 491 00aa BF000000 		.ascii	"\277\000\000\000"
 492              		.text
 493              		.section	.gnu.lto_.opts,"",%progbits
 494 0000 272D666D 		.ascii	"'-fmath-errno' '-fsigned-zeros' '-ftrapping-math' '"
 494      6174682D 
 494      6572726E 
 494      6F272027 
 494      2D667369 
 495 0033 2D666E6F 		.ascii	"-fno-trapv' '-fno-openmp' '-fno-openacc' '-mcpu=cor"
 495      2D747261 
 495      70762720 
 495      272D666E 
 495      6F2D6F70 
 496 0066 7465782D 		.ascii	"tex-m7' '-mno-thumb-interwork' '-mthumb' '-ggdb' '-"
 496      6D372720 
 496      272D6D6E 
 496      6F2D7468 
 496      756D622D 
 497 0099 4F322720 		.ascii	"O2' '-fomit-frame-pointer' '-falign-functions=16' '"
 497      272D666F 
 497      6D69742D 
 497      6672616D 
 497      652D706F 
 498 00cc 2D666675 		.ascii	"-ffunction-sections' '-fdata-sections' '-fno-common"
 498      6E637469 
 498      6F6E2D73 
 498      65637469 
 498      6F6E7327 
 499 00ff 2720272D 		.ascii	"' '-flto'\000"
 499      666C746F 
 499      2700
 500              		.text
 501              		.comm	__gnu_lto_v1,1,1
 502              		.comm	__gnu_lto_slim,1,1
ARM GAS  C:\Users\8FEE~1\AppData\Local\Temp\ccaUf3KC.s 			page 38


 503              		.ident	"GCC: (GNU Tools for ARM Embedded Processors 6-2017-q1-update) 6.3.1 20170215 (release) [AR
ARM GAS  C:\Users\8FEE~1\AppData\Local\Temp\ccaUf3KC.s 			page 39


DEFINED SYMBOLS
                            *ABS*:00000000 chcore_v7m.c
                            *COM*:00000001 __gnu_lto_v1
                            *COM*:00000001 __gnu_lto_slim

NO UNDEFINED SYMBOLS
