ARM GAS  C:\Users\8FEE~1\AppData\Local\Temp\cct2OmRf.s 			page 1


   1              		.cpu cortex-m7
   2              		.eabi_attribute 20, 1
   3              		.eabi_attribute 21, 1
   4              		.eabi_attribute 23, 3
   5              		.eabi_attribute 24, 1
   6              		.eabi_attribute 25, 1
   7              		.eabi_attribute 26, 1
   8              		.eabi_attribute 30, 2
   9              		.eabi_attribute 34, 1
  10              		.eabi_attribute 18, 4
  11              		.file	"chdynamic.c"
  12              		.text
  13              	.Ltext0:
  14              		.section	.gnu.lto_.profile.95615bac,"",%progbits
  15 0000 789C6365 		.ascii	"x\234ce`b`a```d\3100\000\000\001\200\000\245"
  15      60626061 
  15      60606064 
  15      C8300000 
  15      018000A5 
  16              		.text
  17              		.section	.gnu.lto_.icf.95615bac,"",%progbits
  18 0000 789C6365 		.ascii	"x\234ce`b\340e@\000&\206\215\273;+\030\267L\\\367\225"
  18      6062E065 
  18      40002686 
  18      8DBB3B2B 
  18      18B74C5C 
  19 0016 89010026 		.ascii	"\211\001\000&l\005o"
  19      6C056F
  20              		.text
  21              		.section	.gnu.lto_.jmpfuncs.95615bac,"",%progbits
  22 0000 789C6365 		.ascii	"x\234ce`bX\312\200\000L\014l\214``\317X\017\002,\014"
  22      606258CA 
  22      80004C0C 
  22      6C8C6060 
  22      CF580F02 
  23 0016 8C8C1D4C 		.ascii	"\214\214\035L\323\231\031\267\0349\336\306\321\307<"
  23      D39919B7 
  23      1C39DEC6 
  23      D1C73C
  24 0025 9F1928C0 		.ascii	"\237\031(\300\270\234Q\206\201\021(\270\376\315\316"
  24      B89C5186 
  24      811128B8 
  24      FECDCE
  25 0034 9FBC2041 		.ascii	"\237\274 AFF\006\306\025@A\240~\006F\026\0066\246J\006"
  25      464606C6 
  25      154041A0 
  25      7E064616 
  25      0636A64A 
  26 0049 4620A712 		.ascii	"F \247\022H\200\025\316\332\375\345\024+H!\023#\007"
  26      488015CE 
  26      DAFDE514 
  26      2B482113 
  26      2307
  27 005b E34A9042 		.ascii	"\343J\220BFV\2605\362\250\266\034\375\377\375\000?\304"
  27      4656B035 
  27      F2A8B61C 
  27      FDFFFD00 
ARM GAS  C:\Users\8FEE~1\AppData\Local\Temp\cct2OmRf.s 			page 2


  27      3FC4
  28 006d 1626C655 		.ascii	"\026&\306U [\220\215e\202\030\313\000\000\206S \273"
  28      205B908D 
  28      658218CB 
  28      00008653 
  28      20BB
  29              		.text
  30              		.section	.gnu.lto_.inline.95615bac,"",%progbits
  31 0000 789C6365 		.ascii	"x\234ce`b\010g@\000&\006\011)#F\006&\211\025[\030\031"
  31      60620867 
  31      40002606 
  31      09292346 
  31      06268915 
  32 0017 D816C833 		.ascii	"\330\026\3103\201\004\231y\200\022\023\374\3004#\003"
  32      81049979 
  32      801213FC 
  32      C0342303 
  33 0027 2B1F5064 		.ascii	"+\037Pd\202\037\220\317\010Q+}\355\024#\003\373-5,j"
  33      821F90CF 
  33      08512B7D 
  33      ED142303 
  33      FB2D352C 
  34 003c C1249007 		.ascii	"\301$\220\007\000\374\215\012\357"
  34      00FC8D0A 
  34      EF
  35              		.text
  36              		.section	.gnu.lto_.pureconst.95615bac,"",%progbits
  37 0000 789C6365 		.ascii	"x\234ce`b`g`\000\222\273\030\031w1\002\000\005\355\001"
  37      60626067 
  37      600092BB 
  37      18197731 
  37      020005ED 
  38 0015 88       		.ascii	"\210"
  39              		.text
  40              		.section	.gnu.lto_chThdCreateFromHeap.95615bac,"",%progbits
  41 0000 789C8595 		.ascii	"x\234\205\225kLTG\024\307\347\334\271\273\367\302\002"
  41      6B4C5447 
  41      14C7E7DC 
  41      B9BBF7C2 
  41      02
  42 0011 8A456B89 		.ascii	"\212Ek\2111kR\2426\225\333\246\017\371`?\264\246IMJ"
  42      316B52A2 
  42      3695DBA6 
  42      0FF9603F 
  42      B4A6494D 
  43 0026 D248BF1B 		.ascii	"\322H\277\033\\\267\262\211\353nv\361\325/\\\026|\225"
  43      5CB7B289 
  43      EB6E76F1 
  43      D52F5C16 
  43      7C95
  44 0038 FA6C41D8 		.ascii	"\372lA\330u{7\032\243-E\221\252\225\362\350V|\202\017"
  44      757B371A 
  44      A32D4591 
  44      AA95F2E8 
  44      567C820F 
  45 004c A4605590 		.ascii	"\244`U\220\242\013ZDI5h[[\265\347\314.\004\026k7\020"
  45      A20B5A44 
ARM GAS  C:\Users\8FEE~1\AppData\Local\Temp\cct2OmRf.s 			page 3


  45      4935685B 
  45      5BB5E7CC 
  45      2E04166B 
  46 0062 7666FEFF 		.ascii	"vf\376\377sf\316\371\315`b\022[\24026\031\030{\2131"
  46      7366CEF9 
  46      CD606212 
  46      5BA03236 
  46      19187B8B 
  47 0077 062606D2 		.ascii	"\006&\006\322\326\363\214\025\252\222$7s\246'\362\223"
  47      D6F38C15 
  47      AA922437 
  47      73A627F2 
  47      93
  48 0088 CD8CE949 		.ascii	"\315\214\351I\034\344\350\274\014@_t\025X\201\304e("
  48      1CE4E8BC 
  48      0C405F74 
  48      155881C4 
  48      6528
  49 009a 802D7C07 		.ascii	"\200-|\007\207\213\305\325;\371fnp\0062\016\357\235"
  49      878BC5D5 
  49      3BF9666E 
  49      7006320E 
  49      EF9D
  50 00ac F3475268 		.ascii	"\363GRh\010`\305a@o\333\250\314\336\253\353>=\274\243"
  50      0860C561 
  50      406FDBA8 
  50      CCDEABEB 
  50      3E3DBCA3 
  51 00c0 DD1CA869 		.ascii	"\335\034\250i\325\023\014.\261\012\224\357\203i\260"
  51      D5130C2E 
  51      B10A94EF 
  51      8369B0
  52 00cf 17A651F6 		.ascii	"\027\246Q\366\257a6\212\017\015\226\337O\340s\200\341"
  52      AF61368A 
  52      0F0D96DF 
  52      4FE07380 
  52      E1
  53 00e0 77FF963E 		.ascii	"w\377\226>\3034s\2170\016\225r\375e\203s\370\006\370"
  53      C334738F 
  53      300E9572 
  53      FD658373 
  53      F806F8
  54 00f3 68234E31 		.ascii	"h#N1\250\204\231(\337U\330\321\222\314\337\020\326\365"
  54      A8849928 
  54      DF55D8D1 
  54      92CCDF10 
  54      D6F5
  55 0105 550DFD29 		.ascii	"U\015\375)1k\357\016a\225\341\333x\253\314\240JX}7\216"
  55      316BEF0E 
  55      6195E1DB 
  55      78ABCCA0 
  55      4A587D37 
  56 011a 5C029E25 		.ascii	"\\\002\236%\254\241\216\320\252\230\263\333?\245\264"
  56      ACA18ED0 
  56      AA98B3DB 
  56      3FA5B4
  57 0129 48FFC0E0 		.ascii	"H\377\300\340&\330\037\357\305b\035\020\336J\337\255"
ARM GAS  C:\Users\8FEE~1\AppData\Local\Temp\cct2OmRf.s 			page 4


  57      26D81FEF 
  57      C5621D10 
  57      DE4ADFAD 
  58 0139 BB9CBF23 		.ascii	"\273\234\277#\274\033\317<\216(1\363\331hZ3T\307[\315"
  58      BC1BCF3C 
  58      8E2831F3 
  58      D9685A33 
  58      54C75BCD 
  59 014d 0C0E0AEB 		.ascii	"\014\016\012\353\331\333u\207U\376\236\260>=\272\347"
  59      D9DB7587 
  59      55FE9EB0 
  59      3E3DBAE7 
  60 015d A12566BD 		.ascii	"\241%f\275\351\237\376\245\310\253@M\274Ya\360\2350"
  60      E99FFEA5 
  60      C8AB404D 
  60      BC5961F0 
  60      9D30
  61 016f 0FE8250D 		.ascii	"\017\350%\015\300\337\027\346\216K_\177<\234\266L\244"
  61      C0DF17E6 
  61      8E4B5F7F 
  61      3C9CB64C 
  61      A4
  62 0180 55E150BC 		.ascii	"U\341P\274Sep\030f\222|\260\270\257\307\022\355\327"
  62      53657018 
  62      66927CB0 
  62      B8AFC712 
  62      EDD7
  63 0192 541C56D7 		.ascii	"T\034V\327\027\337\215\365+\0148\276r\275~0\221/\020"
  63      17DF8DF5 
  63      2B0C38BE 
  63      72BD7E30 
  63      912F10
  64 01a5 91AB7ABB 		.ascii	"\221\253z\273Vd\354\326\303\272\036\036\014L\337\256"
  64      5664ECD6 
  64      C3BA1E1E 
  64      0C4CDFAE 
  65 01b5 EBA775D9 		.ascii	"\353\247u\331\340\011p4\032\375{\214~D\364\217\221:"
  65      E0097034 
  65      1AFD7B8C 
  65      7E44F48F 
  65      913A
  66 01c7 3C10A994 		.ascii	"<\020\251\224\371\207\302\031\331tb\213\214V\332\324"
  66      F987C219 
  66      D974628B 
  66      8C56DAD4 
  67 01d7 43FFA46D 		.ascii	"C\377\244mEQ\253\012?\214\335X\314z\274\357\2376\013"
  67      4551AB0A 
  67      3F8CDD58 
  67      CC7ABCEF 
  67      9F360B
  68 01ea FF48580B 		.ascii	"\377HX\013+\003;\223b\326A\177\372\260U\202\372gZo\034"
  68      2B033B93 
  68      62D6417F 
  68      FAB05582 
  68      FA675A6F 
  69 01ff 7C529A6C 		.ascii	"|R\232l\226\241\0012\240\016\177k!\203\340B\246\032"
  69      96A10132 
ARM GAS  C:\Users\8FEE~1\AppData\Local\Temp\cct2OmRf.s 			page 5


  69      A00E7F6B 
  69      2183E042 
  69      A61A
  70 0211 C18C70F3 		.ascii	"\301\214p\363\321+\007\332 \254?y\272\036\253\234>8"
  70      D12B07DA 
  70      20AC3F79 
  70      BA1EAB9C 
  70      3E38
  71 0223 F420351D 		.ascii	"\364 5\035\2604\022\202\215\020\231\200x\300\012\243"
  71      B0341282 
  71      8D109980 
  71      78C00AA3 
  72 0233 5605EAAF 		.ascii	"V\005\352\257\005\027\023\223\201\3725\001\250\360\251"
  72      05171393 
  72      81FA3501 
  72      A8F0A9
  73 0242 40454C63 		.ascii	"@ELc\024\222\261\3170\013]\210\022\304\031\377\362\001"
  73      1492B1CF 
  73      300B5D88 
  73      12C419FF 
  73      F201
  74 0254 58178A6C 		.ascii	"X\027\212lR(o\220+\270\265\332\332;\235J\301c]5\270"
  74      52286F90 
  74      2BB8B5DA 
  74      DA3B9D4A 
  74      C1635D35 
  75 0269 A582E35E 		.ascii	"\245\202\343^\340G(`A.\007\271\211\010\257\033j6Q\345"
  75      E0472860 
  75      412E07B9 
  75      8908AF1B 
  75      6A3651E5 
  76 027d 9340C5DA 		.ascii	"\223@\305\332O3x2\353\003\237Ul\0347\201AX/\024_m:\037"
  76      4F337832 
  76      EB039F55 
  76      6C1C3781 
  76      41582F14 
  77 0295 488A0585 		.ascii	"H\212\005\205\314\350\271K\020|\274\235\274\037|\376"
  77      CCE8B94B 
  77      107CBC9D 
  77      BC1F7CFE 
  78 02a5 FE868885 		.ascii	"\376\206\210\205\2261\342\326\262\257J\024m\016!\213"
  78      9631E2D6 
  78      B2AF4A14 
  78      6D0E218B 
  79 02b5 872DA72A 		.ascii	"\207-\247*0\370\011\264 \266\037\245e\011\361\272\304"
  79      30F809B4 
  79      20B61FA5 
  79      6509F1BA 
  79      C4
  80 02c6 A80E4877 		.ascii	"\250\016Hw\214t\012\352\212v\256\333T\233\026\315h\301"
  80      8C740AEA 
  80      8A76AEDB 
  80      549B16CD 
  80      68C1
  81 02d8 29DCAD70 		.ascii	")\334\255p?+Q,\200D\001\232(\200\205\244\376q\211\314"
  81      3F2B512C 
  81      8044019A 
ARM GAS  C:\Users\8FEE~1\AppData\Local\Temp\cct2OmRf.s 			page 6


  81      288085A4 
  81      FE7189CC 
  82 02ec 519DE8CB 		.ascii	"Q\235\350\313q\322%?[\247Du2\351N\220n\302\030\335\320"
  82      71D2253F 
  82      5BA74475 
  82      32E94E90 
  82      6EC218DD 
  83 0301 BE7B9D40 		.ascii	"\276{\235@:5\2523\221\356$\351R\261t\022\361p\253~}"
  83      3A35AA33 
  83      91EE24E9 
  83      52B17412 
  83      F170AB7E 
  84 0316 3BF01C81 		.ascii	";\360\034\201\322\341\306\313\345\2111\224.\004f\371"
  84      D2E1C6CB 
  84      E5893194 
  84      2E0466F9 
  85 0326 8B5A3ED7 		.ascii	"\213Z>\327C\276\211\006O\201S\343a\202\323\220A\257"
  85      43BE8906 
  85      4F8153E3 
  85      6182D390 
  85      41AF
  86 0338 47BFDE20 		.ascii	"G\277\336 S[R\300\012gp\3556\276\020\225\245\325m0B"
  86      535B52C0 
  86      0A6770ED 
  86      36BE1095 
  86      A5D56D30 
  87 034d 5BB18E9F 		.ascii	"[\261\216\237\360\027G\025\001Y\005\227X\334\322\337"
  87      F0174715 
  87      01590597 
  87      58DCD2DF 
  88 035d B5D6450C 		.ascii	"\265\326E\014\232i\215\307\257\265\004f\0058\345b\320"
  88      9A698DC7 
  88      AFB50466 
  88      0538E562 
  88      D0
  89 036e 42027914 		.ascii	"B\002y\024\305\014\316\202\031wr\216\320\005\366\210"
  89      C50CCE82 
  89      1977728E 
  89      D005F688 
  90 037e 52EE326A 		.ascii	"R\3562j\376L\234Q\"\031z\271\325\300z\320\275\214\324"
  90      FE4C9C51 
  90      22197AB9 
  90      D5C07AD0 
  90      BD8CD4
  91 0391 E9AA8C45 		.ascii	"\351\252\214E\207\3630C\334\202\337\357\264wJ8\003\027"
  91      87F33043 
  91      DC82DFEF 
  91      B4774A38 
  91      0317
  92 03a3 40169B66 		.ascii	"@\026\233f\320*\236\343}\215M}I36\307\334\023I{\177"
  92      D02A9EE3 
  92      7D8D4D7D 
  92      493336C7 
  92      DC13497B 
  93 03b8 7F4D8745 		.ascii	"\177M\207E\270/\222\033\332@\026\334\211\00206\000\305"
  93      B82F921B 
  93      DA4016DC 
ARM GAS  C:\Users\8FEE~1\AppData\Local\Temp\cct2OmRf.s 			page 7


  93      89023036 
  93      00C5
  94 03ca 3D25D79A 		.ascii	"=%\327\232 \012@\332X\216S+\250\346\3603r\214\0137\267"
  94      200A40DA 
  94      588E532B 
  94      A8E6F033 
  94      728C0B37 
  95 03df 6DDBC871 		.ascii	"m\333\310q\001?\241G`\360I\324\025\3621h\207\002\203"
  95      013FA147 
  95      60F049D4 
  95      15F23168 
  95      870283
  96 03f2 BF407143 		.ascii	"\277@qC\351\002\350\006\002:\215\2729\364[\367n%\326"
  96      E902E806 
  96      023A8DBA 
  96      39F45BF7 
  96      6E25D6
  97 0405 D0B2B5C7 		.ascii	"\320\262\265\307.(TlI4\354\217S\315\033\222\014\010"
  97      2E28546C 
  97      4934EC8F 
  97      53CD1B92 
  97      0C08
  98 0417 1652C429 		.ascii	"\026R\304)\006OC\013t\320qpqO\257o\277\242UQ6<\312d"
  98      064F430B 
  98      74D07170 
  98      714FAF6F 
  98      BFA25551 
  99 042f B8040694 		.ascii	"\270\004\006\224\343{\212\373\371\0054\372\367q\374"
  99      E37B8AFB 
  99      F90534FA 
  99      F771FC
 100 043e D43A9582 		.ascii	"\324:\225\202M\001\200\313\350\032\200\265\241\247\233"
 100      4D0180CB 
 100      E81A80B5 
 100      A1A79B
 101 044d B9D8D1D8 		.ascii	"\271\330\321\330s\274XAF\270\"\356#\235\361\300\235"
 101      73BC5841 
 101      46B822EE 
 101      239DF1C0 
 101      9D
 102 045e DABF92C9 		.ascii	"\332\277\222\311;\025\013\177\225.\343K\303D\305Q\024"
 102      3B150B7F 
 102      952EE34B 
 102      C344C551 
 102      14
 103 046f FC1F8A3A 		.ascii	"\374\037\212:\005E#\007K\301x]\317\243\250u\230\"e\014"
 103      05452307 
 103      4BC1785D 
 103      CFA3A875 
 103      9822650C 
 104 0483 08D70884 		.ascii	"\010\327\010\204qX\315s0\350&\261:\036\2537\203\234"
 104      7158CD73 
 104      30E826B1 
 104      3A1EAB37 
 104      839C
 105 0495 9233F875 		.ascii	"\2223\370u<V=\002\253\353\243\260zb\\o\264\014\023\323"
 105      3C563D02 
ARM GAS  C:\Users\8FEE~1\AppData\Local\Temp\cct2OmRf.s 			page 8


 105      ABEBA3B0 
 105      7A625C6F 
 105      B40C13D3 
 106 04a9 2588B921 		.ascii	"%\210\271!\210\211\307#2\202\007\005\027\217\217,\336"
 106      8889C723 
 106      32820705 
 106      178F8F2C 
 106      DE
 107 04ba BB7E38D6 		.ascii	"\273~8\326%(\241\256\243\261\242'\274\335\224uD\337"
 107      2528A1AE 
 107      A3B1A227 
 107      BCDD9475 
 107      44DF
 108 04cc 80242430 		.ascii	"\200$$0\350\205,v\027+\030\024\317\313\003l\0116R\352"
 108      E8852C76 
 108      172B1814 
 108      CFCB036C 
 108      093652EA 
 109 04e0 6E0D6461 		.ascii	"n\015da\305\371\325G\255\200/(P$\314\365Jf\246\026\375"
 109      C5F9D547 
 109      AD802F28 
 109      5024CCF5 
 109      4A66A616 
 110 04f5 B1E53916 		.ascii	"\261\3459\026;\\\336\327\347\276\255\271\274\232'_\363"
 110      3B5CDED7 
 110      E7BEADB9 
 110      BC9A275F 
 110      F3
 111 0506 7A6C38B9 		.ascii	"zl8\271d\315\362\\\247\303\226ic\246<{\256\333-{\035"
 111      64CDF25C 
 111      A7C39669 
 111      63A63C7B 
 111      AEDB2D7B 
 112 051b 9FDA659C 		.ascii	"\237\332e\234\263\313n\217\303%\271?\341\271\236\245"
 112      B3CB6E8F 
 112      C325B93F 
 112      E1B99EA5 
 113 052b 52FE12BE 		.ascii	"R\376\022\276\312\353\226\362\335\246\225\271\313V\330"
 113      CAEB96F2 
 113      DDA695B9 
 113      CB56D8
 114 053a B3FE23AC 		.ascii	"\263\376#\254\315\345t\272\226kn\227'\337\253\275\273"
 114      CDE574BA 
 114      966B6E97 
 114      27DFABBD 
 114      BB
 115 054b 307B7EF6 		.ascii	"0{~\366jT\330\\\036\373\242\225s\235\231yl\336\363\215"
 115      6A54D85C 
 115      1EFBA295 
 115      739D9979 
 115      6CDEF38D 
 116 055f F6D5F9DA 		.ascii	"\366\325\371\332\374\354\234\0059\232c\271m\331\212"
 116      FCEC9C05 
 116      399A63B9 
 116      6DD98A
 117 056e 2576CDE6 		.ascii	"%v\315\346\364:\274\213\226\332lh~\316aF\344y\3365^"
 117      F43ABC8B 
ARM GAS  C:\Users\8FEE~1\AppData\Local\Temp\cct2OmRf.s 			page 9


 117      96DA6C68 
 117      7ECE6146 
 117      E479DE35 
 118 0583 944ECCCE 		.ascii	"\224N\314\316Yh]\234\353\265\343!^\265f\274\306$\017"
 118      59685D9C 
 118      EBB5E321 
 118      5EB566BC 
 118      C6240F
 119 0596 539C76A7 		.ascii	"S\234v\247\313\263\206\375\013\3527\352\260"
 119      CBB386FD 
 119      0BEA37EA 
 119      B0
 120              		.text
 121              		.section	.gnu.lto_chThdCreateFromMemoryPool.95615bac,"",%progbits
 122 0000 789C8594 		.ascii	"x\234\205\224[LTW\024\206\367:\3730g\234\001\361B\255"
 122      5B4C5457 
 122      1486F73A 
 122      FB30679C 
 122      01F142AD 
 123 0014 A5B41993 		.ascii	"\245\264\031\223\022/\251\214Mj%\215}0\366\301\246\341"
 123      122FA98C 
 123      4D6A258D 
 123      7D30F6C1 
 123      A6E1
 124 0026 45FBD227 		.ascii	"E\373\322'\203\343T'q\0342\203\267'\266\003\336J[/\255"
 124      83E35427 
 124      711C3283 
 124      B727B603 
 124      DE4A5B2F 
 125 003b C880F44C 		.ascii	"\310\200\364L4D\205\212H+\005\271t*\342\005\357S\241"
 125      3444858A 
 125      482B05B9 
 125      742AE205 
 125      EF53A1
 126 004e 2A88E000 		.ascii	"*\210\340\000\212\240\251\306\326\326V\355Z{\206\211"
 126      8AA0A9C6 
 126      D6D656ED 
 126      5A7B8689 
 127 005e 0C941202 		.ascii	"\014\224\022\002\347\234\375\377k\255\275\326\267w\034"
 127      E79CFDFF 
 127      6BADBDD6 
 127      B7771C
 128 006d 53D83E23 		.ascii	"S\330>#c\011\300\330\\\306\030\3041Pv\\dl\243QQ\324"
 128      6309C0D8 
 128      5CC618C4 
 128      3150765C 
 128      646CA351 
 129 0083 16CE8489 		.ascii	"\026\316\204\211\237jaL\304sP\303\337U\000z\020F`9\012"
 129      9F6A614C 
 129      C47350C3 
 129      DF55007A 
 129      10466039 
 130 0098 572107B6 		.ascii	"W!\007\266\363=\034\256\344U\356\345_q\2353P\361\365"
 130      F33D1CAE 
 130      E455EEE5 
 130      5F719D33 
 130      50F1F5
ARM GAS  C:\Users\8FEE~1\AppData\Local\Temp\cct2OmRf.s 			page 10


 131 00ab E185A2D0 		.ascii	"\341\205\242\320xz\005\260\340k\261\010n\323f\036\020"
 131      787A05B0 
 131      E06BB108 
 131      6ED3661E 
 131      10
 132 00bc C22B027B 		.ascii	"\302+\002{\202\246\342\252\313b\234\316\025\346C\371"
 132      82A6E2AA 
 132      CB629CCE 
 132      15E643F9 
 133 00cc 41488103 		.ascii	"AH\201\003\220B\331\017\301L\024\337\2559\265\325\310"
 133      9042D90F 
 133      C14C14DF 
 133      AD39B5D5 
 133      C8
 134 00dd 6703C3E7 		.ascii	"g\003\303\347\356\256\207oL/\225\276\236\002.\336\322"
 134      EEAE876F 
 134      4C2F95BE 
 134      9E022EDE 
 134      D2
 135 00ee 398732E0 		.ascii	"9\2072\340/\373\360\023\203r\230\216j\357\355\3526\340"
 135      2FFBF013 
 135      8372988E 
 135      6AEFEDEA 
 135      36E0
 136 0100 73A4D3DF 		.ascii	"s\244\323\337\352_7\344\234\352\023\001U\307b\277\213"
 136      EA5F37E4 
 136      9CEA1301 
 136      55C762BF 
 136      8B
 137 0111 B5AA0C0E 		.ascii	"\265\252\014\016Kk\271\367\316}\316\347J\353\266\263"
 137      4B6BB9F7 
 137      CE7DCEE7 
 137      4AEBB6B3 
 138 0121 CF425AC4 		.ascii	"\317BZ\304\333V\226\274;W,\322y\034T\304\232\261YG\244"
 138      DB5696BC 
 138      3B572CD2 
 138      791C54C4 
 138      9AB15947 
 139 0136 F9FCBDBA 		.ascii	"\371\374\275\272cF\376\2764\277\250)\375\303\0341w\354"
 139      6346FEBE 
 139      34BFA829 
 139      FDC31C31 
 139      77EC
 140 0148 91251BA0 		.ascii	"\221%\033\2402\326j`pTZ\007D~\003\360\017\244\265\265"
 140      32D66A60 
 140      70545A07 
 140      447E03F0 
 140      0FA4B5B5 
 141 015c EDD02711 		.ascii	"\355\320'\021\347`\244d\015\252b\255\032\203\357a:\351"
 141      E760A464 
 141      0DAA62AD 
 141      1A83EF61 
 141      3AE9
 142 016e 1FE4F576 		.ascii	"\037\344\365v\231\303=\237\212\257\225\365y\367#=\017"
 142      99C33D9F 
 142      8AAF95F5 
 142      79F7233D 
ARM GAS  C:\Users\8FEE~1\AppData\Local\Temp\cct2OmRf.s 			page 11


 142      0F
 143 017f 00BE5FEF 		.ascii	"\000\276_\357\256\177`\342\013d\350\303=\035kR\367\213"
 143      AE7F60E2 
 143      0B64E8C3 
 143      3D1D6B52 
 143      F78B
 144 0191 80108107 		.ascii	"\200\020\201\007\345o\356\022\342\214\300\350F\250\016"
 144      E56FEE12 
 144      E28CC0E8 
 144      46A80E
 145 01a0 473F86D1 		.ascii	"G?\206\321\177\2203`\244\016\014\204\312U\376\241t\206"
 145      7F903360 
 145      A40E0C84 
 145      CA55FEA1 
 145      7486
 146 01b2 BE6CDEAE 		.ascii	"\276l\336\256\242\225\252\352+\233\26437l\325\240fx"
 146      A295AAEA 
 146      2B9BB433 
 146      376CD5A0 
 146      6678
 147 01c4 6111EBC9 		.ascii	"a\021\353\311\336\177\202f\276HZ7\226\027\357\215\217"
 147      DE7F8266 
 147      BE485A37 
 147      9617EF8D 
 147      8F
 148 01d5 583BCB92 		.ascii	"X;\313\222\207\254\012\034\037\325z\373\350\363\335"
 148      87AC0A1C 
 148      1FD57AFB 
 148      E8F3DD
 149 01e4 090615EA 		.ascii	"\011\006\025\352 \025j!u?*~\204Tb\004\321\250\007\003"
 149      20156A21 
 149      753F2A7E 
 149      84546204 
 149      D1A80703 
 150 01f8 32CA8716 		.ascii	"2\312\207\026i\345H\020\002\342\371\213-8\244YEM}\025"
 150      69E54810 
 150      02E2F98B 
 150      2D38A459 
 150      454D7D15 
 151 020c CAEB80ED 		.ascii	"\312\353\200\355Q\020P\244\001\033\2142\015h\274&\374"
 151      511050A4 
 151      011B8C32 
 151      0D68BC26 
 151      FC
 152 021d 3CCE8C7F 		.ascii	"<\316\214\177L\011@\023K\004j\376D\240>&1\012\311\330"
 152      4C094013 
 152      4B046AFE 
 152      44A03E26 
 152      310AC9D8 
 153 0231 E79885B8 		.ascii	"\347\230\205\270\316G*\361?\037\200<\177h\267FyK\270"
 153      CE472AF1 
 153      3F1F803C 
 153      7F68B746 
 153      794BB8
 154 0244 01ABABAD 		.ascii	"\001\253\253\255\035l\327r\236\011\243\316\315>\216"
 154      1D6CD772 
 154      9E09A3CE 
ARM GAS  C:\Users\8FEE~1\AppData\Local\Temp\cct2OmRf.s 			page 12


 154      CD3E8E
 155 0253 B54003E4 		.ascii	"\265@\003\344\260\022\216\033\212g\275\340\265\310\022"
 155      B0128E1B 
 155      8A67BDE0 
 155      B5C812
 156 0262 3127CA59 		.ascii	"1'\312Y\017\344\335h\272X\036\037\261CZx\223\371\210"
 156      0FE4DD68 
 156      BA581E1F 
 156      B1435A78 
 156      93F988
 157 0275 2A1E27DE 		.ascii	"*\036'\336\017\336\242\376\206^3-c\350\035\005\337\346"
 157      0FDEA2FE 
 157      865E332D 
 157      63E81D05 
 157      DFE6
 158 0287 6BD6D904 		.ascii	"k\326\331\004(n\253\220\366\313\240\021\254%8k\224\026"
 158      286EAB90 
 158      F6CBA011 
 158      AC25386B 
 158      9416
 159 0299 8C8BD599 		.ascii	"\214\213\325\231\302: \335O\2443\220\356x\377\231\336"
 159      C23A20DD 
 159      4FA43390 
 159      EE78FF99 
 159      DE
 160 02aa C9E18C26 		.ascii	"\311\341\214&T\027l:qI#\034\270\034\306\223\323-[\343"
 160      54176C3A 
 160      7149231C 
 160      B81CC693 
 160      D32D5BE3 
 161 02be 7528D928 		.ascii	"u(\331(\204\260\350<\001+GLRd\347K{\274\025\232\365"
 161      84B0E83C 
 161      012B474C 
 161      5264E74B 
 161      7BBC159A 
 162 02d3 B0082F8D 		.ascii	"\260\010/\215\207\237A\207Bl\004\206?\001V\214\235\273"
 162      879F4187 
 162      426C0486 
 162      3F01568C 
 162      9DBB
 163 02e5 77F3A7E1 		.ascii	"w\363\247\341\310fL\206\361e]\243m!R\232\234Y\023\225"
 163      C8664C86 
 163      F1655DA3 
 163      6D21529A 
 163      9C591395 
 164 02f9 662669D1 		.ascii	"f&i\321\210-\304\205u*\351N\222.at\235!\254\213#]3\351"
 164      882DC485 
 164      752AE94E 
 164      922E6174 
 164      9D21AC8B 
 165 0311 1287E91E 		.ascii	"\022\207\351\036\037|\330\016\244\323\302:\003\351N"
 165      1F7CD80E 
 165      A4D3C23A 
 165      03E94E
 166 0320 916E220E 		.ascii	"\221n\"\016E\241\315\335\251\337r\025\370\307\262\011"
 166      45A1CDDD 
 166      A9DF7215 
ARM GAS  C:\Users\8FEE~1\AppData\Local\Temp\cct2OmRf.s 			page 13


 166      F8C7B209 
 167 0330 C71AAF15 		.ascii	"\307\032\257\025\232\"D^*\232Q\224{\356\013\341\367"
 167      9A22445E 
 167      2A9A5194 
 167      7BEE0BE1 
 167      F7
 168 0341 4ED07922 		.ascii	"N\320y\"\234\036\311$\234\201T4m\351\027\015*52\021"
 168      9C1EC924 
 168      9C815434 
 168      6DE9170D 
 168      2A353211 
 169 0355 2C7016D7 		.ascii	",p\026\327\356\341E3\360Me\020\242\320\346Q\353\002"
 169      EEE14533 
 169      F04D6510 
 169      A2D0E651 
 169      EB02
 170 0367 5FD79825 		.ascii	"_\327\230%\250>\256\260\230\245\277k,K\031\264\320\032"
 170      A83EAEB0 
 170      98A5BF6B 
 170      2C4B19B4 
 170      D01A
 171 0379 8F5D3B57 		.ascii	"\217];W4\243\230S.\006\347H\240\276t\030\030\234\007"
 171      34A39853 
 171      2E06E748 
 171      A0BE7418 
 171      189C07
 172 038c DC135C20 		.ascii	"\334\023\\ \374\201=\242\224\373\364\252?M\323r\025"
 172      FC813DA2 
 172      94FBF4AA 
 172      3F4DD372 
 172      15
 173 039d 5D14E2B4 		.ascii	"]\024\342\264&\310\343\035\252\023F\025\007\006\027"
 173      26C8E31D 
 173      AA134615 
 173      070617
 174 03ac 619A1CE9 		.ascii	"a\232\034\351o\203W\333\025\374\002\227@\225E3\270,"
 174      6F8357DB 
 174      15FC0297 
 174      40954533 
 174      B82C
 175 03be 6FE6838D 		.ascii	"o\346\203\215M\275\361\3236G\334\023I\373\250\242\252"
 175      4DBDF1D3 
 175      3647DC13 
 175      49FBA8A2 
 175      AA
 176 03cf D52CDD57 		.ascii	"\325,\335W\310\015AP%\321\262\001\214\341Q\350\312\277"
 176      C80D4150 
 176      25D1B201 
 176      8CE151E8 
 176      CABF
 177 03e1 D90C6100 		.ascii	"\331\014a\000\222\206\237\205I>\232\015\374\202g\001"
 177      92869F85 
 177      493E9A0D 
 177      FC826701 
 178 03f1 17FA76EE 		.ascii	"\027\372v\356\334\306q\001\177\374OA\347\223i*\344c"
 178      DCC67101 
 178      7FFC4F41 
ARM GAS  C:\Users\8FEE~1\AppData\Local\Temp\cct2OmRf.s 			page 14


 178      E793692A 
 178      E463
 179 0403 70157274 		.ascii	"p\025rt\236Dq\375\311\362\250\324\321QI\242i>\276\333"
 179      9E4471FD 
 179      C9F2A8D4 
 179      D15149A2 
 179      693EBEDB 
 180 0417 59AA4506 		.ascii	"Y\252E\006\032\245V\031A\255\177\212\316_A\013\264\216"
 180      1AA55619 
 180      41AD7F8A 
 180      CE5F410B 
 180      B48E
 181 0429 8AED1468 		.ascii	"\212\355\024h\223\330j4\271_\301\212\202\346\027O\002"
 181      93D86A34 
 181      B95FC18A 
 181      82E6174F 
 181      02
 182 043a 8914EC55 		.ascii	"\211\024\354UP\340\032\272\344\301\273\025M6f\364\233"
 182      50E01ABA 
 182      E4C1BB15 
 182      4D3666F4 
 182      9B
 183 044b 0DA16A1E 		.ascii	"\015\241j\036\215\256\301u\031\335H\321o\020`*6f\223"
 183      8DAEC175 
 183      19DD48D1 
 183      6F10602A 
 183      366693
 184 045e 7F3F2A69 		.ascii	"\177?*i\177\303\2732\325G$B\273\274!\250cG\006k\377"
 184      7FC3BB32 
 184      D5472442 
 184      BBBC21A8 
 184      6347066B 
 185 0473 4AA04A5E 		.ascii	"J\240J^\3031v@\212\316\223\207\370\214a\262\344\177"
 185      C3317640 
 185      8ACE9387 
 185      F88C61B2 
 185      E47F
 186 0485 98BC2999 		.ascii	"\230\274)\231\214\266)\021\343u\216\305dp\210Im\030"
 186      8CB62911 
 186      E3758EC5 
 186      64708849 
 186      6D18
 187 0497 56B708AB 		.ascii	"V\267\010\253\021\220\316w0\350\"\261q$\244\357\226"
 187      1190CE77 
 187      30E822B1 
 187      7124A4EF 
 187      96
 188 04a8 704ACEA0 		.ascii	"pJ\316\240{$\244\267%\244\241\227 }\256w7\232\207\370"
 188      7B24A4B7 
 188      25A4A197 
 188      207DAE77 
 188      379A87F8 
 189 04bc EB94FCF5 		.ascii	"\353\224\374\365H\376ba\353\215\302F\301\345%\251\312"
 189      48FE6261 
 189      EB8DC246 
 189      C1E525A9 
 189      CA
ARM GAS  C:\Users\8FEE~1\AppData\Local\Temp\cct2OmRf.s 			page 15


 190 04cd 1BB81F4E 		.ascii	"\033\270\037NtH\346\210!4\372\272\002\273\342\322\253"
 190      7448E688 
 190      2134FABA 
 190      02BBE2D2 
 190      AB
 191 04de C556E4CA 		.ascii	"\305V\344\312\310\240\017\322\331}\354`\211\274\006"
 191      C8A00FD2 
 191      D97DEC60 
 191      89BC06
 192 04ed 7F07A0C1 		.ascii	"\177\007\240\301)\235\227\313\323\261\343\374\351\361"
 192      299D97CB 
 192      D3B1E3FC 
 192      E9F1
 193 04fb 2B80773A 		.ascii	"+\200w:P$\3145+-\315\032\376\265\255t,s\270<\357\314"
 193      5024CC35 
 193      2B2DCD1A 
 193      FEB5AD74 
 193      2C73B83C 
 194 0511 7BCFEAF2 		.ascii	"{\317\352\362X\335\331V\217\333\206\037\227oX\235\351"
 194      58DDD956 
 194      8FDB861F 
 194      976F589D 
 194      E9
 195 0522 74D8D26C 		.ascii	"t\330\322lLqf\251\370lW\263\334\016\227\222\365\031"
 195      4C7166A9 
 195      F86C57B3 
 195      DC0E9792 
 195      F519
 196 0534 CF74AF50 		.ascii	"\317t\257P\262\227\363u\236,%;+nm\346\2525\366\364\377"
 196      B297F375 
 196      9E2C253B 
 196      2B6E6DE6 
 196      AA35F6F4 
 197 0549 08677339 		.ascii	"\010gs9\235\256\325\326,\227;\333c]\2608ca\306zT\330"
 197      9DAED5D6 
 197      2C973BDB 
 197      635DB038 
 197      6361C67A 
 198 055f 5C6EFBD2 		.ascii	"\\n\373\322\265\363\234i+\331\374\261\215\366\365\331"
 198      B5F39C69 
 198      2BD9FCB1 
 198      8DF6F5D9 
 199 056f D685194B 		.ascii	"\326\205\031K>Zbu\254\266\255Z\263\334n\2659=\016\317"
 199      3E5A6275 
 199      ACB6AD5A 
 199      B3DC6EB5 
 199      393D0ECF 
 200 0583 D215361B 		.ascii	"\322\0256\033\232\307\330DT\276\322\263\301\203\322"
 200      9AC7D844 
 200      54BED2B3 
 200      C183D2
 201 0592 09194B16 		.ascii	"\011\031K\026[\226ez\354\270\211\267-\251s\230\342f"
 201      5B96657A 
 201      ECB889B7 
 201      2DA97398 
 201      E266
 202 05a4 9AD3EE74 		.ascii	"\232\323\356t\2717\260\177\001\004\014\010^"
ARM GAS  C:\Users\8FEE~1\AppData\Local\Temp\cct2OmRf.s 			page 16


 202      B937B07F 
 202      01040C08 
 202      5E
 203              		.text
 204              		.section	.gnu.lto_.symbol_nodes.95615bac,"",%progbits
 205 0000 789C55CE 		.ascii	"x\234U\316\275\021@@\024\004\340\335;\327\206Z\250\354"
 205      BD114040 
 205      1404E0DD 
 205      3BD7865A 
 205      A8EC
 206 0012 5D664624 		.ascii	"]fF$\026\253B,V\203@\017\376\206\261H\334Kv\347\333"
 206      16AB422C 
 206      5683400F 
 206      FE86B148 
 206      DC4B76E7 
 207 0027 E40538B4 		.ascii	"\344\0058\264\320\271\205\0064#\240\350c)YiL\204\007"
 207      D0B98506 
 207      3423A0E8 
 207      63295969 
 207      4C8407
 208 003a CDBD02C4 		.ascii	"\315\275\002\304X\010v\232O`\243e\011\234\264\360\007"
 208      5808769A 
 208      4F60A365 
 208      099CB4F0 
 208      07
 209 004b 8F0CDD74 		.ascii	"\217\014\335t\321\253\015\325\231{=\320\325J\206\317"
 209      D1AB0DD5 
 209      997B3DD0 
 209      D54A86CF 
 210 005b B5CC8FD3 		.ascii	"\265\314\217\323a\226\343\006\\-)\247"
 210      6196E306 
 210      5C2D29A7 
 211              		.text
 212              		.section	.gnu.lto_.refs.95615bac,"",%progbits
 213 0000 789C6365 		.ascii	"x\234ce`b`d\000\002\000\000I\000\011"
 213      60626064 
 213      00020000 
 213      490009
 214              		.text
 215              		.section	.gnu.lto_.decls.95615bac,"",%progbits
 216 0000 789CBD3A 		.ascii	"x\234\275:iP\224\351\231\375~o\037\32040A\2232\263T"
 216      695094E9 
 216      99FD7E6F 
 216      1FD03430 
 216      419332B3 
 217 0015 C59A321B 		.ascii	"\305\2322\033j&\32113\231c\223\332\235Yk\223L\355N&"
 217      6A26D131 
 217      33996393 
 217      DA9D596B 
 217      934CED4E 
 218 002a 1533D93F 		.ascii	"\0253\331?\356v!\364\010\031\256t7\343\230\332\252|"
 218      EE7621F4 
 218      0819AE74 
 218      37E398DA 
 218      AA7C
 219 003c 0822E081 		.ascii	"\010\"\340\201\002\"\247\"\002r\012\243x\202\212\250"
 219      0222A722 
ARM GAS  C:\Users\8FEE~1\AppData\Local\Temp\cct2OmRf.s 			page 17


 219      02720AA3 
 219      78828AA8 
 220 004c 80288778 		.ascii	"\200(\207x\013r\312\241\310!8\234\002\373\274G\367\367"
 220      0B72CAA1 
 220      C821389C 
 220      02FBBC47 
 220      F7F7
 221 005e 75D38D4E 		.ascii	"u\323\215NUv)\236\376\276\347\375\236\367\271\237\347"
 221      5576299E 
 221      FEBEE7FD 
 221      9EF7B99F 
 221      E7
 222 006f 7DBF43A5 		.ascii	"}\277C\245\020\024\265k\024\212i\215B1\200\024\212\005"
 222      1014B56B 
 222      148A698D 
 222      42318014 
 222      8A05
 223 0081 F8C30A85 		.ascii	"\370\303\012\205\242\004\200\034\275\001\324\000\237"
 223      A204801C 
 223      BD01D400 
 223      9F
 224 008e 29D81F39 		.ascii	")\330\0379\277\000tw\000Z\001\236\001L\002\314\"\305"
 224      BF007477 
 224      005A019E 
 224      014C02CC 
 224      22C5
 225 00a0 A2BFBF01 		.ascii	"\242\277\277\001\203\327\341\350\005\260\034\300\004"
 225      83D7E1E8 
 225      05B01CC0 
 225      04
 226 00ad 3445004D 		.ascii	"4E\000Mp~\025\240\012\240\034\340s\200A\030\377%\300"
 226      707E15A0 
 226      0AA01CE0 
 226      73804118 
 226      FF25C0
 227 00c0 0BC4644D 		.ascii	"\013\304dM\300\361\034\034\347\341\210\005\205B\011"
 227      C0F11C1C 
 227      E7E18805 
 227      854209
 228 00cf A0021805 		.ascii	"\240\002\030\005\334\014\360.\342\272\011L\247\007\200"
 228      DC0CF02E 
 228      E2BA094C 
 228      A70780
 229 00de 83098AC7 		.ascii	"\203\011\212\307p\354\001\350\006x\004\320\017\320\007"
 229      70EC01E8 
 229      067804D0 
 229      0FD007
 230 00ed B01FC095 		.ascii	"\260\037\300\225\353N\364u\205yn\000\337\023\230\015"
 230      EB4EF475 
 230      85796E00 
 230      DF13980D 
 231 00fd C4966570 		.ascii	"\304\226ep\376}a\261\035%`\307?\330\331q\0239\266\201"
 231      FE7D61B1 
 231      1D2560C7 
 231      3FD8D971 
 231      1339B681 
 232 0111 E84EECF8 		.ascii	"\350N\354\370\001\360\231\201\343\015n\357w\265\305"
ARM GAS  C:\Users\8FEE~1\AppData\Local\Temp\cct2OmRf.s 			page 18


 232      01F09981 
 232      E30D6EEF 
 232      77B5C5
 233 0120 55664B93 		.ascii	"UfK\223\023{\376\314\351\356p\377/e\023\011\317\217"
 233      137BFECC 
 233      E9EE70FF 
 233      2F651309 
 233      CF8F
 234 0132 EC6CDB8F 		.ascii	"\354l\333\217\321\311]\227\317\011\355\250\015\021\222"
 234      D1C95D97 
 234      CF09EDA8 
 234      0D1192
 235 0141 D7E82842 		.ascii	"\327\350(B\354\027Q\240\350\202\345\017!:\016\243\002"
 235      EC1751A0 
 235      E882E50F 
 235      213A0EA3 
 235      02
 236 0152 FD658474 		.ascii	"\375e\204t\010Yfp\\\340\250\300Y\322\177>\031\3118\262"
 236      08596670 
 236      5CE0A8C0 
 236      59D27F3E 
 236      19C938B2 
 237 0166 CB4C92E5 		.ascii	"\313L\222\345O\301\310\231&\012\312\235\315F\202$\000"
 237      4FC1C899 
 237      260ACA9D 
 237      CD468224 
 237      00
 238 0177 21F90419 		.ascii	"!\371\004\031C\2466\277n\325O!\031\207,\326?K\275\336"
 238      43A636BF 
 238      6ED54F21 
 238      19872CD6 
 238      3F4BBDDE 
 239 018b A7ED400F 		.ascii	"\247\355@\017\311h\326G\210\216\035\234\314\237\325"
 239      C968D647 
 239      888E1D9C 
 239      CC9FD5
 240 019a 600191F3 		.ascii	"`\001\221\363\216\351\374_\257.\026\331\237\313j\311"
 240      8EE9FC5F 
 240      AF2E16D9 
 240      9FCB6AC9 
 241 01aa 6D478B67 		.ascii	"mG\213g\313\264$\214\350s\035\332\250$C7\242\3122\360"
 241      CBB4248C 
 241      E8731DDA 
 241      A8244337 
 241      A2CA32F0 
 242 01be 6E8CBCB4 		.ascii	"n\214\274\264HIX7\244\365x\000\272\\\213V:\236pea\262"
 242      48495837 
 242      A4F57800 
 242      BA5C8B56 
 242      3A9E7065 
 243 01d4 CA934D10 		.ascii	"\312\223M\020\000m\031\275\236\351\306&\274\006\350"
 243      006D19BD 
 243      9EE9C626 
 243      BC06E8
 244 01e3 D3E3D773 		.ascii	"\323\343\327s\361\212d*9R|M@\177\372\001*C\336\250\024"
 244      F18A642A 
 244      39527C4D 
ARM GAS  C:\Users\8FEE~1\AppData\Local\Temp\cct2OmRf.s 			page 19


 244      407FFA01 
 244      2A43DEA8 
 245 01f8 41A6A06F 		.ascii	"A\246\240o\320\012\370=\212\224L\235\362\322\353\231"
 245      D00AF83D 
 245      8A944C9D 
 245      F2D2EB99 
 246 0208 5A5D9C28 		.ascii	"Z]\234(n\025\367D\212\256\277%\327Q\011P\027S\352cH"
 246      6E15F744 
 246      8AAEBF25 
 246      D7510950 
 246      1753EA63 
 247 021d 870AD16A 		.ascii	"\207\012\321jF[Z\235\363\324\005\377\210\330'\\j\256"
 247      465B5A9D 
 247      F3D405FF 
 247      88D8275C 
 247      6AAE
 248 022f 6F72433A 		.ascii	"orC:\037'3\321\011\344#\233\234Gt\251Z\210z#b\233(\012"
 248      1F2733D1 
 248      09E4239B 
 248      9C4774A9 
 248      5A887A23 
 249 0247 A81C2E1C 		.ascii	"\250\034.\034G\230_$t\\\300x\346\270\222\232J(\212\020"
 249      47985F24 
 249      745CC078 
 249      E6B8929A 
 249      4A288A10 
 250 025b 35F6615D 		.ascii	"5\366a]A\021\361\316O\264\210\004\311\223\320==3\355"
 250      4111F1CE 
 250      4FB48804 
 250      C993D03D 
 250      3D33ED
 251 026e CE860845 		.ascii	"\316\206\010EK\374X\216\006\377\211\352\225Z\177\267"
 251      4BFC588E 
 251      06FF89EA 
 251      955A7FB7 
 252 027e 5A897CB4 		.ascii	"Z\211|\264LbS\306?\247\216\211\342JT\201\264\350\214"
 252      4C6253C6 
 252      3FA78E89 
 252      E24A5481 
 252      B4E88C
 253 0291 24F1275A 		.ascii	"$\361'Z\370\215\261\252\256\220\364>\013z\003[B\207"
 253      F88DB1AA 
 253      AE90F43E 
 253      0B7A035B 
 253      4287
 254 02a3 4EC3E029 		.ascii	"N\303\340)\030\004\021\0059{\263\325\270\035Q\0315\347"
 254      18041105 
 254      397BB3D5 
 254      B81D5119 
 254      35E7
 255 02b5 5BEF2991 		.ascii	"[\357)\221\326\307!\203\363\016\030p\363+\337\250\241"
 255      D6C72183 
 255      F30E1870 
 255      F32BDFA8 
 255      A1
 256 02c6 E69F0365 		.ascii	"\346\237\003e*%e@7f\276\2304{\320\035\337\247\011$\210"
 256      2A256540 
ARM GAS  C:\Users\8FEE~1\AppData\Local\Temp\cct2OmRf.s 			page 20


 256      3766BE98 
 256      347BD01D 
 256      DFA70924 
 257 02db BD577A05 		.ascii	"\275Wz\005gB.:\025\322\324\2662e\206X\\\005B.HB\316"
 257      67422E3A 
 257      15D2D4B6 
 257      32658658 
 257      5C05422E 
 258 02f2 5984545D 		.ascii	"Y\204T]\250\335\251\243>&\024'\231\217oO\235\233\321"
 258      A8DDA9A3 
 258      3E261427 
 258      998F6F4F 
 258      9D9BD1
 259 0305 E15C4C24 		.ascii	"\341\\L$+;\017\217\015\252\221\2177BZ\200<K\016+P\015"
 259      2B3B0F8F 
 259      0DAA918F 
 259      37425A80 
 259      3C4B0E2B 
 260 031b 4CB884B0 		.ascii	"L\270\204\260\245\007\244\211\240\333\350\337\3100\363"
 260      A507A489 
 260      A0DBE8DF 
 260      C830F3
 261 032a E568B688 		.ascii	"\345h\266\210W(\320;\336\350m\320\3612\350H.)P-hx\005"
 261      5728D03B 
 261      DEE86DD0 
 261      F132E848 
 261      2E29502D 
 262 0341 344C135D 		.ascii	"4L\023]\350\010\010\334\323p(\335U\313g\305,9\013\250"
 262      E80808DC 
 262      D37028DD 
 262      55CB67C5 
 262      2C390BA8 
 263 0355 47C7DB6E 		.ascii	"G\307\333n\011\362$\255\003M\244$\275J\363\207\020v"
 263      09F224AD 
 263      034DA424 
 263      BD4AF387 
 263      1076
 264 0367 C5753F56 		.ascii	"\305u?VQ\343`\014U\333&\320g\213\023\3503\226@9\323"
 264      51E3600C 
 264      55DB26D0 
 264      678B13E8 
 264      33964039 
 265 037c 23A774B8 		.ascii	"#\247t\270\220\232/\33487\324\345\"e\320\360\033\025"
 265      909A2FDC 
 265      3837D4E5 
 265      2265D0F0 
 265      1B15
 266 038e EDC49F4D 		.ascii	"\355\304\237M \262A\362\347gN3\250\021,\370\214\307"
 266      20B241F2 
 266      E7674E33 
 266      A8112CF8 
 266      8CC7
 267 03a0 E63A0C5E 		.ascii	"\346:\014^c6\324~\023\331\304\312\230p\252g\252Y*\327"
 267      6336D47E 
 267      13D9C4CA 
 267      9870AA67 
 267      AA592AD7 
ARM GAS  C:\Users\8FEE~1\AppData\Local\Temp\cct2OmRf.s 			page 21


 268 03b4 8B55EEC9 		.ascii	"\213U\356\311\276\2535ZV\310\"\002<\255\342y\275\212"
 268      BEAB355A 
 268      56C82202 
 268      3CADE279 
 268      BD8A
 269 03c6 5D7601F4 		.ascii	"]v\001\364\324p\321)wv\271\212\314>3.\226\273\343b%"
 269      D470D129 
 269      7776B98A 
 269      CC3E332E 
 269      96BBE362 
 270 03db B5E1F2F3 		.ascii	"\265\341\362\363\216<\035>\316\220\261\366\374BW|\232"
 270      8E3C1D3E 
 270      CE90B1F6 
 270      FC42577C 
 270      9A
 271 03ec 217BDAA6 		.ascii	"!{\332\246+\335\360y\216\314\316uj\360%\206\014\345"
 271      2BDDF079 
 271      8ECCCE75 
 271      6AF02586 
 271      0CE5
 272 03fe 361E7305 		.ascii	"6\036s\005\206>Z\3647\231W|\230W2\366v\357w\305W)\251"
 272      863E5AF4 
 272      3799577C 
 272      985732F6 
 272      76EF77C5 
 273 0415 70E0E9BD 		.ascii	"p\340\351\275HwY]\375c&\255\253v\260\245M\362\212\217"
 273      4877595D 
 273      FD6326AD 
 273      AB76B0A5 
 273      4DF28A8F 
 274 0429 D52B5991 		.ascii	"\325+Y\221\342\367\"\326*\320-\360\300M\342\226\207"
 274      E2F722D6 
 274      2AD02DF0 
 274      C04DE296 
 274      87
 275 043a E0161FEE 		.ascii	"\340\026\037\356\226V\030|\300\334\262=*?\336\015\337"
 275      9656187C 
 275      C0DCB23D 
 275      2A3FDE0D 
 275      DF
 276 044b 6242AEB4 		.ascii	"bB\256\264F\177e\225\261P\371\363ZZ.] \243C\222\321"
 276      467F6595 
 276      B150F9F3 
 276      5A5A2E5D 
 276      20A34392 
 277 0460 8E9C0BE9 		.ascii	"\216\234\013\351t,\244\275\264\365\262\022?dBZ\366G"
 277      742CA4BD 
 277      B4F5B212 
 277      3F64425A 
 277      F647
 278 0472 8FA8AC52 		.ascii	"\217\250\254Rj3\361\303K\220YJ\364\010\304tKb\272\226"
 278      6A33F1C3 
 278      4B90594A 
 278      F408C474 
 278      4B62BA96 
 279 0486 10D3E358 		.ascii	"\020\323\343XLn\364\355~\017\234\251\242\336+\256N\255"
 279      4C6EF4ED 
ARM GAS  C:\Users\8FEE~1\AppData\Local\Temp\cct2OmRf.s 			page 22


 279      7E0F9CA9 
 279      A2DE2BAE 
 279      4EAD
 280 0498 77C3050C 		.ascii	"w\303\005\014\311\216\270}\315\035\037eH\307l\373\011"
 280      C98EB87D 
 280      CD1D1F65 
 280      48C76CFB 
 280      09
 281 04a9 8C8F33A4 		.ascii	"\214\2173\244p\376y\275'>\315\220\326\0035\217u\270"
 281      70FE79BD 
 281      273ECD90 
 281      D603358F 
 281      75B8
 282 04bb 862152DF 		.ascii	"\206!R\337\207lb}\377\321h\312\240\2735\207\006Y\016"
 282      876C627D 
 282      FFD168CA 
 282      A0BB3587 
 282      06590E
 283 04ce DD2AB992 		.ascii	"\335*\271\222\247\222\267{X&\244v?D\333\375SK\273?q"
 283      A792B77B 
 283      5826A476 
 283      3F44DBFD 
 283      534BBB3F 
 284 04e3 FD60BA4A 		.ascii	"\375`\272J^IC6\355~X\336\356\217\267\357\276\344\216"
 284      5E494336 
 284      ED7E58DE 
 284      EE8FB7EF 
 284      BEE48E
 285 04f6 9BA83642 		.ascii	"\233\2506B\354@w/\262\355\367\362\251\350\031\270d\330"
 285      EC40772F 
 285      B2EDF7F2 
 285      A9E819B8 
 285      64D8
 286 0508 AEDFF757 		.ascii	"\256\337\367W\340\370\303\324\267\243peD\362\355\260"
 286      E0F8C3D4 
 286      B7A37065 
 286      44F2EDB0 
 287 0518 A5E12725 		.ascii	"\245\341'%\337+\364\304\373\324\324`\313\272\347\305"
 287      DF2BF4C4 
 287      FBD4D460 
 287      CBBAE7C5 
 288 0528 D7BD810B 		.ascii	"\327\275\201\013\031\226b \253\\~\351\321\273n\370\020"
 288      19966220 
 288      AB5C7EE9 
 288      D1BB6EF8 
 288      10
 289 0539 A32D9A8C 		.ascii	"\243-\232\214:\341\211s\031b\251\013/^\027\371}\031"
 289      3AE18973 
 289      1962A90B 
 289      2F5E17F9 
 289      7D19
 290 054b BB750CFF 		.ascii	"\273u\014\377\2008\250\271=\027\343\"F\333v|\327%\027"
 290      8038A8B9 
 290      3D17E322 
 290      46DB767C 
 290      D72517
 291 055e 5CCE908A 		.ascii	"\\\316\220\212S\2255\274\276\336\0064\362Qf\227\007"
ARM GAS  C:\Users\8FEE~1\AppData\Local\Temp\cct2OmRf.s 			page 23


 291      539535BC 
 291      BEDE0634 
 291      F2516697 
 291      07
 292 056f AE64D76A 		.ascii	"\256d\327j\342\243vj\361\025\212\010E\273b\236:\355"
 292      E2A3766A 
 292      F1158A08 
 292      45BB629E 
 292      3AED
 293 0581 F80B4B34 		.ascii	"\370\013K4\343\237\262f<\017\341\232s\320\214\323\307"
 293      E39FB266 
 293      3C0FE19A 
 293      73D08CD3 
 293      C7
 294 0592 1F3E7665 		.ascii	"\037>ve\012\370\220U\346\354x\256\032\337`\012\\\356"
 294      0AF89055 
 294      E6EC78AE 
 294      1ADF600A 
 294      5CEE
 295 05a4 B959A7C2 		.ascii	"\271Y\247\302\017\030\222U\335\3653<\310\316\317\356"
 295      0F189255 
 295      DDF5333C 
 295      C8CECFEE 
 296 05b4 AB1C72C1 		.ascii	"\253\034r\301\243\014\351^\230\3773\0265\364<\2668\266"
 296      A30CE95E 
 296      98FF3316 
 296      35F43CB6 
 296      38B6
 297 05c6 C603C730 		.ascii	"\306\003\3070$\373B\305S\015NaH\376\223\216\027\030"
 297      24FB42C5 
 297      530D4E61 
 297      48FE938E 
 297      1718
 298 05d8 1F614857 		.ascii	"\037aHW[m\231\007.`H\305dz\205'.cHC\317\302\230\026"
 298      5B6D9907 
 298      2E6048C5 
 298      647A8527 
 298      2E634843 
 299 05f0 9F62C8A9 		.ascii	"\237b\310\251\264\371*%>\317\220m\273J\366\223`\250"
 299      B4F92A25 
 299      3ECF906D 
 299      BB4AF693 
 299      60A8
 300 0602 590FD5D0 		.ascii	"Y\017\325\320d\2349\251dC\304\330\257a(3\265\355\033"
 300      649C39A9 
 300      6443C4D8 
 300      AF612833 
 300      B5ED1B
 301 0615 0F5C4DA7 		.ascii	"\017\\M\247\010O\273b\343d}4\343\275\324Q\342\212\275"
 301      084FBB62 
 301      E3647D34 
 301      E3BDD451 
 301      E28ABD
 302 0628 8216C50B 		.ascii	"\202\026\305\013VW\250y\225\211\213\334\272G\360!\274"
 302      5657A879 
 302      95898BDC 
 302      BA47F021 
ARM GAS  C:\Users\8FEE~1\AppData\Local\Temp\cct2OmRf.s 			page 24


 302      BC
 303 0639 A95B770B 		.ascii	"\251[w\013\336h\227@\213llz\264\\\211\2573\031q]cs\236"
 303      DE689740 
 303      8B6C6C7A 
 303      B45C89AF 
 303      3319715D 
 304 0650 2C2E8B19 		.ascii	",.\213\031$9``m-'hkI\004e\022$e@7\276\216\210\263\251"
 304      24396060 
 304      6D2D2768 
 304      6B490465 
 304      12246540 
 305 066a 3A7C8B09 		.ascii	":|\213\011\251(9\034\243\225\014i{\227\305t?\314\335"
 305      A928391C 
 305      A3950C69 
 305      7B97C574 
 305      3FCCDD
 306 067d 27CD4D14 		.ascii	"'\315M\024\234Z\222\354\330\222\231\3043'\334\360\003"
 306      9C5A92EC 
 306      D89299C4 
 306      3327DCF0 
 306      03
 307 068e E6E01DFB 		.ascii	"\346\340\035\373\206\362<p'Cf\007\222\356#\226\026:"
 307      86F23C70 
 307      27436607 
 307      92EE2396 
 307      163A
 308 06a0 40B756DC 		.ascii	"@\267V\334\337\353\311*\241\223\256\03231\363J<\304"
 308      DFEBC92A 
 308      A193AE1A 
 308      3331F34A 
 308      3CC4
 309 06b2 68EFEEBC 		.ascii	"h\357\356\274\331\252\306\3372U\247\237\324\225\270"
 309      D9AAC6DF 
 309      3255A79F 
 309      D495B8
 310 06c1 5955AD5F 		.ascii	"YU\255_\001\3136:\010zf\276\222\236\007\034\353Y\323"
 310      01CB363A 
 310      087A66BE 
 310      929E071C 
 310      EB59D3
 311 06d4 9435EE82 		.ascii	"\2245\356\202g\231\2703{\023 \371\"\\(\322\236\262\243"
 311      6799B833 
 311      7B1320F9 
 311      225C28D2 
 311      9EB2A3
 312 06e7 C20D2731 		.ascii	"\302\015'1\344|\374\330iW\234\316\220\355S\335e\236"
 312      E47CFCD8 
 312      69579CCE 
 312      90ED53DD 
 312      659E
 313 06f9 3887214F 		.ascii	"8\207!O\"\253\272\224\270\210!\245\333\036\025\270\200"
 313      22ABBA94 
 313      B88821A5 
 313      DB1E15B8 
 313      80
 314 070a 31DE9049 		.ascii	"1\336\220IH\266\350x\263E\247\274j\274D\211\313(\255"
 314      48B6E878 
ARM GAS  C:\Users\8FEE~1\AppData\Local\Temp\cct2OmRf.s 			page 25


 314      B345A7BC 
 314      6ABC4489 
 314      CB28AD
 315 071d 70B2FC51 		.ascii	"p\262\374Q\232\314\363\031\253\267m'Q+\004\213\362%"
 315      9ACCF319 
 315      ABB76D27 
 315      512B048B 
 315      F225
 316 072f 8BBCAD8D 		.ascii	"\213\274\255\215\332v\003R\000\346xss\216\2009y\314"
 316      DA760352 
 316      00E67873 
 316      738E8039 
 316      79CC
 317 0741 9C8283F9 		.ascii	"\234\202\203\371\227\335\361Y&!u\337\305r\017\331\222"
 317      97DDF159 
 317      262175DF 
 317      C5720FD9 
 317      92
 318 0752 F3C6719A 		.ascii	"\363\306q\232\027% \241H\222P(8\021Q\354X\304\326\304"
 318      172520A1 
 318      48925028 
 318      381151EC 
 318      58C4D6C4 
 319 0766 9BC5AEB8 		.ascii	"\233\305\256\270\232\211\350\252\272\224\200e\351\363"
 319      9A89E8AA 
 319      BA948065 
 319      E9F3
 320 0774 C15D6A44 		.ascii	"\301]jD\031\2108*\211(q&\242\324\261\210}i}+p=s\351"
 320      1988382A 
 320      89287126 
 320      A2D4B188 
 320      7D697D2B 
 321 078c 8E9DF3A5 		.ascii	"\216\235\363\245\03073q\231\347g\342%\213\2725\037\241"
 321      18373371 
 321      99E767E2 
 321      258BBA35 
 321      1FA1
 322 079e 729074EC 		.ascii	"r\220t\354\025$\035w,\351a\346\310\270\022\337c\242"
 322      15241D77 
 322      2CE961E6 
 322      C8B812DF 
 322      63A2
 323 07b0 722E95DE 		.ascii	"r.\225\336\320\340v&\252\347\361\261)iO\360\004D\235"
 323      D0E07626 
 323      AAE7F1B1 
 323      29694FF0 
 323      04449D
 324 07c3 0651275F 		.ascii	"\006Q'_A\324)\307\242\206\243z;"
 324      41D429C7 
 324      A286A37A 
 324      3B
 325 07d0 F9766805 		.ascii	"\371vh\005)\220\244\224wp?\023\234?\362\370\252\207"
 325      2990A494 
 325      77703F13 
 325      9C3FF2F8 
 325      AA87
 326 07e2 7CE17A64 		.ascii	"|\341zd\263\005\254\020,[\300\255\335'\357 <\314f]l"
ARM GAS  C:\Users\8FEE~1\AppData\Local\Temp\cct2OmRf.s 			page 26


 326      B305AC10 
 326      2C5BC0AD 
 326      DD27EF20 
 326      3CCC665D 
 327 07f7 882C70C3 		.ascii	"\210,p\303\343\014\351\236;\364H\203\247\0312\225r5"
 327      E30CE99E 
 327      3BF44883 
 327      A7193295 
 327      7235
 328 0809 C71D2F30 		.ascii	"\307\035/0$\241\270\371\256\032G\272\262\244>:_\251"
 328      24A1B8F9 
 328      AE1A47BA 
 328      B2A43E3A 
 328      5FA9
 329 081b C6D10C39 		.ascii	"\306\321\0149\330\366\254D\203c)\"\\\274}\250\300\335"
 329      D8F6AC44 
 329      83632922 
 329      5CBC7DA8 
 329      C0DD
 330 082d 760D845B 		.ascii	"v\015\204[+k\371\\\006\243>\267]\001aw\321\320\263\235"
 330      2B6BF95C 
 330      06A33EB7 
 330      5D016177 
 330      D1D0B39D 
 331 0841 AC809704 		.ascii	"\254\200\227\004\330\217J\236\371\234/\200\235[kn\272"
 331      D88F4A9E 
 331      F99C2F80 
 331      9D5B6B6E 
 331      BA
 332 0852 E00426EC 		.ascii	"\340\004&\354\331\360\255\027\3568\231!\342\364\371"
 332      D9F0AD17 
 332      EE389921 
 332      E2F4F9
 333 0861 076A9CC6 		.ascii	"\007j\234\306\220\326}S\235\2568\223!u\267w\\P\342,"
 333      90D67D53 
 333      9DAE3893 
 333      2175B777 
 333      5C50E22C 
 334 0875 861CB9D6 		.ascii	"\206\034\271\326)\252\360a\206T\306]{\341\202\363\030"
 334      29AAF061 
 334      8654C65D 
 334      7BE182F3 
 334      18
 335 0886 927676FB 		.ascii	"\222vv\373V-.`H\321\302x\274\016\0273d\252\362F\266"
 335      562D2E60 
 335      48D1C278 
 335      BC0E1733 
 335      64AAF246 
 336 089b C0DCBC8A 		.ascii	"\300\334\274\212lA\252v\324a\326^\262`\241u\333\227"
 336      6C41AA76 
 336      D461D65E 
 336      B260A175 
 336      DB97
 337 08ad 7DE2B207 		.ascii	"}\342\262\007Z\305\376\226\255\362Y\225M\354\255\252"
 337      5AC5FE96 
 337      ADF25995 
 337      4DECADAA 
ARM GAS  C:\Users\8FEE~1\AppData\Local\Temp\cct2OmRf.s 			page 27


 338 08bd 2D553D2E 		.ascii	"-U=.\252\337)fU#jM-XsWX&\331\177\203F\242\204\374*\330"
 338      AADF2966 
 338      55236A4D 
 338      2D587357 
 338      5826D97F 
 339 08d8 9496FF4E 		.ascii	"\224\226\377N\025\253\2420%\257\261'?#\020\362\265\022"
 339      15ABA230 
 339      25AFB127 
 339      3F2310F2 
 339      B512
 340 08ea 75B58CBA 		.ascii	"u\265\214\272\3161s\031u\267\214\372\242=\365\370\""
 340      CE317319 
 340      75B78CFA 
 340      A23DF5F8 
 340      22
 341 08fb EAFF92A8 		.ascii	"\352\377\222\250\257\333S\257\261#~\"#\276\346\220X"
 341      AFDB53AF 
 341      B1237E22 
 341      23BEE690 
 341      58
 342 090c 6EE48C8C 		.ascii	"n\344\214\214\372\252=\365M\231O\366\322\236+\212\037"
 342      FAAA3DF5 
 342      4D994FF6 
 342      D29E2B8A 
 342      1F
 343 091d 2961FF06 		.ascii	")a\377\006I\337\010\016@\015|\006\344\005\272\017\011"
 343      49DF080E 
 343      400D7C06 
 343      E405BA0F 
 343      09
 344 092e 744B5885 		.ascii	"tKX\205n\003\334\003\270\003\320\002\320\014p\003\340"
 344      6E03DC03 
 344      B803D002 
 344      D00C7003 
 344      E0
 345 093f 01C04D61 		.ascii	"\001\300Ma\025\275\371b\262\307d\262\353\035\313\246"
 345      15BDF962 
 345      B2C764B2 
 345      EB1DCBA6 
 346 094f 76B16C6C 		.ascii	"v\261lll}-B\024\021\241R\360D\224X\265\267{%D\212uo"
 346      6C7D2D42 
 346      1411A152 
 346      F0449458 
 346      B5B77B25 
 347 0967 535E571C 		.ascii	"S^W\034\007\213\331\001)\223X\237\270[)\257F91\354\211"
 347      078BD901 
 347      2993589F 
 347      B85B29AF 
 347      463931EC 
 348 097c ADD5D85E 		.ascii	"\255\325\330^\231=\351\216\237\321\274\303M#\031\225"
 348      993DE98E 
 348      9FD1BCC3 
 348      4D231995 
 349 098c 3AB46A99 		.ascii	":\264j\231\017O\250L\234\326{\215%\024\314@U \264\335"
 349      0F4FA84C 
 349      9CD67B8D 
 349      2514CC40 
ARM GAS  C:\Users\8FEE~1\AppData\Local\Temp\cct2OmRf.s 			page 28


 349      5520B4DD 
 350 09a0 715CF6F2 		.ascii	"q\\\366\362\345\212\270\316z\271\215\323\023\327u\200"
 350      E58AB8CE 
 350      7AB98DD3 
 350      13D77580 
 351 09b0 EB1E72D7 		.ascii	"\353\036r\327pc\013\230\261\355\266\306\222Z\330\332"
 351      70630B98 
 351      B1EDB6C6 
 351      925AD8DA 
 352 09c0 3F84F13C 		.ascii	"?\204\361<\253\205\301\276\242;\002\216\344w<\035\325"
 352      AB85C1BE 
 352      A23B028E 
 352      E4773C1D 
 352      D5
 353 09d1 ED7C3B76 		.ascii	"\355|;v\231\340';\222bu\2742\310\223\231\376\211\211"
 353      99E0273B 
 353      926275BC 
 353      32C89399 
 353      FE8989
 354 09e4 3B6ABC8B 		.ascii	";j\274\213\021\037_(\210\3068\221!/r\233\356\271\340"
 354      111F5F28 
 354      88C63891 
 354      212F729B 
 354      EEB9E0
 355 09f7 0C865C9C 		.ascii	"\014\206\\\234\273\237\241\305\271\024\371UW\334\221"
 355      BB9FA1C5 
 355      B914F955 
 355      57DC91
 356 0a06 3435180D 		.ascii	"45\030\015\265\244[\306\377\001\203\272\362!\007\370"
 356      B5A45BC6 
 356      FF0183BA 
 356      F22107F8 
 357 0a16 5DCE2E41 		.ascii	"]\316.A\241\255\322\351\340\207\234\360?\270\352\303"
 357      A1ADD2E9 
 357      E0879CF0 
 357      3FB8EAC3 
 358 0a26 BD35D2A0 		.ascii	"\2755\322\240\032\270\322\310\274\005\335\016\235\005"
 358      1AB8D2C8 
 358      BC05DD0E 
 358      9D05
 359 0a34 EB1F3B0B 		.ascii	"\353\037;\013\221<\325z \325\272I\252u\361\031\304_"
 359      913CD57A 
 359      20D5BA49 
 359      AA75F119 
 359      C45F
 360 0a46 07B10F3A 		.ascii	"\007\261\017:\200W\241L\200\014\200t\2004\200T\200\001"
 360      8057A14C 
 360      800C8074 
 360      80348054 
 360      8001
 361 0a58 48B31438 		.ascii	"H\263\0248\356\007H\006\210\004\230\203\261\011\200"
 361      EE074806 
 361      88049883 
 361      B10980
 362 0a67 6F019E02 		.ascii	"o\001\236\002\014\002<\261I\305\226\337\261T\204\016"
 362      0C023CB1 
 362      49C596DF 
ARM GAS  C:\Users\8FEE~1\AppData\Local\Temp\cct2OmRf.s 			page 29


 362      B154840E 
 363 0a77 F8C85EB5 		.ascii	"\370\310^\265I\373rlo\360J\244\311F\236AL#;\362\251"
 363      49FB726C 
 363      6FF04AA4 
 363      C9469E41 
 363      4C233BF2 
 364 0a8c 458D64FE 		.ascii	"E\215d\376\372rF?\004\226\3178\246\247\354e)9l\223\222"
 364      FA72463F 
 364      0496CF38 
 364      A6A7EC65 
 364      29396C93 
 365 0aa1 432C25E5 		.ascii	"C,%\345\216i\201\213\244\255\240>\320w\230;&\033\034"
 365      8E69818B 
 365      A4ADA03E 
 365      D077983B 
 365      261B1C
 366 0ab4 73080C1E 		.ascii	"s\010\014\036\003\003Gl\014\274\326\252\232?&\212\261"
 366      0303476C 
 366      0CBCD6AA 
 366      9A3F268A 
 366      B1
 367 0ac5 6A340A4A 		.ascii	"j4\012J\334C\330F\202M\245\313\264xf\243\305\350\022"
 367      DC43D846 
 367      824DA5CB 
 367      B47866A3 
 367      C5E812
 368 0ad8 5A1C06C9 		.ascii	"Z\034\006\311/\327\242{?\026sV\240qPa\302\261\012\366"
 368      2FD7A27B 
 368      3F167356 
 368      A0715061 
 368      C2B10AF6 
 369 0aec 7E786EA3 		.ascii	"~xn\243\001\231\310\252\301a\216d\201\340\377\273\034"
 369      0199C8AA 
 369      C1618E64 
 369      81E0FFBB 
 369      1C
 370 0afd 811CAE2B 		.ascii	"\201\034\256+\3409Ln\211^\330Gr\3266\362P\306-\377\036"
 370      E0394C6E 
 370      895ED847 
 370      72D636F2 
 370      50C62DFF 
 371 0b12 41D36A12 		.ascii	"A\323j\022\310\"x^Y\357\303E')o%x\001ma\232\2333\013"
 371      C822785E 
 371      59EFC345 
 371      27296F25 
 371      78016D61 
 372 0b2a E733A0D2 		.ascii	"\3473\240\322\224\215J\215\205<\263\210c\"A\300\264"
 372      948D4A8D 
 372      853CB388 
 372      632241C0 
 372      B4
 373 0b3b 9366EF90 		.ascii	"\223f\357\220\377V>\3019\377\3527YY\214\363\234Y\314"
 373      FF563EC1 
 373      39FFEA37 
 373      59598CF3 
 373      9C59CC
 374 0b4e 5ED6A0E7 		.ascii	"^\326\240\347y\317\232\266\355Y\374nz@\225\1778\201"
ARM GAS  C:\Users\8FEE~1\AppData\Local\Temp\cct2OmRf.s 			page 30


 374      79CF9AB6 
 374      ED59FC6E 
 374      7A40957F 
 374      3881
 375 0b60 EC25882F 		.ascii	"\354%\210/\242\244\275\004\241\266\270\013<\\l\3650"
 375      A2A4BD04 
 375      A1B6B80B 
 375      3C5C6CF5 
 375      30
 376 0b71 906DB32F 		.ascii	"\220m\263/EQX\272\251n\205\240\213\230Y\024\001\347"
 376      455158BA 
 376      A96E85A0 
 376      8B985914 
 376      01E7
 377 0b83 0BB6DE2A 		.ascii	"\013\266\336*\220y\213\230CH_\265_G\013\330!kf^\015"
 377      90798B98 
 377      43485FB5 
 377      5F470BD8 
 377      216B665E 
 378 0b98 B71D281C 		.ascii	"\267\035(\034\332\236\032Im'Fm\227l'\3242\333\017Zl"
 378      DA9E1A49 
 378      6D27466D 
 378      976C27D4 
 378      32DB0F5A 
 379 0bad 8FC2CB51 		.ascii	"\217\302\313Q\214\275\355\343\262\354Jp\240\241\202"
 379      8CBDEDE3 
 379      B2EC4A70 
 379      A0A182
 380 0bbc 4E23EAED 		.ascii	"N#\352\355\003\365\222 \245\023\001\022\000v\003\354"
 380      03F59220 
 380      A5130112 
 380      007603EC 
 381 0bcc 02D80E10 		.ascii	"\002\330\016\020\015\260\015\313\275\362\344\023\026"
 381      0DB00DCB 
 381      BDF2E413 
 381      16
 382 0bd9 6392D2B1 		.ascii	"c\222\322\261 \224pq\272\271\030\256\223\265\262\270"
 382      20947071 
 382      BAB918AE 
 382      93B5B2B8 
 383 0be9 975177FF 		.ascii	"\227Qw\377\013c\035\203uh\207sbY\271\307by\271\303<"
 383      0B631D83 
 383      75688773 
 383      6259B9C7 
 383      6279B9C3 
 384 0bfe FB86930E 		.ascii	"\373\206\223\016\265\236Fj=\025\370\305\362x\354\004"
 384      B59E466A 
 384      3D15F8C5 
 384      F278EC04 
 385 0c0e 83778061 		.ascii	"\203w\200aq\222a\304\355\303\252\221\261G\242\230\240"
 385      719261C4 
 385      EDC3AA91 
 385      B147A298 
 385      A0
 386 0c1f A377BB3B 		.ascii	"\243w\273;\371\004G\015\207Mx\362\003\322\234H~\246"
 386      F904470D 
 386      874D78F2 
ARM GAS  C:\Users\8FEE~1\AppData\Local\Temp\cct2OmRf.s 			page 31


 386      03D29C48 
 386      7EA6
 387 0c31 705A6BA9 		.ascii	"pZk\251\330\347z_\264\212\334\235\306b\373\275\010\213"
 387      D8E77A5F 
 387      B48ADC9D 
 387      C662FBBD 
 387      088B
 388 0c43 E4E0111E 		.ascii	"\344\340\021\036Ir\373\232\36127M\234\343N\215\007?"
 388      4972FB9A 
 388      F132374D 
 388      9CE34E8D 
 388      073F
 389 0c55 65BD929F 		.ascii	"e\275\222\237\366\000\245\344\247x\346''m\023\355\005"
 389      F600A5E4 
 389      A778E627 
 389      276D13ED 
 389      05
 390 0c66 F7489DD3 		.ascii	"\367H\235\323\232\223;#w\220\234$\254\016I99N\233\274"
 390      9A933B23 
 390      77909C24 
 390      AC0E4939 
 390      394E9BBC 
 391 0c7a B5E335D5 		.ascii	"\265\3435\325rK`e\314^\322\020R\005\225|a$f\037~\031"
 391      724B6065 
 391      CC5ED210 
 391      5205957C 
 391      6124661F 
 392 0c90 75FD2F59 		.ascii	"u\375/Yv\020\342\034\347\304L\337;g\325\304\341@\263"
 392      7610E21C 
 392      E7C44CDF 
 392      3B67D5C4 
 392      E140B3
 393 0ca3 78F33751 		.ascii	"x\3637Q\3525\276ULy\233\336\225\346\362\272\341\367"
 393      EA35BE55 
 393      4C799BDE 
 393      95E6F2BA 
 393      E1F7
 394 0cb5 6AAC6ACA 		.ascii	"j\254j\312d\253q\375\232\375bU\004\2467\226\3378\"~"
 394      64AB71FD 
 394      9AFD6255 
 394      04A63796 
 394      DF38227E 
 395 0cc9 47B6975E 		.ascii	"G\266\227^\315h\311\235\341\011G\264\262(\316\027\363"
 395      CD68C99D 
 395      E10947B4 
 395      B228CE17 
 395      F3
 396 0cda 289287F7 		.ascii	"(\222\207\367\225\216\3677\362\373\205\237J\255\365"
 396      958EF737 
 396      F2FB859F 
 396      4AADF5
 397 0ce9 9C3DF5E2 		.ascii	"\234=\365\342\233\221\231\267$\362\363\216\311e\256"
 397      9B9199B7 
 397      24F2F38E 
 397      C965AE
 398 0cf8 1D2EE281 		.ascii	"\035.\342\201 ;\314\013\366\3447\027q\357\346\334\311"
 398      203BCC0B 
ARM GAS  C:\Users\8FEE~1\AppData\Local\Temp\cct2OmRf.s 			page 32


 398      F6E43717 
 398      71EFE6DC 
 398      C9
 399 0d09 86A6D331 		.ascii	"\206\246\3231\271\214\373\203\267\244U-\305~U[\024\270"
 399      B98CFB83 
 399      B7A4552D 
 399      C57E555B 
 399      14B8
 400 0d1b 22D6191F 		.ascii	"\"\326\031\037;Y\025\026\236\223\307Q$_{\245$|,[\024"
 400      3B591516 
 400      9E93C751 
 400      245F7BA5 
 400      247C2C5B 
 401 0d30 9A5A5533 		.ascii	"\232ZU3cQ\264\214-\002\207\227\022\330\270\035\223L"
 401      6351B48C 
 401      2D028797 
 401      12D8B81D 
 401      934C
 402 0d42 197624AF 		.ascii	"\031v$\257/YC\256\221mM\277$m\230J\203\255osav\272\016"
 402      2F5943AE 
 402      916D4DBF 
 402      246D984A 
 402      83AD6F73 
 403 0d5a 77B891AD 		.ascii	"w\270\221\255\357\212\314\354\2346O\344\263\234l~ud"
 403      EF8ACCEC 
 403      9C364FE4 
 403      B39C6C7E 
 403      7564
 404 0d6c CBCBCE60 		.ascii	"\313\313\316`O\013\273Z\037\306odN\225\331\263\233T"
 404      4F0BBB5A 
 404      1FC66F64 
 404      4E95D9B3 
 404      9B54
 405 0d7e 511924EF 		.ascii	"Q\031$\357c\351\031i\036^ni\323Y\320\246W\310V\335^"
 405      63E91969 
 405      1E5E6E69 
 405      D359D0A6 
 405      57C856DD 
 406 0d93 A0CAE39D 		.ascii	"\240\312\343\235\3724T\346)h\\\337\000\034\261i^\355"
 406      FA3454E6 
 406      29685CDF 
 406      001CB169 
 406      5EED
 407 0da5 E95AE6E4 		.ascii	"\351Z\346\344|hC}|\212\003\233\035-\354\012:\211\360"
 407      7C68437D 
 407      7C8A039B 
 407      1D2DEC0A 
 407      3A89F0
 408 0db8 AF04FE85 		.ascii	"\257\004\376\205\300\273\300\246\343\337I\347\331A\236"
 408      C0BBC0A6 
 408      E3DF49E7 
 408      D9419E
 409 0dc7 C3F72326 		.ascii	"\303\367#&\303\371-bc:O\354\"\350\024\003\016\311\355"
 409      C3F92D62 
 409      633A4FEC 
 409      22E81403 
 409      0EC9ED
ARM GAS  C:\Users\8FEE~1\AppData\Local\Temp\cct2OmRf.s 			page 33


 410 0dda DB53B14D 		.ascii	"\333S\261M\033/\262k\343\340\215\347p\221T\020\252\000"
 410      1B2FB26B 
 410      E3E08DE7 
 410      70915410 
 410      AA00
 411 0dec 0D8F726D 		.ascii	"\015\217rm\317\302\371\031\320\266\024\240\304\306\033"
 411      CFC2F919 
 411      D0B614A0 
 411      C4C61B
 412 0dfb 13195E89 		.ascii	"\023\031^\211\"Q\201D\356[P\201L\261\356=e\351\357P"
 412      22518144 
 412      EE5B5081 
 412      4CB1EE3D 
 412      65E9EF50 
 413 0e0f C6189FB0 		.ascii	"\306\030\237\260\264\214n\3574\261\2124\021p\364m>\303"
 413      B48C6EEF 
 413      34B18A34 
 413      1170F46D 
 413      3EC3
 414 0e21 EA70590D 		.ascii	"\352pY\0158\014j.\260}yP\347\323xP\217\001\357;\337"
 414      380C6A2E 
 414      B07D7950 
 414      E7D37850 
 414      8F01EF3B 
 415 0e36 35A8C7B8 		.ascii	"5\250\307\270\011'\201\1779\360>n\023\324\2114YP\357"
 415      0927817F 
 415      39F03E6E 
 415      13D48934 
 415      5950EF
 416 0e49 2226C379 		.ascii	"\"&\303yP\207\323xPO`\266\027ZLn\037\3242Y\177V\220"
 416      5087D378 
 416      504F60B6 
 416      175A4C6E 
 416      1FD43259 
 417 0e60 79B2BA4A 		.ascii	"y\262\272J\243\335\371\330\242\345\220\334-\245y\037"
 417      A3DDF9D8 
 417      A2E590DC 
 417      2DA5791F 
 418 0e70 8A146322 		.ascii	"\212\024c\"\325\364\241\327}\347V\363~\221\346AX\345"
 418      D5F4A1D7 
 418      7DE756F3 
 418      7E91E641 
 418      58E5
 419 0e82 396AF477 		.ascii	"9j\364w2\270\215\344\215\314\023\036#\247KFc\006\353"
 419      32B88DE4 
 419      8DCC131E 
 419      23A74B46 
 419      6306EB
 420 0e95 3C471DED 		.ascii	"<G\035\355\311jRWD\222\213$Ss\260\265n\217\322\035\031"
 420      C96A5257 
 420      44928B24 
 420      5373B0B5 
 420      6E8FD21D 
 421 0eaa 2749A746 		.ascii	"'I\247F\345c\373[\360\312\334\350F\201\276\310\"\025"
 421      E563FB5B 
 421      F0CADCE8 
 421      4681BEC8 
ARM GAS  C:\Users\8FEE~1\AppData\Local\Temp\cct2OmRf.s 			page 34


 421      2215
 422 0ebc D1CC5E64 		.ascii	"\321\314^dE\327\334\253U\313_d\221N-\275\311:\217\311"
 422      45D7DCAB 
 422      55CB5F64 
 422      914E2DBD 
 422      C93A8FC9 
 423 0ed0 9BAC7398 		.ascii	"\233\254s\230\277\311\252|0\024%\274\221%fu\212U\035"
 423      BFC9AA7C 
 423      301425BC 
 423      91256675 
 423      8A551D
 424 0ee3 3B35853D 		.ascii	";5\205=5\260\312\242\217\010\031*\220\332H\001y_\215"
 424      35B0CAA2 
 424      8F08192A 
 424      90DA4801 
 424      795F8D
 425 0ef6 F2510742 		.ascii	"\362Q\007BGP;R\240\013\370\015\230}\245/\367\224\032"
 425      47503B52 
 425      A00BF80D 
 425      987DA52F 
 425      F7941A
 426 0f09 37EAECDE 		.ascii	"7\352\354\336\264Y\277\260\260\375\022\341\"V.~u^\315"
 426      B459BFB0 
 426      B0FD12E1 
 426      22562E7E 
 426      755ECD
 427 0f1c 066D5F39 		.ascii	"\006m_9_b\203\203i\231)J<\300\330\247$\024\237A\370"
 427      5F628383 
 427      6999294A 
 427      3CC0D8A7 
 427      24149F41 
 428 0f31 394594A7 		.ascii	"9E\224\247\233\313\257\250\221\016n\374eyq\325\246\330"
 428      9BCBAFA8 
 428      910E6EFC 
 428      657971D5 
 428      A6D8
 429 0f43 6B595EF0 		.ascii	"kY^\360\207$\371\232\351\347l\013V\313\363\354\352w"
 429      8724F99A 
 429      E9E76C0B 
 429      56CBF3EC 
 429      EA77
 430 0f55 D873D760 		.ascii	"\330s\327`FO\262\276\036\262\276\016\333\354\271Y\243"
 430      464FB2BE 
 430      1EB2BE0E 
 430      DBECB959 
 430      A3
 431 0f66 BF6A1F1F 		.ascii	"\277j\037\037U\366\225\2331Z\264\012\264\344\017\377"
 431      55F6959B 
 431      315AB40A 
 431      B4E40FFF 
 432 0f76 1A5378B2 		.ascii	"\032Sx\262[\224hp\254\004\243\356K\261\313\262\006'"
 432      5B946870 
 432      AC04A3EE 
 432      4BB1CBB2 
 432      0627
 433 0f88 BB4647FB 		.ascii	"\273FG\373R\005\245&\0127\202\302\327\240L\233\000\256"
 433      5205A526 
ARM GAS  C:\Users\8FEE~1\AppData\Local\Temp\cct2OmRf.s 			page 35


 433      0A3782C2 
 433      D7A04C9B 
 433      00AE
 434 0f9a DB2A9EE2 		.ascii	"\333*\236\342E\023"
 434      4513
 435 0fa0 B3C151B9 		.ascii	"\263\301Q\271\334I\221\325\361\025\354HW\353\203\254"
 435      DC4991D5 
 435      F115EC48 
 435      57EB83AC 
 436 0fb0 96E42B45 		.ascii	"\226\344+E\032|\326\235>\337\255\332\225|H@\313|\034"
 436      1A7CD69D 
 436      3EDFADDA 
 436      957C4840 
 436      CB7C1C
 437 0fc3 EE965B40 		.ascii	"\356\226[@\231\227+6\221B3\376\006\0206K5\321\200\371"
 437      99972B36 
 437      914233FE 
 437      0610364B 
 437      35D180F9 
 438 0fd7 F2D83B9B 		.ascii	"\362\330;\2338\245\226?7\273a\023\371\233\330\362\334"
 438      38A5963F 
 438      37BB6113 
 438      F99BD8F2 
 438      DC
 439 0fe8 ECE8C0D3 		.ascii	"\354\350\300\323\275\2564\253`\014]fYU\232\027\371L"
 439      BDAE34AB 
 439      600C5D66 
 439      59559A17 
 439      F94C
 440 0ffa E5BC406E 		.ascii	"\345\274@n\323\002"
 440      D302
 441 1000 B9652990 		.ascii	"\271e)\220\222\263y=H*\220\202^^ @\206\252$\335\340"
 441      92B3793D 
 441      482A9082 
 441      5E5E2040 
 441      86AA24DD 
 442 1015 D4B640EE 		.ascii	"\324\266@\356\320\002\331QZ\334\247\305u\3241\350\351"
 442      D002D951 
 442      5ADCA7C5 
 442      75D431E8 
 442      E9
 443 1026 E0DE6F59 		.ascii	"\340\336oY\201\220\235&\253\220\362\255\267+<\351\030"
 443      81909D26 
 443      AB90F2AD 
 443      B72B3CE9 
 443      18
 444 1037 BD17641A 		.ascii	"\275\027d\032\356K?Q\202\234~z\364\200*x\337\242\340"
 444      EE4B3F51 
 444      829C7E7A 
 444      F4802A78 
 444      DFA2E0
 445 104a BEE46B5D 		.ascii	"\276\344k]\244\202;\331\216\277.\036\024<\204(\031\272"
 445      A4823BD9 
 445      8EBF2E1E 
 445      143C8428 
 445      19BA
 446 105c 2B297817 		.ascii	"+)x\027\263/NP+U,\241\360N\243\022\337f\212\325N\224"
ARM GAS  C:\Users\8FEE~1\AppData\Local\Temp\cct2OmRf.s 			page 36


 446      B32F4E50 
 446      2B552CA1 
 446      F04EA312 
 446      DF668AD5 
 447 1072 1CF4C483 		.ascii	"\034\364\304\203\014\351O\337\225\245\305\317\030R4"
 447      0CE94FDF 
 447      95A5C5CF 
 447      185234
 448 1081 9BD6A3C3 		.ascii	"\233\326\243\303\023\014)\253\214\032\342_TU\221wN\203"
 448      130C29AB 
 448      8C1AE25F 
 448      54559177 
 448      4E83
 449 1093 E28E7308 		.ascii	"\342\216s\010\277\240\027]ZZ\362\372\324\210>\352\266"
 449      BFA0175D 
 449      5A5AF2FA 
 449      D4883EEA 
 449      B6
 450 10a4 3EEB5EC8 		.ascii	">\353^\310y\263+7Z\334\343K\037\265\265\2032\275\316"
 450      79B32B37 
 450      5ADCE34B 
 450      1FB5B583 
 450      32BDCE
 451 10b7 EF7BC82E 		.ascii	"\357{\310.\367\207l\367G\250;\354\251\035\254\034\257"
 451      F7876CF7 
 451      47A83BEC 
 451      A91DAC1C 
 451      AF
 452 10c8 27589F7E 		.ascii	"'X\237~\221\315\242\003\346\213\037:tbo\276\007\356"
 452      91CDA203 
 452      E68B1F3A 
 452      74626FBE 
 452      07EE
 453 10da E5693840 		.ascii	"\345i8@\036\326@\012\366\000t\003<\002\350\007\350\263"
 453      1ED6400A 
 453      F6007403 
 453      3C02E807 
 453      E8B3
 454 10ec 59D686D3 		.ascii	"Y\326\206\323\275\2314hn]\366\272-\336&7\246s\345H\343"
 454      BD993468 
 454      6E5DF6BA 
 454      2DDE2637 
 454      A673E548 
 455 1101 7BE8985E 		.ascii	"{\350\230^\266D\014\363J\354uT\211\215\251\\\264eC\277"
 455      B6440CF3 
 455      4AEC7554 
 455      898DA95C 
 455      B46543BF 
 456 1115 D82F6B79 		.ascii	"\330/ky!Vw\364\235\305X\364\240\205\270=~\372\210\322"
 456      215677F4 
 456      9DC558F4 
 456      A085B83D 
 456      7EFA88D2 
 457 1129 AE102DE6 		.ascii	"\256\020-\346\243\247`\365\253z\200\027%[\206\006a\322"
 457      A3A760F5 
 457      AB7A8017 
 457      255B8606 
ARM GAS  C:\Users\8FEE~1\AppData\Local\Temp\cct2OmRf.s 			page 37


 457      61D2
 458 113b 1329AF7A 		.ascii	"\023)\257z-E9\033\027!\352\226qY1\316d)\226\024D\336"
 458      2D45391B 
 458      1721EA96 
 458      715931CE 
 458      64299614 
 459 1151 D7F737DF 		.ascii	"\327\3677\337\265\371Hi\310\246\266\207\255\265\335"
 459      B5F94869 
 459      C8A6B687 
 459      ADB5DD
 460 1160 269E18F0 		.ascii	"&\236\030\360\240\225\003c\274\232\362+\016O\2719/\355"
 460      A0950363 
 460      BC9AF22B 
 460      0E4FB939 
 460      2FED
 461 1172 515A3923 		.ascii	"QZ9#\226\31290\334\030\347\316+g\376\334\353{#\263|"
 461      96CA3930 
 461      DC18E7CE 
 461      2B67FEDC 
 461      EB7B23B3 
 462 1187 08096A93 		.ascii	"\010\011j\223\254k\263T\3153Z5\013\207\333\317\271\343"
 462      AC6BB354 
 462      CD335A35 
 462      0B87DBCF 
 462      B9E3
 463 1199 248F57FB 		.ascii	"$\217W\373\262d\234U\363\320D\204\250\265\256\322\317"
 463      B2649C55 
 463      F3D04484 
 463      A8B5AED2 
 463      CF
 464 11aa D960E3D9 		.ascii	"\331`\343\331$\017\247_\233LP=\277\265\352\231=Y\351"
 464      240FA75F 
 464      9B4C503D 
 464      BFB5EA99 
 464      3D59E9
 465 11bd 66A9F039 		.ascii	"f\251\3609UL.\257p Cc\222\256c\026]'\251\256\027\277"
 465      554C2EAF 
 465      70204363 
 465      92AE6316 
 465      5D27A9AE 
 466 11d3 8DDDA5C5 		.ascii	"\215\335\245\305G\230\256-M\035\261*k#d\312^\024G\232"
 466      4798AE2D 
 466      4D1DB12A 
 466      6B2364CA 
 466      5E14479A 
 467 11e7 9CEB3043 		.ascii	"\234\3530Cu\230\266\350\220\237\222X\202\271\016\227"
 467      7598B6E8 
 467      909F9258 
 467      82B90E97 
 468 11f7 F235C5B9 		.ascii	"\3625\305\271\321U\277\247DhJ\322`\312\242\301,\325"
 468      D155BFA7 
 468      44684AD2 
 468      60CAA2C1 
 468      2CD5
 469 1209 60BE36BE 		.ascii	"`\2766\276\325\346\243H\242\260\024\312\027,\224\344"
 469      D5E6A348 
 469      A2B014CA 
ARM GAS  C:\Users\8FEE~1\AppData\Local\Temp\cct2OmRf.s 			page 38


 469      172C94E4 
 470 1219 08C47127 		.ascii	"\010\304q'o\266+\265\322\013u\362\366@\242\235\303\344"
 470      6FB62BB5 
 470      D20B75F2 
 470      F640A29D 
 470      C3E4
 471 122b 5BB635F4 		.ascii	"[\2665\364\216\027\210w\016\335H\321y\355\341y\275\022"
 471      8E178877 
 471      0EDD48D1 
 471      79EDE179 
 471      BD12
 472 123d D16FEA24 		.ascii	"\321o\352$\335\347\261\227e\016EHdfK\316\362\257b\324"
 472      DDE7B197 
 472      650E4548 
 472      64664BCE 
 472      F2AF62D4 
 473 1251 804E9666 		.ascii	"\200N\226f5\272;\225&*\271\264\005L\305=\217\3336\311"
 473      35BA3B95 
 473      262AB9B4 
 473      054CC53D 
 473      8FDB36C9 
 474 1265 BF2CD5C8 		.ascii	"\277,\325\310>\214Y\316>\214im.\256q\267Wf\253\322\033"
 474      3E8C59CE 
 474      3E8C696D 
 474      2EAE71B7 
 474      5766ABD2 
 475 127a 452809B3 		.ascii	"E(\011\263H\245\227\205%EH\251\364t=t\221;f\324\306"
 475      48A59785 
 475      254548A9 
 475      F4743D74 
 475      913B66D4 
 476 128f 31514AE6 		.ascii	"1QJ\346\0308\222\257I\332Z\012\221\234x\320\246 \266"
 476      183892AF 
 476      49DA5A0A 
 476      919C78D0 
 476      A620B6
 477 12a2 71E26D94 		.ascii	"q\342m\224\370YE\327Iw9\361\003\033\316\321\2348\232"
 477      F85945D7 
 477      497739F1 
 477      031BCED1 
 477      9C389A
 478 12b5 12EFDC56 		.ascii	"\022\357\334V\030\241\301\307Y\206LE\334\276\250u\272"
 478      18A1C1C7 
 478      59864C45 
 478      DCBEA875 
 478      BA
 479 12c6 E6C42849 		.ascii	"\346\304(I6l\344\311p5)/I\007\311P\005k\342H\223fx\007"
 479      366CE4C9 
 479      7035292F 
 479      4907C950 
 479      056BE248 
 480 12de 79FD1421 		.ascii	"y\375\024!~\364[B\207\266+\255\011\001\247\266\253b"
 480      7EF45B42 
 480      87B62BAD 
 480      0901A7B6 
 480      AB62
 481 12f0 AC922446 		.ascii	"\254\222$F\336\344\324\016\017<\300\004o\233\033\353"
ARM GAS  C:\Users\8FEE~1\AppData\Local\Temp\cct2OmRf.s 			page 39


 481      DEE4D40E 
 481      0F3CC004 
 481      6F9B1BEB 
 482 1300 F4E0CC2E 		.ascii	"\364\340\314.\225\252\012\217\3036\015\014\210BJ\312"
 482      95AA0A8F 
 482      C3360D0C 
 482      88424ACA 
 483 1310 2D4EE216 		.ascii	"-N\342\026g\317m\007\345v\267\257\332\037\2171f\205"
 483      67CF6D07 
 483      E576B7AF 
 483      DA1F8F31 
 483      6685
 484 1322 2507CA3C 		.ascii	"%\007\312<\260\350\311^\350W_\312PC\322\243]d\"m\217"
 484      B0E8C95E 
 484      E8575FCA 
 484      5043D2A3 
 484      5D64226D 
 485 1337 D31DAFD1 		.ascii	"\323\035\257\321* \337\216\262*\270\\V4\347\341\324"
 485      2A20DF8E 
 485      B22AB85C 
 485      5634E7E1 
 485      D4
 486 1348 EE3DD4EE 		.ascii	"\356=\324\356x%7\274/=\271\314\215\353:\371X\263\273"
 486      782537BC 
 486      2F3DB9CC 
 486      8DEB3AF9 
 486      58B3BB
 487 135b A09D195E 		.ascii	"\240\235\031^'\020J\264\323\242+\332\255T\022\314V\335"
 487      27104AB4 
 487      D3A22BDA 
 487      AD5412CC 
 487      56DD
 488 136d BD54DDE6 		.ascii	"\275T\335\346\341\212\235n\370\032S1?j\367\202Z\362"
 488      E18A9D6E 
 488      F81A5331 
 488      3F6AF782 
 488      5AF2
 489 137f 64DC2E1B 		.ascii	"d\334.\033O&H\266'\3303K\244\314:\017\366'\272\343\273"
 489      4F2648B6 
 489      27D8334B 
 489      A4CC3A0F 
 489      F627BAE3 
 490 1394 8CD9B5F3 		.ascii	"\214\331\265\363\207o\253$O>\260\363d\222\304-\311\236"
 490      876FAB24 
 490      4F3EB0F3 
 490      6492C42D 
 490      C99E
 491 13a6 DB3ECA2D 		.ascii	"\333>\312-\361j]\246F\236=36\331\223\314\263'\231fO"
 491      F16A5DA6 
 491      469E3D33 
 491      36D993CC 
 491      B3279966 
 492 13bb C5C1EC1C 		.ascii	"\305\301\354\034\035\356a\242\373\373\017%\361o\305"
 492      1DEE61A2 
 492      FBFB0F25 
 492      F16FC5
 493 13ca 5E271F3B 		.ascii	"^'\037;$^\314T\263\012i&;\205C\015\343\311\260\247`"
ARM GAS  C:\Users\8FEE~1\AppData\Local\Temp\cct2OmRf.s 			page 40


 493      245ECC54 
 493      B30A6926 
 493      3B85430D 
 493      E3C9B0A7 
 494 13df B4CFF75F 		.ascii	"\264\317\367_\277\317?\273\376!\240\331s\027\277q^\212"
 494      BFCF3FBB 
 494      FE21A0D9 
 494      7317BF71 
 494      5E8A
 495 13f1 1996524C 		.ascii	"\031\226RLW\322R\2745\027\327\241\262/\266T(\266\024"
 495      57D252BC 
 495      3517D7A1 
 495      B22FB654 
 495      28B614
 496 1404 5A6C99B4 		.ascii	"Zl\231\264\330\350$B\235\331W=oS\232uKQ\327\216\346"
 496      D8E82442 
 496      9DD9573D 
 496      6F539A75 
 496      4B51D78E 
 497 1419 3579FCF8 		.ascii	"5y\374\370\260\330\\E\267zG{\243\304\210hX\224\017("
 497      B0D85C45 
 497      B77A477B 
 497      A3C48868 
 497      58940F28 
 498 142d BD501A38 		.ascii	"\275P\0328\017\266t\262\311\373a\344\217\220\\\007\225"
 498      0FB674B2 
 498      C9FB61E4 
 498      8F905C07 
 498      95
 499 143e 3F562CF3 		.ascii	"?V,\363\013\370c\200\377:\243\301\327l\370\26514\370"
 499      0BF86380 
 499      FF3AA3C1 
 499      D76CF8B5 
 499      3134F8
 500 1451 B706DF30 		.ascii	"\267\006\3370\227\337\374\356\363\225\353\326\256Uh"
 500      97DFFCEE 
 500      F395EBD6 
 500      AE5568
 501 1460 CC5F8487 		.ascii	"\314_\204\207\370\351\315\253W\257^\303\376\375\002"
 501      F8E9CDAB 
 501      57AF5EC3 
 501      FEFD02
 502 146f 02370686 		.ascii	"\0027\006\206\232\326\276\377\336\232P\323\032\243y"
 502      9AD6BEFF 
 502      DE9A50D3 
 502      1AA379
 503 147e 4D60885F 		.ascii	"M`\210_P\270\277\001.\230\003\200\211\277iu\200B\253"
 503      50B8BF01 
 503      2E980380 
 503      89BF6975 
 503      8042AB
 504 1491 D7870786 		.ascii	"\327\207\007\206\230\337\371\271\336\374?\376\377\264"
 504      98DFF9B9 
 504      DEFC3FFE 
 504      FFB4
 505 149f 81CE3199 		.ascii	"\201\3161\231\303\375\003C\365aF\303W\201\206\315k?"
 505      C3FD0343 
ARM GAS  C:\Users\8FEE~1\AppData\Local\Temp\cct2OmRf.s 			page 41


 505      F56146C3 
 505      578186CD 
 505      6B3F
 506 14b1 948F6E30 		.ascii	"\224\217n0\207\206\006\2316l\012\011_I\317V\372\032"
 506      87860699 
 506      366C0A09 
 506      5F49CF56 
 506      FA1A
 507 14c3 83571A82 		.ascii	"\203W\032\2027\032\374\375\015\376\033\336[\375\316"
 507      371AFCFD 
 507      0DFE1BDE 
 507      5BFDCE
 508 14d2 CA9FBFBD 		.ascii	"\312\237\277\275\366\375\277\254\335\000\343?\013\011"
 508      F6FDBFAC 
 508      DD00E33F 
 508      0B09
 509 14e0 0D31FCCC 		.ascii	"\0151\374\314\340\2731p\003\027\275!\330\027x\205\030"
 509      E0BB3170 
 509      0317BD21 
 509      D8177885 
 509      18
 510 14f1 36E8FD0D 		.ascii	"6\350\375\015_\370\206\007\231\365\346-a\006\242\207"
 510      5FF88607 
 510      99F5E62D 
 510      6106A287 
 511 1501 8B458BBF 		.ascii	"\213E\213\277\374?ha\332b\332\2407\231\375A$\210\326"
 511      FC3F6861 
 511      DA62DAA0 
 511      3799FD41 
 511      2488D6
 512 1514 98C38C20 		.ascii	"\230\303\214 \310\274\316\211\347\374B\203\203CC\326"
 512      C8BCCE89 
 512      E7FC4283 
 512      834343D6 
 513 1524 84851ACD 		.ascii	"\204\205\032\315\2465\037\377\341\323u\237~M\306\302"
 513      A6351FFF 
 513      E1D3759F 
 513      7E4DC6C2 
 514 1534 02830C46 		.ascii	"\002\203\014F\323\232\337\254[G\034\312\315P\372\005"
 514      D39ADFAC 
 514      5B471CCA 
 514      CD50FA05 
 515 1544 F81AD5A6 		.ascii	"\370\032\325\246\300\277\032\364\346\277\376]-\011\012"
 515      C0BF1AF4 
 515      E6BFFE5D 
 515      2D090A
 516 1553 DCB86193 		.ascii	"\334\270a\223\237\237\235E@\260z\255d\227\031f}\001"
 516      9F9F9D45 
 516      40B07AAD 
 516      64971966 
 516      7D01
 517 1565 6AA80320 		.ascii	"j\250\003 \274\006\243\362\013\243\301\240\012\363\335"
 517      BC06A3F2 
 517      0BA3C1A0 
 517      0AF3DD
 518 1574 64302943 		.ascii	"d0)C\014_\233U\276A\201\233Bx\310\337{Wov\261\234hM"
 518      0C5F9B55 
ARM GAS  C:\Users\8FEE~1\AppData\Local\Temp\cct2OmRf.s 			page 42


 518      BE41819B 
 518      4278C8DF 
 518      7B576F76 
 519 158c E62FE945 		.ascii	"\346/\351E\275\371\335\357\342\206\000\277P\243\001"
 519      BDF9DDEF 
 519      E28600BF 
 519      50A301
 520 159b 04BA81C0 		.ascii	"\004\272\201\3000=\227\032n2\370+\211\017\224d\324]"
 520      303D971A 
 520      6E32F82B 
 520      890F9464 
 520      D45D
 521 15ad 76092486 		.ascii	"v\011$\206\031C\277\012\204S]\260!x\223\201'\355\007"
 521      1943BF0A 
 521      84535DB0 
 521      21789381 
 521      27ED07
 522 15c0 4BCB0C35 		.ascii	"K\313\0145\201\365\262\364\205\251\026\271p\032j\334"
 522      81F5B2F4 
 522      85A916B9 
 522      701A6ADC 
 523 15d0 42D887E1 		.ascii	"B\330\207\341`\363\327\252\320\315!\006\243\013dw\020"
 523      60F3D7AA 
 523      D0CD2106 
 523      A30B6477 
 523      10
 524 15e1 09AA0686 		.ascii	"\011\252\006\206\202\300\323.\2060C\010\204{\223\233"
 524      82C0D32E 
 524      86304308 
 524      847B939B 
 525 15f1 E12B4388 		.ascii	"\341+C\2109\330\327\364%\250\022l\332\364\227pC\270"
 525      39D8D7F4 
 525      25A8126C 
 525      DAF49770 
 525      43B8
 526 1603 E135BF00 		.ascii	"\3415\277\000=\257\010=\035P\222Py\332\014\351\315\232"
 526      3DAF083D 
 526      1D509250 
 526      79DA0CE9 
 526      CD9A
 527 1615 CDBE8166 		.ascii	"\315\276\201f`\341)\243&\274=\344\210\336\214\302\325"
 527      60E129A3 
 527      26BC3DE4 
 527      88DE8CC2 
 527      D5
 528 1626 86CD4480 		.ascii	"\206\315D\200z\263\031\244\207\301\301d\010\016\303"
 528      7AB319A4 
 528      87C1C164 
 528      080EC3
 529 1635 7E216657 		.ascii	"~!fW\275\236'\271\206\037U0\012\277T\202\016\370\002"
 529      BD9E27B9 
 529      861F5530 
 529      0ABF5482 
 529      0EF802
 530 1648 A56F5800 		.ascii	"\245oX\000\230\2461\0215M\233T\000@\260\331l6\206y1"
 530      98A63111 
 530      354D9B54 
ARM GAS  C:\Users\8FEE~1\AppData\Local\Temp\cct2OmRf.s 			page 43


 530      0040B0D9 
 530      6C368679 
 531 165d 417AA3E1 		.ascii	"Az\243\341\013\203\321\020\342\007:\001\363\320\215"
 531      0B83D110 
 531      E2073A01 
 531      F3D08D
 532 166c 7F0E7331 		.ascii	"\177\016s1|\035h\366\013\3657\250\215\376[`\206\022"
 532      7C1D68F6 
 532      0BF537A8 
 532      8DFE5B60 
 532      8612
 533 167e 484CAE2C 		.ascii	"HL\256,\314\037\2004\313\321L\306\201\335\027A\276\233"
 533      CC1F8034 
 533      CBD14CC6 
 533      81DD1741 
 533      BE9B
 534 1690 4C1A7330 		.ascii	"L\032s0\314\000\314d\206~\342b\246\007\302\322w\243"
 534      CC00CC64 
 534      867EE262 
 534      A607C2D2 
 534      77A3
 535 16a2 AFC9A00C 		.ascii	"\257\311\240\014\361\0156\250B\203 R\252\020\303f\203"
 535      F10D36A8 
 535      42832052 
 535      AA10C366 
 535      83
 536 16b3 11FB99BF 		.ascii	"\021\373\231\277\026LaB\020\361\356&\310B\275\031\033"
 536      164C6142 
 536      10F1EE26 
 536      C842BD19 
 536      1B
 537 16c4 D7AE0578 		.ascii	"\327\256\005x[0~(\030?\020\214\357\013\306\367\004\343"
 537      5B307E28 
 537      183F108C 
 537      EF0BC6F7 
 537      04E3
 538 16d6 2F04E3BB 		.ascii	"/\004\343\273n$K\210\2610\351%\261u\220O\372\257\336"
 538      6E244B88 
 538      B130E925 
 538      B175904F 
 538      FAAFDE
 539 16e9 0F86D8EA 		.ascii	"\017\206\330\352(\023\277\320\0203\244\256\222\204\323"
 539      2813BFD0 
 539      1033A4AE 
 539      9284D3
 540 16f8 D5EA7A55 		.ascii	"\325\352zUp\030T\213\013\367\210\331\005.\004\207\003"
 540      7018548B 
 540      0BF788D9 
 540      052E0487 
 540      03
 541 1709 9D86FEEA 		.ascii	"\235\206\376\352\315o\275J\0274\371\005\370\203\234"
 541      CD6FBD4A 
 541      1734F905 
 541      F8839C
 542 1718 375F8516 		.ascii	"7_\205\026B\011\244k^\211\355\026\223\245\035\274\022"
 542      4209A46B 
 542      5E89ED16 
ARM GAS  C:\Users\8FEE~1\AppData\Local\Temp\cct2OmRf.s 			page 44


 542      93A51DBC 
 542      12
 543 1729 6B083A90 		.ascii	"k\010:\220\272\3132Yo\376\305w+\0102iiq&\243\037\014"
 543      BACB3259 
 543      6FFEC577 
 543      2B083269 
 543      697126A3 
 544 173f FA6F81B0 		.ascii	"\372o\201\260\006\372\255\366S\374\320n-\371\224J\377"
 544      06FAADF6 
 544      53FCD06E 
 544      2DF9944A 
 544      FF
 545 1750 3D38D50D 		.ascii	"=8\325\0152\312\340g\326\223\002v#^\346\265\373\341"
 545      32CAE067 
 545      D6930276 
 545      235EE6B5 
 545      FBE1
 546 1762 77AE5132 		.ascii	"w\256Q2\331$3\21523C\236\257\367\013\370O\337/\015\341"
 546      D924338D 
 546      3233439E 
 546      AFF70BF8 
 546      4FDF2F0D 
 547 1777 61EBBF2F 		.ascii	"a\353\277/Sc}\270\211T\251\301\377\023\025\351\012a"
 547      53637DB8 
 547      8954A9C1 
 547      FF1315E9 
 547      0A61
 548 1789 CACD80A9 		.ascii	"\312\315\200\2516\223l\304\276\306M\313x\260\375\015"
 548      36936CC4 
 548      BEC64DCB 
 548      78B0FD0D 
 549 1799 263F6360 		.ascii	"&?c`\2309\024\272\211\227_\000Y\004?\016\012\012\365"
 549      983914BA 
 549      89975F00 
 549      59043F0E 
 549      0A0AF5
 550 17ac FB98B42F 		.ascii	"\373\230\264/\203\277\233_\000\261\202\016A\276\254"
 550      83BF9B5F 
 550      00B1820E 
 550      41BEAC
 551 17bb DF62FA8F 		.ascii	"\337b\372\217P\277/_-\020[\210\266\2564\355`\366\227"
 551      50BF2F5F 
 551      2D105B88 
 551      B6AE34ED 
 551      60F697
 552 17ce EE7A     		.ascii	"\356z"
 553 17d0 2848B3FE 		.ascii	"(H\263\376_?^\377o\277\377\303'\356\276A\233}\267\230"
 553      5F3F5EFF 
 553      6FBFFFC3 
 553      27EEBE41 
 553      9B7DB798 
 554 17e4 20AB8360 		.ascii	" \253\203`\005\373\325\322\336\200\214]\263\356\323"
 554      05FBD5D2 
 554      DE808C5D 
 554      B3EED3
 555 17f3 F59FAC97 		.ascii	"\365\237\254\227\330\007\233\002Mz\350\340\244kQ\275"
 555      D8079B02 
ARM GAS  C:\Users\8FEE~1\AppData\Local\Temp\cct2OmRf.s 			page 45


 555      4D7AE8E0 
 555      A46B51BD 
 556 1803 3E0F2142 		.ascii	">\017!BX\251\204\207p\201\264\037\352W\277\367\341\207"
 556      58A98487 
 556      7081B41F 
 556      EA57BFF7 
 556      E187
 557 1815 1FBA58B0 		.ascii	"\037\272X\260\377\005\231:>\260"
 557      FF05993A 
 557      3EB0
 558              		.text
 559              		.section	.gnu.lto_.symtab.95615bac,"",%progbits
 560 0000 63685468 		.ascii	"chThdCreateFromHeap\000"
 560      64437265 
 560      61746546 
 560      726F6D48 
 560      65617000 
 561 0014 00       		.ascii	"\000"
 562 0015 00       		.ascii	"\000"
 563 0016 00       		.ascii	"\000"
 564 0017 00000000 		.ascii	"\000\000\000\000\000\000\000\000"
 564      00000000 
 565 001f BF010000 		.ascii	"\277\001\000\000"
 566 0023 63685468 		.ascii	"chThdCreateFromMemoryPool\000"
 566      64437265 
 566      61746546 
 566      726F6D4D 
 566      656D6F72 
 567 003d 00       		.ascii	"\000"
 568 003e 00       		.ascii	"\000"
 569 003f 00       		.ascii	"\000"
 570 0040 00000000 		.ascii	"\000\000\000\000\000\000\000\000"
 570      00000000 
 571 0048 D6010000 		.ascii	"\326\001\000\000"
 572 004c 63685363 		.ascii	"chSchWakeupS\000"
 572      6857616B 
 572      65757053 
 572      00
 573 0059 00       		.ascii	"\000"
 574 005a 02       		.ascii	"\002"
 575 005b 00       		.ascii	"\000"
 576 005c 00000000 		.ascii	"\000\000\000\000\000\000\000\000"
 576      00000000 
 577 0064 DB010000 		.ascii	"\333\001\000\000"
 578 0068 63685468 		.ascii	"chThdCreateSuspendedI\000"
 578      64437265 
 578      61746553 
 578      75737065 
 578      6E646564 
 579 007e 00       		.ascii	"\000"
 580 007f 02       		.ascii	"\002"
 581 0080 00       		.ascii	"\000"
 582 0081 00000000 		.ascii	"\000\000\000\000\000\000\000\000"
 582      00000000 
 583 0089 F1010000 		.ascii	"\361\001\000\000"
 584 008d 63684865 		.ascii	"chHeapAllocAligned\000"
 584      6170416C 
ARM GAS  C:\Users\8FEE~1\AppData\Local\Temp\cct2OmRf.s 			page 46


 584      6C6F6341 
 584      6C69676E 
 584      656400
 585 00a0 00       		.ascii	"\000"
 586 00a1 02       		.ascii	"\002"
 587 00a2 00       		.ascii	"\000"
 588 00a3 00000000 		.ascii	"\000\000\000\000\000\000\000\000"
 588      00000000 
 589 00ab F7010000 		.ascii	"\367\001\000\000"
 590 00af 6368506F 		.ascii	"chPoolAlloc\000"
 590      6F6C416C 
 590      6C6F6300 
 591 00bb 00       		.ascii	"\000"
 592 00bc 02       		.ascii	"\002"
 593 00bd 00       		.ascii	"\000"
 594 00be 00000000 		.ascii	"\000\000\000\000\000\000\000\000"
 594      00000000 
 595 00c6 FB010000 		.ascii	"\373\001\000\000"
 596              		.text
 597              		.section	.gnu.lto_.opts,"",%progbits
 598 0000 272D666D 		.ascii	"'-fmath-errno' '-fsigned-zeros' '-ftrapping-math' '"
 598      6174682D 
 598      6572726E 
 598      6F272027 
 598      2D667369 
 599 0033 2D666E6F 		.ascii	"-fno-trapv' '-fno-openmp' '-fno-openacc' '-mcpu=cor"
 599      2D747261 
 599      70762720 
 599      272D666E 
 599      6F2D6F70 
 600 0066 7465782D 		.ascii	"tex-m7' '-mno-thumb-interwork' '-mthumb' '-ggdb' '-"
 600      6D372720 
 600      272D6D6E 
 600      6F2D7468 
 600      756D622D 
 601 0099 4F322720 		.ascii	"O2' '-fomit-frame-pointer' '-falign-functions=16' '"
 601      272D666F 
 601      6D69742D 
 601      6672616D 
 601      652D706F 
 602 00cc 2D666675 		.ascii	"-ffunction-sections' '-fdata-sections' '-fno-common"
 602      6E637469 
 602      6F6E2D73 
 602      65637469 
 602      6F6E7327 
 603 00ff 2720272D 		.ascii	"' '-flto'\000"
 603      666C746F 
 603      2700
 604              		.text
 605              		.comm	__gnu_lto_v1,1,1
 606              		.comm	__gnu_lto_slim,1,1
 607              		.ident	"GCC: (GNU Tools for ARM Embedded Processors 6-2017-q1-update) 6.3.1 20170215 (release) [AR
ARM GAS  C:\Users\8FEE~1\AppData\Local\Temp\cct2OmRf.s 			page 47


DEFINED SYMBOLS
                            *ABS*:00000000 chdynamic.c
                            *COM*:00000001 __gnu_lto_v1
                            *COM*:00000001 __gnu_lto_slim

NO UNDEFINED SYMBOLS
