ARM GAS  C:\Users\8FEE~1\AppData\Local\Temp\ccWQ24ag.s 			page 1


   1              		.cpu cortex-m7
   2              		.eabi_attribute 20, 1
   3              		.eabi_attribute 21, 1
   4              		.eabi_attribute 23, 3
   5              		.eabi_attribute 24, 1
   6              		.eabi_attribute 25, 1
   7              		.eabi_attribute 26, 1
   8              		.eabi_attribute 30, 2
   9              		.eabi_attribute 34, 1
  10              		.eabi_attribute 18, 4
  11              		.file	"chmemcore.c"
  12              		.text
  13              	.Ltext0:
  14              		.section	.gnu.lto_.profile.95615d46,"",%progbits
  15 0000 789C6365 		.ascii	"x\234ce`b`a```d\320V\007\000\000\375\000_"
  15      60626061 
  15      60606064 
  15      D0560700 
  15      00FD005F 
  16              		.text
  17              		.section	.gnu.lto_.icf.95615d46,"",%progbits
  18 0000 789C6365 		.ascii	"x\234ce`bPc@\0006\206\243\013O\037\345f\334\373\360"
  18      60625063 
  18      40003686 
  18      A30B4F1F 
  18      E566DCFB 
  19 0015 5D3B2B33 		.ascii	"];+3\230d\2357\343\321R>\266\223+\337>\346f\277>\345"
  19      98649D37 
  19      E3D1523E 
  19      B6932BDF 
  19      3EE666BF 
  20 002b F5621606 		.ascii	"\365b\026\006\000n\233\022\220"
  20      006E9B12 
  20      90
  21              		.text
  22              		.section	.gnu.lto_.jmpfuncs.95615d46,"",%progbits
  23 0000 789C6365 		.ascii	"x\234ce`b\020c@\000\026 febdd\256\257g\203P\354@\021"
  23      60621063 
  23      40001620 
  23      66656264 
  23      64AEAF67 
  24 0019 0017A902 		.ascii	"\000\027\251\002>"
  24      3E
  25              		.text
  26              		.section	.gnu.lto_.inline.95615d46,"",%progbits
  27 0000 789C6365 		.ascii	"x\234ce`b\250`@\000\026\006\006V\026F\006&\226\005\362"
  27      6062A860 
  27      40001606 
  27      06561646 
  27      06269605 
  28 0015 0C6C0BE4 		.ascii	"\014l\013\344\231@b\254\014\202\002\214L\214\012\214"
  28      994062AC 
  28      0C82028C 
  28      4C8C0A8C 
  29 0025 40368860 		.ascii	"@6\210`\021\2310\223\021\"\313\366A\217\207\201\351"
  29      11993093 
  29      1122CBF6 
ARM GAS  C:\Users\8FEE~1\AppData\Local\Temp\ccWQ24ag.s 			page 2


  29      418F8781 
  29      E9
  30 0036 023F0B48 		.ascii	"\002?\013H\035\033\203\260\020#\023X\011X1\213\304\206"
  30      1D1B83B0 
  30      10231358 
  30      0958318B 
  30      C486
  31 0048 1D68EA38 		.ascii	"\035h\3528@\352\330\031\330X\201V\000\305\340V0\000"
  31      40EAD819 
  31      D8588156 
  31      00C5E056 
  31      3000
  32 005a 0012AD0D 		.ascii	"\000\022\255\015z"
  32      7A
  33              		.text
  34              		.section	.gnu.lto_.pureconst.95615d46,"",%progbits
  35 0000 789C6365 		.ascii	"x\234ce`b\340b```a\220`\225`\333\305\310\316\002\000"
  35      6062E062 
  35      60606061 
  35      90609560 
  35      DBC5C8CE 
  36 0016 05CE0117 		.ascii	"\005\316\001\027"
  37              		.text
  38              		.section	.gnu.lto__core_init.95615d46,"",%progbits
  39 0000 789C7D91 		.ascii	"x\234}\221MK[A\024\206\317;s\033\203\030J\241\013\255"
  39      4D4B5B41 
  39      1486CF3B 
  39      731B8318 
  39      4AA10BAD 
  40 0014 2EDC64E1 		.ascii	".\334d\341&A(\372\007\374\003\375\005\027s{\301\200"
  40      264128FA 
  40      07FC03FD 
  40      0517737B 
  40      C180
  41 0026 F18A01B7 		.ascii	"\361\212\001\267\231\0106%\245V\012~\202\334@\026\266"
  41      99083625 
  41      A5560A7E 
  41      82DC4016 
  41      B6
  42 0037 7EC568FC 		.ascii	"~\305h\374\310\246\015\301\225\210\202\240.\304ZJ[h"
  42      C8A60DC1 
  42      958882A0 
  42      2EC45A4A 
  42      5B68
  43 0049 D1557151 		.ascii	"\321UqQ\305\3243I\260~\200\303\014sf\346\274\357<s\346"
  43      C5D43349 
  43      B07E80C3 
  43      0C7366E6 
  43      BCEF3C73 
  44 005e 1109F20B 		.ascii	"\021\011\362\013\242\027D\324\310\003\222 \206\267\211"
  44      A21744D4 
  44      C8039220 
  44      86B789
  45 006d E25E01E8 		.ascii	"\342^\001\350@yA1\201\030\336\3111\211b\342g^\264L+"
  45      40794131 
  45      8118DEC9 
  45      318962E2 
ARM GAS  C:\Users\8FEE~1\AppData\Local\Temp\ccWQ24ag.s 			page 3


  45      675EB44C 
  46 0082 6E85B14F 		.ascii	"n\205\261O\236Wj\260\336\225D\023<t\3034Z\210\323\316"
  46      9E576AB0 
  46      DE954413 
  46      3C74C334 
  46      5A88D3CE 
  47 0096 927F7EF8 		.ascii	"\222\177~\370d;t\234\372\\\334y\354O\253\257,\331\237"
  47      643B749C 
  47      FA5CDC79 
  47      EC4FABAF 
  47      2CD99F
  48 00a9 7CFA5EA5 		.ascii	"|\372^\245\306\225\341J\340\003dU\247C\322\271\007\337"
  48      C695E14A 
  48      E0036455 
  48      A743D2B9 
  48      07DF
  49 00bb 7359C88E 		.ascii	"sY\310\216\262\356K~!\353\251\3526\237\305U1\336\254"
  49      B2EE4B7E 
  49      21EBA9EA 
  49      369FC555 
  49      31DEAC
  50 00ce 5533FF55 		.ascii	"U3\377U3U\325\267li\304\34710\013?>\302_\241\301\034"
  50      3355D5B7 
  50      6C69C4E7 
  50      31300B3F 
  50      3EC25FA1 
  51 00e4 3CE039B3 		.ascii	"<\3409\263\213\202*\375K\250B\251!\223;~b\020%\371\\"
  51      8B822AFD 
  51      4BA842A9 
  51      21933B7E 
  51      621025F9 
  52 00f9 3FED8D14 		.ascii	"?\355\215\024z\226\2770p\2368Z\351\326\022\266\033\035"
  52      7A96BF30 
  52      709E385A 
  52      E9D612B6 
  52      1B1D
  53 010b 2CEED40C 		.ascii	",\356\324\014IW\2122G>\177rX\023\273T^\336Hkg\336\373"
  53      49578A32 
  53      473E7F72 
  53      5813BB54 
  53      5EDE486B 
  54 0122 BDB5B751 		.ascii	"\275\265\267Q\353b\012\256\224X\340\342\314\243\211"
  54      EB620AAE 
  54      9458E0E2 
  54      CCA389
  55 0131 AFCCC0C5 		.ascii	"\257\314\300\305M\003\343\256\201\221\226\270k\000d"
  55      4D03E3AE 
  55      819196B8 
  55      6B0064
  56 0140 D960511B 		.ascii	"\331`Q\033\350j\235\377\335\253\343\344\327J\245\372"
  56      E86A9DFF 
  56      DDABE3E4 
  56      D74AA5FA 
  57 0150 B5C3127B 		.ascii	"\265\303\022{\262\3652bT\346<\275\346\274\015&\356\203"
  57      B2F53262 
  57      54E63CBD 
  57      E6BC0D26 
ARM GAS  C:\Users\8FEE~1\AppData\Local\Temp\ccWQ24ag.s 			page 4


  57      EE83
  58 0162 E5AEC156 		.ascii	"\345\256\301V*`\267I\344}\222\325\207H\326*$\353Lr\212"
  58      2A60B749 
  58      E47D92D5 
  58      8748D62A 
  58      24EB4C72 
  59 0177 81D4C55B 		.ascii	"\201\324\305[h\220\362W$\371Y\\Ifx\036\010\004+\335"
  59      6890F257 
  59      24F9595C 
  59      4966781E 
  59      08042BDD 
  60 018b EA0A87C2 		.ascii	"\352\012\207\302N\264\265\275-\350D\203\226\023\211"
  60      4EB4B5BD 
  60      2DE84483 
  60      961389
  61 019a 383D1C75 		.ascii	"8=\034u\207C\301h\237\305\307\021;b9}v\300\242:\323"
  61      8743C168 
  61      9FC5C711 
  61      3B62397D 
  61      76C0A23A 
  62 01af ECB23B7B 		.ascii	"\354\262;{M\273\347\245i\372\252\213Pg\3246\315+\310"
  62      4DBBE7A5 
  62      69FAAA8B 
  62      5067D436 
  62      CD2BC8
  63 01c2 47D6F9   		.ascii	"G\326\371"
  64              		.text
  65              		.section	.gnu.lto_chCoreAllocAlignedI.95615d46,"",%progbits
  66 0000 789C8D53 		.ascii	"x\234\215S[KTQ\024^\353\354}\346\014s\365B\0204\201"
  66      5B4B5451 
  66      145EEBEC 
  66      7DE60C73 
  66      F5421034 
  67 0015 0F89F832 		.ascii	"\017\211\3702C`\371\322S\275\364\027z\314Ar\300q\302"
  67      4360F9D2 
  67      53BDF417 
  67      7ACC4172 
  67      C071C2
  68 0028 798BC0A3 		.ascii	"y\213\300\243\243#&\225A\215\025\016CI\250\3314\332"
  68      A3232695 
  68      418D150E 
  68      4349A8D9 
  68      34DA
  69 003a 551FC421 		.ascii	"U\037\304!#\214\354&\011\242\010\322},\243\242\2400"
  69      238CEC26 
  69      09A208D2 
  69      7D2CA3A2 
  69      A030
  70 004c C7D6DA67 		.ascii	"\307\326\332g\262\324\227\0163\353\354\375\355\365\255"
  70      B2D4970E 
  70      33EBECFD 
  70      EDF5AD
  71 005b FDAD6FEF 		.ascii	"\375\255o\357\243\203\006\013\002\340\000\000\354\241"
  71      A383060B 
  71      02E00000 
  71      ECA1
  72 0069 3FEA805A 		.ascii	"?\352\200Z\327\023\200f\273\246\311\367\006\230\016"
ARM GAS  C:\Users\8FEE~1\AppData\Local\Temp\ccWQ24ag.s 			page 5


  72      D7138066 
  72      BBA6C9F7 
  72      06980E
  73 0078 D1FF00C0 		.ascii	"\321\377\000\300t\011\224\026.\021y`\332\021\2324!\261"
  73      74099416 
  73      2E117960 
  73      DA119A34 
  73      21B1
  74 008a 094F8B6E 		.ascii	"\011O\213n\201\317[\207z\304)\221\022\200\222\246_\036"
  74      81CF5B87 
  74      7AC42991 
  74      128092A6 
  74      5F1E
  75 009c 5F7CE5E1 		.ascii	"_|\345\341)b\031\257.\275kuV\366\231f\213\231\355\036"
  75      296219AF 
  75      2EBD6B75 
  75      56F69966 
  75      8B99ED1E 
  76 00b0 31BA636D 		.ascii	"1\272cm\007SB\203\013\224\335\217>\354C\037o>\200\225"
  76      07534283 
  76      0B94DD8F 
  76      3EEC431F 
  76      6F3E8095 
  77 00c4 947BB979 		.ascii	"\224{\271y\346\221[T#\320\270==\226\363T\\Q\274\027"
  77      E6915B54 
  77      23D0B83D 
  77      3D96F354 
  77      5C51BC17 
  78 00d8 6785B92B 		.ascii	"g\205\271+%\004^E\361/\221 \300A\254\240\364\256\225"
  78      25045E45 
  78      F12F9120 
  78      C041ACA0 
  78      F4AE95
  79 00eb D54543EC 		.ascii	"\325EC\354S\324\330\245\271qY\240N%\024U\342\265\315"
  79      53D4D8A5 
  79      B97159A0 
  79      4E251455 
  79      E2B5CD
  80 00fe 540998C6 		.ascii	"T\011\230\306\012\316\237\312vd\034b\277\342\346\247"
  80      0ACE9FCA 
  80      76641C62 
  80      BFE2E6A7 
  81 010e 739FF5F2 		.ascii	"s\237\365\362^\305\375\224\334~&fN\2322%t\274\276\221"
  81      5EC5FD94 
  81      DC7E2666 
  81      4E9A3225 
  81      74BCBE91 
  82 0122 CF0FA5BF 		.ascii	"\317\017\245\277\034\316\237s\333$f\260\274\227\314"
  82      1CCE9F73 
  82      DB2466B0 
  82      BC97CC
  83 0131 A40C6A66 		.ascii	"\244\014jf\010mH/\0063\323\2305\363k\355f\366\355\316"
  83      086D482F 
  83      0633D398 
  83      35F36BED 
  83      66F6EDCE 
  84 0145 1FDF568B 		.ascii	"\037\337V\213\267!\355\254\2215\2645\331I\332u\226b"
ARM GAS  C:\Users\8FEE~1\AppData\Local\Temp\ccWQ24ag.s 			page 6


  84      B721EDAC 
  84      9135B435 
  84      D949DA75 
  84      9662
  85 0157 E36070B0 		.ascii	"\343`p\260\253\206\0344\324\235<wqps\360p\360\002W-"
  85      AB861C34 
  85      D49D3C77 
  85      717073F0 
  85      70F00257 
  86 016c E2E5629E 		.ascii	"\342\345b\236\227p(\345)\300\011\332\234\317\247\223"
  86      977028E5 
  86      29C009DA 
  86      9CCFA793 
  87 017c ECA5B7C8 		.ascii	"\354\245\267\310a,\021O\217\325\261\236\244\320\223"
  87      612C114F 
  87      8FD5B19E 
  87      A4D093
  88 018b 4224A969 		.ascii	"B$\251i\205\242\2051LM,L\016\014\252\003\224\270F\217"
  88      85A28531 
  88      4C4D2C4C 
  88      0E0CAA03 
  88      94B8468F 
  89 019f 1787A9C1 		.ascii	"\027\207\251\301\034\266\314\376\3113\210\313\304_\361"
  89      1CB6CCFE 
  89      C93388CB 
  89      C45FF1
  90 01ae 0E612176 		.ascii	"\016a!vE6\340\015\266\224\251~I4\241\314J\344>L8\254"
  90      4536E00D 
  90      B694A97E 
  90      4934A1CC 
  90      4AE43E4C 
  91 01c4 2C07154F 		.ascii	",\007\025O\264\335{jpq\233\362wt\364\343\274\321\264"
  91      B4DD7B6A 
  91      70719BF2 
  91      7774F4E3 
  91      BCD1B4
  92 01d7 6ADA09E8 		.ascii	"j\332\011\350\025\250L\\\232\232\271\357Ha\022\331\347"
  92      15A84C5C 
  92      9A9AB9EF 
  92      486112D9 
  92      E7
  93 01e8 9B74AD6E 		.ascii	"\233t\255n\260\301x\013S\310\005\277\266\027d8\251\342"
  93      B0C1780B 
  93      53C805BF 
  93      B6176438 
  93      A9E2
  94 01fa 06FD2ED5 		.ascii	"\006\375.\325\223s\003\346&\270\320\000\351-\200\036"
  94      937303E6 
  94      26B8D000 
  94      E92D801E 
  95 020a D583DBAA 		.ascii	"\325\203\333\252v\310\302\274\004\377\325O\256\022d"
  95      76C8C2BC 
  95      04FFD54F 
  95      AE1264
  96 0219 E95F8ED9 		.ascii	"\351_\216\331\254\224\242-\202\265\255\202o\257\013"
  96      AC94A22D 
  96      82B5AD82 
ARM GAS  C:\Users\8FEE~1\AppData\Local\Temp\ccWQ24ag.s 			page 7


  96      6FAF0B
  97 0228 BEB35970 		.ascii	"\276\263Yp1\225`\035\347\343?u\013)Q\240\007^c\353\354"
  97      3195601D 
  97      E7E33F75 
  97      0B2951A0 
  97      075E63EB 
  98 023d 44D5BA97 		.ascii	"D\325\272\227%\352>u\222\313\364\311\361\301\365\304"
  98      25EA3E75 
  98      92CBF4C9 
  98      F1C1F5C4 
  99 024d 4F8E1FB7 		.ascii	"O\216\037\267\226K\225T\313\332\207;\030\373\037\033"
  99      964B9554 
  99      CBDA873B 
  99      18FB1F1B 
 100 025d EFAEAB1A 		.ascii	"\357\256\253\032!UTE\325\227\352b,\243\006I&\301wD\364"
 100      21555445 
 100      D597EA62 
 100      2CA30649 
 100      26C17744 
 101 0272 FBB4B995 		.ascii	"\373\264\271\225EJ\361\212\271\3743\244k\204\234E\235"
 101      454AF18A 
 101      B9FC33A4 
 101      6B849C45 
 101      9D
 102 0283 56F9FD01 		.ascii	"V\371\375\001\353\027\254\013\325\204\"\321\335\325"
 102      EB17AC0B 
 102      D58422D1 
 102      DDD5
 103 0291 7B039168 		.ascii	"{\003\221h \030\011\207#\0154\252\017\325\004\242\215"
 103      20180987 
 103      230D34AA 
 103      0FD504A2 
 103      8D
 104 02a2 415A0ED7 		.ascii	"AZ\016\327\206\203\221\306Z\177\020d4t\254V?\\\037:"
 104      868391C6 
 104      5A7F1064 
 104      3474AC56 
 104      3F5C1F3A 
 105 02b6 D280477F 		.ascii	"\322\200G\177\003\200\312BE"
 105      0380CA42 
 105      45
 106              		.text
 107              		.section	.gnu.lto_chCoreAllocAligned.95615d46,"",%progbits
 108 0000 789C8D54 		.ascii	"x\234\215T_L\233U\024\277\347\273_\277\226\226\002\343"
 108      5F4C9B55 
 108      14BFE7BB 
 108      5FBF9696 
 108      02E3
 109 0012 45137928 		.ascii	"E\023y(\211\204\315\030\252\011\212\017\274\350|\320"
 109      8984CD18 
 109      AA098A0F 
 109      BCE87CD0 
 110 0022 075EC693 		.ascii	"\007^\306\223O\004j\035M(%-[6c\3027\312@\304?3\"\177"
 110      4F046A1D 
 110      4D28252D 
 110      5B3663C2 
 110      37CA40C4 
ARM GAS  C:\Users\8FEE~1\AppData\Local\Temp\ccWQ24ag.s 			page 8


 111 003a 264DE716 		.ascii	"&M\347\0263p2Xu\016\034\177:`\023\204\261\015A\011\323"
 111      33703258 
 111      750E1C7F 
 111      3A601384 
 111      B10D4109 
 112 004f 0487642B 		.ascii	"\004\207d+ls.\032g\266\025\317\271\337GWZD\2774\267"
 112      6C732E1A 
 112      67B615CF 
 112      B9DF4757 
 112      5A44BF34 
 113 0064 F79E737E 		.ascii	"\367\236s~\347\376\316\271\347\034\003\223\330\033F"
 113      E7FECEB9 
 113      E71C0393 
 113      D81B46
 114 0073 C61460EC 		.ascii	"\306\024`\3549\306\030\030\030H\207\246\031;`\222$\371"
 114      39C61818 
 114      184887A6 
 114      193B6092 
 114      24F9
 115 0085 8691A966 		.ascii	"\206\221\251f\336y\20115\225\203\254\311e\000\332\250"
 115      DE798131 
 115      359583AC 
 115      C96500DA 
 115      A8
 116 0096 26603512 		.ascii	"&`5\022\227\241\006>\340\255\034\256\324\365v\360\367"
 116      97A1063E 
 116      E0AD1CAE 
 116      D4F576F0 
 116      F7
 117 00a7 79903390 		.ascii	"y\2203\220\361\370\373\305\303Kit\004\260\221v\345z"
 117      F1F8FBC5 
 117      C34B6974 
 117      04B09176 
 117      E57A
 118 00b9 9D65C771 		.ascii	"\235e\307qU\255U\303\255!s\253\377\340+A.\261v\264\356"
 118      55AD55C3 
 118      AD2173AB 
 118      FFE02B41 
 118      2EB176B4 
 119 00ce 842C380E 		.ascii	"\204,8\016Yty\027\354@\333\243\007\346&\255\274\000"
 119      59747917 
 119      EC40DBA3 
 119      07E626AD 
 119      BC00
 120 00e0 18EE1BBA 		.ascii	"\030\356\033\272\007#i\271\237\011\334T3W\237\014r\016"
 120      072369B9 
 120      9F09DC54 
 120      33579F0C 
 120      720E
 121 00f2 9F038F07 		.ascii	"\237\003\217\007\242\210\301\011\310E\363C\367\037."
 121      A288C109 
 121      C845F343 
 121      F71F2E
 122 0101 1A79A180 		.ascii	"\032y\241\200\372?]\030\226u\350X\213\200\312\360E\""
 122      FA3F5D18 
 122      9675E858 
 122      8B80CAF0 
ARM GAS  C:\Users\8FEE~1\AppData\Local\Temp\ccWQ24ag.s 			page 9


 122      4522
 123 0113 5466D00D 		.ascii	"Tf\320\015\271d?\025n\3541\363\227\004\366\247\267\243"
 123      B9643F15 
 123      6EEC31F3 
 123      9704F6A7 
 123      B7A3
 124 0125 67E49C63 		.ascii	"g\344\234c\002\373CW\346\207~u\\\225\2210\234\334\210"
 124      02FB4357 
 124      E6877E75 
 124      5C959130 
 124      9CDC88
 125 0138 A70FCDAF 		.ascii	"\247\017\315\257\235\212~lUd\350\201\034\012\011#\351"
 125      9D8A7E6C 
 125      5564E881 
 125      1C0A0923 
 125      E9
 126 0149 05CAA884 		.ascii	"\005\312\250\204\272\226\033\367\242F\335\325tWZ\273"
 126      BA961BF7 
 126      A246DDD5 
 126      74575ABB 
 127 0159 1AAEB36D 		.ascii	"\032\256\263m\022\004}p\012r\020\021\235\211\3341\350"
 127      12047D70 
 127      0A721011 
 127      9D89DC31 
 127      E8
 128 016a 88DB81C7 		.ascii	"\210\333\201\307\327/7lv9\204 \247g\006\302jt\255\001"
 128      D72F376C 
 128      76398420 
 128      A76706C2 
 128      6A74AD01 
 129 017e FDEFF8ED 		.ascii	"\375\357\370\355\217\331\314\307$\240t`\34612\231b4"
 129      8FD9CCC7 
 129      24A07460 
 129      E6313299 
 129      6234
 130 0190 D0A2D062 		.ascii	"\320\242\320b\024\227\230pkH\241\263\231\026\013-\251"
 130      14979870 
 130      6B48A1B3 
 130      99160B2D 
 130      A9
 131 01a1 B45885C3 		.ascii	"\264X\205\3034R\247\3239\203\226mt\314d\364^\354\035"
 131      3452A7D3 
 131      3983966D 
 131      74CC64F4 
 131      5EEC1D
 132 01b4 8C8E5EBF 		.ascii	"\214\216^\277\011\017\370\317\227A\242\004\\\037h\230"
 132      090FF8CF 
 132      9741A204 
 132      5C1F6898 
 133 01c4 05FEB2C8 		.ascii	"\005\376\262\310\335\351\241\3716\263N\377\307\366\355"
 133      DDE9A1F9 
 133      36B34EFF 
 133      C7F6ED
 134 01d3 87FD93EF 		.ascii	"\207\375\223\357\252Gj3\202\\\201/7\011\340+\021sCD"
 134      AA476A33 
 134      825C812F 
 134      3709E02B 
ARM GAS  C:\Users\8FEE~1\AppData\Local\Temp\ccWQ24ag.s 			page 10


 134      11734344 
 135 01e7 1D94A95C 		.ascii	"\035\224\251\\\024\260\301i\324\255@\355\265\236\346"
 135      14B0C169 
 135      D4AD40ED 
 135      B59EE6
 136 01f6 DE1988A5 		.ascii	"\336\031\210\245\267N\305/\374Q\237Yd\267\235\003KP"
 136      B74EC52F 
 136      FC519F59 
 136      64B79D03 
 136      4B50
 137 0208 8DF6D94A 		.ascii	"\215\366\331J\030|M:)Q\367}\373\366O8\335\305\340\014"
 137      187C4D3A 
 137      2951F77D 
 137      FBF64F38 
 137      DDC5E00C 
 138 021c 19F0B867 		.ascii	"\031\360\270gc\320\007\0122\351\2477\003\266JW\036\015"
 138      63D0070A 
 138      32E9A737 
 138      03B64A57 
 138      1E0D
 139 022e 86EE99B3 		.ascii	"\206\356\231\263\037@Pm\303\3272\222u\367\322Y\325$"
 139      1F40506D 
 139      C3D73292 
 139      75F7D259 
 139      D524
 140 0240 630EE01B 		.ascii	"c\016\340\033\310\026\317~\347\346\354U\011%p\026dA"
 140      C816CF7E 
 140      E7E6EC55 
 140      09257016 
 140      6441
 141 0252 9AC18028 		.ascii	"\232\301\200(\376\316\241\321\345\324\3545\035m\"\333"
 141      FECEA1D1 
 141      E5D4EC35 
 141      1D6D22DB 
 142 0262 BB274373 		.ascii	"\273'Cs\026\201\036$4\014\201\314\226\241\326&\022\300"
 142      16811E24 
 142      340C81CC 
 142      96A1D626 
 142      12C0
 143 0274 68BBD8D8 		.ascii	"h\273\330\330a\020u\203\017\024\300\010HKg\004O,\215"
 143      61107583 
 143      0F14C008 
 143      484B6704 
 143      4F2C8D
 144 0287 AC4A4935 		.ascii	"\254JI5\224T\315\"\237\303\204\346,\002\376\226\372"
 144      9454CD22 
 144      9FC384E6 
 144      2C02FE96 
 144      FA
 145 0298 EEC1F284 		.ascii	"\356\301\362\204<\334\3562\223\005\335\241\247Q\216"
 145      3CDCEE32 
 145      9305DDA1 
 145      A7518E
 146 02a7 2FE01089 		.ascii	"/\340\020\211\303\"\033\347@\011p\031\211\304{\323\244"
 146      C3221BE7 
 146      40097019 
 146      89C47BD3 
ARM GAS  C:\Users\8FEE~1\AppData\Local\Temp\ccWQ24ag.s 			page 11


 146      A4
 147 02b8 065420E8 		.ascii	"\006T \350\347\361\256\023\242\343eX\303/\035F\220C"
 147      E7F1AE13 
 147      A2E36558 
 147      C32F1D46 
 147      9043
 148 02ca 046AE7EB 		.ascii	"\004j\347\353A\263St\350\203\372F\256I\214\002\254h"
 148      41B35374 
 148      E883FA46 
 148      AE498C02 
 148      AC68
 149 02dc B19D5B8F 		.ascii	"\261\235[\217\325H\250\226\310\352\250Y\2632Q\333\034"
 149      D548A896 
 149      C8EAA859 
 149      B33251DB 
 149      1C
 150 02ed 1CB96424 		.ascii	"\034\271d$\347)\342\235\373\373o^5\326<TM(8\306\265"
 150      E729E29D 
 150      FBFB6F5E 
 150      35D63C54 
 150      4D2838C6 
 151 0302 AE5B999A 		.ascii	"\256[\231\232\0333\007!\000\324\033c8\207F\305\023\234"
 151      1B330721 
 151      00D41B63 
 151      388746C5 
 151      139C
 152 0314 872090C3 		.ascii	"\207 \220\303\273\015:\215\024\364\250E\240\013\314"
 152      BB0D3A8D 
 152      14F4A845 
 152      A00BCC
 153 0323 C80BC51B 		.ascii	"\310\013\305\033d\026\024\353\001 _]\230*b\260h\336"
 153      641614EB 
 153      01205F5D 
 153      982A62B0 
 153      68DE
 154 0335 5ED36456 		.ascii	"^\323dV\024?\342\037\"\376V\215\377-\277\242\231\244"
 154      143FE21F 
 154      22FE568D 
 154      FF2DBFA2 
 154      99A4
 155 0347 25118664 		.ascii	"%\021\206d\302\027b\204\277M$\234\216.\210G[\375\337"
 155      C2176284 
 155      BF4D249C 
 155      8E2E8847 
 155      5BFDDF
 156 035a 064D9221 		.ascii	"\006M\222!\204\251\354W\250\233\037\315\217\3452C<y"
 156      84A9EC57 
 156      A89B1FCD 
 156      8FE53243 
 156      3C79
 157 036c 13661967 		.ascii	"\023f\031g4GDG\375{\303oi\352m\202\252\226\332\211'"
 157      34474447 
 157      FD7BC36F 
 157      69EA6D82 
 157      AA96DA89 
 158 0381 48F67FD2 		.ascii	"H\366\177\3228\036c5\201\254\320\213\360/\353\275^{"
 158      381E6335 
ARM GAS  C:\Users\8FEE~1\AppData\Local\Temp\ccWQ24ag.s 			page 12


 158      81ACD08B 
 158      F02FEBBD 
 158      5E7B
 159 0393 E4AFE658 		.ascii	"\344\257\346X\215\262X\205RE\305\235B\033N=\332I\332"
 159      8DB25885 
 159      5245C59D 
 159      421B4E3D 
 159      DA49DA
 160 03a6 643404FE 		.ascii	"d4\004\376c4|'FC\254\022\250;'\267\032\015\003\353\243"
 160      63347C27 
 160      4643AC12 
 160      A83B27B7 
 160      1A0D03EB 
 161 03bb C1B0A1BB 		.ascii	"\301\260\241\273\247\250\236\223fE\241\213\301E2V\222"
 161      A7A89E93 
 161      6645A18B 
 161      C1453256 
 161      92
 162 03cc 67457E80 		.ascii	"gE~\200\323\345\014\246\223g\305%\321\035\227\343fE"
 162      D3E50CA6 
 162      9367C525 
 162      D11D97E3 
 162      6645
 163 03de 34F8CB90 		.ascii	"4\370\313\220e}\014L\212\344]\021c \261\347gb=O\316"
 163      657D0C4C 
 163      8AE45D11 
 163      6320B1E7 
 163      67623D4F 
 164 03f3 D92DECF9 		.ascii	"\331-\354\371\246\316\363\012q\016\360L\214\370O\310"
 164      A6CEF30A 
 164      710EF04C 
 164      8CF84FC8 
 165 0403 84BC2C69 		.ascii	"\204\274,i\341\376\"\246\336\312\027\242\227\001'.P"
 165      E1FE22A6 
 165      DECA17A2 
 165      9701272E 
 165      50
 166 0414 F6D14B7E 		.ascii	"\366\321K~^\236]\3739\312]e.\217\357\331\202\347\355"
 166      5E9E5DFB 
 166      39CA5D65 
 166      2E8FEFD9 
 166      82E7ED
 167 0427 1E9FDDE1 		.ascii	"\036\237\335\341q\273=\225\270\253p\225\331}^\007\252"
 167      71BB3D95 
 167      B8AB7095 
 167      D97D5E07 
 167      AA
 168 0438 DD4EB7C3 		.ascii	"\335N\267\303\343u\3469\230\354s\275\3514\224V\270v"
 168      E375E639 
 168      98EC73BD 
 168      E9349456 
 168      B876
 169 044a 57429561 		.ascii	"WB\225aoi\305\036\347\013[\373\251\362x\253}\366\027"
 169      6F69C51E 
 169      E70B5BFB 
 169      A9F278AB 
 169      7DF617
ARM GAS  C:\Users\8FEE~1\AppData\Local\Temp\ccWQ24ag.s 			page 13


 170 045d 7715ED2C 		.ascii	"w\025\355,\332\207\026\344\247do\201;\257\234\025n\015"
 170      DA8716E4 
 170      A7646F81 
 170      3BAF9C15 
 170      6E0D
 171 046f 74EEABB6 		.ascii	"t\356\253\266\357,*~\265\330\356\252tT\354y\335iw\270"
 171      EF2C2A7E 
 171      B5D8EEAA 
 171      7454EC79 
 171      DD6977B8 
 172 0483 7D2E5FC9 		.ascii	"}._\311n\207\003\301O\375\013\330[\375\310\274\334\267"
 172      6E8703C1 
 172      4FFD0BD8 
 172      5BFDC8BC 
 172      DCB7
 173 0495 DF87A619 		.ascii	"\337\207\246\031E\305\273le\245>g\225\327\365\264-\347"
 173      45C5BB6C 
 173      65A53E67 
 173      95D7F5B4 
 173      2DE7
 174 04a7 19267999 		.ascii	"\031&y\231\021C\362x\367\263\177\000\271K\233\204"
 174      1143F278 
 174      F7B37F00 
 174      B94B9B84 
 175              		.text
 176              		.section	.gnu.lto_chCoreGetStatusX.95615d46,"",%progbits
 177 0000 789C6550 		.ascii	"x\234eP\273N\002A\024\275wf\227]H\344\007\244\240\245"
 177      BB4E0241 
 177      14BD7766 
 177      975D48E4 
 177      07A4A0A5 
 178 0014 616362F0 		.ascii	"acb\360\037\374\0146$\222\270n\002\037\300\210\017\242"
 178      1FFC0C36 
 178      2492B86E 
 178      021FC088 
 178      0FA2
 179 0026 266AE382 		.ascii	"&j\343\202\017\262\005\005\202\017\324\216\302\204\030"
 179      0FB20505 
 179      820FD48E 
 179      C28418
 180 0035 ED7C9258 		.ascii	"\355|\222X\331i\205\321Bc\251\340\275Yb!\311\316\314"
 180      D96985D1 
 180      4263A9E0 
 180      BD596221 
 180      C9CECC
 181 0048 3D67EE9C 		.ascii	"=g\356\234s\356\352 \300C\200\024\000\214\323B\011("
 181      73EEEA20 
 181      C0438014 
 181      008CD342 
 181      0928
 182 005a 366F01E6 		.ascii	"6o\001\346M\201\310\2052\021\012\002\013\270!\313\022"
 182      4D81C885 
 182      32110A02 
 182      0BB821CB 
 182      12
 183 006b 1F164FF6 		.ascii	"\037\026O\366\344\272\364\251M#\370q\263\363\022e\210"
 183      E4BAF4A9 
ARM GAS  C:\Users\8FEE~1\AppData\Local\Temp\ccWQ24ag.s 			page 14


 183      4D23F871 
 183      B3F31265 
 183      88
 184 007c 1827B8AB 		.ascii	"\030'\270\253\272+F\242\256TQu\312_\221\312\331\275"
 184      BA2B46A2 
 184      AE545175 
 184      CA5F91CA 
 184      D9BD
 185 008e 0AFB52C0 		.ascii	"\012\373R\3006\265\357c\014\353\030c\217\006&\200\272"
 185      36B5EF63 
 185      0CEB1863 
 185      8F062680 
 185      BA
 186 009f 9F4FFB5B 		.ascii	"\237O\373[c!\215o\211lb\210r@\253\213\035\325\037\224"
 186      63218D6F 
 186      896C6288 
 186      7240AB8B 
 186      1DD51F94 
 187 00b3 54E7BB86 		.ascii	"T\347\273\206\203iS\200/\245\244M\323\270\322\271\012"
 187      83695380 
 187      2FA5A44D 
 187      D3B8D2B9 
 187      0A
 188 00c4 F166002B 		.ascii	"\361f\000+\303*=\346\230k\004\350\224=,z\275\363\253"
 188      C32A3DE6 
 188      986B04E8 
 188      943D2C7A 
 188      BDF3AB
 189 00d7 28EB55A5 		.ascii	"(\353U\245 \033o\351\342\316\340\214:\262k\273\375\366"
 189      201B6FE9 
 189      E2CEE08C 
 189      3AB26BBB 
 189      FDF6
 190 00e9 64147E94 		.ascii	"d\024~\224ID\215\235\211{\275~\274\214\370XEr\300C\232"
 190      49448D9D 
 190      897BBD7E 
 190      BC8CF858 
 190      4572C043 
 191 00fe F58083E2 		.ascii	"\365\200\203\342\021\372\010$\370Y\302@N\222\"\023^"
 191      11FA0824 
 191      F859C240 
 191      4E922213 
 191      5E
 192 010f 38C0DA88 		.ascii	"8\300\332\210\036\216\352\035\377\351\265\376\353\351"
 192      1E8EEA1D 
 192      FFE9B5FE 
 192      EBE9
 193 011d 2441C442 		.ascii	"$A\304BeyH\004\036z\320\324\220\001i\020\017\357X\214"
 193      65794804 
 193      1E7AD0D4 
 193      90016910 
 193      0FEF588C 
 194 0131 0F2165A6 		.ascii	"\017!e\246\261\221\307\245\0370\231LZ\301g\317d\323"
 194      B191C7A5 
 194      1F30994C 
 194      5AC167CF 
 194      64D3
ARM GAS  C:\Users\8FEE~1\AppData\Local\Temp\ccWQ24ag.s 			page 15


 195 0143 59373F31 		.ascii	"Y7?1\225\262\334\274e\273\216\343\316Q5\233M[\371\234"
 195      95B2DCBC 
 195      65BB8EE3 
 195      CE51359B 
 195      4D5BF99C 
 196 0157 4DD74EC6 		.ascii	"M\327N\306\261\335\\&i\303/\202\013\215\357"
 196      B1DD5C26 
 196      69C32F82 
 196      0B8DEF
 197              		.text
 198              		.section	.gnu.lto_.symbol_nodes.95615d46,"",%progbits
 199 0000 789C55CB 		.ascii	"x\234U\313[\015\200@\020C\321\333\231\214\017\202\023"
 199      5B0D8040 
 199      1043D1DB 
 199      998C0F82 
 199      13
 200 0011 FCE06156 		.ascii	"\374\340aV\002z\020\201\035\336\204%|m\177\232\234\264"
 200      027A1081 
 200      1DDE8425 
 200      7C6D7F9A 
 200      9CB4
 201 0023 81315263 		.ascii	"\2011Rc\273\022\246\005j\315e\200XE\351\301\343\226"
 201      BB12A605 
 201      6ACD6580 
 201      5845E9C1 
 201      E396
 202 0035 BA3A894D 		.ascii	"\272:\211M\366\303#\377\300\016\245\232\217\235Jk\345"
 202      F6C323FF 
 202      C00EA59A 
 202      8F9D4A6B 
 202      E5
 203 0046 527A23BC 		.ascii	"Rz#\274^r\031^"
 203      5E72195E 
 204              		.text
 205              		.section	.gnu.lto_.refs.95615d46,"",%progbits
 206 0000 789C05C1 		.ascii	"x\234\005\301\261\021\300 \000\003\261\177\033H\221"
 206      B111C020 
 206      0003B17F 
 206      1B4891
 207 000f A3A1618A 		.ascii	"\243\241a\212\354\277^\244I\370\200\201\232h\223\221"
 207      ECBF5EA4 
 207      49F88081 
 207      9A689391 
 208 001f 4E5C74EB 		.ascii	"N\\t\353\351\302\227\036\275y\250X~\026\333\000\326"
 208      E9C2971E 
 208      BD79A858 
 208      7E16DB00 
 208      D6
 209              		.text
 210              		.section	.gnu.lto_.decls.95615d46,"",%progbits
 211 0000 789CBD56 		.ascii	"x\234\275VmLTW\032\276g\3160\003\303\314H\250\331\370"
 211      6D4C5457 
 211      1ABE67CE 
 211      3003C3CC 
 211      48A8D9F8 
 212 0014 83CD1292 		.ascii	"\203\315\022\222\006w\223\016R\033?6\233M]\263[\314"
 212      0677930E 
ARM GAS  C:\Users\8FEE~1\AppData\Local\Temp\ccWQ24ag.s 			page 16


 212      521B3F36 
 212      9B4D5DB3 
 212      5BCC
 213 0026 AE6B536A 		.ascii	"\256kSj\263?fs3\314\334\312\2440c\231\241-\315&\275"
 213      B33F6673 
 213      33CCDCCA 
 213      A4306399 
 213      A12DCD26 
 214 003b A8B80491 		.ascii	"\250\270\004\221R\253V\021\353(\206\202\200\014\302"
 214      52AB5611 
 214      EB288682 
 214      800CC2
 215 004a 4AFD0007 		.ascii	"J\375\000\007*T\021\224\217\002Z\025\320\"\254\240\226"
 215      2A541194 
 215      8F025A15 
 215      D022ACA0 
 215      96
 216 005b 2F8B8894 		.ascii	"/\213\210\224}\3179w\270\327\021\330?\233\275\341\035"
 216      7DCF3977 
 216      B8D711D8 
 216      3F9BBDE1 
 216      1D
 217 006c CE39F73D 		.ascii	"\3169\367=\317\363\274\357y\31797\210Sq\325\241\034"
 217      CFF3BCEF 
 217      79CF3937 
 217      885371D5 
 217      A11C
 218 007e 1787392E 		.ascii	"\027\2079.\023q\334,<A\034\307\225q\362\243\006;\011"
 218      1371DC2C 
 218      3C411CC7 
 218      9571F2A3 
 218      063B09
 219 0091 7616EC3C 		.ascii	"v\026\354<\330\005i\254\011\254\005\354\032X\033\367"
 219      D80569AC 
 219      09AC05EC 
 219      1A581BF7 
 220 00a1 FCF377C0 		.ascii	"\374\363w\300\"8\357\2005\203\265\203]\006\353\220\336"
 220      2238EF80 
 220      3583B583 
 220      5D06EB90 
 220      DE
 221 00b2 2309F3BF 		.ascii	"#\011\363\277\341\244\202\243\026\376\207\203-\005\333"
 221      E1A482A3 
 221      16FE8783 
 221      2D05DB
 222 00c1 0C560DB6 		.ascii	"\014V\015\266I\302kW\340\021}\020\006wW\302\274\026"
 222      49C26B57 
 222      E0117D10 
 222      067757C2 
 222      BC16
 223 00d3 8095064E 		.ascii	"\200\225\006N\272E\260\356\203=\000\033U\340j\245\230"
 223      BA45B0EE 
 223      833D001B 
 223      55E06AA5 
 223      98
 224 00e4 C7C11E83 		.ascii	"\307\301\036\203MK<3`\263`\252\005\270>\001.\215\202"
 224      4D4B3C33 
ARM GAS  C:\Users\8FEE~1\AppData\Local\Temp\ccWQ24ag.s 			page 17


 224      60B360AA 
 224      05B83E01 
 224      2E8D82
 225 00f7 AB5AE278 		.ascii	"\253Z\342x3@\363\005\011\343\232\204\243|\276\300\350"
 225      3340F305 
 225      09E39A84 
 225      A37CBEC0 
 225      E8
 226 0108 F4EE8B35 		.ascii	"\364\356\2135\252\036t\013\201\017\012c\263\020\373"
 226      AA1E740B 
 226      810F0A63 
 226      B310FB
 227 0117 45D46877 		.ascii	"E\324hw\326\377 D\307aTE\177\231#\035B\376\031R_%uU"
 227      D6FF2044 
 227      C7615445 
 227      7F99231D 
 227      42FE1952 
 228 012f 1224FD93 		.ascii	"\022$\375\223&#\005\"{\315\230\374\017\323\316\032t"
 228      26230522 
 228      7BCD98FC 
 228      0FD3CE1A 
 228      74
 229 0140 9A7F3652 		.ascii	"\232\1776R\311\004\010)'(\000\231l\351\375\234>N\016"
 229      C9040829 
 229      27280099 
 229      6CE9FD9C 
 229      3E4E0E
 230 0153 0EF9A31F 		.ascii	"\016\371\243\037=\330<\240\353E\267\311\250\347uD\307"
 230      3DD83CA0 
 230      EB45B7C9 
 230      A8E77544 
 230      C7
 231 0164 862A6E1D 		.ascii	"\206*n\0355b\025\"\355\336\251\242?\231JE\366\004\377"
 231      35621522 
 231      EDDEA9A2 
 231      3F994A45 
 231      F604FF
 232 0177 524E5BC3 		.ascii	"RN[\303\354\244oI\016F\341:\244\202n\373H\363\341P\350"
 232      ECA46F49 
 232      0E46E13A 
 232      A4826EFB 
 232      48F3E150 
 233 018c 2ED5A130 		.ascii	".\325\2410\350>I\357\254\323-\333Ogm\027\303T\350\235"
 233      E83E49EF 
 233      ACD32DDB 
 233      4F676D17 
 233      C354E89D 
 234 01a0 5FA05214 		.ascii	"_\240R\024\201JP\004\220\227\241e\360\233\240fH\267"
 234      814A5004 
 234      9097A165 
 234      F09BA066 
 234      48B7
 235 01b2 3D5F556A 		.ascii	"=_Uj\242<\242\247O\364M\336\215\276sJ\0243`\232\232"
 235      A23CA2A7 
 235      4FF44DDE 
 235      8DBE734A 
 235      1433609A 
ARM GAS  C:\Users\8FEE~1\AppData\Local\Temp\ccWQ24ag.s 			page 18


 236 01c7 B8A16284 		.ascii	"\270\241b\204\321\011d\"\222\241\011\277E\250\027\241"
 236      D1096422 
 236      92A109BF 
 236      45A817A1 
 237 01d7 AF500F04 		.ascii	"\257P\017\004t\022E\301to{\346e#\3763U{\262t\332\253"
 237      741245C1 
 237      746F7BE6 
 237      6523FE33 
 237      557BB274 
 238 01ed 539385DC 		.ascii	"S\223\205\334\244#\370\004\375Rq\011\006a0@r\263\004"
 238      A423F804 
 238      FD527109 
 238      06613040 
 238      72B304
 239 0200 86CA1F9C 		.ascii	"\206\312\037\234\2312\260!\342q|\352\307j=\346i\273"
 239      9932B021 
 239      E2717CEA 
 239      C76A3DE6 
 239      69BB
 240 0212 6D87371F 		.ascii	"m\2077\037\263\250\324$;-y?\030YT\221_`U[\315\303;\301"
 240      B3A8D424 
 240      3B2D793F 
 240      18595491 
 240      5F60555B 
 241 022a 68B9AE90 		.ascii	"h\271\256\220\204\345\233\314\217:\327#\212\221\250"
 241      84E59BCC 
 241      8F3AD723 
 241      8A91A8
 242 0239 1AE950A5 		.ascii	"\032\351P\245\254s\023\331\000\231\242\270M\314\335"
 242      AC7313D9 
 242      0099A2B8 
 242      4DCCDD
 243 0248 2E86C471 		.ascii	".\206\304q\350_\020x\025\004\216N\243\345\204\224\370"
 243      E85F1078 
 243      15048E4E 
 243      A3E58494 
 243      F8
 244 0259 A1533058 		.ascii	"\241S0X\001\203\300\322?r`\330@U\023$/\242\272\277+"
 244      0183C0D2 
 244      3F7260D8 
 244      40551324 
 244      2FA2BABF 
 245 026e 6B280C52 		.ascii	"k(\014Rfp\263^\221\30134\203_#)\205\355{\017<\325A\012"
 245      6670B35E 
 245      91C13334 
 245      835F2329 
 245      85ED7B0F 
 246 0286 FB480AB7 		.ascii	"\373H\012\267\255\036e)\334\246&~\250\\\226V\036\230"
 246      AD1E6529 
 246      DCA6267E 
 246      A85C9656 
 246      1E98
 247 0298 C2B33485 		.ascii	"\302\2634\205cY\005\017\014\370\016\242)\310\236\335"
 247      6359050F 
 247      0CF80EA2 
 247      29C89EDD 
 248 02a8 E3592261 		.ascii	"\343Y\"a5\375\372\240\350\333\006\012T\024\351\234\214"
ARM GAS  C:\Users\8FEE~1\AppData\Local\Temp\ccWQ24ag.s 			page 19


 248      35FDFAA0 
 248      E8DB060A 
 248      5414E99C 
 248      8C
 249 02b9 742E10E9 		.ascii	"t.\020\351<E*\037\365\036\322\342\011\206\264\257\256"
 249      3C452A1F 
 249      F51ED2E2 
 249      0986B4AF 
 249      AE
 250 02ca 3C5DAB0C 		.ascii	"<]\253\014\201\204'\307P\373\\\025|Z\337\351\301R\025"
 250      818427C7 
 250      50FB5C15 
 250      7C5ADFE9 
 250      C15215
 251 02dd 7495847D 		.ascii	"t\225\204}\266],\202i\036\025qC52qM \361\005J<\264\353"
 251      B65D2C82 
 251      691E1571 
 251      43353271 
 251      4D20F105 
 252 02f5 71A50A67 		.ascii	"q\245\012g\260\242-\317\350/\016\206e\213\2005G\212"
 252      B0A22DCF 
 252      E82F0E86 
 252      658B8035 
 252      478A
 253 0307 058F600B 		.ascii	"\005\217`\013^\345\033/S\343\335\324Wu\272\252?O7\267"
 253      5EE51B2F 
 253      53E3DDD4 
 253      5775BAAA 
 253      3F4F37B7 
 254 031b A6B34DA6 		.ascii	"\246\263M\246\214\177\222p\033@\35272k\304\334\232\216"
 254      8C7F9270 
 254      1B40EA37 
 254      326BC4DC 
 254      9A8E
 255 032d 1C13F132 		.ascii	"\034\023\3612\016\255\214@+`E/\302\212FH+Z\017\221\325"
 255      0EAD8C40 
 255      2B60452F 
 255      C28A4648 
 255      2B5A0F91 
 256 0342 B1152D3E 		.ascii	"\261\025->Rt\321\200\367b\312pp_]\225q\216ap8\2522\203"
 256      5274D180 
 256      F762CA70 
 256      705F5D95 
 256      718E6170 
 257 035a 305C0286 		.ascii	"0\\\002\206F\231\001\010\347\247\370v~\212\216\351="
 257      46990108 
 257      E7A7F876 
 257      7E8A8EE9 
 257      3D
 258 036b A32A7DD6 		.ascii	"\243*}\326\\\231Q<\177\245q\3502\322K\033u(\307W\241"
 258      5C99513C 
 258      7FA571E8 
 258      32D24B1B 
 258      7528C757 
 259 0380 7FB94014 		.ascii	"\177\271@\024\353\311\366\372U1\324F\010y\215|\214\\"
 259      EBC9F6FA 
 259      5531D446 
ARM GAS  C:\Users\8FEE~1\AppData\Local\Temp\ccWQ24ag.s 			page 20


 259      08798D7C 
 259      8C5C
 260 0392 31C94773 		.ascii	"1\311Gs\333\204^\206i\335\375U\025\010\347\250i\306"
 260      DB845E86 
 260      69DDFD55 
 260      1508E7A8 
 260      69C6
 261 03a4 8E347466 		.ascii	"\2164tf\204\204\347\222\000rI\305\0232z\2264\243\360"
 261      8484E792 
 261      007249C5 
 261      13327A96 
 261      34A3F0
 262 03b7 B913E166 		.ascii	"\271\023\341f\327\261\033\241@\324\007Q^\315[\272G\364"
 262      D7B11BA1 
 262      40D40751 
 262      5ECD5BBA 
 262      47F4
 263 03c9 2C23EFD1 		.ascii	",#\357\321\025\202J\234i\003\265P\370\321}7>\3078\237"
 263      15824A9C 
 263      6903B550 
 263      F8D17D37 
 263      3EC7389F 
 264 03dd C19F3A92 		.ascii	"\301\237:\222\235\256\226$6\036\010\337\263]\214\243"
 264      9DAE9624 
 264      361E08DF 
 264      B35D8CA3 
 265 03ed 0AAFBEA0 		.ascii	"\012\257\276\240\360*\205\270F!\036g\215\3373\340\002"
 265      F02A85B8 
 265      46211E67 
 265      8DDF33E0 
 265      02
 266 03fe 0631BED3 		.ascii	"\0061\276\323[\023$\221w)\310[\375\344\264\201\332\350"
 266      5B132491 
 266      7729C85B 
 266      FDE4B481 
 266      DAE8
 267 0410 CCBADECE 		.ascii	"\314\272\336\316\335\006e\356\010\231L\322\316rG\376"
 267      DD0665EE 
 267      08994CD2 
 267      CE7247FE 
 268 0420 837341FB 		.ascii	"\203sA\373=\021)\235\011\254\354\334!9wP\347\373]\347"
 268      3D11299D 
 268      09ACECDC 
 268      21397750 
 268      E7FB5DE7 
 269 0434 DB31F632 		.ascii	"\3331\3662M\243\317\016W\207\260\303d)tgzss\265\354"
 269      4DA3CF0E 
 269      5787B0C3 
 269      64297467 
 269      7A7373B5 
 270 0449 30F190AA 		.ascii	"0\361\220\252<\3322\276_\207k\231\357\304\231\235O\215"
 270      3CDA32BE 
 270      5F876B99 
 270      EFC4999D 
 270      4F8D
 271 045b CCF725E8 		.ascii	"\314\367%\350\226dN\211F]&M8%\015W.\356\015\222}\024"
 271      96644E89 
ARM GAS  C:\Users\8FEE~1\AppData\Local\Temp\ccWQ24ag.s 			page 21


 271      465D264D 
 271      38250D57 
 271      2EEE0D92 
 272 0471 1381AEB3 		.ascii	"\023\201\256\263Z\350|R\363T\217\277\245H\352\276\202"
 272      5AE87C52 
 272      F3548FBF 
 272      A548EABE 
 272      82
 273 0482 B1610D5A 		.ascii	"\261a\015Z\036\201\220\016\254\320\177tsp\306\353\320"
 273      1E81900E 
 273      ACD07F74 
 273      7370C6EB 
 273      D0
 274 0493 F7523AE0 		.ascii	"\367R:\340\311\023\001~\344\0232<_\331\335\204\262\273"
 274      C913017E 
 274      E413323C 
 274      5FD9DD84 
 274      B2BB
 275 04a5 4D797A80 		.ascii	"Myz\200\367\026\020\345\211\301t\204,\265oWi\260\262"
 275      F71610E5 
 275      89C17484 
 275      2CB56F57 
 275      69B0B2
 276 04b8 1E087617 		.ascii	"\036\010v\027\370uR}\275\244*\230J\342\235\333r\364"
 276      F875527D 
 276      BDA42A98 
 276      4AE29DDB 
 276      72F4
 277 04ca 50884EE2 		.ascii	"P\210N\342\310\\\224\003\274\233O\365\017\351\225\330"
 277      C85C9403 
 277      BC9B4FF5 
 277      0FE995D8 
 278 04da 7D8B6137 		.ascii	"}\213a7\014ez\226\300\272\267\372\240t\276\324\244{"
 278      0C657A96 
 278      C0BAB7FA 
 278      A074BED4 
 278      A47B
 279 04ec 7CE991E8 		.ascii	"|\351\221\350\016\254P7\324\016\234n\212\231\337\301"
 279      0EAC5037 
 279      D40E9C6E 
 279      8A99DFC1 
 280 04fc C8DB7069 		.ascii	"\310\333pi\337\2455\340\277\027\242_\274\027\242\331"
 280      DFA535E0 
 280      BF17A25F 
 280      BC17A2D9 
 281 050c 31D1FEE9 		.ascii	"1\321\376\351\330q-nV\263M\334\324]\257V\034\023\277"
 281      D8712D6E 
 281      56B34DDC 
 281      D45DAF56 
 281      1C13BF
 282 051f 3F3846C4 		.ascii	"?8F\304\015\202\266{\362&\216^\360\350\037\200P\243"
 282      0D82B67B 
 282      F2268E5E 
 282      F0E81F80 
 282      50A3
 283 0531 A55DDC0F 		.ascii	"\245]\334\017\203?H\007\305\361\317\216ip7\343h\254"
 283      833F4807 
ARM GAS  C:\Users\8FEE~1\AppData\Local\Temp\ccWQ24ag.s 			page 22


 283      C5F1CF8E 
 283      697037E3 
 283      68AC
 284 0543 BD795D8D 		.ascii	"\275y]\215t\313\347\005\030\232\007`\356Di\244'\312"
 284      74CBE705 
 284      189A0760 
 284      EE4469A4 
 284      27CA
 285 0555 7D10F36F 		.ascii	"}\020\363oY\314 \315\021\031\005\242\254\323\035=\352"
 285      59CC20CD 
 285      111905A2 
 285      ACD31D3D 
 285      EA
 286 0566 050B6AD8 		.ascii	"\005\013j\330_P+\250\252\354\207m\007\364\201\313+\037"
 286      5F502BA8 
 286      AAEC876D 
 286      07F481CB 
 286      2B1F
 287 0578 DC0FE812 		.ascii	"\334\017\350\022\0143x\350\220+l\272\354\254T\276\032"
 287      0C3378E8 
 287      902B6CBA 
 287      ECAC54BE 
 287      1A
 288 0589 E84E967B 		.ascii	"\350N\226{\256\032\026d{\344g{\310\2220\221\2251)]\272"
 288      AE1A1664 
 288      7BE4677B 
 288      C8923091 
 288      9531295D 
 289 059e 5AE8160D 		.ascii	"Z\350\026\015\344\347\350\331>YCj\255\265\264\321\020"
 289      E4E7E8D9 
 289      3E59436A 
 289      ADB5B4D1 
 289      10
 290 05af 286604C0 		.ascii	"(f\004\300~\244`\243T\314#&f\224\212\311\3168\221\256"
 290      7EA460A3 
 290      54CC2326 
 290      66948AC9 
 290      CE3891AE 
 291 05c3 C57D6C63 		.ascii	"\305}lc]\336[\270W\017\367\212\017\356\225\216\303\370"
 291      5DDE5BB8 
 291      570FF78A 
 291      0FEE958E 
 291      C3F8
 292 05d5 51C94EB1 		.ascii	"Q\311N\261\025\356\2258\372\025\202\306\344t\215\005"
 292      15EE9538 
 292      FA1582C6 
 292      E4748D05 
 293 05e5 5E2CE3F4 		.ascii	"^,\343\364b)\234|\262\313\210\367\005Q\260\214\231\261"
 293      62299C7C 
 293      B2CB88F7 
 293      0551B08C 
 293      99B1
 294 05f7 3EA30436 		.ascii	">\243\0046]\202OT\366\213\"\234\014;\020\373X\231\220"
 294      5D824F54 
 294      F68B229C 
 294      0C3B10FB 
 294      589990
ARM GAS  C:\Users\8FEE~1\AppData\Local\Temp\ccWQ24ag.s 			page 23


 295 060a D12602D1 		.ascii	"\321&\002\321\036S\264\356\201z\033\276\316\300N\224"
 295      1E53B4EE 
 295      817A1BBE 
 295      CEC04E94 
 296 061a 7DE935E2 		.ascii	"}\3515\342\001\326\331U\377M\276\006\276\001\320$\335"
 296      01D6D955 
 296      FF4DBE06 
 296      BE01D024 
 296      DD
 297 062b A130523F 		.ascii	"\2410R?\325\033F?\012\310\262\262o\231\213\336\222\031"
 297      D51B463F 
 297      0AC8B2B2 
 297      6F998BDE 
 297      9219
 298 063d E3825F55 		.ascii	"\343\202_UO\351}:\345\377&\0308\264\337\033*i\035\254"
 298      4FE97D3A 
 298      E5FF2618 
 298      38B4DF1B 
 298      2A691DAC 
 299 0651 C539C53D 		.ascii	"\3059\305=\331\242']|\375\222\212x\242\237\374Z\321"
 299      D9A2275D 
 299      7CFD928A 
 299      78A29FFC 
 299      5AD1
 300 0663 1350FF53 		.ascii	"\023P\377S\240\334i*\267\365\321\271\354P\\\241\241"
 300      A0DC692A 
 300      B7F5D1B9 
 300      EC505CA1 
 300      A1
 301 0674 128B76E4 		.ascii	"\022\213v\344\314j$\300\356\3038k\367\025\006\030Gc"
 301      CC6A24C0 
 301      EEC3386B 
 301      F7150618 
 301      4763
 302 0686 7F26C7FE 		.ascii	"\177&\307\376,\020l\206\202\365\035\031\374\334\200"
 302      2C106C86 
 302      82F51D19 
 302      FCDC80
 303 0695 6B18D895 		.ascii	"k\030\330\225\332\202\316 9\223\337\007d\362g\031\355"
 303      DA82CE20 
 303      3993DF07 
 303      64F26719 
 303      ED
 304 06a6 E740B459 		.ascii	"\347@\264Y\024\305\351x\2533E\340\355\016\273;\370\215"
 304      14C5E978 
 304      AB3345E0 
 304      ED0EBB3B 
 304      F88D
 305 06b8 BF6E8E5C 		.ascii	"\277n\216\\\037\033\313\275f2\305\260?k\242=\301\356"
 305      1F1BCBBD 
 305      6632C5B0 
 305      3F6BA23D 
 305      C1EE
 306 06ca 74C5AE5E 		.ascii	"t\305\256^\025\343t\305X\235\311\311N\007\264\222\354"
 306      15E374C5 
 306      589DC9C9 
 306      4E07B492 
ARM GAS  C:\Users\8FEE~1\AppData\Local\Temp\ccWQ24ag.s 			page 24


 306      EC
 307 06db 0931AE14 		.ascii	"\0111\256\024+\274N\026\222\311|\223\225{\311\232\270"
 307      2BBC4E16 
 307      92C97C93 
 307      957BC99A 
 307      B8
 308 06ec 1E5AEB92 		.ascii	"\036Z\353\222\222\234\326uI\366-\016\301\266A\343\262"
 308      929CD675 
 308      49F62D0E 
 308      C1B641E3 
 308      B2
 309 06fd 7F2CF0EE 		.ascii	"\177,\360\356\217m\2775S$\227;\325fw\362[S\204\017\354"
 309      8F6DBF35 
 309      5324973B 
 309      D56677F2 
 309      5B53840F 
 310 0712 C287B16B 		.ascii	"\302\207\261k\225\243f\267\323\231\3442oq\244F\322V"
 310      95A366B7 
 310      D399E432 
 310      6F71A446 
 310      D256
 311 0724 A4252539 		.ascii	"\244%%9RHN\020l6\301f^eZ\031\371\352\212\330\325\357"
 311      52484E10 
 311      6C36C166 
 311      5E655A19 
 311      F9EA8AD8 
 312 073a C79A81DC 		.ascii	"\307\232\201\334\274\305j5\303\373W\034N\207\360\212"
 312      BCC56A35 
 312      C3FB571C 
 312      4E87F08A 
 313 074a 6049B013 		.ascii	"`I\260\023\007S\254\331\356\260&\245\332\004\263\313"
 313      0753ACD9 
 313      EEB026A5 
 313      DA04B3CB 
 314 075a 0DB3DE35 		.ascii	"\015\263\3365%r\341/\252\012cCo\010\356x\267\305\235"
 314      2572E12F 
 314      AA0A6343 
 314      6F08EE78 
 314      B7C59D
 315 076d EAFA9BD6 		.ascii	"\352\372\233\326!|\344\206@Bx>\325\356p\257\341\335"
 315      217CE486 
 315      4042783E 
 315      D5EE70AF 
 315      E1DD
 316 077f FFF89F0A 		.ascii	"\377\370\237\012~^\250_b\262\005\260\034\202\231\007"
 316      7E5EA85F 
 316      62B205B0 
 316      1C829907 
 317 078f A196D424 		.ascii	"\241\226\324$7\357N\333*\270@\262V\022\361\376\377A"
 317      37EF4EDB 
 317      2AB840B2 
 317      5612F1FE 
 317      FF41
 318 07a1 842BCD65 		.ascii	"\204+\315e\346!Y\300\010\314\006\236O\024,[\371\004"
 318      E62159C0 
 318      08CC069E 
 318      4F142C5B 
ARM GAS  C:\Users\8FEE~1\AppData\Local\Temp\ccWQ24ag.s 			page 25


 318      F904
 319 07b3 8B4BE079 		.ascii	"\213K\340y\215\340\260AV\364\322 \364x\036<\336MuXy"
 319      8DE0B041 
 319      56F4D220 
 319      F4781E3C 
 319      DE4D7558 
 320 07c8 DEB46AED 		.ascii	"\336\264j\355\332\225\301\376"
 320      DA95C1FE 
 321 07d0 9EDA9A68 		.ascii	"\236\332\232hI\321\261\364\255|\225w\007\373\033!\326"
 321      49D1B1F4 
 321      AD7C9577 
 321      07FB1B21 
 321      D6
 322 07e1 C4F834D7 		.ascii	"\304\3704\327_\234\326\367~\263@M\245\270c$1\360\002"
 322      5F9CD6F7 
 322      7EB3404D 
 322      A5B86324 
 322      31F002
 323 07f4 E4808C90 		.ascii	"\344\200\214\220\255\316\0247\017\013\366\336\232\305"
 323      ADCE1437 
 323      0F0BF6DE 
 323      9AC5
 324 0802 0B91F8B9 		.ascii	"\013\221\370\271b\326\275\265q\375\306\217\300\203\026"
 324      62D6BDB5 
 324      71FDC68F 
 324      C08316
 325 0811 F207AB93 		.ascii	"\362\007\253\223Y$.\301\315\377a]\374\037\337|k\203"
 325      59242EC1 
 325      CDFF615D 
 325      FC1FDF7C 
 325      6B83
 326 0823 C192F4A1 		.ascii	"\301\222\364\241%\315\005E\236\004\031\377\335\342\240"
 326      25CD0545 
 326      9E0419FF 
 326      DDE2A0
 327 0832 500B31EB 		.ascii	"P\0131\3537\306o\210\227u%\273\354.\036J\016\200Ci@"
 327      37C66F88 
 327      977525BB 
 327      EC2E1E4A 
 327      0E804369 
 328 0847 9B1D445D 		.ascii	"\233\035D](\325\231J\333\377\001\0054\263m"
 328      28D5994A 
 328      DBFF0105 
 328      34B36D
 329              		.text
 330              		.section	.gnu.lto_.symtab.95615d46,"",%progbits
 331 0000 5F636F72 		.ascii	"_core_init\000"
 331      655F696E 
 331      697400
 332 000b 00       		.ascii	"\000"
 333 000c 00       		.ascii	"\000"
 334 000d 00       		.ascii	"\000"
 335 000e 00000000 		.ascii	"\000\000\000\000\000\000\000\000"
 335      00000000 
 336 0016 AE000000 		.ascii	"\256\000\000\000"
 337 001a 6368436F 		.ascii	"chCoreAllocAlignedI\000"
 337      7265416C 
ARM GAS  C:\Users\8FEE~1\AppData\Local\Temp\ccWQ24ag.s 			page 26


 337      6C6F6341 
 337      6C69676E 
 337      65644900 
 338 002e 00       		.ascii	"\000"
 339 002f 00       		.ascii	"\000"
 340 0030 00       		.ascii	"\000"
 341 0031 00000000 		.ascii	"\000\000\000\000\000\000\000\000"
 341      00000000 
 342 0039 BA000000 		.ascii	"\272\000\000\000"
 343 003d 6368436F 		.ascii	"chCoreAllocAligned\000"
 343      7265416C 
 343      6C6F6341 
 343      6C69676E 
 343      656400
 344 0050 00       		.ascii	"\000"
 345 0051 00       		.ascii	"\000"
 346 0052 00       		.ascii	"\000"
 347 0053 00000000 		.ascii	"\000\000\000\000\000\000\000\000"
 347      00000000 
 348 005b BC000000 		.ascii	"\274\000\000\000"
 349 005f 6368436F 		.ascii	"chCoreGetStatusX\000"
 349      72654765 
 349      74537461 
 349      74757358 
 349      00
 350 0070 00       		.ascii	"\000"
 351 0071 00       		.ascii	"\000"
 352 0072 00       		.ascii	"\000"
 353 0073 00000000 		.ascii	"\000\000\000\000\000\000\000\000"
 353      00000000 
 354 007b BF000000 		.ascii	"\277\000\000\000"
 355 007f 5F5F6865 		.ascii	"__heap_base__\000"
 355      61705F62 
 355      6173655F 
 355      5F00
 356 008d 00       		.ascii	"\000"
 357 008e 02       		.ascii	"\002"
 358 008f 00       		.ascii	"\000"
 359 0090 00000000 		.ascii	"\000\000\000\000\000\000\000\000"
 359      00000000 
 360 0098 CD000000 		.ascii	"\315\000\000\000"
 361 009c 5F5F6865 		.ascii	"__heap_end__\000"
 361      61705F65 
 361      6E645F5F 
 361      00
 362 00a9 00       		.ascii	"\000"
 363 00aa 02       		.ascii	"\002"
 364 00ab 00       		.ascii	"\000"
 365 00ac 00000000 		.ascii	"\000\000\000\000\000\000\000\000"
 365      00000000 
 366 00b4 D1000000 		.ascii	"\321\000\000\000"
 367              		.text
 368              		.section	.gnu.lto_.opts,"",%progbits
 369 0000 272D666D 		.ascii	"'-fmath-errno' '-fsigned-zeros' '-ftrapping-math' '"
 369      6174682D 
 369      6572726E 
 369      6F272027 
ARM GAS  C:\Users\8FEE~1\AppData\Local\Temp\ccWQ24ag.s 			page 27


 369      2D667369 
 370 0033 2D666E6F 		.ascii	"-fno-trapv' '-fno-openmp' '-fno-openacc' '-mcpu=cor"
 370      2D747261 
 370      70762720 
 370      272D666E 
 370      6F2D6F70 
 371 0066 7465782D 		.ascii	"tex-m7' '-mno-thumb-interwork' '-mthumb' '-ggdb' '-"
 371      6D372720 
 371      272D6D6E 
 371      6F2D7468 
 371      756D622D 
 372 0099 4F322720 		.ascii	"O2' '-fomit-frame-pointer' '-falign-functions=16' '"
 372      272D666F 
 372      6D69742D 
 372      6672616D 
 372      652D706F 
 373 00cc 2D666675 		.ascii	"-ffunction-sections' '-fdata-sections' '-fno-common"
 373      6E637469 
 373      6F6E2D73 
 373      65637469 
 373      6F6E7327 
 374 00ff 2720272D 		.ascii	"' '-flto'\000"
 374      666C746F 
 374      2700
 375              		.text
 376              		.comm	__gnu_lto_v1,1,1
 377              		.comm	__gnu_lto_slim,1,1
 378              		.ident	"GCC: (GNU Tools for ARM Embedded Processors 6-2017-q1-update) 6.3.1 20170215 (release) [AR
ARM GAS  C:\Users\8FEE~1\AppData\Local\Temp\ccWQ24ag.s 			page 28


DEFINED SYMBOLS
                            *ABS*:00000000 chmemcore.c
                            *COM*:00000001 __gnu_lto_v1
                            *COM*:00000001 __gnu_lto_slim

NO UNDEFINED SYMBOLS
