ARM GAS  C:\Users\8FEE~1\AppData\Local\Temp\cc9AJMZ1.s 			page 1


   1              		.cpu cortex-m7
   2              		.eabi_attribute 20, 1
   3              		.eabi_attribute 21, 1
   4              		.eabi_attribute 23, 3
   5              		.eabi_attribute 24, 1
   6              		.eabi_attribute 25, 1
   7              		.eabi_attribute 26, 1
   8              		.eabi_attribute 30, 2
   9              		.eabi_attribute 34, 1
  10              		.eabi_attribute 18, 4
  11              		.file	"chvt.c"
  12              		.text
  13              	.Ltext0:
  14              		.section	.gnu.lto_.profile.9550fa97,"",%progbits
  15 0000 789C6365 		.ascii	"x\234ce`b`a```dPW\001\000\000\362\000X"
  15      60626061 
  15      60606064 
  15      50570100 
  15      00F20058 
  16              		.text
  17              		.section	.gnu.lto_.icf.9550fa97,"",%progbits
  18 0000 789C6365 		.ascii	"x\234ce`b\020a@\000f\206\276\331\177\366\3613m\352\272"
  18      60621061 
  18      40006686 
  18      BED97FF6 
  18      F1336DEA 
  19 0015 FB949DF9 		.ascii	"\373\224\235\371\320\342=\0279\031\000`_\011\026"
  19      D0E23D17 
  19      39190060 
  19      5F0916
  20              		.text
  21              		.section	.gnu.lto_.jmpfuncs.9550fa97,"",%progbits
  22 0000 789C6365 		.ascii	"x\234ce`b\020e@\000f fba\004\002\376z `\0062\352\031"
  22      60621065 
  22      40006620 
  22      66626104 
  22      02FE7A20 
  23 0019 00174F02 		.ascii	"\000\027O\002\272"
  23      BA
  24              		.text
  25              		.section	.gnu.lto_.inline.9550fa97,"",%progbits
  26 0000 789C6365 		.ascii	"x\234ce`b(`@\000f\006\006v6F\006&\216\003v\014l\013"
  26      60622860 
  26      40006606 
  26      06763646 
  26      06268E03 
  27 0018 E4994062 		.ascii	"\344\231@bL\014\242G\031\200b\362\357^\2603p\257pc\202"
  27      4C0CA247 
  27      198062F2 
  27      EF5EB033 
  27      70AF7063 
  28 002d 28E4E365 		.ascii	"(\344\343edfP`\004i\021\000\222\016`\266\002\007\337"
  28      64665060 
  28      04691100 
  28      920E60B6 
  28      0207DF
  29 0040 865C068E 		.ascii	"\206\\\006\216\017zL\014\214/\330Y $\210\340\00039@"
ARM GAS  C:\Users\8FEE~1\AppData\Local\Temp\cc9AJMZ1.s 			page 2


  29      0F7A4C0C 
  29      8C2FD859 
  29      202488E0 
  29      00333940 
  30 0054 84009829 		.ascii	"\204\000\230)\000\266\017\000K\345\017E"
  30      00B60F00 
  30      4BE50F45 
  31              		.text
  32              		.section	.gnu.lto_.pureconst.9550fa97,"",%progbits
  33 0000 789C6365 		.ascii	"x\234ce`b`g```f\220b\222b\226\002\000\001\316\000e"
  33      60626067 
  33      60606066 
  33      90629262 
  33      96020001 
  34              		.text
  35              		.section	.gnu.lto__vt_init.9550fa97,"",%progbits
  36 0000 789C8D93 		.ascii	"x\234\215\223\315K\033A\030\306\337g&\037K$\036\205"
  36      CD4B1B41 
  36      18C6DF67 
  36      261F4B24 
  36      1E85
  37 0012 A2D752BC 		.ascii	"\242\327R\274d\361\322\376\007\375C\314E\351AH\244\327"
  37      64F1D2FE 
  37      07FD43CC 
  37      45E94148 
  37      A4D7
  38 0024 AC62891A 		.ascii	"\254b\211\032\033\275\324\304\203\254h\213\2615\215"
  38      1BBDD4C4 
  38      83AC688B 
  38      B1358D
  39 0033 E9A76BDB 		.ascii	"\351\247k\333\270F\275\211_\320SoUDC\012=\344bD\343"
  39      B846BD89 
  39      5FD0536F 
  39      5544430A 
  39      3DE46244 
  40 0048 3B130BB9 		.ascii	";\023\013\271\270\315\260\313,\357\263\363>\317\217"
  40      B8CDB0CB 
  40      2CEFB3F3 
  40      3ECF8F
  41 0057 99F193A0 		.ascii	"\231\361\223\240g\222\350\021\021u\363\013I\0203\373"
  41      6792E811 
  41      1175F30B 
  41      491033FB 
  42 0067 44238600 		.ascii	"D#\206\000\324\207e\200\022\002\011L\313\214D9y\346"
  42      D4876580 
  42      1202094C 
  42      CB8C4439 
  42      79E6
  43 0079 88DE658B 		.ascii	"\210\336e\213\207\233\251?\260r.l^>\307\257\032XF/\361"
  43      879BA93F 
  43      B0722E6C 
  43      5E3EC7AF 
  43      1A58462F 
  44 008e 6FBF8B37 		.ascii	"o\277\2137\257\302\001_\263\216\034\002\340\271p\014"
  44      AFC2015F 
  44      B38E1C02 
  44      E0B9700C 
ARM GAS  C:\Users\8FEE~1\AppData\Local\Temp\cc9AJMZ1.s 			page 3


  45 009e D7BA6924 		.ascii	"\327\272i$-\267\272\010\373i\200h\222e\345\221\222B"
  45      2DB7BA08 
  45      FB698068 
  45      9265E591 
  45      9242
  46 00b0 CDF202A3 		.ascii	"\315\362\002\243\365\344\365AH\255\340.\263/\312\007"
  46      F5E4F541 
  46      48ADE02E 
  46      B32FCA07 
  47 00c0 C1B4B425 		.ascii	"\301\264\264%\240\232:N\365W0qm\031\\XR\215\271V\331"
  47      A09A3A4E 
  47      F5573071 
  47      6D195C58 
  47      528DB956 
  48 00d5 FBB913B2 		.ascii	"\373\271\023\2621\317)\004\336r\312\025\364h!\275\276"
  48      31CF2904 
  48      DE72CA15 
  48      F46821BD 
  48      BE
  49 00e6 36619879 		.ascii	"6a\230y\025t\241\313\226\022\357`#\253c\262\272;u\364"
  49      1574A1CB 
  49      9612EF60 
  49      23AB63B2 
  49      BA3B75F4 
  50 00fa FA9F1AB3 		.ascii	"\372\237\032\263\245\017\2530\263R\205D\036f;^\357\357"
  50      A50FAB30 
  50      B3528544 
  50      1E663B5E 
  50      EFEF
  51 010c F1AA0865 		.ascii	"\361\252\010eVh5K\035\226\246;\271\3278\313%\226\375"
  51      5668354B 
  51      1D96A63B 
  51      B9D738CB 
  51      2596FD
  52 011f 5883C94E 		.ascii	"X\203\311NE$H\023\277,\346p\207\374_\337\017^\214\037"
  52      45244813 
  52      BF2CE670 
  52      87FC5FDF 
  52      0F5E8C1F 
  53 0133 3D193F29 		.ascii	"=\031?)F\241\030?\267\307\370\305\223\361\2537\343\272"
  53      46A1183F 
  53      B7C7F8C5 
  53      93F1AB37 
  53      E3BA
  54 0145 66749A8C 		.ascii	"ft\232\214\265\363\211\223P\273\210\033^\210\337<\020"
  54      B5F38993 
  54      50BB881B 
  54      5E88DF3C 
  54      10
  55 0156 03F8AE10 		.ascii	"\003\370\256\020\365\231\373\241\021\337\324\257\376"
  55      F599FBA1 
  55      11DFD4AF 
  55      FE
  56 0163 4A758282 		.ascii	"Ju\202\202h4$J\334\365\002\345\332yj\251\243\3354\233"
  56      6834244A 
  56      DCF502E5 
  56      DA796AA9 
ARM GAS  C:\Users\8FEE~1\AppData\Local\Temp\cc9AJMZ1.s 			page 4


  56      A3DD349B 
  57 0177 5E69DCD6 		.ascii	"^i\334\3264\263\371S\037\213c#:\214\201-\025\306\247"
  57      34B3F953 
  57      1F8B6323 
  57      3A8C812D 
  57      15C6A7
  58 018a C2947598 		.ascii	"\302\224u\230B\325\271\0147\303\020\266\271\345\037"
  58      42D5B90C 
  58      37C310B6 
  58      B9E51F
  59 0199 8C2E6C4E 		.ascii	"\214.lN\351\255\327\267g\222O _\003\336\242\207\221"
  59      E9ADD7B7 
  59      67924F20 
  59      5F03DEA2 
  59      8791
  60 01ab 88D97CA2 		.ascii	"\210\331|\242\003\203\375\203C\361\276'\217\315\241"
  60      0383FD83 
  60      43F1BE27 
  60      8FCDA1
  61 01ba B8191B36 		.ascii	"\270\031\0336\343\261(\027\237\017G\242t\013\352\011"
  61      E3B12817 
  61      9F0F47A2 
  61      740BEA09 
  62 01ca 313A     		.ascii	"1:"
  63              		.text
  64              		.section	.gnu.lto_chVTDoSetI.9550fa97,"",%progbits
  65 0000 789C9D55 		.ascii	"x\234\235U\335O\\U\020?s\347\336\275\373E\327Th\260"
  65      DD4F5C55 
  65      103F73E7 
  65      DEBDFB45 
  65      D75468B0 
  66 0014 41C38304 		.ascii	"A\303\203\004I\224\215>h\372\340\223&\372o \332X\323"
  66      49948D3E 
  66      68FAE093 
  66      26FA6F20 
  66      DA58D3
  67 0027 580294C4 		.ascii	"X\002\224\304'.,\013\322\326\332\250|\210l.)%\264*\005"
  67      272E2C0B 
  67      D2D6DAA8 
  67      7C886C2E 
  67      2925B42A 
  68 003c 4A5B0AF6 		.ascii	"J[\012\366cK\241@\335\202 m\371\020\037\204m\272\265"
  68      634BA140 
  68      DD82206D 
  68      F9101F84 
  68      6DBAB5
  69 004f 26686D9B 		.ascii	"&hm\233\324\010\316\234sa\355\246P\345f?\316\231s\346"
  69      D408CE9C 
  69      7361EDA6 
  69      50E5663F 
  69      CE9973E6 
  70 0063 37BFDFCC 		.ascii	"7\277\337\314\234s\015\241\211\247\335B\274)\204x\213"
  70      9C730DA1 
  70      89A7DD42 
  70      BC298478 
  70      8B
  71 0074 BEE012A0 		.ascii	"\276\340\022\240\035\032\023\242\302\255\201\256\006"
ARM GAS  C:\Users\8FEE~1\AppData\Local\Temp\cc9AJMZ1.s 			page 5


  71      1D1A13A2 
  71      C2AD81AE 
  71      06
  72 0081 A80617DD 		.ascii	"\250\006\027\335\272\206\007\206\205\260\274F\225),"
  72      BA860786 
  72      85B0BC46 
  72      95292C
  73 0090 BF01C076 		.ascii	"\277\001\300v\313\015\242\\C\335\200rM\027\352\371\024"
  73      CB0DA25C 
  73      43DD8072 
  73      4D17EAF9 
  73      14
  74 00a1 1B10066A 		.ascii	"\033\020\006jn\366iy\355\026=\321\206eW\265\025\316"
  74      6EF66979 
  74      ED163DD1 
  74      866557B5 
  74      15CE
  75 00b3 B451882F 		.ascii	"\264Q\210/Q\355\201v\310\243]\023U]\315x\020m\004\320"
  75      51ED8176 
  75      C8A35D13 
  75      555DCD78 
  75      106D04D0 
  76 00c7 69FAFBD5 		.ascii	"i\372\373\325\246\205-<\325 \233\246\355\2137o\230\370"
  76      A6852D3C 
  76      D5209BA6 
  76      ED8B376F 
  76      98F8
  77 00d9 02081A1F 		.ascii	"\002\010\032\037;\3377\344\311m\263\254J+:\365\005Z"
  77      3BDF37E4 
  77      C96DB3AC 
  77      4A2B3AF5 
  77      055A
  78 00eb CFDB88F0 		.ascii	"\317\333\210\3605 \001\3021\310\202\243\220%\310$\340"
  78      352001C2 
  78      31C882A3 
  78      9025C824 
  78      E0
  79 00fc 1BC8A5ED 		.ascii	"\033\310\245\355C+\017\242\001\005\254\321tr)\026\361"
  79      432B0FA2 
  79      0105ACD1 
  79      74722916 
  79      F1
  80 010d 29E0A768 		.ascii	")\340\247h\032:q\347\254\027_\224\300\366\\\323\202"
  80      1A3A71E7 
  80      AC175F94 
  80      C0F65CD3 
  80      82
  81 011e CF018E55 		.ascii	"\317\001\216U\243\225n\243\016\307\025p\007\001\177"
  81      A3956EA3 
  81      0EC71570 
  81      07017F
  82 012d 2B817501 		.ascii	"+\201u\001\235\022\370\253?\216\314\006\360\025\351"
  82      9D12F8AB 
  82      3F8ECC06 
  82      F015E9
  83 013c 7A78742A 		.ascii	"zxt*\034p\\/7\247\177\036\262\336\266\321\200\256TV"
  83      1C705C2F 
ARM GAS  C:\Users\8FEE~1\AppData\Local\Temp\cc9AJMZ1.s 			page 6


  83      37A77F1E 
  83      B2DEB6D1 
  83      80AE5456 
  84 0150 86806EE9 		.ascii	"\206\200n\351\334\321r7\202\270C:\237\352\2559\264\352"
  84      DCD17237 
  84      82B8433A 
  84      9FEAAD39 
  84      B4EA
  85 0162 3C582705 		.ascii	"<X'\005\271\340D\252+U\244\007ry\377\255\221\373q7\276"
  85      B9E044AA 
  85      2B55A407 
  85      7279FFAD 
  85      91FB7137 
  86 0177 2E7DBB6B 		.ascii	".}\273kk>1sZ\245\357\365\346\355\025!\353\250\2453\357"
  86      6B3E3173 
  86      5AA5EFF5 
  86      E6ED1521 
  86      EBA8A533 
  87 018c 938FF2E6 		.ascii	"\223\217\362\346\207\266\307\242\265\235^|C\272.O&\226"
  87      87B6C7A2 
  87      B59D5E7C 
  87      43BA2E4F 
  87      2696
  88 019e 0CC775AC 		.ascii	"\014\307u\2549\363\263\2205\302\256\010\247\037\015"
  88      39F3B390 
  88      35C2AE08 
  88      A71F0D
  89 01ad EDB8FED2 		.ascii	"\355\270\376\322\275\\\227\346\322\241\027r\340\024"
  89      BD5C97E6 
  89      D2A11772 
  89      E014
  90 01bb E4B4AE96 		.ascii	"\344\264\256\226\020\316\200\013\204\320V\027:'!j-\257"
  90      10CE800B 
  90      84D05617 
  90      3A27216A 
  90      2DAF
  91 01cd D45022B2 		.ascii	"\324P\"\262\346O\336\337\232\011\202\2274\301\213:p"
  91      E64FDEDF 
  91      9A098297 
  91      34C18B3A 
  91      70
  92 01de 55A86348 		.ascii	"U\250cH\212\011\234\013\017p:\275r\217\217d\232~\271"
  92      8A099C0B 
  92      0F703ABD 
  92      728F8F64 
  92      9A7EB9
  93 01f1 314D1A02 		.ascii	"1M\032\002\\\310t\266f\360\217\020\373(\"5\335~\324"
  93      5CC874B6 
  93      66F08F10 
  93      FB282235 
  93      DD7ED4
  94 0204 E80F1350 		.ascii	"\350\017\023P\331\224\030\017\231L\201\030\326\207\007"
  94      D994180F 
  94      994C8118 
  94      D68707
  95 0213 C64D2E2D 		.ascii	"\306M.-J}\017\206\257|\354\267!RA\215\327\262\335Fw"
  95      4A7D0F86 
ARM GAS  C:\Users\8FEE~1\AppData\Local\Temp\cc9AJMZ1.s 			page 7


  95      AF7CECB7 
  95      2152418D 
  95      D7B2DD46 
  96 0228 84D2D2C7 		.ascii	"\204\322\322\307\202hq\376\334\302i\014vpSfs\272\373"
  96      826871FE 
  96      DCC2690C 
  96      76705366 
  96      73BAFB
  97 023b C18646D9 		.ascii	"\301\206F\331\221\360\035\004#T(\011>\335\272\012\276"
  97      91F01D04 
  97      23542809 
  97      3EDDBA0A 
  97      BE
  98 024c 215ADB62 		.ascii	"!Z\333b\345qs\015\315\200\263\022\015\030\355\034\243"
  98      E571730D 
  98      CD80B312 
  98      0D18ED1C 
  98      A3
  99 025d 99220E95 		.ascii	"\231\"\016\225-w\353\236\221\311\"y\021\364p\200\376"
  99      2D77EB9E 
  99      91C92279 
  99      11F47080 
  99      FE
 100 026e C4853660 		.ascii	"\304\2056`[\004\275\377\026\340\221\002\372\372\356"
 100      5B04BDFF 
 100      16E09102 
 100      FAFAEE
 101 027d CC99E57F 		.ascii	"\314\231\345\177[n2\2642\032\331n\307\256\015z\211\006"
 101      5B6E32B4 
 101      321AD96E 
 101      C7AE0D7A 
 101      8906
 102 028f D8E8850B 		.ascii	"\330\350\205\013P\016\347\035\012\007\317t\325\272\025"
 102      500EE71D 
 102      0A07CF74 
 102      D5BA15
 103 029e 85969D36 		.ascii	"\205\226\2356\372 *9h\252xC\007&\216\254\256\036\006"
 103      FA202A39 
 103      68AA7843 
 103      07268EAC 
 103      AE1E06
 104 02b1 CED04508 		.ascii	"\316\320E\0106\242\254\337\000\004%\275m\222\\/\223"
 104      36A2ACDF 
 104      000425BD 
 104      6D925C2F 
 104      93
 105 02c2 F3927D3F 		.ascii	"\363\222}?\255\3221\247$\207\032\253\347gv+\232\376"
 105      ADD231A7 
 105      24871AAB 
 105      E767762B 
 105      9AFE
 106 02d4 086A11F4 		.ascii	"\010j\021\364\261CvR\214_\211\031\213;b\322R\023\366"
 106      B1437652 
 106      8C5F8919 
 106      8B3B62D2 
 106      5213F6
 107 02e7 81901983 		.ascii	"\201\220\031\203u2\206pI\262\345{\003\006\035>\317%"
ARM GAS  C:\Users\8FEE~1\AppData\Local\Temp\cc9AJMZ1.s 			page 8


 107      75328670 
 107      49B2E57B 
 107      03061D3E 
 107      CF25
 108 02f9 F9A4493E 		.ascii	"\371\244I>\272\240{\006\343\240Z\211\210\0109\226;@"
 108      BAA07B06 
 108      E3A05A89 
 108      88083996 
 108      3B40
 109 030b 3188C55D 		.ascii	"1\210\305]\212\201/\205A\366\206\361u\030\222\361\015"
 109      8A812F85 
 109      41F686F1 
 109      751892F1 
 109      0D
 110 031c 8E7F99E2 		.ascii	"\216\177\231\342/B\325\364\245\230\243F\012\246\347"
 110      2F42D5F4 
 110      A598A346 
 110      0AA6E7
 111 032b 1E00A546 		.ascii	"\036\000\245F{\330\231G\214p\266g\307=\240%\217\326"
 111      7BD89947 
 111      8C70B667 
 111      C73DA025 
 111      8FD6
 112 033d D4394A0B 		.ascii	"\3249J\013~\354\357\231\001\242i8\255Y\237\230m\333"
 112      7EECEF99 
 112      01A26938 
 112      AD599F98 
 112      6DDB
 113 034f 44F7200C 		.ascii	"D\367 \014's1\302\335\343h\233\013oQ|\002\377K\033\302"
 113      277331C2 
 113      DDE3689B 
 113      0B6F517C 
 113      02FF4B1B 
 114 0364 A8C47331 		.ascii	"\250\304s1\336\025\322\306\324F\237\335\014\261\357"
 114      DE15D2C6 
 114      D4469FDD 
 114      0CB1EF
 115 0373 93403126 		.ascii	"\223@1&\026P\207\344\247\270\367qh\305\252\346\201u"
 115      165087E4 
 115      A7B8F771 
 115      68C5AAE6 
 115      8175
 116 0385 E1AE2675 		.ascii	"\341\256&u\2161\234\256\340\346U\015S\341\266>A\345"
 116      8E319CAE 
 116      E0E6550D 
 116      53E1B63E 
 116      41E5
 117 0397 7892DC0F 		.ascii	"x\222\334\017kh\365\211\237\2076Q\003\035&\222\3750"
 117      6B68F589 
 117      9F873651 
 117      031D2692 
 117      FD30
 118 03a9 C9689AAA 		.ascii	"\311h\232\252\301\355\260\251j\220\376\237j\360\022"
 118      C1EDB0A9 
 118      6A90FE9F 
 118      6AF012
 119 03b8 43FD9884 		.ascii	"C\375\230\204\232\222\351\247\363\344tV\006\0019\330"
ARM GAS  C:\Users\8FEE~1\AppData\Local\Temp\cc9AJMZ1.s 			page 9


 119      9A92E9A7 
 119      F3E47456 
 119      060139D8 
 120 03c8 F59EC7D0 		.ascii	"\365\236\307\320\334\000\365Z\022\365:\023\314`\220"
 120      DC00F55A 
 120      12F53A13 
 120      CC6090
 121 03d7 3F6FFDBA 		.ascii	"?o\375\272V\213'\336\0367\326\271=\266\361\3551\275"
 121      568B27DE 
 121      1E37D6B9 
 121      3DB6F1ED 
 121      31BD
 122 03e9 DEED51CC 		.ascii	"\336\355Q\314\301g\370\36209\366,\004\231\327\303\277"
 122      C167F8F2 
 122      3039F62C 
 122      0499D7C3 
 122      BF
 123 03fa 96E4CBDB 		.ascii	"\226\344\313\333\204\225\025\2049B\375\215NpO\203\324"
 123      84951584 
 123      3942FD8D 
 123      4E704F83 
 123      D4
 124 040b 29DF20FB 		.ascii	")\337 \373\210B\225I\2009\371\371A\365)|\177\327;\273"
 124      88429549 
 124      8039F9F9 
 124      41F5297C 
 124      7FD73BBB 
 125 041f F694BCFC 		.ascii	"\366\224\274\374\332\253\301=%\301\342\322`Iq!\031\313"
 125      DAABC13D 
 125      25C1E2D2 
 125      60497121 
 125      19CB
 126 0431 4AF30B05 		.ascii	"J\363\013\005\226\225\026\031\357\276\267\273\340#W"
 126      96951619 
 126      EFBEB7BB 
 126      E02357
 127 0440 59E9CEBD 		.ascii	"Y\351\316\275\037\026bQA1\033J\013\240\350\0378\003"
 127      1F166251 
 127      41311B4A 
 127      0BA0E81F 
 127      3803
 128 0452 A282     		.ascii	"\242\202"
 129              		.text
 130              		.section	.gnu.lto_chVTDoResetI.9550fa97,"",%progbits
 131 0000 789C9594 		.ascii	"x\234\225\224\317O\023A\024\307\347\273o\333\335V\345"
 131      CF4F1341 
 131      14C7E7BB 
 131      6FDBDD56 
 131      E5
 132 0011 688C72E0 		.ascii	"h\214r\340\240A\202v\343E\023\377\014\377\004\271\310"
 132      A0418276 
 132      E34513FF 
 132      0CFF04B9 
 132      C8
 133 0022 09D3365C 		.ascii	"\011\3236\\\273T\001E\003\036\264 B\226\004\232\202"
 133      BB540145 
 133      031EB420 
ARM GAS  C:\Users\8FEE~1\AppData\Local\Temp\cc9AJMZ1.s 			page 10


 133      4296049A 
 133      82
 134 0033 0A147F52 		.ascii	"\012\024\177RT\254\010\022\014j01\036\274i\203b4\321"
 134      54AC0812 
 134      0C6A3031 
 134      1EBC6983 
 134      6234D1
 135 0046 6862E20F 		.ascii	"hb\342\017\352{\263\324\032\003\206Nvfv\336\233\371"
 135      EA7BB3D4 
 135      1A03864E 
 135      766676DE 
 135      9BF9
 136 0058 CCF7CDAF 		.ascii	"\314\367\315\257\2002T\324T\252^)\265\2133H\3018\367"
 136      803254D4 
 136      54AA5E29 
 136      B58B3348 
 136      C138F7
 137 006b 54A916DB 		.ascii	"T\251\026\333\000\344\307\265\241\022\006\022\350\242"
 137      00E4C7B5 
 137      A1120612 
 137      E8A2
 138 0079 6EC24CFB 		.ascii	"n\302L\373r\316\250\313\270\234\362\335?\267\264\271"
 138      72CEA8CB 
 138      B89CF2DD 
 138      3FB7B4B9 
 139 0089 AD3B3C52 		.ascii	"\255;<R\352\"gI\310\240\216{-\235\314\366Q'y\004\230"
 139      EA226749 
 139      C8A08E7B 
 139      2D9DCCF6 
 139      51277904 
 140 009e DCFCFCA4 		.ascii	"\334\374\374\244\367M\2254\015\324p3SX~i\321^(\376\037"
 140      F74D9534 
 140      0DD47033 
 140      53587E69 
 140      D15E28FE 
 141 00b3 99CECD85 		.ascii	"\231\316\315\205j\323\256\233t\363\205\363\344\356\366"
 141      6AD3AE9B 
 141      74F385F3 
 141      E4EEF6
 142 00c2 887019C4 		.ascii	"\210p\031\304@\214\240\032\303\250VlR\270\202Z\351\377"
 142      408CA01A 
 142      C3A8566C 
 142      52B8825A 
 142      E9FF
 143 00d4 7A62F5C2 		.ascii	"zb\365\302\266\2409X\232\023W\021\004\327\343\317\221"
 143      B6A03958 
 143      9A135711 
 143      04D7E3CF 
 143      91
 144 00e5 77578BED 		.ascii	"wW\213\355n~1\215\334\221*\026\317#H\306\232\\\230\001"
 144      6E7E318D 
 144      DC912A16 
 144      CF2348C6 
 144      9A5C9801 
 145 00f9 298252D8 		.ascii	")\202R\330b\013k\250\352\340,1\236!CjZArj\245k\036B"
 145      620B6BA8 
 145      EAE02C31 
ARM GAS  C:\Users\8FEE~1\AppData\Local\Temp\cc9AJMZ1.s 			page 11


 145      9E21436A 
 145      5A41726A 
 146 0111 ED278937 		.ascii	"\355'\2117\325:\363\314\022\351\244\345~\233\177|j\253"
 146      D53AF3CC 
 146      12E9A4E5 
 146      7E9B7F7C 
 146      6AAB
 147 0123 87FE168E 		.ascii	"\207\376\026\216\277\306\243@?\2074\312\022\305\227"
 147      BFC6A340 
 147      3F8734CA 
 147      12C597
 148 0132 2E24C72C 		.ascii	".$\307,g\324\365]\2041x\350\321\353\202q8J\330\013\373"
 148      67D4F55D 
 148      843178E8 
 148      D1EB8271 
 148      384AD80B 
 149 0147 7CB2B92E 		.ascii	"|\262\271.\212\376A\355\367(\210\254\246H\210\230(Q"
 149      8AFE41ED 
 149      F72888AC 
 149      A6488898 
 149      2851
 150 0159 0EFB9440 		.ascii	"\016\373\224@E\202\202\270VF]\327\250\023\251\266\205"
 150      458282B8 
 150      56465DD7 
 150      A813A9B6 
 150      85
 151 016a 80CF1251 		.ascii	"\200\317\022QL\024~*$\246\315+\274Q\306\336\204\303"
 151      4C147E2A 
 151      24A6CD2B 
 151      BC51C6DE 
 151      84C3
 152 017c 282D72A5 		.ascii	"(-r\245\267\264\214v\205\353vK\363\014\341\335\366#"
 152      B7B48C76 
 152      85EB764B 
 152      F30CE1DD 
 152      F623
 153 018e 4E2DD4AF 		.ascii	"N-\324\257#i \2524\311\336\2204Y\336\201\234(#_\331"
 153      236920AA 
 153      34C9DE90 
 153      3459DE81 
 153      9C28235F 
 154 01a3 A592B270 		.ascii	"\245\222\262p\205\312\246\312\274;\233Q\026\336\220"
 154      85CAA6CA 
 154      BC3B9B51 
 154      16DE90
 155 01b2 74B71CE3 		.ascii	"t\267\034\343=Qf\013\354\353\273\276\214\265\036n\347"
 155      3D51660B 
 155      ECEBBBBE 
 155      8CB51E6E 
 155      E7
 156 01c3 7F755998 		.ascii	"\177uY\230\3264}\035\356\303\371\373\324ZP\310\363("
 156      D6347D1D 
 156      EEC3F9FB 
 156      D45A50C8 
 156      F328
 157 01d5 4D1F7E1B 		.ascii	"M\037~\033^\243\377\361\333\372T\347r\037^Y\211_\256"
 157      5EA3FFF1 
ARM GAS  C:\Users\8FEE~1\AppData\Local\Temp\cc9AJMZ1.s 			page 12


 157      DBFA54E7 
 157      721F5E59 
 157      895FAE
 158 01e8 CD8641D9 		.ascii	"\315\206A\331I\266\275_|1\033f\001\360(\204\031\276"
 158      49B6BD5F 
 158      7C311B66 
 158      01F02884 
 158      19BE
 159 01fa FE0FD626 		.ascii	"\376\017\326&\357\234\314\236\266\375\311\007\266{\034"
 159      EF9CCC9E 
 159      B6FDC907 
 159      B67B1C
 160 0209 E3433D3B 		.ascii	"\343C=;\277!\342\235;\2734T\362F\345t\314\302\351\341"
 160      BF21E29D 
 160      3BBB3454 
 160      F246E574 
 160      CCC2E9E1 
 161 021d 73C5D2E6 		.ascii	"s\305\322\346\264\264\364\367\037\237\364\323`\242X"
 161      B4B4F4F7 
 161      1F9FF4D3 
 161      60A258
 162 022c 243C62EA 		.ascii	"$<b\352G$\007\276\014\351=\321\217H\007K\340\333\310"
 162      472407BE 
 162      0CE93DD1 
 162      8F48074B 
 162      E0DBC8
 163 023f ABB32712 		.ascii	"\253\263'\022q\374\257\341X\343\321\306\246\330\201"
 163      71FCAFE1 
 163      58E3D1C6 
 163      A6D881
 164 024e 43079DA6 		.ascii	"C\007\235\246\230\023\215;\261h\003\033\233\343\221"
 164      98138D3B 
 164      B168031B 
 164      9BE391
 165 025d 0645CDF1 		.ascii	"\006E\315\361\343\277\001\246\326r\225"
 165      E3BF01A6 
 165      D67295
 166              		.text
 167              		.section	.gnu.lto_.symbol_nodes.9550fa97,"",%progbits
 168 0000 789C6365 		.ascii	"x\234ce`bp`\000\002\246\357\214\365\014\014\023\316"
 168      60627060 
 168      0002A6EF 
 168      8CF50C0C 
 168      13CE
 169 0012 313000A9 		.ascii	"10\000\251]\015\216\014\014\254\277\030\031\024@2?\030"
 169      5D0D8E0C 
 169      0CACBF18 
 169      19144032 
 169      3F18
 170 0024 EB195164 		.ascii	"\353\031Qd\230~2\3263\241\2100\000\000\024\037\017\341"
 170      987E32D6 
 170      33A18830 
 170      0000141F 
 170      0FE1
 171              		.text
 172              		.section	.gnu.lto_.refs.9550fa97,"",%progbits
 173 0000 789C15C7 		.ascii	"x\234\025\307\261\015\000 \014\304@\373\0114\231\200"
ARM GAS  C:\Users\8FEE~1\AppData\Local\Temp\cc9AJMZ1.s 			page 13


 173      B10D0020 
 173      0CC440FB 
 173      09349980 
 174 0010 96FD8744 		.ascii	"\226\375\207Di|\362&<\340\240\306I\306\245\225`\351"
 174      697CF226 
 174      3CE0A0C6 
 174      49C6A595 
 174      60E9
 175 0022 9D693E0A 		.ascii	"\235i>\012\330\000\200"
 175      D80080
 176              		.text
 177              		.section	.gnu.lto_.decls.9550fa97,"",%progbits
 178 0000 789CBD5A 		.ascii	"x\234\275ZyPTI\232\257|Y@Q\024\340\242\333a\304\272"
 178      79505449 
 178      9AAF7C59 
 178      405114E0 
 178      A2DB61C4 
 179 0015 BB4607DD 		.ascii	"\273F\007\335\315Nw\213\266\275j\317v\354\366F\357\356"
 179      CD4E778B 
 179      B6BD6ACF 
 179      76ECF646 
 179      EFEE
 180 0027 6CC7C6CC 		.ascii	"l\307\306\314\037\263\323\035\0331\316V \224\312\014"
 180      1FB3D31D 
 180      1B31CE56 
 180      2094CA0C 
 181 0037 57170FB5 		.ascii	"W\027\017\265#6v\036\207\007\236x \207\320\242\210\202"
 181      2336761E 
 181      87079E78 
 181      2087D0A2 
 181      8882
 182 0049 80201E88 		.ascii	"\200 \036\210\200\002\"\227(\210\027\207\234*\012*\267"
 182      80022297 
 182      28881787 
 182      9C2A0A2A 
 182      B7
 183 005a 0888B05F 		.ascii	"\010\210\260_\036U\357U\361\312f\376\230\255 \251\367"
 183      1E55EF55 
 183      F1CA66FE 
 183      98AD20A9 
 183      F7
 184 006b E5FBF2FB 		.ascii	"\345\373\362\373}W~/3_9i\004\215\351\023\215f\265\263"
 184      7D577E2F 
 184      335F3969 
 184      048DE913 
 184      8D66B5B3 
 185 007f 4623218D 		.ascii	"F#!\215f\026>Z\215F\223\253\221?\030\332\031h\355\320"
 185      66163E5A 
 185      8D4693AB 
 185      913F18DA 
 185      1968EDD0 
 186 0093 BAA1019B 		.ascii	"\272\241\001\233f\030il>\277\003\332\025\276\277\203"
 186      6618696C 
 186      3EBF03DA 
 186      15BEBF83 
 187 00a3 3602D783 		.ascii	"6\002\327\203\320\352\240\335\001z\024\276+\341\373"
 187      D0EAA0DD 
ARM GAS  C:\Users\8FEE~1\AppData\Local\Temp\cc9AJMZ1.s 			page 14


 187      017A14BE 
 187      2BE1FB
 188 00b2 4368E570 		.ascii	"Ch\345p\355\004\337\375\244\017\332uh\025\320\256!&"
 188      ED04DFFD 
 188      A40FDA75 
 188      6815D0AE 
 188      2126
 189 00c4 F78C03F9 		.ascii	"\367\214\003\371\305@\033\270|/h\2134L6\221[\010\355"
 189      C5401BB8 
 189      7C2F688B 
 189      344C3691 
 189      5B08ED
 190 00d7 5B2EFFB6 		.ascii	"[.\377\266\035\276\016\350\007\320\356+0\357\301u\023"
 190      1DBE0EE8 
 190      07D0EE2B 
 190      30EFC175 
 190      13
 191 00e8 B4660DC3 		.ascii	"\264f\015\303F\3346\001\3324\232\213MtsS\301\266\340"
 191      46DC3601 
 191      DA349A8B 
 191      4D747353 
 191      C1B6E0
 192 00fb 597450E2 		.ascii	"YtP\342\202;mp,\370\026\274n\216\207\205\271x\011\030"
 192      823B6D70 
 192      2CF816BC 
 192      6E8E8785 
 192      B9780918 
 193 010f 5DDC5359 		.ascii	"]\334SY*t\240\207\010n\243\005\264\027!\366\037\321"
 193      2A74A087 
 193      086EA305 
 193      B41721F6 
 193      1FD1
 194 0121 46C959CB 		.ascii	"F\311Y\313\007!\332\017\275\202\206\003X\272\220e\004"
 194      0721DA0F 
 194      BD828603 
 194      58BA9065 
 194      04
 195 0132 A7054E0A 		.ascii	"\247\005N\012\\$\375\343\203\221B\"\273\315\220,\037"
 195      5C24FDE3 
 195      83914222 
 195      BBCD902C 
 195      1F
 196 0143 161B7641 		.ascii	"\026\033vA\207YF#A\006@H9@!\220\251\315\357[\365\323"
 196      87594623 
 196      41064048 
 196      39402190 
 196      A9CDEF5B 
 197 0159 C8C6218B 		.ascii	"\310\306!\213\365\303I\365\275\372N\324Nz\323\276B\264"
 197      F5C349F5 
 197      BDFA4ED4 
 197      4E7AD3BE 
 197      42B4
 198 016b 6F5B7ACF 		.ascii	"o[z\317\224\007\026\020\271\356\234\314\374\267e9\022"
 198      94071610 
 198      B9EE9CCC 
 198      FCB76539 
 198      12
ARM GAS  C:\Users\8FEE~1\AppData\Local\Temp\cc9AJMZ1.s 			page 15


 199 017c FBE8FE4A 		.ascii	"\373\350\376Jv\333\365\331\327e\236{1\362\322#\001\310"
 199      76DBF5D9 
 199      D7659E7B 
 199      31F2D223 
 199      01C8
 200 018e A6A1FA54 		.ascii	"\246\241\372T7 \027\351\321\002 '\"\357\225\353\027"
 200      372017E9 
 200      D1022027 
 200      22EF95EB 
 200      17
 201 019f 1FA6A3A2 		.ascii	"\037\246\243\242\245\005\002\372\356=\224\203\226\240"
 201      A50502FA 
 201      EE3D9483 
 201      96A0
 202 01ad 6CB404C0 		.ascii	"l\264\004\300s\321b\370\277N\313$\025\324\025f\353\336"
 202      73D162F8 
 202      BF4ECB24 
 202      15D41566 
 202      EBDE
 203 01bf 4F93D2BA 		.ascii	"O\223\322\272\244\262\247\307\377\366p\264\224\011\243"
 203      A4B2A7C7 
 203      FFF670B4 
 203      9409A3
 204 01ce 96122E94 		.ascii	"\226\022.\224\2050:\215\226\021\215\341\022\376g\242"
 204      85303A8D 
 204      96118DE1 
 204      12FE67A2 
 205 01de 4E844EA1 		.ascii	"N\204N\241\016\260\347\014z\037F\347\227\3064\270\340"
 205      0EB0E70C 
 205      7A1F46E7 
 205      97C634B8 
 205      E0
 206 01ef 9F5365CF 		.ascii	"\237Se\317\344\274\311\327kI\034\2775\020\361\320u;"
 206      E4BCC9D7 
 206      6B491CBF 
 206      3510F1D0 
 206      753B
 207 0201 263F0533 		.ascii	"&?\00535\265\304\334\233\311\217<\230\232K\325\007\274"
 207      35B5C4DC 
 207      9BC98F3C 
 207      989A4BD5 
 207      07BC
 208 0213 38579F81 		.ascii	"8W\237\201\035j~\236j~\016q\325\317\347\325\247\352"
 208      1D6A7E9E 
 208      6A7E0E71 
 208      D5CFE7D5 
 208      A7EA
 209 0225 0D3B2529 		.ascii	"\015;%)J\212\213\226\\\377\235\334G\005\300}\226r_@"
 209      4A8A8B96 
 209      5CFF9DDC 
 209      4705C07D 
 209      96725F40 
 210 0239 06AE3DF0 		.ascii	"\006\256=\360f\026\036\312v\303\377J\024\025:\253\213"
 210      66161ECA 
 210      76C3FF4A 
 210      14153AAB 
 210      8B
ARM GAS  C:\Users\8FEE~1\AppData\Local\Temp\cc9AJMZ1.s 			page 16


 211 024a 7BDC90C1 		.ascii	"{\334\220\301\307\301Ht\011\371(\006\237$\272\224\275"
 211      C7C14874 
 211      09F92806 
 211      9F24BA94 
 211      BD
 212 025b 4E5A7EA4 		.ascii	"NZ~\244\221\370\245\020n\\\224\375\002|\014\240\257"
 212      91F8A510 
 212      6E5C94FD 
 212      027C0CA0 
 212      AF
 213 026c AD3680DA 		.ascii	"\2556\200\332B\030\362\021\265&c\352\315\0201\377C="
 213      4218F211 
 213      B52663EA 
 213      CD1031FF 
 213      433D
 214 027e 9A9DC5D0 		.ascii	"\232\235\305\320\221\367\242h\322\235u\220\373Wo\324"
 214      91F7A268 
 214      D29D7590 
 214      FB576FD4 
 215 028e 9E34E0FF 		.ascii	"\2364\340\377\245J\305\035\313\336\345\212\364>;\210"
 215      A54AC51D 
 215      CBDEE58A 
 215      F43E3B88 
 216 029e 5260BB93 		.ascii	"R`\273\223\217\306j9\272\002\032\301\030\202\211\212"
 216      8FC66A39 
 216      BA021AC1 
 216      1882898A 
 217 02ae A1F33274 		.ascii	"\241\3632t2\275\032\262>L\330.I\002*EzT\"\353\365\241"
 217      32BD1AB2 
 217      3E4CD82E 
 217      49022A45 
 217      7A5422EB 
 218 02c4 9EA97565 		.ascii	"\236\251ue\177[\257\036o\243\351$LG\037\036\324\"\037"
 218      7F5BAF1E 
 218      6FA3E924 
 218      4C471F1E 
 218      D4221F
 219 02d7 3D1B3A5B 		.ascii	"=\033:[\373Y\345V2\264\034\206^\225\207\202$\370R\325"
 219      FB59E556 
 219      32B41C86 
 219      5E958782 
 219      24F852D5 
 220 02eb A34C450F 		.ascii	"\243LE\017\000\331w\241m\332\023Gb\012\222\231z\344"
 220      00D977A1 
 220      6DDA1347 
 220      620A9299 
 220      7AE4
 221 02fd A5B315E4 		.ascii	"\245\263\025\344u\322\347')H%\200T\310 \345\216A\256"
 221      75D2E727 
 221      29482580 
 221      54C820E5 
 221      8E41AE
 222 0310 A983E4F4 		.ascii	"\251\203\344\364N\334\304\324\303DT\021\363\260%\361"
 222      4EDCC4D4 
 222      C3445411 
 222      F3B025F1 
 223 0320 BD58E227 		.ascii	"\275X\342'\027\217\32591R\007dwNE\2543\336E\365B\317"
ARM GAS  C:\Users\8FEE~1\AppData\Local\Temp\cc9AJMZ1.s 			page 17


 223      178FD539 
 223      31520764 
 223      774E45AC 
 223      33DE45F5 
 224 0336 6AC69FE8 		.ascii	"j\306\237\350p\034#\322*\272?\305\207\331u\334\303\311"
 224      701C23D2 
 224      2ABA3FC5 
 224      87D975DC 
 224      C3C9
 225 0348 12377C84 		.ascii	"\0227|\204\021e\347/\2373\3404F\014O\247\026\2722q\213"
 225      1165E72F 
 225      9F33E034 
 225      460C4FA7 
 225      16BA3271 
 226 035d 807CDB19 		.ascii	"\200|\333\031\027\347\302\3227\015\001\235\2336\232"
 226      17E7C2D2 
 226      370D019D 
 226      9B369A
 227 036c 8AF1593E 		.ascii	"\212\361Y>\360\315\2456\003\276@\011}a]\367]\003Z\350"
 227      F0CDA536 
 227      03BE4009 
 227      7D615DF7 
 227      5D035AE8 
 228 0380 6DF0F186 		.ascii	"m\360\361\206\217\317\302\375\304\027q\222\364\225V"
 228      8FCFC2FD 
 228      C4177192 
 228      F49556
 229 038f 836E8149 		.ascii	"\203n\201I7\211\235w\301\316V\264\220\030\212Z\340\372"
 229      37899D77 
 229      C1CE56B4 
 229      90188A5A 
 229      E0FA
 230 03a1 1EF246CD 		.ascii	"\036\362F\315\320\232\240\335\207\366\000y\323\351~"
 230      D09AA0DD 
 230      87F60079 
 230      D3E97E
 231 03b0 9C38A96C 		.ascii	"\2348\251lpbi\313H\227$\3554P\373k\301\225d\260\325"
 231      706269CB 
 231      489724ED 
 231      3450FB6B 
 231      C19564B0 
 232 03c5 6BD534E7 		.ascii	"k\3254\347W\300?\215\"\257o\003\213<#\356\320d\265f"
 232      57C03F8D 
 232      22AF6F03 
 232      8B3C23EE 
 232      D064B566 
 233 03d9 B477CA81 		.ascii	"\264w\312\201H\310h\302\323(G\006\244*@\3274\217=\226"
 233      48C868C2 
 233      D3284706 
 233      A42A40D7 
 233      348F3D96 
 234 03ed A4030632 		.ascii	"\244\003\0062\026\335\340\240\326\231\342k\305d\374"
 234      16DDE0A0 
 234      D699E26B 
 234      C564FC
 235 03fc B75ABC0E 		.ascii	"\267Z\274\016FK5\313\351$\250\261\347f*\026 \231\277"
 235      464B35CB 
ARM GAS  C:\Users\8FEE~1\AppData\Local\Temp\cc9AJMZ1.s 			page 18


 235      E924A8B1 
 235      E7662A16 
 235      2099BF
 236 040f A36511E3 		.ascii	"\243e\021\343\207\002\320`\317^\205\354\244O\375W\222"
 236      8702D060 
 236      CF5E85EC 
 236      A44FFD57 
 236      92
 237 0420 541683A9 		.ascii	"T\026\203\251*u\252\2520\331\314\276\201\346\005\221"
 237      2A75AAAA 
 237      30D9CCBE 
 237      81E60591 
 238 0430 9284A83D 		.ascii	"\222\204\250=\3346\362Q\015E=\227\366S\241\2008\327"
 238      DC36F251 
 238      0D453D97 
 238      F653A180 
 238      38D7
 239 0442 9D1B2AD5 		.ascii	"\235\033*\325\3224$j\\gix}\333\236(\017\207e\353!-["
 239      D234246A 
 239      5C676978 
 239      7DDB9E28 
 239      0F8765EB 
 240 0459 6D96B215 		.ascii	"m\226\262\025]\3321\206\241\342v\221\212\333\343\333"
 240      5DDA3186 
 240      A1E27691 
 240      8ADBE3DB 
 241 0469 5D204930 		.ascii	"] I0C$-\341Cyr \362\354Kn;-\271=\317J\373ux\230gh\302"
 241      43242DE1 
 241      43797220 
 241      F2EC4B6E 
 241      3B2DB93D 
 242 0486 C55A4FAB 		.ascii	"\305ZO\2536\254\206\226o\315=jp\250L\027U\246\323\242"
 242      36AC8696 
 242      6FCD3D6A 
 242      70A84C17 
 242      55A6D3A2 
 243 049a 4CE7F4E0 		.ascii	"L\347\364\340!=Wf\304\027\374\013\363\021f+p\001\244"
 243      213D5766 
 243      C417FC0B 
 243      F311662B 
 243      7001A4
 244 04ad 55950E7B 		.ascii	"U\225\016{U\272\251*\017\306^W\350\361\014S\245)%\352"
 244      55BAA92A 
 244      0FC65E57 
 244      E8F10C53 
 244      A52925EA 
 245 04c1 99C026CB 		.ascii	"\231\300&\313\030\241+:\323#u|\266\270\000=\333\327"
 245      18A12B3A 
 245      D323757C 
 245      B6B8003D 
 245      DBD7
 246 04d3 92CE27D3 		.ascii	"\222\316'\323\020\271\177d\264\275\217\323>@\246tVt"
 246      10B97F64 
 246      B4BD8FD3 
 246      3E40A674 
 246      5674
 247 04e5 70B2922E 		.ascii	"p\262\222.\014:\017\305\032\370p\362\3548\334{s\304"
ARM GAS  C:\Users\8FEE~1\AppData\Local\Temp\cc9AJMZ1.s 			page 19


 247      0C3A0FC5 
 247      1AF870F2 
 247      EC38DC7B 
 247      73C4
 248 04f7 15476A29 		.ascii	"\025Gj)V\341@v\241;c.\243\325\2757e\257\201\321k\200"
 248      56E14076 
 248      A13B632E 
 248      A3D5BD37 
 248      65AF81D1 
 249 050d BCDBD891 		.ascii	"\274\333\330\221\201\361n\306\333^\223\225M\212\360"
 249      81F16EC6 
 249      DB5E9395 
 249      4D8AF0
 250 051c 47A408CF 		.ascii	"G\244\010\317\316z*\312\360G\254\0147\355\0339\341\202"
 250      CE7A2ACA 
 250      F047AC0C 
 250      37ED1B39 
 250      E182
 251 052e E329BB90 		.ascii	"\343)\273\220T\367\240B\256\221\015Y\377\2304B\312\376"
 251      54F7A042 
 251      AE910D59 
 251      FF983442 
 251      CAFE
 252 0540 30CCB941 		.ascii	"0\314\271A\331!\037Y\253\027\235g\0329\017\207 }>\342"
 252      D9211F59 
 252      AB179D67 
 252      1A390F87 
 252      207D3EE2 
 253 0554 D56B003A 		.ascii	"\325k\000:_\262\352\225ub\377qg\234\3060\252\256\264"
 253      5FB2EA95 
 253      7562FF71 
 253      679CC630 
 253      AAAEB4
 254 0567 356B2DB5 		.ascii	"5k-\265\336^\300\230\212\000K\301~\277\212\326\322Q"
 254      DE5EC098 
 254      8A004BC1 
 254      7EBF8AD6 
 254      D251
 255 0579 50664456 		.ascii	"PfDVf\030\361b/\035zs\324\035g1\020\351\311\365'\202"
 255      6618F162 
 255      2F1D7A73 
 255      D41D6731 
 255      10E9C9F5 
 256 058f 2390D70E 		.ascii	"#\220\327\016A\032\366\342\035\351\373H:\216\003\312"
 256      411AF6E2 
 256      1DE9FB48 
 256      3A8E03CA 
 257 059f 2B1965D4 		.ascii	"+\031e\324\202\362\360\334\236k:\374\212y7\373u\314"
 257      82F2F0DC 
 257      9E6B3AFC 
 257      8A7937FB 
 257      75CC
 258 05b1 054FFCD6 		.ascii	"\005O\374\3266,\213xX\246\016\026]p\303\321N\364f\345"
 258      362C8B78 
 258      58A60E16 
 258      5D70C3D1 
 258      4EF466E5 
ARM GAS  C:\Users\8FEE~1\AppData\Local\Temp\cc9AJMZ1.s 			page 20


 259 05c5 A33B354E 		.ascii	"\243;5N8\226\021\227\343K^\352p2#\312\337\266\244\350"
 259      38961197 
 259      E34B5EEA 
 259      703223CA 
 259      DFB6A4E8 
 260 05d9 F169465C 		.ascii	"\361iF\\\354\255\255\3223\031\022)\262\323\031\015\315"
 260      ECADADD2 
 260      33191229 
 260      B2D3190D 
 260      CD
 261 05ea 3A5CC06E 		.ascii	":\\\300n\026\027\226T\361\372\276\234\314\244\307\251"
 261      16179654 
 261      F1FABE9C 
 261      CCA4C7A9 
 262 05fa DD1EB898 		.ascii	"\335\036\270\230\335\253\332\027\263[\217+)!d\357\331"
 262      DDABDA17 
 262      B35B8F2B 
 262      292164EF 
 262      D9
 263 060b F1C2A187 		.ascii	"\361\302\241\207\267\012\216\214o]\014\313,\024#\350"
 263      B70A8E8C 
 263      6F5D0CCB 
 263      2C1423E8 
 264 061b 51B430D7 		.ascii	"Q\2640\327\360\254\313\243\031\316\270\221\301\365\314"
 264      F0ACCBA3 
 264      19CEB891 
 264      C1F5CC
 265 062a CEFC1EB7 		.ascii	"\316\374\036\267\260\353\330\234\330*\017\334\315\210"
 265      B0EBD89C 
 265      D82A0FDC 
 265      CD88
 266 0638 E3578B5F 		.ascii	"\343W\213_\270\340aFXV<^l\305\223\331\3379\215\261\344"
 266      B8E06146 
 266      58563C5E 
 266      6CC593D9 
 266      DF398DB1 
 267 064d 4CEF753F 		.ascii	"L\357u?\254\316\367\300Q\214(~}\244\330\023\3072\342"
 267      ACCEF7C0 
 267      518C287E 
 267      7DA4D813 
 267      C732E2
 268 0660 E6A3D911 		.ascii	"\346\243\331\021=\216cDa\362L\231\026'0b\353\236\334"
 268      3D8E6344 
 268      61F24C99 
 268      16273062 
 268      EB9EDC
 269 0673 04E21D67 		.ascii	"\004\342\035g\226\314d^=\036\232\272\250e]\304\206-"
 269      96CC645E 
 269      3D1E9ABA 
 269      A8655DC4 
 269      862D
 270 0685 D0959AF4 		.ascii	"\320\225\232\364\360\254\007>B\207\010/\272cw\352\024"
 270      F0AC073E 
 270      4287082F 
 270      BA6377EA 
 270      14
 271 0696 09BD2A69 		.ascii	"\011\275*i\210$\364!0\362\200l\2443Ohi\216\267\016\202"
ARM GAS  C:\Users\8FEE~1\AppData\Local\Temp\cc9AJMZ1.s 			page 21


 271      8824F421 
 271      30F2806C 
 271      A4334F68 
 271      698EB70E 
 272 06ab B79CB9B7 		.ascii	"\267\234\271\267\366\013KP\234@\023zdr\350\274\026g"
 272      F60B4B50 
 272      9C40137A 
 272      6472E8BC 
 272      1667
 273 06bd 308C9DDD 		.ascii	"0\214\235\335#o=\231\273\347\012HP\021`]\201\\\240\011"
 273      236F3D99 
 273      BBE70A48 
 273      5011605D 
 273      815CA009 
 274 06d1 7D189489 		.ascii	"}\030\224\211\227\225\001\335\230\307\273\2457I\006"
 274      979501DD 
 274      98C7BBA5 
 274      374906
 275 06e0 9CCB408A 		.ascii	"\234\313@\212s\323w\350eC\366\342=,O\223ap\242<\370"
 275      73D377E8 
 275      6543F6E2 
 275      3D2C4F93 
 275      6170A23C 
 276 06f5 B0E0D094 		.ascii	"\260\340\320\224$uSv\305\277<\351\201\3171\017\277y"
 276      24755376 
 276      C5BF3CE9 
 276      81CF310F 
 276      BF79
 277 0707 76A805B1 		.ascii	"v\250\005\261\210\031\200\214*n\331\357\311\322\261"
 277      8819808C 
 277      2A6ED9EF 
 277      C9D2B1
 278 0716 8BD68AA9 		.ascii	"\213\326\212\251\0353Z\\\306x\037\354\276\323\346\214"
 278      1D335A5C 
 278      C6781FEC 
 278      BED3E68C 
 279 0726 6B987A93 		.ascii	"k\230z\223\3755\271nV\365\352h&\035\003\325\216\316"
 279      FD35B96E 
 279      56F5EA68 
 279      261D03D5 
 279      8ECE
 280 0738 4BB53475 		.ascii	"K\2654u\325\252\032\322Fu\370\026\203+\332\177\000&"
 280      D5AA1AD2 
 280      4675F816 
 280      832BDA7F 
 280      0026
 281 074a CD5D4674 		.ascii	"\315]Ft$\356*v\303O\031qe\337\310%W<\300\210\355\023"
 281      24EE2A76 
 281      C34F1971 
 281      65DFC825 
 281      573CC088 
 282 0760 3DF99EF8 		.ascii	"=\371\236\3705#\372\243\313\272\265x\206\021y[\037g"
 282      3523FAA3 
 282      CBBAB578 
 282      8611795B 
 282      1F67
 283 0772 9192BC04 		.ascii	"\221\222\274\004\262\007)\352\340\022V\007\317\227\215"
ARM GAS  C:\Users\8FEE~1\AppData\Local\Temp\cc9AJMZ1.s 			page 22


 283      B20729EA 
 283      E0125607 
 283      CF978D
 284 0781 E66A71B4 		.ascii	"\346jq\264\0135\347\342\371\307\311\012og-\333J\227"
 284      0B35E7E2 
 284      F9C7C90A 
 284      6F672DDB 
 284      4A97
 285 0793 993960D1 		.ascii	"\2319`\321i\331\242%\326:8t\\\302\2135h\345\022\264"
 285      69D9A225 
 285      D63A3874 
 285      5CC28B35 
 285      68E512B4 
 286 07a7 1CCCC906 		.ascii	"\034\314\311\006s\226ps\262\300\234LfN\326\321\314J"
 286      73967073 
 286      B2C09C4C 
 286      664ED6D1 
 286      CC4A
 287 07b9 77BC8721 		.ascii	"w\274\207!$\305\227\237\367P\254F\337?Gs!\017\020re"
 287      24C5979F 
 287      F750AC46 
 287      DF3F4773 
 287      210F1072 
 288 07ce 841C     		.ascii	"\204\034"
 289 07d0 C101C419 		.ascii	"\301\001\304\031u\210\250\203wr\\q<\203\350.\273v\000"
 289      7588A883 
 289      77725C71 
 289      3C83E82E 
 289      BB7600
 290 07e3 2B536666 		.ascii	"+Sff\212\344~\001@\344\313\020y\216 \316\252C\304'\367"
 290      8AE47E01 
 290      40E4CB10 
 290      798E20CE 
 290      AA43C427 
 291 07f8 2EC6A914 		.ascii	".\306\251\024\001\355\332=\223\207q:\203K\2752\265O"
 291      01EDDA3D 
 291      9387713A 
 291      834BBD32 
 291      B54F
 292 080a B6A8C7E5 		.ascii	"\266\250\307\345+t\021\220\316\317\003\351\202:R{\352"
 292      2B741190 
 292      CECF03E9 
 292      823A527B 
 292      EA
 293 081b E0A81667 		.ascii	"\340\250\026g3\250\023\327\362n\273\340\263\014\352"
 293      33A813D7 
 293      F26EBBE0 
 293      B30CEA
 294 082a 515FC184 		.ascii	"Q_\301\204\273\025\252\037\240.\003\324\245y@\025\251"
 294      BB15AA1F 
 294      A02E03D4 
 294      A5794015 
 294      A9
 295 083b 430DC43C 		.ascii	"C\015\304<\351\342+\351\305\244t\037J\\\211/3\340\227"
 295      E9E22BE9 
 295      C5A4741F 
 295      4A5C892F 
ARM GAS  C:\Users\8FEE~1\AppData\Local\Temp\cc9AJMZ1.s 			page 23


 295      33E097
 296 084e 19B70AC8 		.ascii	"\031\267\012\310\243\331G\217\376\250\310\032\037\226"
 296      A3D9478F 
 296      FEA8C81A 
 296      1F96
 297 085c 3529FB7B 		.ascii	"5)\373{\022\\q9S\353\307\027\315\321\356\212\254\371"
 297      125C7139 
 297      53EBC717 
 297      CDD1EE8A 
 297      ACF9
 298 086e 30953E3D 		.ascii	"0\225>=\313A\267\253\262n>V\325\322\242\245\277\210"
 298      CB41B7AB 
 298      B26E3E56 
 298      D5D2A2A5 
 298      BF88
 299 0880 5CA14153 		.ascii	"\\\241AS0\017\252\351\016\003\264\363\341\332]\001\355"
 299      300FAAE9 
 299      0E03B4F3 
 299      E1DA5D01 
 299      ED
 300 0891 4A9976DB 		.ascii	"J\231v\333c2\367\271\341z\006r\275m\333&\345.\246\232"
 300      6332F7B9 
 300      E17A0672 
 300      BD6DDB26 
 300      E52EA69A 
 301 08a5 6D3000A3 		.ascii	"m0\000\243B\306(\027\034\203\\S\007\351\310k\253\324"
 301      42C62817 
 301      1C835C53 
 301      07E9C86B 
 301      ABD4
 302 08b7 E27B0CA4 		.ascii	"\342{\014\244)a\333\240\223\025\245z\032\267_\333I\252"
 302      2961DBA0 
 302      9315A57A 
 302      1AB75FDB 
 302      49AA
 303 08c9 4D35C05C 		.ascii	"M5\300\\\227a*\337\001S\245\016\2239\330W\353\241\334"
 303      97612ADF 
 303      0153A50E 
 303      9339D857 
 303      EBA1DC
 304 08dc B61291F2 		.ascii	"\266\022\221\362\"\275F0\360\245fT\317\305\373\010\307"
 304      22BD4630 
 304      F0A56654 
 304      CFC5FB08 
 304      C7
 305 08ed EBA89BEF 		.ascii	"\353\250\233\357M\224N\031p2%\264]\351#\317a\217\265"
 305      4D944E19 
 305      703225B4 
 305      5DE923CF 
 305      618FB5
 306 0900 04213DB4 		.ascii	"\004!=\264\223\226\003\002\015\272\011\242\352\004l"
 306      93960302 
 306      0DBA09A2 
 306      EA046C
 307 090f 39604996 		.ascii	"9`I\226@\263\241?\222n\265T\270\001\012\222[\260\022"
 307      40B3A13F 
 307      926EB554 
ARM GAS  C:\Users\8FEE~1\AppData\Local\Temp\cc9AJMZ1.s 			page 24


 307      B8010A92 
 307      5BB012
 308 0922 06F5EA41 		.ascii	"\006\365\352A\275d(Z\244\207l\213n\036;\342\252\347"
 308      BD64285A 
 308      A4876C8B 
 308      6E1E3BE2 
 308      AAE7
 309 0934 A376BC73 		.ascii	"\243v\274s\024p\017\215>\274+(\215j\2601\252\321jT\371"
 309      14700F8D 
 309      3EBC2B28 
 309      8D6AB031 
 309      AAD16A54 
 310 0949 CDE82C37 		.ascii	"\315\350,7|\224\031\325\363\366\330c\027\234\301\210"
 310      7C9419D5 
 310      F3F6D863 
 310      179CC188 
 311 0959 89C4DA13 		.ascii	"\211\304\332\023\3568\233\021\007r\032\0378\343<Ft\234"
 311      EE389B11 
 311      07721A1F 
 311      38E33C46 
 311      749C
 312 096b 992971C6 		.ascii	"\231)q\306\005\2148\372p8\327\005_\240\204P~\357X\226"
 312      058C38FA 
 312      7038D705 
 312      5FA08450 
 312      7EEF5896 
 313 097f BBED561E 		.ascii	"\273\355V\036V\273\326\252\332\014\252~k\273\221\037"
 313      56BBD6AA 
 313      DA0CAA7E 
 313      6BBB911F 
 314 098f 48F91BBA 		.ascii	"H\371\033\272-x \030\320}9\216\337\362m|WT\325\035\035"
 314      2D782018 
 314      D07D398E 
 314      DFF26D7C 
 314      5754D51D 
 315 09a4 BEC2A086 		.ascii	"\276\302\240\206\007\356N\273\343\012FH\223WZ\235q\025"
 315      07EE4EBB 
 315      E30A4648 
 315      93575A9D 
 315      7115
 316 09b6 23DAE227 		.ascii	"#\332\342'\272\\q-#j\356\355\272\252\305\365\2148u\243"
 316      BA5C712D 
 316      236AEEED 
 316      BAAAC5F5 
 316      8C3875A3 
 317 09ca 4B72C20D 		.ascii	"Kr\302\015\214(\331ycZ\207\233\030\221|y{\224\036\337"
 317      8C28D979 
 317      635A879B 
 317      18917C79 
 317      7B941EDF 
 318 09de 6344F6EC 		.ascii	"cD\366\354\350>\003n\346\226\227\334>\316\227\316\336"
 318      E83E036E 
 318      E69697DC 
 318      3ECE97CE 
 318      DE
 319 09ef 409E2EDB 		.ascii	"@\236.\333U\203\371\322WH\300n\361\307/Tz o\366Y\350"
 319      5583F9D2 
ARM GAS  C:\Users\8FEE~1\AppData\Local\Temp\cc9AJMZ1.s 			page 25


 319      5748C06E 
 319      F1C72F54 
 319      7A206FF6 
 320 0a05 EDE3CDB6 		.ascii	"\355\343\315\266COS\234\372\262\353vKi\025\314\2326"
 320      434F539C 
 320      FAB2EB76 
 320      4B6915CC 
 320      9A36
 321 0a17 B0E6B930 		.ascii	"\260\346\2710g\003\245\334o5\3757\333A\021\366V{\366"
 321      6703A5DC 
 321      6F35FD37 
 321      DB4111F6 
 321      567BF6
 322 0a2a 62C16EBF 		.ascii	"b\301n\277U\241\340~\250.\\\301\335\243\340\276g\317"
 322      55A1E07E 
 322      A82E5CC1 
 322      DDA3E0BE 
 322      67CF
 323 0a3c BDD35E76 		.ascii	"\275\323^v\317\357d\356.{n\373me\277\202\271S\225Yi"
 323      CFEF64EE 
 323      2E7B6EFB 
 323      6D65BF82 
 323      B9539559 
 324 0a51 E49482BB 		.ascii	"\344\224\202\273\335\236[\271\007Un\005\037A*\367\200"
 324      DD9E5BB9 
 324      07556E05 
 324      1F412AF7 
 324      80
 325 0a62 92A89B8F 		.ascii	"\222\250\233\217 [\301\227\220>\317\004o\324\007\355"
 325      205BC197 
 325      903ECF04 
 325      6FD407ED 
 326 0a72 05B47E68 		.ascii	"\005\264~h\275\320\036C{\002m\000\332SA\271K\037Q`w"
 326      BDD01E43 
 326      7B026D00 
 326      DA5341B9 
 326      4B1F5160 
 327 0a87 A863AF90 		.ascii	"\250c\257\220\267\250\267\332\330\026\025\270\224[T"
 327      B7A8B7DA 
 327      D81615B8 
 327      945B54
 328 0a96 BE37EEF0 		.ascii	"\2767\356\360:@\367\306DV\213z\260\230\035\2202\007"
 328      3A40F7C6 
 328      44568B7A 
 328      B0981D90 
 328      3207
 329 0aa8 EB0EEED5 		.ascii	"\353\016\356\325*\247\237\222Y\203\006\255\323\257\243"
 329      2AA79F92 
 329      598306AD 
 329      D3AFA3
 330 0ab7 E4F86B77 		.ascii	"\344\370kw\234\352J\362\0167\014\246\224\030\220\367"
 330      9CEA4AF2 
 330      0E370CA6 
 330      941890F7 
 331 0ac7 421F8608 		.ascii	"B\037\206\010E.\371\311\015\226P0\002\335\005\320\021"
 331      452EF9C9 
 331      0D965030 
ARM GAS  C:\Users\8FEE~1\AppData\Local\Temp\cc9AJMZ1.s 			page 26


 331      02DD05D0 
 331      11
 332 0ad8 F5B8ECE7 		.ascii	"\365\270\354\347k\030\342:y\353\303\371\211\353F\301"
 332      6B18E23A 
 332      79EBC3F9 
 332      89EB46C1 
 333 0ae8 75C3DC35 		.ascii	"u\303\3345\334\330,f\354\210\255\261d.D=}\211\361i\252"
 333      DCD82C66 
 333      EC88ADB1 
 333      642E443D 
 333      7D89F169 
 334 0afd 137ADE9B 		.ascii	"\023z\336\233\015\3232\217\021O\307\307\357;\343\"F"
 334      0DD3328F 
 334      114FC7C7 
 334      EF3BE322 
 334      46
 335 0b0e 9C9BCDDA 		.ascii	"\234\233\315\332\206\361UJ|\331\275\363T\2623\250\016"
 335      86F1554A 
 335      7CD9BDF3 
 335      54B233A8 
 335      0E
 336 0b1f 33C2B090 		.ascii	"3\302\260\220\377\001\005\263\303\207|\301\377E\354"
 336      FF0105B3 
 336      C3877CC1 
 336      FF45EC
 337 0b2e 164C176F 		.ascii	"\026L\027o\003=\207\361\361\266|\340\256\217\217\365"
 337      033D87F1 
 337      F1B67CE0 
 337      AE8F8FF5 
 338 0b3e 58E50C3F 		.ascii	"X\345\014?\341\200\302\213J\300\204IG~V\346\3133`xJ"
 338      E180C28B 
 338      4AC08449 
 338      477E56E6 
 338      CB336078 
 339 0b53 185EF111 		.ascii	"\030^\361\021\304\350<\354\203\316`o\224\013-\007Z6"
 339      C4E83CEC 
 339      83CE606F 
 339      940B2D07 
 339      5A36
 340 0b65 B4D3D0B2 		.ascii	"\264\323\320\262\240M@\256d\302\367)h'\241\035\204\266"
 340      A04D40AE 
 340      64C2F729 
 340      6827A11D 
 340      84B6
 341 0b77 07DA3668 		.ascii	"\007\3326h[\241M\303\3757\320\246l\362\251\351W,\237"
 341      5BA14DC3 
 341      FD37D0A6 
 341      6CF2A9E9 
 341      572C9F
 342 0b8a A0888DDB 		.ascii	"\240\210\215\333\253\326o?\003;n\362\323\027\262s{\201"
 342      ABD66F3F 
 342      033B6EF2 
 342      D317B273 
 342      7B81
 343 0b9c ECD89FCF 		.ascii	"\354\330\237\317\251\0063\365\374\364\345-X>\241\316"
 343      A90633F5 
 343      FCF4E52D 
ARM GAS  C:\Users\8FEE~1\AppData\Local\Temp\cc9AJMZ1.s 			page 27


 343      583EA1CE 
 344 0bac 6F7FA034 		.ascii	"o\177\2404c\223WoY^)\0353\0137Im@\022\350;\303\035S"
 344      6393576F 
 344      595E291D 
 344      330B3749 
 344      6D4012E8 
 345 0bc4 008E390B 		.ascii	"\000\2169\013FFA\233\2651\360Z\221\323L\201$\301\306"
 345      4646419B 
 345      B531F05A 
 345      91D34C81 
 345      24C1C6
 346 0bd7 47C2EC80 		.ascii	"G\302\354\200i\306\321tUh\021\211\225Z\300H\207Z\234"
 346      69C6D174 
 346      55681189 
 346      955AC048 
 346      875A9C
 347 0bea 03E49FD6 		.ascii	"\003\344\237\326\242'\001K'\026\243hPaR]\005{?\304\330"
 347      A227014B 
 347      2716A368 
 347      5061525D 
 347      057B3FC4 
 348 0bff 684006B2 		.ascii	"h@\006\262\224V\315\221|\000\376\363\345\010\244p\375"
 348      9456CD91 
 348      7C00FEF3 
 348      E508A470 
 348      FD
 349 0c10 084B61B2 		.ascii	"\010Ka\262s\215\262\317\223H\301&\3600\025\233\376#"
 349      738DB2CF 
 349      9348C126 
 349      F030159B 
 349      FE23
 350 0c22 9266D576 		.ascii	"\222f\325v0b\033g\267\256Zz\035TH+\303n\260 \0263kv"
 350      30621B67 
 350      B7AE5A7A 
 350      1D54482B 
 350      C36EB020 
 351 0c3a C1F54ED0 		.ascii	"\301\365N\320l\007Vjt\3534O,\342\027rR\027\213\325\013"
 351      6C07566A 
 351      74EB344F 
 351      2CE21772 
 351      52178BD5 
 352 0c4f B6AAFC69 		.ascii	"\266\252\374i>\300\261\374\212\237\261Y\021\315Sf\256"
 352      3EC0B1FC 
 352      8A9FB159 
 352      11CD5366 
 352      AE
 353 0c60 7845919D 		.ascii	"xE\221\235\341u\007\230\224u\307r\010\2724\231\036\202"
 353      E1750798 
 353      9475C772 
 353      08BA3499 
 353      1E82
 354 0c72 1257BC95 		.ascii	"\022W\274\225\017;\010\263\305[\203\023\313\353\270"
 354      0F3B08B3 
 354      C55B8313 
 354      CBEBB8
 355 0c81 7FF702D7 		.ascii	"\177\367\002\327v{\377\366\242w\227\305\003`C\034\267"
 355      767BFFF6 
ARM GAS  C:\Users\8FEE~1\AppData\Local\Temp\cc9AJMZ1.s 			page 28


 355      A27797C5 
 355      0360431C 
 355      B7
 356 0c92 673F5CEF 		.ascii	"g?\\\357\263\365U\226\302W\304\2308ucTE\357\020\260"
 356      B3F55596 
 356      C257C498 
 356      38756354 
 356      45EF10B0 
 357 0ca6 AA68665C 		.ascii	"\252hf\\\025\267<N\335r\357\2448b9\261)V^\010\305\331"
 357      15B73C4E 
 357      DD72EFA4 
 357      386239B1 
 357      29565E08 
 358 0cbc 58FE652D 		.ascii	"X\376e-\267\374\020^\204v\331[\276S\221Y\007T\364\323"
 358      B7FC105E 
 358      8476D95B 
 358      BE539159 
 358      0754F4D3 
 359 0cd0 D06144B9 		.ascii	"\320aD\271\014P\356\004\3041\035\332qh?BK\205\226\000"
 359      0C50EE04 
 359      C4311DDA 
 359      71683F42 
 359      4B859600 
 360 0ce4 ED30B478 		.ascii	"\3550\264x\033\237\364\177\303\342K\322y7\200\022)\016"
 360      1B9FF47F 
 360      C3E24BD2 
 360      79378012 
 360      290E
 361 0cf6 17070335 		.ascii	"\027\007\0035\212*\266\347\247\270{\376\211\211N\004"
 361      8A2AB6E7 
 361      A7B87BFE 
 361      89894E04 
 362 0d06 6FEF75CC 		.ascii	"o\357u\314\254\230\351I63=qn\255I\205\245C\012Y:\034"
 362      AC98E949 
 362      36333D71 
 362      6EAD4985 
 362      A5430A59 
 363 0d1c 0179493C 		.ascii	"\001yI<\032)`\360\0210,Y6\014\034\332y\305i\220;\224"
 363      1A2960F0 
 363      11302C59 
 363      360C1CDA 
 363      79C56990 
 364 0d32 9C5AECE3 		.ascii	"\234Z\354\343\003\324j\015\033\320\377\036\251K$9\337"
 364      03D46A0D 
 364      1BD0FF1E 
 364      A94B2439 
 364      DF
 365 0d43 20C66B9D 		.ascii	" \306k\235&\366y\336\273\315\211\0349$a\373\265\004"
 365      26F679DE 
 365      BBCD891C 
 365      392461FB 
 365      B504
 366 0d55 0DE42757 		.ascii	"\015\344'W8.9\222\370\361\247\2744^\312}z\024\334t|"
 366      382E3992 
 366      F8F1A7BC 
 366      345ECA7D 
 366      7A14DC74 
ARM GAS  C:\Users\8FEE~1\AppData\Local\Temp\cc9AJMZ1.s 			page 29


 367 0d6a 5E6E4A03 		.ascii	"^nJ\003N\331MG\231\233\034\024Lt\014\274#\327L\353\033"
 367      4ED94D47 
 367      999B1C14 
 367      4C740CBC 
 367      23D74CEB 
 368 0d7f B6C466B2 		.ascii	"\266\304f\262Y$\222\322\345\204\214\246\242,\245\356"
 368      592492D2 
 368      E5848CA6 
 368      A22CA5EE 
 369 0d8f CB12FEB4 		.ascii	"\313\022\376\264\206'\342\211w\232A&@\011\177 \022\243"
 369      8627E289 
 369      779A4126 
 369      40097F20 
 369      12A3
 370 0da1 337E8ABB 		.ascii	"3~\212\273\356\037Xj\020\346\223\216\231\231\266\367"
 370      EE1F586A 
 370      10E6938E 
 370      9999B6F7 
 371 0db1 2F3B136F 		.ascii	"/;\023o\003\317\334\225\333x\236\327h\224\224\270\234"
 371      03CFDC95 
 371      DB789ED7 
 371      689494B8 
 371      9C
 372 0dc2 9E339CE2 		.ascii	"\2363\234\342\223\206o\236\330\224\311Q<\205\353|\023"
 372      93866F9E 
 372      D894C951 
 372      3C85EB7C 
 372      13
 373 0dd3 A4B2484C 		.ascii	"\244\262HL\217\012\316\2511\257T,\204\2271^\262\327"
 373      8F0ACEA9 
 373      31AF542C 
 373      8497315E 
 373      B2D7
 374 0de5 2F54E355 		.ascii	"/T\343U\304p&\207\307\020\366^\250V}]\243\\\354\177"
 374      C4702687 
 374      C710F65E 
 374      A8567D5D 
 374      A35CEC7F 
 375 0df9 22D7D4DB 		.ascii	"\"\327\324\333\366\334sw\022S\037\313\354M\352\354\012"
 375      F6DC7377 
 375      12531FCB 
 375      EC4DEAEC 
 375      0A
 376 0e0a D70E64F3 		.ascii	"\327\016d\363@\220\345\341\035{\366\271\357\205z\270"
 376      4090E5E1 
 376      1D7BF6B9 
 376      EF857AB8 
 377 0e1a 74B29019 		.ascii	"t\262\220\031SgWHo\375X~\234\275Av\217\2639\201\313"
 377      53675748 
 377      6FFD587E 
 377      9CBD4176 
 377      8FB33981 
 378 0e2f 66457152 		.ascii	"fEqRP-\212_\236\242\307\\$[_\3139H\230-h\325ENS#14\007"
 378      502D8A5F 
 378      9EA2C75C 
 378      245B5FCB 
 378      3948982D 
ARM GAS  C:\Users\8FEE~1\AppData\Local\Temp\cc9AJMZ1.s 			page 30


 379 0e4c 2D8033EF 		.ascii	"-\2003\357\002\274\265\035\223L\231Q\303\353=\354B\356"
 379      02BCB51D 
 379      934C9951 
 379      C3EB3DEC 
 379      42EE
 380 0e5e 91E5CC8C 		.ascii	"\221\345\314\214\374\360\231\241h\260\342\035\354\216"
 380      FCF099A1 
 380      68B0E21D 
 380      EC8E
 381 0e6c 3EE1897F 		.ascii	">\341\211\177d\347,i7v\334r\305\307\031\221\037\027"
 381      64E72C69 
 381      3776DC72 
 381      C5C71991 
 381      1F17
 382 0e7e 19897101 		.ascii	"\031\211q\001#j\307b\007\350\336;\372\335{o\034_\230"
 382      236AC762 
 382      07E8DE3B 
 382      FADD7B6F 
 382      1C5F98
 383 0e91 0368B046 		.ascii	"\003h\260FV}\230\\\300\030]\342\345\3532L\320\"k\351"
 383      567D985C 
 383      C0185DE2 
 383      E5EB324C 
 383      D0226BE9 
 384 0ea5 8A89A64F 		.ascii	"\212\211\246O\301g\211O\250\331\205\020\363\213\234"
 384      C167894F 
 384      A8D98510 
 384      F38B9C
 385 0eb4 D9E104E9 		.ascii	"\331\341\004\351\355d~\276\204\355\227\373\335\261\257"
 385      ED647EBE 
 385      84ED97FB 
 385      DDB1AF
 386 0ec3 F2B4B884 		.ascii	"\362\264\270\204\352.<\357\357i\360@>\013-\376\377$"
 386      EA2E3CEF 
 386      EF69F040 
 386      3E0B2DFE 
 386      FF24
 387 0ed5 953E944A 		.ascii	"\225>\224JAt1\266z\344\022}(\251j]\002\232\252i\015"
 387      417431B6 
 387      7AE4127D 
 387      28A96A5D 
 387      029AAA69 
 388 0eea 4093897D 		.ascii	"@\223\211}\261\356\370\006sRF\371x\231\0367q\242s\242"
 388      B1EEF806 
 388      735246F9 
 388      78991E37 
 388      71A273A2 
 389 0efe DB0DF731 		.ascii	"\333\015\3671\"\273\267\271\225\036tD\317\363U\264\363"
 389      22BBB7B9 
 389      951E7444 
 389      CFF355B4 
 389      F3
 390 0f0f C9ACD66E 		.ascii	"\311\254\326n\027\304^\355Z\012\223O\233\335\333\331"
 390      17C45EED 
 390      5A0A934F 
 390      9BDDDBD9 
 391 0f1f 6AACFE76 		.ascii	"j\254\376v\226\271\263\347\267\211RY\024F\345X\217\312"
ARM GAS  C:\Users\8FEE~1\AppData\Local\Temp\cc9AJMZ1.s 			page 31


 391      96B9B3E7 
 391      B7895259 
 391      1446E558 
 391      8FCA
 392 0f31 B02AB7B2 		.ascii	"\260*\267\262H\214\267\362\311ly\015[\255\356{>\227"
 392      488CB7F2 
 392      C96C790D 
 392      5BADEE7B 
 392      3E97
 393 0f43 7F6BFBA2 		.ascii	"\177k\373\242t.\263\315\213\322V\026\251j\354\360E\251"
 393      742EB3CD 
 393      8BD25616 
 393      A96AECF0 
 393      45A9
 394 0f55 F5117795 		.ascii	"\365\021w\225\253J\274]\005\336\256\204G\334uh\025\320"
 394      AB4ABC5D 
 394      05DEAE84 
 394      47DC7568 
 394      15D0
 395 0f67 AEC99E3F 		.ascii	"\256\311\236?XW\320\357\202\207Y\210\017?y\320\252S"
 395      5857D0EF 
 395      82875988 
 395      0F3F79D0 
 395      AA53
 396 0f79 84784D4A 		.ascii	"\204xMJ>\011q\035\210\251\221C\\\255\010\261\035h-\000"
 396      3E09711D 
 396      88A99143 
 396      5CAD08B1 
 396      1D682D00 
 397 0f8d CD03F452 		.ascii	"\315\003\364R\351\313\317\330!\312\022\362\206\251}"
 397      E9CBCFD8 
 397      21CA12F2 
 397      86A97D
 398 0f9c B88CFF24 		.ascii	"\270\214\377$"
 399 0fa0 A68B9C75 		.ascii	"\246\213\234u\347\337\332\233\342\216\267\273\321\220"
 399      E7DFDA9B 
 399      E28EB7BB 
 399      D190
 400 0fae E7EE8F3C 		.ascii	"\347\356\217<(\340=\214h\331>V\347\204\217PBW~.r\007"
 400      28E03D8C 
 400      68D93E56 
 400      E7848F50 
 400      42577E2E 
 401 0fc4 E6672D72 		.ascii	"\346g-rp\227\267\363\247\247\245 =p\374\324&K\222\016"
 401      7097B7F3 
 401      A7A7A520 
 401      3D70FCD4 
 401      264B920E 
 402 0fd8 C59AAE01 		.ascii	"\305\232\256\001\333\261\333\226^p\311x\273]uT\221\256"
 402      DBB1DB96 
 402      5E70C978 
 402      BB5D7554 
 402      91AE
 403 0fea AC8EB794 		.ascii	"\254\216\267\224\342\233\354\371\347\024\337\016\020"
 403      E29BECF9 
 403      E714DF0E 
 403      10
ARM GAS  C:\Users\8FEE~1\AppData\Local\Temp\cc9AJMZ1.s 			page 32


 404 0ff7 2F11764B 		.ascii	"/\021vK\271z\240\276\214"
 404      B97AA0BE 
 404      8C
 405 1000 60C2EF2B 		.ascii	"`\302\357+\205\337V\027\256\314\236\373\355,{\0368\316"
 405      85DF5617 
 405      AECC9EFB 
 405      ED2C7B1E 
 405      38CE
 406 1012 9E7ABC04 		.ascii	"\236z\274\004\335\3000\372\026w\005\011\344}\010\344"
 406      DDC030FA 
 406      16770509 
 406      E47D08E4 
 407 1022 5D086023 		.ascii	"]\010`#\264&hw\240\335\203v[\016\350\343\301\303}Z\234"
 407      B4266877 
 407      A0DD8376 
 407      5B0EE8E3 
 407      C1C37D5A 
 408 1037 EEC67EB4 		.ascii	"\356\306~\264s\357N\245;Z\350\243*\270\025\204\315W"
 408      73EF4EA5 
 408      3B5AE8A3 
 408      2AB81584 
 408      CD57
 409 1049 B0B5D227 		.ascii	"\260\265\322'O\223\325F\013\014k\226\323\360\001\346"
 409      4F93D546 
 409      0B0C6B96 
 409      D3F001E6 
 410 1059 B5B7712C 		.ascii	"\265\267q,=\326\031\347\263\024\251H\273\374\327\370"
 410      3DD619E7 
 410      B314A948 
 410      BBFCD7F8 
 411 1069 32BB1E3B 		.ascii	"2\273\036;\330\332\351\201K\031\321\227{\347\016\306"
 411      D8DAE981 
 411      4B19D197 
 411      7BE70EC6 
 412 1079 954CC5EC 		.ascii	"\225L\305\354\255\215E\202\362m\303$}\333\320\005S\274"
 412      AD8D4582 
 412      F26DC324 
 412      7DDBD005 
 412      53BC
 413 108b 03DBBD4E 		.ascii	"\003\333\275NT}1\331\211\325\336\035\343\234\304;\337"
 413      547D31D9 
 413      89D5DE1D 
 413      E39CC43B 
 413      DF
 414 109c 201F6F3E 		.ascii	" \037o>\201\236N:M\024\020\271\217\346\254\364 |\275"
 414      819E4E3A 
 414      4D1410B9 
 414      8FE6ACF4 
 414      207CBD
 415 10af 092E6CEE 		.ascii	"\011.l\356\023\324v@}4\377\355\204\2062\023\037v\203"
 415      13D47640 
 415      7D34FFED 
 415      84863213 
 415      1F7683
 416 10c2 223D7220 		.ascii	"\"=r \206\323\237\335s\306\343\314\312g\347\252w\311"
 416      86D39FDD 
 416      73C6E3CC 
ARM GAS  C:\Users\8FEE~1\AppData\Local\Temp\cc9AJMZ1.s 			page 33


 416      CA67E7AA 
 416      77C9
 417 10d4 81B0ABC6 		.ascii	"\201\260\253\306\2750PM\010\2574\253\311\323\356\011"
 417      BD30504D 
 417      08AF34AB 
 417      C9D3EE09 
 418 10e4 DC7F2CFB 		.ascii	"\334\177,\373\343\021\367\270\313\251\306\254W\002Z"
 418      E311F7B8 
 418      CBA9C6AC 
 418      57025A
 419 10f3 C84E6A94 		.ascii	"\310Nj\224a~\014\322\037\021\351m0\352)\227\376\034"
 419      617E0CD2 
 419      1F11E96D 
 419      30EA2997 
 419      FE1C
 420 1105 A4BF84B0 		.ascii	"\244\277\204\260\366C{\006\355\005\264>\233\3056\354"
 420      F6437B06 
 420      ED05B43E 
 420      9BC536EC 
 421 1115 8B5FF269 		.ascii	"\213_\362iK\036'\347\371`\265}\033_\000\2060\327\021"
 421      4B1E27E7 
 421      F960B57D 
 421      1B5F0086 
 421      30D711
 422 1128 051FDA73 		.ascii	"\005\037\332s?\261\347\356\011b\253\016R\307\256pnk"
 422      3FB1E7EE 
 422      0962AB0E 
 422      52C7AE70 
 422      6E6B
 423 113a C9521E1B 		.ascii	"\311R\036\033\361\347\341s6O\236\252\255\317{_\362)"
 423      F1E7E173 
 423      364F9EAA 
 423      ADCF7B5F 
 423      F229
 424 114c 4AD61D7D 		.ascii	"J\326\035}\210\011\263\036\037\364\332V\000\340\257"
 424      8809B31E 
 424      1FF4DA56 
 424      00E0AF
 425 115b E0D82479 		.ascii	"\340\330$yorl\353d\220\203\014\241+\335\0323\016e\317"
 425      6F726CEB 
 425      6490830C 
 425      A12BDD1A 
 425      330E65CF 
 426 116f 4043375C 		.ascii	"@C7\\\326\326`\260\233CV\347\016\201C\347\343\\\353"
 426      D6D660B0 
 426      9B4356E7 
 426      0E8143E7 
 426      E35CEB
 427 1182 C6F9C731 		.ascii	"\306\371\3071\222\205\2030d@\216\346S\313\374I8S\337"
 427      92858330 
 427      64408EE6 
 427      53CBFC49 
 427      3853DF
 428 1195 62F8205D 		.ascii	"b\370 ]\352\242\221\360\231j\216\221vxQ\356\036\266"
 428      EAA291F0 
 428      996A8E91 
 428      767851EE 
ARM GAS  C:\Users\8FEE~1\AppData\Local\Temp\cc9AJMZ1.s 			page 34


 428      1EB6
 429 11a7 D2B1226B 		.ascii	"\322\261\"kH\017\371\031\003\376\200<:\3523\333\220"
 429      480FF919 
 429      03FE803C 
 429      3AEA33DB 
 429      90
 430 11b8 F22473D0 		.ascii	"\362$s\320f\3775\3026\026\344\233<\307O\277)\360T2\327"
 430      66FF35C2 
 430      3616E49B 
 430      3CC74FBF 
 430      29F05432 
 431 11cd D9308F72 		.ascii	"\3310\217r\346Q\312\334WSs\302\011\0374\260W\267-1E"
 431      E651CADC 
 431      575373C2 
 431      091F34B0 
 431      57B72D31 
 432 11e2 FC35AF1B 		.ascii	"\3745\257\033y\311\336\035\177\325\225=-\232\311\355"
 432      79C9DE1D 
 432      7FD5953D 
 432      2D9AC9ED 
 433 11f2 6337470F 		.ascii	"c7G\017\353\3611\306\373v\250\361-\377u\211\236<Y\242"
 433      EBF131C6 
 433      FB76A8F1 
 433      2DFF7589 
 433      9E3C59A2 
 434 1206 F23B9DF4 		.ascii	"\362;\235\364\362[\\\322/cNb\362f\304w\011\232\300\364"
 434      F25B5CD2 
 434      2F634E62 
 434      F266C477 
 434      099AC0F4 
 435 121a C548CBDE 		.ascii	"\305H\313\336\361\207Z\2578\356\361\245\210\276\242"
 435      F1875AAF 
 435      38EEF1A5 
 435      88BEA2
 436 1229 198758BD 		.ascii	"\031\207X\275\302\204}\012{Y\006\021\356k-c%\356J\356"
 436      C2847D0A 
 436      7B590611 
 436      EE6B2D63 
 436      25EE4AEE 
 437 123d 8677729F 		.ascii	"\206wr\237n\253t\001\0377\226\221\337n\256<\033U&E\177"
 437      6EAB7401 
 437      1F379691 
 437      DF6EAE3C 
 437      1B552645 
 438 1252 85DE602F 		.ascii	"\205\336`/\364\032\"\322\216\336W\014\035\203\236\337"
 438      F41A22D2 
 438      8EDE570C 
 438      1D839EDF 
 439 1262 081A344D 		.ascii	"\010\0324M\275\\\263\265\376\254'>\315\354K\357/\272"
 439      BD5CB3B5 
 439      FEAC273E 
 439      CDEC4BEF 
 439      2FBA
 440 1274 C67F55E1 		.ascii	"\306\177U\341N~\337q\374P\206\226\371\342\031Eyq\376"
 440      4E7EDF71 
 440      FC508696 
 440      F9E21945 
ARM GAS  C:\Users\8FEE~1\AppData\Local\Temp\cc9AJMZ1.s 			page 35


 440      7971FE
 441 1287 B5A7437B 		.ascii	"\265\247C{%-\2677\205\275\010\272\324Xt\304\315\336"
 441      252DB737 
 441      85BD08BA 
 441      D45874C4 
 441      CDDE
 442 1299 DE595063 		.ascii	"\336YPc\206\252\021\251\365\262\014\242g\272-\333\022"
 442      86AA11A9 
 442      F5B20CA2 
 442      67BA2DDB 
 442      12
 443 12aa 5DEDED75 		.ascii	"]\355\355u\310\235\\W\221\350\301\355\255[\023\231V"
 443      C89D5C57 
 443      91E8C1ED 
 443      AD5B1399 
 443      56
 444 12bb 16B91445 		.ascii	"\026\271\024Ei\231\265\335`\255<\360-\2676Z\373\201"
 444      6999B5DD 
 444      60AD3CF0 
 444      2DB7365A 
 444      FB81
 445 12cd 4667DC24 		.ascii	"Fg\334$\032\003C\002E\335/~\365\355\322\257W\254\320"
 445      1A034302 
 445      45DD2F7E 
 445      F5EDD2AF 
 445      57ACD0
 446 12e0 7CB06C99 		.ascii	"|\260l\231/\373\363\337\030\270.04|\305\352U\276\241"
 446      2FFBF3DF 
 446      18B82E30 
 446      347CC5EA 
 446      55BEA1
 447 12f3 E1BE66D1 		.ascii	"\341\276f\3217\334\354\017\235\233\304e\376\032\275"
 447      37DCEC0F 
 447      9D9BC465 
 447      FE1ABD
 448 1302 FFC6EF7E 		.ascii	"\377\306\357~\363/\241\377i\022\277\321m\022\327G\204"
 448      F32FA1FF 
 448      6912BFD1 
 448      6D12D747 
 448      84
 449 1313 F81B455F 		.ascii	"\370\033E_\307#\003C\374\203\"\002Lp#\374\207p\361\207"
 449      C7230343 
 449      FC832202 
 449      4C7023FC 
 449      8770F187 
 450 1327 3053F8B2 		.ascii	"0S\370\262\215\032\275\321\030\021\030\"\256Xe\024\377"
 450      8D1ABDD1 
 450      18111822 
 450      AE586514 
 450      FF
 451 1338 27E0E76B 		.ascii	"'\340\347k\351\240p1\" 0\324\030f6m\0124m^\361\205\262"
 451      E9A07031 
 451      222030D4 
 451      1866366D 
 451      0A346D5E 
 452 134f 77AD181A 		.ascii	"w\255\030\032\032\024\276vCH\304Rz\265\324\317\034\274"
 452      1A14BE76 
ARM GAS  C:\Users\8FEE~1\AppData\Local\Temp\cc9AJMZ1.s 			page 36


 452      4348C452 
 452      7AB5D4CF 
 452      1CBC
 453 1361 D414BCCE 		.ascii	"\324\024\274\316\024\020`\012X\273j\331\312\245\237"
 453      1410600A 
 453      58BB6AD9 
 453      CAA59F
 454 1370 2D5FB1FA 		.ascii	"-_\261\372\373\025k\241\377\323\220\320\020\323\247"
 454      FB156BA1 
 454      FFD390D0 
 454      10D3A7
 455 137f 26BF7581 		.ascii	"&\277u\201k9\366\332`?\220\025bZk\0140\255\367\213\010"
 455      6B39F6DA 
 455      603F9015 
 455      625A6B0C 
 455      30ADF78B 
 456 1394 128D163D 		.ascii	"\022\215\026=t\026-\276\377\177\320\002\354_k\014\027"
 456      74162DBE 
 456      FF7FD002 
 456      EC5F6B0C 
 456      17
 457 13a5 030012A0 		.ascii	"\003\000\022\240]\211;\002\203MFQK|\350\024`\012\022"
 457      5D893B02 
 457      834D4651 
 457      4B7CE814 
 457      600A12
 458 13b8 FDB40457 		.ascii	"\375\264\004W\033b\332\".\360\337h\334\024h\026#\374"
 458      1B62DA22 
 458      2EF0DF68 
 458      DC146816 
 458      23FC
 459 13ca 828C84CD 		.ascii	"\202\214\204\315\214\303\374\314\2366=F\361\343y\271"
 459      8CC3FCCC 
 459      9E363D46 
 459      F1E379B9 
 460 13da DD7F6300 		.ascii	"\335\177c\000\340\031X\330~m\012\207\300\011\376\033"
 460      E01958D8 
 460      7E6D0A87 
 460      C009FE1B 
 461 13ea F5C17EA0 		.ascii	"\365\301~\240\310F\263\311/@\007\377\202\302\314\201"
 461      C846B3C9 
 461      2F4007FF 
 461      82C2CC81 
 462 13fa A13C2C2B 		.ascii	"\241<,+?3\212:\313\205\213H\356\030\305\257\035`\371"
 462      3F338A3A 
 462      CB858B48 
 462      EE18C5AF 
 462      1D60F9
 463 140d 87060787 		.ascii	"\207\006\007\207\206\370\206\205\232\305p\337\177\376"
 463      86F88685 
 463      9AC570DF 
 463      7FFE
 464 141b F52FBFFE 		.ascii	"\365/\277\376\345\026\322\027\026\030d2\207\373\376"
 464      E516D217 
 464      16186432 
 464      87FBFE
 465 142a E2EBAF81 		.ascii	"\342\353\257\201\337\342n\227`qK\0208\323)ts\210\311"
ARM GAS  C:\Users\8FEE~1\AppData\Local\Temp\cc9AJMZ1.s 			page 37


 465      DFE26E97 
 465      60714B10 
 465      38D32974 
 465      7388C9
 466 143d ECF47D84 		.ascii	"\354\364}\204)\302D\014ej\204\033i\207\247\015\005\012"
 466      29C2440C 
 466      656A841B 
 466      6987A70D 
 466      050A
 467 144f 044788A6 		.ascii	"\004G\210\246-\240\0210\322K\235)\314\024\002^\334\340"
 467      2DA01130 
 467      D24B9D29 
 467      CC14025E 
 467      DCE0
 468 1461 66DA640A 		.ascii	"f\332d\012\021\203\375\302\377\000w\203\3037\320\001"
 468      1183FDC2 
 468      FF007783 
 468      C337D001 
 469 1471 2E9BFD02 		.ascii	".\233\375\002E\270\351\251\220K0=\224\204QD\021\316"
 469      45B8E9A9 
 469      904B303D 
 469      94845144 
 469      11CE
 470 1483 A6CD64A8 		.ascii	"\246\315d\250\363f\021\264\012\203\257pSp\030\366\017"
 470      F36611B4 
 470      0A83AF70 
 470      537018F6 
 470      0F
 471 1494 115D8D46 		.ascii	"\021]\215F\213\355\374\333\011z\215\"x\320\010<~a\033"
 471      8BEDFCDB 
 471      097A8D22 
 471      78D0083C 
 471      7E611B
 472 14a7 43CD2697 		.ascii	"C\315&\227p\002\035\276\301\011\0320l\026Es\230\027"
 472      70021DBE 
 472      C1091A30 
 472      6C164573 
 472      9817
 473 14b9 83309A4D 		.ascii	"\2030\232M\353MfS\210?(\017bC\327\375>Lg\332\022(\372"
 473      EB4D6653 
 473      883F280F 
 473      6243D7FD 
 473      3E4C67DA 
 474 14d0 8706989C 		.ascii	"\207\006\230\234\315\001?\300\010-\260\204\2732o\257"
 474      CD013FC0 
 474      082DB084 
 474      BB326FAF 
 475 14e0 011CCBB7 		.ascii	"\001\034\313\267H\372A\334\372 \277\015\341.b0\214\000"
 475      48FA41DC 
 475      FA20BF0D 
 475      E12E6230 
 475      8C00
 476 14f2 2A5CF413 		.ascii	"*\\\364\023M:\221~\021\221~\353\374\302M<V\253>\347"
 476      4D3A917E 
 476      11917EEB 
 476      FCC24D3C 
 476      56AB3EE7 
ARM GAS  C:\Users\8FEE~1\AppData\Local\Temp\cc9AJMZ1.s 			page 38


 477 1506 B12217FA 		.ascii	"\261\"\027\372p\361\017~A\201\033B\214\342\347\177J"
 477      70F10F7E 
 477      41811B42 
 477      8CE2E77F 
 477      4A
 478 1517 B836FA83 		.ascii	"\2706\372\203E\020\037m\210_\260I\353\277\321\317\354"
 478      45101F6D 
 478      885FB049 
 478      EBBFD1CF 
 478      EC
 479 1528 141A1400 		.ascii	"\024\032\024\000\021\0121m\206\314\363\027\267\010\341"
 479      110A316D 
 479      86CCF317 
 479      B708E1
 480 1537 61429019 		.ascii	"aB\220\031\022e\003\344\266Q\304\346\025+\240-\027\314"
 480      126503E4 
 480      B651C4E6 
 480      152BA02D 
 480      17CC
 481 1549 5F08E635 		.ascii	"_\010\3465\202y\265`^%\230\377^0\177\356F$\023\377\301"
 481      8279B560 
 481      5E2598FF 
 481      5E307FEE 
 481      462413FF 
 482 155e A0357FB2 		.ascii	"\2405\177\262\016\306M\253\203I\256R!\376\241!\020m"
 482      0EC64DAB 
 482      8349AE52 
 482      21FEA121 
 482      106D
 483 1570 514BF2CF 		.ascii	"QK\362\317\325\032M\247\3400\230{:\356j\361g\363\231"
 483      D51A4DA7 
 483      E030987B 
 483      3AEE6AF1 
 483      67F399
 484 1583 02106090 		.ascii	"\002\020`\220:/V\0100\260\342\200u4\201\310\0345\005"
 484      3A2F5608 
 484      30B0E280 
 484      753481C8 
 484      1C3505
 485 1596 43D95817 		.ascii	"C\331X\027\261\3015\314/$\320\337\010\321\363PvC@6\211"
 485      B1C135CC 
 485      2F24D0DF 
 485      08D1F350 
 485      76434036 
 486 15ab 24A7DEB3 		.ascii	"$\247\336\263\237\261,\325\\\370<\377K\225{\020[3\371"
 486      9FB12CD5 
 486      5CF83CFF 
 486      4B957B10 
 486      5B33F9
 487 15be 7687A1C4 		.ascii	"v\207\241\304\234\037\330\010\377\0103\244\217h\220"
 487      9C1FD808 
 487      FF0833A4 
 487      8F6890
 488 15cd BB8CA2AB 		.ascii	"\273\214\242\253U\033A\014v\016]\277\036\246\261\213"
 488      551B410C 
 488      760E5DBF 
 488      1EA6B18B 
ARM GAS  C:\Users\8FEE~1\AppData\Local\Temp\cc9AJMZ1.s 			page 39


 489 15dd 59A489F9 		.ascii	"Y\244\211\371w\3631L$v-\020\203\215\376\220!\353\314"
 489      77F3314C 
 489      24762D10 
 489      838DFE90 
 489      21EBCC
 490 15f0 7E626028 		.ascii	"~b`(\244\211\233l\244\350n4\322jn\\\266\352\213/\226"
 490      A4899B6C 
 490      A4E86E34 
 490      D26A6E5C 
 490      B6EA8B2F 
 491 1605 EB2C944D 		.ascii	"\353,\224M\367\352\377\003\212\356\303\236"
 491      F7EAFF03 
 491      8AEEC39E 
 492              		.text
 493              		.section	.gnu.lto_.symtab.9550fa97,"",%progbits
 494 0000 5F76745F 		.ascii	"_vt_init\000"
 494      696E6974 
 494      00
 495 0009 00       		.ascii	"\000"
 496 000a 00       		.ascii	"\000"
 497 000b 00       		.ascii	"\000"
 498 000c 00000000 		.ascii	"\000\000\000\000\000\000\000\000"
 498      00000000 
 499 0014 AE000000 		.ascii	"\256\000\000\000"
 500 0018 63685654 		.ascii	"chVTDoSetI\000"
 500      446F5365 
 500      744900
 501 0023 00       		.ascii	"\000"
 502 0024 00       		.ascii	"\000"
 503 0025 00       		.ascii	"\000"
 504 0026 00000000 		.ascii	"\000\000\000\000\000\000\000\000"
 504      00000000 
 505 002e DD000000 		.ascii	"\335\000\000\000"
 506 0032 63685654 		.ascii	"chVTDoResetI\000"
 506      446F5265 
 506      73657449 
 506      00
 507 003f 00       		.ascii	"\000"
 508 0040 00       		.ascii	"\000"
 509 0041 00       		.ascii	"\000"
 510 0042 00000000 		.ascii	"\000\000\000\000\000\000\000\000"
 510      00000000 
 511 004a E1000000 		.ascii	"\341\000\000\000"
 512 004e 636800   		.ascii	"ch\000"
 513 0051 00       		.ascii	"\000"
 514 0052 02       		.ascii	"\002"
 515 0053 00       		.ascii	"\000"
 516 0054 00000000 		.ascii	"\000\000\000\000\000\000\000\000"
 516      00000000 
 517 005c F1010000 		.ascii	"\361\001\000\000"
 518              		.text
 519              		.section	.gnu.lto_.opts,"",%progbits
 520 0000 272D666D 		.ascii	"'-fmath-errno' '-fsigned-zeros' '-ftrapping-math' '"
 520      6174682D 
 520      6572726E 
 520      6F272027 
 520      2D667369 
ARM GAS  C:\Users\8FEE~1\AppData\Local\Temp\cc9AJMZ1.s 			page 40


 521 0033 2D666E6F 		.ascii	"-fno-trapv' '-fno-openmp' '-fno-openacc' '-mcpu=cor"
 521      2D747261 
 521      70762720 
 521      272D666E 
 521      6F2D6F70 
 522 0066 7465782D 		.ascii	"tex-m7' '-mno-thumb-interwork' '-mthumb' '-ggdb' '-"
 522      6D372720 
 522      272D6D6E 
 522      6F2D7468 
 522      756D622D 
 523 0099 4F322720 		.ascii	"O2' '-fomit-frame-pointer' '-falign-functions=16' '"
 523      272D666F 
 523      6D69742D 
 523      6672616D 
 523      652D706F 
 524 00cc 2D666675 		.ascii	"-ffunction-sections' '-fdata-sections' '-fno-common"
 524      6E637469 
 524      6F6E2D73 
 524      65637469 
 524      6F6E7327 
 525 00ff 2720272D 		.ascii	"' '-flto'\000"
 525      666C746F 
 525      2700
 526              		.text
 527              		.comm	__gnu_lto_v1,1,1
 528              		.comm	__gnu_lto_slim,1,1
 529              		.ident	"GCC: (GNU Tools for ARM Embedded Processors 6-2017-q1-update) 6.3.1 20170215 (release) [AR
ARM GAS  C:\Users\8FEE~1\AppData\Local\Temp\cc9AJMZ1.s 			page 41


DEFINED SYMBOLS
                            *ABS*:00000000 chvt.c
                            *COM*:00000001 __gnu_lto_v1
                            *COM*:00000001 __gnu_lto_slim

NO UNDEFINED SYMBOLS
