ARM GAS  C:\Users\8FEE~1\AppData\Local\Temp\cckxQspS.s 			page 1


   1              		.cpu cortex-m7
   2              		.eabi_attribute 20, 1
   3              		.eabi_attribute 21, 1
   4              		.eabi_attribute 23, 3
   5              		.eabi_attribute 24, 1
   6              		.eabi_attribute 25, 1
   7              		.eabi_attribute 26, 1
   8              		.eabi_attribute 30, 2
   9              		.eabi_attribute 34, 1
  10              		.eabi_attribute 18, 4
  11              		.file	"hal.c"
  12              		.text
  13              	.Ltext0:
  14              		.section	.gnu.lto_.profile.95615eaa,"",%progbits
  15 0000 789C6365 		.ascii	"x\234ce`b`a```d\210\345\006\000\001E\000u"
  15      60626061 
  15      60606064 
  15      88E50600 
  15      01450075 
  16              		.text
  17              		.section	.gnu.lto_.icf.95615eaa,"",%progbits
  18 0000 789C6365 		.ascii	"x\234ce`b\340`@\000F\206\345\355'\377\2620\000\000\016"
  18      6062E060 
  18      40004686 
  18      E5ED27FF 
  18      B2300000 
  19 0015 140309   		.ascii	"\024\003\011"
  20              		.text
  21              		.section	.gnu.lto_.jmpfuncs.95615eaa,"",%progbits
  22 0000 789C6365 		.ascii	"x\234ce`b\320f@\000F\004\223\211q:3c\363\257\375\237"
  22      6062D066 
  22      40004604 
  22      9389713A 
  22      3363F3AF 
  23 0016 F9EAFF36 		.ascii	"\371\352\3776H\314gfX\314\014R\260\234\261\236\201\221"
  23      48CC6766 
  23      58CC0C52 
  23      B09CB19E 
  23      8191
  24 0028 05C80200 		.ascii	"\005\310\002\000\271\260\010\230"
  24      B9B00898 
  25              		.text
  26              		.section	.gnu.lto_.inline.95615eaa,"",%progbits
  27 0000 789C6365 		.ascii	"x\234ce`bpf@\000F\006\006\336\273@\222\011\310f[ \317"
  27      60627066 
  27      40004606 
  27      06DEBB40 
  27      9209C866 
  28 0017 0416E322 		.ascii	"\004\026\343\"H0q\203\264\202\231\014\000\205\342\002"
  28      48307183 
  28      B482990C 
  28      0085E202 
  29 0027 66       		.ascii	"f"
  30              		.text
  31              		.section	.gnu.lto_.pureconst.95615eaa,"",%progbits
  32 0000 789C6365 		.ascii	"x\234ce`b`f```d\220\000\000\000\204\000$"
  32      60626066 
ARM GAS  C:\Users\8FEE~1\AppData\Local\Temp\cckxQspS.s 			page 2


  32      60606064 
  32      90000000 
  32      840024
  33              		.text
  34              		.section	.gnu.lto_halInit.95615eaa,"",%progbits
  35 0000 789C75D1 		.ascii	"x\234u\321AK\002A\024\000\340\367vt])\243C\207\302\016"
  35      414B0241 
  35      1400E0F7 
  35      76745D29 
  35      A34387C2 
  36 0015 5D22BCB8 		.ascii	"]\"\274\270t\251k\347\376EyQ\012\204\374\001;f!\030"
  36      74A96BE7 
  36      FE457951 
  36      0A84FC01 
  36      3B662118 
  37 0029 54173383 		.ascii	"T\0273\203\230\255\010-K\323\362\340\251\305[\227\202"
  37      98AD082D 
  37      4BD3F2E0 
  37      A9C55B97 
  37      82
  38 003a 3A762AAA 		.ascii	":v*\252C\026\004\321\245P{\243\021{X\207\035\336\354"
  38      431604D1 
  38      A5507BA3 
  38      117B5887 
  38      1DDEEC
  39 004d BC8F376F 		.ascii	"\274\2177ow\334\240\300\214\0020\001\000~\232\310\000"
  39      77DCA0C0 
  39      8C023001 
  39      007E9AC8 
  39      00
  40 005e 95CD6B80 		.ascii	"\225\315k\200\270\246 \312\005\327\020\014\005\015\334"
  40      B8A620CA 
  40      05D7100C 
  40      050DDC
  41 006d 601986F5 		.ascii	"`\031\206\365\344KM\011\3448\015+\3631\302\363\026\012"
  41      E44B4D09 
  41      E4380D2B 
  41      F331C2F3 
  41      160A
  42 007f 0690A529 		.ascii	"\006\220\245)\007\3460\000\304\036\313\255\264Ouu\367"
  42      07E63000 
  42      C41ECBAD 
  42      B44F7575 
  42      F7
  43 0090 318F2A52 		.ascii	"1\217*R,\335\242\305[\355$\267\236\366\361n\266\017"
  43      2CDDA2C5 
  43      5BED24B7 
  43      9EF6F16E 
  43      B60F
  44 00a2 20456979 		.ascii	" Eiy\306\032Sdd\015L\230?~\351e\221Z\355\355\336c4\271"
  44      C61A5364 
  44      640D4C98 
  44      3F7EE965 
  44      915AEDED 
  45 00ba 26186619 		.ascii	"&\030f\031U\300#4@\220m\340\212y\330\357\340X\226\262"
  45      55C02334 
  45      40906DE0 
ARM GAS  C:\Users\8FEE~1\AppData\Local\Temp\cckxQspS.s 			page 3


  45      8A79D8EF 
  45      E05896B2 
  46 00ce 80C7E428 		.ascii	"\200\307\344(\261\265Z\277\361\2543\301\\(_\023\337"
  46      B1B55ABF 
  46      F1AC33C1 
  46      5C285F13 
  46      DF
  47 00df 979F03E4 		.ascii	"\227\237\003\344\206i\343@6F{W;\205\005\201\273\361"
  47      8669E340 
  47      36467B57 
  47      3B850581 
  47      BBF1
  48 00f1 41C1DC78 		.ascii	"A\301\334xB_Y\300\321N\242\375Z)z\011os>&\013\234\242"
  48      425F59C0 
  48      D14EA2FD 
  48      5A297A09 
  48      6F733E26 
  49 0108 C0CE8158 		.ascii	"\300\316\201XDC0\025d\257e\247\036\250W*\216\245\377"
  49      44433015 
  49      64AF65A7 
  49      1EA8572A 
  49      8EA5FF
  50 011b 5E13E657 		.ascii	"^\023\346W\017\347\"wfs{>g\347&W\266\271\347\036N%W"
  50      0FE72277 
  50      66737B3E 
  50      67E72657 
  50      B6B9E71E 
  51 0132 B1B9EA80 		.ascii	"\261\271\352\200\263\363\220;\267\271\207!g\247\221"
  51      B3F3903B 
  51      B7B98721 
  51      67A791
  52 0141 BBB0B966 		.ascii	"\273\260\271f\017\347%W\375s\357\270l\346\322\335\177"
  52      0FE72557 
  52      FD73EFB8 
  52      6CE6D2DD 
  52      7F
  53 0152 25478A6E 		.ascii	"%G\212n\216\356\226\256e<\030\324\273O(\034\231\217"
  53      8EEE96AE 
  53      653C18D4 
  53      BB4F281C 
  53      998F
  54 0164 446393D3 		.ascii	"Dc\223\323Sz4\246\207\347\026\365\330RH\306`\010~\001"
  54      537A34A6 
  54      87E716F5 
  54      D85248C6 
  54      60087E01 
  55 0178 47F9C605 		.ascii	"G\371\306\005"
  56              		.text
  57              		.section	.gnu.lto_.symbol_nodes.95615eaa,"",%progbits
  58 0000 789C55CF 		.ascii	"x\234U\317\273\015\002A\014\204\341\331\331\333{\320"
  58      BB0D0241 
  58      0C84E1D9 
  58      D9DB7BD0 
  59 0010 04940295 		.ascii	"\004\224\002\225y\203\0231\005\360f\241\210\213/\246"
  59      79831331 
  59      05F066A1 
  59      888B2FA6 
ARM GAS  C:\Users\8FEE~1\AppData\Local\Temp\cckxQspS.s 			page 4


  60 0020 06902EA4 		.ascii	"\006\220.\244\005\020\306\021v\362K\337DN \336\320\343"
  60      0510C611 
  60      76F24BDF 
  60      444E20DE 
  60      D0E3
  61 0032 96026CEE 		.ascii	"\226\002l\356\200f\310+ \035\210\205.\341F\011\266\000"
  61      8066C82B 
  61      201D8885 
  61      2EE14609 
  61      B600
  62 0044 392F15AE 		.ascii	"9/\025\256\024:(\224\350\340B\251\034\234)\311\301\211"
  62      143A2894 
  62      E8E042A9 
  62      1C9C29C9 
  62      C189
  63 0056 523B3852 		.ascii	"R;8R\032\007{J\353`G\351\376!b\206\362\370\204\210\016"
  63      1A077B4A 
  63      EB6047E9 
  63      FE216286 
  63      F2F88488 
  64 006b A3B5C564 		.ascii	"\243\265\305dm\320?\177\255Q\254\011\243\265\302d\215"
  64      6DD03F7F 
  64      AD51AC09 
  64      A3B5C264 
  64      8D
  65 007c E8D7AF79 		.ascii	"\350\327\257y\324\337\213\026_L\342?\023"
  65      D4DF8B16 
  65      5F4CE23F 
  65      13
  66              		.text
  67              		.section	.gnu.lto_.refs.95615eaa,"",%progbits
  68 0000 789C6365 		.ascii	"x\234ce`b`c```d`bdb\000\000\000\275\000\024"
  68      60626063 
  68      60606064 
  68      60626462 
  68      000000BD 
  69              		.text
  70              		.section	.gnu.lto_.decls.95615eaa,"",%progbits
  71 0000 789CBD57 		.ascii	"x\234\275WkPTG\026\276}{\030`\030\304\202T\326\037\326"
  71      6B505447 
  71      16BE7D7B 
  71      186018C4 
  71      8254D61F 
  72 0015 2E6561C9 		.ascii	".ea\311\017\005\301\254dw\253\262f5>\022\242T\355&?"
  72      0F05C1AC 
  72      6477ABB2 
  72      66353E12 
  72      A254ED26 
  73 002a B6A89A1A 		.ascii	"\266\250\232\032\230Q\246\012\03023dM\355\376\270\012"
  73      9851A60A 
  73      18323364 
  73      4DEDFEB8 
  73      0A
  74 003b 08A23CD4 		.ascii	"\010\242<\324<v,1\030\330\005\024\001\361\021\025\324"
  74      3C762C31 
  74      18D80514 
  74      01F11115 
ARM GAS  C:\Users\8FEE~1\AppData\Local\Temp\cckxQspS.s 			page 5


  74      D4
  75 004c 51140141 		.ascii	"Q\024\001A\020#b\344\265\210\030\243\362\022\345!0{"
  75      102362E4 
  75      B58818A3 
  75      F212E521 
  75      307B
  76 005e BAFB5EEE 		.ascii	"\272\373^\356e \226\324V\355-\316\355{\372|\347;\247"
  76      652096D4 
  76      56ED2DCE 
  76      ED7BFA7C 
  76      E73BA7
  77 0071 BB4FF734 		.ascii	"\273O\3674n\034\317\035\365\3468\265\212\343*9\216s"
  77      6E1CCF1D 
  77      F5E638B5 
  77      8AE32A39 
  77      8E73
  78 0083 C2C3437B 		.ascii	"\302\303C{\034\004\201\014r\354\321\200\214\202\214"
  78      1C04810C 
  78      72ECD180 
  78      8C828C
  79 0092 834C804C 		.ascii	"\203L\200Lq\014\300\203\250@\324 \032\020-b~\013\020"
  79      710CC083 
  79      A840D420 
  79      1A102D62 
  79      7E0B10
  80 00a5 37E31904 		.ascii	"7\343\031\004\335\035\332OA|\340{\004\332\205\210\361"
  80      DD1DDA4F 
  80      417CE07B 
  80      04DA8588 
  80      F1
  81 00b6 0F8078A2 		.ascii	"\017\200x\242\231q\264\"\237Z\344'q\010\361\224\030"
  81      9971B422 
  81      9F5AE427 
  81      7108F194 
  81      18
  82 00c7 7F9C9B3B 		.ascii	"\177\234\233;\3167\030\335J.;\20431\362\325 \025\250"
  82      CE3718DD 
  82      4A2E3B84 
  82      3331F2D5 
  82      2015A8
  83 00da 830D071F 		.ascii	"\203\015\007\037,\000\365-\015\362\0075\243h\3527\314"
  83      2C00F52D 
  83      0DF20735 
  83      A368EA37 
  83      CC
  84 00eb F84F1ED4 		.ascii	"\370O\036\324\263\027\236\2052u1h\347\333\007\035^\014"
  84      B3179E85 
  84      32753168 
  84      E7DB071D 
  84      5E0C
  85 00fd DB8588AF 		.ascii	"\333\205\210\257\220\221\252e\346Q\242\327\266\344\364"
  85      9091AA65 
  85      E651A2D7 
  85      B6E4F4
  86 010c 6930E402 		.ascii	"i0\344\002\337}\311\017\273\274\230m\021\250\315\003"
  86      DF7DC90F 
  86      BBBC986D 
ARM GAS  C:\Users\8FEE~1\AppData\Local\Temp\cckxQspS.s 			page 6


  86      11A8CD03 
  87 011c F539A2BA 		.ascii	"\3659\242\272\020\324\266\335\273\016\253\261'E\266"
  87      10D4B6DD 
  87      BB0EABB1 
  87      2745B6
  88 012b D7141D23 		.ascii	"\327\024\035#\011-\323 2\275>\320U\372\364\334\2307"
  88      092DD320 
  88      32BD3ED0 
  88      55FAF4DC 
  88      9837
  89 013d EB2288CE 		.ascii	"\353\"\210\316\261\302\365A\305\002{<~-\217\2459k(\337"
  89      B1C2F541 
  89      C5027B3C 
  89      7E2D8FA5 
  89      396B28DF 
  90 0151 1DFF8A80 		.ascii	"\035\377\212\200x{\335\335+*\024\250\3717\0019\356\016"
  90      787BDDDD 
  90      2B2A14A8 
  90      F9370139 
  90      EE0E
  91 0163 2FDB972A 		.ascii	"/\333\227*\010<:\2034\350\024\302\350$\012\"s\262\214"
  91      083C3A83 
  91      34E814C2 
  91      E8240A22 
  91      73B28C
  92 0176 CC609A20 		.ascii	"\314`\232 \354\024\262\223\004\317\215\034*D\213Q\001"
  92      EC14B293 
  92      04CF8D1C 
  92      2A448B51 
  92      01
  93 0187 5ACCA1D3 		.ascii	"Z\314\241\323(\220\304#8T\016\235'\240\023B\024\345"
  93      2890C423 
  93      38540E9D 
  93      27A01342 
  93      14E5
  94 0199 EFFB4E8D 		.ascii	"\357\373N\215\277E4F\365\305\373\255*\244\011\234\223"
  94      BF453446 
  94      F5C5FBAD 
  94      2AA4099C 
  94      93
  95 01aa E0DC1C04 		.ascii	"\340\334\034\004,\231\353\307\227T\247\220d\316B2\337"
  95      2C99EBC7 
  95      9754A790 
  95      64CE4232 
  95      DF
  96 01bb CBC9406E 		.ascii	"\313\311@nl\034\335\347\333v\360\370 \233\271\203\025"
  96      6C1CDDE7 
  96      DB76F0F8 
  96      209BB983 
  96      15
  97 01cc C3756E6C 		.ascii	"\303unl\252<@\355?p\255\201\307\207\231\255\2675\311"
  97      AA3C40ED 
  97      3F70AD81 
  97      C78799AD 
  97      B735C9
  98 01df AEC6F94C 		.ascii	"\256\306\371L\311\236\274'\250q1S2\372G\217\250\360"
  98      C99EBC27 
ARM GAS  C:\Users\8FEE~1\AppData\Local\Temp\cckxQspS.s 			page 7


  98      A8713153 
  98      32FA478F 
  98      A8F0
  99 01f1 49A6DC4B 		.ascii	"I\246\334K\032i\361\306\347\250\342\271\253\364\354"
  99      1A69F1C6 
  99      E7A8E2B9 
  99      ABF4EC
 100 0200 292D0A20 		.ascii	")-\012 \217_@@\340w$w\307H\343\362\232\241\036A\330"
 100      8F5F4040 
 100      E0772477 
 100      C748E3F2 
 100      9AA11E41 
 101 0215 AFA54939 		.ascii	"\257\245I9 \251j\344'\017\246\004^\034\012\201\027\307"
 101      20A96AE4 
 101      270FA604 
 101      5E1C0A81 
 101      17C7
 102 0227 1CC6DFB3 		.ascii	"\034\306\337\263\013\216dL\321\227\\\321\301.\340\237"
 102      0B8E644C 
 102      D1975CD1 
 102      C12EE09F 
 103 0237 FF28832B 		.ascii	"\377(\203+]\301\025\224\272\020)\270\025\360\363\256"
 103      5DC11594 
 103      BA1029B8 
 103      15F0F3AE 
 104 0247 F052D74C 		.ascii	"\360R\327L~T\240/\314MN\321\373\310\334g\013\302\032"
 104      7E54A02F 
 104      CC4D4ED1 
 104      FBC8DC67 
 104      0BC21A
 105 025a 15878E81 		.ascii	"\025\207\216\201\375(5\0214L?\252\205\325\272\202\002"
 105      FD283511 
 105      344C3FAA 
 105      85D5BA82 
 105      02
 106 026b D075906B 		.ascii	"\320u\220k U WAj@.\243\000Za,^\235\"\336\3059G\256\034"
 106      20552057 
 106      416A402E 
 106      A3005A61 
 106      2C5E9D22 
 107 0285 4BDD4619 		.ascii	"K\335F\031]6\367X\030\234\225F\337E\337\035\202\200"
 107      5D36F758 
 107      189C9546 
 107      DF45DF1D 
 107      8280
 108 0297 088C13CB 		.ascii	"\010\214\023\313B\254\355KS\311Mj\354\244k\310\347\247"
 108      42ACED4B 
 108      53C94D6A 
 108      ECA46BC8 
 108      E7A7
 109 02a9 D79FF140 		.ascii	"\327\237\361@~\201s\215\011\325\303P\3463,\026\271\267"
 109      7E81738D 
 109      09D5C350 
 109      E6332C16 
 109      B9B7
 110 02bb 460D9B09 		.ascii	"F\015\233\011\335\000\307:\271$I\0364\274\264\327}\305"
 110      DD00C73A 
ARM GAS  C:\Users\8FEE~1\AppData\Local\Temp\cckxQspS.s 			page 8


 110      B924491E 
 110      34BCB4D7 
 110      7DC5
 111 02cd BD9EDAF0 		.ascii	"\275\236\332\360\242\200\307\3731\255\257\262\312\344"
 111      A280C7FB 
 111      31ADAFB2 
 111      CAE4
 112 02db 670B98D1 		.ascii	"g\013\230\321A\214{R\262v\273c;3>/,?\354\301\214\205"
 112      418C7B52 
 112      B276BB63 
 112      3B333E2F 
 112      2C3FECC1 
 113 02f1 C4F878B2 		.ascii	"\304\370x\262\372\211\033\316e\306\342\206\353m\342"
 113      FA891BCE 
 113      65C6E286 
 113      EB6DE2
 114 0300 E993468C 		.ascii	"\351\223F\214\267G\232R5\270\200\031\235\217\357\345"
 114      B7479A52 
 114      35B88019 
 114      9D8FEFE5 
 115 0310 7932E300 		.ascii	"y2\343\000\321\323O\037\310\363\301%\314x\273\367H\262"
 115      D1D34F1F 
 115      C8F3C125 
 115      CC78BBF7 
 115      48B2
 116 0322 78D83411 		.ascii	"x\3304\021=3\353\344\011\015>\315\214\205\275\2072E"
 116      3D33EBE4 
 116      090D3ECD 
 116      8C85BD87 
 116      3245
 117 0334 E3BBA09E 		.ascii	"\343\273\240\236n8\333\341\206+\231\255m\250%\325\013"
 117      6E38DBE1 
 117      862B99AD 
 117      6DA825D5 
 117      0B
 118 0345 5731A574 		.ascii	"W1\245t\342\313\0025\256cJ\323\241\034i\247\235\"\247"
 118      E2CB0235 
 118      AE634AD3 
 118      A11C69A7 
 118      9D22A7
 119 0358 5D46A9D3 		.ascii	"]F\251\323\203\035o\271~$\202\275\275L\203oQ\254\367"
 119      831D6FB9 
 119      7E2482BD 
 119      BD4C836F 
 119      51ACF7
 120 036b 64E7F025 		.ascii	"d\347\360%/\344\0270\375\004\006(\027\243\003\026\243"
 120      2FE41730 
 120      FD040628 
 120      17A30316 
 120      A3
 121 037c 9DAE6E97 		.ascii	"\235\256n\227\270\022O`%\272a\326{A~\002y\010\322\003"
 121      B8124F60 
 121      25BA61D6 
 121      7B417E02 
 121      7908D203 
 122 0390 F218E467 		.ascii	"\362\030\344g\220\247 \217@\376\003\362@.8\26227}\017"
 122      90A7208F 
ARM GAS  C:\Users\8FEE~1\AppData\Local\Temp\cckxQspS.s 			page 9


 122      40FE03F2 
 122      402E38B2 
 122      32377D0F 
 123 03a4 0842CD4A 		.ascii	"\010B\315J\2726\307am\010\345\364j\027\317\334>\200"
 123      BA36C761 
 123      6D08E5F4 
 123      6A17CFDC 
 123      3E80
 124 03b6 BFF2E10E 		.ascii	"\277\362\341\016Zr\004\336\346\012\237\2615\011x\213"
 124      5A7204DE 
 124      E60A9FB1 
 124      3509788B 
 125 03c6 0CEE7405 		.ascii	"\014\356t\005\027!Wt\270\214nqE\337qEw\177$\243[]\321"
 125      17215774 
 125      B88C6E71 
 125      45DF7145 
 125      777F24A3 
 126 03dd 7767E5DD 		.ascii	"wg\345\335\255\310\373\276+\274d\36607\313\360\233\256"
 126      ADC8FBBE 
 126      2BBC64F6 
 126      3037CBF0 
 126      9BAE
 127 03ef F0865999 		.ascii	"\360\206Y\231+r\371\321\025}oV\346\212q\376\340\212"
 127      2B72F9D1 
 127      157D6F56 
 127      E68A71FE 
 127      E08A
 128 0401 BE3D3B95 		.ascii	"\276=;\225\217ex\263+\374\226L.\356\361Z\266\307\273"
 128      8F6578B3 
 128      2BFC964C 
 128      2EEEF15A 
 128      B6C7BB
 129 0414 66EE7171 		.ascii	"f\356qq\261\033\024\213\335\344\312\325\250\010\015"
 129      B11B148B 
 129      DDE4CAD5 
 129      A8080D
 130 0423 157979EC 		.ascii	"\025yy\354i\212\017n\245\025\311O\266\365\374\326\345"
 130      698A0F6E 
 130      A515C94F 
 130      B6F5FCD6 
 130      E5
 131 0434 4890AA10 		.ascii	"H\220\252\020\365C\361\375/\205\310\022oi\244GD\037"
 131      F543F1FD 
 131      2F85C812 
 131      6F69A447 
 131      441F
 132 0446 103D938F 		.ascii	"\020=\223\217\210.\351\210\310\351r<p\363\023\343\247"
 132      882EE988 
 132      C8E9723C 
 132      70F313E3 
 132      A7
 133 0457 FD527C6E 		.ascii	"\375R|n\336\301\311O\333\213\212\257\2606}\372g\026"
 133      DEC1C94F 
 133      DB8B8AAF 
 133      B0367DFA 
 133      6716
 134 0469 0D288E51 		.ascii	"\015(\216Q\016\015\"-\275`A\013\3403\031W/\360\035P"
ARM GAS  C:\Users\8FEE~1\AppData\Local\Temp\cckxQspS.s 			page 10


 134      0E0D222D 
 134      BD60410B 
 134      E0331957 
 134      2FF01D50 
 135 047d FA703343 		.ascii	"\372p3C\013)\005B\354\215\250P\325)=\010\321~\350\345"
 135      0B290542 
 135      EC8DA850 
 135      D5293D08 
 135      D17EE8E5 
 136 0491 39F13A26 		.ascii	"9\361:&u!\311C\324yQ\345EJ\372':#\005#3\263H\322\303"
 136      7521C943 
 136      D47951E5 
 136      454AFA27 
 136      3A230523 
 137 04aa 6E60EC83 		.ascii	"n`\354\203\272I\336\210\227\003 \244tP\020\262\264E"
 137      BA49DE88 
 137      970320A4 
 137      745010B2 
 137      B445
 138 04bc FB747E9C 		.ascii	"\373t~\234<8$M\325\240\275\276W\323\011\323\016=\271"
 138      3C38244D 
 138      D5A0BDBE 
 138      57D309D3 
 138      0E3DB9
 139 04cf 6B10ED1B 		.ascii	"k\020\355\0338)tkp7;\345\2569G\034>\354\224\343\025"
 139      3829746B 
 139      70373BE5 
 139      AE39471C 
 139      3EEC94E3 
 140 04e4 37B1B7D8 		.ascii	"7\261\267\330Mlt\307\235\313\232E_\323\253U\222\260"
 140      4D6C74C7 
 140      9DCB9A45 
 140      5FD3AB55 
 140      92B0
 141 04f6 90479FBE 		.ascii	"\220G\237\276\215^\302D\277\240\023=\202\026\301;J%"
 141      8D5EC244 
 141      BFA0133D 
 141      8216C13B 
 141      4A25
 142 0508 965F5346 		.ascii	"\226_SF\205fI\256\220\333\005\027\254I\377G\345\202"
 142      856649AE 
 142      90DB0517 
 142      AC49FF47 
 142      E582
 143 051a 00D71A41 		.ascii	"\000\327\032AE`hX\256\020\370\204\367s8_\320\020\324"
 143      45606858 
 143      AE10F884 
 143      F773385F 
 143      D010D4
 144 052d 0407B7C3 		.ascii	"\004\007\267\303%\344'\244\274\257\323\015g\253hV\373"
 144      25E427A4 
 144      BCAFD30D 
 144      67AB6856 
 144      FB
 145 053e CA9BBA31 		.ascii	"\312\233\2721puA\2359\323qIR\365^\341\010\242\021\321"
 145      7075419D 
 145      39D37149 
ARM GAS  C:\Users\8FEE~1\AppData\Local\Temp\cckxQspS.s 			page 11


 145      52F55EE1 
 145      08A211D1 
 146 0552 984C3546 		.ascii	"\230L5F\250\310\3078\245\250\357m\377;\276\312\030J"
 146      A8C8C738 
 146      A5A8EF6D 
 146      FF3BBECA 
 146      184A
 147 0564 BE6AEC77 		.ascii	"\276j\354w\027\031\236\333\361\223\261\036!M\303\010"
 147      17199EDB 
 147      F193B11E 
 147      214DC308 
 148 0574 5EC904AF 		.ascii	"^\311\004\257$\202\011J\320X\2277\341\2153\334(\303"
 148      2482094A 
 148      D0589737 
 148      E18D33DC 
 148      28C3
 149 0586 D795976F 		.ascii	"\327\225\227ox\212\014\017\216\342\242\242]\216\010"
 149      788A0C0F 
 149      8EE2A2A2 
 149      5D8E08
 150 0595 46302913 		.ascii	"F0)\023LJ\004S\224\240\242\266\277Y\205\2571\202\352"
 150      4C4A0453 
 150      94A0A2B6 
 150      BF5985AF 
 150      3182EA
 151 05a8 DA9D836A 		.ascii	"\332\235\203j\221\340\3119|\241`\232\300)\0238%\002"
 151      91E0C939 
 151      7CA1609A 
 151      C0291338 
 151      2502
 152 05ba 8127047D 		.ascii	"\201'\004}\267z^\272\343W\214\340\374\360\365ri\026"
 152      B77A5EBA 
 152      E3578CE0 
 152      FCF0F572 
 152      6916
 153 05cc EED7E0B1 		.ascii	"\356\327\340\261\274i\002\270\017J\004\360\311\010v"
 153      BC6902B8 
 153      0F4A04F0 
 153      C90876
 154 05db 5282BC9F 		.ascii	"R\202\274\237\276\034\342\361\0115%\250\351\031r,\020"
 154      BE1CE2F1 
 154      093525A8 
 154      E919722C 
 154      10
 155 05ec 096E34E2 		.ascii	"\011n4\342\314\177M\023$\311\004I\022A2%\310\374\306"
 155      CC7F4D13 
 155      24C90449 
 155      12413225 
 155      C8FCC6
 156 05ff 715F8D1F 		.ascii	"q_\215\0371\202\354\253m\017}D\202W\355x\\\036B\212"
 156      3182ECAB 
 156      6D0F7D44 
 156      8257ED78 
 156      5C1E428A 
 157 0613 4C902211 		.ascii	"L\220\"\021\354\242\004G\213\355\017=q\216;%\260\337"
 157      ECA20447 
 157      8BED0F3D 
ARM GAS  C:\Users\8FEE~1\AppData\Local\Temp\cckxQspS.s 			page 12


 157      718E3B25 
 157      B0DF
 158 0625 1979AA56 		.ascii	"\031y\252V\361l7\222R\201\276\252\346\326,\325/\026"
 158      F16C3792 
 158      5281BEAA 
 158      E6D62CD5 
 158      2F16
 159 0637 D56E9E14 		.ascii	"\325n\236\024U\032/VU~\343\344\367\036\322:6.\337\313"
 159      551A2F56 
 159      557EE3E4 
 159      F71ED23A 
 159      362EDFCB 
 160 064b E6004028 		.ascii	"\346\000@(U\316 U\312 \235f`?\234U\206\3611\226\301"
 160      55CE2055 
 160      CA209D66 
 160      603F9C55 
 160      86F13196 
 161 0660 FE831337 		.ascii	"\376\203\0237y\221\240\252\037O9\345B\330#3\354\221"
 161      7991A0AA 
 161      1F4F39E5 
 161      42D82333 
 161      EC91
 162 0672 18F65286 		.ascii	"\030\366R\206\232\252\222\227^x\2301tT\327\330UK\363"
 162      9AAA9297 
 162      5E789831 
 162      7454D7D8 
 162      554BF3
 163 0685 840181DC 		.ascii	"\204\001\201\334\214\337\335\223tS\020\216\360\364\320"
 163      8CDFDD93 
 163      7453108E 
 163      F0F4D0
 164 0694 C9600C8A 		.ascii	"\311`\014\212\037\370\014B\2042\371\245\344?\223\321"
 164      1FF80C42 
 164      8432F9A5 
 164      E43F93D1 
 165 06a4 BB1D5AE5 		.ascii	"\273\035Z\3459E\202\312\347T\026\257\225\302\303'=\327"
 165      394582CA 
 165      E75416AF 
 165      95C2C327 
 165      3DD7
 166 06b6 BE6D5129 		.ascii	"\276mQ)\361d\2302>\233g\347\032i\325\021\037\256\323"
 166      F1649832 
 166      3E9B67E7 
 166      1A69D511 
 166      1FAED3
 167 06c9 DBF42AFD 		.ascii	"\333\364*\375VK\254\307\206\315\237\370\257\015\011"
 167      564BACC7 
 167      86CD9FF8 
 167      AF0D09
 168 06d8 E1343A5D 		.ascii	"\3414:]\242)\336\266*Tg\373\207\341\367\221\3211\246"
 168      A229DEB6 
 168      2A5467FB 
 168      87E1F791 
 168      D131A6
 169 06eb 2893D596 		.ascii	"(\223\325\226h0\231u\011\026\343\347&\343\337B~\247"
 169      68309975 
 169      0916E3E7 
ARM GAS  C:\Users\8FEE~1\AppData\Local\Temp\cckxQspS.s 			page 13


 169      26E3DF42 
 169      7EA7
 170 06fd EC8DB499 		.ascii	"\354\215\264\231\315\261\326\310m\361\211\376\364\313"
 170      CDB1D6C8 
 170      6DF189FE 
 170      F4CB
 171 070b 5F6F89F3 		.ascii	"_o\211\3637\306E\031\015\006\243!ru\320*\377\320\225"
 171      37C64519 
 171      0D06A321 
 171      7275D02A 
 171      FFD095
 172 071e 21619F85 		.ascii	"!a\237\205DB\377\212xs\274q\205Q\037e\2124\305G\307"
 172      4442FF8A 
 172      7873BC71 
 172      85511F65 
 172      8A34C547 
 173 0733 261A8C91 		.ascii	"&\032\214\221qz\340\2127F\352\014\306\255\372\304X\233"
 173      717AE08A 
 173      3746EA0C 
 173      C6ADFAC4 
 173      589B
 174 0745 CEF64582 		.ascii	"\316\366E\202\321\032\024\303yHY|\366\177\310\302\372"
 174      D11A14C3 
 174      7948597C 
 174      F67FC8C2 
 174      FA
 175 0756 85355267 		.ascii	"\2055Rg\265\031 $\204\306f\203\305-!1\301`q7[\023\214"
 175      B5192024 
 175      84C66683 
 175      C52D2131 
 175      C1607137 
 176 076d 4683456D 		.ascii	"F\203Em&iY\334\342\314\006\243\205\314W\314\232\240"
 176      266959DC 
 176      E2CC06A3 
 176      85CC57CC 
 176      9AA0
 177 077f A060F647 		.ascii	"\240`\366G\2630[C\302V\007\233\255\3011\372\330\340"
 177      B3305B43 
 177      C256079B 
 177      ADC131FA 
 177      D8E0
 178 0791 04B3C566 		.ascii	"\004\263\305f\015\376\363_>^\025\032\034\036\276.xC"
 178      0DFEF35F 
 178      3E5E151A 
 178      1C1EBE2E 
 178      7843
 179 07a3 C4A62D9F 		.ascii	"\304\246-\237\207\022\223.\001$6\326\000A|\255\2668"
 179      8712932E 
 179      012436D6 
 179      00417CAD 
 179      B638
 180 07b5 18DEB604 		.ascii	"\030\336\266\004\030\222\325hKL\320\331\324\021\233"
 180      1892D568 
 180      4B4CD0D9 
 180      D4119B
 181 07c4 C87AA823 		.ascii	"\310z\250#6\262f\003k\326\263\346"
 181      36B26603 
ARM GAS  C:\Users\8FEE~1\AppData\Local\Temp\cckxQspS.s 			page 14


 181      6BD6B3E6 
 182 07d0 03D6AC63 		.ascii	"\003\326\254c\315Z\326\374\2115\357\263\346#\322xF\274"
 182      CD5AD6FC 
 182      8935EFB3 
 182      E623D278 
 182      46BC
 183 07e2 1FBED61C 		.ascii	"\037\276\326\034\277\325\264\315\035\"n\2127\331\226"
 183      BFD5B4CD 
 183      1D226E8A 
 183      37D996
 184 07f1 BE2657AB 		.ascii	"\276&W\253%\232\264A\321\234\332j#\340\345\257\001\213"
 184      259AB441 
 184      D19CDA6A 
 184      23E0E5AF 
 184      018B
 185 0803 D3454762 		.ascii	"\323EGb%3\345\031e\326[\014\304\355\275\327\270Q\020"
 185      2533E519 
 185      65D65B0C 
 185      C4EDBDD7 
 185      B85110
 186 0816 9910DDE6 		.ascii	"\231\020\335\346O\326\206\177\260%\344\235wt\353\303"
 186      4FD6867F 
 186      B025E49D 
 186      7774EBC3 
 187 0826 5687FD75 		.ascii	"V\207\375u\0233\001\221\332JYV\276ip\243\305\004I\307"
 187      13330191 
 187      DA4A5956 
 187      BE6970A3 
 187      C50449C7 
 188 083a 70EEA6E8 		.ascii	"p\356\246\350D\342\270\342\015\035\001N\274\266%\330"
 188      44E2B8E2 
 188      0D1D014E 
 188      BCB625D8 
 189 084a E6E30570 		.ascii	"\346\343\005p\342e\334>//\200\023/\275!z>^\000\007/"
 189      E265DC3E 
 189      2F2F8013 
 189      2FBD217A 
 189      3E5E0007 
 190 085f 6FA95274 		.ascii	"o\251Rt&\360\325\306(\224?\274a\345\321\367\372\260"
 190      26F0D5C6 
 190      28943FBC 
 190      61E5D1F7 
 190      FAB0
 191 0871 EDDB8363 		.ascii	"\355\333\203c\344\242#\254\322N\213\246E\362_\336\235"
 191      E4A223AC 
 191      D24E8BA6 
 191      45F25FDE 
 191      9D
 192 0882 3D32     		.ascii	"=2"
 193              		.text
 194              		.section	.gnu.lto_.symtab.95615eaa,"",%progbits
 195 0000 68616C49 		.ascii	"halInit\000"
 195      6E697400 
 196 0008 00       		.ascii	"\000"
 197 0009 00       		.ascii	"\000"
 198 000a 00       		.ascii	"\000"
 199 000b 00000000 		.ascii	"\000\000\000\000\000\000\000\000"
ARM GAS  C:\Users\8FEE~1\AppData\Local\Temp\cckxQspS.s 			page 15


 199      00000000 
 200 0013 F8000000 		.ascii	"\370\000\000\000"
 201 0017 70616C5F 		.ascii	"pal_default_config\000"
 201      64656661 
 201      756C745F 
 201      636F6E66 
 201      696700
 202 002a 00       		.ascii	"\000"
 203 002b 02       		.ascii	"\002"
 204 002c 00       		.ascii	"\000"
 205 002d 00000000 		.ascii	"\000\000\000\000\000\000\000\000"
 205      00000000 
 206 0035 0E010000 		.ascii	"\016\001\000\000"
 207 0039 7374496E 		.ascii	"stInit\000"
 207      697400
 208 0040 00       		.ascii	"\000"
 209 0041 02       		.ascii	"\002"
 210 0042 00       		.ascii	"\000"
 211 0043 00000000 		.ascii	"\000\000\000\000\000\000\000\000"
 211      00000000 
 212 004b FA000000 		.ascii	"\372\000\000\000"
 213 004f 626F6172 		.ascii	"boardInit\000"
 213      64496E69 
 213      7400
 214 0059 00       		.ascii	"\000"
 215 005a 02       		.ascii	"\002"
 216 005b 00       		.ascii	"\000"
 217 005c 00000000 		.ascii	"\000\000\000\000\000\000\000\000"
 217      00000000 
 218 0064 FC000000 		.ascii	"\374\000\000\000"
 219 0068 7364496E 		.ascii	"sdInit\000"
 219      697400
 220 006f 00       		.ascii	"\000"
 221 0070 02       		.ascii	"\002"
 222 0071 00       		.ascii	"\000"
 223 0072 00000000 		.ascii	"\000\000\000\000\000\000\000\000"
 223      00000000 
 224 007a FE000000 		.ascii	"\376\000\000\000"
 225 007e 69637549 		.ascii	"icuInit\000"
 225      6E697400 
 226 0086 00       		.ascii	"\000"
 227 0087 02       		.ascii	"\002"
 228 0088 00       		.ascii	"\000"
 229 0089 00000000 		.ascii	"\000\000\000\000\000\000\000\000"
 229      00000000 
 230 0091 00010000 		.ascii	"\000\001\000\000"
 231 0095 67707449 		.ascii	"gptInit\000"
 231      6E697400 
 232 009d 00       		.ascii	"\000"
 233 009e 02       		.ascii	"\002"
 234 009f 00       		.ascii	"\000"
 235 00a0 00000000 		.ascii	"\000\000\000\000\000\000\000\000"
 235      00000000 
 236 00a8 02010000 		.ascii	"\002\001\000\000"
 237 00ac 65787449 		.ascii	"extInit\000"
 237      6E697400 
 238 00b4 00       		.ascii	"\000"
ARM GAS  C:\Users\8FEE~1\AppData\Local\Temp\cckxQspS.s 			page 16


 239 00b5 02       		.ascii	"\002"
 240 00b6 00       		.ascii	"\000"
 241 00b7 00000000 		.ascii	"\000\000\000\000\000\000\000\000"
 241      00000000 
 242 00bf 04010000 		.ascii	"\004\001\000\000"
 243 00c3 61646349 		.ascii	"adcInit\000"
 243      6E697400 
 244 00cb 00       		.ascii	"\000"
 245 00cc 02       		.ascii	"\002"
 246 00cd 00       		.ascii	"\000"
 247 00ce 00000000 		.ascii	"\000\000\000\000\000\000\000\000"
 247      00000000 
 248 00d6 06010000 		.ascii	"\006\001\000\000"
 249 00da 5F70616C 		.ascii	"_pal_lld_init\000"
 249      5F6C6C64 
 249      5F696E69 
 249      7400
 250 00e8 00       		.ascii	"\000"
 251 00e9 02       		.ascii	"\002"
 252 00ea 00       		.ascii	"\000"
 253 00eb 00000000 		.ascii	"\000\000\000\000\000\000\000\000"
 253      00000000 
 254 00f3 0A010000 		.ascii	"\012\001\000\000"
 255 00f7 68616C5F 		.ascii	"hal_lld_init\000"
 255      6C6C645F 
 255      696E6974 
 255      00
 256 0104 00       		.ascii	"\000"
 257 0105 02       		.ascii	"\002"
 258 0106 00       		.ascii	"\000"
 259 0107 00000000 		.ascii	"\000\000\000\000\000\000\000\000"
 259      00000000 
 260 010f 0C010000 		.ascii	"\014\001\000\000"
 261              		.text
 262              		.section	.gnu.lto_.opts,"",%progbits
 263 0000 272D666D 		.ascii	"'-fmath-errno' '-fsigned-zeros' '-ftrapping-math' '"
 263      6174682D 
 263      6572726E 
 263      6F272027 
 263      2D667369 
 264 0033 2D666E6F 		.ascii	"-fno-trapv' '-fno-openmp' '-fno-openacc' '-mcpu=cor"
 264      2D747261 
 264      70762720 
 264      272D666E 
 264      6F2D6F70 
 265 0066 7465782D 		.ascii	"tex-m7' '-mno-thumb-interwork' '-mthumb' '-ggdb' '-"
 265      6D372720 
 265      272D6D6E 
 265      6F2D7468 
 265      756D622D 
 266 0099 4F322720 		.ascii	"O2' '-fomit-frame-pointer' '-falign-functions=16' '"
 266      272D666F 
 266      6D69742D 
 266      6672616D 
 266      652D706F 
 267 00cc 2D666675 		.ascii	"-ffunction-sections' '-fdata-sections' '-fno-common"
 267      6E637469 
ARM GAS  C:\Users\8FEE~1\AppData\Local\Temp\cckxQspS.s 			page 17


 267      6F6E2D73 
 267      65637469 
 267      6F6E7327 
 268 00ff 2720272D 		.ascii	"' '-flto'\000"
 268      666C746F 
 268      2700
 269              		.text
 270              		.comm	__gnu_lto_v1,1,1
 271              		.comm	__gnu_lto_slim,1,1
 272              		.ident	"GCC: (GNU Tools for ARM Embedded Processors 6-2017-q1-update) 6.3.1 20170215 (release) [AR
ARM GAS  C:\Users\8FEE~1\AppData\Local\Temp\cckxQspS.s 			page 18


DEFINED SYMBOLS
                            *ABS*:00000000 hal.c
                            *COM*:00000001 __gnu_lto_v1
                            *COM*:00000001 __gnu_lto_slim

NO UNDEFINED SYMBOLS
