ARM GAS  C:\Users\8FEE~1\AppData\Local\Temp\ccraqR1g.s 			page 1


   1              		.cpu cortex-m7
   2              		.eabi_attribute 20, 1
   3              		.eabi_attribute 21, 1
   4              		.eabi_attribute 23, 3
   5              		.eabi_attribute 24, 1
   6              		.eabi_attribute 25, 1
   7              		.eabi_attribute 26, 1
   8              		.eabi_attribute 30, 2
   9              		.eabi_attribute 34, 1
  10              		.eabi_attribute 18, 4
  11              		.file	"hal_ext_lld.c"
  12              		.text
  13              	.Ltext0:
  14              		.section	.gnu.lto_.profile.95615ae9,"",%progbits
  15 0000 789C6365 		.ascii	"x\234ce`b`e```dX\304X\011\000\002\367\001*"
  15      60626065 
  15      60606064 
  15      58C45809 
  15      0002F701 
  16              		.text
  17              		.section	.gnu.lto_.icf.95615ae9,"",%progbits
  18 0000 789C6365 		.ascii	"x\234ce`bPe@\0006\206\215M?\337\3632\366\377}\377\234"
  18      60625065 
  18      40003686 
  18      8D4D3FDF 
  18      F332F6FF 
  19 0017 9769C6DA 		.ascii	"\227i\306\332[\222\314\377\333/ofdy\266\371\323Lf\326"
  19      5B92CCFF 
  19      DB2F6F66 
  19      6479B6F9 
  19      D34C66D6 
  20 002b 75279EB4 		.ascii	"u'\236\264q2\000\000b\350\022."
  20      71320000 
  20      62E8122E 
  21              		.text
  22              		.section	.gnu.lto_.jmpfuncs.95615ae9,"",%progbits
  23 0000 789C6365 		.ascii	"x\234ce`bpg@\000V fb\234\316\314\270s\347\233\333\354"
  23      60627067 
  23      40005620 
  23      66629CCE 
  23      CCB873E7 
  24 0017 F57F1B38 		.ascii	"\365\177\0338\34633,f\006\2122.g\254g`d\001\3122\002"
  24      E633332C 
  24      66068A32 
  24      2E67AC67 
  24      606401CA 
  25 002d 19CC408A 		.ascii	"\031\314@\212\271\276\236\005\304aa\252\204k\007\012"
  25      B9BE9E05 
  25      C46161AA 
  25      846B070A 
  26 003d 3331D433 		.ascii	"31\3243\000\000,\317\013\306"
  26      00002CCF 
  26      0BC6
  27              		.text
  28              		.section	.gnu.lto_.inline.95615ae9,"",%progbits
  29 0000 789C5D90 		.ascii	"x\234]\220?KC1\024\305\317\311\315\353\237Ti\250\340"
  29      3F4B4331 
ARM GAS  C:\Users\8FEE~1\AppData\Local\Temp\ccraqR1g.s 			page 2


  29      14C5CFC9 
  29      CDEB9F54 
  29      69A8E0
  30 0013 500A0D2E 		.ascii	"P\012\015.n:\272)Hg\277FK\373%\334t\220\322\255S\251"
  30      6E3ABA29 
  30      4867BF46 
  30      4BFB25DC 
  30      7490D2AD 
  31 0029 53EB031D 		.ascii	"S\353\003\035\034t\022\354n\027W\247\322\311Q\301\017"
  31      1C7412EC 
  31      6E1757A7 
  31      D2C951C1 
  31      0F
  32 003a D09BBEF7 		.ascii	"\320\233\276\367D\014\341\236p\302=\371\335$08'~W\242"
  32      440CE19E 
  32      70C23DF9 
  32      DD243038 
  32      277E57A2 
  33 004e 7B976A02 		.ascii	"{\227j\002\245\333v\024\230\032\020\035\347(\250\364"
  33      A5DB7614 
  33      981A101D 
  33      E728A8F4 
  34 005e C7C297E9 		.ascii	"\307\302\227\351M\352\2062\025\322p\316\226\000\225"
  34      4DEA8632 
  34      15D270CE 
  34      960095
  35 006d 41712004 		.ascii	"Aq \004\266\364u\224\365\363\263\354\015\222\353C\037"
  35      B6F47594 
  35      F5F3B3EC 
  35      0D92EB43 
  35      1F
  36 007e A3E860A1 		.ascii	"\243\350`\241\367gmZ\206\256F\335\317\276\027\365\030"
  36      F7676D5A 
  36      86AE46DD 
  36      CFBE17F5 
  36      18
  37 008f 6558E71D 		.ascii	"eX\347\035[`\350\345\032\251\264H\250v\226\357\314\342"
  37      5B60E8E5 
  37      1AA9B448 
  37      A87696EF 
  37      CCE2
  38 00a1 F69F2FE9 		.ascii	"\366\237/\351\3414\316\202?\022\254\311\004~q\252\316"
  38      E134CE82 
  38      3F12ACC9 
  38      047E71AA 
  38      CE
  39 00b2 DA06B3AD 		.ascii	"\332\006\263\255\332\352\365\251\203\007[0?]-\037sf"
  39      DAEAF5A9 
  39      83075B30 
  39      3F5D2D1F 
  39      7366
  40 00c4 322D98D3 		.ascii	"2-\230\323?\314\307\253\327\023\224W\037\374O-;:\376"
  40      3FCCC7AB 
  40      D7139457 
  40      1FFC4F2D 
  40      3B3AFE
  41 00d7 A436BAC8 		.ascii	"\2446\272\310\360\023\35454#\362Is\364\226\223\351\304"
ARM GAS  C:\Users\8FEE~1\AppData\Local\Temp\ccraqR1g.s 			page 3


  41      F013EC35 
  41      3423F249 
  41      73F49693 
  41      E9C4
  42 00e9 76FB831B 		.ascii	"v\373\203\033ga1\214"
  42      6761318C 
  43              		.text
  44              		.section	.gnu.lto_.pureconst.95615ae9,"",%progbits
  45 0000 789C6365 		.ascii	"x\234ce`b\340f```e\220`\222b\226b\221b\225\002\000\004"
  45      6062E066 
  45      60606065 
  45      90609262 
  45      96629162 
  46 0018 2400A6   		.ascii	"$\000\246"
  47              		.text
  48              		.section	.gnu.lto_ext_lld_init.95615ae9,"",%progbits
  49 0000 789C5D4E 		.ascii	"x\234]N?H\302A\030\375\336}\246\022\265\0075\264\272"
  49      3F48C241 
  49      18FDDE7D 
  49      A612B507 
  49      35B4BA
  50 0013 7858506B 		.ascii	"xXPkD\005\201M9\264IY\240 \030)\321\366\273\"3L\254"
  50      4405814D 
  50      39B44959 
  50      A0201829 
  50      D1F6BB22 
  51 002a A5C4214E 		.ascii	"\245\304!Np\260\277T\343o\023i\224\202\300\251\255\241"
  51      70B0BF54 
  51      E36F1369 
  51      9482C0A9 
  51      ADA1
  52 003c A13F3434 		.ascii	"\241?44\025d\335\351\326\343\036w\274\367\356{_\017"
  52      1564DDE9 
  52      D6E31E77 
  52      BCF7EE7B 
  52      5F0F
  53 004e 09028826 		.ascii	"\011\002\210&\211h\320\020L\020\007wD\233~\001\330\207"
  53      8968D010 
  53      4C100777 
  53      449B7E01 
  53      D887
  54 0060 F2831C01 		.ascii	"\362\203\034\001\007\373\\b4r\317\256\010\324\224A\275"
  54      07FB5C62 
  54      3472CFAE 
  54      08D49441 
  54      BD
  55 0071 74EDDD51 		.ascii	"t\355\335Q\331\001\315DeC\013\324\020 \023{\272i\037"
  55      D901CD44 
  55      65430BD4 
  55      1020137B 
  55      BA691F
  56 0084 F67B3D5D 		.ascii	"\366{=]\035'\360\232\012\272z@]\265\177s\252\336\254"
  56      1D27F09A 
  56      0ABA7A40 
  56      5DB57F73 
  56      AADEAC
  57 0097 C29D3156 		.ascii	"\302\2351V\336\320v\354\261\2607\277b\273\362Q`\373"
ARM GAS  C:\Users\8FEE~1\AppData\Local\Temp\ccraqR1g.s 			page 4


  57      DED076EC 
  57      B1B037BF 
  57      62BBF251 
  57      60FB
  58 00a9 C14E71DD 		.ascii	"\301Nq\335\267G\237\363\243\374\232Qf3\002\247p\254"
  58      B7479FF3 
  58      A3FC9A51 
  58      663302A7 
  58      70AC
  59 00bb 71946DDC 		.ascii	"q\224m\334\373\212\254Y\340_NTm\243\321^\232\255\333"
  59      FB8AAC59 
  59      E05F4E54 
  59      6DA3D15E 
  59      9AADDB
  60 00ce 5E8D6368 		.ascii	"^\215chf\234\233\365\3170\3241*\337_\255>\023\336Uj"
  60      669C9BF5 
  60      CF30D431 
  60      2ADF5FAD 
  60      3E13DE55 
  61 00e3 D80EB880 		.ascii	"\330\016\270\200F\247\020\227p4{\350\035[\225\317BW"
  61      46A71097 
  61      70347BE8 
  61      1D5B95CF 
  61      4257
  62 00f5 B3C89B66 		.ascii	"\263\310\233f\263\234 \232\010\006e\367\304\342\211"
  62      B39C209A 
  62      080665F7 
  62      C4E289
  63 0104 A5442A1D 		.ascii	"\245D*\035\032\037\223\251\264\214/&\345jj-\223\226"
  63      1A1F93A9 
  63      B48C2F26 
  63      E56A6A2D 
  63      9396
  64 0116 F391B9D1 		.ascii	"\363\221\271\321\021\031\016O\311\351\205\310\354z\310"
  64      11190E4F 
  64      C9E985C8 
  64      EC7AC8
  65 0125 5AD1958D 		.ascii	"Z\321\225\215L4\231\\\016\306\350\017M@jW"
  65      4C34995C 
  65      0EC6E80F 
  65      4D406A57 
  66              		.text
  67              		.section	.gnu.lto_ext_lld_stop.95615ae9,"",%progbits
  68 0000 789C9D52 		.ascii	"x\234\235RMHTQ\024>\337\273o\346\315\214\332l[H\270"
  68      4D485451 
  68      143EDFBB 
  68      6FE6CD8C 
  68      DA6C5B48 
  69 0015 08C4CD3C 		.ascii	"\010\304\315<,)h\021A\205\004\266\312E;)\013\024\006"
  69      2C296811 
  69      418504B6 
  69      CA453B29 
  69      0B1406
  70 0028 94946837 		.ascii	"\224\224h7\327i\324\260p\004I\263\032\336@\211Y\371"
  70      D769D4B0 
  70      700449B3 
  70      1ADE4089 
ARM GAS  C:\Users\8FEE~1\AppData\Local\Temp\ccraqR1g.s 			page 5


  70      59F9
  71 003a 575A8E23 		.ascii	"WZ\216#4L\240 5\221\233\350\217\"\207r(\027\301\300"
  71      344CA020 
  71      35919BE8 
  71      8F228772 
  71      2817C1C0 
  72 004e B8A899CE 		.ascii	"\270\250\231\316}\317\312m\035\336\345\336s\3579\337"
  72      7DCFCA6D 
  72      1DDEE5DE 
  72      73EF39DF 
  73 005e CFE1B948 		.ascii	"\317\341\271H\243\217\032Q=\021\325\361\202\213\240"
  73      A38F1A51 
  73      3D11D5F1 
  73      828BA0
  74 006d 0D6488BA 		.ascii	"\015d\210\272<\232&\226\374$}\372\312A\222\345\002\272"
  74      3C9A2696 
  74      FC247DFA 
  74      CA4192E5 
  74      02BA
  75 007f 73AD03EA 		.ascii	"s\255\003\352 =\240\220&t\204\020\025\303\002\351\336"
  75      203DA090 
  75      26748410 
  75      15C302E9 
  75      DE
  76 0090 CF09AD66 		.ascii	"\317\011\255fLr\244\206g\215\036\331\275\323\022D#\274"
  76      4C72A486 
  76      678D1ED9 
  76      BDD31244 
  76      23BC
  77 00a2 54600C35 		.ascii	"T`\0145\\\36522}S\364\013K\000:\247\337\237__\333\241"
  77      5CF53232 
  77      7D53F40B 
  77      4B003AA7 
  77      DF9F5F5F 
  78 00b8 520D559C 		.ascii	"R\015U\234Z=\0337\2048\014\342\363\253\201'\007\252"
  78      5A3D1B37 
  78      84380CE2 
  78      F3AB8127 
  78      07AA
  79 00ca 47A50CCB 		.ascii	"G\245\014\313T~P\310\335\226\020\270\013\301x\030G%"
  79      547E50C8 
  79      DD9610B8 
  79      0BC17818 
  79      4725
  80 00dc EEA092F8 		.ascii	"\356\240\222\370\212p\017\325\252\374\323L\361j\205"
  80      8A700FD5 
  80      AAFCD34C 
  80      F16A85
  81 00eb 5B77F870 		.ascii	"[w\370p\037n\360>\265\212\224,\226ze*{\033\357\353\275"
  81      1F6EF03E 
  81      B58A942C 
  81      967A652A 
  81      7B1BEFEB 
  82 0100 CCCAE53A 		.ascii	"\314\312\345:7\352D}\\\251\214\\\026\232\332E\016\341"
  82      37EA447D 
  82      5CA98C5C 
  82      169ADA45 
ARM GAS  C:\Users\8FEE~1\AppData\Local\Temp\ccraqR1g.s 			page 6


  82      0EE1
  83 0112 85DCBB35 		.ascii	"\205\334\2735\267j\216\011\245n\250;\375\302P\352\204"
  83      B76A8E09 
  83      A56EA83B 
  83      FDC250EA 
  83      84
  84 0123 ADA8B0BC 		.ascii	"\255\250\260\274r\251\334B\254\213-VY\302\025\343\373"
  84      72A9DC42 
  84      AC8B2D56 
  84      59C215E3 
  84      FB
  85 0134 0996A1DE 		.ascii	"\011\226\241\336F\263\341I\303\234\220\316\223\033\223"
  85      46B3E149 
  85      C39C90CE 
  85      931B93
  86 0143 B070CDB6 		.ascii	"\260p\315\266\216)\230\224E\344\315\323\272\277\310"
  86      8E299894 
  86      45E4CDD3 
  86      BABFC8
  87 0152 8BD69571 		.ascii	"\213\326\225q\237BvC\303\264\302 %D\320\222_|\305\305"
  87      9F427643 
  87      C3B4C220 
  87      2544D092 
  87      5F7CC5C5 
  88 0166 78A1DFA5 		.ascii	"x\241\337\245\212\025r\"\361\355\255\021\372)=\2260"
  88      8A157222 
  88      F1EDAD11 
  88      FA293D96 
  88      30
  89 0177 46580861 		.ascii	"FX\010a\006!v\340\261;\364-\351\351\374\372\207[\206"
  89      062176E0 
  89      B13BF42D 
  89      E9E9FCFA 
  89      875B86
  90 018a EAD9AEDB 		.ascii	"\352\331\256\333k\353\316\014%\007u'\225\233\021\251"
  90      6BEBCE0C 
  90      25077527 
  90      959B11A9 
  91 019a F80BF3F9 		.ascii	"\370\013\363\371\327\336-+\361]\226\360\341!\317\364"
  91      D7DE2D2B 
  91      F15D96F0 
  91      E121CFF4 
  92 01aa C1969967 		.ascii	"\301\226\231g\321\334\234\233\315D\272\224\2312\314"
  92      D1DC9C9B 
  92      CD44BA94 
  92      9932CC
  93 01b9 DA66D440 		.ascii	"\332f\324@1\007s;A\031\010\217\270\313\026\260\376G"
  93      3107733B 
  93      4119088F 
  93      B8CB16B0 
  93      FE47
  94 01cb C0BFC13F 		.ascii	"\300\277\301?\266\3415\005?o\303\027\227\177D\341\300"
  94      B6E13505 
  94      3F6FC317 
  94      977F44E1 
  94      C0
  95 01dc 33C0A61F 		.ascii	"3\300\246\037\211\337\024\271\377\244X\260)\354_#iS"
ARM GAS  C:\Users\8FEE~1\AppData\Local\Temp\ccraqR1g.s 			page 7


  95      89DF14B9 
  95      FFA458B0 
  95      29EC5F23 
  95      6953
  96 01ee AC96BE64 		.ascii	"\254\226\276d*\034\212R\251d`\221\0337\020\216'\243"
  96      2A1C8A52 
  96      A9646091 
  96      1B37108E 
  96      27A3
  97 0200 B007AFA2 		.ascii	"\260\007\257\242\217-\363tY\330\241@\300t\276\346\226"
  97      8F2DF374 
  97      59D8A140 
  97      C074BEE6 
  97      96
  98 0211 D6D3AD6D 		.ascii	"\326\323\255m\035\265\373\367\231m\035f\313\251\240"
  98      1DB5FBF7 
  98      996D1D66 
  98      CBA9A0
  99 0220 D9DE76AE 		.ascii	"\331\336v\256\263\303<\321x|\357\036\263\241\341\210"
  99      B3C33CD1 
  99      787CEF1E 
  99      B3A1E188 
 100 0230 79F464E3 		.ascii	"y\364d\343\261\363\265\352\251\351\354\205\316\246`"
 100      B1F3B5EA 
 100      A9E9EC85 
 100      CEA660
 101 023f F04CA099 		.ascii	"\360L\240\231t>\266\377\002\321\333\014\210"
 101      743EB6FF 
 101      02D1DB0C 
 101      88
 102              		.text
 103              		.section	.gnu.lto_ext_lld_channel_enable.95615ae9,"",%progbits
 104 0000 789C9D57 		.ascii	"x\234\235Wyl\024e\024\377\336\314\354\314\336K9Z\002"
 104      796C1465 
 104      14FFDECC 
 104      ECCCDE4B 
 104      395A02
 105 0013 A5E5B02C 		.ascii	"\245\345\260,\320\320\315B@h41Q\023M01\221\030\3761"
 105      D0D0CD42 
 105      40683431 
 105      51134D30 
 105      319118FE 
 106 0028 04910422 		.ascii	"\004\221\004\"\026b\211\341?\206R\226K\245\212\234Z"
 106      166289E1 
 106      3F865296 
 106      4BA58A9C 
 106      5A
 107 0039 DA885C5A 		.ascii	"\332\210\\Z\312\215\264 \324\226k\021\212\205r\024\012"
 107      CA8DB420 
 107      D4966B11 
 107      8A857214 
 107      0A
 108 004a 72155D6C 		.ascii	"r\025]l\221\266\034-\322\255\357}\337\354\316\262\034"
 108      91B61C2D 
 108      D2ADEF7D 
 108      DFECCEB2 
 108      1C
ARM GAS  C:\Users\8FEE~1\AppData\Local\Temp\ccraqR1g.s 			page 8


 109 005b 66BB69DF 		.ascii	"f\273i\337\316\274\357\275\337\367\336\357\375\346\233"
 109      CEBCEFBD 
 109      DFF7DEEF 
 109      FDE69B
 110 006a D6C22436 		.ascii	"\326\302$6\305\303\330$\306X\011\376\202\207\201TP\315"
 110      C5C3D824 
 110      C65809FE 
 110      82878154 
 110      50CD
 111 007c D85CAB24 		.ascii	"\330\\\253$\311\013\275L\267+d\2352(\302\255H\356\375"
 111      C90BBD4C 
 111      B72B649D 
 111      3228C2AD 
 111      48EEFD
 112 008f 69E8B6D4 		.ascii	"i\350\266\324\372\320m\221T\036\244\361 \025\254\"H"
 112      FAD06D91 
 112      541EA4F1 
 112      2015AC22 
 112      48
 113 00a0 8B5C5825 		.ascii	"\213\\X%\033_\267\363u\0338\204\333\036\271pH\316\302"
 113      1B5FB7F3 
 113      751B3884 
 113      DB1EB970 
 113      48CEC2
 114 00b3 5771DDD5 		.ascii	"Wq\335\325\332\015\327\235\340\026nW\344\302\015@\027"
 114      DA0DD79D 
 114      E0166E57 
 114      E4C20D40 
 114      17
 115 00c4 BA15D81C 		.ascii	"\272\025\330\034IV,\252f\265\331\035N\227\033\346\300"
 115      49562CAA 
 115      66B5D91D 
 115      4E971BE6 
 115      C0
 116 00d5 5279A50C 		.ascii	"Ry\245\014\225\013n\225IC7\352\370\251XY`\017\350\363"
 116      950B6E95 
 116      494337EA 
 116      F8A95859 
 116      600FE8F3 
 117 00e9 7B17C98C 		.ascii	"{\027\311\214\255\306_\372\300F\030\212Q5\371\333\276"
 117      ADC65FFA 
 117      C046188A 
 117      5135F9DB 
 117      BE
 118 00fa 93BF948B 		.ascii	"\223\277\224\213d\000\005o\233O\256\271\341\246[\011"
 118      6400056F 
 118      9B4FAEB9 
 118      E1A65B09 
 119 010a FAE36D51 		.ascii	"\372\343mQ\240\351[Y~\035\030^\237/8\230\355]\257\353"
 119      A0E95B59 
 119      7E1D185E 
 119      9F2F3898 
 119      ED5DAFEB 
 120 011e 797AC5A1 		.ascii	"yz\305\241\345\262\376R\221,\303\217 #\036l\206T\330"
 120      E5B2FE52 
 120      912CC38F 
 120      20231E6C 
ARM GAS  C:\Users\8FEE~1\AppData\Local\Temp\ccraqR1g.s 			page 9


 120      8654D8
 121 0131 04A90C5D 		.ascii	"\004\251\014]\014~\002/F\227\324W]Q\345\267x\346\235"
 121      0C7E022F 
 121      4697D457 
 121      5D51E5B7 
 121      78E69D
 122 0144 130FCA6C 		.ascii	"\023\017\312lFj\375J\236\252@I|\252\302`\013x)\276a"
 122      466AFD4A 
 122      9EAA4049 
 122      7CAAC260 
 122      0B7829BE 
 123 0159 75E3224D 		.ascii	"u\343\"M~\227\347^\337|,,e\254\343\271\325\233z\177"
 123      7E97E75E 
 123      DF7C2C2C 
 123      65ACE3B9 
 123      D59B7A7F 
 124 016d 354F3FA6 		.ascii	"5O?\246+E\262\005J\237\314\247\017\205o\017/w\251\012"
 124      2B45B205 
 124      4A9FCCA7 
 124      0F856F0F 
 124      2F77A90A 
 125 0181 6C850CD1 		.ascii	"l\205\014\321)l\003\025\030\343\036\\\357\320\277Y\341"
 125      296C0315 
 125      18E31E5C 
 125      EFD0BF59 
 125      E1
 126 0192 96DFE7D0 		.ascii	"\226\337\347\320\355W;6X\014\350;\233RM\350\355OC\303"
 126      ED573B36 
 126      580CE83B 
 126      9B524DE8 
 126      ED4F43C3 
 127 01a6 0E9EDEB9 		.ascii	"\016\236\336\271a\333\"\253<\201\247\337\336\331\032"
 127      61DB22AB 
 127      3C81A7DF 
 127      DED91A
 128 01b5 8C54D632 		.ascii	"\214T\3262d\265^\221\337\237\222w>#y\027O\256\252\356"
 128      64B55E91 
 128      DF9F9277 
 128      3E237917 
 128      4FAEAAEE 
 129 01c9 DC6B973F 		.ascii	"\334k\227?\340\311\227\032\302\353\034F\362#3y\3673"
 129      E0C9971A 
 129      C2EB1C46 
 129      F2233379 
 129      F733
 130 01db 92F740C6 		.ascii	"\222\367@\306\326\323P\241\207;\027\350\025G\206|^u"
 130      D6D350A1 
 130      873B17E8 
 130      1547867C 
 130      5E75
 131 01ed AE4C7AC5 		.ascii	"\256Lz\305\002D\226\212\264\251\032\032\315\312\250"
 131      0244968A 
 131      B4A91A1A 
 131      CDCAA8
 132 01fc 413BAFD3 		.ascii	"A;\257\323A^'\031\027-\271\311xx\021\335\200\246\223"
 132      415E2719 
 132      172DB9C9 
ARM GAS  C:\Users\8FEE~1\AppData\Local\Temp\ccraqR1g.s 			page 10


 132      787811DD 
 132      80A693
 133 020f 840E6B77 		.ascii	"\204\016kwZ\357A\246'\231^|\237d\272L!\323\233L\037"
 133      5AEF41A6 
 133      27995E7C 
 133      9F64BA4C 
 133      21D39B4C 
 134 0224 327D299A 		.ascii	"2})\232\346\243\366#\223F&\235\314\0002\003\311\014"
 134      E6A3F623 
 134      9346269D 
 134      CC003203 
 134      C90C
 135 0236 22934166 		.ascii	"\"\223Af0\031/\231\241d\206\221\311$3\034\215-\213\256"
 135      30192F99 
 135      A1648691 
 135      C924331C 
 135      8D2D8BAE 
 136 024a 7C64FC64 		.ascii	"|d\374dF\220\031If\024\231\321d\306\220\031K&\233\014"
 136      46901949 
 136      661499D1 
 136      64C69019 
 136      4B269B0C 
 137 025e 638B7188 		.ascii	"c\213q\210\244\363%\262D\337r\010\346=\016\024\326\224"
 137      A4F325B2 
 137      44DF7208 
 137      E63D0E14 
 137      D694
 138 0270 4834D842 		.ascii	"H4\330B\031\177,H\347\262\037J\313\\$[\025\322\341g"
 138      197F2C48 
 138      E7B21F4A 
 138      CB5C245B 
 138      15D2E167 
 139 0284 640EC3EE 		.ascii	"d\016\303\356\006\332-\"H\203\314T\014Eg^\313\202\240"
 139      06DA2D22 
 139      4883CC54 
 139      0C45675E 
 139      CB82A0
 140 0297 2C9C56F4 		.ascii	",\234V\364\263\006\310\353\317\025\202\344\241\213\335"
 140      B306C8EB 
 140      CF1582E4 
 140      A18BDD
 141 02a6 84FC5355 		.ascii	"\204\374SU\26769E\010!\227lh\256\360\020\262\002\036"
 141      B7363945 
 141      0821976C 
 141      68AEF010 
 141      B2021E
 142 02b9 D86BCC64 		.ascii	"\330k\314d\011\352|\241\227ji\011\\\256\231\035\243"
 142      09EA7CA1 
 142      976A6909 
 142      5CAE991D 
 142      A3
 143 02ca 3BA49F88 		.ascii	";\244\237\210&2\271\364p~e\004e\027h\207;\037\0124\015"
 143      2632B9F4 
 143      707E6504 
 143      65176887 
 143      3B1F0A34 
 144 02df 24284734 		.ascii	"$(G4^\000FP\"F1\336^S\315UI\2449DZe\313\266\215N\321"
ARM GAS  C:\Users\8FEE~1\AppData\Local\Temp\ccraqR1g.s 			page 11


 144      5E004650 
 144      224631DE 
 144      5E53CD55 
 144      49A43944 
 145 02fa 9E0CFB44 		.ascii	"\236\014\373D{k\002u\016\021\344\304\270\330'Y\005\005"
 145      7B6B0275 
 145      0E11E4C4 
 145      B8D82759 
 145      0505
 146 030c F6473828 		.ascii	"\366G8(\323D\220\013#J[\356\225\252bw\017\374\002\310"
 146      D344900B 
 146      234A5BEE 
 146      95AA6277 
 146      0FFC02C8 
 147 0320 89933809 		.ascii	"\211\2238\011\007\352,\"\310\215q\202\245\220,<\036"
 147      07EA2C22 
 147      C88D7182 
 147      A5902C3C 
 147      1E
 148 0331 749A45EE 		.ascii	"t\232E\356\242\"=\024Q\036Z\332\340\026!I\210\274b~"
 148      A2223D14 
 148      511E5ADA 
 148      E0162149 
 148      88BC627E 
 149 0345 E5298D90 		.ascii	"\345)\215\220e\256\356\207G\217/t\026A\341\\<{P\327"
 149      65AEEE87 
 149      478F2F74 
 149      1641E15C 
 149      3C7B50D7 
 150 0359 D87C3738 		.ascii	"\330|78@\334\341\332\372\233y\245\232o\213.\226\254"
 150      40DCE1DA 
 150      FA9B79A5 
 150      9A6F8B2E 
 150      96AC
 151 036b 70108A60 		.ascii	"p\020\212`\025?\223\240\002|\034;\230#\220\273\307\""
 151      153F93A0 
 151      027C1C3B 
 151      982390BB 
 151      C722
 152 037d 5B9F422E 		.ascii	"[\237B..\225P#HQ\022\374j\200\257]\265\267\325\215\340"
 152      2E955023 
 152      485112FC 
 152      6A80AF5D 
 152      B5B7D58D 
 153 0392 051CDC09 		.ascii	"\005\034\334\011\225\034\034\304\331\020\0146\327J\376"
 153      951C1CC4 
 153      D9100C36 
 153      D74AFE
 154 03a1 ADB458FC 		.ascii	"\255\264X\374@*\222]P\005>$\3308:\216\346\335\257\267"
 154      402A925D 
 154      50053E24 
 154      D8383A8E 
 154      E6DDAFB7 
 155 03b5 88DCE272 		.ascii	"\210\334\342r\334\320\015\207\300\277\012e\207\225\035"
 155      DCD00D87 
 155      C0BF0A65 
 155      87951D
ARM GAS  C:\Users\8FEE~1\AppData\Local\Temp\ccraqR1g.s 			page 12


 156 03c4 E695E1B4 		.ascii	"\346\225\341\264\2778\323h\214\246\207\250/\312\272"
 156      BF38D368 
 156      8CA687A8 
 156      2FCABA
 157 03d3 86AC1F11 		.ascii	"\206\254\037\021\254?\016\200\210\351\211a\261\274\253"
 157      AC3F0E80 
 157      88E98961 
 157      B1BCAB
 158 03e2 C8FBD1C8 		.ascii	"\310\373\321\310d:jf\213\250^<\320i\322\274\207h\356"
 158      643A6A66 
 158      8BA85E3C 
 158      D069D2BC 
 158      8768EE
 159 03f5 85519507 		.ascii	"\205Q\225\007Bk\347'\213\250\344X2<\234\214-\371U\235"
 159      426BE727 
 159      8BA8E458 
 159      323C9C8C 
 159      2DF9559D 
 160 0409 1E71ABDF 		.ascii	"\036q\253\337\315\327\351\374\336q\353\353\305\216\010"
 160      CDD7E9FC 
 160      DE71EBEB 
 160      C58E08
 161 0418 3FDF133F 		.ascii	"?\337\023?\335 \210\247\3111\203\240\312\372\360\001"
 161      DD2088A7 
 161      C93183A0 
 161      CAFAF001 
 162 0428 1736993F 		.ascii	"\0276\231?\227\010J\202\343\234 Y0\260\363Z\353\003"
 162      97084A82 
 162      E39C2059 
 162      30B0F35A 
 162      EB03
 163 043a 0D09C2C5 		.ascii	"\015\011\302\305\342\353HPw\370\215\010\262\363\341"
 163      E2EB4850 
 163      77F88D08 
 163      B2F3E1
 164 0449 9C00BFE8 		.ascii	"\234\000\277\350-h\310.\205\253#\231\234m\201\240K8"
 164      2D68C82E 
 164      85AB2399 
 164      9C6D81A0 
 164      4B38
 165 045b 7BF37652 		.ascii	"{\363vR\250\366\025A\037\371\342\213\312\371\337\232"
 165      A8F61541 
 165      1FF9E28B 
 165      CAF9DF9A 
 166 046b 4E3EAFA6 		.ascii	"N>\257\246R\240\232\252\315\232N\201\037\267\344\017"
 166      52A09AAA 
 166      CD9A4E81 
 166      1FB7E40F 
 167 047b A4629E0E 		.ascii	"\244b\236\016Mg\213A<\300}\360\231\246\367I\343\325"
 167      4D678B41 
 167      3CC07DF0 
 167      99A6F749 
 167      E3D5
 168 048d 0B1EC13F 		.ascii	"\013\036\301?V\320\346\201\337qg|\324/U\035\212\004"
 168      56D0E681 
 168      DF71677C 
 168      D42F551D 
ARM GAS  C:\Users\8FEE~1\AppData\Local\Temp\ccraqR1g.s 			page 13


 168      8A04
 169 049f 62D4D6C6 		.ascii	"b\324\326\306\262v\343\014aP\023}\322-\254\326's\305"
 169      B276E30C 
 169      6150137D 
 169      D22DACD6 
 169      2773C5
 170 04b2 EF5BAF89 		.ascii	"\357[\257\211\350\276\011J\374\264)\3613\021\211O\020"
 170      E8BE094A 
 170      FCB429F1 
 170      3311894F 
 170      10
 171 04c3 50A9F19A 		.ascii	"P\251\361\232\336\003B\323}\237\253\351\332\347i:\014"
 171      DE0342D3 
 171      7D9FABE9 
 171      DAE7693A 
 171      0C
 172 04d4 A4E9B3CF 		.ascii	"\244\351\263\317\3234M\324\015\347\242\232>/4\3758\020"
 172      D3344DD4 
 172      0DE7A29A 
 172      3E2F34FD 
 172      3810
 173 04e6 72885AFA 		.ascii	"r\210Z\372\211rv\035:\032\260\012\036\000.\3043\325"
 173      8972761D 
 173      3A1AB00A 
 173      1E002EC4 
 173      33D5
 174 04f8 2F861A95 		.ascii	"/\206\032\225\335NAj*\313C\373\017\333\305rZ\254J{p"
 174      DD4E416A 
 174      2ACB43FB 
 174      0FDBC572 
 174      5AAC4A7B 
 175 050d 9556AFD8 		.ascii	"\225V\257\330\267L\021\267z\233P\351\303\275\367\352"
 175      B74C11B7 
 175      7A9B50E9 
 175      C3BDF7EA 
 176 051d 6C26793D 		.ascii	"l&y=\341\"\312\241\316\350\367\304\322\320n\225\344"
 176      E122CAA1 
 176      CEE8F7C4 
 176      D2D06E95 
 176      E4
 177 052e C0A77D89 		.ascii	"\300\247}\211w\253P\301\365\242\340\266\200QJ:?\304"
 177      77AB50C1 
 177      F5A2E0B6 
 177      80514A3A 
 177      3FC4
 178 0540 D3B8D66C 		.ascii	"\323\270\326l\344J\014\371\262\211|\2058K\347=i\221"
 178      E44A0CF9 
 178      B2897C85 
 178      384BE73D 
 178      6991
 179 0552 9E361F30 		.ascii	"\2366\0370\336\036\003\022\203\375\303\204\275*\206"
 179      DE1E0312 
 179      83FDC384 
 179      BD2A86
 180 0561 CDCF570E 		.ascii	"\315\317W\0165\220\3361\234\363\315\206g\020\342\243"
 180      3590DE31 
 180      9CF3CD86 
ARM GAS  C:\Users\8FEE~1\AppData\Local\Temp\ccraqR1g.s 			page 14


 180      6710E2A3 
 181 0571 BFAB3D5C 		.ascii	"\277\253=\\37\273N=\014\342=X\205dq\233\216\363m\306"
 181      3337BB4E 
 181      3D0CE23D 
 181      58856471 
 181      9B8EF36D 
 182 0586 8B32430C 		.ascii	"\2132C\0147\372\002R\361\005t#~\270\0311\303\265E\207"
 182      37FA0252 
 182      F1057423 
 182      7EB81931 
 182      C3B54587 
 183 059a 7B2C32DC 		.ascii	"{,2\334\301\211\025w\223\027GR\204\206\270\321y\371"
 183      C1891577 
 183      93174752 
 183      8486B8D1 
 183      79F9
 184 05ac E80677B5 		.ascii	"\350\006w\265\355[&\362\237\324\266\227Wl\217\216\356"
 184      ED5B26F2 
 184      9FD4B697 
 184      576C8F8E 
 184      EE
 185 05bd B8C1EED0 		.ascii	"\270\301\356\320\304`\3772aC\361\243\033\366\324\350"
 185      C460FF32 
 185      6143F1A3 
 185      1BF6D4E8 
 186 05cd 32111FFD 		.ascii	"2\021\037\375]\355\341\266\271\331\337\324C&\357\301"
 186      5DEDE1B6 
 186      B9D9DFD4 
 186      4326EFC1 
 187 05dd 113D6D4E 		.ascii	"\021=mN\342\301\317\367\031\236\370\021\321\370\342"
 187      E2C1CFF7 
 187      199EF811 
 187      D1F8E2
 188 05ec 23A2E945 		.ascii	"#\242\351EGD/\270CG\204J\205\375\203,<!\220\341\261"
 188      47442FB8 
 188      4347844A 
 188      85FD832C 
 188      3C2190E1 
 189 0601 8F77329E 		.ascii	"\217w2\236\223w\243zq\262-\031B/\325\353\015\275d%\306"
 189      9377A37A 
 189      71B22D19 
 189      422FD5EB 
 189      0DBD6425 
 190 0616 4833AF5A 		.ascii	"H3\257Z\243\215[\342\364\342\343z\311\352*\327\255&"
 190      A38D5BE2 
 190      F4E2E37A 
 190      C9EA2AD7 
 190      AD26
 191 0628 F23DEA9D 		.ascii	"\362=\352\235\300Q&\247\214I\372\023C\273\317\321\254"
 191      C05126A7 
 191      8C49FA13 
 191      43BBCFD1 
 191      AC
 192 0639 84F62022 		.ascii	"\204\366 \"\223\240\0015\"*\223\325\206g$\342\243\277"
 192      93A00135 
 192      222A93D5 
 192      866724E2 
ARM GAS  C:\Users\8FEE~1\AppData\Local\Temp\ccraqR1g.s 			page 15


 192      A3BF
 193 064b ABA53F34 		.ascii	"\253\245?47k\243\322Gr\262]l\243]H\375\242\261\315\250"
 193      376BA3D2 
 193      4772B25D 
 193      6CA35D48 
 193      FDA2B1CD 
 194 0660 C460DB4D 		.ascii	"\304`\333M\330Gq\\\217\346\\\217\352j\301\377\232\310"
 194      D847715C 
 194      8FE65C8F 
 194      EA6AC1FF 
 194      9AC8
 195 0672 8FA9E0D1 		.ascii	"\217\251\340\321\202\353KF\235c\022C\3530'\027\216\347"
 195      82EB4B46 
 195      9D631243 
 195      EB302717 
 195      8EE7
 196 0684 7AEC535C 		.ascii	"z\354S\\g#>\372\273Zz\247\271\231.a\351\331\234k7\377"
 196      67233EFA 
 196      BB5A7AA7 
 196      B9992E61 
 196      E9D99C6B 
 197 069a CBA20924 		.ascii	"\313\242\011$\361\177\363b|\256\320\201w\257ee\371\304"
 197      F17FF362 
 197      7CAED081 
 197      77AF6565 
 197      F9C4
 198 06ac CFE4A9D3 		.ascii	"\317\344\251\323>\2346#\327\377\362h\337\214\\\337\324"
 198      3E9C3623 
 198      D7FFF268 
 198      DF8C5CDF 
 198      D4
 199 06bd 49D37D33 		.ascii	"I\323}3g|:+\327\367\336\370wF\216\360\215\033\367\206"
 199      677C3A2B 
 199      D7F7DEF8 
 199      77468EF0 
 199      8D1BF786 
 200 06d1 EFCD09E3 		.ascii	"\357\315\011\343\337\376\314OK\023\247\314\2365q\372"
 200      DFFECC4F 
 200      4B13A7CC 
 200      9E3571FA 
 201 06e1 F48FB226 		.ascii	"\364\217\262&3\005/gj\223\247N\312\311\2312\3352\371"
 201      33052F67 
 201      6A93A74E 
 201      CAC99932 
 201      DD32F9
 202 06f4 9349B91F 		.ascii	"\223I\271\037C\216B_\012\345\377\007\371\271\007\325"
 202      438E425F 
 202      0AE5FF07 
 202      F9B907D5 
 203              		.text
 204              		.section	.gnu.lto_ext_lld_start.95615ae9,"",%progbits
 205 0000 789C9D96 		.ascii	"x\234\235\226kL\\E\024\307\347\334\331\275\367\356\335"
 205      6B4C5C45 
 205      14C7E7DC 
 205      D9BDF7EE 
 205      DD
 206 0011 65793F43 		.ascii	"ey?C\"\037$Mc\302\006_$~2Q\023M\312\247\366\203\361"
ARM GAS  C:\Users\8FEE~1\AppData\Local\Temp\ccraqR1g.s 			page 16


 206      221F244D 
 206      63C2065F 
 206      247E3251 
 206      134DCAA7 
 207 0028 4B835803 		.ascii	"K\203X\003\021\241\221\306\370\215\313\333\226\264E"
 207      11A191C6 
 207      F88DCBDB 
 207      96B445
 208 0037 8994A5C5 		.ascii	"\211\224\245\305\335D\033DyV\241,\217\262\205Z\240\345"
 208      DD441B44 
 208      7956A12C 
 208      8FB2855A 
 208      A0E5
 209 0049 615BB416 		.ascii	"a[\264\026\3204\005T\"UK\241\255\021\321sf.\010-\037"
 209      D0340554 
 209      22554BA1 
 209      AD11D173 
 209      662E082D 
 210 005e 901B38CC 		.ascii	"\220\0338\314\2359\363\233\3779sf.v\246\260k:c\2571"
 210      9D39F39B 
 210      FF397366 
 210      2E76A6B0 
 210      6B3A63AF 
 211 0073 C62AF017 		.ascii	"\306*\360\027\\\014\224\3121\306\012uE\341S\0063\015"
 211      5C0C94CA 
 211      31C60A75 
 211      45E15306 
 211      330D
 212 0085 47FB0063 		.ascii	"G\373\000c\246\213\203C\366;\300I\015\260+\352D\014"
 212      A68B8343 
 212      F63BC049 
 212      0DB02BEA 
 212      440C
 213 0097 8E6B3D69 		.ascii	"\216k=i8\254\202.\207\265\265\206.\375\316\353N\305"
 213      38AC822E 
 213      87B5B586 
 213      2EFDCEEB 
 213      4EC5
 214 00a9 6E5E4684 		.ascii	"n^F\204aTr\3644\000\250\337\324\201\025(\334aW5\335"
 214      615472F4 
 214      3400A8DF 
 214      D4811528 
 214      DC615735 
 215 00be 694081E2 		.ascii	"i@\201\342d\020\264A\2340\250\204\035\347'8\364\227"
 215      6410B441 
 215      9C30A884 
 215      1DE72738 
 215      F497
 216 00d0 FF145076 		.ascii	"\377\024Pv\327\233\370\004OL\252efi\234\2173\346\345"
 216      D79BF804 
 216      4F4CAA65 
 216      66699C8F 
 216      33E6E5
 217 00e3 4C3C500F 		.ascii	"L<P\017\273\321\353JI\353)~\214\3738\200\015_\357\214"
 217      BBD1EB4A 
 217      49EB297E 
 217      8CFB3880 
ARM GAS  C:\Users\8FEE~1\AppData\Local\Temp\ccraqR1g.s 			page 17


 217      0D5FEF8C 
 218 00f7 D6CEB8E9 		.ascii	"\326\316\270\351U\201$|\365\225\335>\311\371\013\300"
 218      5581247C 
 218      F595DD3E 
 218      C9F90BC0 
 219 0107 B07DBDB2 		.ascii	"\260}\275\262\357\271]\247M\263\310\014\256Tq\363q\037"
 219      EFB95DA7 
 219      4DB3C80C 
 219      AE5471F3 
 219      711F
 220 0119 E7F03970 		.ascii	"\347\3609p\344A\003$\302g\220\310\260\213\301\027\260"
 220      E4410324 
 220      C26790C8 
 220      B08BC117 
 220      B0
 221 012a 8BDC4FAE 		.ascii	"\213\334O\256.\226\001\177YL\365\327\335\274\027\232"
 221      2E96017F 
 221      594CF5D7 
 221      DDBC179A 
 222 013a FC89987B 		.ascii	"\374\211\230{\2576\354\303bs\310\264\371\270\015\032"
 222      AF36ECC3 
 222      6273C8B4 
 222      F9B80D1A 
 223 014a 37CFA707 		.ascii	"7\317\247\007\335o\265\255~\024\242\332\240\011\222"
 223      DD6FB5AD 
 223      7E14A2DA 
 223      A00992
 224 0159 A55C6806 		.ascii	"\245\\h\006\025\030S\250\007\307\347\274\013\2075\236"
 224      151853A8 
 224      07C7E7BC 
 224      0B87359E 
 225 0169 2ED0B71A 		.ascii	".\320\267\032\206V\025\013\375[W\334\007\026\332\016"
 225      8656150B 
 225      FD5B57DC 
 225      0716DA0E 
 226 0179 2D8FA2A1 		.ascii	"-\217\242\241\025\222[\256B\320\\\375\247\034\275\023"
 226      15925BAE 
 226      42D05CFD 
 226      A71CBD13 
 227 0189 469766C3 		.ascii	"F\227f\303\223\200\021U\021V\005R\257a\034\252\201F"
 227      93801155 
 227      11560552 
 227      AF611CAA 
 227      8146
 228 019b 73A2D15D 		.ascii	"s\242\321]d\334b<\224\232ah\034\341\002\026A\357\221"
 228      64DC623C 
 228      949A6168 
 228      1CE10216 
 228      41EF91
 229 01ae 64A2C844 		.ascii	"d\242\310D\223\211!\023K&\216L<\231\0042\214\035\301"
 229      93892113 
 229      4B268E4C 
 229      3C990432 
 229      8C1DC1
 230 01c1 58701F2B 		.ascii	"Xp\037+\270\202\177\370<\024u\315w\316\250\024\\\035"
 230      B8827FF8 
 230      3C1475CD 
ARM GAS  C:\Users\8FEE~1\AppData\Local\Temp\ccraqR1g.s 			page 18


 230      77CEA814 
 230      5C1D
 231 01d3 D73096EA 		.ascii	"\3270\226\352\322\376q\215\222\317Eh\367\007/\275\357"
 231      D2FE718D 
 231      92CF4568 
 231      F7072FBD 
 231      EF
 232 01e4 F2415D21 		.ascii	"\362A]!\356`\222\217\033u\\\2056\012\005\307N\317\026"
 232      EE60928F 
 232      1B755C85 
 232      360A05C7 
 232      4ECF16
 233 01f7 356B9E26 		.ascii	"5k\236&S\0169\341\014\370\240F\354,|\011\0366\013%\223"
 233      530E39E1 
 233      0CF8A046 
 233      EC2C7C09 
 233      1E360B25 
 234 020c 034FFF47 		.ascii	"\003O\377Gn/\037i3\210\354\004\200\257\254tT\340n\245"
 234      6E2F1F69 
 234      3388EC04 
 234      80AFAC74 
 234      54E06EA5 
 235 0220 F15FA1D8 		.ascii	"\361_\241\330\377\363Q;\371\0228\020X\230\322\012\376"
 235      FFF3513B 
 235      F9123810 
 235      5898D20A 
 235      FE
 236 0231 36751F77 		.ascii	"6u\037wyQ\007\203v(@\371!b\202\203\204\263eP6\252\265"
 236      79510783 
 236      762840F9 
 236      21628283 
 236      84B36550 
 237 0248 610A3B20 		.ascii	"a\012; \221\327\376\376\013PCQ\320\323\316\260pE\214"
 237      91D7FEFE 
 237      0B504351 
 237      D0D3CEB0 
 237      70458C
 238 025b 0DBD5C0A 		.ascii	"\015\275\\\0121\376WL\032\234\0251\001\305\324\2111"
 238      31FE574C 
 238      1A9C1531 
 238      01C5D489 
 238      31
 239 026c 116B385D 		.ascii	"\021k8]\242\234\033\327\327\036\311\226\277\003P\262"
 239      A29C1BD7 
 239      D71EC996 
 239      BF0350B2 
 240 027c 1B978480 		.ascii	"\033\227\204\200\005\377\270\246\363\256\033\341\225"
 240      05FFB8A6 
 240      F3AE1BE1 
 240      95
 241 0289 021E0A5D 		.ascii	"\002\036\012]\002\256\310\202\033\036\2763\241\244\266"
 241      02AEC882 
 241      1B1EBE33 
 241      A1A4B6
 242 0298 D0A07F15 		.ascii	"\320\240\177\025|<\014\272\301S'\226\246\341\301\242"
 242      7C3C0CBA 
 242      C1532796 
ARM GAS  C:\Users\8FEE~1\AppData\Local\Temp\ccraqR1g.s 			page 19


 242      A6E1C1A2 
 243 02a8 E569BB9C 		.ascii	"\345i\273\234\353\357P|<\034z \265\206\213\312\354\025"
 243      EBEF507C 
 243      3C1C7A20 
 243      B5868BCA 
 243      EC15
 244 02ba CA8A57CA 		.ascii	"\312\212W\312\002N)\315%\325\255\237+\035lp\016E\340"
 244      024E29CD 
 244      25D5AD9F 
 244      2B1D6C70 
 244      0E45E0
 245 02cd 964C0D5C 		.ascii	"\226L\015\\\000\313\011=Z\026\002\177\206H\017\006}"
 245      00CB093D 
 245      5A16027F 
 245      86480F06 
 245      7D
 246 02de EB7BA2B2 		.ascii	"\353{\242\262\233\321\270)\245\376\277\216j[lJ\204\227"
 246      9BD1B829 
 246      A5FEBF8E 
 246      6A5B6C4A 
 246      8497
 247 02f0 44431037 		.ascii	"DC\0207\005s\207\032}<R\314\323\230\377\031>\007\012"
 247      0573871A 
 247      7D3C52CC 
 247      D398FF19 
 247      3E070A
 248 0303 F9CFF4CF 		.ascii	"\371\317\364\317,\361\265CQ\353\362\232\301\222\244"
 248      2CF1B543 
 248      51EBF29A 
 248      C192A4
 249 0312 2D8EAB28 		.ascii	"-\216\253(\227\363\220\214 f\315l\234\036\370Q\345{"
 249      97F3908C 
 249      2066CD6C 
 249      9C1EF851 
 249      E57B
 250 0324 4546EF9E 		.ascii	"EF\357\236\351~\260vj\207\300:\261\375[ \006\010\001"
 250      E97EB076 
 250      6A87C03A 
 250      B1FD5B20 
 250      060801
 251 0337 320D3F2C 		.ascii	"2\015?,7*\353G\270D\\>\027O\271\311\205V\022'\331\213"
 251      372AEB47 
 251      B8445C3E 
 251      174FB9C9 
 251      85561227 
 252 034d 99DB70CA 		.ascii	"\231\333p\312[\251\373\002\006\312\340k\312M(\262p\270"
 252      5BA9FB02 
 252      06CAE06B 
 252      CA4D28B2 
 252      70B8
 253 035f EAD3E680 		.ascii	"\352\323\346\200\225\236\307\340\".\205\370?\020\337"
 253      959EC7E0 
 253      222E85F8 
 253      3F10DF
 254 036e 03D22D0C 		.ascii	"\003\322-\014\236HDg*\213\305\362a.;\303\261\037C)J"
 254      9E484467 
 254      2A8BC5F2 
ARM GAS  C:\Users\8FEE~1\AppData\Local\Temp\ccraqR1g.s 			page 20


 254      612E3BC3 
 254      B11F4329 
 255 0383 A2572263 		.ascii	"\242W\"c\027z\364w\315\367\224\033\322%bc\351D\211@"
 255      177AF477 
 255      CDF7941B 
 255      D2256263 
 255      E9448940 
 256 0397 C7AABBAB 		.ascii	"\307\252\273\253l\362\325|Pb\322=x\277s\351\206\003"
 256      6CF2D57C 
 256      5062D23D 
 256      78BF73E9 
 256      8603
 257 03a9 AB09D31B 		.ascii	"\253\011\323\033\015C\030\354\240UG#\307\347\333U\254"
 257      0D4318EC 
 257      A0554723 
 257      C7E7DB55 
 257      AC
 258 03ba 85121C89 		.ascii	"\205\022\034\211\201aQE6\251\037.\311*]-\013\330\345"
 258      81615145 
 258      36A91F2E 
 258      C92A5D2D 
 258      0BD8E5
 259 03cd 5A917279 		.ascii	"Z\221ryL\313a\253'\012\005`?i\252vP\327\366\327\272"
 259      4CCB61AB 
 259      270A0560 
 259      3F69AA76 
 259      50D7F6D7 
 260 03e2 BC69AD11 		.ascii	"\274i\255\021*\320(\021[C\257&\341\321\333\207\215\012"
 260      2AD02811 
 260      5B43AF26 
 260      E1D1DB87 
 260      8D0A
 261 03f4 98DD828D 		.ascii	"\230\335\202\215\255\025\261\225\333\030!=z'*\3077\201"
 261      AD15B195 
 261      DB18213D 
 261      7A272AC7 
 261      3781
 262 0406 BF219531 		.ascii	"\277!\2251R\3459Ke\354\366aW\004L\265`W\037R\031'T\306"
 262      52E5394B 
 262      65ECF661 
 262      57044CB5 
 262      60571F52 
 263 041e EE44E5B5 		.ascii	"\356D\345\265M\340\011R\031'U\366Y*\343\267\017\373"
 263      4DE00952 
 263      192755F6 
 263      592AE3B7 
 263      0FFB
 264 0430 56C0340B 		.ascii	"V\3004\013\366\335C*\023\204\312\370\235\250\274\276"
 264      F6DD432A 
 264      1384CAF8 
 264      9DA8BCBE 
 265 0440 09FC3DA9 		.ascii	"\011\374=\251L\020\234\371\241zc\333\250B\323\377&\321"
 265      4C109CF9 
 265      A17A63DB 
 265      A842D3FF 
 265      26D1
 266 0452 6E089A6E 		.ascii	"n\010\232n\321&\211\026.n\016\335\272\252\213\253\313"
ARM GAS  C:\Users\8FEE~1\AppData\Local\Temp\ccraqR1g.s 			page 21


 266      D1268916 
 266      2E6E0EDD 
 266      BAAA8BAB 
 266      CB
 267 0463 46CFAE28 		.ascii	"F\317\256(\362\206r\313S\270\376\341\260\341\207c\012"
 267      F28672CB 
 267      53B8FEE1 
 267      B0E18763 
 267      0A
 268 0474 D1E270D1 		.ascii	"\321\342p\321\347\270\211\016\227[\000\234\014\377+"
 268      E7B8890E 
 268      975B009C 
 268      0CFF2B
 269 0483 01BA4164 		.ascii	"\001\272Ad/\320e7>\220(I\204\231\361\316u9%&\026\246"
 269      2FD06537 
 269      3E902849 
 269      8499F1CE 
 269      75392526 
 270 0499 E5BDB10C 		.ascii	"\345\275\261\014P\307\025\007^cn}1\0261\006}\\nC\221"
 270      50C71507 
 270      5E636E7D 
 270      31163106 
 270      7D5C6E43 
 271 04ae BFFE98B8 		.ascii	"\277\376\230\270&\305\345r\004i\225t\345=\237\222\342"
 271      26C5E572 
 271      04699574 
 271      E53D9F92 
 271      E2
 272 04bf 913F9959 		.ascii	"\221?\231Y\331\257g\347\345\247\246=\353\311\313\367"
 272      D9AF67E7 
 272      E5A7A63D 
 272      EBC9CBF7 
 273 04cf 6465E478 		.ascii	"de\344x\016\346\275s(\337\263w_\372SOz\366\354y\321"
 273      0EE6BD73 
 273      28DFB377 
 273      5FFA534F 
 273      7AF6EC79 
 274 04e4 F3D2ABFB 		.ascii	"\363\322\253\373^y7\225\206\366\037x\357\320\376\234"
 274      5E793795 
 274      86F61F78 
 274      EFD0FE9C 
 275 04f4 9C375232 		.ascii	"\2347R2\231\015\233\007m9\331\271\007\354\231og\344"
 275      990D9B07 
 275      6D39D9B9 
 275      07EC996F 
 275      67E4
 276 0506 BFA56566 		.ascii	"\277\245efe\344\346\036\310\371\027\334'\330\322"
 276      65E4E61E 
 276      C8F917DC 
 276      27D8D2
 277              		.text
 278              		.section	.gnu.lto_ext_lld_channel_disable.95615ae9,"",%progbits
 279 0000 789C9D94 		.ascii	"x\234\235\224]H\024Q\024\307\357\231;;\263\273\262\213"
 279      5D481451 
 279      14C7EF99 
 279      3B3BB3BB 
 279      B28B
ARM GAS  C:\Users\8FEE~1\AppData\Local\Temp\ccraqR1g.s 			page 22


 280 0012 420F8242 		.ascii	"B\017\202B>$\"\201\203\005\005>\005\025\024\030\004"
 280      3E242281 
 280      8305053E 
 280      05151418 
 280      04
 281 0023 19F426B6 		.ascii	"\031\364&\266\031J\233J+\321\233\327Uw\321(\015Q\263"
 281      194A9B4A 
 281      2BD19BD7 
 281      5577D128 
 281      0D51B3
 282 0036 B2112A6C 		.ascii	"\262\021*l\313\317\312r\375\334\326\002\0033\352\245"
 282      CBCFCA72 
 282      FDDCD602 
 282      0333EAA5 
 283 0046 82F2A152 		.ascii	"\202\362\241RXH\373\240O\210\255s\356,,I=\254\227\231"
 283      5848FBA0 
 283      4F88AD73 
 283      EE2C2C49 
 283      3DAC9799 
 284 005a 33F79E39 		.ascii	"3\367\2369\347\177~\367\314\207\215),\313\306\330A\306"
 284      E77F7EF7 
 284      CC878D29 
 284      2CCBC6D8 
 284      41C6
 285 006c 58169EC0 		.ascii	"X\026\236\300\031(m\013\214\325\333\025\000\232\010"
 285      19286D0B 
 285      8CD5DB15 
 285      009A08
 286 007b 3BB03A05 		.ascii	";\260:\005\352\240\225wq\210\006\227\303J~\237\300\021"
 286      EAA09577 
 286      71880697 
 286      C34A7E9F 
 286      C011
 287 008d E97AE10E 		.ascii	"\351z\341\016\210\246L\2233\326\215'\015\350\203|\214"
 287      88A64C93 
 287      33D68D27 
 287      0DE8837C 
 287      8C
 288 009e 7ADA387C 		.ascii	"z\3328|\211\237\345&\007Pq\371\351\361\205\267nZ*\220"
 288      899FE526 
 288      075071F9 
 288      E9F185B7 
 288      6E5A2A90 
 289 00b2 834B33B0 		.ascii	"\203K3\260r\221\363\235\300p\376\274m\246(\357\232\020"
 289      7291F39D 
 289      C070FEBC 
 289      6DA628EF 
 289      9A10
 290 00c4 7E1199EF 		.ascii	"~\021\231\357\340b\223\3119\334\000\216z\020\202l\270"
 290      E06293C9 
 290      39DC008E 
 290      7A10826C 
 290      B8
 291 00d5 0ED90C5D 		.ascii	"\016\331\014]\014nB\036F\367\277\232]\324\370\036\231"
 291      0C6E421E 
 291      46F7BF9A 
 291      5DD4F81E 
ARM GAS  C:\Users\8FEE~1\AppData\Local\Temp\ccraqR1g.s 			page 23


 291      99
 292 00e6 B93AFF2D 		.ascii	"\271:\377-\354H\244\276\353\222\251*\364\257MU\031\014"
 292      EC48A4BE 
 292      EB92A92A 
 292      F4AF4D55 
 292      190C
 293 00f8 401EC52F 		.ascii	"@\036\305/u\277o\326\371~\231\373&4\027Wr\257\310\334"
 293      75BF6FD6 
 293      F97E99FB 
 293      26341757 
 293      72AFC8DC 
 294 010c D5F1CC73 		.ascii	"\325\361\314s\015bN\250&\267\301\340\337\3714(|$\336"
 294      0D624EA8 
 294      26B7C1E0 
 294      DFF93428 
 294      7C24DE
 295 011f E1D25418 		.ascii	"\341\322T\030\202\\k\2470\014\032\340\205<C\317 \"\342"
 295      825C6BA7 
 295      300C1AE0 
 295      853C43CF 
 295      2022E2
 296 0132 BF8322B2 		.ascii	"\277\203\"\262\\tfvqJ\331\000@5\025\254\256q4:2`\234"
 296      5C746676 
 296      714AD900 
 296      403515AC 
 296      AE71343A 
 297 0149 466B9D8C 		.ascii	"Fk\235\214\235\214\223L\032\031\027\0317\231t2\031d"
 297      9D8C934C 
 297      1A191719 
 297      37997432 
 297      1964
 298 015b 186BC13A 		.ascii	"\030k\301:\324\376\323\\\241+\217A\303\257\300\353\257"
 298      D4FED35C 
 298      A12B8F41 
 298      C3AFC0EB 
 298      AF
 299 016c FD0AD5EE 		.ascii	"\375\012\325\356\341J\017\007$k\277:\030vQg5\330\010"
 299      E14A0F07 
 299      246BBF3A 
 299      18765167 
 299      35D808
 300 017f 23488C61 		.ascii	"#H\214a\037\003?mV\020\207\315\331\030\212N\377\347"
 300      1F033F6D 
 300      561087CD 
 300      D9188A4E 
 300      FFE7
 301 0191 E0236E39 		.ascii	"\340#n9U\364\263%\360\347\310M \030\2720\":\036\233"
 301      55F4B325 
 301      F0E7C84D 
 301      2018BA30 
 301      223A1E9B 
 302 01a5 0C3AAD10 		.ascii	"\014:\255\020\015\225;\233\242OtR\266\313\216-tN\264"
 302      0D953B9B 
 302      A24F7452 
 302      B6CB8E2D 
 302      744EB4
 303 01b8 ABD652FC 		.ascii	"\253\326R\374h\024\364T\277\217}y\3510\241\247\036\337"
ARM GAS  C:\Users\8FEE~1\AppData\Local\Temp\ccraqR1g.s 			page 24


 303      6814F454 
 303      BF8F7D79 
 303      E930A1A7 
 303      1EDF
 304 01ca 851C933B 		.ascii	"\205\034\223;\3406v\355\026u\015o\316\267\306F5c@4\202"
 304      E03676ED 
 304      16750D6F 
 304      CEB7C646 
 304      35634034 
 305 01df C99D7007 		.ascii	"\311\235p\007L8/_\021\030\005\203x\342\201p\002R\267"
 305      4C382F5F 
 305      11180583 
 305      78E28170 
 305      0252B7
 306 01f2 EAE3EE9A 		.ascii	"\352\343\356\232\023\036;\022\240\237\240:\035\344J"
 306      131E3B12 
 306      A09FA03A 
 306      1DE44A
 307 0201 ADD8DD64 		.ascii	"\255\330\335d\261{`\240\234\334]hJ\267\324\235\251\251"
 307      B17B60A0 
 307      9CDC5D68 
 307      4AB7D49D 
 307      A9A9
 308 0213 8D493520 		.ascii	"\215I5 \265\260DGP\260\224\322$\274s\275\234\343I\345"
 308      B5B04447 
 308      50B094D2 
 308      24BC73BD 
 308      9CE349E5 
 309 0227 09E24CB3 		.ascii	"\011\342L\2638\247\023\234\256\324\324&\245\232BjSk"
 309      38A7139C 
 309      AED4D426 
 309      A59A426A 
 309      536B
 310 0239 38DD92D3 		.ascii	"8\335\222\323\265^\316\351\244\362\014q\272-\316\231"
 310      B55ECEE9 
 310      A4F20C71 
 310      BA2DCE99 
 311 0249 04677A6A 		.ascii	"\004gzjj\021\251&?\242\373k83$g\372z9\243I\345Y\342"
 311      6A11A926 
 311      3FA2FB6B 
 311      38332467 
 311      FA7A39A3 
 312 0261 CC9042B1 		.ascii	"\314\220B\261\271>\347?\264z\217\262\377\252\325S%'"
 312      B93EE73F 
 312      B47A8FB2 
 312      FFAAD553 
 312      2527
 313 0273 3C907A2A 		.ascii	"<\220z*\351=$=\225\255\200\277\367\303eI+\177\015-\370"
 313      E93D243D 
 313      95AD80BF 
 313      F7C36549 
 313      2B7F0D2D 
 314 0288 F4F0DBC4 		.ascii	"\364\360\333\304\326\354((0\254\303SQy\270\262\332W"
 314      D6EC2828 
 314      30ACC353 
 314      5179B8B2 
 314      DA57
ARM GAS  C:\Users\8FEE~1\AppData\Local\Temp\ccraqR1g.s 			page 25


 315 029a B87D9B51 		.ascii	"\270}\233Q\3553*\312\274FM\365\211Z\237q\240d\337\326"
 315      ED332ACA 
 315      BC464DF5 
 315      895A9F71 
 315      A064DFD6 
 316 02ae 2D4671F1 		.ascii	"-Fq\361.c\367\241\222\275'\013\351Vi\371\251\332R\257"
 316      2E63F7A1 
 316      92BD270B 
 316      E95669F9 
 316      A9DA52AF 
 317 02c2 F7488187 		.ascii	"\367H\201\207\2518\255\321=\025eUU\345^\233\347x\231"
 317      A938ADD1 
 317      3D156555 
 317      55E55E9B 
 317      E77899
 318 02d5 EFD81F14 		.ascii	"\357\330\037\024\016\256/"
 318      0EAE2F
 319              		.text
 320              		.section	.gnu.lto_.symbol_nodes.95615ae9,"",%progbits
 321 0000 789C55C9 		.ascii	"x\234U\311\273\015\0021\024D\321\353y\366.\005\020\022"
 321      BB0D0231 
 321      1444D1EB 
 321      79F62E05 
 321      1012
 322 0012 510954F6 		.ascii	"Q\011T\366LBL\001|\227\355\001\011Q\003\025\020\020"
 322      4C424C01 
 322      7C97ED01 
 322      09510315 
 322      1010
 323 0024 B8046284 		.ascii	"\270\004b\204!\302\223\214tnB\\\250\323N\016\233;\324"
 323      21C2938C 
 323      746E425C 
 323      A8D34E0E 
 323      9B3BD4
 324 0037 BBE625A4 		.ascii	"\273\346%\244\255X\315\277\351 \017M\322Q\256V\366r"
 324      AD58CDBF 
 324      E9200F4D 
 324      D251AE56 
 324      F672
 325 0049 6BE5248F 		.ascii	"k\345$\217\215\204A\236~\0029/*\214\362\256\201\263"
 325      8D84419E 
 325      7E02392F 
 325      2A8CF2AE 
 325      81B3
 326 005b BCFF07A3 		.ascii	"\274\377\007\243c|\276\203\251\247\334f\026'\2242\265"
 326      637CBE83 
 326      A9A7DC66 
 326      16279432 
 326      B5
 327 006c 680CEBD7 		.ascii	"h\014\353\327\303\370\000\363\020-\020"
 327      C3F800F3 
 327      102D10
 328              		.text
 329              		.section	.gnu.lto_.refs.95615ae9,"",%progbits
 330 0000 789C6365 		.ascii	"x\234ce`b`c```d`bdd\000\000\000\273\000\023"
 330      60626063 
 330      60606064 
ARM GAS  C:\Users\8FEE~1\AppData\Local\Temp\ccraqR1g.s 			page 26


 330      60626464 
 330      000000BB 
 331              		.text
 332              		.section	.gnu.lto_.decls.95615ae9,"",%progbits
 333 0000 789CBD57 		.ascii	"x\234\275WyPTG\032\177\375\372\001\3030\0025X\312\032"
 333      79505447 
 333      1A7FFDFA 
 333      01C33002 
 333      3558CA1A 
 334 0014 92502E59 		.ascii	"\222P.Yg\217\210hU\334\315nme\0271KUH( \356n\025\265"
 334      678F8868 
 334      55DCCD6E 
 334      6D651731 
 334      4B554828 
 335 002d 531C639C 		.ascii	"S\034c\234]\016\303\214Y\263\265\177<.\345HD!\022 \240"
 335      5D0EC38C 
 335      59B3B57F 
 335      3C2EE548 
 335      44211220 
 336 0042 285E1C0A 		.ascii	"(^\034\012\250\\^AT@\243F0\021E\271\025\317\240\202"
 336      A85C5E41 
 336      5440A346 
 336      301145B9 
 336      15CFA082 
 337 0056 E1F062BF 		.ascii	"\341\360b\277\356~\217y\2143\321T\252\366\325|\363\272"
 337      EE7E8F79 
 337      8C33D154 
 337      AAF6D57C 
 337      F3BA
 338 0068 5FFFFAF7 		.ascii	"_\377\372\367\375\372\353\376\372\365s\340x.\303\203"
 338      FDFAEBFE 
 338      FAF573E0 
 338      782EC383 
 339 0078 E34E608E 		.ascii	"\343N`\216\333\317s\334$\\\216\034\307\355\006\203G"
 339      DBCF73DC 
 339      245C8E1C 
 339      C7ED0683 
 339      47
 340 0089 DC25B03A 		.ascii	"\334%\260:\2603\034\273T`#`c`\023`\217\300\236\200M"
 340      B0331CBB 
 340      54602360 
 340      63601360 
 340      8FC09E80 
 341 009e 8221047D 		.ascii	"\202!\004}\300\340\3079 n\332u\035\352\016p_\006\346"
 341      C0E0C739 
 341      206EDA75 
 341      1DEA0E70 
 341      5F06E6
 342 00b1 88186F27 		.ascii	"\210\030o'\330\250\324\316K\274\224\307F\377\273P\327"
 342      D8A8D4CE 
 342      4BBC94C7 
 342      46FFBB50 
 342      D7
 343 00c2 48FDB560 		.ascii	"H\375\265`3%m5\022\017\321\350\004\230a\270\277\014"
 343      33256D35 
 343      120FD1E8 
 343      049861B8 
ARM GAS  C:\Users\8FEE~1\AppData\Local\Temp\ccraqR1g.s 			page 27


 343      BF0C
 344 00d4 F797C0D4 		.ascii	"\367\227\300\324`\002\324\273H\037({\200\315F\314\327"
 344      6002D4BB 
 344      481F287B 
 344      80CD46CC 
 344      D7
 345 00e5 98A4D7FA 		.ascii	"\230\244\327\372\032!\030\033~\310\370O\202\315\003"
 345      1A21181B 
 345      7EC8F84F 
 345      82CD03
 346 00f4 0B06EB01 		.ascii	"\013\006\353\001\273 \371\356\005{\025\372\275\002\346"
 346      BB20F9EE 
 346      057B15FA 
 346      BD02E6
 347 0103 0DF626D8 		.ascii	"\015\366&\330o\301~)i\220\365\374\036\354\017`\316\200"
 347      6FC17E29 
 347      6990F5FC 
 347      1EEC0F60 
 347      CE80
 348 0115 BF0CD607 		.ascii	"\277\014\326\007v\003\314\027\236\375\014l\026\330 "
 348      7603CC17 
 348      9EFD0C6C 
 348      16D820
 349 0124 C7746AA5 		.ascii	"\307tj\2458N<+\221\033{\216\306\032I\237\254\325:>\326"
 349      384E3C2B 
 349      911B7B8E 
 349      C61A499F 
 349      ACD53A3E 
 350 0139 7AC9383A 		.ascii	"z\3118:\254\342\346,\305M\251S\326%k\235-\305\227\254"
 350      ACE2E62C 
 350      C54DA953 
 350      D6256B9D 
 350      2DC597AC 
 351 014d 0132EF44 		.ascii	"\0012\357D\353\023\033z\037A\233\313\013\304T\351\337"
 351      EB131B7A 
 351      1F419BCB 
 351      0BC454E9 
 351      DF
 352 015e C18E3F64 		.ascii	"\301\216?d\307\307\347\030\265\245T\025\342u\030i\325"
 352      C7C7E718 
 352      B5A55415 
 352      E2751869 
 352      D5
 353 016f 4880EAFD 		.ascii	"H\200\352\3753\005\003\256P\235\251F\336P\355*\272;"
 353      330503AE 
 353      509DA946 
 353      DE50ED2A 
 353      BA3B
 354 0181 22601E11 		.ascii	"\"`\036\021de\352\325R\0254y\251\321$\"\365;\015\023"
 354      6465EAD5 
 354      52153479 
 354      A9D12422 
 354      F53B0D13 
 355 0195 33589D34 		.ascii	"3X\2354\237\230\034kt\203j\260\032\361P\315\030\250"
 355      9F981C6B 
 355      74836AB0 
 355      1AF150CD 
ARM GAS  C:\Users\8FEE~1\AppData\Local\Temp\ccraqR1g.s 			page 28


 355      18A8
 356 01a7 DCE08C55 		.ascii	"\334\340\214U\264\351jSv\237\213\300sh7\302\250\002"
 356      B4E96A53 
 356      769F8BC0 
 356      736837C2 
 356      A802
 357 01b9 7951C7F9 		.ascii	"yQ\307\371-\337\037t\301\036\024\360\365p\337\006\201"
 357      2DDF1F74 
 357      C11E14F0 
 357      F570DF06 
 357      81
 358 01ca 002A01F0 		.ascii	"\000*\001\360k/\264\007\011\344\361PG\337\210\012{Q"
 358      6B2FB407 
 358      09E4F150 
 358      47DF880A 
 358      7B51
 359 01dc C89A9E9E 		.ascii	"\310\232\236\236\\\236@\252\001\362+/T\305 =\023\273"
 359      5C9E40AA 
 359      01F22B2F 
 359      54C5203D 
 359      13BB
 360 01ee 96CEAF10 		.ascii	"\226\316\257\020\331\245zoj\\|\316\350\266Mj\244S\355"
 360      D9A57A6F 
 360      6A5C7CCE 
 360      E8B64D6A 
 360      A453ED
 361 0201 200D8D2D 		.ascii	" \015\215-k\346\366%\213\"\217j\220\212C\373\320|\011"
 361      6BE6F625 
 361      8B228F6A 
 361      908A43FB 
 361      D07C09
 362 0214 B8461493 		.ascii	"\270F\024\223\304{I\211\330\223C\213\274\320\002\220"
 362      C47B4989 
 362      D893438B 
 362      BCD00290 
 363 0224 46200481 		.ascii	"F \004\201\366#\035\332\213\004T\216\274P\031\210\006"
 363      F6231DDA 
 363      8B04548E 
 363      BC501988 
 363      06
 364 0235 6F7D035B 		.ascii	"o}\003[\327\253\361?\210 \376\366\366\234L'\244\322"
 364      D7ABF13F 
 364      8820FEF6 
 364      F69C4C27 
 364      A4D2
 365 0247 3D4B81EA 		.ascii	"=K\201\352\241\247=\026\246g0\317\021\344\242:\000\325"
 365      A1A73D16 
 365      A66730CF 
 365      11E4A23A 
 365      00D5
 366 0259 C2789820 		.ascii	"\302x\230 *\216\306f\260\244sP\205\215t\340\005\007"
 366      2A8EC666 
 366      B0A47350 
 366      858D74E0 
 366      0507
 367 026b 1F9C7260 		.ascii	"\037\234r`\023\244\202j\335Py\335\0146A\215\244\371"
 367      13A4826A 
ARM GAS  C:\Users\8FEE~1\AppData\Local\Temp\ccraqR1g.s 			page 29


 367      DD5079DD 
 367      0C36418D 
 367      A4F9
 368 027d E6D3CAEB 		.ascii	"\346\323\312\353\0026Qh\325\241\224\357\\\031\264\221"
 368      02365168 
 368      D5A194EF 
 368      5C19B491 
 369 028d CC50CB9D 		.ascii	"\314P\313\235\013'\235\030V\324\220\031\033.-q\302\377"
 369      0B279D18 
 369      56D49019 
 369      1B2E2D71 
 369      C2FF
 370 029f A1D891CF 		.ascii	"\241\330\221\317S\323U\014;\033\252\255_\024\276\242"
 370      53D3550C 
 370      3B1BAAAD 
 370      5F14BEA2 
 371 02af 4E23DAD6 		.ascii	"N#\332\326'\213\316\177!\217w\201\342\235d\262\320Q"
 371      278BCE7F 
 371      218F7781 
 371      E29D64B2 
 371      D051
 372 02c1 A4867F5F 		.ascii	"\244\206\177_/`\245a\030\331\267=\307\005'#J\324\325"
 372      2F60A561 
 372      18D9B73D 
 372      C7052723 
 372      4AD4D5
 373 02d4 5A5A4E16 		.ascii	"ZZN\026\320<X\026p\271)V\306<\2662\332\263\206\2679"
 373      D03C5816 
 373      70B92956 
 373      C63CB632 
 373      DAB386B7 
 374 02e9 E1340AE7 		.ascii	"\3414\012\347\363Ou4\011H\247fq\350)\373c\376\260(z"
 374      F34F7534 
 374      0948A766 
 374      71E829FB 
 374      63FEB028 
 375 02fe A316A446 		.ascii	"\243\026\244F',\221\230\007\016\2714\022Y*\207\233\022"
 375      272C9198 
 375      070EB934 
 375      12592A87 
 375      9B12
 376 0310 839A219E 		.ascii	"\203\232!\236\300Kp\3508<<\306$\225n\333\260\325\021"
 376      C04B70E8 
 376      383C3CC6 
 376      24956EDB 
 376      B0D511
 377 0323 AFA72B95 		.ascii	"\257\247+\225o>r\371\242\200\324:\233\004\247l\0200"
 377      6F3E72F9 
 377      A280D43A 
 377      9B04A76C 
 377      1030
 378 0335 315F7F35 		.ascii	"1_\1775\2679\225,\222\223 \246\325\"\246\205\014\237"
 378      B739952C 
 378      929320A6 
 378      D522A685 
 378      0C9F
 379 0347 38693A97 		.ascii	"8i:\227\236\353\20631\035\325\332\334\323{Td\340\304"
ARM GAS  C:\Users\8FEE~1\AppData\Local\Temp\ccraqR1g.s 			page 30


 379      9EEB8633 
 379      311DD5DA 
 379      DCD37B54 
 379      64E0C4
 380 035a 634D76C7 		.ascii	"cMv\307=\336\236\307\263v=\366\334\366\311\377\206\014"
 380      3DDE9EC7 
 380      B3763DF6 
 380      DCF6C9FF 
 380      860C
 381 036c FF0C783C 		.ascii	"\377\014x<m\361xR\366\370\370Z\353K\260\3509\012\210"
 381      6DF17852 
 381      F6F8F85A 
 381      EB4BB0E8 
 381      390A88
 382 037f 149479A6 		.ascii	"\024\224y\246ey\326~\357t\221\013\233cw\250\336m\310"
 382      6579D67E 
 382      EF74910B 
 382      9B6377A8 
 382      DE6DC8
 383 0392 1875C157 		.ascii	"\030u\301W\230\304\0239k=\361-V\336\325\325\226\244"
 383      98C41339 
 383      6B3DF12D 
 383      56DED5D5 
 383      96A4
 384 03a4 C18F6865 		.ascii	"\301\217heNO\317\251t\015\322i<\005\215\207\217\207"
 384      4E4FCFA9 
 384      740DD269 
 384      3C058D87 
 384      8F87
 385 03b6 8F8EFCEB 		.ascii	"\217\216\374\353\264\254\250\323y\350\230\272\263\005"
 385      B4ACA8D3 
 385      79E898BA 
 385      B305
 386 03c4 EE49A288 		.ascii	"\356I\242\210\320-\244A\355\026q\027\020y\245dL\215"
 386      D02DA441 
 386      ED167117 
 386      1079A564 
 386      4C8D
 387 03d6 1475204F 		.ascii	"\024u O\305b\201f\011\231K\2232Yt\347\321\262Y\250\015"
 387      C5628166 
 387      09994B93 
 387      325974E7 
 387      D1B259A8 
 388 03eb 10E72802 		.ascii	"\020\347(\002\360\360\177\021\221]\220\214\355\022\364"
 388      F0F07F11 
 388      915D908C 
 388      ED12F4
 389 03fa F81A6A0A 		.ascii	"\370\032j\012\312N\344\241\240\274D=r\033\350\362\024"
 389      CA4EE4A1 
 389      A0BC443D 
 389      721BE8F2 
 389      14
 390 040b C5B7040E 		.ascii	"\305\267\004\016\035\204\306\003$\270C\020\334+\200"
 390      1D84C603 
 390      24B84310 
 390      DC2B80
 391 041a 26B9D60D 		.ascii	"&\271\326\015\345.\344\203.#\037\232\335[\011ac\367"
ARM GAS  C:\Users\8FEE~1\AppData\Local\Temp\ccraqR1g.s 			page 31


 391      E52EE483 
 391      2E231F9A 
 391      DD5B0961 
 391      63F7
 392 042c 66AF9C64 		.ascii	"f\257\234d\261u\001\352\001?\207`\034W\024\344\260\252"
 392      B17501EA 
 392      013F8760 
 392      1C5714E4 
 392      B0AA
 393 043e 393A55F6 		.ascii	"9:U\366\370\033\244\016\366\371\237n\2323\222$\346-"
 393      F81BA40E 
 393      F6F99F6E 
 393      9A339224 
 393      E62D
 394 0450 A0D95C2A 		.ascii	"\240\331\\*\301\245\235\200\262\373\021r\026\322\356"
 394      C1A59D80 
 394      B2FB1172 
 394      16D2EE
 395 045f 4DEE8924 		.ascii	"M\356\211$\244\000QnC\212\221\367N\033y\317\264\221"
 395      A400516E 
 395      438A91F7 
 395      4E1B79CF 
 395      B491
 396 0471 A7116547 		.ascii	"\247\021eG\240\3610Qv\007\324\3643e\034\352\263H\"\333"
 396      A0F13051 
 396      7607D4F4 
 396      33651CEA 
 396      B34822DB 
 397 0485 4B913647 		.ascii	"K\2216G$C\276\212\264\350K\220DpS\035-\242\224#\226"
 397      2443BE8A 
 397      B4E84B90 
 397      4470531D 
 397      2DA29423 
 398 049a 9B399914 		.ascii	"\2339\231\024\015\200\003\231\227\311o.\322R\371\375"
 398      0D800399 
 398      97C96F2E 
 398      D252F9FD 
 399 04aa D3E5AF97 		.ascii	"\323\345\257\227h\274\005tM\341\210#\356\345\355\303"
 399      68BC0574 
 399      4DE18823 
 399      EEE5EDC3 
 400 04ba 76746F83 		.ascii	"vto\203\213\353\222\273\233P\276\001\321\035\234\026"
 400      8BEB92BB 
 400      9B50BE01 
 400      D11D9C16 
 401 04ca DDB3855A 		.ascii	"\335\263\205Z6{d\025~\005C\271\376#f\217{\016y\373K"
 401      367B6415 
 401      7E0543B9 
 401      FE23668F 
 401      7B0E79FB 
 402 04df F962630A 		.ascii	"\371bc\012\246\011\337d\223[1w\243\005l\360\327\355"
 402      A609DF64 
 402      935B3177 
 402      A3056CF0 
 402      D7ED
 403 04f1 CE9D3211 		.ascii	"\316\2352\021\320\267\340\321\222\013\214\342B!\335"
 403      D0B7E0D1 
ARM GAS  C:\Users\8FEE~1\AppData\Local\Temp\ccraqR1g.s 			page 32


 403      920B8CE2 
 403      4221DD
 404 0500 F64990CE 		.ascii	"\366I\220\316[\022\212\020\312\210\341\227\011\340;"
 404      5B128A10 
 404      CA88E197 
 404      09E03B
 405 050f 007C6301 		.ascii	"\000|c\001\364S\200\255\311R.\002\033\363\325\262\343"
 405      F45380AD 
 405      C9522E02 
 405      1BF3D5B2 
 405      E3
 406 0520 175BD692 		.ascii	"\027[\326\222\035\215\344S\203\205\360\012%$y\005;C"
 406      1D8DE453 
 406      8385F00A 
 406      25247905 
 406      3B43
 407 0532 EDA7C70F 		.ascii	"\355\247\307\017\363\335\360\214\344\242;\355\315\316"
 407      F3DDF08C 
 407      E4A23BED 
 407      CDCE
 408 0540 78086EC4 		.ascii	"x\010n\304huR\276\020\242\317\341)\317IG\013\371\021"
 408      687552BE 
 408      10A2CFE1 
 408      29CF4947 
 408      0BF911
 409 0553 927B4875 		.ascii	"\222{Hu^\252\362\022%\375I\235\221\202\22153O\362\305"
 409      5EAAF212 
 409      25FD499D 
 409      91829135 
 409      334FF2C5 
 410 0567 31B874DA 		.ascii	"1\270t\332\244\354\2547\342-\016\020RvP\0202\331R\373"
 410      A4ECAC37 
 410      E22D0E10 
 410      52765010 
 410      32D952FB 
 411 057b 943ECE32 		.ascii	"\224>\31628$\237\177\356\347\237\036T\367@Z\303\223"
 411      38249F7F 
 411      EEE79F1E 
 411      54F7405A 
 411      C393
 412 058d E2B7107D 		.ascii	"\342\267\020}&\016\337\337\340\202S\005\272q\216'~{"
 412      260EDFDF 
 412      E0825305 
 412      BA718E27 
 412      7E7B
 413 059f 54ED696F 		.ascii	"T\355io/\033\246{Y\244\300\3106_\030\273\3526\267X,"
 413      2F1BA67B 
 413      59A4C0C8 
 413      365F18BB 
 413      EA36B758 
 414 05b4 EE151B3B 		.ascii	"\356\025\033;2p\336\261k\242\250\026\010\010\335\267"
 414      3270DEB1 
 414      6BA2A816 
 414      0808DDB7 
 415 05c4 441F8AF0 		.ascii	"D\037\212\360\177\017\222\033\335\205=\205C#h.t.\334"
 415      7F0F921B 
 415      DD853D85 
ARM GAS  C:\Users\8FEE~1\AppData\Local\Temp\ccraqR1g.s 			page 33


 415      4323682E 
 415      742EDC
 416 05d7 92F42A3E 		.ascii	"\222\364*>\317\234V\035\273S\357,\310\233#\333\370\277"
 416      CF9C561D 
 416      BB53EF2C 
 416      C89B23DB 
 416      F8BF
 417 05e9 3C72748E 		.ascii	"<rt\216]\035\243T\307\367H\022r\373P\365QGIH\373\313"
 417      5D1DA354 
 417      C7F74812 
 417      72FB50F5 
 417      51474948 
 418 05ff B0C86123 		.ascii	"\260\310a#\207e\000(\364\300\"\344\201\265\2201*\244"
 418      87650028 
 418      F4C022E4 
 418      81B59031 
 418      2AA4
 419 0611 62CF83AB 		.ascii	"b\317\203\253.\270\227)\251_7T\357\012L\275\300\324"
 419      2EB89729 
 419      A95F3754 
 419      EF0A4CBD 
 419      C0D4
 420 0623 A49B6222 		.ascii	"\244\233b\"K}\334\3024n\3154A\231\366}\226\264\331\025"
 420      4B7DDCC2 
 420      346ECD34 
 420      4199F67D 
 420      96B4D915 
 421 0637 8F31A6D3 		.ascii	"\2171\246\323g\333\016\271J\232n\315\231\246\351\241"
 421      67DB0EB9 
 421      4A9A6ECD 
 421      99A6E9A1 
 422 0647 85E9A135 		.ascii	"\205\351\2415\323#\246\251\265\240\322\031\247:P\246"
 422      D323A6A9 
 422      B5A0D219 
 422      A73A50A6 
 423 0657 947D6B6F 		.ascii	"\224}ko\011\222\246\3767\031S\"\323\364\330\302\364"
 423      0992A6FE 
 423      37195322 
 423      D3F4D8C2 
 423      F4
 424 0668 D89AE909 		.ascii	"\330\232\351\011ejj\276\364\251\032\0271\246\374\201"
 424      656A6ABE 
 424      F4A91A17 
 424      31A6FC81 
 425 0678 3B8D3C61 		.ascii	";\215<a\"\3112\370\363\244\2225\215\3014\230\350\251"
 425      22C932F8 
 425      F3A49235 
 425      8DC13498 
 425      E8A9
 426 068a 85E82921 		.ascii	"\205\350)!\"\205IJ\320\230\231):\343rF\320\225=X\345"
 426      2285494A 
 426      D0989929 
 426      3AE37246 
 426      D0953D58 
 427 069f 2C110CD4 		.ascii	",\021\014\324\343\213\333)\001\231p\221\237\"\200\""
 427      E38BDB29 
 427      01997091 
ARM GAS  C:\Users\8FEE~1\AppData\Local\Temp\ccraqR1g.s 			page 34


 427      9F228022 
 428 06af 2348E409 		.ascii	"#H\344\011\301\346\212\224v7\234\346H\011j\373K\032"
 428      C1E68A94 
 428      76379CE6 
 428      48096AFB 
 428      4B1A
 429 06c1 648287BF 		.ascii	"d\202\207\277\311\027\233x\332;\311\322;I\356\235L{"
 429      C9179B78 
 429      DA3BC9D2 
 429      3B49EE9D 
 429      4C7B
 430 06d3 1F3E5B72 		.ascii	"\037>[r\336\025\027\263\336\017\322w\213\352\327J\304"
 430      DE1517B3 
 430      DE0FD277 
 430      8BEAD74A 
 430      C4
 431 06e4 DE46BAE0 		.ascii	"\336F\272\340n\326\246\210\242\226f{\012#Pl\205)\204"
 431      6ED6A688 
 431      A296667B 
 431      0A23506C 
 431      852984
 432 06f7 07A5F2AF 		.ascii	"\007\245\362\257A\277\354\363\015\007y\215b\353\032"
 432      41BFECF3 
 432      0D07798D 
 432      62EB1A
 433 0706 9DF60E5F 		.ascii	"\235\366\016_\303\323\327\016\271\2233\366xG\267F\011"
 433      C3D3D70E 
 433      B99333F6 
 433      7847B746 
 433      09
 434 0717 1E9E065E 		.ascii	"\036\236\006^\313\313\233\034)*\216$Zv$I\351\032Hu\301"
 434      CBCB9B1C 
 434      292A8E24 
 434      5A762449 
 434      E91A4875 
 435 072c 3B98E0B4 		.ascii	";\230\340\264\212u\30709h&\277\320\301\214|H\024\024"
 435      8A75C730 
 435      396826BF 
 435      D0C18C7C 
 435      481414
 436 073f E7AA7005 		.ascii	"\347\252p\005\353\336_\330\226+\340jV\331\277=\013\316"
 436      EBDE5FD8 
 436      962BE06A 
 436      56D9BF3D 
 436      0BCE
 437 0751 3AB512F1 		.ascii	":\265\022\361\365\215{\235\360\001V\031J\271\326+)\360"
 437      F58D7B9D 
 437      F0015619 
 437      4AB9D62B 
 437      29F0
 438 0763 549C8B67 		.ascii	"T\234\213gJ\347\342\312\226\003\223\002>B\261\252\343"
 438      4AE7E2CA 
 438      96039302 
 438      3E42B1AA 
 438      E3
 439 0774 9D8FDD90 		.ascii	"\235\217\335\220\017\234\177|\340\332*\246$\303A\360"
 439      0F9C7F7C 
ARM GAS  C:\Users\8FEE~1\AppData\Local\Temp\ccraqR1g.s 			page 35


 439      E0DA2AA6 
 439      24C341F0 
 440 0784 229EA8DE 		.ascii	"\"\236\250\336v2Q\334\346\2112x5\372\024b\371\031o\373"
 440      763251DC 
 440      E6893278 
 440      35FA1462 
 440      F9196FFB 
 441 0798 B5C37A34 		.ascii	"\265\303z4ea\366&!\360u6\341\317\274p\327\363^(\213"
 441      6561F626 
 441      21F07536 
 441      E1CFBC70 
 441      D7F35E28 
 442 07ad 274D044C 		.ascii	"'M\004L\346j#\257C9\274\017\312\006\313\007\313\005"
 442      E66A23AF 
 442      4339BC0F 
 442      CA06CB07 
 442      CB05
 443 07bf CB03FB9C 		.ascii	"\313\003\373\234Wn\352\243\353\300\227\350Nz)\337C"
 443      576EEAA3 
 443      EBC097E8 
 443      4E7A29DF 
 443      43
 444 07d0 4C487716 		.ascii	"LHw\026.\335+\212\351\216TI\246\265\022\266\022\224"
 444      2EDD2B8A 
 444      E98E5449 
 444      A6B512B6 
 444      1294
 445 07e2 CA6F2995 		.ascii	"\312o)\225o\260\306\247\361\326\370~%>\3356\336\317"
 445      6FB0C6A7 
 445      F1D6F87E 
 445      253EDD36 
 445      DECF
 446 07f4 026F57C2 		.ascii	"\002oW\302?\261-\207\302aZ\216o\331U\200p\252\023=Q"
 446      3FB12D87 
 446      C2615A8E 
 446      6FD95580 
 446      70AA133D 
 447 0809 B735F597 		.ascii	"\2675\365\227\253\221\207\316V\304P!\004\352G\006-\013"
 447      AB9187CE 
 447      56C45021 
 447      04EA4706 
 447      2D0B
 448 081b 279397F7 		.ascii	"'\223\227\367\027\320\253\300\222[$\206\324\367'w\317"
 448      17D0ABC0 
 448      925B2486 
 448      D4F72777 
 448      CF
 449 082c DD5629D7 		.ascii	"\335V)\327\370\027\274\362\034V$%D\021]\340;\233o\264"
 449      F817BCF2 
 449      1C562425 
 449      44115DE0 
 449      3B9B6FB4 
 450 0840 091ECA43 		.ascii	"\011\036\312C\231\255\003\0157\355\300\001\335j\362"
 450      99AD030D 
 450      37EDC001 
 450      DD6AF2
 451 084f 2ED6B968 		.ascii	".\326\271h\025\207\245M\274\275\303\022\332\314k\241"
ARM GAS  C:\Users\8FEE~1\AppData\Local\Temp\ccraqR1g.s 			page 36


 451      1587A54D 
 451      BCBDC312 
 451      DACC6BA1 
 452 085f C78DFB83 		.ascii	"\307\215\373\203\371.j\351\243\"\355\271\331\202\212"
 452      F92E6AE9 
 452      A322EDB9 
 452      D9828A
 453 086e 79B5E21B 		.ascii	"y\265\342\033^\313\276\341\013\313\322\273g\340l'\226"
 453      5ECBBEE1 
 453      0BCBD2BB 
 453      67E06C27 
 453      96
 454 087f 194DD946 		.ascii	"\031M\331F\234\313\312\265\203'\233\325\322\347!I\213"
 454      9CCBCAB5 
 454      83279BD5 
 454      D2E72149 
 454      8B
 455 0890 9B1985DD 		.ascii	"\233\031\205\335\032\274\23156\015W\355\3240\022L\322"
 455      1ABC9935 
 455      360D57ED 
 455      D430124C 
 455      D2
 456 08a1 2B7FF89C 		.ascii	"+\177\370\234\233\335\017\304\235\274\364\201\270\203"
 456      9BDD0FC4 
 456      9DBCF481 
 456      B883
 457 08af A7397B69 		.ascii	"\2479{i\374D\247\203r\244\344\200\265\015fOZO\274V\356"
 457      FC44A783 
 457      72A4E480 
 457      B50D664F 
 457      5A4FBC56 
 458 08c4 443F5336 		.ascii	"D?S6\016\271*\301d\251\330\005\037\236\350\036\303x"
 458      0EB92AC1 
 458      64A9D805 
 458      1F9EE81E 
 458      C378
 459 08d6 07139977 		.ascii	"\007\023\231w\371,\354\255e\2542~\250m+\317\024\373"
 459      F92CECAD 
 459      65AC327E 
 459      A86D2BCF 
 459      14FB
 460 08e8 40B5AC31 		.ascii	"@\265\2541\263\025\263\321\025\223\017\2453\235\343"
 460      B315B3D1 
 460      15930FA5 
 460      339DE3
 461 08f7 BB61EBA0 		.ascii	"\273a\353\240X\325\235\202Gu\002\311z\310y\035\311\372"
 461      58D59D82 
 461      477502C9 
 461      7AC8791D 
 461      C9FA
 462 0909 4438DC96 		.ascii	"D8\334\226\343\322$\232:\245\274\026m\207ER\015\363"
 462      E3D2249A 
 462      3AA5BC16 
 462      6D874552 
 462      0DF3
 463 091b 230B51AE 		.ascii	"#\013Q\256U\266\264\037\226)\226v\231\004\177\336\311"
 463      55B6B41F 
ARM GAS  C:\Users\8FEE~1\AppData\Local\Temp\ccraqR1g.s 			page 37


 463      96299676 
 463      99047FDE 
 463      C9
 464 092c 7437D055 		.ascii	"t7\320U\320qUK\353\267\006\326o-\254\327*\260J\260\375"
 464      D071554B 
 464      EBB706D6 
 464      6F2DACD7 
 464      2AB04AB0 
 465 0941 607BC1F6 		.ascii	"`{\301\366\361>\212\274n/W8\333j\355,\353\2314\355T"
 465      F13E8ABC 
 465      6E2F5738 
 465      DB6AED2C 
 465      EB9934ED 
 466 0956 E2F758E3 		.ascii	"\342\367X\343\267(\323\224\034\204O\311p2Q%\266\351"
 466      B728D394 
 466      1C844FC9 
 466      70325125 
 466      B6E9
 467 0968 1547E1C1 		.ascii	"\025G\341\3012\266\005U\333\332\202F\313\224[P\271\315"
 467      32B60555 
 467      DBDA8246 
 467      CB945B50 
 467      B9CD
 468 097a C0C8295F 		.ascii	"\300\310)_Sp\272\231\307u,\345S\207\236\224\013V)/\307"
 468      5370BA99 
 468      C7752CE5 
 468      53879E94 
 468      0B56292F 
 469 098f 0B354098 		.ascii	"\0135@\230^4d\222\310r\226\362\365\320\253\316\222\362"
 469      5E346492 
 469      C87296F2 
 469      F5D0ABCE 
 469      92F2
 470 09a1 D572CA97 		.ascii	"\325r\312\227\037\314\034\302\312\224\257\237\226\362"
 470      1FCC1CC2 
 470      CA94AF9F 
 470      96F2
 471 09af 07A4943F 		.ascii	"\007\244\224?@S\276\267=}\215 \203\323~\340\243\027"
 471      4053BEB7 
 471      3D7D8D20 
 471      83D37EE0 
 471      A317
 472 09c1 1DA4F8C9 		.ascii	"\035\244\370\311uyMj{x\253o\003t\010\\9\230\314\021"
 472      75794D6A 
 472      7B78AB6F 
 472      0374085C 
 472      3998CC11 
 473 09d5 66833AE0 		.ascii	"f\203:\340oa\372?\371\207\005.\013P\221bh\330{\301\364"
 473      6F61FA3F 
 473      F987052E 
 473      0B509162 
 473      68D87BC1 
 474 09ea D9FBEF06 		.ascii	"\331\373\357\006\276\033\030\246z\373\335\367\275\375"
 474      BE1B18A6 
 474      7AFBDDF7 
 474      BDFD
 475 09f8 FDFCB8D7 		.ascii	"\375\374\270\327\347\317\367e\277\250\025\306Hc\274"
ARM GAS  C:\Users\8FEE~1\AppData\Local\Temp\ccraqR1g.s 			page 38


 475      E7CFF765 
 475      BFA815C6 
 475      4863BC
 476 0a07 C96FF11B 		.ascii	"\311o\361\033\276\361&\337\025\0211\276\306\270\250"
 476      BEF126DF 
 476      151131BE 
 476      C6B8A8
 477 0a16 9855D106 		.ascii	"\230U\321\006R\326\033V\233\347\257\340\324p\243\364"
 477      52D61B56 
 477      9BE7AFE0 
 477      D470A3F4 
 478 0a26 7AB33390 		.ascii	"z\2633\220-I0~dHp\214\212\217[n\374@\025\265\"\".\316"
 478      2D49307E 
 478      6448708C 
 478      8A8F5B6E 
 478      FC4015B5 
 479 0a3e 10631262 		.ascii	"\020c\022b\343\243\015j\275~\2251\316\274h\241\336\374"
 479      E3A30D6A 
 479      BD7E9531 
 479      CEBC68A1 
 479      DEFC
 480 0a50 DFE837C3 		.ascii	"\337\3507\303)\271\311\274*\332\030\257_\231`\370\310"
 480      29B9C9BC 
 480      2ADA18AF 
 480      5F9960F8 
 480      C8
 481 0a61 68F8B7DF 		.ascii	"h\370\267\337\357\224O\303\315\361\3611\246\360\017"
 481      EF944FC3 
 481      CDF1F131 
 481      A6F00F
 482 0a70 E25679D3 		.ascii	"\342Vy\323\222wDB\254\267!6\322\020\035m\210\016\177"
 482      92774442 
 482      ACB72136 
 482      D2101D6D 
 482      880E7F
 483 0a83 63FE22EF 		.ascii	"c\376\"\357\205\013\374\026\177\350\027\016\317_\217"
 483      850BFC16 
 483      7FE8170E 
 483      CF5F8F
 484 0a92 8B8F33BC 		.ascii	"\213\2173\274n\210\2104\206K\022\303c#\200+\316\020"
 484      6E888834 
 484      864B12C3 
 484      6323802B 
 484      CE10
 485 0aa4 AE8F362C 		.ascii	"\256\2176,\217X\025c\326\233?^i0\201b\225\254\342\303"
 485      8F581563 
 485      D69B3F5E 
 485      69308162 
 485      95ACE2C3 
 486 0ab8 FF830AD3 		.ascii	"\377\203\012\323\307\246p\275\311\034\015.\3015\037"
 486      C7A670BD 
 486      C91C0D2E 
 486      C1351F
 487 0ac7 15A931AC 		.ascii	"\025\2511\254^)\205Eo~\353\007B\2752>\301l\362\015\015"
 487      5E298545 
 487      6F7EEB07 
 487      42BD323E 
ARM GAS  C:\Users\8FEE~1\AppData\Local\Temp\ccraqR1g.s 			page 39


 487      C16CF20D 
 488 0adc 0B5AB4D0 		.ascii	"\013Z\264\320\367\235w\226\370Bp\003?\362\223#\257\217"
 488      F79D7796 
 488      F8427003 
 488      3FF29323 
 488      AF8F
 489 0aee 898906C2 		.ascii	"\211\211\006\302\031P\214\212\210\211\211\214\210\372"
 489      19508C8A 
 489      8889898C 
 489      88FA
 490 0afc 97DEEC0E 		.ascii	"\227\336\354\016\030\177\306\355O'\200\314\010+i\244"
 490      187FC6ED 
 490      4F2780CC 
 490      082B69A4 
 491 0b0c 3E7A639C 		.ascii	">zc\234\361\247\272\215\342\246\330L\346\370\225\263"
 491      F1A7BA8D 
 491      E2A6D84C 
 491      E6F895B3 
 492 0b1c E48A3C2C 		.ascii	"\344\212<,C\\Dd\214a\206\005\023\221`\236m\015\2126"
 492      435C4464 
 492      8C618605 
 492      1391609E 
 492      6D0D8A36 
 493 0b30 9A64D47B 		.ascii	"\232d\324{\221\3774D\231\003A\230\247\214\202\273Qo"
 493      91FF3444 
 493      99034198 
 493      A78C82BB 
 493      516F
 494 0b42 4CF85086 		.ascii	"L\370P\206\371\277\240b\372\277t\361\352\325J\301z\243"
 494      F9BFA062 
 494      FABF74F1 
 494      EAD54AC1 
 494      7AA3
 495 0b54 29016235 		.ascii	")\001b5\373\031r&\324\201,[?\207\320\277\006\006\204"
 495      FB197226 
 495      D4812C5B 
 495      3F87D0BF 
 495      060684
 496 0b67 084BC342 		.ascii	"\010K\303BC\204\020\370\303\001A!80(\204\017\016\261"
 496      438410F8 
 496      C3014121 
 496      38302884 
 496      0F0EB1
 497 0b7a E73C2A3E 		.ascii	"\347<*>66>\316\027\350|\375\203B\003C\301\273B\200\311"
 497      36363ECE 
 497      17E87CFD 
 497      83420343 
 497      C1BB4280 
 498 0b8f 1CBB68E1 		.ascii	"\034\273h\341\362\305o@\031\234kH\034\365a\260\004\227"
 498      F2C56F40 
 498      199C6B48 
 498      1CF561B0 
 498      0497
 499 0ba1 189663FF 		.ascii	"\030\226c\377?\207\250B\002B\003B\226\005,q$-\376!8"
 499      3F87A842 
 499      02420342 
 499      96052C71 
ARM GAS  C:\Users\8FEE~1\AppData\Local\Temp\ccraqR1g.s 			page 40


 499      242DFE21 
 500 0bb6 38C8DF31 		.ascii	"8\310\3371\010\234\006\005;\370\007\005\373\207\270"
 500      089C0605 
 500      3BF80705 
 500      FB87B8
 501 0bc5 86FE3DD4 		.ascii	"\206\376=\324\177\351\333r\237\377\001\356\010\316\240"
 501      7FE9DB72 
 501      9FFF01EE 
 501      08CEA0
 502              		.text
 503              		.section	.gnu.lto_.symtab.95615ae9,"",%progbits
 504 0000 6578745F 		.ascii	"ext_lld_init\000"
 504      6C6C645F 
 504      696E6974 
 504      00
 505 000d 00       		.ascii	"\000"
 506 000e 00       		.ascii	"\000"
 507 000f 00       		.ascii	"\000"
 508 0010 00000000 		.ascii	"\000\000\000\000\000\000\000\000"
 508      00000000 
 509 0018 F3000000 		.ascii	"\363\000\000\000"
 510 001c 45585444 		.ascii	"EXTD1\000"
 510      3100
 511 0022 00       		.ascii	"\000"
 512 0023 00       		.ascii	"\000"
 513 0024 00       		.ascii	"\000"
 514 0025 00000000 		.ascii	"\000\000\000\000\000\000\000\000"
 514      00000000 
 515 002d 05010000 		.ascii	"\005\001\000\000"
 516 0031 6578745F 		.ascii	"ext_lld_stop\000"
 516      6C6C645F 
 516      73746F70 
 516      00
 517 003e 00       		.ascii	"\000"
 518 003f 00       		.ascii	"\000"
 519 0040 00       		.ascii	"\000"
 520 0041 00000000 		.ascii	"\000\000\000\000\000\000\000\000"
 520      00000000 
 521 0049 F7000000 		.ascii	"\367\000\000\000"
 522 004d 6578745F 		.ascii	"ext_lld_channel_enable\000"
 522      6C6C645F 
 522      6368616E 
 522      6E656C5F 
 522      656E6162 
 523 0064 00       		.ascii	"\000"
 524 0065 00       		.ascii	"\000"
 525 0066 00       		.ascii	"\000"
 526 0067 00000000 		.ascii	"\000\000\000\000\000\000\000\000"
 526      00000000 
 527 006f F9000000 		.ascii	"\371\000\000\000"
 528 0073 6578745F 		.ascii	"ext_lld_start\000"
 528      6C6C645F 
 528      73746172 
 528      7400
 529 0081 00       		.ascii	"\000"
 530 0082 00       		.ascii	"\000"
 531 0083 00       		.ascii	"\000"
ARM GAS  C:\Users\8FEE~1\AppData\Local\Temp\ccraqR1g.s 			page 41


 532 0084 00000000 		.ascii	"\000\000\000\000\000\000\000\000"
 532      00000000 
 533 008c FB000000 		.ascii	"\373\000\000\000"
 534 0090 6578745F 		.ascii	"ext_lld_channel_disable\000"
 534      6C6C645F 
 534      6368616E 
 534      6E656C5F 
 534      64697361 
 535 00a8 00       		.ascii	"\000"
 536 00a9 00       		.ascii	"\000"
 537 00aa 00       		.ascii	"\000"
 538 00ab 00000000 		.ascii	"\000\000\000\000\000\000\000\000"
 538      00000000 
 539 00b3 FD000000 		.ascii	"\375\000\000\000"
 540 00b7 6578744F 		.ascii	"extObjectInit\000"
 540      626A6563 
 540      74496E69 
 540      7400
 541 00c5 00       		.ascii	"\000"
 542 00c6 02       		.ascii	"\002"
 543 00c7 00       		.ascii	"\000"
 544 00c8 00000000 		.ascii	"\000\000\000\000\000\000\000\000"
 544      00000000 
 545 00d0 FF000000 		.ascii	"\377\000\000\000"
 546 00d4 6578745F 		.ascii	"ext_lld_exti_irq_disable\000"
 546      6C6C645F 
 546      65787469 
 546      5F697271 
 546      5F646973 
 547 00ed 00       		.ascii	"\000"
 548 00ee 02       		.ascii	"\002"
 549 00ef 00       		.ascii	"\000"
 550 00f0 00000000 		.ascii	"\000\000\000\000\000\000\000\000"
 550      00000000 
 551 00f8 01010000 		.ascii	"\001\001\000\000"
 552 00fc 6578745F 		.ascii	"ext_lld_exti_irq_enable\000"
 552      6C6C645F 
 552      65787469 
 552      5F697271 
 552      5F656E61 
 553 0114 00       		.ascii	"\000"
 554 0115 02       		.ascii	"\002"
 555 0116 00       		.ascii	"\000"
 556 0117 00000000 		.ascii	"\000\000\000\000\000\000\000\000"
 556      00000000 
 557 011f 03010000 		.ascii	"\003\001\000\000"
 558              		.text
 559              		.section	.gnu.lto_.opts,"",%progbits
 560 0000 272D666D 		.ascii	"'-fmath-errno' '-fsigned-zeros' '-ftrapping-math' '"
 560      6174682D 
 560      6572726E 
 560      6F272027 
 560      2D667369 
 561 0033 2D666E6F 		.ascii	"-fno-trapv' '-fno-openmp' '-fno-openacc' '-mcpu=cor"
 561      2D747261 
 561      70762720 
 561      272D666E 
ARM GAS  C:\Users\8FEE~1\AppData\Local\Temp\ccraqR1g.s 			page 42


 561      6F2D6F70 
 562 0066 7465782D 		.ascii	"tex-m7' '-mno-thumb-interwork' '-mthumb' '-ggdb' '-"
 562      6D372720 
 562      272D6D6E 
 562      6F2D7468 
 562      756D622D 
 563 0099 4F322720 		.ascii	"O2' '-fomit-frame-pointer' '-falign-functions=16' '"
 563      272D666F 
 563      6D69742D 
 563      6672616D 
 563      652D706F 
 564 00cc 2D666675 		.ascii	"-ffunction-sections' '-fdata-sections' '-fno-common"
 564      6E637469 
 564      6F6E2D73 
 564      65637469 
 564      6F6E7327 
 565 00ff 2720272D 		.ascii	"' '-flto'\000"
 565      666C746F 
 565      2700
 566              		.text
 567              		.comm	__gnu_lto_v1,1,1
 568              		.comm	__gnu_lto_slim,1,1
 569              		.ident	"GCC: (GNU Tools for ARM Embedded Processors 6-2017-q1-update) 6.3.1 20170215 (release) [AR
ARM GAS  C:\Users\8FEE~1\AppData\Local\Temp\ccraqR1g.s 			page 43


DEFINED SYMBOLS
                            *ABS*:00000000 hal_ext_lld.c
                            *COM*:00000001 __gnu_lto_v1
                            *COM*:00000001 __gnu_lto_slim

NO UNDEFINED SYMBOLS
