ARM GAS  C:\Users\8FEE~1\AppData\Local\Temp\cccgnNio.s 			page 1


   1              		.cpu cortex-m7
   2              		.eabi_attribute 20, 1
   3              		.eabi_attribute 21, 1
   4              		.eabi_attribute 23, 3
   5              		.eabi_attribute 24, 1
   6              		.eabi_attribute 25, 1
   7              		.eabi_attribute 26, 1
   8              		.eabi_attribute 30, 2
   9              		.eabi_attribute 34, 1
  10              		.eabi_attribute 18, 4
  11              		.file	"hal_st_lld.c"
  12              		.text
  13              	.Ltext0:
  14              		.section	.gnu.lto_.profile.95614b29,"",%progbits
  15 0000 789C6365 		.ascii	"x\234ce`b`a```d\320\344\001\000\000\336\000B"
  15      60626061 
  15      60606064 
  15      D0E40100 
  15      00DE0042 
  16              		.text
  17              		.section	.gnu.lto_.icf.95614b29,"",%progbits
  18 0000 789C6365 		.ascii	"x\234ce`b\340c@\000&\206E\013g\257\342g|\333\326\370"
  18      6062E063 
  18      40002686 
  18      450B67AF 
  18      E2677CDB 
  19 0016 8D8D0100 		.ascii	"\215\215\001\000*\234\005\240"
  19      2A9C05A0 
  20              		.text
  21              		.section	.gnu.lto_.jmpfuncs.95614b29,"",%progbits
  22 0000 789C6365 		.ascii	"x\234ce`b0g@\000&0\311\310\300\300\3028\235\231\361"
  22      60623067 
  22      40002630 
  22      C9C8C0C0 
  22      C2389D99 
  23 0015 F78F737B 		.ascii	"\367\217s{\331\373\230\347330r3.g\224\001\312\000E\273"
  23      D9FB98E7 
  23      33333072 
  23      332E6794 
  23      01CA0045 
  24 002a 7E5DEFE3 		.ascii	"~]\357\343\200\210r0\256\000\2112\000\000M\332\013\372"
  24      80887230 
  24      AE008932 
  24      00004DDA 
  24      0BFA
  25              		.text
  26              		.section	.gnu.lto_.inline.95614b29,"",%progbits
  27 0000 789C6365 		.ascii	"x\234ce`b\260d@\000&\006\006v\011F\006&\226\005\362"
  27      6062B064 
  27      40002606 
  27      06760946 
  27      06269605 
  28 0015 0C6C0BE4 		.ascii	"\014l\013\344\231@b\214\\p\202\201S\020(\311\366A\017"
  28      9940628C 
  28      5C708281 
  28      531028C9 
  28      F6410F
ARM GAS  C:\Users\8FEE~1\AppData\Local\Temp\cccgnNio.s 			page 2


  29 0028 2EC9CC03 		.ascii	".\311\314\003\326\304\000\000\206\345\004\037"
  29      D6C40000 
  29      86E5041F 
  30              		.text
  31              		.section	.gnu.lto_.pureconst.95614b29,"",%progbits
  32 0000 789C6365 		.ascii	"x\234ce`b`c`\000\222\273\030\031\245\000\003\273\000"
  32      60626063 
  32      600092BB 
  32      1819A500 
  32      03BB00
  33 0013 E6       		.ascii	"\346"
  34              		.text
  35              		.section	.gnu.lto_SysTick_Handler.95614b29,"",%progbits
  36 0000 789C8553 		.ascii	"x\234\205S]HSa\030~\337\363\315m\251\231\227A^\314\013"
  36      5D485361 
  36      187EDFF3 
  36      CD6DA999 
  36      97415ECC 
  37 0015 214376B2 		.ascii	"!Cv\262 w\021\201\330\215\340\010\234\367C\217\253\015"
  37      20771181 
  37      D88DE008 
  37      9CF7438F 
  37      AB0D
  38 0027 36273B53 		.ascii	"6';S\364j\307\251,-J\322rjv$\005\355\307\277\225\331"
  38      F46AC7A9 
  38      2C2D4AD2 
  38      726A7624 
  38      05EDC7BF 
  39 003d D2ADA5D5 		.ascii	"\322\255\245\325M\177$\006\202]\224b\221\032T\020\010"
  39      4D7F2406 
  39      825D9462 
  39      911A5410 
  39      08
  40 004e 91F67D67 		.ascii	"\221\366}g\233\330F\353\343\374}\337\363\274\317\367"
  40      9BD846EB 
  40      E3FC7DDF 
  40      F3BCCFF7 
  41 005e 7ECFC349 		.ascii	"~\317\303I\003\016\226\010\200\036\001\016\001\000\022"
  41      030E9608 
  41      801E010E 
  41      010012
  42 006d 40AEE335 		.ascii	"@\256\3435@\223\226Cd\037\222\026\301\303\241\007/\223"
  42      40939643 
  42      641F9216 
  42      C1C3A107 
  42      2F93
  43 007f 6E8273BE 		.ascii	"n\202s\276OA.\177X\242#\322\275\225\325$\265\036\224"
  43      4F412E7F 
  43      58A223D2 
  43      BD95D524 
  43      B51E94
  44 0092 69790FBD 		.ascii	"iy\017\275\331\300a\314\007J[\231\334\276\272_\255\212"
  44      D9C061CC 
  44      074A5B99 
  44      DCBEBA5F 
  44      AD8A
  45 00a4 AEE308AA 		.ascii	"\256\343\010\252\251<\214/`D\332\336\361I\221\367C\330"
ARM GAS  C:\Users\8FEE~1\AppData\Local\Temp\cccgnNio.s 			page 3


  45      A93C8C2F 
  45      6044DADE 
  45      F14991F7 
  45      43D8
  46 00b6 77460DD0 		.ascii	"wF\015\320Na\266\307\005\302\2617YC\216U\277m\231\270"
  46      4E61B6C7 
  46      05C2B137 
  46      59438E55 
  46      BF6D99B8 
  47 00ca 4E2E1199 		.ascii	"N.\021\231 \252\350\364\373\253\336\325,6\345PG\247"
  47      20AAE8F4 
  47      FBABDED5 
  47      2C36E550 
  47      47A7
  48 00dc 9F677D8B 		.ascii	"\237g}\213H\212\2211\247\302K\376\364\274AI\362J\221"
  48      488A9131 
  48      A7C24BFE 
  48      F4BC4149 
  48      F24A91
  49 00ef 1DFFE1DE 		.ascii	"\035\377\341\336\346\027\027\245\001o\266L\010\336A"
  49      E61717A5 
  49      016FB64C 
  49      08DE41
  50 00fe 4277C7DB 		.ascii	"Bw\307\333\230\203\2670'\332\335]\314\243E\276/RH\305"
  50      9883B730 
  50      27DADD5D 
  50      CCA345BE 
  50      2F5248C5 
  51 0112 F408EA70 		.ascii	"\364\010\352p\224b\353\350]\031\354\232X\300\335\316"
  51      9462EBE8 
  51      5D19EC9A 
  51      58C0DDCE 
  52 0122 5B940376 		.ascii	"[\224\003vv\034P\232\357!\010\011\320\306x\301y\252"
  52      761C509A 
  52      EF210809 
  52      D0C678C1 
  52      79AA
  53 0134 3EC6402E 		.ascii	">\306@.\021\234\017\351\354\200\343\014#\211\330/\177"
  53      119C0FE9 
  53      EC80E30C 
  53      2389D82F 
  53      7F
  54 0145 01350C27 		.ascii	"\0015\014'\030\250J\004\027\372\010\353\021p\222\301"
  54      18A84A04 
  54      17FA08EB 
  54      117092C1 
  55 0155 697B9DC4 		.ascii	"i{\235\304\000R\303\360\036\263\022\241\223\243\320"
  55      0052C3F0 
  55      1EB312A1 
  55      93A3D0
  56 0164 4D39B095 		.ascii	"M9\260\225\236;\304\311\222_'G\305FWg$\255\212\243\304"
  56      9E3BC4C9 
  56      925F2747 
  56      C5465767 
  56      24AD8AA3 
  57 0179 FB980B6C 		.ascii	"\373\230\013l\345\333\346\3422GWp\012U\312a\001\037"
  57      E5DBE6E2 
ARM GAS  C:\Users\8FEE~1\AppData\Local\Temp\cccgnNio.s 			page 4


  57      32475770 
  57      0A55CA61 
  57      011F
  58 018b 28AE8E84 		.ascii	"(\256\216\204\347\3272s\207c\325\312^?\306\002\3572"
  58      E7D73273 
  58      8763D5CA 
  58      5E3FC602 
  58      EF32
  59 019d 94EA6956 		.ascii	"\224\352iV\215\017Q\005k\350\325)\306\001l`\363\207"
  59      8D0F5105 
  59      6BE8D529 
  59      C6016C60 
  59      F387
  60 01af 9FDD81B3 		.ascii	"\237\335\201\263\211.]\211\273\244\376\253\341\240\322"
  60      892E5D89 
  60      BBA4FEAB 
  60      E1A0D2
  61 01be F0235456 		.ascii	"\360#TV\203\301\315e\215\347\267\244\225\011%j\024\020"
  61      83C1CD65 
  61      8DE7B7A4 
  61      9509256A 
  61      1410
  62 01d0 67D00332 		.ascii	"g\320\0032\321@,\366\2040\373\377\023\346\254\022\346"
  62      D1402CF6 
  62      8430FBFF 
  62      13E6AC12 
  62      E6
  63 01e1 B5D6B937 		.ascii	"\265\326\2717\232h\230\200\241Tav\305\333\324&\207i"
  63      9A689880 
  63      A1546176 
  63      C5DBD426 
  63      8769
  64 01f3 68A3EA61 		.ascii	"h\243\352a\006\356K\016\323P\003\370\230a\351\311a\032"
  64      06EE4B0E 
  64      D35003F8 
  64      9861E9C9 
  64      611A
  65 0205 46686184 		.ascii	"Fha\204\201\031\211\340z?a=\002>I\016sN\361f~O\230\333"
  65      811989E0 
  65      7A3F613D 
  65      023E490E 
  65      734EF166 
  66 021d F2C77046 		.ascii	"\362\307pF<\247\220\222\323S%\247\304P\236\355\2062"
  66      3CA79092 
  66      D35325A7 
  66      C4509EED 
  66      8632
  67 022f 1B0FA5ED 		.ascii	"\033\017\245\355\245\206\235,\331\347L\312\177\0363"
  67      A5869D2C 
  67      D9E74CCA 
  67      7F1E33
  68 023e F92B7A07 		.ascii	"\371+z\007\246o\240Bd\243\235\032F\3779*|J\257\347\243"
  68      A66FA042 
  68      64A39D1A 
  68      46FF392A 
  68      7C4AAFE7 
  69 0253 9760B555 		.ascii	"\227`\265U\331\234ba\321\011\336)\362\326J;_\353t\271"
ARM GAS  C:\Users\8FEE~1\AppData\Local\Temp\cccgnNio.s 			page 5


  69      D99C6261 
  69      D109DE29 
  69      F2D64A3B 
  69      5FEB74B9 
  70 0267 45DE5461 		.ascii	"E\336Ta<~\214/+;\315W\224\032\353\013\031b\026\335f"
  70      3C7E8C2F 
  70      2B3BCD57 
  70      941AEB0B 
  70      196216DD 
  71 027c BBBD5A2F 		.ascii	"\273\275Z/@Z}\245\275\316b\370\207\210\340t8\23451\235"
  71      405A7DA5 
  71      BDCE62F8 
  71      8788E074 
  71      389C3531 
  72 0291 E2726389 		.ascii	"\342rc\211\261\2012\004\247\313b\256/r\350\255p2u\241"
  72      B1813204 
  72      A7CB62AE 
  72      2F72E8AD 
  72      703275A1 
  73 02a5 A5C1CD97 		.ascii	"\245\301\315\227\030M\245&\336V#\330\353\252-\274\340"
  73      184DA526 
  73      DE5623D8 
  73      EBAA2DBC 
  73      E0
  74 02b6 106DA2F9 		.ascii	"\020m\242\371\234 \320\342#)Zw\212\364\341r+\357\024"
  74      9C20D0E2 
  74      23295A77 
  74      8AF4E172 
  74      2BEF14
  75 02c9 54CAD855 		.ascii	"T\312\330U\266\212\215\"\245f\033M\345\272\252J\321"
  75      B68A8D22 
  75      A5661B4D 
  75      E5BAAA4A 
  75      D1
  76 02da 52EBB215 		.ascii	"R\353\262\025\350\362\216\002\347\002\215\303\342p\272"
  76      E8F28E02 
  76      E7028DC3 
  76      E270BA
  77 02e9 1AE10FCC 		.ascii	"\032\341\017\314\314\236\367"
  77      CC9EF7
  78              		.text
  79              		.section	.gnu.lto_st_lld_init.95614b29,"",%progbits
  80 0000 789C9D91 		.ascii	"x\234\235\221OH\324A\024\307\337wf\335\375e\250\320"
  80      4F48D441 
  80      14C7DF77 
  80      66DDFD65 
  80      A8D0
  81 0012 49700F5D 		.ascii	"Ip\017]\275\354`A\336\304\203\227@O\356]\324\016\032"
  81      BDEC6041 
  81      DEC48397 
  81      404FEE5D 
  81      D40E1A
  82 0025 0B2BAD74 		.ascii	"\013+\255t\335Ym\0237\260\005\251u\017\362[\021v\335"
  82      DD596D13 
  82      37B005A9 
  82      750FF25B 
  82      1176DD
ARM GAS  C:\Users\8FEE~1\AppData\Local\Temp\cccgnNio.s 			page 6


  83 0038 CA6CFBB3 		.ascii	"\312l\373\263\261\201\270-\035:iv\310\244C \024E\332"
  83      B181B82D 
  83      1D3A6976 
  83      C8A44320 
  83      1445DA
  84 004b 492894D4 		.ascii	"I(\224\324\367~\213\335\3651\303\314|\337\274\317\373"
  84      F77E8BDD 
  84      F531C3CC 
  84      7CDFBCCF 
  84      FB
  85 005c 0ED3408A 		.ascii	"\016\323@\212Z\024Q7\021\265\361\204&\250\364:Q\302"
  85      5A145137 
  85      11B5F184 
  85      26A8F43A 
  85      51C2
  86 006e 51806CAC 		.ascii	"Q\200l\254\003\212+\304q_g4jS\337+\252\275`9\252\231"
  86      038A2BC4 
  86      715F6734 
  86      6A53DF2B 
  86      AABD6039 
  87 0084 F2A5BB36 		.ascii	"\362\245\2736\331\352j\242,O\011\024\320N|m\247t\364"
  87      D9EA6AA2 
  87      2C4F0914 
  87      D04E7C6D 
  87      A774F4
  88 0097 A0C9EFAB 		.ascii	"\240\311\357\253\353X\202\037\274\256|D\325\036\035"
  88      EB58821F 
  88      BCAE7C44 
  88      D51E1D
  89 00a6 4FD9EABB 		.ascii	"O\331\352\273El\366\373\211R\234\226\036\367\264\222"
  89      456CF6FB 
  89      89529C96 
  89      1EF7B492 
  90 00b6 55FF446D 		.ascii	"U\377Dm\377\307F\261Q*\230\3620Y\333\010\314hW\003\002"
  90      FFC746B1 
  90      512A98F2 
  90      3059DB08 
  90      CC685703 
  91 00cb FDFA3B7D 		.ascii	"\375\372;}|\241~LW'm3K\263\237^\277\361\271\230O\260"
  91      7CA17E4C 
  91      57276D33 
  91      4BB39F5E 
  91      BFF1B998 
  92 00e1 9FDC4D72 		.ascii	"\237\334Mr\265\302#\004QD\220\244b\341}\376\255c\226"
  92      B5C22304 
  92      514490A4 
  92      62E17DFE 
  92      AD6396
  93 00f4 ED9D84BD 		.ascii	"\355\235\204\275\354j\215\307p1\347Y\305\023\030\276"
  93      EC6A8DC7 
  93      7031E759 
  93      C51318BE 
  94 0104 B0F921FF 		.ascii	"\260\371!\377\315'H\215\265L\023\226\271\316\363\360"
  94      CD27488D 
  94      B54C1396 
  94      B9CEF3F0 
  95 0114 79FAD4C3 		.ascii	"y\372\324\303\031;<\365:\310k\261\342u\370\377\006\026"
ARM GAS  C:\Users\8FEE~1\AppData\Local\Temp\cccgnNio.s 			page 7


  95      193B3CF5 
  95      3AC86BB1 
  95      E275F8FF 
  95      0616
  96 0126 F1EC94BF 		.ascii	"\361\354\224\277]<'\277\344\361\225\360\237{\374\375"
  96      5D3C27BF 
  96      E4F195F0 
  96      9F7BFCFD 
  97 0136 54F28F16 		.ascii	"T\362\217\026\276\017\001\274\340\252_H\346\016\363"
  97      BE0F01BC 
  97      E0AA5F48 
  97      E60EF3
  98 0145 5AF002A8 		.ascii	"Z\360\002\250Tv\277\004\342\377\254\343\352\206\254"
  98      5476BF04 
  98      E2FFACE3 
  98      EA86AC
  99 0154 18C34BC4 		.ascii	"\030\303K\304%q\370w}\3253\346\307E\274B\220\245\324"
  99      2571F877 
  99      7DD533E6 
  99      C745BC42 
  99      90A5D4
 100 0167 C1D68C53 		.ascii	"\301\326\214S\227\034\224\021tu\200\3660\221[,\300\303"
 100      971C9411 
 100      747580F6 
 100      30915B2C 
 100      C0C3
 101 0179 49A498C1 		.ascii	"I\244\230\301_\305\016\272B!S\037\303#\243C\243\321"
 101      5FC50EBA 
 101      4221531F 
 101      C323A343 
 101      A3D1
 102 018b 5847E735 		.ascii	"XG\3475\023\215\231\221\301\210\031\213\336\032\217"
 102      138D9991 
 102      C188198B 
 102      DE1A8F
 103 019a 99FE70DF 		.ascii	"\231\376p\337\325+\246\267\267\307\204\257\367\335\356"
 103      D52BA6B7 
 103      B7C784AF 
 103      F7DDEE
 104 01a9 90CC406C 		.ascii	"\220\314@l| \022\271\021\032\246\023\010\032\301\255"
 104      7C2012B9 
 104      111AA613 
 104      081AC1AD 
 105              		.text
 106              		.section	.gnu.lto_.symbol_nodes.95614b29,"",%progbits
 107 0000 789C6365 		.ascii	"x\234ce`b(d\000\002\2469L\365\014\014\023\31610\000"
 107      60622864 
 107      0002A639 
 107      4CF50C0C 
 107      13CE3130 
 108 0015 A95D0D8E 		.ascii	"\251]\015\216@\221\271L\365\214(\"\214\363\230\352\231"
 108      4091B94C 
 108      F58C2822 
 108      8CF398EA 
 108      99
 109 0026 C0220C0C 		.ascii	"\300\"\014\014\015\015\016@\201\371L\365\314(\002\013"
 109      0D0D0E40 
ARM GAS  C:\Users\8FEE~1\AppData\Local\Temp\cccgnNio.s 			page 8


 109      81F94CF5 
 109      CC28020B 
 110 0036 98EA5990 		.ascii	"\230\352Y\220\005\230\201\260\345\341?Ff\240=-mo\344"
 110      059881B0 
 110      E5E13F46 
 110      66A03D2D 
 110      6D6FE4
 111 0049 991959C0 		.ascii	"\231\031Y\300|\006\000 \302\033\237"
 111      7C060020 
 111      C21B9F
 112              		.text
 113              		.section	.gnu.lto_.refs.95614b29,"",%progbits
 114 0000 789C6365 		.ascii	"x\234ce`b`d\000\002\000\000I\000\011"
 114      60626064 
 114      00020000 
 114      490009
 115              		.text
 116              		.section	.gnu.lto_.decls.95614b29,"",%progbits
 117 0000 789CBD96 		.ascii	"x\234\275\226{LTW\036\307\357o\316\2000\014H\320l\374"
 117      7B4C5457 
 117      1EC7EF6F 
 117      CE80300C 
 117      48D06CFC 
 118 0014 833F8821 		.ascii	"\203?\210!\221lR\0064Q\367\221\215\224nW\022\330\032"
 118      916C5206 
 118      3451F791 
 118      8D946E57 
 118      12D81A
 119 0027 B1FE4532 		.ascii	"\261\376E2\031g\246:\351<tf\260%\331d\257\002V\320Z"
 119      1967A63A 
 119      E93C7466 
 119      B025D964 
 119      AF0256D0 
 120 003c 296E5B7C 		.ascii	")n[|\254\024_\240\242#\326\027\026E\240(\210/\020\261"
 120      AC145FA0 
 120      A223D617 
 120      1645A028 
 120      882F10B1 
 121 0050 3E180A38 		.ascii	">\030\0128\330\242\210`\345\245\262\277s\316\275\334"
 121      D8A28860 
 121      E5A5B2BF 
 121      73CEBDDC 
 122 0060 611676DD 		.ascii	"a\026v\335\177\366f~w\356\371\335\337\371\374\276\347"
 122      7FF6667E 
 122      77EEF9DD 
 122      DFF9FCBE 
 122      E7
 123 0071 9CDF3933 		.ascii	"\234\33793A\202J\270\036&\010\215D\020\324 \010\343"
 123      41824AB8 
 123      1E26088D 
 123      4410D420 
 123      08E3
 124 0083 78E1A350 		.ascii	"x\341\243P\216\206M\301#\360+\010\355,Z%\332\367h\027"
 124      8E864DC1 
 124      23F02B08 
 124      ED2C5A25 
 124      DAF76817 
ARM GAS  C:\Users\8FEE~1\AppData\Local\Temp\cccgnNio.s 			page 9


 125 0097 D06A857F 		.ascii	"\320j\205\177\277\326a\247\020\374^\211\026\2056[b4"
 125      BFD661A7 
 125      10FC5E89 
 125      1685365B 
 125      6234
 126 00a9 A2DD40BB 		.ascii	"\242\335@\273\211vF\212\015\227\230\315h\267\321\356"
 126      8976468A 
 126      0D9798CD 
 126      68B7D1EE 
 127 00b9 A0DD456B 		.ascii	"\240\335EkG\353\220rt\242u\243\371\320\036K\271\003"
 127      47EB9072 
 127      74A275A3 
 127      F9D01E4B 
 127      B903
 128 00cb AF4CBF9C 		.ascii	"\257L\277\234ch\243h\275h\363\320^I\371k\320\350\270"
 128      6368A368 
 128      BD68F3D0 
 128      5E49F96B 
 128      D0E8B8
 129 00de 06D106D0 		.ascii	"\006\321\006\320^\242\251\244\361L5\216\257\011<\274"
 129      5EA2A9A4 
 129      F14C358E 
 129      AF093CBC 
 130 00ee 5276846C 		.ascii	"Rv\204l#0O\003tVf\242\353\370\223s#\341\334E#\274#\245"
 130      23304F03 
 130      745666A2 
 130      EBF89373 
 130      23E1DC45 
 131 0106 EFC71F15 		.ascii	"\357\307\037\025\371\025\242R\2726\1771\260\177\006"
 131      F915A252 
 131      BA367F31 
 131      B07F06
 132 0115 096341B7 		.ascii	"\011cA\267r<\273)&J\003jl>\277\266\263+\002\233\263"
 132      723CBB29 
 132      264A036A 
 132      6C3EBFB6 
 132      B32B029B 
 133 012a 3510F335 		.ascii	"5\020\3635Q\0255\266\325\250!Ns\220\"\252\207\006\346"
 133      511535B6 
 133      D5A8214E 
 133      739022AA 
 133      8706E6
 134 013d 157C268A 		.ascii	"\025|&\212*8\006\0328\014\004\312 \236.\304<\015\336"
 134      2A38061A 
 134      380C04CA 
 134      209E2EC4 
 134      3C0DDE
 135 0150 378BE246 		.ascii	"7\213\342Fq{\266\030\272T\200\243\020\015G Z\200r\210"
 135      717BB618 
 135      BA5480A3 
 135      100D4720 
 135      5A807288 
 136 0164 A36A681C 		.ascii	"\243jh\034\224\242\363\020:1K\331\376\202\222`R\010"
 136      94A2F310 
 136      3A314BD9 
 136      FE829260 
 136      5208
ARM GAS  C:\Users\8FEE~1\AppData\Local\Temp\cccgnNio.s 			page 10


 137 0176 5481AAFE 		.ascii	"T\201\252\376\302\375\273j\320\304M\01181\005\200\213"
 137      C2FDBB6A 
 137      D0C44D09 
 137      38310580 
 137      8B
 138 0187 E93932B7 		.ascii	"\35192\267>\227\212\361\240\230\343\212\030\324F\277"
 138      3E978AF1 
 138      A098E38A 
 138      18D446BF 
 139 0197 D08B894E 		.ascii	"\320\213\211N\177^W\245j\207\007\200\243\207H6~\000"
 139      7F5E57A5 
 139      6A870780 
 139      A3874836 
 139      7E00
 140 01a9 7E0766AC 		.ascii	"~\007f\2549._\000\314\217^\025\273\363@\346\002\271"
 140      392E5F00 
 140      CC8F5E15 
 140      BBF340E6 
 140      02B9
 141 01bb 87D45649 		.ascii	"\207\324VIM\225\204d\037\2513\370\021\371k\236I\276"
 141      4D958464 
 141      1FA933F8 
 141      11F96B9E 
 141      49BE
 142 01cd 78F1F207 		.ascii	"x\361\362\007\326M\356\015*%\001\200\177\007? \227-"
 142      D64DEE0D 
 142      2A250180 
 142      7F073F20 
 142      972D
 143 01df BD9FD027 		.ascii	"\275\237\320'(\203\003y\235\237\0275\3714^xH\275\305"
 143      28830379 
 143      9D9F1735 
 143      F9345E78 
 143      48BDC5
 144 01f2 4B80F9AE 		.ascii	"K\200\371\256\344\236\034\212 \333Tl\361\177\030\037"
 144      E49E1C8A 
 144      20DB546C 
 144      F17F181F 
 145 0202 AA9EC917 		.ascii	"\252\236\311\027_E\353\242\277iO\030_\374Hl\016oh\275"
 145      5F45EBA2 
 145      BF694F18 
 145      5FFC486C 
 145      0E6F68BD 
 146 0216 A499F315 		.ascii	"\244\231\363\025+\237l1R\005+\177\003\247q\015N\341"
 146      2B9F6C31 
 146      52052B7F 
 146      03A7710D 
 146      4EE1
 147 0228 1A087006 		.ascii	"\032\010p\006\346\340}\225\232\247:Q\357\253T\317-\026"
 147      E6E07D95 
 147      9AA73A51 
 147      EFAB54CF 
 147      2D16
 148 023a 8B3BB04C 		.ascii	"\213;\260L\256&\234/\331$\336\304nKX\034|\247,\017>"
 148      AE269C2F 
 148      D924DEC4 
 148      6E4B581C 
ARM GAS  C:\Users\8FEE~1\AppData\Local\Temp\cccgnNio.s 			page 11


 148      7CA72C0F 
 149 024f E2FD2478 		.ascii	"\342\375$x\001*\240\035\225\237\205\271T\352\326g\305"
 149      012AA01D 
 149      959F85B9 
 149      54EAD667 
 149      C5
 150 0260 33C9432E 		.ascii	"3\311C.\253\256pOg\260\004ko\320\026\211\325\033E\272"
 150      ABAE704F 
 150      67B0046B 
 150      6FD01689 
 150      D51B45BA 
 151 0274 D214754E 		.ascii	"\322\024uNA\235\013DU2\224\267\177\360r\030\371\231"
 151      419D0B44 
 151      553294B7 
 151      7FF07218 
 151      F999
 152 0286 A30A0FDD 		.ascii	"\243\012\017\335\373L\205\250\016Z1\336\270\327\236"
 152      FB4C85A8 
 152      0E5A31DE 
 152      B8D79E
 153 0295 6E71B386 		.ascii	"nq\263\206\213:\257\220\316S\022}\370\236\021\362\316"
 153      8B3AAF90 
 153      CE53127D 
 153      F89E11F2 
 153      CE
 154 02a6 D47E4EC8 		.ascii	"\324~N\310)\302\010\203\227\307rC$B\355H\302\365\012"
 154      29C20883 
 154      97C77243 
 154      2442ED48 
 154      C2F50A
 155 02b9 312788F5 		.ascii	"1'\210\365\257R\372W\311\375/\260\376'\206{\263\011"
 155      AF52FA57 
 155      C9FD2FB0 
 155      FE27867B 
 155      B309
 156 02cb 19E4FD6B 		.ascii	"\031\344\375kF\274\221j\025\257H:]\350\312?\3200J&|"
 156      46BC916A 
 156      15AF483A 
 156      5DE8CA3F 
 156      D0304A26 
 157 02e0 D5C09C57 		.ascii	"\325\300\234Wo\015\264i\247\235\355\0326\333\227@\232"
 157      6F0DB469 
 157      A79DED1A 
 157      36DB9740 
 157      9A
 158 02f1 EE812FAB 		.ascii	"\356\201/\253\367\316\220E\345\223\322}\233\252\227"
 158      F7CE9045 
 158      E593D27D 
 158      9BAA97
 159 0300 B120B8A8 		.ascii	"\261 \270\250\250\272(\253\252e\252\362O\267\264\253"
 159      A8BA28AB 
 159      AA65AAF2 
 159      4FB7B4AB 
 160 0310 359B299F 		.ascii	"5\233)\237\3552\272\352\362>\023\240\216n\033\320EC"
 160      ED32BAEA 
 160      F23E13A0 
 160      8E6E1BD0 
ARM GAS  C:\Users\8FEE~1\AppData\Local\Temp\cccgnNio.s 			page 12


 160      4543
 161 0322 02DBA1AD 		.ascii	"\002\333\241\255\303U\243ZrYM\207\240\356\3307\320\033"
 161      C355A35A 
 161      72594D87 
 161      A0EED837 
 161      D01B
 162 0334 0C71D100 		.ascii	"\014q\321\000\032\264\203\362\211\"\300\025\224\377"
 162      1AB483F2 
 162      8922C015 
 162      94FF
 163 0342 839405AF 		.ascii	"\203\224\005\257\235\"\322\373\377N\335\3748\350/\021"
 163      9D22D2FB 
 163      FF4EDDFC 
 163      38E82F11 
 164 0352 C91C0116 		.ascii	"\311\034\001\0260*\324\343^\276\302\3224`\332\313\230"
 164      302AD4E3 
 164      5EBEC2D2 
 164      3460DACB 
 164      98
 165 0363 76A718C2 		.ascii	"v\247\030\302<\230p\353\323[\337h\243\2663u\242\030"
 165      3C9870EB 
 165      D35BDF68 
 165      A3B63375 
 165      A218
 166 0375 038CAD8C 		.ascii	"\003\214\255\214\277\021\242d\221\254\201=\272\307\312"
 166      BF11A264 
 166      91AC813D 
 166      BAC7CA
 167 0384 2B2378F1 		.ascii	"+#x\361\006cs\350x\361\365\360i\207\327$\017\357*?\201"
 167      066373E8 
 167      78F1F5F0 
 167      6987D724 
 167      0FEF2A3F 
 168 0399 5EE4E70E 		.ascii	"^\344\347\016I\307\336\014l\226\372vo\323\362\312_\214"
 168      49C7DE0C 
 168      6C96FA76 
 168      6FD3F2CA 
 168      5F8C
 169 03ab CDFB378F 		.ascii	"\315\3737\217\326\207\007\212\271\216\260k\014v\203"
 169      D687078A 
 169      B98EB06B 
 169      0C7683
 170 03ba 8969E262 		.ascii	"\211i\342bn01\336\341\266v\2556\177\342\010c\025\242"
 170      6E3031DE 
 170      E1B676AD 
 170      367FE208 
 170      6315A2
 171 03cd A4BF095A 		.ascii	"\244\277\011ZyU\360\021\343{\016\211\270\015\233\330"
 171      7955F011 
 171      E37B0E89 
 171      B80D9BD8 
 172 03dd FC42DE89 		.ascii	"\374B\336\211\226\2220\\\315j\254\367\361]$\357\204"
 172      9692305C 
 172      CD6AACF7 
 172      F15D24EF 
 172      84
 173 03ee A7618338 		.ascii	"\247a\2038;'\224An)\013z+\260\340\233\331\302\366\277"
ARM GAS  C:\Users\8FEE~1\AppData\Local\Temp\cccgnNio.s 			page 13


 173      3B279441 
 173      6E290B7A 
 173      2BB0E09B 
 173      D9C2F6BF 
 174 0402 BC5A4048 		.ascii	"\274Z@H~\020c}\333x\270\213H\254\332\221\305\275\025"
 174      7E10637D 
 174      DB78B88B 
 174      48ACDA91 
 174      C5BD15
 175 0415 A288A724 		.ascii	"\242\210\247$\036\342\224\325\242\260Z\002Y\267\031"
 175      1EE294D5 
 175      A2B05A02 
 175      59B719
 176 0424 ABF6E59D 		.ascii	"\253\366\345\235\362\031d\027gm\332Q\366&Hbuyc\367\356"
 176      F2196417 
 176      676DDA51 
 176      F6264862 
 176      757963F7 
 177 0439 639BBA78 		.ascii	"c\233\272x)\337?\255\012\2545\020v\207\301\016\016\015"
 177      29DF3FAD 
 177      0AAC3510 
 177      7687C10E 
 177      0E0D
 178 044b 6F8920C7 		.ascii	"o\211 \3078,\367\365@G\204\004k\336I\370\246\376\226"
 178      382CF7F5 
 178      40478404 
 178      6BDE49F8 
 178      A6FE96
 179 045e 6FEA3605 		.ascii	"o\3526\005\325\026\210\272\313Pm\276\032\0239\313I\207"
 179      D51688BA 
 179      CB506DBE 
 179      1A1339CB 
 179      4987
 180 0470 CBFFE989 		.ascii	"\313\377\351\211 \365\274\261\245\246vw0\356%\270\307"
 180      20F5BCB1 
 180      A5A67677 
 180      30EE25B8 
 180      C7
 181 0481 EA70EA0D 		.ascii	"\352p\352\015W\3479\362:b\332\275\365\220\355\255\007"
 181      57E739F2 
 181      3A62DABD 
 181      F590EDAD 
 181      07
 182 0492 F2DEF2ED 		.ascii	"\362\336\362\355\372\312#\257FO%\331V\326\276U,\336"
 182      FACA23AF 
 182      464F25D9 
 182      56D6BE55 
 182      2CDE
 183 04a4 202EB9A2 		.ascii	" .\271\242\242\221\360\243\254\025\356\203\232\266&"
 183      A291F0A3 
 183      AC15EE83 
 183      9AB626
 184 04b3 CB6D6772 		.ascii	"\313mgr\207\177\275t)\204\024\0043\211U\247\237\266"
 184      877FBD74 
 184      29841404 
 184      338955A7 
 184      9FB6
ARM GAS  C:\Users\8FEE~1\AppData\Local\Temp\cccgnNio.s 			page 14


 185 04c5 80B2BC5F 		.ascii	"\200\262\274_\234\364_^\2572to \253\203\261J\356\376"
 185      9CF45F5E 
 185      AF32746F 
 185      20AB83B1 
 185      4AEEFE
 186 04d8 58114C0E 		.ascii	"X\021L\016pV\323\256-\203\241\022\2533o\362,\376\244"
 186      7056D3AE 
 186      2D83A112 
 186      AB336FF2 
 186      2CFEA4
 187 04eb A07E0A44 		.ascii	"\240~\012Du2\324\216\003\227\363\324\244\222\243\032"
 187      7532D48E 
 187      0397F3D4 
 187      A492A31A 
 188 04fb 2E8E1E0B 		.ascii	".\216\036\013\232\250\224\270\276I\225\322\245\260\272"
 188      9AA894B8 
 188      BE4995D2 
 188      A5B0BA
 189 050a 0259DD8C 		.ascii	"\002Y\335\214\325\320]^\023A\256qV\321\275\336oB'*%"
 189      D5D05D5E 
 189      1341AE71 
 189      56D1BDDE 
 189      6F42272A 
 190 051f A17472A5 		.ascii	"\241tr\245<R`\217\002a>\006\353\330\333S\030N:9\354"
 190      3C52608F 
 190      02613E06 
 190      EBD8DB53 
 190      184E3A39 
 191 0534 EA857DAD 		.ascii	"\352\205}\255\262\260\346=\223\307\330\243\240z\002"
 191      B2B0E63D 
 191      93C7D8A3 
 191      A07A02
 192 0543 518F196A 		.ascii	"Q\217\031j\347\371\027\215A|g\207`\363\321\251\3277"
 192      E7F9178D 
 192      417C6787 
 192      60F3D1A9 
 192      D737
 193 0555 B4A48F93 		.ascii	"\264\244\217\2237\037\335VK\350\031\221\375V\1774\260"
 193      371FDD56 
 193      4BE81991 
 193      FD567F34 
 193      B0
 194 0566 C783428F 		.ascii	"\307\203B\217\010d\200w\257\030\367\335\014!C\274!\377"
 194      08648077 
 194      AF18F7DD 
 194      0C2143BC 
 194      21FF
 195 0578 5846F11F 		.ascii	"XF\361\037\313\323\276\206z\015?AD\240\277\001\345o"
 195      CBD3BE86 
 195      7A0D3F41 
 195      44A0BF01 
 195      E56F
 196 058a 9A54E415 		.ascii	"\232T\344\025\217-~SP\022&\347\335\374\026y\2037VWn"
 196      8F2D7E53 
 196      501226E7 
 196      DDFC1679 
 196      83375657 
ARM GAS  C:\Users\8FEE~1\AppData\Local\Temp\cccgnNio.s 			page 15


 197 059f 07888D8D 		.ascii	"\007\210\215\215\215\213\235U\"\346d\213\325m\217I_"
 197      8D8B9D55 
 197      22E6648B 
 197      D56D8F49 
 197      5F
 198 05b0 552956CE 		.ascii	"U)V\316\3769\320\213\225\375\013\316\304\020\314RH?"
 198      FE39D08B 
 198      95FD0BCE 
 198      C410CC52 
 198      483F
 199 05c2 B3624EC4 		.ascii	"\263bN\304\233\300{\374\322G\347.\207\260\360'\201\341"
 199      9BC07BFC 
 199      D247E72E 
 199      87B0F027 
 199      81E1
 200 05d4 3A1A7D14 		.ascii	":\032}\024x\370\016\014\037\225\303\237cx\377\324t\036"
 200      78F80E0C 
 200      1F95C39F 
 200      6378FFD4 
 200      741E
 201 05e6 CFFF80DD 		.ascii	"\317\377\200\335\241\361b$\015\023\2445\021&r\373\372"
 201      A1F16224 
 201      0D13A435 
 201      112672FB 
 201      FA
 202 05f7 C8612CA8 		.ascii	"\310a,\250\274`\226\374\351\224\311\231\324\002\351"
 202      BC6096FC 
 202      E994C999 
 202      D402E9
 203 0606 905DA216 		.ascii	"\220]\242\026\340\031\276\356cyh0\"\341W\234\235\227"
 203      E019BEEE 
 203      63796830 
 203      22E1579C 
 203      9D97
 204 0618 100B8368 		.ascii	"\020\013\203h\003h/ V\376ss\273\356q\321Lra\006\373"
 204      03682F20 
 204      56FE7373 
 204      BBEE71D1 
 204      4C726106 
 205 062d 0FB9C3B3 		.ascii	"\017\271\303\263a\273\006\342fqe\365\317H\266(\002\214"
 205      61BB06E2 
 205      667165F5 
 205      CF48B628 
 205      028C
 206 063f 22655829 		.ascii	"\"eX)\030*t\352\2040\202y\336\"\347?\232\276\254\013"
 206      182A74EA 
 206      84308279 
 206      DE22E73F 
 206      9ABEAC0B 
 207 0653 F63FE547 		.ascii	"\366?\345G\375\006%\300\030h\331\357\355\030;\342\237"
 207      FD0625C0 
 207      1868D9EF 
 207      ED183BE2 
 207      9F
 208 0664 3CA86850 		.ascii	"<\250hP\373\007\327L\372Ix%\005\323\357\220\277\374"
 208      FB07D74C 
 208      FA497825 
ARM GAS  C:\Users\8FEE~1\AppData\Local\Temp\cccgnNio.s 			page 16


 208      05D3EF90 
 208      BFFC
 209 0676 F5C398E4 		.ascii	"\365\303\230\344\304DA\243\327gZ\354\356\005\363\365"
 209      C44441A3 
 209      D7675AEC 
 209      EE05F3F5 
 210 0686 EEBF997E 		.ascii	"\356\277\231~\237a\\cYeq\2713M\026\207~\255\323\274"
 210      9F615C63 
 210      596571B9 
 210      334D1687 
 210      7EADD3BC 
 211 069a DE62FE24 		.ascii	"\336b\376$\361w\376\336\014\267\303aue\254\266g\306"
 211      F177FEDE 
 211      0CB7C361 
 211      7565ACB6 
 211      67C6
 212 06ac B0A71883 		.ascii	"\260\247\030\203\323\026c\266\2552\233LfS\306\302\370"
 212      D31663B6 
 212      AD329B4C 
 212      6653C6C2 
 212      F8
 213 06bd 0531F313 		.ascii	"\0051\363\023\022\027\255K\314@\377;v\207\335\374\216"
 213      1217AD4B 
 213      CC40FF3B 
 213      7687DDFC 
 213      8E
 214 06ce D9B0CA92 		.ascii	"\331\260\312\222a\261\033\255\231&s\206\315\200,\273"
 214      61B11BAD 
 214      99267386 
 214      CD802CBB 
 215 06de 39436F32 		.ascii	"9Co2\177d\310\264\272\365\356\254\265fW\374\032!DV\261"
 215      7F64C8B4 
 215      BAF5EEAC 
 215      B56657FC 
 215      1A214456 
 216 06f3 EEFFA0C2 		.ascii	"\356\377\240\302\225\345\312\320\273\334&L\211\251g"
 216      95E5CAD0 
 216      BBDC264C 
 216      89A967
 217 0702 A667B956 		.ascii	"\246g\271VX\214\037\353\227\032\354&\253\331\371\247"
 217      588C1FEB 
 217      971AEC26 
 217      ABD9F9A7 
 218 0712 F8781DFF 		.ascii	"\370x\035\377\260\214\016W\342\242\205:\207K\267\306"
 218      B08C0E57 
 218      E2A2853A 
 218      874BB7C6 
 219 0722 60D5AD75 		.ascii	"`\325\255u8\335.]\372\212\264\005\363u\251\251\357\351"
 219      38DD2E5D 
 219      FA8AB405 
 219      F375A9A9 
 219      EFE9
 220 0734 56A4A4AD 		.ascii	"V\244\244\255O\244o\020\247\267ZM\361F!\214?\351-v\213"
 220      4FA46F10 
 220      A7B75A4D 
 220      F146218C 
 220      3FE92D76 
ARM GAS  C:\Users\8FEE~1\AppData\Local\Temp\cccgnNio.s 			page 17


 221 0749 3B4A4F3B 		.ascii	";JO;\350-\316uz\363Z\213\325\261:\323\274x\032\272\321"
 221      E82DCE75 
 221      7AF35A8B 
 221      D5B13AD3 
 221      BC781ABA 
 222 075e 61B339EC 		.ascii	"a\2639\354R\202\244\345i\311i\237b\204\321\3414\353"
 222      5282A4E5 
 222      69C9699F 
 222      6284D1E1 
 222      34EB
 223 0770 D72FB2A1 		.ascii	"\327/\262\241\314(\343\032&\324fvJBS~;\015\313\351\326"
 223      CC28E31A 
 223      26D46676 
 223      4A42537E 
 223      3B0DCBE9 
 224 0785 4943C517 		.ascii	"IC\305\0278X\354\035m_o1\246\233\335\210p\233m\022`"
 224      3858EC1D 
 224      6D5F6F31 
 224      A69BDD88 
 224      709B6D12 
 225 079a 99D3E270 		.ascii	"\231\323\342pZ\334Y\013\377\353\210%u\222.\312B\246"
 225      5ADC590B 
 225      FFEB8825 
 225      75922ECA 
 225      42A6
 226 07ac DAB8C6E0 		.ascii	"\332\270\306\340\214r\270\014V\244\246:\214\037\277"
 226      8C72B80C 
 226      56A4A63A 
 226      8C1FBF
 227 07bb EF74D852 		.ascii	"\357t\330R\322\227O'\213\342h4\325G\277\021\021\311"
 227      D2974F27 
 227      8BE26834 
 227      D547BF11 
 227      11C9
 228 07cd 06E5D7   		.ascii	"\006\345\327"
 229 07d0 378A4D98 		.ascii	"7\212M\230\025\035\372\217\320\243\267\270\234\241\023"
 229      151DFA8F 
 229      D0A3B7B8 
 229      9CA113
 230 07df AE70BDDE 		.ascii	"\256p\275\336ev\353\337MJ\377\363\262\345)\341\006\353"
 230      6576EBDF 
 230      4D4AFFF3 
 230      B2E529E1 
 230      06EB
 231 07f1 27862C17 		.ascii	"'\206,\027N\264\025K\352\217\377y^\315\237\272u\311"
 231      4EB4154B 
 231      EA8FFF79 
 231      5ECD9FBA 
 231      75C9
 232 0803 69E929E9 		.ascii	"i\351)\351\312\314\330\\\026\227~\265\221\216d\026\225"
 232      CACCD85C 
 232      16977EB5 
 232      918E6416 
 232      95
 233 0814 F3C1E4C9 		.ascii	"\363\301\344\311\235-\015\354C\273\325O\036\323;\311"
 233      9D2D0DEC 
 233      43BBD54F 
ARM GAS  C:\Users\8FEE~1\AppData\Local\Temp\cccgnNio.s 			page 18


 233      1ED33BC9 
 234 0824 359BC9CB 		.ascii	"5\233\311\313\264O\322\034\346\347$+\223R\325\251\037"
 234      B44FD21C 
 234      E6E7242B 
 234      9352D5A9 
 234      1F
 235 0835 24BDA74E 		.ascii	"$\275\247N^\261<5(9)5\345\335?\374\317ji!\030m\213P"
 235      5EB13C35 
 235      28392935 
 235      E5DD3FFC 
 235      CF6A6921 
 236 084d AC56AED7 		.ascii	"\254V\256\327\025\270w\376\005\362\011\340\005"
 236      15B877FE 
 236      05F209E0 
 236      05
 237              		.text
 238              		.section	.gnu.lto_.symtab.95614b29,"",%progbits
 239 0000 53797354 		.ascii	"SysTick_Handler\000"
 239      69636B5F 
 239      48616E64 
 239      6C657200 
 240 0010 00       		.ascii	"\000"
 241 0011 00       		.ascii	"\000"
 242 0012 00       		.ascii	"\000"
 243 0013 00000000 		.ascii	"\000\000\000\000\000\000\000\000"
 243      00000000 
 244 001b B8000000 		.ascii	"\270\000\000\000"
 245 001f 73745F6C 		.ascii	"st_lld_init\000"
 245      6C645F69 
 245      6E697400 
 246 002b 00       		.ascii	"\000"
 247 002c 00       		.ascii	"\000"
 248 002d 00       		.ascii	"\000"
 249 002e 00000000 		.ascii	"\000\000\000\000\000\000\000\000"
 249      00000000 
 250 0036 BA000000 		.ascii	"\272\000\000\000"
 251 003a 5F706F72 		.ascii	"_port_irq_epilogue\000"
 251      745F6972 
 251      715F6570 
 251      696C6F67 
 251      756500
 252 004d 00       		.ascii	"\000"
 253 004e 02       		.ascii	"\002"
 254 004f 00       		.ascii	"\000"
 255 0050 00000000 		.ascii	"\000\000\000\000\000\000\000\000"
 255      00000000 
 256 0058 BC000000 		.ascii	"\274\000\000\000"
 257 005c 63685379 		.ascii	"chSysTimerHandlerI\000"
 257      7354696D 
 257      65724861 
 257      6E646C65 
 257      724900
 258 006f 00       		.ascii	"\000"
 259 0070 02       		.ascii	"\002"
 260 0071 00       		.ascii	"\000"
 261 0072 00000000 		.ascii	"\000\000\000\000\000\000\000\000"
 261      00000000 
ARM GAS  C:\Users\8FEE~1\AppData\Local\Temp\cccgnNio.s 			page 19


 262 007a BE000000 		.ascii	"\276\000\000\000"
 263 007e 6E766963 		.ascii	"nvicSetSystemHandlerPriority\000"
 263      53657453 
 263      79737465 
 263      6D48616E 
 263      646C6572 
 264 009b 00       		.ascii	"\000"
 265 009c 02       		.ascii	"\002"
 266 009d 00       		.ascii	"\000"
 267 009e 00000000 		.ascii	"\000\000\000\000\000\000\000\000"
 267      00000000 
 268 00a6 C3000000 		.ascii	"\303\000\000\000"
 269              		.text
 270              		.section	.gnu.lto_.opts,"",%progbits
 271 0000 272D666D 		.ascii	"'-fmath-errno' '-fsigned-zeros' '-ftrapping-math' '"
 271      6174682D 
 271      6572726E 
 271      6F272027 
 271      2D667369 
 272 0033 2D666E6F 		.ascii	"-fno-trapv' '-fno-openmp' '-fno-openacc' '-mcpu=cor"
 272      2D747261 
 272      70762720 
 272      272D666E 
 272      6F2D6F70 
 273 0066 7465782D 		.ascii	"tex-m7' '-mno-thumb-interwork' '-mthumb' '-ggdb' '-"
 273      6D372720 
 273      272D6D6E 
 273      6F2D7468 
 273      756D622D 
 274 0099 4F322720 		.ascii	"O2' '-fomit-frame-pointer' '-falign-functions=16' '"
 274      272D666F 
 274      6D69742D 
 274      6672616D 
 274      652D706F 
 275 00cc 2D666675 		.ascii	"-ffunction-sections' '-fdata-sections' '-fno-common"
 275      6E637469 
 275      6F6E2D73 
 275      65637469 
 275      6F6E7327 
 276 00ff 2720272D 		.ascii	"' '-flto'\000"
 276      666C746F 
 276      2700
 277              		.text
 278              		.comm	__gnu_lto_v1,1,1
 279              		.comm	__gnu_lto_slim,1,1
 280              		.ident	"GCC: (GNU Tools for ARM Embedded Processors 6-2017-q1-update) 6.3.1 20170215 (release) [AR
ARM GAS  C:\Users\8FEE~1\AppData\Local\Temp\cccgnNio.s 			page 20


DEFINED SYMBOLS
                            *ABS*:00000000 hal_st_lld.c
                            *COM*:00000001 __gnu_lto_v1
                            *COM*:00000001 __gnu_lto_slim

NO UNDEFINED SYMBOLS
