ARM GAS  C:\Users\8FEE~1\AppData\Local\Temp\ccYyM3Vc.s 			page 1


   1              		.cpu cortex-m7
   2              		.eabi_attribute 20, 1
   3              		.eabi_attribute 21, 1
   4              		.eabi_attribute 23, 3
   5              		.eabi_attribute 24, 1
   6              		.eabi_attribute 25, 1
   7              		.eabi_attribute 26, 1
   8              		.eabi_attribute 30, 2
   9              		.eabi_attribute 34, 1
  10              		.eabi_attribute 18, 4
  11              		.file	"hal_pal_lld.c"
  12              		.text
  13              	.Ltext0:
  14              		.section	.gnu.lto_.profile.95615b61,"",%progbits
  15 0000 789C6365 		.ascii	"x\234ce`b`c```dx\317\370\226\021\000\006H\001\355"
  15      60626063 
  15      60606064 
  15      78CFF896 
  15      11000648 
  16              		.text
  17              		.section	.gnu.lto_.icf.95615b61,"",%progbits
  18 0000 789C6365 		.ascii	"x\234ce`b\340c@\000&\206'\315{\233\370\030\257?^\373"
  18      6062E063 
  18      40002686 
  18      27CD7B9B 
  18      F818AF3F 
  19 0016 90950100 		.ascii	"\220\225\001\000.\012\006\032"
  19      2E0A061A 
  20              		.text
  21              		.section	.gnu.lto_.jmpfuncs.95615b61,"",%progbits
  22 0000 789C6365 		.ascii	"x\234ce`b\020`@\000&\006FF\306zFf \311^__\317\000\000"
  22      60621060 
  22      40002606 
  22      4646C67A 
  22      466620C9 
  23 001a 0D4C0227 		.ascii	"\015L\002'"
  24              		.text
  25              		.section	.gnu.lto_.inline.95615b61,"",%progbits
  26 0000 789C6365 		.ascii	"x\234ce`b\330\305\200\000L\014\014\213\031\02712\262"
  26      6062D8C5 
  26      80004C0C 
  26      0C8B1917 
  26      3132B2
  27 0013 33283032 		.ascii	"3(020+\200I\0070\231\000&\033\030\301\324\002\010u\000"
  27      302B8049 
  27      07309900 
  27      261B18C1 
  27      D4020875 
  28 0028 423108BC 		.ascii	"B1\010\274a|\260\231\217\301g\302!\026&\006\306\027"
  28      617CB099 
  28      8FC167C2 
  28      21162606 
  28      C617
  29 003a EC501244 		.ascii	"\354P\022Dp\200\231\034 B\000\314\024\000\021\012`\246"
  29      7080991C 
  29      204200CC 
  29      1400110A 
ARM GAS  C:\Users\8FEE~1\AppData\Local\Temp\ccYyM3Vc.s 			page 2


  29      60A6
  30 004c 02887000 		.ascii	"\002\210p\0003\035@D\003#\023\204\002\223L\020\016\023"
  30      331D4044 
  30      03231384 
  30      02934C10 
  30      0E13
  31 005e C8598C0C 		.ascii	"\310Y\214\014\347\030\3662122\001\255c`\316k9\257\300"
  31      E718F632 
  31      31323201 
  31      AD6360CE 
  31      6B39AFC0 
  32 0072 2031E722 		.ascii	" 1\347\"3\023\203\330\234]L,`\227\003\0000\" \263"
  32      331383D8 
  32      9C5D4C2C 
  32      60970300 
  32      302220B3 
  33              		.text
  34              		.section	.gnu.lto_.pureconst.95615b61,"",%progbits
  35 0000 789C6365 		.ascii	"x\234ce`b`e`\000\222R\214R\000\001\005\000D"
  35      60626065 
  35      60009252 
  35      8C520001 
  35      050044
  36              		.text
  37              		.section	.gnu.lto__pal_lld_init.95615b61,"",%progbits
  38 0000 789CA59B 		.ascii	"x\234\245\233iPTW\032\206\373\334{Av\0235\321\250I\314"
  38      69505457 
  38      1A86FBDC 
  38      7B417613 
  38      35D1A849 
  39 0015 428C2691 		.ascii	"B\214&\221\250Y\314n\022\263\031\0235\313\357\231I\246"
  39      A859CC6E 
  39      12B31913 
  39      35CBEF99 
  39      49A6
  40 0027 B254A5C6 		.ascii	"\262T\245\306\324dj\376\246AT\024\025W\026\025AQAQA"
  40      D4646AFE 
  40      A6415414 
  40      15571615 
  40      41514151 
  41 003c 11374411 		.ascii	"\0217D\021\005qC\024\334\227\270\001\342\006\212;\012"
  41      05714314 
  41      DC97B801 
  41      E2068A3B 
  41      0A
  42 004d 73BEB7CF 		.ascii	"s\276\267\317\341\334\026\272\350{\306\322O\273\271"
  42      E1DC16BA 
  42      E87BC6D2 
  42      4FBBB9
  43 005c 3CF7E9DB 		.ascii	"<\367\351\333\237\017\320h\200\313p\375\364\221\313"
  43      9F0FD068 
  43      80CB70FD 
  43      F491CB
  44 006b 35D2E572 		.ascii	"5\322\345r\365\342\277\230\351b\306\264r\227+:\310`"
  44      F5E2BF98 
  44      E962C6B4 
  44      72972B3A 
ARM GAS  C:\Users\8FEE~1\AppData\Local\Temp\ccYyM3Vc.s 			page 3


  44      C860
  45 007d 8CFEE00E 		.ascii	"\214\376\340\016b\256?\015\366'K0\223LV<\241f\203\321"
  45      62AE3F0D 
  45      F6274B30 
  45      934C563C 
  45      A16683D1 
  46 0091 2FD3CD7F 		.ascii	"/\323\315\177\024%5\004\216w\217\353\221f\272\\)\374"
  46      14253504 
  46      8E778FEB 
  46      9166BA5C 
  46      29FC
  47 00a3 17FD6099 		.ascii	"\027\375`\231\254\037?j\177l\356<s\252\231f2f\361\233"
  47      AC1F3F6A 
  47      7F6CEE3C 
  47      73AA9966 
  47      3266F19B 
  48 00b7 D7F6CE39 		.ascii	"\327\366\3169\027A7\015\326\207\337\254k\316\251\265"
  48      1741370D 
  48      D687DFAC 
  48      6BCEA9B5 
  49 00c7 CC8F998B 		.ascii	"\314\217\231\213\377y\351\251\271\243\373.v\273c\334"
  49      FF79E9A9 
  49      B9A3FB2E 
  49      76BB63DC 
  50 00d7 45976799 		.ascii	"E\227g\231\356\347\323L\223-c&\347\261\245\2547\313"
  50      EEE7D34C 
  50      932D6326 
  50      E7B1A5AC 
  50      37CB
  51 00e9 62BD5DFC 		.ascii	"b\275]\374.\027\313f}\351\360\263\253\232g\207\007Z"
  51      2E17CB66 
  51      7DE9F0B3 
  51      AB9A6787 
  51      075A
  52 00fb 9EF3B1E5 		.ascii	"\236\363\261\345,\220\361\337s\016\260\"ws\313\004\216"
  52      2C90F1DF 
  52      730EB022 
  52      7773CB04 
  52      8E
  53 010c 58CCF60F 		.ascii	"X\314\366\017\317`\006\177\037\313\244\021@#\220F\020"
  53      CF60067F 
  53      1FCBA411 
  53      40239046 
  53      10
  54 011d 234630FD 		.ascii	"#F0\3751\204F(\2150\032\3414\"ht\246\361\010\215Git"
  54      31844628 
  54      8D301AE1 
  54      34226874 
  54      A6F1088D 
  55 0134 A1D19546 		.ascii	"\241\321\225F7\032\217\321x\234Fw\032=h<A\243'\215^"
  55      371A8FD1 
  55      789C4677 
  55      1A3D683C 
  55      41A3278D 
  56 0149 3448D67A 		.ascii	"4H\326z\222\306S4\236\246\321\207\30634\236\245\361"
  56      92C65334 
  56      9EA6D187 
ARM GAS  C:\Users\8FEE~1\AppData\Local\Temp\ccYyM3Vc.s 			page 4


  56      C633349E 
  56      A5F1
  57 015b 1C8DE769 		.ascii	"\034\215\347iD\322x\201F_\032/\322\350G\243?\215\227"
  57      44D27881 
  57      465F1A2F 
  57      D2E847A3 
  57      3F8D97
  58 016e 68BC4CE3 		.ascii	"h\274L\343\025\032\003hD\321x\225\306@\032\203h\014"
  58      151A0368 
  58      44D17895 
  58      C6401A83 
  58      680C
  59 0180 A6F11A8D 		.ascii	"\246\361\032\215\327i\274A\343M\032Ch\274E\343m\032"
  59      D769BC41 
  59      E34D1A43 
  59      68BC45E3 
  59      6D1A
  60 0192 EFD07897 		.ascii	"\357\320x\227\306{4\336\247\361\001\215\2414>\244\361"
  60      C67B34DE 
  60      A7F1018D 
  60      A1343EA4 
  60      F1
  61 01a3 118D8F69 		.ascii	"\021\215\217i\014\243\361\011\215Oi|F\343s\032_\320"
  61      0CA3F109 
  61      8D4F697C 
  61      46E3731A 
  61      5FD0
  62 01b5 184EE34B 		.ascii	"\030N\343K\032#h|E\343k\032#i\214\2421\232\30674\276"
  62      1A23687C 
  62      45E36B1A 
  62      23698CA2 
  62      319AC637 
  63 01cb A5F11D8D 		.ascii	"\245\361\035\215\357i\270\\\223\370SG{\025o\032\364"
  63      EF69B85C 
  63      93F85347 
  63      7B156F1A 
  63      F4
  64 01dc BB59C78A 		.ascii	"\273Y\307\2127\326\035\331\026B\317f\252i\360'9q\\\361"
  64      37D61DD9 
  64      1642CF66 
  64      AA69F027 
  64      39715CF1 
  65 01f0 BE4EB42E 		.ascii	"\276N\264.\001X\221\330\324\222\232`\317MwC\234\233"
  65      015891D8 
  65      D4929A60 
  65      CF4D7743 
  65      9C9B
  66 0202 16EAD25F 		.ascii	"\026\352\322_M\033\002\322Xj4_\303>if [\311we\005\337"
  66      4D1B02D2 
  66      586A345F 
  66      C33E6966 
  66      205BC977 
  67 0219 153AFE7A 		.ascii	"\025:\376zb\305\351\260\250\025\356X\226fvb9,\215%c"
  67      62C5E9B0 
  67      A815EE58 
  67      96667662 
  67      392C8D25 
ARM GAS  C:\Users\8FEE~1\AppData\Local\Temp\ccYyM3Vc.s 			page 5


  68 022e 3B592E8B 		.ascii	";Y.\213r\325\261\261w\3063\317\271L\317\351\026\327"
  68      72D5B1B1 
  68      77C633CF 
  68      B94CCFE9 
  68      16D7
  69 0240 65DCC476 		.ascii	"e\334\304vZ\254\2453[\305)\\)1\230\216qv\252\325\352"
  69      5AACA533 
  69      5BC5295C 
  69      2931988E 
  69      7176AAD5 
  70 0255 54792C8A 		.ascii	"Ty,\212\363\011\264q\351Q\323s\272\000g\2645\240\321"
  70      F309B471 
  70      E951D373 
  70      BA0067B4 
  70      35A0D1
  71 0268 7EB3FC87 		.ascii	"~\263\374\207\304\011\366\377\210\256U\350u$\032\350"
  71      C409F6FF 
  71      88AE55E8 
  71      75241AE8 
  72 0278 AA6631E9 		.ascii	"\252f1\351\031\011\246@\035^\270yfD\377,\374%/\335h"
  72      1909A640 
  72      1D5EB879 
  72      6644FF2C 
  72      FC252FDD 
  73 028d A4A407A5 		.ascii	"\244\244\007\245\231A.\3617|=\353o\177\216L<G\267w\354"
  73      99412EF1 
  73      377C3DEB 
  73      6F7F8E4C 
  73      3C47B777 
  74 02a2 8A0B1327 		.ascii	"\212\013\023'\347 \332\270\340T3\210m\020\347\237\237"
  74      E720DAB8 
  74      E0543388 
  74      6D10E79F 
  74      9F
  75 02b3 BCBE3182 		.ascii	"\274\2761\202\237\177\032\334B\330F\030\030.\2741\177"
  75      9F7F1ADC 
  75      42D84618 
  75      182EBC31 
  75      7F
  76 02c4 D3F6B7FF 		.ascii	"\323\366\267\377|@oK\217\340'b\005,\212D\\l\023\373"
  76      7C406F4B 
  76      8FE02762 
  76      052C8A44 
  76      5C6C13FB 
  77 02d8 93CCFA08 		.ascii	"\223\314\372\010\255\370\352\254h\303\034\216\023\326"
  77      ADF8EAAC 
  77      68C31C8E 
  77      13D6
  78 02e6 EFDF3A96 		.ascii	"\357\337:\226Ef \034\245s\303R\334E\261\034\034\312"
  78      4566201C 
  78      A573C352 
  78      DC45B11C 
  78      1CCA
  79 02f8 0ABDDB01 		.ascii	"\012\275\333\001\343\315,\222\277\307\215\343g\313\031"
  79      E3CD2C92 
  79      BFC78DE3 
  79      67CB19
ARM GAS  C:\Users\8FEE~1\AppData\Local\Temp\ccYyM3Vc.s 			page 6


  80 0307 198732B7 		.ascii	"\031\2072\267\233\257\021\333\302\337\356\375\270g7"
  80      9BAF11DB 
  80      C2DFEEFD 
  80      B86737
  81 0316 8FCB0C69 		.ascii	"\217\313\014i\003\015z8H\200\026\261H\272\024\374)\210"
  81      030D7A38 
  81      488016B1 
  81      48BA14FC 
  81      2988
  82 0328 D958D7F2 		.ascii	"\331X\327\362\237\3266\305z\256\332\374@\034\301O\215"
  82      9FD636C5 
  82      7AAEDAFC 
  82      401CC14F 
  82      8D
  83 0339 4CA5782E 		.ascii	"L\245x.\223\314\027\333\312\037\236\213\025\323\223"
  83      93CC17DB 
  83      CA1F9E8B 
  83      15D393
  84 0348 39D27E35 		.ascii	"9\322~5\203\274\256&\177\262\302\350*nk{\025\323[*\371"
  84      83BCAE26 
  84      7FB2C2E8 
  84      2A6E6B7B 
  84      15D35B2A 
  85 035d E1E16C3B 		.ascii	"\341\341l;.\244\351!\262\022,Jq\342\316\376\304\266"
  85      2EA4E921 
  85      B2122C4A 
  85      71E2CEFE 
  85      C4B6
  86 036f 8343018E 		.ascii	"\203C\001\216\316??=\304\003\216\240\307\317J\005\371"
  86      CE3F3F3D 
  86      C4038EA0 
  86      C7CF4A05 
  86      F9
  87 0380 C19D33D3 		.ascii	"\301\2353\323;\323~D\273\323\177\240\025\331\001\256"
  87      3BD37E44 
  87      BBD37FA0 
  87      15D901AE 
  88 0390 306565B4 		.ascii	"0ee\264%#=\2175n[\204G|\224\177\246}Hs'p\001\002\267"
  88      25233D8F 
  88      356E5B84 
  88      477C947F 
  88      A67D4873 
  89 03a9 EB614DFF 		.ascii	"\353aM\377\275v\003\024(@{\310k\224\307k\242\364\032"
  89      BD760314 
  89      28407BC8 
  89      6B94C76B 
  89      A2F41A
  90 03bc EDC06B2F 		.ascii	"\355\300k/p\235\004\256\\\337k\037@A\002TA^\243=^\223"
  90      709D04AE 
  90      5CDF6B1F 
  90      40410254 
  90      415EA33D 
  91 03d2 A4D7370E 		.ascii	"\244\3277\016\274\366\003\027,p\007\364\275*\001\012"
  91      BCF60317 
  91      2C7007F4 
  91      BD2A010A 
  92 03e2 11A02AF2 		.ascii	"\021\240*\362\372\306\343\025/\275\276u\340u\020\270"
ARM GAS  C:\Users\8FEE~1\AppData\Local\Temp\ccYyM3Vc.s 			page 7


  92      FAC6E315 
  92      2FBDBE75 
  92      E07510B8 
  93 03f2 50813BA4 		.ascii	"P\201;\244\357u\030\2400\001:B^\337z\274&K\257\357\034"
  93      EF7518A0 
  93      30013A42 
  93      5EDF7ABC 
  93      264BAFEF 
  94 0407 781D052E 		.ascii	"x\035\005.\\\340\216\351{\035\007(B\200N\220\327w\036"
  94      5CE08EE9 
  94      7B1D0728 
  94      42804E90 
  94      D7771E
  95 041a AF29D2EB 		.ascii	"\257)\322\353{\007^'\201\353,p\247\364\275\376\002\350"
  95      7B075E27 
  95      81EB2C70 
  95      A7F4BDFE 
  95      02E8
  96 042c 11013A4D 		.ascii	"\021\001:M^\337\333\353\205\322\264\306\222\332\203"
  96      5EDFDBEB 
  96      85D2B4C6 
  96      92DA83
  97 043b 5BE92B3A 		.ascii	"[\351+:\373\323\3643h\272W\304s:\216\370Y8=\332~\304"
  97      FBD3F433 
  97      68BA57C4 
  97      733A8EF8 
  97      59383DDA 
  98 0451 CFC9889F 		.ascii	"\317\311\210\237\367\216\270\223pW#\334s\212\233\266"
  98      F78EB893 
  98      705723DC 
  98      738A9BB6 
  99 0461 058B70C7 		.ascii	"\005\213p\307Q\270kD\270s\264\302]\313\263|\306g\270"
  99      51B86B44 
  99      B873B4C2 
  99      5DCBB37C 
  99      C667B8
 100 0474 4FF170D3 		.ascii	"O\361p\323\021\325>\302}\001\341\256\243=\370\234\337"
 100      11D53EC2 
 100      7D01E1AE 
 100      A33DF89C 
 100      DF
 101 0485 5FBD73E6 		.ascii	"_\275s\346\3700O\270{\363\233\015\323\26762\333Z\\\024"
 101      F8304FB8 
 101      7BF39B0D 
 101      D3B73632 
 101      DB5A5C14 
 102 0499 576E57C2 		.ascii	"WnW\302\242\2240\357p_\222\341&\"\273\2546\243\016\217"
 102      A29430EF 
 102      705F92E1 
 102      2622BBAC 
 102      36A30E8F 
 103 04ad 28E6606A 		.ascii	"(\346`j}\270\334\214\032\333f\324l\2370\337\262o\306"
 103      7DB8DC8C 
 103      1ADB66D4 
 103      6C9F30DF 
 103      B26FC6
 104 04c0 15596A80 		.ascii	"\025Yj\200\256\322f|\256J\015\323/\374S\303\306\326"
ARM GAS  C:\Users\8FEE~1\AppData\Local\Temp\ccYyM3Vc.s 			page 8


 104      AED2667C 
 104      AE4A0DD3 
 104      2FFC53C3 
 104      C6D6
 105 04d2 CB5203D7 		.ascii	"\313R\003\327\240\357uM\226\032\240\353\344\365\205"
 105      A0EF754D 
 105      961AA0EB 
 105      E4F585
 106 04e1 2A35BC86 		.ascii	"*5\274\206;\360j\224\245\006\356\206\276\327MYj\200"
 106      3BF06A94 
 106      A506EE86 
 106      BED74D59 
 106      6A80
 107 04f3 6E91D770 		.ascii	"n\221\327pUjx}\351\300\353\266,5pw\364\275\356\312R"
 107      556A787D 
 107      E9C0EBB6 
 107      2C357077 
 107      F4BDEECA 
 108 0508 03748FBC 		.ascii	"\003t\217\274\276T\245\206\327\010\007^M\262\324\300"
 108      BE54A586 
 108      D708075E 
 108      4DB2D4C0 
 109 0518 DDD7F77A 		.ascii	"\335\327\367z K\015P3y\215P\245\206\327W\016\274Zd\251"
 109      204B0D50 
 109      33798D50 
 109      A586D757 
 109      0EBC5A64 
 110 052d 81731BDA 		.ascii	"\201s\033\332^\321\206(5@1\006\367\372J\225\032^_;\360"
 110      5ED18628 
 110      35403106 
 110      F7FA4A95 
 110      1A5E5F3B 
 111 0542 1A6B8852 		.ascii	"\032k\210R\003\027\253\3575\316\020\245\006h<y}m\317"
 111      0317ABEF 
 111      35CE10A5 
 111      06683C79 
 111      7D6DCF
 112 0555 15D2A24A 		.ascii	"\025\322\242J]+K\275\301\257RO0\332\224\272\240\343"
 112      5D2B4BBD 
 112      C1AF524F 
 112      30DA94BA 
 112      A0E3
 113 0567 52C7C1A9 		.ascii	"R\307\301\251K\373\245\236h\210RO2\264K\035oP\251g\025"
 113      4BFBA59E 
 113      6888524F 
 113      32B44B1D 
 113      6F50A967 
 114 057c A754858B 		.ascii	"\247T\205\213RO\243RO6<\245.\320*\365\024#\222\036\257"
 114      524FA352 
 114      4F363CA5 
 114      2ED02AF5 
 114      1423921E 
 115 0591 8F52DFE2 		.ascii	"\217R\337\342\245\246#\370\251\333-\365T\203J\235`\360"
 115      A5A623F8 
 115      A9DB2DF5 
 115      54834A9D 
 115      60F0
ARM GAS  C:\Users\8FEE~1\AppData\Local\Temp\ccYyM3Vc.s 			page 9


 116 05a3 3DF8904A 		.ascii	"=\370\220J}`\355\216\010O\251\207\320G^\367\361\305"
 116      7D60ED8E 
 116      084FA987 
 116      D0475EF7 
 116      F1C5
 117 05b5 F60FE0D3 		.ascii	"\366\017\340\323\014\317\225\233X6\377j\250w\251\247"
 117      0CCF959B 
 117      5836FF6A 
 117      A877A9A7 
 118 05c5 1BA2D444 		.ascii	"\033\242\324Dd3\324fp6=]5\031\352c8\177\300\255\233"
 118      6433D466 
 118      70363D5D 
 118      3519EA63 
 118      387FC0AD 
 119 05da B1ECC6E4 		.ascii	"\261\354\306\344\274`\373f\3144D\251\001\232E\233\361"
 119      BC60FB66 
 119      CC3444A9 
 119      019A459B 
 119      F1
 120 05eb A12A354C 		.ascii	"\241*5L?\362O\015\033;\333\020\245\006.Q\337+\311\020"
 120      3FF24F0D 
 120      1B3BDB10 
 120      A5062E51 
 120      DF2BC910 
 121 05ff A5062899 		.ascii	"\245\006(\231\274>R\245\206\327\307\016\274R\014Qj\340"
 121      BC3E52A5 
 121      86D7C70E 
 121      BC520C51 
 121      6AE0
 122 0611 E6E87BCD 		.ascii	"\346\350{\3155D\251\001\232G^\037\253R\303k\230\003"
 122      3544A901 
 122      9A475E1F 
 122      AB52C36B 
 122      9803
 123 0623 AF544394 		.ascii	"\257TC\224\032\270\371\372^i\206(5@\351\3445L\225\032"
 123      1AB8F9FA 
 123      5E698628 
 123      3540E9E4 
 123      354C951A 
 124 0637 5E9F38F0 		.ascii	"^\2378\360Z`\210R\003\267P\337+\303\020\245\006h\021"
 124      5A608852 
 124      03B750DF 
 124      2BC310A5 
 124      066811
 125 064a 797DA24A 		.ascii	"y}\242J\015\257O\035x-6D\251\201[\242\357\225)K\015"
 125      0DAF4F1D 
 125      782D3644 
 125      A9815BA2 
 125      EF95294B 
 126 065f 5016797D 		.ascii	"P\026y}\252J\015\257\317\034x-\225\245\006n\231\276"
 126      AA4A0DAF 
 126      CF1C782D 
 126      95A5066E 
 126      99BE
 127 0671 57B62C35 		.ascii	"W\266,5@\313\311\3533{\256\220\026U\352)\342Vz\265_"
 127      40CBC9EB 
 127      337BAE90 
ARM GAS  C:\Users\8FEE~1\AppData\Local\Temp\ccYyM3Vc.s 			page 10


 127      1655EA29 
 127      E2567AB5 
 128 0686 A55ED1B6 		.ascii	"\245^\321\266\324\265\035\227z%\234\272\266_\352\034"
 128      D4B51D97 
 128      7A259CBA 
 128      B65FEA1C 
 129 0696 59EA5CFD 		.ascii	"Y\352\\\375R\257B\251\343\262ge\230\242\324\311T\352"
 129      52AF42A9 
 129      E3B26765 
 129      98A2D4C9 
 129      54EA
 130 06a8 D5A2D4B5 		.ascii	"\325\242\324\265Z\245\316\343\035^\341\263\324\345i"
 130      5AA5CEE3 
 130      1D5EE1B3 
 130      D4E569
 131 06b7 81386295 		.ascii	"\2018b\225\217R\257A\251\363i\017\336\346\367\337\313"
 131      8F52AF41 
 131      A9F3690F 
 131      DEE6F7DF 
 131      CB
 132 06c8 5B59273E 		.ascii	"[Y'>\247\256\242\343*o\346\325\005\330\366b\255\330"
 132      A7AEA2E3 
 132      2A6FE6D5 
 132      05D8F662 
 132      ADD8
 133 06da 8B8BF5AB 		.ascii	"\213\213\365\253KC\274S\275N\246\232\220l\275Z\215|"
 133      4B43BC53 
 133      BD4EA69A 
 133      906CBD5A 
 133      8D7C
 134 06ec ACC6DCF8 		.ascii	"\254\306\334\370\346\352@\271\032\253m\253q\260qsB\240"
 134      E6EA40B9 
 134      1AAB6DAB 
 134      71B07173 
 134      42A0
 135 06fe 7D3536C8 		.ascii	"}56\310T\003\264\221V\343m\225j\250\276\343\237\032"
 135      5403B491 
 135      56E36D95 
 135      6AA8BEE3 
 135      9F1A
 136 0710 56B640A6 		.ascii	"V\266@\246\032\270M\372^\2052\325\000m&\257wT\252\341"
 136      1AB84DFA 
 136      5E8532D5 
 136      006D26AF 
 136      7754AAE1 
 137 0724 F5AE03AF 		.ascii	"\365\256\003\257-2\325\300\025\351{m\225\251\006\250"
 137      2D32D5C0 
 137      15E97B6D 
 137      95A906A8 
 138 0734 98BCDE55 		.ascii	"\230\274\336U\251\206\327{\016\274\266\311T\003\267"
 138      A986D77B 
 138      0EBCB6C9 
 138      5403B7
 139 0743 5DDFAB44 		.ascii	"]\337\253D\246\032\240R\362zO\245\032^\357;\360\332"
 139      A61AA052 
 139      F27A4FA5 
 139      1A5EEF3B 
ARM GAS  C:\Users\8FEE~1\AppData\Local\Temp\ccYyM3Vc.s 			page 11


 139      F0DA
 140 0755 21530D5C 		.ascii	"!S\015\\\231\276\327N\231j\200v\221\327\373*\325\360"
 140      99BED74E 
 140      996A8076 
 140      91D7FB2A 
 140      D5F0
 141 0767 FAC081D7 		.ascii	"\372\300\201\327n\231j\340\366\350{\355\225\251\006"
 141      6E996AE0 
 141      F6E87BED 
 141      95A906
 142 0776 A89CBC3E 		.ascii	"\250\234\274>P\251\206\327P\007^\373d\252\201\253\320"
 142      50A986D7 
 142      50075EFB 
 142      64AA81AB 
 142      D0
 143 0787 F7DA2F53 		.ascii	"\367\332/S\015\320\001\362\032j\357\025\332\242R\235"
 143      0DD001F2 
 143      1A6AEF15 
 143      DAA2529D 
 144 0797 27537DCD 		.ascii	"'S}\315\257TW\266Muc\307\251\256\202S\267\366S}P\246"
 144      AF5457B6 
 144      4D7563C7 
 144      A9AE8253 
 144      B7F6537D 
 145 07ad FA907EAA 		.ascii	"\372\220~\252\017#\325\307s\366^\012\022\251N\247T\037"
 145      0F23D5C7 
 145      73F65E0A 
 145      12A94EA7 
 145      541F
 146 07bf 11A96ED4 		.ascii	"\021\251n\324J\365Q\036\342J\237\251\256\341\251\246"
 146      4AF5511E 
 146      E24A9FA9 
 146      AEE1A9A6 
 147 07cf 23       		.ascii	"#"
 148 07d0 0EFB48F5 		.ascii	"\016\373H\3651\244\3728\355\301`~\377\231\350}\027B"
 148      31A4FA38 
 148      EDC1607E 
 148      FF99E87D 
 148      1742
 149 07e2 3DA96EC0 		.ascii	"=\251n\300UX\265\2502\310\266\027'\344^\324\255<\037"
 149      5558B5A8 
 149      32C8B617 
 149      27E45ED4 
 149      AD3C1F
 150 07f5 E89DEA93 		.ascii	"\350\235\352\2232\325\204d\247\324j\034\307j\234-\233"
 150      32D58464 
 150      A7D46A1C 
 150      C76A9C2D 
 150      9B
 151 0806 D4FAE5D6 		.ascii	"\324\372\345\326\021\333fl\235zaI\270\327\013c\262\324"
 151      11DB666C 
 151      9D7A6149 
 151      B8D70B63 
 151      B2D4
 152 0818 E09CA6CD 		.ascii	"\340\234\246\315\030\254J\015\323\327\3743\303\306\236"
 152      18AC4A0D 
 152      D3D7FC33 
ARM GAS  C:\Users\8FEE~1\AppData\Local\Temp\ccYyM3Vc.s 			page 12


 152      C3C69E
 153 0827 91A506EE 		.ascii	"\221\245\006\356\254\266\3269\031jp\316\223\326k*\324"
 153      ACB6D639 
 153      196A70CE 
 153      93D66B2A 
 153      D4
 154 0838 D07ADD81 		.ascii	"\320z\335\201V\265\0145p5\332Z\265\262\323\340\\ \255"
 154      56B50C35 
 154      7035DA5A 
 154      B5B2D3E0 
 154      5C20AD
 155 084b D755A7A1 		.ascii	"\327U\247\241\365\206\003\255:\331i\340.jk]\222\231"
 155      F58603AD 
 155      3AD969E0 
 155      2E6A6B5D 
 155      9299
 156 085d 06E73269 		.ascii	"\006\3472i\275\2412\015\2557\035h]\221\231\006\356\252"
 156      BDA1320D 
 156      AD371D68 
 156      5D919906 
 156      EEAA
 157 086f B656BDAC 		.ascii	"\266V\275\25448\015\244\365\246\2524\264\2068\320\272"
 157      34380DA4 
 157      F5A6AA34 
 157      B48638D0 
 157      BA
 158 0880 262B0DDC 		.ascii	"&+\015\334um\255F\031ipn\220\326\020\025ih\275\345@"
 158      756DAD46 
 158      1969706E 
 158      90D61015 
 158      6968BDE5 
 159 0895 EBA68C34 		.ascii	"\353\246\2144p\267\264\265n\313F\203s\207\264\336\262"
 159      70B7B4B5 
 159      6ECB4683 
 159      7387B4DE 
 159      B2
 160 08a6 870A5151 		.ascii	"\207\012QQ\215>*\033\375\300\257F\337m\333\350\226\216"
 160      8D3E2A1B 
 160      FDC0AF46 
 160      DF6DDBE8 
 160      968E
 161 08b8 1B7D0F4E 		.ascii	"\033}\017N\217\265\337\350&\331\350\373\372\215~\200"
 161      8FB5DFE8 
 161      26D9E8FB 
 161      FA8D7E80 
 162 08c8 465764D6 		.ascii	"FWd\326\306\005\210FgQ\243\233E\243[\264\032\335\302"
 162      C6058846 
 162      6751A39B 
 162      45A35BB4 
 162      1ADDC2
 163 08db 0B7CD767 		.ascii	"\013|\327g\243\233y\243\351\210\007>\032\3556\251\321"
 163      A39B79A3 
 163      E988073E 
 163      1AED36A9 
 163      D1
 164 08ec D1F45DE2 		.ascii	"\321\364]\342\227\371\375+o/\331\311<\215\236\314\350"
 164      97F9FD2B 
ARM GAS  C:\Users\8FEE~1\AppData\Local\Temp\ccYyM3Vc.s 			page 13


 164      6F2FD9C9 
 164      3C8D9ECC 
 164      E8
 165 08fd D11596BA 		.ascii	"\321\025\226\272;\333\326\"\306\364\\\272\272\214\031"
 165      3BDBD622 
 165      C6F45CBA 
 165      BA8C19
 166 090c 2B1E7AE5 		.ascii	"+\036z\345c\254)\032MH\026k\266n\006\207\323K_\3233"
 166      63AC291A 
 166      4D48166B 
 166      B66E0687 
 166      D34B5FD3 
 167 0921 4F06CBD5 		.ascii	"O\006\313\325h\266\255\306\365k\207\367\006y\275&f\212"
 167      68B6ADC6 
 167      F56B87F7 
 167      0679BD26 
 167      668A
 168 0933 480334DE 		.ascii	"H\0034\336\344\253\361\262\2124T_\361O\015\033;\301"
 168      E4ABF1B2 
 168      8A34545F 
 168      F14F0D1B 
 168      3BC1
 169 0945 1491062E 		.ascii	"\024\221\006.N\337k\242)*\015\320$\362zEU\032^\003\034"
 169      4EDF6BA2 
 169      292A0DD0 
 169      24F27A45 
 169      551A5E03 
 170 095a 78C59BA2 		.ascii	"x\305\233\242\322\300M\326\367\232b\212L\0034\225\274"
 170      D2C04DD6 
 170      F79A628A 
 170      4C033495 
 170      BC
 171 096b 06A84CC3 		.ascii	"\006\250L\303+\312\201W\202)2\015\3344}\257\351\246"
 171      2BCA8157 
 171      8229320D 
 171      DC347DAF 
 171      E9A6
 172 097d E8344033 		.ascii	"\3504@3\310+Ju\032^\257:\360\232i\212N\0037K\337k\266"
 172      C82B4A75 
 172      1A5EAF3A 
 172      F09A698A 
 172      4E03374B 
 173 0994 29420D50 		.ascii	")B\015P\"y\275\252B\015\257\201\016\274\222L\021j\340"
 173      2279BDAA 
 173      420DAF81 
 173      0EBC924C 
 173      116AE0
 174 09a7 92F5BD52 		.ascii	"\222\365\275RLQj\200\346\220\327@Ujx\015r\3405\327\024"
 174      4C516A80 
 174      E690D740 
 174      556A780D 
 174      72E035D7 
 175 09bc A5066E9E 		.ascii	"\245\006n\236\276W\252)R\015\320|\362\032d\357\025\332"
 175      BE57AA29 
 175      520DD07C 
 175      F21A64EF 
 175      15DA
ARM GAS  C:\Users\8FEE~1\AppData\Local\Temp\ccYyM3Vc.s 			page 14


 176 09ce A252DD22 		.ascii	"\242R\335\"S\275\264\233?\251N3\333\244:{V\207\251N"
 176      53BDB49B 
 176      3FA94E33 
 176      DBA43A7B 
 176      5687A94E 
 177 09e2 87D3E3ED 		.ascii	"\207\323\343\355\247z\201)R\275\320\324Nu\206I\251\236"
 177      A77A8129 
 177      52BDD0D4 
 177      4E758649 
 177      A99E
 178 09f4 7933F38C 		.ascii	"y3\363\214Lu.\245z\221\351Iu\366,\235T/6#\351\361\372"
 178      4C752EA5 
 178      7A91E949 
 178      75F62C9D 
 178      542F3623 
 179 0a0b 48F5A1AC 		.ascii	"H\365\241\254@\034\301O\335n\252\227 \325\231\264\007"
 179      401CC14F 
 179      DD6EAA97 
 179      20D599B4 
 179      07
 180 0a1c E456DDD2 		.ascii	"\344V\335\322bzJ\235E\245\276{\263\"7\304\266\026Yb"
 180      627A4A9D 
 180      45A5BE7B 
 180      B32237C4 
 180      B6165962 
 181 0a30 2DEECFF9 		.ascii	"-\356\317\371\353P'\357R/\225\245&\"[\2466#\023\233"
 181      EB5027EF 
 181      522F95A5 
 181      26225BA6 
 181      3623139B 
 182 0a44 5138236F 		.ascii	"Q8#om\353kb\374\001\267nF\306\365\345\005^_he\313R\003"
 182      6DEB6B62 
 182      FC01B76E 
 182      46C6F5E5 
 182      055E5F68 
 183 0a5c B49C3623 		.ascii	"\264\2346#R\225\032\246/\370\247\206\215]!K\015\334"
 183      52951AA6 
 183      2FF8A786 
 183      8D5D214B 
 183      0DDC
 184 0a6e 4A7DAF1C 		.ascii	"J}\257\034Yj\200r\311\353\005Ujx\365u\340\265J\226\032"
 184      596A8072 
 184      C9EB0555 
 184      6A78F575 
 184      E0B54A96 
 185 0a83 B8D5FA5E 		.ascii	"\270\325\372^y\262\324\000\255!\257\276\252\324\360"
 185      79B2D400 
 185      AD21AFBE 
 185      AAD4F0
 186 0a92 7AD18157 		.ascii	"z\321\201W\276,5pk\365\275\326\311R\003\264\236\274"
 186      BE2C3570 
 186      6BF5BDD6 
 186      C95203B4 
 186      9EBC
 187 0aa4 5E54A586 		.ascii	"^T\245\206W?\007^\033d\251\201\333\250\357U K\015\320"
 187      573F075E 
 187      1B64A981 
ARM GAS  C:\Users\8FEE~1\AppData\Local\Temp\ccYyM3Vc.s 			page 15


 187      DBA8EF55 
 187      204B0DD0 
 188 0ab8 26F2EAA7 		.ascii	"&\362\352\247J\015\257\376\016\274\012e\251\201\333"
 188      4A0DAFFE 
 188      0EBC0A65 
 188      A981DB
 189 0ac7 ACEFB545 		.ascii	"\254\357\265E\226\032\240\"\362\352\257J\015\257\227"
 189      961AA022 
 189      F2EAAF4A 
 189      0DAF97
 190 0ad6 1C786D95 		.ascii	"\034xm\225\245\006\256X\337k\233,5@\333\311\353%{\256"
 190      A506AE58 
 190      DF6B9B2C 
 190      3540DBC9 
 190      EB257BAE 
 191 0aea 901655EA 		.ascii	"\220\026U\352\305\342Vz\276_\245.i[\352u\035\227\272"
 191      C5E2567A 
 191      BE5FA52E 
 191      695BEA75 
 191      1D97BA
 192 0afd 144EDDDB 		.ascii	"\024N\335\333/\365\016Y\3522\375R\357D\015K\326dW\311"
 192      2FF50E59 
 192      EA32FD52 
 192      EF440D4B 
 192      D66457C9 
 193 0b11 52AFA752 		.ascii	"R\257\247R\357\022\245^\247U\352\335\274\303%>K}\225"
 193      EF12A55E 
 193      A755EADD 
 193      BCC3253E 
 193      4B7D95
 194 0b24 979A8ED8 		.ascii	"\227\232\216\330\351\243\324{P\352\275\264\007O\321"
 194      E9A3D47B 
 194      50EABDB4 
 194      074FD1
 195 0b33 0B54D9D1 		.ascii	"\013T\331\321yA\236To\247T\337\272\373\340%\333Z\224"
 195      79419E54 
 195      6FA754DF 
 195      BAFBE025 
 195      DB5A94
 196 0b46 8BB548CB 		.ascii	"\213\265H\313\237\304\277\230\365*\365>Yj\"\262\012"
 196      9FC4BF98 
 196      F52AF53E 
 196      596A22B2 
 196      0A
 197 0b57 B5197BB1 		.ascii	"\265\031{\261\031\227\233\012\353Z_\022\333e\333\214"
 197      19979B0A 
 197      EB5A5F12 
 197      DB65DB8C 
 198 0b67 B12BAB6A 		.ascii	"\261+\253j\275\276\317\274_\226\032\240\003\264\031"
 198      BDBECFBC 
 198      5F961AA0 
 198      03B419
 199 0b76 4FA952C3 		.ascii	"O\251R\303\364i\277\314\260\260\2252\324\240U\351k\035"
 199      F469BFCC 
 199      B0B09532 
 199      D4A055E9 
 199      6B1D
ARM GAS  C:\Users\8FEE~1\AppData\Local\Temp\ccYyM3Vc.s 			page 16


 200 0b88 94A106E8 		.ascii	"\224\241\006\350\020i=\255B\015\255>\376k\035\226\235"
 200      10693DAD 
 200      420DAD3E 
 200      FE6B1D96 
 200      9D
 201 0b99 06ED88BE 		.ascii	"\006\355\210\276\326Q\331i\200\216\221V\037\325ih=\343"
 201      D651D969 
 201      808E9156 
 201      1FD56968 
 201      3DE3
 202 0bab BFD67199 		.ascii	"\277\326q\231i\320N\350k\235\224\231\006\350\024i=\243"
 202      69D04EE8 
 202      6B9D9499 
 202      06E81469 
 202      3DA3
 203 0bbd 320DAD67 		.ascii	"2\015\255g\375\327\372KV\032\264\323\372Zgd\245\001"
 203      FDD7FA4B 
 203      561AB4D3 
 203      FA5A6764 
 203      A501
 204 0bcf 3A4B5ACF 		.ascii	":KZ\317\252JC\3539\377\265\316\311H\203v^_\253ZF\032"
 204      AA4A43EB 
 204      39FFB5CE 
 204      C9488376 
 204      5E5FAB5A 
 205 0be5 A01AD27A 		.ascii	"\240\032\322zNE\032Z\317\373\257U+\033\015\332\005}"
 205      4E451A5A 
 205      CFFBAF55 
 205      2B1B0DDA 
 205      057D
 206 0bf7 AD3AD968 		.ascii	"\255:\331h\200.\222\326\363\366P!*\252\321\273e\243"
 206      802E92D6 
 206      F3F65021 
 206      2AAAD1BB 
 206      65A3
 207 0c09 CFF8D5E8 		.ascii	"\317\370\325\350Km\033}\256\343F_\206S\217\366\033}"
 207      4B6D1B7D 
 207      AEE3465F 
 207      86538FF6 
 207      1B7D
 208 0c1b 4536FAAA 		.ascii	"E6\372\252~\243\353\321\350{\325%\361\362\305\351\""
 208      7EA3EBD1 
 208      E87BD525 
 208      F1F2C5E9 
 208      22
 209 0c2c 6A748368 		.ascii	"jt\203h\3649\255F_\343\005\276\344\263\321\245K\003"
 209      F439AD46 
 209      5FE305BE 
 209      E4B3D1A5 
 209      4B03
 210 0c3e 7144BD8F 		.ascii	"qD\275\217F_G\243\033i\015\272\363\373\017U\025.\020"
 210      465F47A3 
 210      1B690DBA 
 210      F3FB0F55 
 210      152E10
 211 0c51 2F7C9CA6 		.ascii	"/|\234\246FW\026\354\241\317n[\367\342\206\330\213\244"
 211      465716EC 
ARM GAS  C:\Users\8FEE~1\AppData\Local\Temp\ccYyM3Vc.s 			page 17


 211      A1CF6E5B 
 211      F7E286D8 
 211      8BA4
 212 0c63 9C63D10F 		.ascii	"\234c\321\017}:}SF\232\220\354\226Z\215F\254\306\354"
 212      7D3A7D53 
 212      469A90EC 
 212      965A8D46 
 212      ACC6EC
 213 0c76 FBE7E9B5 		.ascii	"\373\347\351\265<\317j4\330V\243)\356t\254\327\027Z"
 213      3CCF6A34 
 213      D856A329 
 213      EE74ACD7 
 213      175A
 214 0c88 B765A401 		.ascii	"\267e\244\001\272C\253\321]E\032\252=\374S\303\312\336"
 214      BA43ABD1 
 214      5D451AAA 
 214      3DFC53C3 
 214      CADE
 215 0c9a 959506EE 		.ascii	"\225\225\006\356\236\276W\223\2544@\367\311\253\207"
 215      9EBE5793 
 215      AC3440F7 
 215      C9AB87
 216 0ca9 AA34BC9E 		.ascii	"\2524\274\236p\340\365@f\032\270f}\257\026\231i\200"
 216      70E0F540 
 216      661AB866 
 216      7DAF1699 
 216      6980
 217 0cbb DC16F77A 		.ascii	"\334\026\367zBe\032^=\035xE[\242\323\300\305X\332^c"
 217      42651A5E 
 217      3D1D7845 
 217      5BA2D3C0 
 217      C558DA5E 
 218 0cd0 2DD16980 		.ascii	"-\321i\200b\311\253\247\3524\274z9\360\032g\211P\003"
 218      62C9ABA7 
 218      EA34BC7A 
 218      39F01A67 
 218      895003
 219 0ce3 375EDF6B 		.ascii	"7^\337k\202%B\015P\034y\365R\241\206Wo\007^\023-Qj\340"
 219      8225420D 
 219      501C79F5 
 219      52A18657 
 219      6F075E13 
 220 0cfb 26E97BC5 		.ascii	"&\351{\305[\242\324\000M&\257\336\252\324\360z\322\201"
 220      5BA2D400 
 220      4D26AFDE 
 220      AAD4F07A 
 220      D281
 221 0d0d D7144BA4 		.ascii	"\327\024K\244\032\270\251\372^\011\226H5@\323\310\353"
 221      1AB8A9FA 
 221      5E099648 
 221      3540D3C8 
 221      EB
 222 0d1e 497BAFD0 		.ascii	"I{\257\320\026\225\352k2\325W\374J\365t\253M\252\353"
 222      1695EA6B 
 222      32D557FC 
 222      4AF574AB 
 222      4DAAEB
ARM GAS  C:\Users\8FEE~1\AppData\Local\Temp\ccYyM3Vc.s 			page 18


 223 0d31 3B4EF50C 		.ascii	";N\365\0148=\321~\252gZ\"\325\263,\355T\317\266(\325"
 223      383DD17E 
 223      AA675A22 
 223      D5B32CED 
 223      54CFB628 
 224 0d46 D34FA7FE 		.ascii	"\323O\247\376]\224\272\214J\235hyJ]\257U\352$+\222\036"
 224      5D94BA8C 
 224      4A9D6879 
 224      4A5DAF55 
 224      EA242B92 
 225 0d5b AEAF7F45 		.ascii	"\256\257\177E\315KMG\3603\267[\352d\213J\235b\3615x"
 225      CD4B4D47 
 225      F033B75B 
 225      EA648B4A 
 225      9D62F135 
 226 0d70 84DF7F63 		.ascii	"\204\337\177cy\356\204`O\251\357S\251\267\305\034\252"
 226      79EE8460 
 226      4FA9EF53 
 226      A9B7C51C 
 226      AA
 227 0d81 B56C6B31 		.ascii	"\265lk1\307\362\\\271\335G7\257\267\274K=\327\022\245"
 227      C7F25CB9 
 227      DD4737AF 
 227      B7BC4B3D 
 227      D712A5
 228 0d94 26249BA7 		.ascii	"&$\233\2476\203\303\371{\254\211Y4\277\365%1\376\210"
 228      3683C3F9 
 228      7BAC8959 
 228      34BFF525 
 228      31FE88
 229 0da7 5B3723BB 		.ascii	"[7#\273\274\354\202\327?\006J\265D\251\001\232O\233"
 229      BCEC82D7 
 229      3F064AB5 
 229      44A9019A 
 229      4F9B
 230 0db9 F1882A35 		.ascii	"\361\210*5T\037\365O\015\033\233f\211R\003\227\256\357"
 230      541FF54F 
 230      0D1B9B66 
 230      89520397 
 230      AEEF
 231 0dcb B5C012A5 		.ascii	"\265\300\022\245\006h!y=\252J\015\257.\016\2742,Qj\340"
 231      06682179 
 231      3DAA4A0D 
 231      AF2E0EBC 
 231      322C516A 
 232 0de0 16E97B2D 		.ascii	"\026\351{-\266D\251\001ZB^]T\251\341\325\325\201W\246"
 232      B644A901 
 232      5A425E5D 
 232      54A9E1D5 
 232      D58157A6 
 233 0df4 2C357059 		.ascii	",5pY\372^Ke\251\001ZF^]U\251\341\325\315\201W\266,5"
 233      FA5E4B65 
 233      A9015A46 
 233      5E5D55A9 
 233      E1D5CD81 
 234 0e0c 70CBF5BD 		.ascii	"p\313\365\275V\310R\003\264\222\274\272\251R\303\353"
 234      56C85203 
ARM GAS  C:\Users\8FEE~1\AppData\Local\Temp\ccYyM3Vc.s 			page 19


 234      B492BCBA 
 234      A952C3EB 
 235 0e1c 31075E39 		.ascii	"1\007^9\262\324\300\345\352{\255\222\245\006h5y=\246"
 235      B2D4C0E5 
 235      EA7BAD92 
 235      A5066835 
 235      793DA6
 236 0e2f 4A0DAFC7 		.ascii	"J\015\257\307\035x\345\311R\003\267F\337+_\226\032\240"
 236      1D78E5C9 
 236      5203B746 
 236      DF2B5F96 
 236      1AA0
 237 0e41 B5E4F5B8 		.ascii	"\265\344\365\270\275Wh\213*u\222\270\225~\327\257R\257"
 237      BD57688B 
 237      2A7592B8 
 237      957ED7AF 
 237      52AF
 238 0e53 6B5BEAA6 		.ascii	"k[\352\246\216K\275\036N=\333/\365\006Y\352\215\372"
 238      8E4BBD1E 
 238      4E3DDB2F 
 238      F50659EA 
 238      8DFA
 239 0e65 A52E40A9 		.ascii	"\245.@\251S\326%\225\006\212TWP\2527\211T7i\245\272"
 239      53D62595 
 239      068A5457 
 239      50AA3789 
 239      543769A5 
 240 0e7a 9087789D 		.ascii	"\220\207x\235\317T\337\342\251\246#\012|\244z3R\275"
 240      CF54DFE2 
 240      A9A6230A 
 240      7CA47A33 
 240      52BD
 241 0e8c 85F62098 		.ascii	"\205\366 \230\337\237\034\2230\303\362\244:\231\376"
 241      DF9F1C93 
 241      30C3F2A4 
 241      3A99FE
 242 0e9b F3ECD4DD 		.ascii	"\363\354\324\335\245\007\355\337d.\022{q\362\\b\331"
 242      A507EDDF 
 242      642E127B 
 242      71F25C62 
 242      D9
 243 0eac 439F546F 		.ascii	"C\237To\225\251&$+V\253\261\005\253\221\232s}_\3537"
 243      95A92624 
 243      2B56ABB1 
 243      05AB919A 
 243      737D5FEB 
 244 0ec1 9A37D956 		.ascii	"\2327\331Vc^\311\331\255\336\257\211\311T\003\264\235"
 244      635EC9D9 
 244      ADDEAF89 
 244      C95403B4 
 244      9D
 245 0ed2 562358A5 		.ascii	"V#X\245\032\252!\376\251aeKd\252\201+\325\367\332!S"
 245      1AAA21FE 
 245      A961654B 
 245      64AA812B 
 245      D5F7DA21 
 246 0ee7 0D501979 		.ascii	"\015P\031y\205\250T\303+\324\201\327N\231j\340v\351"
ARM GAS  C:\Users\8FEE~1\AppData\Local\Temp\ccYyM3Vc.s 			page 20


 246      85A854C3 
 246      2BD481D7 
 246      4E996AE0 
 246      76E9
 247 0ef9 7BED96A9 		.ascii	"{\355\226\251\006h\017y\205\252T\303+\314\201\327^\231"
 247      06680F79 
 247      85AA54C3 
 247      2BCC81D7 
 247      5E99
 248 0f0b 6AE0CAF5 		.ascii	"j\340\312\365\275\366\311T\003TA^a*\325\360\012w\340"
 248      BDF6C954 
 248      0354415E 
 248      612AD5F0 
 248      0A77E0
 249 0f1e B55FA61A 		.ascii	"\265_\246\032\270\003\372^\2252\325\000U\221W\270J5"
 249      B803FA5E 
 249      9532D500 
 249      559157B8 
 249      4A35
 250 0f30 BC221C78 		.ascii	"\274\"\034x\035\224\251\006\356\220\276\327a\231j\200"
 250      1D94A906 
 250      EE90BED7 
 250      61996A80 
 251 0f40 8E905784 		.ascii	"\216\220W\204J5\274:;\360:*S\015\3341}\257\3432\325"
 251      4A35BC3A 
 251      3BF03A2A 
 251      530DDC31 
 251      7DAFE332 
 252 0f55 009D20AF 		.ascii	"\000\235 \257\316\366^\241-*\325\205t\353\012\375\327"
 252      CEF65EA1 
 252      2D2AD585 
 252      74EB0AFD 
 252      D7
 253 0f66 C5D9F8FF 		.ascii	"\305\331\370\377\354\250\324$\236\235i\345.\303\345"
 253      ECA8D424 
 253      9E9D69E5 
 253      2EC3E5
 254 0f75 1A3A6040 		.ascii	"\032:`@\224\347\347\217\277\374\372\303\257c\376\030"
 254      94E7E78F 
 254      BFFCFAC3 
 254      AF63FE18 
 255 0f85 F8E61B51 		.ascii	"\370\346\033Qc\376\210\372\345\037\277E\375>\346\337"
 255      63FE88FA 
 255      E51FBF45 
 255      FD3EE6DF 
 256 0f95 FFF923EA 		.ascii	"\377\371#\352\333\357\276\032<(j"
 256      DBEFBE1A 
 256      3C286A
 257 0fa0 C4886151 		.ascii	"\304\210aQ\237\215\372b\344\177\007\321\233\376\366"
 257      9F8DFA62 
 257      E47F07D1 
 257      9BFEF6
 258 0faf 3BFFF5DB 		.ascii	";\377\365\333o\377\034\360\243+\360\3071\377\372\351"
 258      6FFF1CF0 
 258      A32BF0C7 
 258      31FFFAE9 
 259 0fbf D79F037E 		.ascii	"\327\237\003~\376\375\3271\277\377\017mF\015K"
ARM GAS  C:\Users\8FEE~1\AppData\Local\Temp\ccYyM3Vc.s 			page 21


 259      FEFDD731 
 259      BFFF0F6D 
 259      460D4B
 260              		.text
 261              		.section	.gnu.lto__pal_lld_setgroupmode.95615b61,"",%progbits
 262 0000 789CA557 		.ascii	"x\234\245W{P\224\327\025\277\347\273\337>Xv\301Gj\210"
 262      7B5094D7 
 262      15BFE7BB 
 262      DF3E5876 
 262      C1476A88 
 263 0014 12431209 		.ascii	"\022C\022\011\321 \253\230(c\034u\242\216\217\001\301"
 263      D120AB98 
 263      28631C75 
 263      A28E8F01 
 263      C1
 264 0025 A6D3E94C 		.ascii	"\246\323\351L\377hMtF\247X\030\240N;\223iV\304\005\025"
 264      FF684D74 
 264      46A75818 
 264      A04E3B93 
 264      6956C405 
 265 003a 8D8DAFC8 		.ascii	"\215\215\257\310\204\201\2661D#\010\001\023\260\332"
 265      8481B631 
 265      44230801 
 265      13B0DA
 266 0049 A2A88809 		.ascii	"\242\250\210\011\032\243i\002\304D|\200\253\261*hU\302"
 266      1AA36902 
 266      C4447C80 
 266      ABB12A68 
 266      55C2
 267 005b A3E79CFB 		.ascii	"\243\347\234\373-\273\213\333q\030\030\277\343\375\316"
 267      2DBB8BDB 
 267      711818BF 
 267      E3FDCE
 268 006a FDFDCE3D 		.ascii	"\375\375\316=\277{\317\275\337]\223\320D\352\010!r\205"
 268      BF7BCFBD 
 268      DF5D93D0 
 268      44EA0821 
 268      7285
 269 007c 1007F081 		.ascii	"\020\007\360\201p\001\332\226\323B\254\261j UCjz^\214"
 269      7001DA96 
 269      D342ACB1 
 269      6A205543 
 269      6A7A5E8C 
 270 0090 70D9EC64 		.ascii	"p\331\354d\355\272f\272\3753|\013)N\3007\223f\346>\013"
 270      EDBA66BA 
 270      FD337C0B 
 270      294EC037 
 270      9366E63E 
 271 00a5 F799C1AA 		.ascii	"\367\231\301\252(\026o\303\012v\325\010\321l\014\014"
 271      28166FC3 
 271      0A76D508 
 271      D16C0C0C 
 272 00b5 65A0CDEB 		.ascii	"e\240\315\353\016\3656\354ZX\216\005\373\035\371\365"
 272      0EF536EC 
 272      5A588E05 
 272      FB1DF9F5 
 273 00c5 02010E35 		.ascii	"\002\001\0165\370\021k\030\0005\\V\020okR7\231-\326"
ARM GAS  C:\Users\8FEE~1\AppData\Local\Temp\ccYyM3Vc.s 			page 22


 273      F8116B18 
 273      00355C56 
 273      106F6B52 
 273      37992DD6 
 274 00d9 105BA8DD 		.ascii	"\020[\250\335\021\006\370*\324\337;r\247\204\243\271"
 274      1106F82A 
 274      D4DF3B72 
 274      A784A3B9 
 275 00e9 6D35DAF8 		.ascii	"m5\332\370\022\027\376\325\356\354\265\271]\353\"\212"
 275      1217FED5 
 275      EEECB5B9 
 275      5DEB228A 
 276 00f9 10B0CB00 		.ascii	"\020\260\313\000A\011\214G\324\331\234\362\367\345f"
 276      41098C47 
 276      D4D99CF2 
 276      F7E566
 277 0108 59240174 		.ascii	"Y$\001t|\275\323Xp9\214^5\210\302\327\272\323}\3256"
 277      7CBDD358 
 277      70398C5E 
 277      3588C2D7 
 277      BAD37DD5 
 278 011d 390704B6 		.ascii	"9\007\004\266\263\377\266\353\230#f\267\313\225\355"
 278      B3FFB6EB 
 278      982366B7 
 278      CB95ED
 279 012c AAEDDE26 		.ascii	"\252\355\336&]\343\212\244\204\275 1 \354\201H\370\010"
 279      5DE38AA4 
 279      84BD2031 
 279      20EC8148 
 279      F808
 280 013e 2205BA04 		.ascii	"\"\005\272\004|\0141\010\357\373\260|\275U.`\352\303"
 280      7C0C3108 
 280      EFFBB07C 
 280      BD552E60 
 280      EAC3
 281 0150 ED270BC1 		.ascii	"\355'\013\301\240\236\3307b\373Z\327\202\"\251\303\276"
 281      A09ED837 
 281      62FB5AD7 
 281      8222A9C3 
 281      BE
 282 0161 81645D40 		.ascii	"\201d]@)\223;+wo\015\225IL\376|\363\341_\031\334\323"
 282      29933B2B 
 282      776F0D95 
 282      494CFE7C 
 282      F3E15F19 
 283 0177 FB466F63 		.ascii	"\373Foc\256\011\312\006rM\002\366C\014\021\362\327\354"
 283      AE09CA06 
 283      724D02F6 
 283      430C11F2 
 283      D7EC
 284 0189 B928E5CF 		.ascii	"\271(\345\317\231|\365\334\345k\020\375w5ri\304_\326"
 284      997CF5DC 
 284      E56B10FD 
 284      77357269 
 284      C45FD6
 285 019c BA4EBAF4 		.ascii	"\272N\272\364\"i\206\362@>\375!|O\337\231w\255\362\227"
 285      226986F2 
ARM GAS  C:\Users\8FEE~1\AppData\Local\Temp\ccYyM3Vc.s 			page 23


 285      403EFD21 
 285      7C4FDF99 
 285      77ADF297 
 286 01b0 4CFDE9CB 		.ascii	"L\375\351\313n\267\325\240v\305\356r\325\346D\021\361"
 286      6EB7D5A0 
 286      76C5EE72 
 286      D5E64411 
 286      F1
 287 01c1 93A0C45B 		.ascii	"\223\240\304[[\2177j\362\327L\334\\\324\330\032f\020"
 287      5B8F376A 
 287      F2D74CDC 
 287      5CD4D81A 
 287      6610
 288 01d3 3B7CC4AA 		.ascii	";|\304\252\240\304\266o\327\3562\313\245L\274\276\271"
 288      A0C4B66F 
 288      D7EE32CB 
 288      A54CBCBE 
 288      B9
 289 01e4 EA9CCD20 		.ascii	"\352\234\315 ^\367\021?\015J\334\322\323\3442\313\225"
 289      5EF7113F 
 289      0D4ADCD2 
 289      D3E432CB 
 289      95
 290 01f5 4C3CDB59 		.ascii	"L<\333Y\271W7\210\227|\304\352\240\304M\267\036\374"
 290      B9573788 
 290      977CC4EA 
 290      A0C44DB7 
 290      1EFC
 291 0207 5597E94C 		.ascii	"U\227\351L\254\377\356\3545o\252\315>\342\301\240\304"
 291      ACFFEEEC 
 291      356FAACD 
 291      3EE2C1A0 
 291      C4
 292 0218 4B15BDDB 		.ascii	"K\025\275\333\035f\035\376\001\321P\203\317g\370\034"
 292      1D661DFE 
 292      01D15083 
 292      CF67F81C 
 293 0228 C0A7129F 		.ascii	"\300\247\022\237\012\210V\225\005\207\300\014B\330\376"
 293      0A885695 
 293      0587C00C 
 293      42D8FE
 294 0237 1F0AE3F4 		.ascii	"\037\012\343\364x*>\266\311\325\234\300\207\207z6y\023"
 294      782A3EB6 
 294      C9D59CC0 
 294      87877A36 
 294      7913
 295 0249 F8BE74D8 		.ascii	"\370\276t\330\273\375\353s\370\321\024\340\237L\337"
 295      BBFDEB73 
 295      F8D114E0 
 295      9F4CDF
 296 0258 EE69ABD0 		.ascii	"\356i\253\320\345\333L\357\350=\361\203wy\317o\225\256"
 296      E5DB4CEF 
 296      E83DF183 
 296      7779CF6F 
 296      95AE
 297 026a 0F5C1A91 		.ascii	"\017\\\032\221\377\025\204\\\313\344M7\336\331\0102"
 297      FF15845C 
ARM GAS  C:\Users\8FEE~1\AppData\Local\Temp\ccYyM3Vc.s 			page 24


 297      CBE44D37 
 297      DED90832 
 298 027a 1B98DDEE 		.ascii	"\033\230\335\356\276\261\326n\260\357\372\330G\202\260"
 298      BEB1D66E 
 298      B0EFFAD8 
 298      4782B0
 299 0289 8F323BBF 		.ascii	"\2172;\277\265\270$D\256S\354\015\325W^\360\016\275"
 299      B5B82444 
 299      AE53EC0D 
 299      D5575EF0 
 299      0EBD
 300 029b AD9F5C17 		.ascii	"\255\237\\\027\204|\014\242\367\177\005\265\256\336"
 300      847C0CA2 
 300      F77F05B5 
 300      AEDE
 301 02a9 BE5CACE1 		.ascii	"\276\\\254\341\330\226\252\363#\261:\251\3245A\363\204"
 301      D896AAF3 
 301      23B13AA9 
 301      D43541F3 
 301      84
 302 02ba 789C292C 		.ascii	"x\234),~\234+,c\234-\263\240\271\262\001\225t(c\354"
 302      7E9C2B2C 
 302      639C2DB3 
 302      A0B9B201 
 302      95742863 
 303 02cf 58E21607 		.ascii	"X\342\026\007\003\303\250\031\316\350a\324\034\316\224"
 303      03C3A819 
 303      CEE861D4 
 303      1CCE94
 304 02de 11D41C29 		.ascii	"\021\324\034)h\236\237\000\212=\212\034O\222\211 \363"
 304      689E9F00 
 304      8A3D8A1C 
 304      4F928920 
 304      F3
 305 02ef 14CFDF68 		.ascii	"\024\317\337hlZ\307\360l\320\246\261<M\357cY\3373\324"
 305      6C5AC7F0 
 305      6CD0A6B1 
 305      3C4DEF63 
 305      59DF33D4 
 306 0303 8CE26C9F 		.ascii	"\214\342l\237\005\332\304\317\021\340y2\343\310D\223"
 306      05DAC4CF 
 306      11E07932 
 306      E3C84493 
 307 0313 8921F322 		.ascii	"\211!\363\"\231\361d&\220\211%3\221L\034\231Id&\223"
 307      99F16426 
 307      90892533 
 307      914C1C99 
 307      49642693 
 308 0327 89273385 		.ascii	"\211'3\205\314+d\246\222\231F&\201\314t2\257\222\231"
 308      CC2B64A6 
 308      92994626 
 308      81CC7432 
 308      AF9299
 309 033a 41662699 		.ascii	"Af&\231Ydf\223y\215\314\0342s\311\314#3\237\314\002"
 309      59646693 
 309      798DCC1C 
 309      3273C9CC 
ARM GAS  C:\Users\8FEE~1\AppData\Local\Temp\ccYyM3Vc.s 			page 25


 309      23339FCC 
 310 034f 320BC92C 		.ascii	"2\013\311,\"\223\310\363\230\304\023\263\230\347$\231"
 310      2293C8F3 
 310      98C413B3 
 310      98E72499 
 311 035f A7238567 		.ascii	"\247#\205gm\011\317\243\020\033\2604\3614\335(5\374"
 311      6D09CFA3 
 311      101BB034 
 311      F134DD28 
 311      35FC
 312 0371 4F7A606D 		.ascii	"Oz`m\267\373pS:\325j\241\014-\2246:.;\312K\354t\362"
 312      B7FB7053 
 312      3AD56AA1 
 312      0C2D9436 
 312      3A2E3BCA 
 313 0389 5940C271 		.ascii	"Y@\302q\\\272\253\220\035\305\325\214q\020%\220\325"
 313      5CBAAB90 
 313      1DC5D58C 
 313      71102590 
 313      D5
 314 039a E16E6C2A 		.ascii	"\341nl*\227\212fW\264\343}\367k\303\211f\005\015N \215"
 314      978A6657 
 314      B4E37DF7 
 314      6BC38966 
 314      050D4E20 
 315 03af 83371820 		.ascii	"\2037\030 \007\342\020Tu\254\336mU\261\001\352\375c"
 315      07E21054 
 315      75ACDE6D 
 315      55B101EA 
 315      FD63
 316 03c1 D7506C87 		.ascii	"\327Pl\207\212}\241\251\312\240\205al\210\035\020+\034"
 316      8A7DA1A9 
 316      CAA08561 
 316      6C881D10 
 316      2B1C
 317 03d3 FD81897D 		.ascii	"\375\201\211}F\344pE\276\331\237\3300\225X\303\007\007"
 317      46E47045 
 317      BED99FD8 
 317      309558C3 
 317      0707
 318 03e5 BBED2A31 		.ascii	"\273\355*1\023\234\034\230\330p\304\005\006;@\301\206"
 318      139C1C98 
 318      D870C405 
 318      063B40C1 
 318      86
 319 03f6 AB603D4D 		.ascii	"\253`=M\027\015\334\010\025\354\356\206u\367\245\012"
 319      170DDC08 
 319      15ECEE86 
 319      75F7A50A 
 320 0406 66818681 		.ascii	"f\201\206\201\301F\"\016Ae\035w\313\314Je8\234\362\217"
 320      C146220E 
 320      41651D77 
 320      CBCC4A65 
 320      389CF28F 
 321 041a 5D49B147 		.ascii	"]I\261G\322{q\353(\366\250\223`\307\272\243g,\304\300"
 321      D27B71EB 
 321      28F6A893 
ARM GAS  C:\Users\8FEE~1\AppData\Local\Temp\ccYyM3Vc.s 			page 26


 321      60C7BAA3 
 321      672CC4C0 
 322 042e 23033EE7 		.ascii	"#\003>\347\355\262\021\277 \370}\223WA\343\265+\224"
 322      EDB211BF 
 322      20F87D93 
 322      5741E3B5 
 322      2B94
 323 0440 66C16DCE 		.ascii	"f\301m\316\317\244\332,\\Wm\236A\251\332\274R\232jc"
 323      CFA4DA2C 
 323      5C576D9E 
 323      41A9DABC 
 323      529A6A63 
 324 0454 55144A50 		.ascii	"U\024JP\211\226\266\274\2452\035\205.^\200+\220\323"
 324      8996B6BC 
 324      A5321D85 
 324      2E5E802B 
 324      90D3
 325 0466 52770C0C 		.ascii	"Rw\014\014/\246\262\377\307\232\207\016\225\274\200"
 325      2FA6B2FF 
 325      C79A870E 
 325      95BC80
 326 0475 2FD4CEBD 		.ascii	"/\324\316\275\007P(\237\320D\241Ltt]>\013\367@\303B"
 326      0750289F 
 326      D044A14C 
 326      74745D3E 
 326      0BF740C3 
 327 048a D0BA3E69 		.ascii	"\320\272>iE\177\212\343`{\023\272$\256\237VPI\256$\307"
 327      457F8AE3 
 327      607B13BA 
 327      24AE9F56 
 327      5049AE24 
 328 049f A936F4E8 		.ascii	"\2516\364\350\270(\332\336Jt,vt\265y\320c\302\231\325"
 328      B828DADE 
 328      4A742C76 
 328      74B579D0 
 328      63C299D5 
 329 04b3 9A1993EC 		.ascii	"\232\031\223\354(`\232\231\364j\005\237\222o\211\243"
 329      28609A99 
 329      F46A059F 
 329      926F89A3 
 330 04c3 B9FD08A0 		.ascii	"\271\375\010\240t]\344\305\250\352\274\320R\254\371"
 330      745DE4C5 
 330      A8EABCD0 
 330      52ACF9
 331 04d2 1DB9B873 		.ascii	"\035\271\270si\313\3226\245\375\311\247,\036,\215\224"
 331      69CBD236 
 331      A5FDC9A7 
 331      2C1E2C8D 
 331      94
 332 04e3 FD933845 		.ascii	"\375\2238E\376Kd\301%:\255\226\250\300\335\024\242@"
 332      FE4B64C1 
 332      253AAD96 
 332      A8C0DD14 
 332      A240
 333 04f5 1188F3FF 		.ascii	"\021\210\363\377\332[@\2073\012t\333\275\336\244@O\361"
 333      DA5B4087 
 333      330A74DB 
ARM GAS  C:\Users\8FEE~1\AppData\Local\Temp\ccYyM3Vc.s 			page 27


 333      BDDEA440 
 333      4FF1
 334 0507 5246A875 		.ascii	"RF\250uC\017\015\213^\005\272\331\362G\205\032\015/"
 334      430F0D8B 
 334      5E05BAD9 
 334      F247851A 
 334      0D2F
 335 0519 45D2AA78 		.ascii	"E\322\252x \273#w\217T\3161\350\367\361j\2117Fe\320"
 335      20BB2377 
 335      8F54CE31 
 335      E8F7F16A 
 335      89374665 
 336 052e D3520D0A 		.ascii	"\323R\015\012\023\251\022\355\3371\026\3341_zs\360\030"
 336      13A912ED 
 336      DF3116DC 
 336      315F7A73 
 336      F018
 337 0540 819EC6BA 		.ascii	"\201\236\306\272Gh`\364\261\350\367E?J\321\307*\332"
 337      476860F4 
 337      B1E8F745 
 337      3F4AD1C7 
 337      2ADA
 338 0552 A60B6F29 		.ascii	"\246\013o)\3103\376\005h\305\002<\013\221\244% N\024"
 338      C833FE05 
 338      68C5023C 
 338      0B91A425 
 338      204E14
 339 0565 E27C718E 		.ascii	"\342|q\216Q\234(D\034=\350\361\254\013W\220\347\374"
 339      519C2844 
 339      1C3DE8F1 
 339      AC0B5790 
 339      E7FC
 340 0577 CB52F241 		.ascii	"\313R\362A\177\277\376T\236\275\010\012\327\340M\012"
 340      7FBFFE54 
 340      9EBD080A 
 340      D7E04D0A 
 341 0587 3F8F2185 		.ascii	"?\217!\205\362Y\370\212*\004\373\276\351\350\250\263"
 341      F259F88A 
 341      2A04FBBE 
 341      E9E8A8B3 
 342 0597 3B4B5D39 		.ascii	";K]9k\250\313\006\347\240\010\336\343\033\026\234\007"
 342      6BA8CB06 
 342      E7A008DE 
 342      E31B169C 
 342      07
 343 05a8 278DDEEB 		.ascii	"'\215\336\353~h\254\301\363\306\234t\367\257\3128\034"
 343      7E68ACC1 
 343      F3C69C74 
 343      F7AFCA38 
 343      1C
 344 05b9 0FFDE47C 		.ascii	"\017\375\344|\340n\010UN*g\354\242\274v4L$\337\200\034"
 344      E06E0855 
 344      4E2A67EC 
 344      A2BC7634 
 344      4C24DF80 
 345 05ce 8A7F2F1E 		.ascii	"\212\177/\036\223\305\327\276,\376\015N\014\251D^\367"
 345      93C5D7BE 
ARM GAS  C:\Users\8FEE~1\AppData\Local\Temp\ccYyM3Vc.s 			page 28


 345      2CFE0D4E 
 345      0CA9445E 
 345      F7
 346 05df 8A8C19A4 		.ascii	"\212\214\031\244\252o8\036P\274o\275\252\326\033\351"
 346      AA6F381E 
 346      50BC6FBD 
 346      AAD61BE9 
 347 05ef BE68AC45 		.ascii	"\276h\254E\267\333c\250\032\217\003\240_\251j2`\023"
 347      B7DB63A8 
 347      1A8F03A0 
 347      5FA96A32 
 347      6013
 348 0601 70C362D7 		.ascii	"p\303b\327PT5\371\262h&U\023\224\252\033^U\261\203T"
 348      505435F9 
 348      B2682655 
 348      1394AA1B 
 348      5E55B183 
 349 0616 D5C2F134 		.ascii	"\325\302\3614\212\367\035\253\242#\315\3200\221\205"
 349      8AF71DAB 
 349      A223CDD0 
 349      309185
 350 0625 C52A0D35 		.ascii	"\305*\0155\206\2068<\200\260k(\032.\370\306\374\236"
 350      8686383C 
 350      80B06B28 
 350      1A2EF8C6 
 350      FC9E
 351 0637 34C4D149 		.ascii	"4\304\321I\324\\\327V\366\262\032\"\224w\204\340\203"
 351      D45CD756 
 351      F6B21A22 
 351      947784E0 
 351      83
 352 0648 D0241ED8 		.ascii	"\320$\036\330$v\237\251\353-KP\3354`\303\251\235\037"
 352      24769FA9 
 352      EB2D4B50 
 352      DD3460C3 
 352      A99D1F
 353 065b D9D5A169 		.ascii	"\331\325\241i\201\037\372\321fq\310$yB\036\3546&d\322"
 353      811FFAD1 
 353      6671C824 
 353      79421EEC 
 353      362664D2 
 354 066f 2027E422 		.ascii	" '\344\"'\307\267\270V\3572{\027u\262\332*~S\024\217"
 354      27C7B7B8 
 354      56EF327B 
 354      1775B2DA 
 354      2A7E5314 
 355 0684 03A03F70 		.ascii	"\003\240?p\212\246\360)\022\257\246(.\330\024\375\371"
 355      8AA6F029 
 355      12AFA628 
 355      2ED814FD 
 355      F9
 356 0695 715374C9 		.ascii	"qSt\311\227\305e\232\242),\317\322/\257\313+\357\225"
 356      97C5659A 
 356      A2292CCF 
 356      D22FAFCB 
 356      2BEF95
 357 06a8 41CABBC2 		.ascii	"A\312\273\302\201u\012|u\240\274\251\217\310\233\206"
ARM GAS  C:\Users\8FEE~1\AppData\Local\Temp\ccYyM3Vc.s 			page 29


 357      81750A7C 
 357      75A0BCA9 
 357      8FC89B86 
 358 06b8 03A03F50 		.ascii	"\003\240?P^\002\313\2336\024ym\276,\332I^\002\313\263"
 358      5E02CB9B 
 358      3614796D 
 358      BE2CDA49 
 358      5E02CBB3 
 359 06cc D25AB3BC 		.ascii	"\322Z\263\274\237\216\033\362\246\017R\3365\016l\242"
 359      9F8E1BF2 
 359      A60F52DE 
 359      350E6CA2 
 360 06dc C01E6F39 		.ascii	"\300\036o9{\345\275\312\345<=pK\316\300o%v)1\316`bV"
 360      7BE5BDCA 
 360      E53C3D70 
 360      4BCEC06F 
 360      25762931 
 361 06f4 3F4ECC75 		.ascii	"?N\314u\337\2307H\314\014\026\023\"\266D*1y\365\206"
 361      DF983748 
 361      CC0C1613 
 361      22B6442A 
 361      3179F586 
 362 0708 98998314 		.ascii	"\230\231\203\024\363\243/\360\315\201bf\261\230\231"
 362      F3A32FF0 
 362      CD816266 
 362      B19899
 363 0717 816266B3 		.ascii	"\201bf\263\230YC\021\363\037\337\230\267H\314l\301\233"
 363      98594311 
 363      F31FDF98 
 363      B748CC6C 
 363      C19B
 364 0729 EF74B577 		.ascii	"\357t\265w\363\371\3556\233\310\013S\0227\224\030\022"
 364      F3F9ED36 
 364      9BC80B53 
 364      12379418 
 364      12
 365 073a 5F1BA4C4 		.ascii	"_\033\244\304\333\276:\2773\260\034\347<R\216sq\000"
 365      DBBE3ABF 
 365      33B01CE7 
 365      3C528E73 
 365      7100
 366 074c F40796E3 		.ascii	"\364\007\226\343<.\307\271C)\307\016_\026\235$z\036"
 366      3C2EC7B9 
 366      4329C70E 
 366      5F169D24 
 366      7A1E
 367 075e CB0BED97 		.ascii	"\313\013\355\227\227\357\2257\177\220\362\356\372\352"
 367      97EF9537 
 367      7F90F2EE 
 367      FAEA
 368 076c FCDE4079 		.ascii	"\374\336@y\013\036\221\267\020\007@\177\240\274E,o\341"
 368      0B1E91B7 
 368      1007407F 
 368      A0BC452C 
 368      6FE1
 369 077e 50E4FDD7 		.ascii	"P\344\375\327\227\305}\222\267\210\345\331\371\212\251"
 369      97C57D92 
ARM GAS  C:\Users\8FEE~1\AppData\Local\Temp\ccYyM3Vc.s 			page 30


 369      B788E5D9 
 369      F98AA9
 370 078d AEBA7756 		.ascii	"\256\272wV\250K`\"]\015_\362\273\264\362\0052Q\235\317"
 370      A84B6022 
 370      5D0D5FF2 
 370      BBB4F205 
 370      32519DCF 
 371 07a1 276A2619 		.ascii	"'j&\031(\377\353\201\216W\305\007\375%\341\020\371\365"
 371      28FFEB81 
 371      8E57C507 
 371      FD25E110 
 371      F9F5
 372 07b3 1CF4B6BB 		.ascii	"\034\364\266\273\264\323\370m\221\204\337\362\200\240"
 372      B4D3F86D 
 372      9184DFF2 
 372      80A0
 373 07c1 7C5B4D52 		.ascii	"|[MRw\227\303\235Y\012\265\030\277\215\374"
 373      7797C39D 
 373      590AB518 
 373      BF8DFC
 374 07d0 DB21F066 		.ascii	"\333!\360f\277X\301\032;S\025,\031??\2010\276\023'+"
 374      BF58C11A 
 374      3B53152C 
 374      193F3F81 
 374      30BE1327 
 375 07e5 D8D7990A 		.ascii	"\330\327\231\012\225\202\033!\020\305\267\342\024B\355"
 375      95821B21 
 375      10C5B7E2 
 375      1442ED
 376 07f4 70DFECFC 		.ascii	"p\337\354\374\255\202-Q\037\223\003\271_T\330\324\307"
 376      AD822D51 
 376      1F9303B9 
 376      5F54D8D4 
 376      C7
 377 0805 04E0A13F 		.ascii	"\004\340\241?\213\357\336KXY\030\375h\272\211\227\367"
 377      8BEFDE4B 
 377      585918FD 
 377      68BA8997 
 377      F7
 378 0816 F6F72DEA 		.ascii	"\366\367-\352\346)\350'\025\240\033\277d\263\343\342"
 378      E629E827 
 378      15A01BBF 
 378      64B3E3E2 
 379 0826 9CEADF9B 		.ascii	"\234\352\337\233+V\276\2612-s\362\264\251\316\264L\347"
 379      2B56BEB1 
 379      322D73F2 
 379      B4A9CEB4 
 379      4CE7
 380 0838 8AA5A9CE 		.ascii	"\212\245\251\316\364\264\214\254L\347\353\277H\232\022"
 380      F4B48CAC 
 380      4CE7EBBF 
 380      489A12
 381 0847 EF4C4C9C 		.ascii	"\357LL\234\353\234\237\2620yu<u\375&\035\237\324\324"
 381      EB9C9FB2 
 381      3079753C 
 381      75FD261D 
 381      9FD4D4
ARM GAS  C:\Users\8FEE~1\AppData\Local\Temp\ccYyM3Vc.s 			page 31


 382 085a 65716F0A 		.ascii	"eqo\012\235P\372\252\245\231\277\323W\245-[.\337X\231"
 382      9D50FAAA 
 382      A599BFD3 
 382      57A52D5B 
 382      2EDF5899 
 383 086e A52F4DCD 		.ascii	"\245/M\315\3120\245\377!}Y\206%-3}\371\362e\031\346"
 383      CA30A5FF 
 383      217D5986 
 383      252D337D 
 383      F9F26519 
 384 0883 B4AC3FA5 		.ascii	"\264\254?\245/\3170\021$\303J\375\304\320VM\326V\305"
 384      2FCF3011 
 384      24C34AFD 
 384      C4D0564D 
 384      D656C5
 385 0896 6BAB5EFE 		.ascii	"k\253^\376\037\345\254\000\250"
 385      1FE5AC00 
 385      A8
 386              		.text
 387              		.section	.gnu.lto_.symbol_nodes.95615b61,"",%progbits
 388 0000 789C6365 		.ascii	"x\234ce`bPc\000\002\246\271L\365\014\014\023\31610\000"
 388      60625063 
 388      0002A6B9 
 388      4CF50C0C 
 388      13CE3130 
 389 0015 A95D0D8E 		.ascii	"\251]\015\216@\221yL\365\214(\"\014\000\271[\011 "
 389      4091794C 
 389      F58C2822 
 389      0C00B95B 
 389      0920
 390              		.text
 391              		.section	.gnu.lto_.refs.95615b61,"",%progbits
 392 0000 789C6365 		.ascii	"x\234ce`b`d\000\002\000\000I\000\011"
 392      60626064 
 392      00020000 
 392      490009
 393              		.text
 394              		.section	.gnu.lto_.decls.95615b61,"",%progbits
 395 0000 789CCD59 		.ascii	"x\234\315Y\013L\225I\226\276\365\327\275\027\270<4\350"
 395      0B4C9549 
 395      96BEF5D7 
 395      BD17B83C 
 395      34E8
 396 0012 4C9C6C67 		.ascii	"L\234lg\207\364\262\335dwZ\004g\354\331\235\307\252"
 396      87F4B2DD 
 396      64775A04 
 396      67ECD99D 
 396      C7AA
 397 0024 80E234DD 		.ascii	"\200\3424\335\222KOo6!!\264`7\031\004\006\256\263=\311"
 397      924B4F6F 
 397      362121B4 
 397      60371904 
 397      06AEB33D 
 398 0039 6EF2F390 		.ascii	"n\362\363\220\227\"o\224VlQlA\020\224\026\224\227\322"
 398      97226F94 
 398      566C516C 
 398      41109416 
ARM GAS  C:\Users\8FEE~1\AppData\Local\Temp\ccYyM3Vc.s 			page 32


 398      9497D2
 399 004c 803C0511 		.ascii	"\200<\005\021\024\001A\021\344!\"\362Py\210\272\247"
 399      14014111 
 399      E42122F2 
 399      507988BA 
 399      A7
 400 005d AAFECB2D 		.ascii	"\252\376\313-\376{\311\314\244\223\311\376\341\334\252"
 400      FE7BC9CC 
 400      A493C9FE 
 400      E1DCAA
 401 006c 53F5FDA7 		.ascii	"S\365\375\247N\235s\252\352\324\217J!(\036\377T\241"
 401      4E9D73AA 
 401      EAD48F4A 
 401      21281EFF 
 401      54A1
 402 007e D8AE5428 		.ascii	"\330\256T(\374\220B\361\026\036\254P(\316+\014\217\000"
 402      FC9042F1 
 402      161EAC50 
 402      28CE2B0C 
 402      8F00
 403 0090 B400F45B 		.ascii	"\264\000\364[\2440zf\241m\015\224\237\001\331\002\255"
 403      A4307A66 
 403      A16D0D94 
 403      9F01D902 
 403      AD
 404 00a1 077A0EF4 		.ascii	"\007z\016\364>P\032\364\245\000\251\2012\200f\241\355"
 404      3E501AF4 
 404      A500A981 
 404      328066A1 
 404      ED
 405 00b2 0894BF04 		.ascii	"\010\224\277\004J\007:\012\264\005\350\037\240=\016"
 405      4A073A0A 
 405      B405E81F 
 405      A03D0E
 406 00c1 CAAF8086 		.ascii	"\312\257\200\206\241\336\014\344\000\365F(?\200\262"
 406      A1DE0CE4 
 406      00F54628 
 406      3F80B2
 407 00d0 1E4A2728 		.ascii	"\036J'(\033\240\334\014e\013\224\377\002e\035\224\377"
 407      1BA0DC0C 
 407      650B94FF 
 407      02651D94 
 407      FF
 408 00e1 0AE57528 		.ascii	"\012\345u(7A\371\030\312'@c@\243@\023@O\201\236\001"
 408      3741F918 
 408      CA274063 
 408      40A34013 
 408      404F819E 
 409 00f6 8D033D02 		.ascii	"\215\003=\002\032\341\346\223eb>\377\013\235\226\262"
 409      1AE1E693 
 409      65623EFF 
 409      0B9D96B2 
 410 0106 F9FC0A70 		.ascii	"\371\374\012p\010h\011\352\025\322\334<\025Lw27\265"
 410      086809EA 
 410      15D2DC3C 
 410      154C7732 
 410      37B5
ARM GAS  C:\Users\8FEE~1\AppData\Local\Temp\ccYyM3Vc.s 			page 33


 411 0118 A42FD195 		.ascii	"\244/\321\225\350It#z\021\235\320*v;\202QiB]\225p\037"
 411      E8497423 
 411      7A119DD0 
 411      2A763B82 
 411      5169425D 
 412 012f F5211812 		.ascii	"\365!\030\022\255\245\255\010\261_D\211\262o\365\017"
 412      ADA5AD08 
 412      B15F4489 
 412      B26FF50F 
 413 013f 42B41D5A 		.ascii	"B\264\035Z\005\205$X\337\204\364oH\274 \261\202$\222"
 413      05852458 
 413      DF84F46F 
 413      48BC20B1 
 413      822492
 414 0152 FE492F23 		.ascii	"\376I/#N\"\353f#\351\037\005\2033M\024T:{\033\011\206"
 414      4E22EB66 
 414      23E91F05 
 414      83334D14 
 414      543A7B1B 
 415 0168 0110E25F 		.ascii	"\001\020\342_\340\0042\265\245\376e\375\024\206\311"
 415      E00432B5 
 415      A5FE65FD 
 415      1486C9
 416 0177 21FDECA7 		.ascii	"!\375\354\2473o\214h\036\240~\322zr+\242m\347\0122\207"
 416      336F8C68 
 416      1EA07ED2 
 416      7A722BA2 
 416      6DE70A32 
 417 018c 2DB08048 		.ascii	"-\260\200H\375\301B\356\216\215\005\"{\314\035\014f"
 417      FDC142EE 
 417      8E8D0522 
 417      7BCC1D0C 
 417      66
 418 019d BB1575E1 		.ascii	"\273\025u\3418>\214\221\255\006)\211\234\326\257\207"
 418      383E8C91 
 418      AD062989 
 418      9CD6AF87 
 419 01ad 6C805DAF 		.ascii	"l\200]\257Av\300&\344\275\371)\353<*\000{\245\352\251"
 419      4176C026 
 419      E4BDF929 
 419      EB3C2A00 
 419      7BA5EAA9 
 420 01c1 3363DF01 		.ascii	"3c\337\001\256\274\177\272\332\222a\007\020yWL\210\261"
 420      AEBC7FBA 
 420      DA926107 
 420      1079574C 
 420      88B1
 421 01d3 62DDF384 		.ascii	"b\335\363\204o\352\312\232\324\340\237\320\361'\243"
 421      6FEACA9A 
 421      D4E09FD0 
 421      F127A3
 422 01e2 86072C59 		.ascii	"\206\007,Y\337\006`;\246ndI\354Z`\373\342\242O\250\261"
 422      DF06603B 
 422      A66E6449 
 422      EC5A60FB 
 422      E2A24FA8 
 423 01f7 1D45F637 		.ascii	"\035E\3667\346\345\023\205\336\327 b\2045\320T4Q\266"
ARM GAS  C:\Users\8FEE~1\AppData\Local\Temp\ccYyM3Vc.s 			page 34


 423      E6E51385 
 423      DED72062 
 423      8435D054 
 423      3451B6
 424 020a 60CD9A08 		.ascii	"`\315\232\010\242#q&\307\014\3773\251\013\231\315wk"
 424      A2237126 
 424      C70CFF33 
 424      A90B99CD 
 424      776B
 425 021c 94C841F3 		.ascii	"\224\310A\363-\231Wu\303\313\367\223cDQ@eH\203.#0\001"
 425      2D995775 
 425      C3CBF793 
 425      63445140 
 425      6548832E 
 426 0233 DA48ACF4 		.ascii	"\332H\254\364\276\006~cE1BL\212\024-\334\025\250\000"
 426      BE067E63 
 426      4531424C 
 426      8A142DDC 
 426      15A800
 427 0246 BD83F2D1 		.ascii	"\275\203\362\321;\012t\0059\020\261\004\207J\241\261"
 427      3B0A7405 
 427      3910B104 
 427      874AA1B1 
 428 0256 041A6188 		.ascii	"\004\032a\210\274\234\344Sj|\036\3211\352\257\336\353"
 428      BC9CE453 
 428      6A7C1ED1 
 428      31EAAFDE 
 428      EB
 429 0267 56228D83 		.ascii	"V\"\215\203I\001\225&\0040e\346\012\337\255?@\224\251"
 429      49019526 
 429      043065E6 
 429      0ADFAD3F 
 429      4094A9
 430 027a 0065CA0D 		.ascii	"\000e\312\015\312\200n\314\364\203\345}\341\002\316"
 430      CA806ECC 
 430      F483E57D 
 430      E102CE
 431 0289 650EFABA 		.ascii	"e\016\372\272\342y\263\212Y\304\034\330g\251\327[\005"
 431      E279B38A 
 431      59C41CD8 
 431      67A9D75B 
 431      05
 432 029a 5CC0FA46 		.ascii	"\\\300\372F\272#3\325\270\2301I\257{D5.gL\302\263\371"
 432      BA2333D5 
 432      B8983149 
 432      AF7B4435 
 432      2E674CC2 
 433 02b0 6C25FE9E 		.ascii	"l%\376\2361=\221s]\326\270\2012\026\321EW.Y!{\362\254"
 433      313D9173 
 433      5DD6B881 
 433      3216D145 
 433      572E5921 
 434 02c7 B3B77738 		.ascii	"\263\267w8Et\257\036\355\371Y\343\314#QL\261\242J\325"
 434      4574AF1E 
 434      EDF959E3 
 434      CC23514C 
 434      B1A24AD5 
ARM GAS  C:\Users\8FEE~1\AppData\Local\Temp\ccYyM3Vc.s 			page 35


 435 02db 82524D68 		.ascii	"\202RMh\235a2\305\360\243@N\360\243`/,\3766S\254\216"
 435      9D6132C5 
 435      F0A3404E 
 435      F0A3602F 
 435      2CFE3653 
 436 02f1 C2145D23 		.ascii	"\302\024]#G;\312\300\343\377a\000_\223\203\257R\321"
 436      473BCAC0 
 436      E3FF6100 
 436      5F9383AF 
 436      52D1
 437 0303 058893CD 		.ascii	"\005\210\223\315\301\253\344\360\357\344\232\364r\350"
 437      C1ABE4F0 
 437      EFE49AF4 
 437      72E8
 438 0311 6AD3C229 		.ascii	"j\323\302):\231\330>I\024\267*\025\250\010\372\013i"
 438      3A99D83E 
 438      4914B72A 
 438      15A808FA 
 438      0B69
 439 0323 174183F9 		.ascii	"\027A\203\371\321\015\360\326ud\217\232\201\032\201"
 439      D10DF0D6 
 439      75648F9A 
 439      811A81
 440 0332 EA811A80 		.ascii	"\352\201\032\200Z\200\352\220=]\024l\274fn\274\357M"
 440      5A80EA90 
 440      3D5D146C 
 440      BC666EBC 
 440      EF4D
 441 0344 CE9C9F4B 		.ascii	"\316\234\237K\263\273\001}\311\364\\\030\234\205\306"
 441      B3BB017D 
 441      C9F45C18 
 441      9C85C6
 442 0353 E455DB70 		.ascii	"\344U\333pQD\004\246\220\302BZ\216\327\336D\265\253"
 442      514404A6 
 442      90C2425A 
 442      8ED7DE44 
 442      B5AB
 443 0365 7102A681 		.ascii	"q\002\246\201\227\023\177\243\324\034\255s05't\023\246"
 443      97137FA3 
 443      D41CAD73 
 443      30352774 
 443      13A6
 444 0377 F2B74C8B 		.ascii	"\362\267L\213\215<\322\250\206\365\217\332\340\305V"
 444      8D3CD2A8 
 444      86F58FDA 
 444      E0C556
 445 0386 4348123D 		.ascii	"CH\022=\350\360\372%m+-\351\230\326\027g\005|\222\252"
 445      E8F0FA25 
 445      6D2B2DE9 
 445      98D61767 
 445      057C92AA 
 446 039a 832E5446 		.ascii	"\203.TF=\265a\235\325\244\363\340\201\30483|\226u\316"
 446      3DB5619D 
 446      D5A4F3E0 
 446      81C43833 
 446      7C9675CE 
 447 03ae E6169F30 		.ascii	"\346\026\2370g\235\271\244\363\361\353\372'*\\\310:"
ARM GAS  C:\Users\8FEE~1\AppData\Local\Temp\ccYyM3Vc.s 			page 36


 447      679DB9A4 
 447      F3F1EBFA 
 447      272A5CC8 
 447      3A
 448 03bf 0B5A1BFA 		.ascii	"\013Z\033\372\244M&\226tv\316\265\307hp\011\353|\373"
 448      A44D2696 
 448      7476CEB5 
 448      C7687009 
 448      EB7CFB
 449 03d2 B8E7B405 		.ascii	"\270\347\264\005\353\234\"||I\352\3515\270\222uv\216"
 449      EB9C227C 
 449      7C49EAE9 
 449      35B89275 
 449      768E
 450 03e4 6447497B 		.ascii	"dGI{J;\341\017'~wQ\203kYg\356\310\361\303R\347/\201"
 450      4A3BE10F 
 450      277E7751 
 450      836B5967 
 450      EEC8F1C3 
 451 03fc 2D69BD72 		.ascii	"-i\275r_\205\233Y_\337LW\214%\276\305\230\242\245\264"
 451      5F859B59 
 451      5FDF4C57 
 451      8C25BEC5 
 451      98A2A5B4 
 452 0410 B36ADCCD 		.ascii	"\263j\334\315\230\366\343Y\372\225v\211lj\011Eo\315"
 452      98F6E359 
 452      FA957689 
 452      6C6A0945 
 452      6FCD
 453 0422 D92E7672 		.ascii	"\331.vr\035\031!\263\377\202\006?\240X\353\327\017\236"
 453      1D1921B3 
 453      FF82063F 
 453      A058EBD7 
 453      0F9E
 454 0434 5FB344EB 		.ascii	"_\263D\353\354\227\037\007{\336\031\017\301\031\003"
 454      EC971F07 
 454      7BDE190F 
 454      C11903
 455 0443 D4BB4392 		.ascii	"\324\273C\222'&\301\023\303`\365\307@O\200\306\200F"
 455      2726C113 
 455      C360F5C7 
 455      404F80C6 
 455      8046
 456 0455 8126809E 		.ascii	"\201&\200\236\002=\003\032\007z\0044b\0108\342\2316"
 456      023D031A 
 456      077A0434 
 456      620838E2 
 456      9936
 457 0467 DB54516C 		.ascii	"\333TQl\334D}s\021|CD.{\373\302\312\345\003\370\232"
 457      DC447D73 
 457      117C4344 
 457      2E7BFBC2 
 457      CAE503F8 
 458 047c DF85D390 		.ascii	"\337\205\323\220#\360\007r\370\212\245I\300\273\015"
 458      23F00772 
 458      F88AA549 
 458      C0BB0D
ARM GAS  C:\Users\8FEE~1\AppData\Local\Temp\ccYyM3Vc.s 			page 37


 459 048b E04139F8 		.ascii	"\340A9\370<\222\243=\014\350\0369\272[\216\036\374\310"
 459      3C92A33D 
 459      0CE81E39 
 459      BA5B8E1E 
 459      FCC8
 460 049d 80BE2747 		.ascii	"\200\276'G\367\032\351=\310\351}_\016/6\236\346'\006"
 460      F71AE93D 
 460      C8E97D5F 
 460      0E2F369E 
 460      E62706
 461 04b0 F82D39BC 		.ascii	"\370-9\274\335HsN\227~9\272\317Hsn\236w\345\350.cU>"
 461      DD48734E 
 461      977E39BA 
 461      CF48736E 
 461      9E77E5E8 
 462 04c8 36C0EFC8 		.ascii	"6\300\357\310\341\267\015\302\2455\336\304\326\370\320"
 462      E1B70DC2 
 462      A535DEC4 
 462      D6F8D0
 463 04d7 CA352E39 		.ascii	"\3125.9\273\225sv\247\\V\00774D\344\367\013\023\007"
 463      BB957376 
 463      A75C5607 
 463      373444E4 
 463      F70B1307 
 464 04eb D6E011B6 		.ascii	"\326\340\021\266'\274\356{\364\013\331\226\240\217B"
 464      27BCEE7B 
 464      F40BD996 
 464      A08F42
 465 04fa 3403C1F7 		.ascii	"4\003\301\367C\002\221)\336u\223n\021\323 h\312\260"
 465      43029129 
 465      DE75936E 
 465      11D32068 
 465      CAB0
 466 050c 450CE9B7 		.ascii	"E\014\351\267\210\254\201\352!\325:i\374\330\325\306"
 466      88AC81EA 
 466      21D53A69 
 466      FCD8D5C6 
 467 051c 57FCCD83 		.ascii	"W\374\315\203\223\243\355EE:\266\212_>f\321,\267\215"
 467      93A3ED45 
 467      453AB68A 
 467      5F3E66D1 
 467      2CB78D
 468 052f 2AD07364 		.ascii	"*\320sd%\0013\357\314M\250\225\002kC\237+I\333\365\267"
 468      250133EF 
 468      CC4DA895 
 468      026B439F 
 468      2B49DBF5 
 469 0544 73D56BD8 		.ascii	"s\325k\330\262\026\270\014c=\3130j;\272\023\225\033"
 469      B216B80C 
 469      633DCB30 
 469      6A3BBA13 
 469      951B
 470 0556 3268FA13 		.ascii	"2h\372\023)\256\025\320g?Fs \371%\225<\2176\300\357"
 470      29AE15D0 
 470      673F4673 
 470      20F92595 
 470      3C8F36C0 
ARM GAS  C:\Users\8FEE~1\AppData\Local\Temp\ccYyM3Vc.s 			page 38


 471 056b 0BA4940C 		.ascii	"\013\244\224\014\336\226;`\366\356I\361\344\000\244"
 471      DE963B60 
 471      F6EE49F1 
 471      E400A4
 472 057a 146FEC8E 		.ascii	"\024o\354\216\025D\213\355\360\336V\012Dy\006\243@\025"
 472      15448BED 
 472      F0DE560A 
 472      447906A3 
 472      4015
 473 058c 7E7361FD 		.ascii	"~sa\375\241\263\020\314\012\264\200\336\205\367\237"
 473      A1B310CC 
 473      0AB480DE 
 473      85F79F
 474 059b 9E894C5D 		.ascii	"\236\211L]\203/*\351vs\2565oI\211\033(#$\324\034\237"
 474      832F2AE9 
 474      7673AE35 
 474      6F49891B 
 474      282324D4 
 475 05b1 B05A2D95 		.ascii	"\260Z-\225x\275j*1\332\263\251\373\266(\332\241%8_^"
 475      78BD6A2A 
 475      31DAB3A9 
 475      FBB628DA 
 475      A125385F 
 476 05c6 19C6AFD0 		.ascii	"\031\306\257\320\247\022\345\211g\34615\010A0\203D\325"
 476      A712E589 
 476      67E63135 
 476      08413083 
 476      44D5
 477 05d8 BD4CB6C6 		.ascii	"\275L\266\306\355l\340\303\327\033\026T\313y\322\342"
 477      ED6CE0C3 
 477      D71B1654 
 477      CB79D2E2 
 478 05e8 6EE2E170 		.ascii	"n\342\341p\001R,\2710\223\232\211\202\311,\351E\314"
 478      01522CB9 
 478      30939A89 
 478      82C92CE9 
 478      45CC
 479 05fa 701BA2A3 		.ascii	"p\033\242\243\022Qo\020\035\366\330l\377ci;w\340\022"
 479      12516F10 
 479      1DF6D86C 
 479      FF63693B 
 479      77E012
 480 060d 4A5B9650 		.ascii	"J[\226P\316g?J\021p?3Ml\301\341Z\254\211%\036\371k\322"
 480      CE673F4A 
 480      11703F33 
 480      4D6CC1E1 
 480      5AAC8925 
 481 0625 2A7204BD 		.ascii	"*r\004\275M\033\260\306\203\354\365\363\363\017JUx\224"
 481      4D1BB0C6 
 481      83ECF5F3 
 481      F30F4A55 
 481      7894
 482 0637 31096935 		.ascii	"1\011i55J<\301\230\323\231\3111*<\315\230\274\224$\330"
 482      354A3CC1 
 482      98D399C9 
 482      312A3CCD 
 482      98BC9424 
ARM GAS  C:\Users\8FEE~1\AppData\Local\Temp\ccYyM3Vc.s 			page 39


 483 064c D0671973 		.ascii	"\320g\031s\364\334\335E\013\374\2021g\026_M\221c\351"
 483      F4DCDD45 
 483      0BFC8231 
 483      67165F4D 
 483      9163E9
 484 065f 3D926A62 		.ascii	"=\222jb.\321|\217%\232\327Z\232\276\265\302\257\230"
 484      2ED17C8F 
 484      259AD75A 
 484      9ABEB5C2 
 484      AF98
 485 0671 0593B2F3 		.ascii	"\005\223\262\363\017Z\350]\007\032\253\034\024\313\021"
 485      0F5AE85D 
 485      071AAB1C 
 485      14CB11
 486 0680 8492C140 		.ascii	"\204\222\301@\357I\352\036\026\336A\011\202\336u\015"
 486      EF49EA1E 
 486      16DE4109 
 486      82DE750D 
 487 0690 A5FF5826 		.ascii	"\245\377X&\212kQ\022X(QX6\366{\222\343\256&\337\033"
 487      8A6B5112 
 487      58285158 
 487      36F67B92 
 487      E3AE26DF 
 488 06a5 D1E06815 		.ascii	"\321\340h\025\035b)2\343\231!\231\235+t\256\243\371"
 488      1D622932 
 488      E3992199 
 488      9D2B74AE 
 488      A3F9
 489 06b7 631ABC9A 		.ascii	"c\032\274\232bx\025$\351\375$W#\325\204\0320H\304\374"
 489      62781524 
 489      E9FD2457 
 489      23D5841A 
 489      3048C4FC 
 490 06cb A94A739C 		.ascii	"\251Js\234H\007Q\316\276<\324\253!G\232a\017\021\024"
 490      480751CE 
 490      BE3CD4AB 
 490      21479A61 
 490      0F1114
 491 06de DC2ACB10 		.ascii	"\334*\313\020\330\006\222\011\262\216\012\366\350\210"
 491      D8069209 
 491      B28E0AF6 
 491      E888
 492 06ec C0A745A3 		.ascii	"\300\247E\243=\366U3\003\242\030oE\325:\004j\221\027"
 492      3DF65533 
 492      03A2186F 
 492      45D53A04 
 492      6A9117
 493 06ff 9635A007 		.ascii	"\2265\240\007\317\034\227\031\325\374\346\250X\035\201"
 493      CF1C9719 
 493      D5FCE6A8 
 493      581D81
 494 070e 293ADD24 		.ascii	"):\335$\232\3333\337TjH`\002feZ\244\274}\1772\005!\373"
 494      9ADB33DF 
 494      546A4860 
 494      0266655A 
 494      A4BC7D7F 
 495 0726 F50EF66C 		.ascii	"\365\016\366l\377\354\252\262\011\247b\211\270\203 "
ARM GAS  C:\Users\8FEE~1\AppData\Local\Temp\ccYyM3Vc.s 			page 40


 495      FFECAAB2 
 495      09A76289 
 495      B88320
 496 0735 F698B0DE 		.ascii	"\366\230\260\336Tb\232B\247\030I\267I\303\024\011\230"
 496      54629A42 
 496      A71849B7 
 496      49C31409 
 496      98
 497 0746 4CF1384C 		.ascii	"L\3618L1\013\246\370\265\300\357\177\223\225\033\350"
 497      310BA6F8 
 497      B5C0EF7F 
 497      93951BE8 
 498 0756 C60D28D9 		.ascii	"\306\015(\331\306\015\323yYi\233\032I6n\222\351\305"
 498      C60DD379 
 498      59699B1A 
 498      49366E92 
 498      E9C5
 499 0768 AF3E3058 		.ascii	"\257>0X}\246\262\345\206\260\0364\010_U\003\305\212"
 499      7DA6B2E5 
 499      86B01E34 
 499      085F5503 
 499      C58A
 500 077a E1C99AAD 		.ascii	"\341\311\232\255\275Sb\205S\251\247\320pKQ\2049>\302"
 500      BD536285 
 500      53A9A7D0 
 500      704B5184 
 500      393EC2
 501 078d 9813AD85 		.ascii	"\230\023\255\205-*|\2141\025\371\205\035\002\316fLA"
 501      2D2A7C8C 
 501      3115F985 
 501      1D02CE66 
 501      4C41
 502 079f D9D44184 		.ascii	"\331\324A\204\363\0303\035S\244\303\027X=*+\351\246"
 502      F318331D 
 502      53A4C317 
 502      583D2A2B 
 502      E9A6
 503 07b1 C096DECF 		.ascii	"\300\226\336\317\200\315\210;>\240\224\256kd\207,\356"
 503      80CD883B 
 503      3EA094AE 
 503      6B64872C 
 503      EE
 504 07c2 CAAD30C7 		.ascii	"\312\2550\307\245\024k\235\224\227tY\203\244"
 504      A5146B9D 
 504      94977459 
 504      83A4
 505 07d0 DB02CB74 		.ascii	"\333\002\313tN\211Q\221\340\277_\263\3146\032\374w\032"
 505      4E895191 
 505      E0BF5FB3 
 505      CC361AFC 
 505      771A
 506 07e2 E65B20AC 		.ascii	"\346[ \254\226\007\023\364\342o\014\350\263rt\244\300"
 506      960713F4 
 506      E26F0CE8 
 506      B37274A4 
 506      C0
 507 07f3 9DBF043D 		.ascii	"\235\277\004=\316\241c\344\350(9z\206C\0370\215f\252"
ARM GAS  C:\Users\8FEE~1\AppData\Local\Temp\ccYyM3Vc.s 			page 41


 507      CEA163E4 
 507      E828397A 
 507      86431F30 
 507      8D66AA
 508 0806 F067E3B7 		.ascii	"\360g\343\267\260\012\316\260>)\256/\201\323/\200\325"
 508      B00ACEB0 
 508      3E29AE2F 
 508      81D32F80 
 508      D5
 509 0817 7381CE03 		.ascii	"s\201\316\003]\004*\002\372\016\250\030\250\020\350"
 509      5D042A02 
 509      FA0EA818 
 509      A810E8
 510 0826 1C503E50 		.ascii	"\034P>P\336r\354\023\005\2329S\234\222+\300]A\030z\220"
 510      DE72EC13 
 510      059A3953 
 510      9C922BC0 
 510      5D41187A 
 511 083b 5337568E 		.ascii	"S7V\216^\231\347\020x/'\374\244\034\376\235\\\370\342"
 511      5E99E710 
 511      782F27FC 
 511      A41CFE9D 
 511      5CF8E2
 512 084e AF0CE81C 		.ascii	"\257\014\350\034\223^\341\300\035\234\350l\323z/k\002"
 512      935EE1C0 
 512      1D9CE86C 
 512      D37A2F6B 
 512      02
 513 085f ABEA7E95 		.ascii	"\253\352~\225\206\341O@\220\306\231\326\234\223>\242"
 513      86E14F40 
 513      90C699D6 
 513      9C933EA2 
 514 086f 5F1144FC 		.ascii	"_\021D\3747\2465_q\367\251`yQ\201|\221\243\352\326\371"
 514      37A6355F 
 514      71F7A960 
 514      7951817C 
 514      91A3EAD6 
 515 0884 4B2A5CCE 		.ascii	"K*\\\316\366\302\307\307\306\362\315d\211\216\336\231"
 515      F6C2C7C7 
 515      C6F2CD64 
 515      898EDE99 
 516 0894 E832F8F0 		.ascii	"\3502\370\360\207\370\223iR\177\225&:\245 \250\304\260"
 516      87F89369 
 516      527F9526 
 516      3AA520A8 
 516      C4B0
 517 08a6 BD12BDA8 		.ascii	"\275\022\275\250:\361\315\275\2116|6R*\360\331\310\025"
 517      3AF1CDBD 
 517      89367C36 
 517      522AF0D9 
 517      C815
 518 08b8 C14A7A05 		.ascii	"\301Jz\005\260\227\343\216\216\302\325\233\251~\247"
 518      B097E38E 
 518      8EC2D59B 
 518      A97EA7
 519 08c7 6DBACC06 		.ascii	"m\272\314\0069X\261Q\332z\327F\222\371V\000\276\314"
 519      3958B151 
ARM GAS  C:\Users\8FEE~1\AppData\Local\Temp\ccYyM3Vc.s 			page 42


 519      DA7AD746 
 519      92F95600 
 519      BECC
 520 08d9 300CBC0E 		.ascii	"0\014\274\016\305*\322Q9Lj\305\000\331\335CY6\364\250"
 520      C52AD251 
 520      394C6AC5 
 520      00D9DD43 
 520      5936F4A8 
 521 08ed 25722204 		.ascii	"%r\"\004z\324\266e\234i\306\253&5U\002Ij*\005)\251Y"
 521      7AD4B665 
 521      9C69C6AB 
 521      26355502 
 521      496A2A05 
 522 0904 AA881951 		.ascii	"\252\210\031Q.'5\277\3167$5\000D\213\206<`Q\236\324"
 522      2E2735BF 
 522      CE372435 
 522      00448B86 
 522      3C60519E 
 523 0919 5C154852 		.ascii	"\\\025HR3[\227;+\345WI\344\016\327x.\355\216\005\356"
 523      335B973B 
 523      2BE55749 
 523      E40ED778 
 523      2EED8E05 
 524 092e 605BCDC9 		.ascii	"`[\315\311\243\215\021\002\276\307\230\322\221\246z"
 524      A38D1102 
 524      BEC798D2 
 524      91A67A
 525 093d 0D438A04 		.ascii	"\015C\212\004\231se`\011\341\021\326Y]\177\350)\302"
 525      99736560 
 525      09E111D6 
 525      595D7FE8 
 525      29C2
 526 094f D38C897D 		.ascii	"\323\214\211}\030\323)!\347\251\031'\363/[\263-\252"
 526      18D32921 
 526      E7A91927 
 526      F32F5BB3 
 526      2DAA
 527 0961 9A5E0D6B 		.ascii	"\232^\015k\346\272\255\361\034\003\307\227v\336W\222"
 527      E6BAADF1 
 527      1C03C797 
 527      76DE5792 
 528 0971 6C41942C 		.ascii	"lA\224,\006o\031\334\321HNE\010}\264\211\036y\351U\351"
 528      066F19DC 
 528      D1484E45 
 528      087DB489 
 528      1E79E955 
 529 0986 2536B649 		.ascii	"%6\266IR\360\330)\351~]\017\361\303\342\275I\260\325"
 529      52F0D829 
 529      E97E5D0F 
 529      F1C3E2BD 
 529      49B0D5
 530 0999 BF43D047 		.ascii	"\277C\320G\312\006\247lp\270\232\216\223\\\373b\326"
 530      CA06A76C 
 530      70B89A8E 
 530      935CFB62 
 530      D6
 531 09aa 121F604C 		.ascii	"\022\037`L\337\251\2643J\246\341\030\315~\227\226\242"
ARM GAS  C:\Users\8FEE~1\AppData\Local\Temp\ccYyM3Vc.s 			page 43


 531      DFA9B433 
 531      4AA6E118 
 531      CD7E9796 
 531      A2
 532 09bb 94389E75 		.ascii	"\2248\236uFT\364$K&\031\240\037\246\"Rs\3248\215u\276"
 532      4654F424 
 532      4B2619A0 
 532      1FA62252 
 532      73D4388D 
 533 09d1 9A3C3BA5 		.ascii	"\232<;\245\306'\030s\371a\3725))\352&|\355\354\361i"
 533      C6271873 
 533      F961FA35 
 533      2929EA26 
 533      7CEDECF1 
 534 09e6 2B9CCB3A 		.ascii	"+\234\313:\017\344\334>d\206\213\0313{/\241\336\012"
 534      0FE4DC3E 
 534      64868B19 
 534      337B2FA1 
 534      DE0A
 535 09f8 5732A6AE 		.ascii	"W2\246\256q\250\323\034\3273\346\340\365\222z\351\022"
 535      71A8D31C 
 535      D733E6E0 
 535      F5927AE9 
 535      12
 536 0a09 DD48F8F0 		.ascii	"\335H\370\360\261\0131\030\267K\003H\226\263\225,7\335"
 536      B10B3118 
 536      B74B0348 
 536      96B3952C 
 536      37DD
 537 0a1b 5E1B6F81 		.ascii	"^\033o\201{Ygk\\\012\034\275\203\214y{l*\313\012\217"
 537      7B59676B 
 537      5C0A1CBD 
 537      838C797B 
 537      6C2ACB0A 
 538 0a30 33A6F2F4 		.ascii	"3\246\362\364\201<s\374\2341\025\227+\353\245\213\361"
 538      813C73FC 
 538      9C311597 
 538      2BEBA58B 
 538      F1
 539 0a41 26727CB4 		.ascii	"&r|\264%\364Y\341%\326W8\026Sm\206\243\314\330[\255"
 539      25F459E1 
 539      25D65738 
 539      16536D86 
 539      A3CCD85B 
 540 0a56 0B0536F8 		.ascii	"\013\0056\370\220\304\334+q\304\031\254\236=V\006\211"
 540      90C4DC2B 
 540      71C419AC 
 540      9E3D5606 
 540      89
 541 0a67 EF378C79 		.ascii	"\3577\214y\330?\032o\203s\031\023}-\275\312\002\027"
 541      D83F1A6F 
 541      83731913 
 541      7D2DBDCA 
 541      0217
 542 0a79 33A66E00 		.ascii	"3\246n\000.~\025\254\376$\276\272G\300u\214\311+Kx\250"
 542      2E7E15AC 
 542      FE24BEBA 
ARM GAS  C:\Users\8FEE~1\AppData\Local\Temp\ccYyM3Vc.s 			page 44


 542      47C0758C 
 542      C92B4B78 
 543 0a8e C2AD8C19 		.ascii	"\302\255\214\031\272\034\365R\211o1&\177\351D\273\005"
 543      BA1CF552 
 543      896F3126 
 543      7FE944BB 
 543      05
 544 0a9f EE624C7B 		.ascii	"\356bL{\371\300\260\015\276\317\230\361k\321\217$'\244"
 544      F9C0B00D 
 544      BECF98F1 
 544      6BD18F24 
 544      27A4
 545 0ab1 91682BB8 		.ascii	"\221h+\27030\200\244\373\274\005\351?x\"G\211\037R\360"
 545      333080A4 
 545      FBBC05E9 
 545      3F782247 
 545      891F52F0 
 546 0ac5 3FCD0E47 		.ascii	"?\315\016G\336U#\303u~\371\264\203\213\375\212\207\355"
 546      DE5523C3 
 546      757EF9B4 
 546      838BFD8A 
 546      87ED
 547 0ad7 6D775FE3 		.ascii	"mw_\343\253e9M\341b\316\006\272\275\325\301\372]\340"
 547      AB65394D 
 547      E162CE06 
 547      BABDD5C1 
 547      FA5DE0
 548 0aea D7698DFC 		.ascii	"\327i\215\374\220\352\270\201\015\233\355S9\374\232"
 548      90EAB881 
 548      0D9BED53 
 548      39FC9A
 549 0af9 11BC9983 		.ascii	"\021\274\231\203\367\310\341\335\202\321)\321\304\341"
 549      F7C8E1DD 
 549      82D129D1 
 549      C4E1
 550 0b07 1FCAF151 		.ascii	"\037\312\361QF\370\032\036\377H\2167\332\313\233[8\370"
 550      46F81A1E 
 550      FF488E37 
 550      DACB9B5B 
 550      38F8
 551 0b19 4D39BCCD 		.ascii	"M9\274\315H\374\"\217\2575m\034\376\006=\336\202\331"
 551      48FC228F 
 551      AF356D1C 
 551      FE063DDE 
 551      82D9
 552 0b2b 151AD61F 		.ascii	"\025\032\326\037j\220\360\372U\211\256\313\2553\330"
 552      6A90F0FA 
 552      5589AECB 
 552      AD33D8
 553 0b3a C8891F93 		.ascii	"\310\211\037\223\2137:q{y\370c9\334(W\031\344m\177G"
 553      8B373A71 
 553      7B79F863 
 553      39DC2857 
 553      19E46D7F 
 554 0b4f 0EEF35FD 		.ascii	"\016\3575\375Iq\002\224}B\365\\\220\316\237\010\354"
 554      49710294 
 554      7D42F55C 
ARM GAS  C:\Users\8FEE~1\AppData\Local\Temp\ccYyM3Vc.s 			page 45


 554      90CE9F08 
 554      EC
 555 0b60 8012B03D 		.ascii	"\200\022\260=\232\203\363\345%P8\324\243\201\016\002"
 555      9A83F3E5 
 555      255038D4 
 555      A3810E02 
 556 0b70 CD007F18 		.ascii	"\315\000\177\030\312$\240i\250\277\001\212\203\372k"
 556      CA24A069 
 556      A8BF018A 
 556      83FA6B
 557 0b7f 2863A08C 		.ascii	"(c\240\214\004\022\201\246\200\217\205r\036\312\003"
 557      041281A6 
 557      808F8572 
 557      1ECA03
 558 0b8e 502E4179 		.ascii	"P.Ay\010\312x\240Y\250'B\271\010\345[\240\027@\223@"
 558      08CA78A0 
 558      59A82742 
 558      B908E55B 
 558      A0174093 
 559 0ba3 CF815E01 		.ascii	"\317\201^\001EA\337\263\025yJ/\357\225\026\243\240\222"
 559      4541DFB3 
 559      15794A2F 
 559      EF9516A3 
 559      A092
 560 0bb5 9BAD860F 		.ascii	"\233\255\206\017\331\357\345\360.9|\2067[\247\034~\313"
 560      D9EFE5F0 
 560      2E397C86 
 560      375BA71C 
 560      7ECB
 561 0bc7 286BE323 		.ascii	"(k\343#\360\276\034\336o\024\"\203M\\\210\014\310C\304"
 561      F0BE1CDE 
 561      6F142283 
 561      4D5C880C 
 561      C843C4
 562 0bda 28851CE4 		.ascii	"(\205\034\344\347\332lz\256\274\323\233y\355{M/8>C\345"
 562      E7DA6C7A 
 562      AEBCD39B 
 562      79ED7B4D 
 562      2F383E43 
 563 0bef 436AD474 		.ascii	"Cj\324t\004\362\311M=\301\303moA\220\177\364\201\273"
 563      04F2C94D 
 563      3DC1C36D 
 563      6F41907F 
 563      F481BB
 564 0c02 437D33CE 		.ascii	"C}3\316+\026\30585=\214\356\311\245\365\031+\313{\246"
 564      2B16C538 
 564      353D8CEE 
 564      C9A5F519 
 564      2BCB7BA6 
 565 0c16 DAB46778 		.ascii	"\332\264gx\3748?\271\333\246#\232\307\317\360\263\033"
 565      FC383FB9 
 565      DBA6239A 
 565      C7CFF0B3 
 565      1B
 566 0c27 91E38D93 		.ascii	"\221\343\215\223N\336\225}\246\325\347\276\256\3656"
 566      4EDE957D 
 566      A6D5E7BE 
ARM GAS  C:\Users\8FEE~1\AppData\Local\Temp\ccYyM3Vc.s 			page 46


 566      AEF536
 567 0c36 739EBC2B 		.ascii	"s\236\274+\367d\227\221\251y\351\017L\007\012\037\265"
 567      F7649791 
 567      A979E90F 
 567      4C070A1F 
 567      B5
 568 0c47 BCE3DB4D 		.ascii	"\274\343\333MoU\274\356\374T\207MOu\305?'\364\246$\256"
 568      6F55BCEE 
 568      FC54874D 
 568      4F75C53F 
 568      27F4A624 
 569 0c5c EA301DE5 		.ascii	"\3520\035\345\274);x\371\343&\367\036\356\237\031\315"
 569      BC293B78 
 569      F9E326F7 
 569      1EEE9F19 
 569      CD
 570 0c6d 4D9CF421 		.ascii	"M\234\364!\323\3332\277(:\370}\263Un\312\033F\247\012"
 570      D3DB32BF 
 570      283AF87D 
 570      B3556ECA 
 570      1B46A70A 
 571 0c81 6FCA41D3 		.ascii	"o\312A\323\247\204\376\226\372\242\240\240\337\022\027"
 571      A784FE96 
 571      FAA2A0A0 
 571      DF1217
 572 0c90 9AD3CCF5 		.ascii	"\232\323\314\365Hvl\211\205,\351\326\357x(\0256\272"
 572      48766C89 
 572      852CE9D6 
 572      EF782815 
 572      36BA
 573 0ca2 FF8F9B9E 		.ascii	"\377\217\233\236\364\217\215\033\230\246\331)x\035J"
 573      F48F8D1B 
 573      98A6D929 
 573      781D4A
 574 0cb1 C6CBC9EC 		.ascii	"\306\313\311\354\202>\233\037:3Q\262\"\233'@C\372\230"
 574      823E9B1F 
 574      3A3351B2 
 574      229B2740 
 574      43FA98
 575 0cc4 86E9B745 		.ascii	"\206\351\267ER\222\017\2211\235\243\326+\276q\232\372"
 575      52920F91 
 575      319DA3D6 
 575      2BBE719A 
 575      FA
 576 0cd5 B78BE22F 		.ascii	"\267\213\342/\376\317\005DM,\335l2\343\307M_1n\2064"
 576      FECF0544 
 576      4D2CDD6C 
 576      32E3C74D 
 576      5F316E86 
 577 0cea 6E061DB7 		.ascii	"n\006\035\267\270-7\335\302\344\270\212\277~PH\202\310"
 577      B82D37DD 
 577      C2E4B88A 
 577      BF7E5048 
 577      82C8
 578 0cfc FF31C6A6 		.ascii	"\3771\306\246G2-5\322\347\274\330\277\370q\015\035\305"
 578      47322D35 
 578      D2E7BCD8 
ARM GAS  C:\Users\8FEE~1\AppData\Local\Temp\ccYyM3Vc.s 			page 47


 578      BFF8710D 
 578      1DC5
 579 0d0e 1A926447 		.ascii	"\032\222dG?\273\213q9\015\007\364M\212x\221}f\005\365"
 579      3FBB8B71 
 579      390D07F4 
 579      4D8A7891 
 579      7D6605F5 
 580 0d22 A4AF8A8B 		.ascii	"\244\257\212\213\275Gn\253h\033\271\237|\215i\343\301"
 580      BD476EAB 
 580      681BB99F 
 580      7C8D69E3 
 580      C1
 581 0d33 CE823CEB 		.ascii	"\316\202<\353U/\"\3071\271\210\034\303\322E\244(\255"
 581      552F22C7 
 581      31B9881C 
 581      C3D245A4 
 581      28AD
 582 0d45 7910C145 		.ascii	"y\020\301E\244\232^D~~\3674\275\210\234\334J\201(\323"
 582      A49A5E44 
 582      7E7EF734 
 582      BD889CDC 
 582      4A8128D3 
 583 0d59 E03BA8AE 		.ascii	"\340;\250\256\274\210d\341w\025\326>!\276\201>\201\201"
 583      BC8864E1 
 583      7715D63E 
 583      21BE813E 
 583      8181
 584 0d6b 7E3E0141 		.ascii	"~>\001A\001:\363\235\237\374\336\316\305\311I\241\366"
 584      013AF39D 
 584      9FFCDECE 
 584      C5C949A1 
 584      F6
 585 0d7c FC9DABAF 		.ascii	"\374\235\253\257\316W\351\27374P\343\343\263? H\267"
 585      CE57E9BB 
 585      373450E3 
 585      E3B33F20 
 585      48B7
 586 0d8e D9D947F7 		.ascii	"\331\331G\367?~\377\356\275\347\313\200\317\003\302"
 586      3F7EFFEE 
 586      BDE7CB80 
 586      CF03C2
 587 0d9d 74FBFD02 		.ascii	"t\373\375\002\202}BB\375\377\024\340\377\337N\377\306"
 587      827D4242 
 587      FDFF14E0 
 587      FFDF4EFF 
 587      C6
 588 0dae B77AEB82 		.ascii	"\267z\353\202\203\003\303\274\277\010\332oGkv\276\241"
 588      8303C3BC 
 588      BF08DA6F 
 588      476B76BE 
 588      A1
 589 0dbf FBECFCF7 		.ascii	"\373\354\374\367}\356\357\347\347\357\347\275e\343f"
 589      7DEEEFE7 
 589      E7EFE7BD 
 589      65E366
 590 0dce 3BE74D4E 		.ascii	";\347MN\037\376\321\311\033\332?\010\012\016\362\377"
 590      1FFED1C9 
ARM GAS  C:\Users\8FEE~1\AppData\Local\Temp\ccYyM3Vc.s 			page 48


 590      1BDA3F08 
 590      0A0EF2FF 
 591 0dde C0DFF7F3 		.ascii	"\300\337\367\363\000\357\200\240=\201\373\375\374\275"
 591      00EF80A0 
 591      3D81FBFD 
 591      FCBD
 592 0dec F7F982AC 		.ascii	"\367\371\202\254 \177o\037?\377\275\276\373\003u>\272"
 592      207F6F1F 
 592      3FFFBDBE 
 592      FB03753E 
 592      BA
 593 0dfd 3F87F887 		.ascii	"?\207\370\207m\374Ra\256\327\342\217\177\007-\302\376"
 593      6DFC5261 
 593      AED7E28F 
 593      7F072DC2 
 593      FE
 594 0e0e 1CE6ED13 		.ascii	"\034\346\355\023\246\363\203!ah\034\354\027\252\012"
 594      A6F38321 
 594      61681CEC 
 594      17AA0A
 595 0e1d D91FE217 		.ascii	"\331\037\342\027j\026\034\026\342\357\357\027\252\016"
 595      6A161C16 
 595      E2EFEF17 
 595      AA0E
 596 0e2b 266A85AA 		.ascii	"&j\205\252\366\005\373\371\207\0223}\271u\343FG\366"
 596      F605FBF9 
 596      8712337D 
 596      B975E346 
 596      47F6
 597 0e3d 47B5080E 		.ascii	"G\265\010\016s\372p\213cp\230\343\227\276\201\216!\301"
 597      73FA708B 
 597      637098E3 
 597      97BE818E 
 597      21C1
 598 0e4f A1BA3047 		.ascii	"\241\2720G\257O?\336\354\354\350\341\341\352\270\323"
 598      AF4F3FDE 
 598      ECECE8E1 
 598      E1EAB8D3 
 599 0e5f 73D7EE3F 		.ascii	"s\327\356?9\223.\275\371a\020\3330\335>\230\336\027"
 599      39932EBD 
 599      F96110DB 
 599      30DD3E98 
 599      DE17
 600 0e71 2130A530 		.ascii	"!0\2450\177\335\376\020\037\235\332s\027q\203\332\323"
 600      7FDDFE10 
 600      1F9DDA73 
 600      177183DA 
 600      D3
 601 0e82 9D153B59 		.ascii	"\235\025;Y\261\203\025n\254pe\205\013+\266\263b\033"
 601      B183156E 
 601      AC706585 
 601      0B2BB6B3 
 601      621B
 602 0e94 2B3E2285 		.ascii	"+>\"\205\205\3476\017\227\340\240\275\001_\374@\035"
 602      85E7360F 
 602      97E0A0BD 
 602      015FFC40 
ARM GAS  C:\Users\8FEE~1\AppData\Local\Temp\ccYyM3Vc.s 			page 49


 602      1D
 603 0ea5 F7287EB4 		.ascii	"\367(~\264\034.\240\341\027\241\301\373C\210\001\314"
 603      1C2EA0E1 
 603      17A1C1FB 
 603      438801CC 
 604 0eb5 038249E1 		.ascii	"\003\202I\341\243\263\012\010&b\366\371\206\375\301"
 604      A3B30A08 
 604      2662F6F9 
 604      86FDC1
 605 0ec4 47A7DCB6 		.ascii	"G\247\334\266C\353N~<\224\036.\037i\225\333\275\264"
 605      43EB4E7E 
 605      3C941E2E 
 605      1F6995DB 
 605      BDB4
 606 0ed6 5AF49FC8 		.ascii	"Z\364\237\310]\265'\320\3377T\212*\247->:s}\005\203"
 606      5DB527D0 
 606      DF37548A 
 606      2AA72D3E 
 606      3A737D05 
 607 0eeb 50BCDB55 		.ascii	"P\274\333U\213w\271jU\236\277\367t\325\232\355\366\362"
 607      8B77B96A 
 607      559EBFF7 
 607      74D59AED 
 607      F6F2
 608 0efd 747373D5 		.ascii	"tss\325\252w\177\372_\236nZ\325\307\273]\335\264x\273"
 608      AA777FFA 
 608      5F9E6E5A 
 608      D5C7BB5D 
 608      DDB478BB 
 609 0f11 566BC519 		.ascii	"Vk\305\031K\247a\303\006\370\201,W\227\217\\v\354\324"
 609      4BA761C3 
 609      06F8812C 
 609      57978F5C 
 609      76ECD4
 610 0f24 3A693C3D 		.ascii	":i<=<\274\266\355\"uR\335\345\354E\252*//\227\235Z\013"
 610      3CBCB6ED 
 610      227552DD 
 610      E5EC45AA 
 610      2A2F2F97 
 611 0f3b AD9B979B 		.ascii	"\255\233\227\233\36637\327-\330\305\013\024su14\375"
 611      F63337D7 
 611      2DD8C50B 
 611      14737531 
 611      34FD
 612 0f4d C2629BE7 		.ascii	"\302b\233\347vg\017O\267O\264\244\346\304j\372\336\237"
 612      76670F4F 
 612      B74FB4A4 
 612      E6C46AFA 
 612      DE9F
 613 0f5f 5B6C73DF 		.ascii	"[ls\337\276Y\352u_\306\271\313q\233\315\210\024h!\245"
 613      BE59EA75 
 613      5FC6B9CB 
 613      719BCD88 
 613      146821A5 
 614 0f73 13DFE36C 		.ascii	"\023\337\343lF$\320\036w\011\341\276\022\341dN\336\325"
 614      4624D01E 
 614      7709E1BE 
ARM GAS  C:\Users\8FEE~1\AppData\Local\Temp\ccYyM3Vc.s 			page 50


 614      12E1644E 
 614      DED5
 615 0f85 7A7DAA25 		.ascii	"z}\252%\025'RY\356\333dN\336f}\356z\220;\003a\227]Z"
 615      15275259 
 615      EEDB644E 
 615      DE667DEE 
 615      7A903B03 
 616 0f9d 2599A4   		.ascii	"%\231\244"
 617 0fa0 19CC9794 		.ascii	"\031\314\227\224\202\213Vo\016g\227U<\277'x\337\276"
 617      828B566F 
 617      0E679755 
 617      3CBF2778 
 617      DFBE
 618 0fb2 E02047FF 		.ascii	"\340 G\377\257t\216.\037{\355\362\202\000`1\260\343"
 618      AF748E2E 
 618      1F7BEDF2 
 618      82006031 
 618      B0E3
 619 0fc4 C3AFBE72 		.ascii	"\303\257\276r\244F\336\373\341\026\250C\200Zj]\\|>\205"
 619      A446DEFB 
 619      E116A843 
 619      805A6A5D 
 619      5C7C3E85 
 620 0fd8 B077F5DF 		.ascii	"\260w\365\337kN\266\013b\375\377\003\371~9\235"
 620      6B4EB60B 
 620      62FDFF03 
 620      F97E399D 
 621              		.text
 622              		.section	.gnu.lto_.symtab.95615b61,"",%progbits
 623 0000 5F70616C 		.ascii	"_pal_lld_init\000"
 623      5F6C6C64 
 623      5F696E69 
 623      7400
 624 000e 00       		.ascii	"\000"
 625 000f 00       		.ascii	"\000"
 626 0010 00       		.ascii	"\000"
 627 0011 00000000 		.ascii	"\000\000\000\000\000\000\000\000"
 627      00000000 
 628 0019 F9000000 		.ascii	"\371\000\000\000"
 629 001d 5F70616C 		.ascii	"_pal_lld_setgroupmode\000"
 629      5F6C6C64 
 629      5F736574 
 629      67726F75 
 629      706D6F64 
 630 0033 00       		.ascii	"\000"
 631 0034 00       		.ascii	"\000"
 632 0035 00       		.ascii	"\000"
 633 0036 00000000 		.ascii	"\000\000\000\000\000\000\000\000"
 633      00000000 
 634 003e 3E010000 		.ascii	">\001\000\000"
 635              		.text
 636              		.section	.gnu.lto_.opts,"",%progbits
 637 0000 272D666D 		.ascii	"'-fmath-errno' '-fsigned-zeros' '-ftrapping-math' '"
 637      6174682D 
 637      6572726E 
 637      6F272027 
 637      2D667369 
ARM GAS  C:\Users\8FEE~1\AppData\Local\Temp\ccYyM3Vc.s 			page 51


 638 0033 2D666E6F 		.ascii	"-fno-trapv' '-fno-openmp' '-fno-openacc' '-mcpu=cor"
 638      2D747261 
 638      70762720 
 638      272D666E 
 638      6F2D6F70 
 639 0066 7465782D 		.ascii	"tex-m7' '-mno-thumb-interwork' '-mthumb' '-ggdb' '-"
 639      6D372720 
 639      272D6D6E 
 639      6F2D7468 
 639      756D622D 
 640 0099 4F322720 		.ascii	"O2' '-fomit-frame-pointer' '-falign-functions=16' '"
 640      272D666F 
 640      6D69742D 
 640      6672616D 
 640      652D706F 
 641 00cc 2D666675 		.ascii	"-ffunction-sections' '-fdata-sections' '-fno-common"
 641      6E637469 
 641      6F6E2D73 
 641      65637469 
 641      6F6E7327 
 642 00ff 2720272D 		.ascii	"' '-flto'\000"
 642      666C746F 
 642      2700
 643              		.text
 644              		.comm	__gnu_lto_v1,1,1
 645              		.comm	__gnu_lto_slim,1,1
 646              		.ident	"GCC: (GNU Tools for ARM Embedded Processors 6-2017-q1-update) 6.3.1 20170215 (release) [AR
ARM GAS  C:\Users\8FEE~1\AppData\Local\Temp\ccYyM3Vc.s 			page 52


DEFINED SYMBOLS
                            *ABS*:00000000 hal_pal_lld.c
                            *COM*:00000001 __gnu_lto_v1
                            *COM*:00000001 __gnu_lto_slim

NO UNDEFINED SYMBOLS
