ARM GAS  C:\Users\8FEE~1\AppData\Local\Temp\ccbfyxNZ.s 			page 1


   1              		.cpu cortex-m7
   2              		.eabi_attribute 20, 1
   3              		.eabi_attribute 21, 1
   4              		.eabi_attribute 23, 3
   5              		.eabi_attribute 24, 1
   6              		.eabi_attribute 25, 1
   7              		.eabi_attribute 26, 1
   8              		.eabi_attribute 30, 2
   9              		.eabi_attribute 34, 1
  10              		.eabi_attribute 18, 4
  11              		.file	"hal_ext.c"
  12              		.text
  13              	.Ltext0:
  14              		.section	.gnu.lto_.profile.9550f8f5,"",%progbits
  15 0000 789C6365 		.ascii	"x\234ce`b`a```dH\325\000\000\001r\000\232"
  15      60626061 
  15      60606064 
  15      48D50000 
  15      0172009A 
  16              		.text
  17              		.section	.gnu.lto_.icf.9550f8f5,"",%progbits
  18 0000 789C6365 		.ascii	"x\234ce`b\320f@\000v\206\205??\354\345a\234\374\367"
  18      6062D066 
  18      40007686 
  18      853F3FEC 
  18      E5619CFC 
  19 0015 D30B4EA6 		.ascii	"\323\013N\246\353\033\327\356ag\276\276\377\002;\313"
  19      EB1BD7EE 
  19      6167BEBE 
  19      FF023BCB 
  20 0025 9353134F 		.ascii	"\223S\023O0\261\202I\266\356u\223n\3610\000\000\350"
  20      30B18249 
  20      B6EE7593 
  20      6EF13000 
  20      00E8
  21 0037 D3153D   		.ascii	"\323\025="
  22              		.text
  23              		.section	.gnu.lto_.jmpfuncs.9550f8f5,"",%progbits
  24 0000 789C6D8B 		.ascii	"x\234m\2131\016\000 \010\003)\202>\324W8\365\353\202"
  24      310E0020 
  24      08032982 
  24      3ED45738 
  24      F5EB82
  25 0013 0CC6C40E 		.ascii	"\014\306\304\016m9R\027\225)W#\015!\252\002\215\021"
  25      6D395217 
  25      95295723 
  25      0D21AA02 
  25      8D11
  26 0025 2B512B74 		.ascii	"+Q+t\272\345\007\260\272t!\334?\254\347h\220|\250l\232"
  26      BAE507B0 
  26      BA7421DC 
  26      3FACE768 
  26      907CA86C 
  27 003a A50817   		.ascii	"\245\010\027"
  28              		.text
  29              		.section	.gnu.lto_.inline.9550f8f5,"",%progbits
  30 0000 789C6365 		.ascii	"x\234ce`b8\312\200\000\354\014\014,<\214@A\006\006\266"
ARM GAS  C:\Users\8FEE~1\AppData\Local\Temp\ccbfyxNZ.s 			page 2


  30      606238CA 
  30      8000EC0C 
  30      0C2C3C8C 
  30      40410606 
  31 0015 05F2208A 		.ascii	"\005\362 \212\201\221\013D0\260\262\000\205\231.\360"
  31      81910B44 
  31      30B0B200 
  31      85992EF0 
  32 0025 33707CD0 		.ascii	"3p|\320\003\21331p\012\002\205\330>\350!\204\270\201"
  32      038B3331 
  32      700A0285 
  32      D83EE821 
  32      84B881
  33 0038 2A27F831 		.ascii	"*'\3701\343\224aa\340\020\000\312\260,\220\207\033\317"
  33      E3946161 
  33      E01000CA 
  33      B02C9087 
  33      1BCF
  34 004a CC03949D 		.ascii	"\314\003\224\235\3407\301\217\025\217\034\033\003\267"
  34      E037C18F 
  34      158F1C1B 
  34      03B7
  35 0058 30232383 		.ascii	"0##\203\002#\003\263\002\013\307\001;\210\012\306\027"
  35      022303B3 
  35      020BC701 
  35      3B880AC6 
  35      17
  36 0069 EC2C1012 		.ascii	"\354,\020\022E1\003\000T&\027]"
  36      45310300 
  36      5426175D 
  37              		.text
  38              		.section	.gnu.lto_.pureconst.9550f8f5,"",%progbits
  39 0000 789C6365 		.ascii	"x\234ce`b\020f```g\220`\224b\332\305\310\274\213\221"
  39      60621066 
  39      60606067 
  39      90609462 
  39      DAC5C8BC 
  40 0016 651723EB 		.ascii	"e\027#\353.F6)\000\037\252\003o"
  40      2E463629 
  40      001FAA03 
  40      6F
  41              		.text
  42              		.section	.gnu.lto_extInit.9550f8f5,"",%progbits
  43 0000 789C6365 		.ascii	"x\234ce`bX\314\300\300\240\015\304\322@\314\310\314"
  43      606258CC 
  43      C0C0A00D 
  43      C4D240CC 
  43      C8CC
  44 0012 C0C834E1 		.ascii	"\300\3104\341\034\003C#\007\023##\210\321\300\301\310"
  44      1C034323 
  44      07132323 
  44      88D1C0C1 
  44      C8
  45 0023 50CFC458 		.ascii	"P\317\304X\317\330\317<\235\231\361P\373\263\235L\232"
  45      CFD8CF3C 
  45      9D99F150 
  45      FBB39D4C 
ARM GAS  C:\Users\8FEE~1\AppData\Local\Temp\ccbfyxNZ.s 			page 3


  45      9A
  46 0034 CB1B80E0 		.ascii	"\313\033\200\340\300\364\017\222\015+\0160\316gf`\230"
  46      C0F40F92 
  46      0D2B0E30 
  46      CE676660 
  46      98
  47 0045 09C420C0 		.ascii	"\011\304 \300\270\234Q\223\001\250\354\321\306\177S"
  47      B89C5193 
  47      01A8ECD1 
  47      C67F53
  48 0054 79D95820 		.ascii	"y\331X \342\214+\030\331\030\201\364\372K\214\007\032"
  48      E28C2B18 
  48      D91881F4 
  48      FA4B8C07 
  48      1A
  49 0065 FEFD6F6F 		.ascii	"\376\375oo8\360d\021\343wV\240T\027\020\203\354\350"
  49      38F06411 
  49      E37756A0 
  49      54171083 
  49      ECE8
  50 0077 666602D1 		.ascii	"ff\002\321\314\257\031\233\027\274\226\006\251\007\031"
  50      CCAF199B 
  50      17BC9606 
  50      A90719
  51 0086 B273E79B 		.ascii	"\262s\347\233\333\354\365\177\0338\34633\316d\006\232"
  51      DBECF57F 
  51      1B38E633 
  51      33CE6406 
  51      9A
  52 0097 C0B892B1 		.ascii	"\300\270\222\261\236a>P\355[\306\246\005\357\271\301"
  52      9E613E50 
  52      ED5BC6A6 
  52      05EFB9C1 
  53 00a7 EA40A00B 		.ascii	"\352@\240\013(\011\324\316\304\300\240\251\247\247\017"
  53      2809D4CE 
  53      C4C0A0A9 
  53      A7A70F
  54 00b6 41C91999 		.ascii	"A\311\031\231I\231\371\305\206\346f\372\371\305\372"
  54      4999F9C5 
  54      86E666FA 
  54      F9C5FA
  55 00c5 198939FA 		.ascii	"\031\2119\372\305E\311 :>\265\242D/\231\001\000n\271"
  55      C545C920 
  55      3A3EB5A2 
  55      442F9901 
  55      006EB9
  56 00d8 444D     		.ascii	"DM"
  57              		.text
  58              		.section	.gnu.lto_extObjectInit.9550f8f5,"",%progbits
  59 0000 789C9550 		.ascii	"x\234\225PKK\202A\024\275\347\273>B\252u\220D\213@\204"
  59      4B4B8241 
  59      14BDE7BB 
  59      3E42AA75 
  59      90448B40 
  60 0015 F0AB4D41 		.ascii	"\360\253MA?\240\277\021%ABPd\213vN\3660,T\210\336\311"
  60      3FA0BF11 
  60      25414250 
ARM GAS  C:\Users\8FEE~1\AppData\Local\Temp\ccbfyxNZ.s 			page 4


  60      648B764E 
  60      F6302C54 
  61 002c E722B197 		.ascii	"\347\"\261\227\251E\213VI\233 zP\233\366\025Q\220\213"
  61      A9458B56 
  61      499B207A 
  61      509BF615 
  61      51908B
  62 003f 206813D6 		.ascii	" h\023\326\235Op\3370\303\275w\346\334s\317\031'\031"
  62      9D4F70DF 
  62      30C3BD77 
  62      E6DC73CF 
  62      192719
  63 0052 94055117 		.ascii	"\224\005Q\027\021\265\312\001\023\214\324-\321t\203"
  63      11B5CA01 
  63      138CD42D 
  63      D17483
  64 0061 01E84435 		.ascii	"\001\350D5\200\"\006\"H\362\032\343\"\366zf\370sJVy"
  64      80220622 
  64      48F21AE3 
  64      22F67A66 
  64      F8734A56 
  65 0076 6DDD35AF 		.ascii	"m\3355\257\346Z,&\332\220\243\027r\360\013\352~\266"
  65      E65A2C26 
  65      DA90A317 
  65      72F00BEA 
  65      7EB6
  66 0088 B8CD09B6 		.ascii	"\270\315\011\266\030pH\371y\263\371\334\254K\003\355"
  66      187048F9 
  66      79B3F9DC 
  66      AC4B03ED 
  67 0098 525AF395 		.ascii	"RZ\363\225-\346N\220\344\217\251\363>_V\251\250*\377"
  67      2DE64E90 
  67      E48FA9F3 
  67      3E5F56A9 
  67      A82AFF
  68 00ab 2CB3EAB0 		.ascii	",\263\352\260\230\261\017\026>\354\301\213]xI\256\010"
  68      98B10F16 
  68      3EECC18B 
  68      5D7849AE 
  68      08
  69 00bc 07F069F8 		.ascii	"\007\360i\370S\251\272\322\344r\324\346\341\020.\221"
  69      53A9BAD2 
  69      E472D4E6 
  69      E1102E91 
  70 00cc 4E850794 		.ascii	"N\205\007\224U\3657\246\312\037;(\365;E\270\206S\\@"
  70      55F537A6 
  70      CA1F3B28 
  70      F53B45B8 
  70      86535C40 
  71 00e0 DAC1221B 		.ascii	"\332\301\"\033:\362;\242_o\211\031\217\356\023\256\325"
  71      3AF23BA2 
  71      5F6F8919 
  71      8FEE13AE 
  71      D5
  72 00f1 B98B3BB7 		.ascii	"\271\213;\267V\305\266\222\357\313\253\205F\013\351"
  72      56C5B692 
  72      EFCBAB85 
ARM GAS  C:\Users\8FEE~1\AppData\Local\Temp\ccbfyxNZ.s 			page 5


  72      460BE9
  73 0100 69B19669 		.ascii	"i\261\226i\263\330\221\026\271y\231\257\037\263/\321"
  73      B3D89116 
  73      B97999AF 
  73      1FB32FD1 
  74 0110 23B799D7 		.ascii	"#\267\231\327\266\333-v\342\010\026\326m\317(\300\024"
  74      B6DB2D76 
  74      E20816D6 
  74      6DCF28C0 
  74      14
  75 0121 C069ECBA 		.ascii	"\300i\354\272\344\321dN\000E\351\262\207%\353\303\376"
  75      E4D1644E 
  75      0045E9B2 
  75      8725EBC3 
  75      FE
  76 0132 C1EE42C9 		.ascii	"\301\356B\311f\327\326pl\263\327\245\212_\234HW\005"
  76      66D7D670 
  76      6CB3D7A5 
  76      8A5F9C48 
  76      5705
  77 0144 D1CCF312 		.ascii	"\321\314\363\0224\271\375\357qA\213E\203\310\037\010"
  77      34B9FDEF 
  77      71418B45 
  77      83C81F08 
  78 0154 98B51D1C 		.ascii	"\230\265\035\034\011\015\205\306\302\335\275=\346X\330"
  78      090D85C6 
  78      C2DDBD3D 
  78      E658D8
  79 0163 1C191C35 		.ascii	"\034\031\0345\303\023A\035\007\206\247&\003ArH\030\377"
  79      C313411D 
  79      0786A726 
  79      03417248 
  79      18FF
  80 0175 03C8CE95 		.ascii	"\003\310\316\225\216"
  80      8E
  81              		.text
  82              		.section	.gnu.lto_extStart.9550f8f5,"",%progbits
  83 0000 789C9553 		.ascii	"x\234\225S\357k\024W\024\275g\336\354\017\023[\372\261"
  83      EF6B1457 
  83      14BD67DE 
  83      EC0F135B 
  83      FAB1
  84 0012 A294096D 		.ascii	"\242\224\011m\010\021\331\251P\214\210_\212P\350\207"
  84      0811D9A9 
  84      508C885F 
  84      8A50E887 
  85 0022 7CD0FC01 		.ascii	"|\320\374\001!N\267f!\233\011;Q\364C\331q\211Fb\255"
  85      214EB766 
  85      219B093B 
  85      51F443D9 
  85      71894662 
  86 0037 525113D3 		.ascii	"RQ\023\323t\244\"1m\363\303\264\266M\363k\033\255\261"
  86      74A42231 
  86      6DF3C3B4 
  86      B64DF36B 
  86      1BADB1
  87 004a D6B62891 		.ascii	"\326\266(\221\006\204\322&F\215\325\242UP\261\215\336"
ARM GAS  C:\Users\8FEE~1\AppData\Local\Temp\ccbfyxNZ.s 			page 6


  87      0684D226 
  87      468DD5A2 
  87      5550B18D 
  87      DE
  88 005b FB4C82D9 		.ascii	"\373L\202\331`J\207\335}3s\317\271\357\334\363\316\206"
  88      604A87DD 
  88      7D3373CF 
  88      B9EFDCF3 
  88      CE86
  89 006d C8A04693 		.ascii	"\310\240F\223\250\020DK\211\010\212`\354\373\231h{\324"
  89      A810444B 
  89      89088A60 
  89      ECFB9968 
  89      7BD4
  90 007f 00E4C68F 		.ascii	"\000\344\306\217\202\322\006\322\330\253\016)\014\325"
  90      82D206D2 
  90      D8AB0E29 
  90      0CD5
  91 008d 5FED318A 		.ascii	"_\3551\212[}\276\262\207F\303;\375\035/\007\212\250"
  91      5B7DBEB2 
  91      8746C33B 
  91      FD1D2F07 
  91      8AA8
  92 009f 89BF72A1 		.ascii	"\211\277r\241\025\305\214\272P\327\365\221\372@\005"
  92      15C58CBA 
  92      50D7F591 
  92      FA4005
  93 00ae 0A30F9F1 		.ascii	"\0120\371\361\316O\207\307_\224G\003\026?\006;o5+\265"
  93      CE4F87C7 
  93      5F944703 
  93      163F063B 
  93      6F352BB5 
  94 00c2 02C4F7BF 		.ascii	"\002\304\367\277\356\033\\St\314\3673~vd\277\362_\013"
  94      EE1B5C53 
  94      74CCF733 
  94      7E7664BF 
  94      F25F0B
  95 00d5 94C2A750 		.ascii	"\224\302\247P\334\017mX\206\343XF\374\212\360\031\212"
  95      DC0F6D58 
  95      86E35846 
  95      FC8AF019 
  95      8A
  96 00e6 183D39D5 		.ascii	"\030=9\325y\315T+5\263\355\267\346\365\323\314\363\007"
  96      79CD542B 
  96      35B3EDB7 
  96      E6F5D3CC 
  96      F307
  97 00f8 35D3C4E7 		.ascii	"5\323\304\347\271L\223\320\216\"\201\217\235\230:\360"
  97      B94C93D0 
  97      8E22818F 
  97      9D983AF0 
  98 0108 42D83C3A 		.ascii	"B\330<:#\026\035\010\363\314\324y\021Y\177\352q=wi\305"
  98      23161D08 
  98      F3CCD479 
  98      11597FEA 
  98      713D7769 
  99 011d E3B716F1 		.ascii	"\343\267\026\361\324\274\027\013\027\03650TL\330\255"
ARM GAS  C:\Users\8FEE~1\AppData\Local\Temp\ccbfyxNZ.s 			page 7


  99      D4BC170B 
  99      171E3530 
  99      544CD8AD 
 100 012d 0C59D504 		.ascii	"\014Y\325\004\014iv\255\257~\004j\265\326qr`\2641\257"
 100      0C6976AD 
 100      AF7E046A 
 100      B5D67172 
 100      60B431AF 
 101 0141 F0A81672 		.ascii	"\360\250\026r\177xy\323\350\025\337\377\320G\240B\350"
 101      7F7879D3 
 101      E815DFFF 
 101      D047A042 
 101      E8
 102 0152 9C2B471B 		.ascii	"\234+G\033\324\205B&\325O\372\375\2468\022\202\205\023"
 102      D4854226 
 102      D54FFAFD 
 102      A6381282 
 102      8513
 103 0164 5CBB81CC 		.ascii	"\\\273\201\314\330\340\336\256\213\230\225Z\247=\336"
 103      D8E0DEAE 
 103      8B98955A 
 103      A73DDE
 104 0173 7F3BACA5 		.ascii	"\177;\254\2456)PNi\274\343\215\367\010\335R3rk\217z"
 104      3629504E 
 104      69BCE38D 
 104      F708DD52 
 104      33726B8F 
 105 0188 AD72C217 		.ascii	"\255r\302\027RS\271\265\273\303\261%\"\203\360\245\324"
 105      5253B9B5 
 105      BBC3B125 
 105      2283F0A5 
 105      D4
 106 0199 CD67DC21 		.ascii	"\315g\334!\234D\230E~%\336\200\032\014.}\022t?\310+"
 106      9C449845 
 106      7E25DE80 
 106      1A0C2E7D 
 106      12743FC8 
 107 01ae 683602BF 		.ascii	"h6\002\277\321\012TX\320\355\343\275~\3244\030\3705"
 107      D10A5458 
 107      D0EDE3BD 
 107      7ED43418 
 107      F835
 108 01c0 0A48DEDC 		.ascii	"\012H\336\334\2769r\331\3407\370\006\246\236\207\320"
 108      BE3972D9 
 108      E037F806 
 108      A69E87D0 
 109 01d0 A38FFEF8 		.ascii	"\243\217\376\370\300\251\211\305\005\037O\263#\202\375"
 109      C0A989C5 
 109      051F4FB3 
 109      2382FD
 110 01df BBA3FB52 		.ascii	"\273\243\373R\276f\177+l\364\302\244\011d,\355\015\321"
 110      BE667F2B 
 110      6CF4C2A4 
 110      09642CED 
 110      0DD1
 111 01f1 2432871F 		.ascii	"$2\207\037\216\375\2255dl\206\037\3341\364KD\254z\352"
 111      8EFD9535 
ARM GAS  C:\Users\8FEE~1\AppData\Local\Temp\ccbfyxNZ.s 			page 8


 111      646C861F 
 111      DC31F44B 
 111      44AC7AEA 
 112 0205 C0FDE173 		.ascii	"\300\375\341s\273\026\007h\331\316\243\034y%P\321\026"
 112      BB160768 
 112      D9CEA31C 
 112      792550D1 
 112      16
 113 0216 4E559FEC 		.ascii	"NU\237\354\310\305cW2\035\021\273]\306\264$\017\375"
 113      C8C56357 
 113      321D11BB 
 113      5DC6B424 
 113      0FFD
 114 0228 08D0A8A3 		.ascii	"\010\320\250\243\211\001\330-\354\305\237\250;rw\217"
 114      8901D82D 
 114      ECC59FA8 
 114      3B72778F 
 115 0238 92DE42E8 		.ascii	"\222\336B\350\351\271y9\222\376\327\217\006jQ\223\012"
 115      E9B97939 
 115      92FED78F 
 115      066A5193 
 115      0A
 116 0249 316E1069 		.ascii	"1n\020i\342\226\201\312\023%\367\256\367\217G\246\205"
 116      E29681CA 
 116      1325F7AE 
 116      F78F47A6 
 116      85
 117 025a FC8F9DF3 		.ascii	"\374\217\235\363\221\325;K\300\360\035l\006\364\005"
 117      91D53B4B 
 117      C0F01D6C 
 117      06F405
 118 0269 EFB7E5C9 		.ascii	"\357\267\345\311\030\37100\304\254\351(\315\215\317"
 118      18F93030 
 118      C4ACE928 
 118      CD8DCF
 119 0278 AAFF8ACF 		.ascii	"\252\377\212\317)\035\237YOB|L\247\027\212\317?3\361"
 119      291D9F59 
 119      4F427C4C 
 119      A7178ACF 
 119      3F33F1
 120 028b 09CF8F8F 		.ascii	"\011\317\217\217\225&|/\265\310\234\010\234\221\010"
 120      95267C2F 
 120      B5C89C08 
 120      9C9108
 121 029a CCCBD3DA 		.ascii	"\314\313\323\332\004aX\300\321yyj-Y\"\272\010g\347\347"
 121      046158C0 
 121      D179796A 
 121      2D5922BA 
 121      0867E7E7 
 122 02ae E9079DA7 		.ascii	"\351\007\235\247s\317\344i*\370c \177&*\247uT~\324Q"
 122      73CFE469 
 122      2AF86320 
 122      7F262AA7 
 122      75547ED4 
 123 02c3 C9CDC5F9 		.ascii	"\311\315\305\371\331\\Hs\272\205\314\357\273\007_\325"
 123      D95C4873 
 123      BA85CCEF 
ARM GAS  C:\Users\8FEE~1\AppData\Local\Temp\ccbfyxNZ.s 			page 9


 123      BB075FD5 
 124 02d3 27275703 		.ascii	"''W\003\273\313\177I\306\027\307b\366\323\217S\231\330"
 124      BBCB7F49 
 124      C617C762 
 124      F6D38F53 
 124      99D8
 125 02e5 9870BD95 		.ascii	"\230p\275\225%\253l\327\263++\252l/\345\310Z\036\337"
 125      25AB6CD7 
 125      B32B2BAA 
 125      6C2FE5C8 
 125      5A1EDF
 126 02f8 5A1B73C8 		.ascii	"Z\033s\310\344\245&\354\270\325\357&6\205\266TTm\216"
 126      E4A526EC 
 126      B8D5EF26 
 126      3685B654 
 126      546D8E
 127 030b AF7E0ED7 		.ascii	"\257~\016\327q\223I\267\332\256qS\265\236\375\346\206"
 127      719349B7 
 127      DAAE7153 
 127      B59EFDE6 
 127      86
 128 031c D275A55B 		.ascii	"\322u\245[\031\341\270\251x\371\226\222d\254\222\326"
 128      19E1B8A9 
 128      78F99692 
 128      64AC92D6 
 129 032c 2E4CE48D 		.ascii	".L\344\215\354u\245eo\227\331\211j\247j\363;q\333Iz"
 129      EC75A565 
 129      6F97D989 
 129      6AA76AF3 
 129      3B71DB49 
 130 0341 09AF7C93 		.ascii	"\011\257|\223\3430y\371\002\212]\217\177R\265z]\000"
 130      E33079F9 
 130      028A5D8F 
 130      7F52B57A 
 130      5D00
 131 0353 CA88D9CE 		.ascii	"\312\210\331\316\225\3366\217\241/\225\226m\2606Vx\361"
 131      95DE368F 
 131      A12F9596 
 131      6DB03656 
 131      78F1
 132 0365 9A546285 		.ascii	"\232Tb\205U\370:\031)\212$\343I7\265\215\236\000\241"
 132      55F83A19 
 132      298A24E3 
 132      4937B58D 
 132      9E00A1
 133 0378 23D52E   		.ascii	"#\325."
 134              		.text
 135              		.section	.gnu.lto_extStop.9550f8f5,"",%progbits
 136 0000 789C9553 		.ascii	"x\234\225S[OTW\024^\337\331\207\231q\320\246\2175\022"
 136      5B4F5457 
 136      145EDFD9 
 136      879971D0 
 136      A68F3512 
 137 0014 32A41283 		.ascii	"2\244\022\2031sj\322\2101\2764>\230>\360\002?\200\340"
 137      31736AD2 
 137      8831BE34 
 137      3E983EF0 
ARM GAS  C:\Users\8FEE~1\AppData\Local\Temp\ccbfyxNZ.s 			page 10


 137      023F80E0 
 138 0028 71229330 		.ascii	"q\"\2230\016\231\003D\037\2329\216\350XM\224h+\340%"
 138      0E990344 
 138      1F9A398E 
 138      E8584D94 
 138      682BE025 
 139 003c A79178E9 		.ascii	"\247\221x\351\005\004,U\212\302\010-^\2526565\022\023"
 139      05042C55 
 139      8AC2082D 
 139      5EAA3635 
 139      36351213 
 140 0050 6F581169 		.ascii	"oX\021i\324\230\330\244\212]k+\023.\021\343\316\314"
 140      D498D8A4 
 140      8A5D6B2B 
 140      132E11E3 
 140      CECC
 141 0062 ECB3F7FA 		.ascii	"\354\263\367\372\276\265\276\265\31679d\320:\223(\037"
 141      BEB5BEB5 
 141      CE373964 
 141      D03A9328 
 141      1F
 142 0073 440B8808 		.ascii	"D\013\210\010\212`4\\!\332\0240\000yp\003\240\244\201"
 142      8A60345C 
 142      21DA1430 
 142      00797003 
 142      A0A481
 143 0086 2476A946 		.ascii	"$v\251F\205\376\364\375n\243\350\250\313+\323\330\356"
 143      85FEF4FD 
 143      6EA3E8A8 
 143      CB2BD3D8 
 143      EE
 144 0097 DFEA6EF9 		.ascii	"\337\352n\371\310SD\315\374\225\205\243(b\324\037\365"
 144      C85344CD 
 144      FC9585A3 
 144      2862D41F 
 144      F5
 145 00a8 ED07D44E 		.ascii	"\355\007\324N\345)\300\344\343\223\313\373\356~ G\003"
 145      E529C0E4 
 145      E393CBFB 
 145      EE7E2047 
 145      03
 146 00b9 213E7A5B 		.ascii	"!>z[\307\366+\265\004\304\317\1775\364\255Xt\330uSn"
 146      C7F62BB5 
 146      04C4CF7F 
 146      35F4AD58 
 146      74D87553 
 147 00ce E6D21EE5 		.ascii	"\346\322\036\345.\364\224\302wP\234\017\337\"\017\307"
 147      2EF494C2 
 147      77509C0F 
 147      DF220FC7 
 148 00de 90477C45 		.ascii	"\220G|E\370\036\213\004~\247c\374\353y>\263e\242$~\200"
 148      F81E8B04 
 148      7EA763FC 
 148      EB793EB3 
 148      65A2247E 
 149 00f3 8F95D3F1 		.ascii	"\217\225\323\361\253\310\270\343\257\322n\346E\013n"
 149      ABC8B8E3 
ARM GAS  C:\Users\8FEE~1\AppData\Local\Temp\ccbfyxNZ.s 			page 11


 149      AFD26EE6 
 149      450B6E
 150 0102 AE16EDC2 		.ascii	"\256\026\355\302\240\355\014\222&v(Cv5\014C\322\374"
 150      A0ED0C92 
 150      26762843 
 150      76350C43 
 150      D2FC
 151 0114 7D3A7D0D 		.ascii	"}:}\015j\251V\320\325{\275)X\330\242%\274\032\\\334"
 151      6AA956D0 
 151      D57BBD29 
 151      58D8A225 
 151      BC1A5CDC 
 152 0128 7CFD9EEB 		.ascii	"|\375\236\353\356v\341)\023\255S\205\350\006\333P\310"
 152      EE76E129 
 152      13AD5385 
 152      E806DB50 
 152      C8
 153 0139 A4F4887B 		.ascii	"\244\364\210{\306\224\216L\204p\234c\017\221\272\323"
 153      C6948E4C 
 153      84709C63 
 153      0F91BAD3 
 154 0149 B2ABFD2A 		.ascii	"\262\253\375*\262\"\353\365\214\366\234\362k\221\315"
 154      B222EBF5 
 154      8CF69CF2 
 154      6B91CD
 155 0158 0A342D34 		.ascii	"\0124-4\332\372\351\027\204v\211\031\323c\003=\241r"
 155      DAFAE917 
 155      84768919 
 155      D363033D 
 155      A172
 156 016a 4287C4D4 		.ascii	"B\207\304\324\364\330\177\203\341\371\"\203\320)qs\322"
 156      F4D87F83 
 156      E1F92283 
 156      D0297173 
 156      D2
 157 017b 5C0827E0 		.ascii	"\\\010'\340c\221?\312T@\233\015\016\035\362:\377\015"
 157      63913FCA 
 157      54409B0D 
 157      0E1DF23A 
 157      FF0D
 158 018d 167C6578 		.ascii	"\026|exnS\310S9\202n\275\333\343\006L\203\201]( \271"
 158      6E53C853 
 158      39826EBD 
 158      DBE3064C 
 158      83815D28 
 159 01a3 79FCE8DA 		.ascii	"y\374\350\332\220\3017\370\011\246\356\207pR\277\272"
 159      90C137F8 
 159      09A6EE87 
 159      7052BFBA 
 160 01b3 63BD03C3 		.ascii	"c\275\003\303s\013\032\337\260}\202}\332\326\371g\256"
 160      730B1ADF 
 160      B07D827D 
 160      DAD6F967 
 160      AE
 161 01c4 669F1236 		.ascii	"f\237\0226\272a\3220R!=\033\242Q\324\337\372rDI\323"
 161      BA61D230 
 161      52213D1B 
ARM GAS  C:\Users\8FEE~1\AppData\Local\Temp\ccbfyxNZ.s 			page 12


 161      A251D4DF 
 161      FA724449 
 162 01d9 82EEEE7E 		.ascii	"\202\356\356~4\344O\276t\003\236\3627sy\302\317H\322"
 162      34E44FBE 
 162      74039EF2 
 162      377379C2 
 162      CF48D2
 163 01ec 4165782A 		.ascii	"Aex*@#H={\360psP\300\214\335\273\245\377w\277L\365\365"
 163      4023483D 
 163      7BF07073 
 163      50C08CDD 
 163      BBA5FF77 
 164 0204 B09E9FBB 		.ascii	"\260\236\237\273\270m\256\207\203\233\270\353o\362="
 164      B86DAE87 
 164      839BB8EB 
 164      6FF23D
 165 0213 358759E8 		.ascii	"5\207Y\350\021q\034<|/\325\346\267Ze\",,\210\323\360"
 165      11711C3C 
 165      7C2FD5E6 
 165      B75A6522 
 165      2C2C88D3 
 166 0228 D0A45D88 		.ascii	"\320\244]\2103\260&'\013\362(z\231\245\213\215f\213"
 166      33B02627 
 166      0BF2287A 
 166      99A58B8D 
 166      668B
 167 023a BD47F65C 		.ascii	"\275G\366\\\364\351\354\3424dt\366\256\364\245\216\240"
 167      F4E9ECE2 
 167      346474F6 
 167      AEF4A58E 
 167      A0
 168 024b 64CF0570 		.ascii	"d\317\005p\226Yo\2345\325M\313\336\345\246~\355\246"
 168      96596F9C 
 168      35D54DCB 
 168      DEE5A67E 
 168      EDA6
 169 025d AC5493A5 		.ascii	"\254T\223\245\016\314\346\246\033\023n\362\315tS(I\370"
 169      0ECCE6A6 
 169      1B136EF2 
 169      CD745328 
 169      49F8
 170 026f 4562FE29 		.ascii	"Eb\376)\216\370U\0341\303^+\243\204A\001\007f\330\353"
 170      8EF8551C 
 170      31C35E2B 
 170      A3844101 
 170      0766D8EB 
 171 0283 48F17CD1 		.ascii	"H\361|\321E87\323^\347\265\275.L\262\327\270w\2737w"
 171      453837D3 
 171      5EE7B5BD 
 171      2E4CB2D7 
 171      B877BB37 
 172 0298 C23903DA 		.ascii	"\3029\003\3329\027\265s\246\333\344\267\254M$9\215!"
 172      3917B573 
 172      A6DBE4B7 
 172      AC4D2439 
 172      8D21
 173 02aa 756BC73F 		.ascii	"uk\307?\037k\233\310\332\316\323\345\177(\343\213\302"
ARM GAS  C:\Users\8FEE~1\AppData\Local\Temp\ccbfyxNZ.s 			page 13


 173      1F6B9BC8 
 173      DACED3E5 
 173      7F28E38B 
 173      C2
 174 02bb 61EBF5C7 		.ascii	"a\353\365\307\256\214\256\211\306\235\245\305\313\254"
 174      AE8CAE89 
 174      C69DA5C5 
 174      CBAC
 175 02c9 B8635556 		.ascii	"\270cUVTYN\302\226\275<\262\241&l\223\311[uN]EUmd\371"
 175      54594EC2 
 175      96BD3CB2 
 175      A1266C93 
 175      C95B754E 
 176 02e3 5B48763C 		.ascii	"[Hv<\026\213\257\267\252\343\211\032\307\372\254\264"
 176      168BAFB7 
 176      AAE3891A 
 176      C7FAACB4 
 177 02f3 6455C906 		.ascii	"dU\311\006F\330\361D\244\274\2568\026\256\244\225\263"
 177      46D8F144 
 177      A4BCAE38 
 177      16AEA495 
 177      B3
 178 0304 13B982B5 		.ascii	"\023\271\202\265\252\244\354\3632+\272\336\256\252]"
 178      AAA4ECF3 
 178      322BBADE 
 178      AEAA5D
 179 0313 1BB1EC98 		.ascii	"\033\261\354\230\023u\312\327\3316\223\027\317\"5\356"
 179      1375CAD7 
 179      D9369317 
 179      CF2235EE 
 180 0323 F04FA246 		.ascii	"\360O\242F\357\263@\031\221\315\\\351lt\030\372aIYi"
 180      EFB34019 
 180      91CD5CE9 
 180      6C7418FA 
 180      61495969 
 181 0337 684D8513 		.ascii	"hM\205\023\251ND\227\204\012?!#A\376X$\026Ol\244\377"
 181      A94E4497 
 181      840A3F21 
 181      2341FE58 
 181      24164F6C 
 182 034d 0160E5C2 		.ascii	"\001`\345\302\216"
 182      8E
 183              		.text
 184              		.section	.gnu.lto_extChannelEnable.9550f8f5,"",%progbits
 185 0000 789C8552 		.ascii	"x\234\205R\333KTA\034\376\375\316\234\275\250\025=&"
 185      DB4B5441 
 185      1CFEFDCE 
 185      9CBDA815 
 185      3D26
 186 0012 F9B04226 		.ascii	"\371\260B&\212\354I\010\255\360%|*\330\027\375\003D"
 186      8AEC4908 
 186      ADF0257C 
 186      2AD817FD 
 186      0344
 187 0024 4F4BBBE0 		.ascii	"OK\273\340\272\262GE\037bO\342\205\024R\254\274\245"
 187      BAB24745 
 187      1F624FE2 
ARM GAS  C:\Users\8FEE~1\AppData\Local\Temp\ccbfyxNZ.s 			page 14


 187      851452AC 
 187      BCA5
 188 0036 1C48422B 		.ascii	"\034HB+\357\245\265\251\333\346V\276t!1\022\2140\315"
 188      EFA5B5A9 
 188      DBE656BE 
 188      74213112 
 188      8C30CD
 189 0049 A2D4A888 		.ascii	"\242\324\250\210\010\"\3557\343\005]\311\206s\316\234"
 189      0822ED37 
 189      E3055DC9 
 189      8673CE9C 
 190 0059 99DFF7CD 		.ascii	"\231\337\367\315|\363}c\002\011f\031\300a\0048\010\000"
 190      7CF37D63 
 190      02096619 
 190      C0610438 
 190      0800
 191 006b C800A5FA 		.ascii	"\310\000\245\372\347\000\347\255\022\"\377\321\255\010"
 191      E700E7AD 
 191      1222FFD1 
 191      AD08
 192 0079 7E09FD58 		.ascii	"~\011\375X\307\232\030\216W\177\010HI\235:\265PSCt\225"
 192      C79A188E 
 192      577F0848 
 192      499D3AB5 
 192      50534374 
 193 008e 5E79C020 		.ascii	"^y\300 z\013\275\274a'&\021\352eE\177\033\273\310\014"
 193      7A0BBDBC 
 193      61272611 
 193      EA65457F 
 193      1BBBC80C 
 194 00a2 8628D3F0 		.ascii	"\206(\323\360\333\263\326\371}|(\241\215\206F\325\362"
 194      DBB3D6F9 
 194      7D7C28A1 
 194      8D8646D5 
 194      F2
 195 00b3 55C65210 		.ascii	"U\306R\020\350\377u\375\203\023\211\327u\275\\\017M"
 195      E8FF75FD 
 195      831389D7 
 195      75BD5C0F 
 195      4D
 196 00c4 5D66FA21 		.ascii	"]f\372!\2031\274\211\214\326\303\033\030\207]\030\007"
 196      8331BC89 
 196      8CD6C31B 
 196      18875D18 
 196      07
 197 00d5 3405780B 		.ascii	"4\005x\013\023\011\335\375&\374\326\314R\005\363\313"
 197      1309DDFD 
 197      26FCD6CC 
 197      5205F3CB 
 198 00e5 D39F81A8 		.ascii	"\323\237\201\250u\352R\243\240\312\330\035I\225\001"
 198      75EA52A3 
 198      A0CAD81D 
 198      499501
 199 00f4 7B3091E3 		.ascii	"{0\221\343\347\006V\256\3545\313\035\033j\261\027\315"
 199      E70656AE 
 199      EC35CB1D 
 199      1B6AB117 
ARM GAS  C:\Users\8FEE~1\AppData\Local\Temp\ccbfyxNZ.s 			page 15


 199      CD
 200 0105 7468E89B 		.ascii	"th\350\233\304\220\276\262Z\255\207~tb\340\264\205\216"
 200      C490BEB2 
 200      5AAD877E 
 200      7462E0B4 
 200      858E
 201 0117 4D9B9172 		.ascii	"M\233\221r\316\203\032\202r\027j\231\304{\266\200\022"
 201      CE831A82 
 201      72176A99 
 201      C47BB680 
 201      12
 202 0128 5FECE368 		.ascii	"_\354\343h\365\024\262\343B\310Pp\2729:\241C\010Y\235"
 202      F514B2E3 
 202      42C85070 
 202      BA393AA1 
 202      4308599D 
 203 013c 486E997E 		.ascii	"Hn\231~\257\353\015:\032\314\204}\333\345\010\207\372"
 203      AFEB0D3A 
 203      1ACC847D 
 203      DBE50887 
 203      FA
 204 014d 318148D5 		.ascii	"1\201H\325\237\3641\231[bB\033\016P\3553\226\317\315"
 204      9FF43199 
 204      5B62421B 
 204      0E50ED33 
 204      96CFCD
 205 0160 D7F54FE2 		.ascii	"\327\365O\342\246\324\012a\362\245\326h!\265\205!D\224"
 205      A6D40A61 
 205      F2A5D668 
 205      21B58521 
 205      4494
 206 0172 167B8F9E 		.ascii	"\026{\217\236\003\034\3445)\262\026\036\265\345\000"
 206      031CE435 
 206      29B2161E 
 206      B5E500
 207 0181 DEE63516 		.ascii	"\336\3465\026Y\373=a\217\3452\000\357\360\272\274\305"
 207      59FB3D61 
 207      8FE53200 
 207      EFF0BABC 
 207      C5
 208 0192 1DC02134 		.ascii	"\035\300!4\223\310a\356\015B\255D\245k\306\340\257\350"
 208      93C861EE 
 208      0D42AD44 
 208      A56BC6E0 
 208      AFE8
 209 01a4 F836C9D0 		.ascii	"\3706\311\320\233m\0063st\317\374\210n\225%\002\336"
 209      9B6D0633 
 209      7374CFFC 
 209      886E9525 
 209      02DE
 210 01b6 C578E033 		.ascii	"\305x\3403_\227\246f$\232\301{(\213\363\000\006D\366"
 210      5F97A666 
 210      249AC17B 
 210      288BF300 
 210      0644F6
 211 01c9 5DC1F0C2 		.ascii	"]\301\360\302\236xc\235m\341\330\357\275\203\257b\004"
 211      9E78639D 
ARM GAS  C:\Users\8FEE~1\AppData\Local\Temp\ccbfyxNZ.s 			page 16


 211      6DE1D8EF 
 211      BD83AF62 
 211      04
 212 01da FB3E67E3 		.ascii	"\373>g\343\010\312\260\200\3456\341\015\300\"V\316^"
 212      08CAB080 
 212      E536E10D 
 212      C02256CE 
 212      5E
 213 01eb 6835F143 		.ascii	"h5\361Cst \2604c\361\377\321\255\006\263\2660\023\341"
 213      737420B0 
 213      3463F1FF 
 213      D1AD06B3 
 213      B63013E1 
 214 01ff 47D10FED 		.ascii	"G\321\017\355Ljgd_\024\254'\262=\205\264\377\2450&R"
 214      4C6A6764 
 214      5F14AC27 
 214      B23D85B4 
 214      FFA53026 
 215 0214 68AC1C7F 		.ascii	"h\254\034\177aYK\0010\270[\012\303\033)\230w\246`\363"
 215      61594B01 
 215      30B85B0A 
 215      C31B2998 
 215      77A660F3 
 216 0228 033EE035 		.ascii	"\003>\3405\3136'C\334\311\035\261d\270\001\037r\260"
 216      CB362743 
 216      DCC91DB1 
 216      64B8011F 
 216      72B0
 217 023a 75472C9D 		.ascii	"uG,\235\351\261\\\027\340\370\316X\302\"\226G[bY1\336"
 217      E9B15C17 
 217      E0F8CE58 
 217      C2229647 
 217      5B625931 
 218 024f 0563361C 		.ascii	"\005c6\034\017\012\307\037\013\307#\355}\262i/_\034"
 218      0F0AC71F 
 218      0BC723ED 
 218      7DB2692F 
 218      5F1C
 219 0261 96B17CB6 		.ascii	"\226\261|\266\266-A\330\313[\015],\272\331\204O\262"
 219      B62D41D8 
 219      CB5B0D5D 
 219      2CBAD984 
 219      4FB2
 220 0273 DB95B547 		.ascii	"\333\225\265Gu\271\363\334^-5=M\361j\212+7_\321|*\357"
 220      75B9F3DC 
 220      5E2D353D 
 220      4DF16A8A 
 220      2B375FD1 
 221 028a 739CA545 		.ascii	"s\234\245Ev\025d\352\012-\252+\267\240\300\231o*\311"
 221      761564EA 
 221      0A2DAA2B 
 221      B7A0C099 
 221      6F2AC9
 222 029d CD2F761E 		.ascii	"\315/v\036\373\007Y\365z<\336\002\245\320\353+\322\224"
 222      FB0759F5 
 222      7A3CDE02 
 222      A5D0EB2B 
ARM GAS  C:\Users\8FEE~1\AppData\Local\Temp\ccbfyxNZ.s 			page 17


 222      D294
 223 02af 93598E4C 		.ascii	"\223Y\216LG)!T\257\317\231S\222\356\261\273 cw\"\355"
 223      47292154 
 223      AFCF9953 
 223      92EEB1BB 
 223      20637722 
 224 02c4 A4643AB2 		.ascii	"\244d:\262Oe+\356\0025\277\370\214SQ=\232[\3139\253"
 224      4F652BEE 
 224      0235BFF8 
 224      8C53513D 
 224      9A5BCB39 
 225 02d9 AA444EDE 		.ascii	"\252DN\336E\262W\243\217\257H\364\273@\011\261\271\262"
 225      45B257A3 
 225      8FAF48F4 
 225      BB4009B1 
 225      B9B2
 226 02eb 4B2BD308 		.ascii	"K+\323\010\272\337\221\235e\313\313\325\234\205>w\212"
 226      BADF919D 
 226      65CBCBD5 
 226      9C853E77 
 226      8A
 227 02fc 2DE10848 		.ascii	"-\341\010H>\260x\234\036\257\257\014\376\002~I\227\344"
 227      3EB0789C 
 227      1EAFAF0C 
 227      FE027E49 
 227      97E4
 228              		.text
 229              		.section	.gnu.lto_extChannelDisable.9550f8f5,"",%progbits
 230 0000 789C8552 		.ascii	"x\234\205R\333KTA\034\376\375\316\234\275\250\025=&"
 230      DB4B5441 
 230      1CFEFDCE 
 230      9CBDA815 
 230      3D26
 231 0012 F9B0429B 		.ascii	"\371\260B\233\030\261'!\264\302\227\360)b_\362\017X"
 231      18B12721 
 231      B4C297F0 
 231      29625FF2 
 231      0F58
 232 0024 B6D3D22E 		.ascii	"\266\323\322.\270\256\354Q\321\207\330\223x!\205\024"
 232      B8AEEC51 
 232      D187D893 
 232      78218514 
 233 0034 BB6E2907 		.ascii	"\273n)\007\212\330.\336\273n\351\272ieD\027\022#A\021"
 233      8AD82EDE 
 233      BB6EE9BA 
 233      69654417 
 233      12234111 
 234 0048 D32C4A8D 		.ascii	"\323,J\215\212\220\240\322~3\231\350J6\234s\346\314"
 234      8A90A0D2 
 234      7E3399E8 
 234      4A369C73 
 234      E6CC
 235 005a FCBE6FE6 		.ascii	"\374\276o\346\233\357\033\023H0\316\000\266\"\300f\000"
 235      9BEF1B13 
 235      4830CE00 
 235      B622C066 
 235      00
ARM GAS  C:\Users\8FEE~1\AppData\Local\Temp\ccbfyxNZ.s 			page 18


 236 006b 40062835 		.ascii	"@\006(5<\0078j\225\020\371\217nE\010I\030\302zv\206"
 236      3C07386A 
 236      9510F98F 
 236      6E450849 
 236      18C27A76 
 237 0080 615FCDBB 		.ascii	"a_\315\273\250\224\031\321\251\305\317\214%W\353U\233"
 237      A89419D1 
 237      A9C5CF8C 
 237      2557EB55 
 237      9B
 238 0091 0CA287E9 		.ascii	"\014\242\207\351\345\015#\230I\250\227\225\035M\354"
 238      E50D2398 
 238      49A89795 
 238      1D4DEC
 239 00a0 383318A2 		.ascii	"83\030\242L\303/\317\316Mn\340C\011m44\252g\3173\266"
 239      4CC32FCF 
 239      CE4D6EE0 
 239      43096D34 
 239      34AA67CF 
 240 00b6 1D81FE5F 		.ascii	"\035\201\376_7\364\356\311\270\244\353\025z|\364$\323"
 240      37F4EEC9 
 240      B8A4EB15 
 240      7A7CF424 
 240      D3
 241 00c7 B7188CE1 		.ascii	"\267\030\214\341Ud\264\036^\3014\274\214i@S\200\327"
 241      5564B41E 
 241      5EC134BC 
 241      8C694053 
 241      80D7
 242 00d9 3083D02D 		.ascii	"0\203\320-\243\375cf\226%\230\237\236\316E\223\026\251"
 242      A3FD6366 
 242      9625989F 
 242      9ECE4593 
 242      16A9
 243 00eb DF4E0BAA 		.ascii	"\337N\013\252\214-\211T\031\260\02538~\242s\376\324"
 243      8C2D8954 
 243      19B01533 
 243      387EA273 
 243      FED4
 244 00fd 7AB37CF1 		.ascii	"z\263|\361\257ZlC3\035\032\332\0071\256\317/\324\350"
 244      AF5A6C43 
 244      331D1ADA 
 244      0731AECF 
 244      2FD4E8
 245 0110 F19F113C 		.ascii	"\361\237\021<\265\337B\307\246\315H9\347A-A\271\013"
 245      B5DF42C7 
 245      A6CD4839 
 245      E7412D41 
 245      B90B
 246 0122 754CE23D 		.ascii	"uL\342=\233B\211/\366\276\273f\010\331n!\344fl\370l"
 246      9B42892F 
 246      F6BEBB66 
 246      08D96E21 
 246      E4666CF8 
 247 0137 B2FDA210 		.ascii	"\262\375\242\020\2620\260-<\374V\327\033u4\230\011\333"
 247      B230B02D 
 247      3CFC56D7 
ARM GAS  C:\Users\8FEE~1\AppData\Local\Temp\ccbfyxNZ.s 			page 19


 247      1B753498 
 247      09DB
 248 0149 57CA110E 		.ascii	"W\312\021\016u\240\235H5\037\364\036\231[bB\033vR\355"
 248      75A09D48 
 248      351FF41E 
 248      995B6242 
 248      1B7652ED 
 249 015d 23564C4C 		.ascii	"#VLL\326w\014\342\222\324Ja\362\211\271d!5\314\020\022"
 249      D6770CE2 
 249      92D44A61 
 249      F289B964 
 249      2135CC10 
 250 0172 4AD36D3B 		.ascii	"J\323m;\217\000v\361\232\224X\353\357\266\271\000\257"
 250      8F0076F1 
 250      9A9458EB 
 250      EFB6B900 
 250      AF
 251 0183 F31A4BAC 		.ascii	"\363\032K\254\375\030p\244r\031\2007x]^\346\016\340"
 251      FD1870A4 
 251      72198037 
 251      785D5EE6 
 251      0EE0
 252 0195 4D3493C8 		.ascii	"M4\223\310[\334\033\204:\211J\027\214\256\357\311\351"
 252      5BDC1B84 
 252      3A894A17 
 252      8CAEEFC9 
 252      E9
 253 01a6 4D92A19F 		.ascii	"M\222\241\237\265\031\314\314\321\255\223\367t\253,"
 253      B519CCCC 
 253      D1AD93F7 
 253      74AB2C
 254 01b5 11F036A6 		.ascii	"\021\3606\246\003\237\371<34\"\321\014\336AY\234\007"
 254      039FF93C 
 254      333422D1 
 254      0CDE4159 
 254      9C07
 255 01c7 302AB2BF 		.ascii	"0*\262\277\034\353\237Z\227n,\262-\034\373\265\255\353"
 255      1CEB9F5A 
 255      976E2CB2 
 255      2D1CFBB5 
 255      ADEB
 256 01d9 558A60DF 		.ascii	"U\212`\337\345l\274\2072La\205Mx\0030\215U\343\307\036"
 256      E56CBC87 
 256      324C6185 
 256      4D780330 
 256      8D55E3C7 
 257 01ee 9BF8A139 		.ascii	"\233\370\2419:\032\235\031\261\204~\351V\203Y\303\314"
 257      3A1A9D19 
 257      B1847EE9 
 257      568359C3 
 257      CC
 258 01ff 44F86E0C 		.ascii	"D\370n\014A3\223\232\031\331\227\004\213\211\254L!\373"
 258      4133939A 
 258      19D99704 
 258      8B89AC4C 
 258      21FB
 259 0211 7F29F488 		.ascii	"\177)\364\210\024NW\365\275\260\374I\0010\266V\012\215"
ARM GAS  C:\Users\8FEE~1\AppData\Local\Temp\ccbfyxNZ.s 			page 20


 259      144E57F5 
 259      BDB0FC49 
 259      0130B656 
 259      0A8D
 260 0223 298B2998 		.ascii	")\213)\230W\247`\013\001\366\362\232e\205\223q\356\344"
 260      57A7600B 
 260      01F6F29A 
 260      65859371 
 260      EEE4
 261 0235 AA58727D 		.ascii	"\252Xr}\200\3679\330\272*\226HN*\327\005\330\267:\226"
 261      80F739D8 
 261      BA2A9648 
 261      4E2AD705 
 261      D8B73A96 
 262 0249 7E11CB83 		.ascii	"~\021\313\203e\261\314\033ob)\177\035\217\011\307\037"
 262      65B1CC1B 
 262      6F62297F 
 262      1D8F09C7 
 262      1F
 263 025a 0AC713ED 		.ascii	"\012\307\023\355}\264d/_\034f\261b\274\356\211]\330"
 263      7DB4642F 
 263      5F1C66B1 
 263      62BCEE89 
 263      5DD8
 264 026c CB5B2D5D 		.ascii	"\313[-],\272\331\204\317t8\224?\217\352\365\035\364"
 264      2CBAD984 
 264      CF743894 
 264      3F8FEAF5 
 264      1DF4
 265 027e 05B4AC9C 		.ascii	"\005\264\254\234l%\240)^w\201\242\005U\336\273<e\305"
 265      6C25A029 
 265      5E7781A2 
 265      0555DEBB 
 265      3C65C5
 266 0291 0E1564EA 		.ascii	"\016\025d\352\212,\252\327]X\350)0\225\272\013J<\273"
 266      8A2CAAD7 
 266      5D58E829 
 266      3095BA0B 
 266      4A3CBB
 267 02a4 FE415603 		.ascii	"\376AV\003~\177\240P)\012\004\2135e\357\001g\236\263"
 267      7E7FA050 
 267      290A048B 
 267      3565EF01 
 267      679EB3
 268 02b7 8C106A20 		.ascii	"\214\020j \350q\225\346\370\035^\310]\233H;)y\316\374"
 268      E87195E6 
 268      F81D5EC8 
 268      5D9B483B 
 268      2979CEFC 
 269 02cb 7DF98AAF 		.ascii	"}\371\212\257P-(9\344QT\277\346\323\\\207U\225\310\333"
 269      502D2839 
 269      E45154BF 
 269      E6D35C87 
 269      5595C8DB 
 270 02df D6901CD0 		.ascii	"\326\220\034\320\350\023,\026\375\032PB,\255\354\325"
 270      E8132C16 
 270      FD1A5042 
ARM GAS  C:\Users\8FEE~1\AppData\Local\Temp\ccbfyxNZ.s 			page 21


 270      2CADECD5 
 271 02ef CA35826E 		.ascii	"\3125\202nt\346\037\260\035tk\236\242\240o\273\315\276"
 271      74E61FB0 
 271      1D746B9E 
 271      A2A06FBB 
 271      CDBE
 272 0301 03A42058 		.ascii	"\003\244 X\374\036\177 X\016\277\001\200\001\230\272"
 272      FC1E7F20 
 272      580EBF01 
 272      800198BA 
 273              		.text
 274              		.section	.gnu.lto_extSetChannelModeI.9550f8f5,"",%progbits
 275 0000 789C7D52 		.ascii	"x\234}R\337K\223Q\030>\317w\366m3u\027y\023\345\205"
 275      DF4B9351 
 275      183ECF77 
 275      F66D3375 
 275      177913E5 
 276 0015 178928B1 		.ascii	"\027\211(\261\261\233\242n\272\351\242?\"\010[\312\004"
 276      B19BA26E 
 276      BAE9A23F 
 276      22085BCA 
 276      04
 277 0026 51C92EBA 		.ascii	"Q\311.\272\333\347\374\025J&e\352j\353\033\211h\251"
 277      DBE7FC15 
 277      4A2665EA 
 277      6AEB1B89 
 277      68A9
 278 0038 9B9695B3 		.ascii	"\233\226\225\263\3225\241T2)\242\300\242\213\264\037"
 278      D235A154 
 278      3229A2C0 
 278      A28BB41F 
 279 0048 620643D0 		.ascii	"b\006C\320\220\262\336\367l\211?\240\303>\316w\366\276"
 279      90B2DEF7 
 279      6C893FA0 
 279      C33ECE77 
 279      F6BE
 280 005a CF799EF7 		.ascii	"\317y\236\367y>]h\242G\012qB\010q\200\036H\001\255\365"
 280      793E5D68 
 280      A2470A71 
 280      42087180 
 280      1E4801AD 
 281 006f A5103576 		.ascii	"\245\0205v\015\340\027\303\016\341\323\340\303e\331"
 281      0DE017C3 
 281      0EE1D3E0 
 281      C365D9
 282 007e 219168FC 		.ascii	"!\221h\374\022\323\012{\014Z\361\216\271\314\006\243"
 282      12D30A7B 
 282      0C5AF18E 
 282      B9CC06A3 
 283 008e 7E9F49F0 		.ascii	"~\237I\360\000=\274\320\203B\352zU7\030\224-\322\224"
 283      003DBCD0 
 283      8342EA7A 
 283      55371894 
 283      2DD294
 284 00a1 80858EC9 		.ascii	"\200\205\216\311\231\353\363\016>j\310\243\243\331\260"
 284      99EBF30E 
 284      3E6AC8A3 
ARM GAS  C:\Users\8FEE~1\AppData\Local\Temp\ccbfyxNZ.s 			page 22


 284      A3D9B0
 285 00b0 7C43CA43 		.ascii	"|C\312C\020\364\376\256u\374XA\267a\370\215\370B\233"
 285      10F4FEAE 
 285      75FC5841 
 285      B761F88D 
 285      F8429B
 286 00c3 340E9A52 		.ascii	"4\016\232R\342\016$\335\207\333\310E/r\005\375%\320"
 286      E20E24DD 
 286      87DBC845 
 286      2F7205FD 
 286      25D0
 287 00d5 8702EAEE 		.ascii	"\207\002\352\356\3770\361\321*\335\012\371\343\305j"
 287      FF30F1D1 
 287      2ADD0AF9 
 287      E3C56A
 288 00e4 2C230D5D 		.ascii	",#\015]\215\344\266\325\032'MiA\377N\260E`@\201\223"
 288      8DE4B6D5 
 288      1A274D69 
 288      41FF4EB0 
 288      45604081 
 289 00f9 89E63587 		.ascii	"\211\3465\207<\252\300\323\223\275\277\354i\360Fdo\273"
 289      3CAAC0D3 
 289      93BDBFEC 
 289      69F04664 
 289      6FBB
 290 010b 02EB88EC 		.ascii	"\002\353\210\354\004\353\002Q\0240\242\245{\375\233"
 290      04EB0251 
 290      1430A2A5 
 290      7BFD9B
 291 011a 5D1E57E8 		.ascii	"]\036W\350\325\276H]v~\227B?\213\356\277RkL\032\026"
 291      D5BE485D 
 291      767E9742 
 291      3F8BEEBF 
 291      526B4C1A 
 292 012f 535A31B8 		.ascii	"SZ1\270\035\317\213\332?\015m\\\313\266Z0\204\374\256"
 292      1DCF8BDA 
 292      3F0D6D5C 
 292      CBB65A30 
 292      84FCAE
 293 0142 7F5EE12E 		.ascii	"\177^\341.\254\240=\372\032qc\343O#\311p\376\034\236"
 293      ACA03DFA 
 293      1A7163E3 
 293      4F23C970 
 293      FE1C9E
 294 0155 C961D769 		.ascii	"\311a\327iVI\3346\013X\271\016%A4\021\214\363h\226\032"
 294      5649DC36 
 294      0B58B90E 
 294      25413411 
 294      8CF36896 
 295 016a EF7211FE 		.ascii	"\357r\021\376\321\305\346\306\034\276)$9\233\366\372"
 295      D1C5E6C6 
 295      1CBE2924 
 295      399BF6FA 
 296 017a C4AC8D6D 		.ascii	"\304\254\215m\226J\345\332\363\351\213Y&B5\224U\236"
 296      964AE5DA 
 296      F3E98B59 
 296      26423594 
ARM GAS  C:\Users\8FEE~1\AppData\Local\Temp\ccbfyxNZ.s 			page 23


 296      559E
 297 018c 29ED21B2 		.ascii	")\355!\262\377\036\253\242Z\367\202?bs\015\030\251\222"
 297      FF1EABA2 
 297      5AF7823F 
 297      62730D18 
 297      A992
 298 019e 0DC330D1 		.ascii	"\015\3030\321\2512\304}\270\304g\370\303\245|1'tk\354"
 298      A932C47D 
 298      B8C467F8 
 298      C3A57C31 
 298      27746BEC 
 299 01b2 AAA3A857 		.ascii	"\252\243\250W%\3766\246\005\302v\266%\035\367\003\024"
 299      25FE36A6 
 299      05C276B6 
 299      251DF703 
 299      14
 300 01c3 6D25B6ED 		.ascii	"m%\266\355\"\016G\203\247h\226\014R\210\207i\362\233"
 300      220E4783 
 300      A768960C 
 300      52888769 
 300      F29B
 301 01d5 9D232B0E 		.ascii	"\235#+\016\"oU\344{0\242\310\2212kj*\371FsG\271\030"
 301      226F55E4 
 301      7B30A2C8 
 301      91326B6A 
 301      2AF94673 
 302 01ec 1EA52B33 		.ascii	"\036\245+3\021\203+D)\246\312\023s\201Y\335\367[\225"
 302      11832B44 
 302      29A6CA13 
 302      738159DD 
 302      F75B95
 303 01ff 4B39B251 		.ascii	"K9\262Q\270Y\250\300#\370Xw\236r\226\254fm\202LZo\272"
 303      B859A8C0 
 303      23F85877 
 303      9E7296AC 
 303      666D824C 
 304 0216 B4E24DCF 		.ascii	"\264\342M\317\262)\324\272M(\322\002\037\357\026\310"
 304      B229D4BA 
 304      4D28D202 
 304      1FEF16C8 
 305 0226 FA59E393 		.ascii	"\372Y\343\223\377k\034\333\324\210q\270\2672\351\273"
 305      FF6B1CDB 
 305      D48871B8 
 305      B732E9BB 
 306 0236 2D990FF2 		.ascii	"-\231\017\362\247\225\031\242Z\234\031\361\224.\027"
 306      A79519A2 
 306      5A9C19F1 
 306      942E17
 307 0245 4BA80F7F 		.ascii	"K\250\017\177\015J5\014!b\261\357\357m4(\271\235\025"
 307      0D4A350C 
 307      2162B1EF 
 307      EF6D3428 
 307      B99D15
 308 0258 60622468 		.ascii	"`b$h@\312\220xL\231-\226)\242\245 T;\257&\352\241\317"
 308      40CA9078 
 308      4C992D96 
 308      29A2A520 
ARM GAS  C:\Users\8FEE~1\AppData\Local\Temp\ccbfyxNZ.s 			page 24


 308      543BAF26 
 309 026f 4213A2D0 		.ascii	"B\023\242\320\351t\245~\036o\331\231\262\312j\367\221"
 309      E974A57E 
 309      1E6FD999 
 309      B2CA6AF7 
 309      91
 310 0280 C3AECA6A 		.ascii	"\303\256\312j\227\267\270\334U}\316\303\373\351\222"
 310      97B7B8DC 
 310      557DCEC3 
 310      FBE992
 311 028f 0BE79D1E 		.ascii	"\013\347\235\036a\241\255\312\346\361\026WT\224\224"
 311      61A1ADCA 
 311      E6F11657 
 311      549494
 312 029e EB74F054 		.ascii	"\353t\360T\351\225\345g=U\177\001/\304C\377"
 312      E995E567 
 312      3D557F01 
 312      2FC443FF 
 313              		.text
 314              		.section	.gnu.lto_.symbol_nodes.9550f8f5,"",%progbits
 315 0000 789C55C9 		.ascii	"x\234U\311\313\015\3020\024D\321\3618\316\307i\212T"
 315      CB0DC230 
 315      1444D1F1 
 315      38CEC769 
 315      8A54
 316 0012 365E5000 		.ascii	"6^P\000\005\360\307\022Bt@\021\251\001\032A\030g\223"
 316      05F0C712 
 316      42744011 
 316      A9011A41 
 316      186793
 317 0025 B7BAD2B9 		.ascii	"\267\272\322\271\001Dp\000\270\247\200\335\014\224\274"
 317      01447000 
 317      B8A780DD 
 317      0C94BC
 318 0034 D254E440 		.ascii	"\322T\344@9+G\212VN\224\267r\246\032+\027*X\271R\255"
 318      392B478A 
 318      564E94B7 
 318      72A61A2B 
 318      172A58B9 
 319 004a 1177A3BA 		.ascii	"\021w\243\272*@J\233\002\231\352\015\334\251\301\300"
 319      2A404A9B 
 319      0299EA0D 
 319      DCA9C1C0 
 320 005a 838A069E 		.ascii	"\203\212\006\236\324\270\006\217\016\371\375u\236=\362"
 320      D4B8068F 
 320      0EF9FD75 
 320      9E3DF2
 321 0069 A7D40FD8 		.ascii	"\247\324\017\330\376\333\304\245a\\\332\306\372\361"
 321      FEDBC4A5 
 321      615CDAC6 
 321      FAF1
 322 0077 03A63741 		.ascii	"\003\2467A\234"
 322      9C
 323              		.text
 324              		.section	.gnu.lto_.refs.9550f8f5,"",%progbits
 325 0000 789C6365 		.ascii	"x\234ce`b`d\000\002\000\000I\000\011"
 325      60626064 
ARM GAS  C:\Users\8FEE~1\AppData\Local\Temp\ccbfyxNZ.s 			page 25


 325      00020000 
 325      490009
 326              		.text
 327              		.section	.gnu.lto_.decls.9550f8f5,"",%progbits
 328 0000 789CBD58 		.ascii	"x\234\275XkP\024W\026\356\333=\3000\014\217\240I,C\262"
 328      6B501457 
 328      16EEDB3D 
 328      C0300C8F 
 328      A0492C43 
 329 0015 AC4B36C4 		.ascii	"\254K6\304T@4\033\315\326f\313\304\270\033vc^\230\324"
 329      5440341B 
 329      CDD666CB 
 329      C4B81B76 
 329      635E98D4 
 330 0029 D6165B53 		.ascii	"\326\026[S0L\"\033\004\303\214&Vm\3256 \306\340\013"
 330      304C221B 
 330      04C38C26 
 330      566DD536 
 330      20C6E00B 
 331 003d 85202002 		.ascii	"\205  \002\212 \010\010\210\217\010\212\210\310S\020"
 331      8A200808 
 331      888F088A 
 331      88C85310 
 332 004d 50C4172F 		.ascii	"P\304\027/E\300\267\202\012\370\300=\367\321\323\315"
 332      45C0B782 
 332      0AF8C03D 
 332      F7D1D3CD 
 333 005d 38636AF7 		.ascii	"8cj\367\307vy\231\276\267\317\371\316\367\235s\357\355"
 333      C7767999 
 333      BEB7CFF9 
 333      CEF79D73 
 333      EFED
 334 006f DBDA713C 		.ascii	"\333\332q<\347\377\"\307\205\2508\316C\340\270'p\251"
 334      E7FF22C7 
 334      85A838CE 
 334      43E0B827 
 334      70A9
 335 0081 398E2BE4 		.ascii	"9\216+\344\344K\013m\027\264\021h\217\240\215\343A\304"
 335      E44B0B6D 
 335      17B41168 
 335      8FA08DE3 
 335      41C4
 336 0093 713C340D 		.ascii	"q<4\0154-4\027hn\320\334\241MF\334S\327?`\014\340\271"
 336      342D3417 
 336      686ED0DC 
 336      A14D46DC 
 336      53D73F60 
 337 00aa 2FA13D8F 		.ascii	"/\241=\217d|\236ak\255\370\334\2021\007\346\343\016"
 337      647C9E61 
 337      6BADF8DC 
 337      823107E6 
 337      E30E
 338 00bc 6D32B46E 		.ascii	"m2\264nh=\320\016C\273\314\374/A\353\245\224\010G\313"
 338      683DD00E 
 338      43BBCCFC 
 338      2F41EBA5 
 338      940847CB 
ARM GAS  C:\Users\8FEE~1\AppData\Local\Temp\ccbfyxNZ.s 			page 26


 339 00d0 6B0C510D 		.ascii	"k\014Q\015\2268\330\277\025\232\007<\3775\242\270\323"
 339      9638D8BF 
 339      159A073C 
 339      FF35A2B8 
 339      D3
 340 00e1 E0F73EC3 		.ascii	"\340\367>\303\347\031.\306wd\332\275\340\371o\241yC"
 340      E7192EC6 
 340      7764DABD 
 340      E0F96FA1 
 340      7943
 341 00f3 F361BA67 		.ascii	"\363a\272g@\233\011\355-D9\274k\241\345\261\215\370"
 341      409B09ED 
 341      2D4439BC 
 341      6BA1E5B1 
 341      8DF8
 342 0105 CAD852DC 		.ascii	"\312\330R\334\036\306\313Z\374q+\361\335\254\304\177"
 342      1EC6CB5A 
 342      FC712BF1 
 342      DDACC47F 
 343 0115 DF223E02 		.ascii	"\337\">\002 \215\225\370\355\026\034.\300}'\363q\344"
 343      208D95F8 
 343      ED161C2E 
 343      C07D27F3 
 343      71E4
 344 0127 68422DE3 		.ascii	"hB-\343\271[\211\367\027\213xv\377c<\336J\274\311V\342"
 344      B95B89F7 
 344      178B7876 
 344      FF633CDE 
 344      4ABCC956 
 345 013c 7D6611EF 		.ascii	"}f\021\357y\210\347b#\236\035\330~\216hNqn\373\241\005"
 345      7988E762 
 345      239E1DD8 
 345      7E8E684E 
 345      716EFBA1 
 346 0151 405FA588 		.ascii	"@_\245\210/\345y\200\335k\230N\034\346\357\026\2616"
 346      2FE57980 
 346      DD6B984E 
 346      1CE6EF16 
 346      B136
 347 0163 0968DFDA 		.ascii	"\011h\337\332\352C|\027\272\200\323\212\334h\206\021"
 347      EA437C17 
 347      BA80D38A 
 347      DC688611 
 348 0173 FD8B4823 		.ascii	"\375\213H#\335'\322\205\020\031'e`\240\322\020\222<"
 348      DD27D285 
 348      10192765 
 348      60A0D210 
 348      923C
 349 0185 589F675D 		.ascii	"X\237g]\236A\222\177\314\031)\020\351c\032I\272h\271"
 349      9E41927F 
 349      CC192910 
 349      E9631A49 
 349      BA68B9
 350 0198 E80D7193 		.ascii	"\350\015q\223\274\021/\007@H\351\240\000\244\264\331"
 350      BC112F07 
 350      4048E9A0 
 350      00A4B4D9 
ARM GAS  C:\Users\8FEE~1\AppData\Local\Temp\ccbfyxNZ.s 			page 27


 351 01a8 73333F4E 		.ascii	"s3?N\026\207$\365wR\216\367k\272Q'\036\315\234\213\310"
 351      168724F5 
 351      77528EF7 
 351      6BBA5127 
 351      1ECD9C8B 
 352 01bd 58D660E2 		.ascii	"X\326`\342\020/@\371\340\276{,\367O>\005\"\275\324S"
 352      102F40F9 
 352      E0BE7B2C 
 352      F74F3E05 
 352      22BDD453 
 353 01d1 E5B41D7B 		.ascii	"\345\264\035{2R\351\272N@\356\032\304C\267\355\366\361"
 353      3252E9BA 
 353      4E40EE1A 
 353      C443B7ED 
 353      F6F1
 354 01e3 2D4ED09D 		.ascii	"-N\320\235\254An\320\035\215j?\242\231\222D\274bD7\036"
 354      AC416ED0 
 354      1D8D6A3F 
 354      A2999244 
 354      BC624437 
 355 01f8 7DF9022A 		.ascii	"}\371\002*@\036(\037y@\360B4\005\376\006\253(\322\375"
 355      401E281F 
 355      7940F042 
 355      3405FE06 
 355      AB28D2FD 
 356 020c 81A452F5 		.ascii	"\201\244R\365\264L1\263G\254\354\216~%)F\314\005/Ol"
 356      B44C31B3 
 356      47ACEC8E 
 356      7E252946 
 356      CC052F4F 
 357 0221 85F29080 		.ascii	"\205\362\220\200v\"\037\314\030n\341o.\352Fh\007\352"
 357      76221FCC 
 357      186EE16F 
 357      2EEA4668 
 357      07EA
 358 0233 023DBBD0 		.ascii	"\002=\273\3204\360\256\2529\273V#\274K\310\266\256("
 358      34F0AEAA 
 358      39BB5623 
 358      BC4BC8B6 
 358      AE28
 359 0245 4E132827 		.ascii	"N\023('\025\326\326\224z\311\205r\362\204n\347\226["
 359      15D6D694 
 359      7AC98572 
 359      F2846EE7 
 359      965B
 360 0257 C32AE1AF 		.ascii	"\303*\341\257\304\262(\266/O\015\217<4\350\011\302\375"
 360      C4B228B6 
 360      2F4F0D8F 
 360      3C34E809 
 360      C2FD
 361 0269 EB07C69C 		.ascii	"\353\007\306\234i_)\356S*.\356R\321\006G\3413\362\250"
 361      695F29EE 
 361      532A2EEE 
 361      52D10647 
 361      E133F2A8 
 362 027d AF6A63AF 		.ascii	"\257jc\257\223\012j\277\017\250\355\305r`0\245\366^"
 362      930A6ABF 
ARM GAS  C:\Users\8FEE~1\AppData\Local\Temp\ccbfyxNZ.s 			page 28


 362      0FA8EDC5 
 362      726030A5 
 362      F65E
 363 028f B9931048 		.ascii	"\271\223\020H\014N\014\365nPa\203\237\301\340\015\017"
 363      0C4E0CF5 
 363      6E506183 
 363      9FC1E00D 
 363      0F
 364 02a0 B41FA9F0 		.ascii	"\264\037\251\360\360\315\216\336a\265` &+\273\273\223"
 364      F0CD8EDE 
 364      61B56020 
 364      262BBBBB 
 364      93
 365 02b1 786C5206 		.ascii	"xlR\006&\323=\320\001b\302'\334\337\236\256A\336\352"
 365      26D33DD0 
 365      0162C227 
 365      DCDF9EAE 
 365      41DEEA
 366 02c4 1C9CB5CA 		.ascii	"\034\234\265\312\332t\317\344\2038\017\207\220\232c"
 366      DA74CFE4 
 366      83380F87 
 366      909A63
 367 02d3 49C0D74A 		.ascii	"I\300\327JQ\214\026oGG\011S84\313\003\315\300\011\005"
 367      518C166F 
 367      47470953 
 367      3834CB03 
 367      CDC00905 
 368 02e7 136C810E 		.ascii	"\023l\201\016\"oT\216Th\017\244\272\024\270A\254\336"
 368      226F548E 
 368      54680FA4 
 368      BA14B841 
 368      ACDE
 369 02f9 4BDBE235 		.ascii	"K\333\3425B:\302\201\371k\331\011\253\035\220\332\373"
 369      423AC281 
 369      F96BD909 
 369      AB1D90DA 
 369      FB
 370 030a 690C5409 		.ascii	"i\014T\011\256\266`(\241\376d{\230\002\3500\030U\310"
 370      AEB66028 
 370      A1FE647B 
 370      9802E830 
 370      1855C8
 371 031d 65C1EC48 		.ascii	"e\301\354H\016\372\263\316\365\253\205<\022\010\245"
 371      0EFAB3CE 
 371      F5AB853C 
 371      1208A5
 372 032c 96DF6DB0 		.ascii	"\226\337m\260\243\225PCw\377\315\374\375\316\264\022"
 372      A3955043 
 372      77FFCDFC 
 372      FDCEB412 
 373 033c 95F8F195 		.ascii	"\225\370\361\225\361\242\001\225PJm\213\017\256\270"
 373      F1A20195 
 373      504A6D8B 
 373      0FAEB8
 374 034b E1426D2B 		.ascii	"\341Bm+q-j\257\237\256w\240\306\242\026\327f(/\313A"
 374      712D6AAF 
 374      9FAE77A0 
ARM GAS  C:\Users\8FEE~1\AppData\Local\Temp\ccbfyxNZ.s 			page 29


 374      C6A216D7 
 374      66282FCB 
 375 0360 28A3C6C3 		.ascii	"(\243\306\303\233b\177TS\343\027\241[\2679\355\025\315"
 375      9B627F54 
 375      53E317A1 
 375      5BB739ED 
 375      15CD
 376 0372 2A4C2F3E 		.ascii	"*L/>Ft\374\020\017\227\000\351b2\315\352\021l[\310\327"
 376      4674FC10 
 376      0F9700E9 
 376      6232CDEA 
 376      116C5BC8 
 377 0387 03D5D154 		.ascii	"\003\325\321T\014\227f'8\011G)Pg]^>\236+\257\301\014"
 377      0C976627 
 377      38094729 
 377      50675D5E 
 377      3E9E2BAF 
 378 039d 80CB5531 		.ascii	"\200\313U1\011^\243\223\240m\375\320v\007\241\216f."
 378      095EA393 
 378      A06DFDD0 
 378      7607A18E 
 378      662E
 379 03af A5A1A34A 		.ascii	"\245\241\243J\205\27454\025\335e\177L\031\302\2659\201"
 379      85BC3534 
 379      15DD657F 
 379      4C19C2B5 
 379      3981
 380 03c1 34A8494E 		.ascii	"4\250IN\306kx\237\\\205\223K\350pf2\250\031R\012\270"
 380      C66B789F 
 380      5C85934B 
 380      E8706632 
 380      A819520A 
 381 03d6 D80E1D87 		.ascii	"\330\016\035\207\301FJ)o\373\206m\366B\013Yk|M\305\371"
 381      C1464A29 
 381      6FFB866D 
 381      F6420B59 
 381      6B7C4DC5 
 382 03eb 332AA4F1 		.ascii	"3*\244\361\266\012\320f\005\200\2229q~ZM\254(\362\250"
 382      B60AD066 
 382      05809239 
 382      717E5A4D 
 382      AC28F2A8 
 383 03ff 15C8B4C8 		.ascii	"\025\310\264\310dN`\3718HU\313\217I\256B\243@T\375\220"
 383      644E60F9 
 383      384855CB 
 383      8F49AE42 
 383      A34054FD 
 384 0414 747C975A 		.ascii	"t|\227Zh&\035~\357\306\216\333\274\255\210\247mF\354"
 384      68261D7E 
 384      EFC68EDB 
 384      BCAD88A7 
 384      6D46EC
 385 0427 7EE89572 		.ascii	"~\350\225r\012\313o\207\210\247\344\210\255R\304G\227"
 385      0ACB6F87 
 385      88A7E488 
 385      AD52C447 
 385      97
ARM GAS  C:\Users\8FEE~1\AppData\Local\Temp\ccbfyxNZ.s 			page 30


 386 0438 EB5E52E1 		.ascii	"\353^R\341\375\024\033\004\223\371\177\353@\334}'!M"
 386      FD141B04 
 386      93F97FEB 
 386      40DC7D27 
 386      214D
 387 044a 45D757C2 		.ascii	"E\327W\302\017S\204\235\364>\267\2635Z+\224\223\316"
 387      0F53849D 
 387      F43EB7B3 
 387      355A2B94 
 387      93CE
 388 045c D4EEEE86 		.ascii	"\324\356\356\206\037\265\310[;E\245\235\3445\311\313"
 388      1FB5C85B 
 388      3B45A59D 
 388      E435C9CB 
 389 046c 1BFFF576 		.ascii	"\033\377\365v\247\267\336\336\223\274i\374\346T\267"
 389      A7B7DEDE 
 389      93BC69FC 
 389      E654B7
 390 047b 685144E8 		.ascii	"hQD\3506\322\2423r\370\013\010\277\226\343\314Z`W\233"
 390      36D2A233 
 390      72F80B08 
 390      BF96E3CC 
 390      5A60579B 
 391 048f A2980EF0 		.ascii	"\242\230\016\360\230Y\332\332\227:\311\276\324\205T"
 391      9859DADA 
 391      973AC9BE 
 391      D48554
 392 049e F4CD015B 		.ascii	"\364\315\001[\215\026u@O\001\331\203&) \273IDn\003\231"
 392      8D167540 
 392      4F01D983 
 392      262920BB 
 392      49446E03 
 393 04b3 80A23857 		.ascii	"\200\2428W\305\241\243\360\260\012\247\357.\244\357"
 393      C5A1A3F0 
 393      B00AA7EF 
 393      2EA4EF
 394 04c2 2258E305 		.ascii	"\"X\343\005\325\007\367\227\220\027\352E^d\015o\303"
 394      D507F797 
 394      9017EA45 
 394      5E640D6F 
 394      C3
 395 04d3 80955D19 		.ascii	"\200\225]\031\036\0111b\335\014t\031\342T\203\216\213"
 395      1E093162 
 395      DD0C7419 
 395      E254838E 
 395      8B
 396 04e4 0A7098B7 		.ascii	"\012p\230\267\034)\206-\374#\314\3016\376x\372\324\341"
 396      1C29862D 
 396      FC23CCC1 
 396      36FE78FA 
 396      D4E1
 397 04f6 68317906 		.ascii	"h1y\006Y\262\273\2319[\356\004\335\017\203\323\224v"
 397      59B2BB99 
 397      395BEE04 
 397      DD0F83D3 
 397      9476
 398 0508 A5BB45E1 		.ascii	"\245\273E\341\224\202\211r\263Q(\357\237\240\374\362"
ARM GAS  C:\Users\8FEE~1\AppData\Local\Temp\ccbfyxNZ.s 			page 31


 398      94828972 
 398      B35128EF 
 398      9FA0FCF2 
 399 0518 04E5AB30 		.ascii	"\004\345\2530\263\032xx\0143\033\0026\203\224\031\207"
 399      B31A7878 
 399      0C331B02 
 399      36839419 
 399      87
 400 0529 06644A78 		.ascii	"\006dJx\017\331\342\236 b\311W\221;\252\005J\330\316"
 400      0FD9E29E 
 400      2062C957 
 400      913BAA05 
 400      4AD8CE
 401 053c EC289352 		.ascii	"\354(\223R*\226\036s\022(\272\002\001$\\J\277f\213;"
 401      2A961E73 
 401      1228BA02 
 401      01245C4A 
 401      BF668B3B 
 402 0550 A13F3891 		.ascii	"\241?8\221~<\203\361T\241k\212@\034\016/m\020\326\263"
 402      7E3C83F1 
 402      54A16B8A 
 402      401C0E2F 
 402      6D10D6B3 
 403 0564 7B0742DC 		.ascii	"{\007B\334`\341n\301\375M\310\356\365\011\331mNs\247"
 403      60E16EC1 
 403      FD4DC8EE 
 403      F509D96D 
 403      4E73A7
 404 0577 D5C3B3F0 		.ascii	"\325\303\263\360$H\271\361_T\217\373\005\360\266\227"
 404      2448B9F1 
 404      5F548FFB 
 404      05F0B697 
 405 0587 52C4CA15 		.ascii	"R\304\312\025\002Y\322\015V\261\025\265\273\237J\305"
 405      0259D20D 
 405      56B115B5 
 405      BB9F4AC5 
 406 0597 DFB0593B 		.ascii	"\337\260Y;\345B@\347!\242\274\026(\304\3514\262\267"
 406      E54240E7 
 406      21A2BC16 
 406      28C4E934 
 406      B2B7
 407 05a9 E3249D95 		.ascii	"\343$\235\225\027\024\006\224,\206^\306\006\303`pN6"
 407      17140694 
 407      2C865EC6 
 407      06C36070 
 407      4E36
 408 05bb 182406D6 		.ascii	"\030$\006\326\212\245\234\004V\352U\233\356\225r\027"
 408      8AA59C04 
 408      56EA559B 
 408      EE957217 
 409 05cb EF20783D 		.ascii	"\357 x=\035\221\001/\022@\374R8z\375gG\225\264\010\351"
 409      1D91012F 
 409      1240FC52 
 409      387AFD67 
 409      4795B408 
 410 05e0 1672B8E2 		.ascii	"\026r\270\342\310T\233g\212\373d\355\336C\354P1t6\266"
 410      C8549B67 
ARM GAS  C:\Users\8FEE~1\AppData\Local\Temp\ccbfyxNZ.s 			page 32


 410      8AFB64ED 
 410      DE43EC50 
 410      317436B6 
 411 05f4 4D653E54 		.ascii	"Me>T\374\246w\267(\302\036)\252\260\035*\222\003\026"
 411      FCA677B7 
 411      28C21E29 
 411      AAB01D2A 
 411      920316
 412 0607 599E2A46 		.ascii	"Y\236*F\310\251\242\274k4C#\034\243;T\374\236\335\005"
 412      C8A9A2BC 
 412      6B344323 
 412      1CA33B54 
 412      FC9EDD05 
 413 061b F684CB65 		.ascii	"\366\204\313e3\227\275\365Y^fzc\364\025\177-;5\227\267"
 413      3397BDF5 
 413      595E667A 
 413      63F4157F 
 413      2D3B3597 
 414 0630 49F02121 		.ascii	"I\360!!\370@\"\370\260\242c\235+#xq*T\033v4\330\303"
 414      F84022F8 
 414      B0A2639D 
 414      2B237871 
 414      2A541B76 
 415 0647 C10A8DCA 		.ascii	"\301\012\215\312\364F-\351=\"\364\272\307\363z\234\205"
 415      F4462DE9 
 415      3D22F4BA 
 415      C7F37A9C 
 415      85
 416 0658 664A6FB4 		.ascii	"fJo\264\363\316\030\317\220\252^6#a\241\217e\244\307"
 416      F3CE18CF 
 416      90AA5E36 
 416      2361A18F 
 416      65A4C7
 417 066b 9648E304 		.ascii	"\226H\343\004i{\365\346\036'\3414E\212\035\353]\353"
 417      697BF5E6 
 417      1E27E134 
 417      458A1DEB 
 417      5DEB
 418 067d C0901ABC 		.ascii	"\300\220\032\274\315Hx\366<\221\221\236X\"\211<FZ\335"
 418      CD4878F6 
 418      3C91919E 
 418      5822893C 
 418      465ADD
 419 0690 32705D10 		.ascii	"2p]\020\006(R\366\372\366D\304\220\036L\237\200\024"
 419      062852F6 
 419      FAF644C4 
 419      901E4C9F 
 419      8014
 420 06a2 C59B91E0 		.ascii	"\305\233\221\340v\"R4A\212o\213\256q\024\306(\322\216"
 420      76225234 
 420      418A6F8B 
 420      AE7114C6 
 420      28D28E
 421 06b5 9AC156D5 		.ascii	"\232\301V\325$\345>cm\215r\023\326\020>q\024\\\210r"
 421      24E53E63 
 421      6D8D7213 
 421      D6103E71 
ARM GAS  C:\Users\8FEE~1\AppData\Local\Temp\ccbfyxNZ.s 			page 33


 421      145C8872 
 422 06c9 D12A96C0 		.ascii	"\321*\226\300\012^\271}\305\362Zf\230s7mLK*\011c\254"
 422      0A5EB97D 
 422      C5F25A66 
 422      9873376D 
 422      4C4B2A09 
 423 06df B84D511D 		.ascii	"\270MQ\035\273T\346\367\327J\236\014n\255\037,@\346"
 423      BB54E6F7 
 423      D74A9E0C 
 423      6EAD1F2C 
 423      40E6
 424 06f1 92FF4007 		.ascii	"\222\377@\0073\356w\375d\273\344?\362\270\344\253xV"
 424      33EE77FD 
 424      64BBE43F 
 424      F2B8E4AB 
 424      7856
 425 0703 F2C18AEA 		.ascii	"\362\301\212\352mRR\256\372\230\223\002V(FNJ\214eR\342"
 425      6D5252AE 
 425      FA989302 
 425      5628464E 
 425      4A8C6552 
 426 0718 4852C4A1 		.ascii	"HR\304\241;\033\234\2045v$)\367*\216f\330\001R\017y"
 426      3B1B9C84 
 426      35762429 
 426      F72A8E66 
 426      D801520F 
 427 072d 19CFC92B 		.ascii	"\031\317\311+\356\023Wi\310\271\032\255\226\221Vc$|"
 427      EE135769 
 427      C8B91AAD 
 427      96915663 
 427      247C
 428 073f B3862094 		.ascii	"\263\206 \224&Fg\270\010)\024\341l\346@\274\023Cx\360"
 428      264667B8 
 428      082914E1 
 428      6CE640BC 
 428      134378F0 
 429 0753 7A8A5845 		.ascii	"z\212XE'\314Z\331{\255\344\275\216x\247m\215\376\225"
 429      27CC5AD9 
 429      7BADE4BD 
 429      8E78A76D 
 429      8DFE95
 430 0766 B0833AC7 		.ascii	"\260\203:\307\325_\275\356\314\234\253\246\233\235\327"
 430      D55FBDEE 
 430      CC9CABA6 
 430      9B9DD7
 431 0775 CBCEEB25 		.ascii	"\313\316\353%\347x\342\\\260\353n\237\223\260\207z\267"
 431      E778E25C 
 431      B0EB6E9F 
 431      93B0877A 
 431      B7
 432 0786 26F61423 		.ascii	"&\366\024#\346\335@\275\361\274\330 {o\220\2747R\357"
 432      E6DD40BD 
 432      F1BCD820 
 432      7B6F90BC 
 432      3752EF
 433 0799 BAD42247 		.ascii	"\272\324\"G\241\221z\337i)\274\352\312\274\333d\357"
 433      A1917ADF 
ARM GAS  C:\Users\8FEE~1\AppData\Local\Temp\ccbfyxNZ.s 			page 34


 433      6929BCEA 
 433      CABCDB64 
 433      EF
 434 07aa 04D93B41 		.ascii	"\004\331;A\362N$\336\335\243\035]Z\345L(\234p*\370\211"
 434      F24E24DE 
 434      DDA31D5D 
 434      5AE54C28 
 434      9C702AF8 
 435 07bf 9776427C 		.ascii	"\227vB|\213\305\355;\331\245\262y\246L\342\331\231"
 435      8BC5ED3B 
 435      D9A5B279 
 435      A64CE2D9 
 435      99
 436 07d0 720639BF 		.ascii	"r\0069\277\265\217\036z\240\025.\021j\252\236\254\241"
 436      B58F1E7A 
 436      A0152E11 
 436      6AAA9EAC 
 436      A1
 437 07e1 6BF6C8DB 		.ascii	"k\366\310\333\003!\015\264\034\351\243\211C\251\274"
 437      03210DB4 
 437      1CE9A389 
 437      43A9BC
 438 07f0 066D62AC 		.ascii	"\006mb\254\340J\025\001\375\366\277\3610=,\336\336&"
 438      E04A1501 
 438      FDF6BFF1 
 438      303D2CDE 
 438      DE26
 439 0802 2A4EE2C9 		.ascii	"*N\342\311\2747y\304\241\315\274\007J\341=\300AMF \340"
 439      BC3779C4 
 439      A1CDBC07 
 439      4AE13DC0 
 439      414D4620 
 440 0817 9A1BADC9 		.ascii	"\232\033\255\311Zw\363{\015\021ly\306\245\361\356\022"
 440      5A77F37B 
 440      0D116C79 
 440      C6A5F1EE 
 440      12
 441 0828 49D2C11F 		.ascii	"I\322\301\037,\017\013\313\330\361\332\036\272#E\231"
 441      2C0F0BCB 
 441      D8F1DA1E 
 441      BA234599 
 442 0838 CDCE36E5 		.ascii	"\315\3166\345\245K\362\266\360D\337\335\270\330\021"
 442      A54BF2B6 
 442      F044DFDD 
 442      B8D811
 443 0847 F645E580 		.ascii	"\366E\345\200\317j\375i\353\264\364h>\007\272\347[\012"
 443      CF6AFD69 
 443      EBB4F468 
 443      3E07BAE7 
 443      5B0A
 444 0859 6A9C2DC9 		.ascii	"j\234-\311d\002\351\014\036\203m%d\322)\231\255\204"
 444      6402E90C 
 444      1E836D25 
 444      64D22999 
 444      AD84
 445 086b CCC69307 		.ascii	"\314\306\223\007\312ye1\356O(\3066\272,\361/\246\032"
 445      CA796531 
ARM GAS  C:\Users\8FEE~1\AppData\Local\Temp\ccbfyxNZ.s 			page 35


 445      EE4F28C6 
 445      36BA2CF1 
 445      2FA61A
 446 087e D373D241 		.ascii	"\323s\322A\030\244uO\177\274\357'<a+a\361\014T\010\347"
 446      18A4754F 
 446      7FBCEF27 
 446      3C612B61 
 446      F10C5408 
 447 0893 D737AE11 		.ascii	"\3277\256\0213\243\304\271\264\236Yr\371\263,\327\317"
 447      33A3C4B9 
 447      B49E5972 
 447      F9B32CD7 
 447      CF
 448 08a4 76320DD6 		.ascii	"v2\015\326\304\356\214r\0202\354\011X}bN\242\226\201"
 448      C4EE8C72 
 448      1032EC09 
 448      587D624E 
 448      A29681
 449 08b7 35360937 		.ascii	"56\0117\363W\212-\242\230\371!]B\3312X\266%X\016\001"
 449      F3578A2D 
 449      A298F921 
 449      5D42D932 
 449      58B62558 
 450 08cd CB19195D 		.ascii	"\313\031\031]\355\"\234\242`\261\217\207z\\\030\330"
 450      ED229CA2 
 450      60B18F87 
 450      7A5C18D8 
 451 08dd F0796167 		.ascii	"\360yagi\237(\202\302\025\360\001\205\321v\310h;,\321"
 451      699F2882 
 451      C215F001 
 451      85D176C8 
 451      683B2CD1 
 452 08f1 72095A47 		.ascii	"r\011ZG\177U\210\260\311\201\200\355,L/v\021\262igu"
 452      7F5588B0 
 452      C98180ED 
 452      2C4C2F76 
 452      11B26967 
 453 0906 D5D134FC 		.ascii	"\325\3214\374\342A;\311\344\301G\371\261n7\262\007\265"
 453      E2413BC9 
 453      E4C147F9 
 453      B16E37B2 
 453      07B5
 454 0918 9A0FD6D5 		.ascii	"\232\017\326\325\305\371\217]l\177j\223-\250@\332\202"
 454      C5F98F5D 
 454      6C7F6A93 
 454      2DA840DA 
 454      82
 455 0929 FA372715 		.ascii	"\3727'\025KY\354\276)\254\313\353\242Y\254\343\261%"
 455      4B59ECBE 
 455      29ACCBEB 
 455      A259ACE3 
 455      B125
 456 093b CA93B8A2 		.ascii	"\312\223\270\242|^\205{\026_\334\204\356\331\235\275"
 456      7C5E857B 
 456      165FDC84 
 456      EED99DBD 
 457 094b 97ED85DB 		.ascii	"\227\355\205\333\224\342\356\375\311%\316rYnN,K\221"
ARM GAS  C:\Users\8FEE~1\AppData\Local\Temp\ccbfyxNZ.s 			page 36


 457      94E2EEFD 
 457      C925CE72 
 457      596E4E2C 
 457      4B91
 458 095d ACBDC812 		.ascii	"\254\275\310\022\254\230\200\265\334,_\343$\214S\260"
 458      AC9880B5 
 458      DC2C5FE3 
 458      248C53B0 
 459 096d DC15EB9E 		.ascii	"\334\025\353\236\330\313e\211+\234P\226\022\031\254"
 459      D8CB6589 
 459      2B9C5096 
 459      1219AC
 460 097c C4126C37 		.ascii	"\304\022l7\001\353\311\030Hp\026\342\324\004\254\261"
 460      01EBC918 
 460      487016E2 
 460      D404ACB1 
 461 098c 22ABDD4E 		.ascii	"\"\253\335N.\3139\213\262\224\312h\245\226h{\010Z\334"
 461      2ECB398B 
 461      B294CA68 
 461      A596687B 
 461      085ADC
 462 099f C97DA2AB 		.ascii	"\311}\242\253\220D\321\362\367e\227!\272\020\034qe\216"
 462      9044D1F2 
 462      F7659721 
 462      BA101C71 
 462      658E
 463 09b1 EDAD11E8 		.ascii	"\355\255\021\350B\250#/\207\246\341$\215\260\235\332"
 463      42A8232F 
 463      87A6E124 
 463      8DB09DDA 
 464 09c1 9ECF3A9D 		.ascii	"\236\317:\235\206l.\261\003\322\022\253\242\237\200"
 464      866C2EB1 
 464      03D212AB 
 464      A29F80
 465 09d0 499B5B1F 		.ascii	"I\233[\037j,\027\321~XD\373\310\"*#\213\2108\221\263"
 465      6A2C17D1 
 465      7E5844FB 
 465      C8222A23 
 465      8B883891 
 466 09e5 48D3D6CD 		.ascii	"H\323\326\315\216\032\266k\254z\346\256\201\023rr}\210"
 466      8E1AB66B 
 466      AC7AE6AE 
 466      81137272 
 466      7D88
 467 09f7 12BAFC59 		.ascii	"\022\272\374Y\320\303\361\217F\354^\315\022[*anT\275"
 467      D0C3F18F 
 467      46EC5ECD 
 467      125B2A61 
 467      6E54BD
 468 0a0a 51125D29 		.ascii	"Q\022])\306\314E\007yw\3643\344\012\016\036\012\327"
 468      C6CC4507 
 468      7977F433 
 468      E40A0E1E 
 468      0AD7
 469 0a1c BD30B210 		.ascii	"\2750\262\020&\346!\376U\034&'\341\214\223PH\325wl\275"
 469      26E621FE 
 469      551C2627 
ARM GAS  C:\Users\8FEE~1\AppData\Local\Temp\ccbfyxNZ.s 			page 37


 469      E18C9350 
 469      48D5776C 
 470 0a31 3CAAB1A9 		.ascii	"<\252\261\251\376\260\244>\2032\274\222\333R\303[\252"
 470      FEB0A43E 
 470      8332BC92 
 470      DB52C35B 
 470      AA
 471 0a42 974FC995 		.ascii	"\227O\311\225\204\342a\211bC\243x\306\301R\220M\353"
 471      84E26189 
 471      6243A378 
 471      C6C15290 
 471      4DEB
 472 0a54 C37B2AE2 		.ascii	"\303{*\342\\\231\240\266\227\2432+\243<\321\021&\007"
 472      5C99A0B6 
 472      97A3322B 
 472      A33CD111 
 472      2607
 473 0a66 4E3F0AC7 		.ascii	"N?\012\307\012&\247\212\310)\356\272\323\351\"\224S"
 473      0A26A78A 
 473      C829EEBA 
 473      D3E92294 
 473      53
 474 0a77 39AB6ABB 		.ascii	"9\253j\273\332Y\341\237\303\357\242\246\332\013\254"
 474      DA59E19F 
 474      C3EFA2A6 
 474      DA0BAC
 475 0a86 F0AB90E2 		.ascii	"\360\253\220\342\377\275\334\351\377{\225\344\214_p"
 475      FFBDDCE9 
 475      FF7B95E4 
 475      8C5F70
 476 0a95 B129BE56 		.ascii	"\261)\276V\022_C\305\267\025\235\217w\264\024\177\014"
 476      125F43C5 
 476      B7159D8F 
 476      77B4147F 
 476      0C
 477 0aa6 925C4D92 		.ascii	"\222\\M\222\\G\344\324Jr\356\035^w\317\336R\274M\353"
 477      5C47E4D4 
 477      4A72EE1D 
 477      5E77CFDE 
 477      52BC4DEB 
 478 0aba 07ED837D 		.ascii	"\007\355\203}NL\3749o*\276\236\211\207\003\233\302\361"
 478      4E4CFC39 
 478      6F2ABE9E 
 478      8987039B 
 478      C2F1
 479 0acc 2813DF40 		.ascii	"(\023\337@\304\037\333\237\270I+\324S\361%=\217\016"
 479      C41FDB9F 
 479      B8492BD4 
 479      53F1253D 
 479      8F0E
 480 0ade AAA83ABC 		.ascii	"\252\250:\274{\017W\347\016\273R\361\361X|NE\303\210"
 480      7B0F57E7 
 480      0EBB52F1 
 480      F1587C4E 
 480      45C388
 481 0af1 ED52374B 		.ascii	"\355R7Kj\253\251\332\221\206-\371O\275-\232\200\306"
 481      6AABA9DA 
ARM GAS  C:\Users\8FEE~1\AppData\Local\Temp\ccbfyxNZ.s 			page 38


 481      91862DF9 
 481      4FBD2D9A 
 481      80C6
 482 0b03 7142E304 		.ascii	"qB\343\004\341\337,\361/\211?:\325R\254M\343\316\215"
 482      E1DF2CF1 
 482      2F893F3A 
 482      D552AC4D 
 482      E3CE8D
 483 0b16 2B0A5C98 		.ascii	"+\012\\\230\330\2067\250\330\026&\026\316\224\012\307"
 483      D88637A8 
 483      D8162616 
 483      CE940AC7 
 484 0b26 4626B695 		.ascii	"F&\266\225\210-\332u\243\317N\371:\2726\341#\267\215"
 484      882DDA75 
 484      A3CF4EF9 
 484      3ABA36E1 
 484      23B78D
 485 0b39 BD8EDAC8 		.ascii	"\275\216\332\310\353ho\362\231\375N\356\212OJ|\244\264"
 485      EB686FF2 
 485      99FD4EEE 
 485      8A4F4A7C 
 485      A4B4
 486 0b4b FE49894E 		.ascii	"\376I\211N\222\267]i\364x\245\213\320Asy\367\300\312"
 486      92B75D69 
 486      F478A58B 
 486      D0417379 
 486      F7C0CA
 487 0b5e 07EC3D3C 		.ascii	"\007\354=<\011\277\202\242\327\356`\257\322d\234\313"
 487      09BF82A2 
 487      D7EE60AF 
 487      D2649CCB 
 488 0b6e 2BBBAACB 		.ascii	"+\273\252\313l\317\234\016)\227\307i.\223N\237[\377"
 488      6CCF9C0E 
 488      2997C769 
 488      2E934E9F 
 488      5BFF
 489 0b80 D4B2390D 		.ascii	"\324\2629\015*\333\211\3123$=\035RzN\265_\313u\265L"
 489      2ADB89CA 
 489      33243D1D 
 489      527A4EB5 
 489      5FCB75B5 
 490 0b95 A64DEB82 		.ascii	"\246M\353\202\262K\247\315\313\306\227&\363,K&\234E"
 490      B24BA7CD 
 490      CBC69726 
 490      F32C4B26 
 490      9C45
 491 0ba7 158EA758 		.ascii	"\025\216\247X2\317\361\257r\016\206\357M\376\341\241"
 491      32CFF1AF 
 491      720E86EF 
 491      4DFEE1A1 
 492 0bb7 26F59F3F 		.ascii	"&\365\237?\376\302s\236\237\037\367\272\217\217/\375"
 492      FEC2739E 
 492      9F1FF7BA 
 492      8F8F2FFD 
 493 0bc7 A75F141A 		.ascii	"\247_\024\032\034\032a\364\233\375\266o\204\321wQP\230"
 493      1C1A61F4 
 493      9BFDB66F 
ARM GAS  C:\Users\8FEE~1\AppData\Local\Temp\ccbfyxNZ.s 			page 39


 493      84D17751 
 493      5098
 494 0bd9 AF31528F 		.ascii	"\2571R\217\177u\340\343\243\347\234\341\347\223\340"
 494      7F75E0E3 
 494      A3E79CE1 
 494      E793E0
 495 0be8 7F1AF404 		.ascii	"\177\032\364\004\300\316h\0122\0314\363\377\266P\367"
 495      C0CE680A 
 495      321934F3 
 495      FFB650F7 
 496 0bf8 DEBC85FE 		.ascii	"\336\274\205\376_\316W\343\333\200\205\237|J\306\276"
 496      5FCE57E3 
 496      DB80859F 
 496      7C4AC6BE 
 497 0c08 F8D8FF63 		.ascii	"\370\330\377c\377\205o>\003<4\\\037\2664\304`\016\260"
 497      FF856F3E 
 497      033C345C 
 497      1FB634C4 
 497      600EB0
 498 0c1b 88D3C00F 		.ascii	"\210\323\300\017A\325\231\034\001\343\203\310\320e\206"
 498      41D5991C 
 498      01E383C8 
 498      D06586
 499 0c2a 487B7D44 		.ascii	"H{}D\370W\241_\253\365\213\202\302\303\015aF\325\342"
 499      F857A15F 
 499      ABF58B82 
 499      C2C30D61 
 499      46D5E2
 500 0c3d 88108346 		.ascii	"\210\020\203F\247[\032\032n\2325Sg\372W\310\357\003"
 500      A75B1A1A 
 500      6E9A3553 
 500      67FA57C8 
 500      EF03
 501 0c4f 09B8D1B4 		.ascii	"\011\270\321\2644$4B\267$\322\260,\324\360\235\337;"
 501      34243442 
 501      B724D2B0 
 501      2CD4F09D 
 501      DF3B
 502 0c61 CAD14053 		.ascii	"\312\321@SDD\2301\360\353\360\245\236\344\3163(r\261"
 502      44449831 
 502      F0EBF0A5 
 502      9EE4CE33 
 502      2872B1
 503 0c74 A76171B0 		.ascii	"\247aq\260!$\304\020\022\370\266\317,\317\2313\374f"
 503      2124C410 
 503      12F8B6CF 
 503      2CCF9933 
 503      FC66
 504 0c86 7FEB1708 		.ascii	"\177\353\027\010\343o\206G\204\033\3364\004\005\207"
 504      E36F8647 
 504      841BDE34 
 504      040587
 505 0c95 06328A81 		.ascii	"\0062\212\201\213\203\000+\334\020\250\0131|\025\264"
 505      8B83002B 
 505      DC10A80B 
 505      317C15B4 
 506 0ca5 34CCA433 		.ascii	"4\314\2443-_b0\002c\265\304\342\333\377\003\013\343"
ARM GAS  C:\Users\8FEE~1\AppData\Local\Temp\ccbfyxNZ.s 			page 40


 506      2D5F6230 
 506      0263B5C4 
 506      E2DBFF03 
 506      0BE3
 507 0cb7 7263A0CE 		.ascii	"rc\240\316h\012\201\220\020\232\327\007k\015\337/ai"
 507      680A8190 
 507      109AD707 
 507      6B0DDF2F 
 507      6169
 508 0cc9 D199E63E 		.ascii	"\321\231\346>#\325K\"\"MF\337\200\205\013f\315\364\375"
 508      23D54B22 
 508      224D46DF 
 508      80850B66 
 508      CDF4FD
 509 0cdc E8A30F7C 		.ascii	"\350\243\017|!\271\376\313\374\244\314\353\302\302B"
 509      21B9FECB 
 509      FCA4CCEB 
 509      C2C242
 510 0ceb 00109757 		.ascii	"\000\020\227W\037\024\026\026\034\244\377Fgr\003\233"
 510      1F141616 
 510      1CA4FF46 
 510      6772039B 
 511 0cfb 79147B1E 		.ascii	"y\024{\036)\000\256\010\275S\203a\200)(\322\344@n\""
 511      2900AE08 
 511      BD538361 
 511      802928D2 
 511      E4406E22 
 512 0d0f 96B8C12F 		.ascii	"\226\270\301/\263\235\037\036\024\034fxN\036\370 \324"
 512      B39D1F1E 
 512      141C6678 
 512      4E1EF820 
 512      D4
 513 0d20 8847DCB1 		.ascii	"\210G\334\261\251A\032\\\000%\364\327\262\320\272P\230"
 513      A9411A5C 
 513      0025F4D7 
 513      B2D0BA50 
 513      98
 514 0d31 4DCE52C7 		.ascii	"M\316R\307\210\201\265r/b\311\013RG\222j 1^\264\034"
 514      8881B572 
 514      2F62C90B 
 514      5247926A 
 514      20315EB4 
 515 0d46 0EA19154 		.ascii	"\016\241\221T\320\217t\2120\006\205\005,7~\024\241\377"
 515      D08F748A 
 515      30068505 
 515      2C377E14 
 515      A1FF
 516 0d58 66FA3312 		.ascii	"f\3723\022\203\315|#M\344\027R\340\250_\364\013N`+\315"
 516      83CD7C23 
 516      4DE41752 
 516      E0A85FF4 
 516      0B4E602B 
 517 0d6d 5BFD2228 		.ascii	"[\375\"(\010v\302\331\325\205\201\323\034\033N\372\210"
 517      0876C2D9 
 517      D58581D3 
 517      1C1B4EFA 
 517      88
ARM GAS  C:\Users\8FEE~1\AppData\Local\Temp\ccbfyxNZ.s 			page 41


 518 0d7e C58B23C2 		.ascii	"\305\213#\302Y\025\336\373|\301\274\005\337\203\205"
 518      5915DEFB 
 518      7CC1BC05 
 518      DF8385
 519 0d8d 3E22D2A0 		.ascii	">\"\322\240[6{1N\275Ng4\230t\357\277\0270\377\323\317"
 519      5B367B31 
 519      4EBD4E67 
 519      349874EF 
 519      BF1730FF 
 520 0da3 FD9D83C2 		.ascii	"\375\235\203\302\276\013Zn\204\274\204\301\244\373\303"
 520      BE0B5A6E 
 520      84BC84C1 
 520      A4FBC3
 521 0db2 B341210B 		.ascii	"\263A!\013\276\363\026\004\370\007\310\274\026\033C"
 521      BEF31604 
 521      F807C8BC 
 521      161B43
 522 0dc1 8DBAAFF5 		.ascii	"\215\272\257\365z\014\314\362\360E8\346\347D\344\261"
 522      7A0CCCF2 
 522      F04538E6 
 522      E744E4B1 
 523 0dd1 7BC27A29 		.ascii	"{\302z)\271\207\360_-\015\327\353t>\263\337\231\371"
 523      B987F05F 
 523      2D0DD7EB 
 523      743EB3DF 
 523      99F9
 524 0de3 8E5AEA29 		.ascii	"\216Z\352)\207g\315\232\320\233\243\354\2755\341\331"
 524      8767CD9A 
 524      D09BA3EC 
 524      BD35E1D9 
 525 0df3 EF66FC07 		.ascii	"\357f\374\007\374\346G8"
 525      FCE64738 
 526              		.text
 527              		.section	.gnu.lto_.symtab.9550f8f5,"",%progbits
 528 0000 65787449 		.ascii	"extInit\000"
 528      6E697400 
 529 0008 00       		.ascii	"\000"
 530 0009 00       		.ascii	"\000"
 531 000a 00       		.ascii	"\000"
 532 000b 00000000 		.ascii	"\000\000\000\000\000\000\000\000"
 532      00000000 
 533 0013 AE000000 		.ascii	"\256\000\000\000"
 534 0017 6578744F 		.ascii	"extObjectInit\000"
 534      626A6563 
 534      74496E69 
 534      7400
 535 0025 00       		.ascii	"\000"
 536 0026 00       		.ascii	"\000"
 537 0027 00       		.ascii	"\000"
 538 0028 00000000 		.ascii	"\000\000\000\000\000\000\000\000"
 538      00000000 
 539 0030 F7000000 		.ascii	"\367\000\000\000"
 540 0034 65787453 		.ascii	"extStart\000"
 540      74617274 
 540      00
 541 003d 00       		.ascii	"\000"
 542 003e 00       		.ascii	"\000"
ARM GAS  C:\Users\8FEE~1\AppData\Local\Temp\ccbfyxNZ.s 			page 42


 543 003f 00       		.ascii	"\000"
 544 0040 00000000 		.ascii	"\000\000\000\000\000\000\000\000"
 544      00000000 
 545 0048 FC000000 		.ascii	"\374\000\000\000"
 546 004c 65787453 		.ascii	"extStop\000"
 546      746F7000 
 547 0054 00       		.ascii	"\000"
 548 0055 00       		.ascii	"\000"
 549 0056 00       		.ascii	"\000"
 550 0057 00000000 		.ascii	"\000\000\000\000\000\000\000\000"
 550      00000000 
 551 005f FE000000 		.ascii	"\376\000\000\000"
 552 0063 65787443 		.ascii	"extChannelEnable\000"
 552      68616E6E 
 552      656C456E 
 552      61626C65 
 552      00
 553 0074 00       		.ascii	"\000"
 554 0075 00       		.ascii	"\000"
 555 0076 00       		.ascii	"\000"
 556 0077 00000000 		.ascii	"\000\000\000\000\000\000\000\000"
 556      00000000 
 557 007f 00010000 		.ascii	"\000\001\000\000"
 558 0083 65787443 		.ascii	"extChannelDisable\000"
 558      68616E6E 
 558      656C4469 
 558      7361626C 
 558      6500
 559 0095 00       		.ascii	"\000"
 560 0096 00       		.ascii	"\000"
 561 0097 00       		.ascii	"\000"
 562 0098 00000000 		.ascii	"\000\000\000\000\000\000\000\000"
 562      00000000 
 563 00a0 02010000 		.ascii	"\002\001\000\000"
 564 00a4 65787453 		.ascii	"extSetChannelModeI\000"
 564      65744368 
 564      616E6E65 
 564      6C4D6F64 
 564      654900
 565 00b7 00       		.ascii	"\000"
 566 00b8 00       		.ascii	"\000"
 567 00b9 00       		.ascii	"\000"
 568 00ba 00000000 		.ascii	"\000\000\000\000\000\000\000\000"
 568      00000000 
 569 00c2 0A010000 		.ascii	"\012\001\000\000"
 570 00c6 6578745F 		.ascii	"ext_lld_init\000"
 570      6C6C645F 
 570      696E6974 
 570      00
 571 00d3 00       		.ascii	"\000"
 572 00d4 02       		.ascii	"\002"
 573 00d5 00       		.ascii	"\000"
 574 00d6 00000000 		.ascii	"\000\000\000\000\000\000\000\000"
 574      00000000 
 575 00de 0C010000 		.ascii	"\014\001\000\000"
 576 00e2 6578745F 		.ascii	"ext_lld_start\000"
 576      6C6C645F 
ARM GAS  C:\Users\8FEE~1\AppData\Local\Temp\ccbfyxNZ.s 			page 43


 576      73746172 
 576      7400
 577 00f0 00       		.ascii	"\000"
 578 00f1 02       		.ascii	"\002"
 579 00f2 00       		.ascii	"\000"
 580 00f3 00000000 		.ascii	"\000\000\000\000\000\000\000\000"
 580      00000000 
 581 00fb 0E010000 		.ascii	"\016\001\000\000"
 582 00ff 6578745F 		.ascii	"ext_lld_stop\000"
 582      6C6C645F 
 582      73746F70 
 582      00
 583 010c 00       		.ascii	"\000"
 584 010d 02       		.ascii	"\002"
 585 010e 00       		.ascii	"\000"
 586 010f 00000000 		.ascii	"\000\000\000\000\000\000\000\000"
 586      00000000 
 587 0117 10010000 		.ascii	"\020\001\000\000"
 588 011b 6578745F 		.ascii	"ext_lld_channel_enable\000"
 588      6C6C645F 
 588      6368616E 
 588      6E656C5F 
 588      656E6162 
 589 0132 00       		.ascii	"\000"
 590 0133 02       		.ascii	"\002"
 591 0134 00       		.ascii	"\000"
 592 0135 00000000 		.ascii	"\000\000\000\000\000\000\000\000"
 592      00000000 
 593 013d 12010000 		.ascii	"\022\001\000\000"
 594 0141 6578745F 		.ascii	"ext_lld_channel_disable\000"
 594      6C6C645F 
 594      6368616E 
 594      6E656C5F 
 594      64697361 
 595 0159 00       		.ascii	"\000"
 596 015a 02       		.ascii	"\002"
 597 015b 00       		.ascii	"\000"
 598 015c 00000000 		.ascii	"\000\000\000\000\000\000\000\000"
 598      00000000 
 599 0164 14010000 		.ascii	"\024\001\000\000"
 600              		.text
 601              		.section	.gnu.lto_.opts,"",%progbits
 602 0000 272D666D 		.ascii	"'-fmath-errno' '-fsigned-zeros' '-ftrapping-math' '"
 602      6174682D 
 602      6572726E 
 602      6F272027 
 602      2D667369 
 603 0033 2D666E6F 		.ascii	"-fno-trapv' '-fno-openmp' '-fno-openacc' '-mcpu=cor"
 603      2D747261 
 603      70762720 
 603      272D666E 
 603      6F2D6F70 
 604 0066 7465782D 		.ascii	"tex-m7' '-mno-thumb-interwork' '-mthumb' '-ggdb' '-"
 604      6D372720 
 604      272D6D6E 
 604      6F2D7468 
 604      756D622D 
ARM GAS  C:\Users\8FEE~1\AppData\Local\Temp\ccbfyxNZ.s 			page 44


 605 0099 4F322720 		.ascii	"O2' '-fomit-frame-pointer' '-falign-functions=16' '"
 605      272D666F 
 605      6D69742D 
 605      6672616D 
 605      652D706F 
 606 00cc 2D666675 		.ascii	"-ffunction-sections' '-fdata-sections' '-fno-common"
 606      6E637469 
 606      6F6E2D73 
 606      65637469 
 606      6F6E7327 
 607 00ff 2720272D 		.ascii	"' '-flto'\000"
 607      666C746F 
 607      2700
 608              		.text
 609              		.comm	__gnu_lto_v1,1,1
 610              		.comm	__gnu_lto_slim,1,1
 611              		.ident	"GCC: (GNU Tools for ARM Embedded Processors 6-2017-q1-update) 6.3.1 20170215 (release) [AR
ARM GAS  C:\Users\8FEE~1\AppData\Local\Temp\ccbfyxNZ.s 			page 45


DEFINED SYMBOLS
                            *ABS*:00000000 hal_ext.c
                            *COM*:00000001 __gnu_lto_v1
                            *COM*:00000001 __gnu_lto_slim

NO UNDEFINED SYMBOLS
