ARM GAS  C:\Users\8FEE~1\AppData\Local\Temp\cc13nVcx.s 			page 1


   1              		.cpu cortex-m7
   2              		.eabi_attribute 20, 1
   3              		.eabi_attribute 21, 1
   4              		.eabi_attribute 23, 3
   5              		.eabi_attribute 24, 1
   6              		.eabi_attribute 25, 1
   7              		.eabi_attribute 26, 1
   8              		.eabi_attribute 30, 2
   9              		.eabi_attribute 34, 1
  10              		.eabi_attribute 18, 4
  11              		.file	"hal_st.c"
  12              		.text
  13              	.Ltext0:
  14              		.section	.gnu.lto_.profile.9550cb8c,"",%progbits
  15 0000 789C6365 		.ascii	"x\234ce`b`a```d\220\342\001\000\000\300\0003"
  15      60626061 
  15      60606064 
  15      90E20100 
  15      00C00033 
  16              		.text
  17              		.section	.gnu.lto_.icf.9550cb8c,"",%progbits
  18 0000 789C6365 		.ascii	"x\234ce`bP`@\000V\206\205??\354\345a|\177c\371J\026"
  18      60625060 
  18      40005686 
  18      853F3FEC 
  18      E5617C7F 
  19 0018 A67D171E 		.ascii	"\246}\027\036\254ga~\177\256\367/;\313\211\217\213\026"
  19      AC67617E 
  19      7FAEF72F 
  19      3BCB898F 
  19      8B16
  20 002a F0320000 		.ascii	"\3602\000\000\0217\020\034"
  20      1137101C 
  21              		.text
  22              		.section	.gnu.lto_.jmpfuncs.9550cb8c,"",%progbits
  23 0000 789C6365 		.ascii	"x\234ce`b\020c@\000V\020\301\010\004\365L\014\014\314"
  23      60621063 
  23      40005610 
  23      C10804F5 
  23      4C0C0CCC 
  24 0014 209A0528 		.ascii	" \232\005(\000\000\016\012\0011"
  24      00000E0A 
  24      0131
  25              		.text
  26              		.section	.gnu.lto_.inline.9550cb8c,"",%progbits
  27 0000 789C6365 		.ascii	"x\234ce`b\310g@\000V\006\006\026\036F\240 \003\003\333"
  27      6062C867 
  27      40005606 
  27      06161E46 
  27      A0200303 
  28 0015 027910C5 		.ascii	"\002y\020\305\300\310\005\"\030\330X\031\031\031\004"
  28      C0C80522 
  28      18D85819 
  28      191904
  29 0024 18191898 		.ascii	"\030\031\030\230\330>\350\301%\231\030X\230\201\312"
  29      D83EE8C1 
  29      25991858 
ARM GAS  C:\Users\8FEE~1\AppData\Local\Temp\cc13nVcx.s 			page 2


  29      9881CA
  30 0033 992EF0C3 		.ascii	"\231.\360\303\205\230ABP\245\310\342,\230J\031\000\312"
  30      85984142 
  30      50A5C8E2 
  30      2C984A19 
  30      00CA
  31 0045 39089E   		.ascii	"9\010\236"
  32              		.text
  33              		.section	.gnu.lto_.pureconst.9550cb8c,"",%progbits
  34 0000 789C6365 		.ascii	"x\234ce`b\340f```e\220`\224b\222b\226b\221\002\000\004"
  34      6062E066 
  34      60606065 
  34      90609462 
  34      92629662 
  35 0018 1000A2   		.ascii	"\020\000\242"
  36              		.text
  37              		.section	.gnu.lto_stInit.9550cb8c,"",%progbits
  38 0000 789C254D 		.ascii	"x\234%M\275\016\001a\020\334\371>?\227\210\007\020/"
  38      BD0E0161 
  38      10DCF93E 
  38      3F978807 
  38      102F
  39 0012 80E22E1A 		.ascii	"\200\342.\032\036G\270\206D\"q\372\373PH(hDT'\024\250"
  39      1E47B886 
  39      442271FA 
  39      FB504828 
  39      68445427 
  40 0028 4479DDC5 		.ascii	"Dy\335\305\003(\264T\012\015z\211\270\263\037\223\235"
  40      0328B454 
  40      0A0D7A89 
  40      B8B31F93 
  40      9D
  41 0039 CC667776 		.ascii	"\314fwv6N\202VDT`f\231\220\00419\022u\015\001\350F\031"
  41      364E8256 
  41      44546066 
  41      99900431 
  41      3912750D 
  42 0051 2057C0C5 		.ascii	" W\300\305X\316$\016\203\233/\362k\305\010f\257\214"
  42      58CE240E 
  42      839B2FF2 
  42      6BC50866 
  42      AF8C
  43 0063 DA04F024 		.ascii	"\332\004\360$\321\234\251\2015\362\304\266\353>\234"
  43      D19CA981 
  43      35F2C4B6 
  43      EB3E9C
  44 0072 A613B1FF 		.ascii	"\246\023\261\377\034\033$\300\272;!Pa4P\301e\211(\316"
  44      1C1B24C0 
  44      BA3B2150 
  44      613450C1 
  44      658928CE 
  45 0086 AB2153FF 		.ascii	"\253!S\377\030I\241U\336\321_\274\263\332\257C|\377"
  45      1849A155 
  45      DED15FBC 
  45      B3DAAF43 
  45      7CFF
  46 0098 714EBA1F 		.ascii	"qN\272\037ex\022s\311\011\330\302%\217\275O\364\026"
ARM GAS  C:\Users\8FEE~1\AppData\Local\Temp\cc13nVcx.s 			page 3


  46      65781273 
  46      C909D8C2 
  46      258FBD4F 
  46      F416
  47 00aa 51EAE7D3 		.ascii	"Q\352\347\323\030\362\222\317\005Q\3164\255\177\331"
  47      18F292CF 
  47      0551CE34 
  47      AD7FD9
  48 00b9 F546ADD1 		.ascii	"\365F\255\321r\212\345\222\325r\254z\265i9m[k\305\351"
  48      728AE592 
  48      D572AC7A 
  48      B569396D 
  48      5B6BC5E9 
  49 00cd 98367D01 		.ascii	"\2306}\0018\276D\011"
  49      38BE4409 
  50              		.text
  51              		.section	.gnu.lto_stStartAlarm.9550cb8c,"",%progbits
  52 0000 789C9D52 		.ascii	"x\234\235RMh\023A\024\236o'\335\204\370S\017\036\004"
  52      4D681341 
  52      149E6F27 
  52      DD84F853 
  52      0F1E04
  53 0013 7310A1D4 		.ascii	"s\020\241\324*d\211\005\365\344I\004\241=\331{i\243"
  53      2A648905 
  53      F5E44904 
  53      A13DD97B 
  53      69A3
  54 0025 904024D2 		.ascii	"\220@$\322\015=\332il\014\246j\275\264i\016q\213Q\322"
  54      0D3DDA69 
  54      6C0CA66A 
  54      BDB4690E 
  54      718B51D2 
  55 0039 46D334F5 		.ascii	"F\3234\365\257\325\012KP\274h*\365\340\241\026DhQ\250"
  55      AFD50A4B 
  55      50BC682A 
  55      F5E0A116 
  55      446851A8 
  56 004d 506AB08A 		.ascii	"Pj\260\212\320\370f\022\245^D\034vv\346\275\371\336"
  56      D0F86612 
  56      A55E441C 
  56      7676E6BD 
  56      F9DE
  57 005f F7BE37F3 		.ascii	"\367\2767\363\032\230\306\312\032c\275\214\261\2754"
  57      1A98C6CA 
  57      1A63BD8C 
  57      B1BD34
  58 006e C119B4EB 		.ascii	"\301\031\264\353e\306\372]\032 7\302\005\326\247\241"
  58      65C6FA5D 
  58      1A2037C2 
  58      05D6A7A1 
  59 007e 0F433CC9 		.ascii	"\017C<\311Q\212\257\314j-YA\303N\316\350\227Dl\217\305"
  59      518AAFCC 
  59      6A2D5941 
  59      C34ECEE8 
  59      97446C8F 
  60 0093 194BD194 		.ascii	"\031K\321\224\003Y\264\020\352yu\303n\274\306-\016h"
  60      0359B410 
ARM GAS  C:\Users\8FEE~1\AppData\Local\Temp\cc13nVcx.s 			page 4


  60      EA7975C3 
  60      6EBCC62D 
  60      0E68
  61 00a5 642EACBD 		.ascii	"d.\254\275Lo\223\246\206]d\376\310M\275k\344\207\300"
  61      4C6F93A6 
  61      865D64FE 
  61      C84DBD6B 
  61      E487C0
  62 00b8 68BF7EC3 		.ascii	"h\277~\303\336\337|[\210\250\260W/r\261\333\342\034"
  62      DEDF7C5B 
  62      88A8B057 
  62      2F72B1DB 
  62      E21C
  63 00ca 3970E2C3 		.ascii	"9p\342\303\004<\030\207\207\221\213\341\016\232%\374"
  63      043C1887 
  63      87918BE1 
  63      0E9A25FC 
  64 00da 43717378 		.ascii	"Cqsx\207\356\310\374J\211\273\320Aka\001\266\330\254"
  64      87EEC8FC 
  64      4A89BBD0 
  64      416B6101 
  64      B6D8AC
  65 00ed C6855DB9 		.ascii	"\306\205]\271\2057'\235\244\235\"8\305:\030K\020RV2"
  65      8537279D 
  65      A49D2238 
  65      C53A184B 
  65      10525632 
  66 0101 C835B9F2 		.ascii	"\3105\271\362eh\222\353\262\235x\346\346\255J\306\333"
  66      656892EB 
  66      B29D78E6 
  66      E6AD4AC6 
  66      DB
  67 0112 C574D2DD 		.ascii	"\305t\322\335\224Q:VR\333G\205\035\335'\245\344\377"
  67      94513A56 
  67      52DB4785 
  67      1DDD27A5 
  67      E4FF
  68 0124 94A24A9C 		.ascii	"\224\242J\234DS\232\230>!\272\036\037\232_\272\351\374"
  68      44539A98 
  68      3E21BA1E 
  68      1F9A5FBA 
  68      E9FC
  69 0136 AD6BA076 		.ascii	"\255k\240v-\257u.AJ\\\212c\213n\206\002t\242\230\202"
  69      2DAF752E 
  69      414A5C8A 
  69      638B6E86 
  69      0274A298 
  70 014b 9EE6BCC6 		.ascii	"\236\346\274\306R\032\371\376mu\370\230\364\021p$V\232"
  70      521AF9FE 
  70      6D75F898 
  70      F4117024 
  70      569A
  71 015d 77CAAB6A 		.ascii	"w\312\253jPq\345\374\306\232\273fJn\007\2712\223__\270"
  71      5071E5FC 
  71      C69ABB66 
  71      4A6E07B9 
  71      32935F5F 
ARM GAS  C:\Users\8FEE~1\AppData\Local\Temp\cc13nVcx.s 			page 5


  72 0172 2CA46171 		.ascii	",\244aq\035\323$\254(\205\321A\356U\345\213\323\310"
  72      1DD324AC 
  72      2885D141 
  72      EE55E58B 
  72      D3C8
  73 0184 8B817E31 		.ascii	"\213\201~1v\301\342N\334\203\205Q\252]%%@u\244\270\244"
  73      76C1E24E 
  73      DC838551 
  73      AA5D2525 
  73      4075A4B8 
  74 0199 FB0A0A30 		.ascii	"\373\012\0120M\341.\334\207\201\203\236:\002\017\340"
  74      4DE12EDC 
  74      8781839E 
  74      3A020FE0 
  75 01a9 23555252 		.ascii	"#URR\345\343\\lg]\321\277\346s\341\241\312\207:\333"
  75      E5E35C6C 
  75      675DD1BF 
  75      E673E1A1 
  75      CA873ADB 
  76 01bd 23185BEB 		.ascii	"#\030[\353\241.\302\014E*\366\247\377\301>\253\330\265"
  76      A12EC20C 
  76      452AF6A7 
  76      FFC13EAB 
  76      D8B5
  77 01cf 3AFB63C5 		.ascii	":\373c\305>g]\231p\327\3305<\241\310eD\337\017\216\373"
  77      3E675D99 
  77      70D7D835 
  77      3CA1C865 
  77      44DF0F8E 
  78 01e4 555BC827 		.ascii	"U[\310'`\237\021\035\313^\205t\250\327K\220>\352\001"
  78      609F111D 
  78      CB5E8574 
  78      A8D74B90 
  78      3EEA01
  79 01f7 EAF8035E 		.ascii	"\352\370\003^\257Q\373\374\201`w0l\372\216\0361\302"
  79      AF51FBFC 
  79      81607730 
  79      6CFA8E1E 
  79      31C2
  80 0209 A611E80A 		.ascii	"\246\021\350\012\031f\217_\256\235f\304\353g\316\256"
  80      19668F5F 
  80      AE9D66C4 
  80      EB67CEAE 
  81 0219 6E33123C 		.ascii	"n3\022<w\326!\177\307\377\022u>\334\0231\215\323\035"
  81      77D6217F 
  81      C7FF1275 
  81      3EDC1331 
  81      8DD31D
  82 022c EDAD878D 		.ascii	"\355\255\207\215\266\266\023F\307\251\366^_\235\247"
  82      B6B61346 
  82      C7A9F65E 
  82      5F9DA7
  83 023b 33143AE3 		.ascii	"3\024:\343\015\260\237-p\014q"
  83      0DB09F2D 
  83      700C71
  84              		.text
  85              		.section	.gnu.lto_stStopAlarm.9550cb8c,"",%progbits
ARM GAS  C:\Users\8FEE~1\AppData\Local\Temp\cc13nVcx.s 			page 6


  86 0000 789C7D50 		.ascii	"x\234}P1HBQ\024\275\347=\373J\320^\344\326\222\313\177"
  86      31484251 
  86      14BDE73D 
  86      FB4AD05E 
  86      E4D692CB 
  87 0015 58505B53 		.ascii	"XP[S\004\201M\271K\331\240 \030~i\365\033\232\240P-"
  87      04814DB9 
  87      4BD9A020 
  87      187E69F5 
  87      1B9AA050 
  88 002a 690EF107 		.ascii	"i\016\361\007\007\313Ri\014\012D\202\246\014Z[\244!"
  88      07CB5269 
  88      0C0A4482 
  88      A60C5A5B 
  88      A421
  89 003c 6888C2A4 		.ascii	"h\210\302\244\204\300z\357\033\341\324\345]\356}\367"
  89      84C07AEF 
  89      1BE1D4E5 
  89      5DEE7DF7 
  90 004c 9E7BCE7D 		.ascii	"\236{\316}o\204\030\351 \012\023\321\244tp\002\333o"
  90      6F8418E9 
  90      200A13D1 
  90      A4747002 
  90      DB6F
  91 005e 11255D0C 		.ascii	"\021%]\014P\211\351\002%\030\022\330\343\005\216f\346"
  91      5089E902 
  91      251812D8 
  91      E3058E66 
  91      E6
  92 006f E98279CA 		.ascii	"\351\202y\312\246\264F\241\253\355\230\351q\213\023"
  92      A6B446A1 
  92      ABED98E9 
  92      718B13
  93 007e 15A52B43 		.ascii	"\025\245+C\031\036\222\260\307\363\376\301\230\346\030"
  93      191E92B0 
  93      C7F3FEC1 
  93      98E618
  94 008d D4710C4D 		.ascii	"\324q\014MJP\375\036\015\263\377\2351\033\327%|-\311"
  94      4A50FD1E 
  94      0DB3FF9D 
  94      311BD725 
  94      7C2DC9
  95 00a0 5656BAD2 		.ascii	"VV\272\322\310q\246\"\177F\263\333{\270\314\353\177"
  95      C871A622 
  95      7F46B3DB 
  95      7BB8CCEB 
  95      7F
  96 00b1 14A98152 		.ascii	"\024\251\201RO\3436M\221c\230\036'\320$\177\005\232"
  96      4FE3364D 
  96      9163981E 
  96      27D0247F 
  96      059A
  97 00c3 2CE6D3CD 		.ascii	",\346\323\315;\347.\2678lL\253\372\3716:\270*\016\207"
  97      3BE72EB7 
  97      386C4CAB 
  97      FAF9363A 
  97      B82A0E87 
ARM GAS  C:\Users\8FEE~1\AppData\Local\Temp\cc13nVcx.s 			page 7


  98 00d7 2C956A1F 		.ascii	",\225j\0377.\013G\2608\303\031\3348\205\233\024\266"
  98      372E0B47 
  98      B038C319 
  98      DC38859B 
  98      14B6
  99 00e9 72DB7D77 		.ascii	"r\333}w\212\252\231J\232\355\327\316DGNqTa\341P.h\213"
  99      8AAA994A 
  99      9AEDD7CE 
  99      44474E71 
  99      5461E150 
 100 0100 A00631AC 		.ascii	"\240\0061\254!\367@]N\277`\273\235\273\232R\273\331"
 100      21F7405D 
 100      4EBF60BB 
 100      9DBB9A52 
 100      BBD9
 101 0112 1F90950D 		.ascii	"\037\220\225\015\371\022F4\255\353bp\202\241\360z8j"
 101      F9124634 
 101      ADEB6270 
 101      82A1F07A 
 101      386A
 102 0124 78E7E744 		.ascii	"x\347\347D\324\020\241\265\2100bA\025\003F\\\017\322"
 102      D410A1B5 
 102      88306241 
 102      1503465C 
 102      0FD2
 103 0136 C23FC0CD 		.ascii	"\302?\300\315h,n\210U\377\312\354\214\360\371\026\205"
 103      682C6E88 
 103      55FFCAEC 
 103      8CF0F916 
 103      85
 104 0147 7F7965CB 		.ascii	"\177ye\313\373;\032\210D6\364\020\375\000\317)\207\031"
 104      FB3B1A88 
 104      4436F410 
 104      FD00CF29 
 104      8719
 105              		.text
 106              		.section	.gnu.lto_stSetAlarm.9550cb8c,"",%progbits
 107 0000 789C7D52 		.ascii	"x\234}RKh\023Q\024\275g^2\023\242R\021\027\202Y\210"
 107      4B681351 
 107      14BD675E 
 107      3213A252 
 107      11178259 
 108 0015 506A1532 		.ascii	"Pj\0252\304\202\272r%\210\320\256\354\276\264QH \022"
 108      C482BA72 
 108      2588D0AE 
 108      ECBEB451 
 108      482012
 109 0028 E9842EED 		.ascii	"\351\204.\355\353\330\032L\241uc\322.\306)F\251\306"
 109      EBD81A4C 
 109      A17563D2 
 109      2EC62946 
 109      A9C6
 110 003a A649AA82 		.ascii	"\246I\252\202\342f\010~6\332B7.\214 b\005\027\205R?"
 110      E266087E 
 110      36DA4237 
 110      2E8C2062 
 110      05178552 
ARM GAS  C:\Users\8FEE~1\AppData\Local\Temp\cc13nVcx.s 			page 8


 111 004f 5184C6FB 		.ascii	"Q\204\306\373&Ut\343c\336\334w\357\234{\336\271\207"
 111      265574E3 
 111      63DEDC77 
 111      EF9C7BDE 
 111      B987
 112 0061 0992467B 		.ascii	"\011\222F{4\242\021\"\332\317\033\202\240][&\032\013"
 112      34A21122 
 112      DACF1B82 
 112      A05D5B26 
 112      1A0B
 113 0073 69803AC8 		.ascii	"i\200:\310\020hT\303(\246EA\240\236\375\370X\353\236"
 113      106854C3 
 113      28A64541 
 113      A09EFDF8 
 113      58EB9E
 114 0086 97BCBC42 		.ascii	"\227\274\274B\325\270\"'\366\271\202h\226\267Z\230G"
 114      D5B82227 
 114      F6B98268 
 114      96B75A98 
 114      47
 115 0097 37A39EB5 		.ascii	"7\243\236\265\232^\307\224p\005\240q\272\272\361\322"
 115      9A5EC794 
 115      7005A071 
 115      BABAF1D2 
 116 00a7 D9A1520D 		.ascii	"\331\241R\015\2739\375Y\2526:\304\021\020\2377ox\007"
 116      BB39FD59 
 116      AA363AC4 
 116      11109F37 
 116      6F7807
 117 00ba BB6E4B69 		.ascii	"\273nKiK\257qY\310\275\256\020(A0\037\356\"\202;\210"
 117      4BAF7159 
 117      C8BDAE10 
 117      2841301F 
 117      EE22823B 
 118 00cf 109708F7 		.ascii	"\020\227\010\367\320\245\340\357k[\327w\351\201\342"
 118      D0A5E0EF 
 118      6B5BD777 
 118      E981E2
 119 00de EF2BB100 		.ascii	"\357+\261\000\035\034+\253\360\344V++\275\017\267\360"
 119      1D1C2BAB 
 119      F0E4562B 
 119      2BBD0FB7 
 119      F0
 120 00ef E47490B5 		.ascii	"\344t\220\265s\207\340\336\000Q\216\221j\222I\241\251"
 120      7387E0DE 
 120      00518E91 
 120      6A9249A1 
 120      A9
 121 0100 28D6A029 		.ascii	"(\326\240)\256\253^\356iX\364\3702^\277q\012\341\316"
 121      AEAB5EEE 
 121      6958F4F8 
 121      325EBF71 
 121      0AE1CE
 122 0113 A2AFE3B9 		.ascii	"\242\257\343\271\263sFz\366\001%\245\374\257\024\177"
 122      B373467A 
 122      F60125A5 
 122      FCAF147F 
ARM GAS  C:\Users\8FEE~1\AppData\Local\Temp\cc13nVcx.s 			page 9


 123 0123 C445743A 		.ascii	"\304Et:\314\364\011\366fvz\345\353M\343\217\256\361"
 123      CCF409F6 
 123      66767AE5 
 123      EB4DE38F 
 123      AEF1
 124 0135 B62D8F0C 		.ascii	"\266-\217\014\241@\276\270Y\201\277t\023*\320\231\242"
 124      A140BEB8 
 124      5981BF74 
 124      132AD099 
 124      A2
 125 0146 0ADD11A2 		.ascii	"\012\335\021\242\315R\317\377\370\276P8\241j\014\314"
 125      CD52CFFF 
 125      F8BE5038 
 125      A16A0CCC 
 126 0156 4FD4570C 		.ascii	"O\324W\014eU\320\357[.77\302\355Tq\007\270T\\\374\366"
 126      6555D0EF 
 126      5B2E3737 
 126      C2ED5471 
 126      07B8545C 
 127 016c 22E4C281 		.ascii	"\"\344\302\201+t,\261\260\232\022\306\037J\257\276|"
 127      2B742CB1 
 127      B09A12C6 
 127      1F4AAFBE 
 127      7C
 128 017d 36CCB21C 		.ascii	"6\314\262\034\037\223s\227\\a\340>\\\314\360\354\376"
 128      1F937397 
 128      5C61E03E 
 128      5CCCF0EC 
 128      FE
 129 018e A50C68E5 		.ascii	"\245\014h\345ko\365X\305\007,q{\010\017`\342pd\033\201"
 129      6B6FF558 
 129      C5072C71 
 129      7B080F60 
 129      E270641B 
 130 01a3 8788B12A 		.ascii	"\207\210\261*Z\203\375n\262\021\367\255Uc\320:\354\271"
 130      5A83FD6E 
 130      B211F7AD 
 130      5563D03A 
 130      ECB9
 131 01b5 E61454C1 		.ascii	"\346\024T\301w \3073\261\217\374\327\034\212F\315\366"
 131      7720C733 
 131      B18FFCD7 
 131      1C8A46CD 
 131      F6
 132 01c6 134F2487 		.ascii	"\023O$\207\222i+v\374\230\231\266\314\304`\312\264\206"
 132      92692B76 
 132      FC9899B6 
 132      CCC460CA 
 132      B486
 133 01d8 E32A0E58 		.ascii	"\343*\016X\231h\234\214\301!+\223\274p>\240^'\377\323"
 133      99689C8C 
 133      C1212B93 
 133      BC703EA0 
 133      5E27FFD3 
 134 01ec 75313D9C 		.ascii	"u1=\234\261\314\263\375}=G\315\336\336Sf\377\231\276"
 134      B1CCB3FD 
 134      7D3D47CD 
ARM GAS  C:\Users\8FEE~1\AppData\Local\Temp\cc13nVcx.s 			page 10


 134      DEDE5366 
 134      FF99BE
 135 01ff 91D836CF 		.ascii	"\221\3306\317@*u.\232\240_A\202\316\334"
 135      402A752E 
 135      9AA05F41 
 135      82CEDC
 136              		.text
 137              		.section	.gnu.lto_stGetAlarm.9550cb8c,"",%progbits
 138 0000 789C7D90 		.ascii	"x\234}\220?H[Q\024\306\317\367N\362\336\253\":\267\201"
 138      3F485B51 
 138      14C6CFF7 
 138      4EF2DEAB 
 138      223AB781 
 139 0014 AEB5432E 		.ascii	"\256\265C.\251\240\233\223P\012\332\245\331C\233\016"
 139      A9A09B93 
 139      500ADAA5 
 139      D9439B0E 
 140 0024 0904223E 		.ascii	"\011\004\">\351\3525XE\005[\012\032\245\204WH\301j\033"
 140      E9EA3558 
 140      45055B0A 
 140      1AA58457 
 140      48C16A1B 
 141 0038 63D60EE5 		.ascii	"c\326\016\345!\210\213\377p-\005\221.\016\305\020E-"
 141      21888BFF 
 141      702D0591 
 141      2E0EC510 
 141      452D
 142 004a 8AF1DC44 		.ascii	"\212\361\334D\304\311\313\375w\016\277{\316\367\335"
 142      C4C9CBFD 
 142      770EBF7B 
 142      CEF7DD
 143 0059 3059340E 		.ascii	"0Y4\016\2424\021=\222\005&X\037\267\211F]\0130\027\355"
 143      A234113D 
 143      92052658 
 143      1FB78946 
 143      5D0B3017 
 144 006e 82462C8C 		.ascii	"\202F,\214\340\003\347\031\353\365\263\240}\206}\203"
 144      E003E719 
 144      EBF5B3A0 
 144      7D867D83 
 145 007e 49B857DD 		.ascii	"I\270W\335,\264\232\020\350\220p\371k\271\346v.j\235"
 145      2CB49A10 
 145      E89070F9 
 145      6BB9E676 
 145      2E6A9D
 146 0091 D341BEEA 		.ascii	"\323A\276\352|^\335\325a\237-Z\020\374\033\"XD\304\364"
 146      7C5EDDD5 
 146      619F2D5A 
 146      10FC1B22 
 146      5844C4F4 
 147 00a5 58422709 		.ascii	"XB'\011}P\271\232m\263CE&\003H~\031\266H\241\362\036"
 147      7D50B99A 
 147      6DB34345 
 147      2603487E 
 147      19B648A1 
 148 00bb 027D559F 		.ascii	"\002}U\237\320\301\337\".\236\207,\362\231Y\266\020"
 148      D0C1DF22 
ARM GAS  C:\Users\8FEE~1\AppData\Local\Temp\cc13nVcx.s 			page 11


 148      2E9E872C 
 148      F29959B6 
 148      10
 149 00cc D1948046 		.ascii	"\321\224\200F\325\264T\225\223\017\261\366\353\377\357"
 149      D5B45495 
 149      930FB1F6 
 149      EBFFEF
 150 00db CBFCCBDB 		.ascii	"\313\374\313\333zcZF\220?w\0366\012.0\356\364\"|\207"
 150      7A635A46 
 150      903F771E 
 150      360A2E30 
 150      EEF4227C 
 151 00f0 2D9D7EC0 		.ascii	"-\235~\300.\26010\367~m\3071\006\302\015l\273tVmi\206"
 151      2EB03130 
 151      F77E6DC7 
 151      3106C20D 
 151      6CBB7456 
 152 0107 A64C4852 		.ascii	"\246LHR\305\225\323\015\327G\001>\333X\021\023%c\302"
 152      C595D30D 
 152      D747013E 
 152      DB581113 
 152      2563C2
 153 011a 98DD3A39 		.ascii	"\230\335:9vTI\217\215\352\375\243\332\343O\017|vP\206"
 153      7654498F 
 153      8DEAFDA3 
 153      DAE34F0F 
 153      7C765086 
 154 012e 8F79D1D8 		.ascii	"\217y\321\330\350#P}\256\362\307\216\225\015\364\345"
 154      E823507D 
 154      AEF2C78E 
 154      950DF4E5 
 155 013e A7E5B38B 		.ascii	"\247\345\263\213U(<\215\334\020\250 F\207\310\325&\226"
 155      55283C8D 
 155      DC10A820 
 155      4687C8D5 
 155      2696
 156 0150 B8298A45 		.ascii	"\270)\212E\027\375Cn\177\362\222\215~\311\310\227\210"
 156      17FD436E 
 156      7FF2928D 
 156      7EC9C897 
 156      88
 157 0161 6F18BF16 		.ascii	"o\030\277\026\321\223hT5g2\225~\223\316z\261\236n\225"
 157      D1936854 
 157      35673295 
 157      7E93CE7A 
 157      B19E6E95 
 158 0175 F554EA75 		.ascii	"\365T\352uFyCIs&\274\341h\222z\357\001\007\263C\303"
 158      46794349 
 158      7326BCE1 
 158      68927AEF 
 158      0107B343 
 159 018a 9E7A151F 		.ascii	"\236z\025\037\350z\246\372\373\373T\374\305\300\273"
 159      E87AA6FA 
 159      FBFB54FC 
 159      C5C0BB
 160 0199 D8CDD344 		.ascii	"\330\315\323D&\3636\232\242kE\225\242\315"
 160      26F3369A 
ARM GAS  C:\Users\8FEE~1\AppData\Local\Temp\cc13nVcx.s 			page 12


 160      A26B4595 
 160      A2CD
 161              		.text
 162              		.section	.gnu.lto_.symbol_nodes.9550cb8c,"",%progbits
 163 0000 789C55C8 		.ascii	"x\234U\310K\015\200@\014\006\341\351\277\254/\020\305"
 163      4B0D8040 
 163      0C06E1E9 
 163      BFAC2F10 
 163      C5
 164 0011 B92B0101 		.ascii	"\271+\001\001<\023T \002\015(!4\334:\227I\276\212\030"
 164      3C135420 
 164      020D2821 
 164      34DC3A97 
 164      49BE8A18 
 165 0025 8934CB61 		.ascii	"\2114\313a\272!v\265!d\221[\226U\256,\233\274d\331\345"
 165      BA2176B5 
 165      2164915B 
 165      9655AE2C 
 165      9BBC64D9 
 166 003a 5D123BE4 		.ascii	"]\022;\344\365\027h\255\207B\345|^\343\003\325E\035"
 166      F51768AD 
 166      8742E57C 
 166      5EE303D5 
 166      451D
 167 004c 35       		.ascii	"5"
 168              		.text
 169              		.section	.gnu.lto_.refs.9550cb8c,"",%progbits
 170 0000 789C6365 		.ascii	"x\234ce`b`d\000\002\000\000I\000\011"
 170      60626064 
 170      00020000 
 170      490009
 171              		.text
 172              		.section	.gnu.lto_.decls.9550cb8c,"",%progbits
 173 0000 789CBD57 		.ascii	"x\234\275W}PT\327\025\177\347\335]\204\005\324\2546"
 173      7D5054D7 
 173      157FE7DD 
 173      5D8405D4 
 173      AC36
 174 0012 B5533B65 		.ascii	"\265S;e2D\230N\003\202\251\231\264S\307\004\323$31\355"
 174      3244984E 
 174      0382A999 
 174      B453C704 
 174      D3243331 
 175 0027 AC36D33F 		.ascii	"\2546\323?\350\354\240l\"3|\030vM'\323\316\344\311\022"
 175      E8ECA06C 
 175      22337C18 
 175      764D27D3 
 175      CEE4C912 
 176 003b 25C4A844 		.ascii	"%\304\250DAA\215 \202   \212AD\327E7\362e\010~ \242"
 176      41418D20 
 176      82202020 
 176      8A4144D7 
 176      4537F265 
 177 0053 82468D46 		.ascii	"\202F\215F\203H\374\300\217\204\236\373\361x\317\347"
 177      8348FCC0 
 177      8F849EFB 
 177      F178CFE7 
ARM GAS  C:\Users\8FEE~1\AppData\Local\Temp\cc13nVcx.s 			page 13


 178 0063 629B3FDA 		.ascii	"b\233?\3327\234\345\236{\177\347w\316=\347\336w\357"
 178      379CE59E 
 178      7B7FE777 
 178      CE3DE7DE 
 178      77EF
 179 0075 334BB254 		.ascii	"3K\262Tb\225\244H\"I5 I#\370\004H\222T%i\017\325w\240"
 179      6295A448 
 179      22493520 
 179      4923F804 
 179      48925425 
 180 008e 34A11C40 		.ascii	"4\241\034@9\210r\010\305'=\376\374\0359\220Jz\013\245"
 180      39887208 
 180      C5273DFE 
 180      FC1D3990 
 180      4A7A0BA5 
 181 00a2 45C7230B 		.ascii	"E\307#\013\016\1776\377D\233 a\203\241H\223Q\366\242"
 181      0E7F36FF 
 181      449B2061 
 181      83A14893 
 181      51F6A2
 182 00b5 44A0FC0C 		.ascii	"D\240\374\014\307&\243\\\302v\267\304\271\237B]F1\003"
 182      C726A35C 
 182      C276B7C4 
 182      B99F425D 
 182      463103
 183 00c8 E7A571FD 		.ascii	"\347\245q\375\034\333\370'M\203G\271?@\335$\270U.\312"
 183      1CDBF827 
 183      4D8347B9 
 183      3F40DD24 
 183      B8552ECA 
 184 00dc 4361AA3D 		.ascii	"Ca\252=\235S\244\301\216>\356\237\020\027\250q\211\374"
 184      9D53A4C1 
 184      8E3EEE9F 
 184      1017A871 
 184      89FC
 185 00ee FC46C413 		.ascii	"\374F\304\023k\340\375Hp\032\371\246\375\007N\232\357"
 185      6BE0FD48 
 185      701AF9A6 
 185      FD074E9A 
 185      EF
 186 00ff E705E74C 		.ascii	"\347\005\347L\003\347:\002\365\237\034j\222\317\301"
 186      03E73A02 
 186      F59F1C6A 
 186      92CFC1
 187 010e 19402C4C 		.ascii	"\031@,Ld\275\000\374\027\2300uD}\000X?\366\312\222 "
 187      64BD00FC 
 187      17983075 
 187      447D0058 
 187      3FF6CA92 
 188 0123 55BB40B5 		.ascii	"U\273@\265\020\272,TYP\262?a\014:F>\314=\251\017\237"
 188      10BA2C54 
 188      5950B23F 
 188      610C3A46 
 188      3ECC3DA9 
 189 0139 036F3033 		.ascii	"\003o03\325\032d\315\001\200\336@G\310\303\026\343\243"
 189      D51A64CD 
 189      0180DE40 
ARM GAS  C:\Users\8FEE~1\AppData\Local\Temp\cc13nVcx.s 			page 14


 189      47C8C316 
 189      E3A3
 190 014b F149DAE4 		.ascii	"\361I\332\344@\235\375\315\374\366\313\226>8K{\013g"
 190      409DFDCD 
 190      FCF6CB96 
 190      3E384B7B 
 190      0B67
 191 015d 03EB5BBE 		.ascii	"\003\353[\276s\240\317Lp\231`\273\357^\331\237\242*"
 191      73A0CF4C 
 191      709960BB 
 191      EF5ED99F 
 191      A22A
 192 016f 15FE04FE 		.ascii	"\025\376\004\376BK\333\341\221\273\236\011+\011X- \243"
 192      424BDBE1 
 192      91BB9E09 
 192      2B09582D 
 192      20A3
 193 0181 DA35D8BE 		.ascii	"\3325\330\276)\030\325\311\026\230\210\352\360\322\023"
 193      2918D5C9 
 193      169888EA 
 193      F0D213
 194 0190 072D53F2 		.ascii	"\007-S\362\230\225[\231(\303[OC%L\205\012\230\212\316"
 194      98955B99 
 194      28C35B4F 
 194      43254C85 
 194      0A988ACE 
 195 01a4 AB600AFE 		.ascii	"\253`\012\376.0q&O\306\232\252q\317\024*\205\375\212"
 195      2E307126 
 195      4FC69AAA 
 195      71CF142A 
 195      85FD8A
 196 01b7 A73BE3D7 		.ascii	"\247;\343\327yn\245\014\255\302(\012\312\201\300v\210"
 196      796EA50C 
 196      ADC2280A 
 196      CA81C076 
 196      88
 197 01c8 A2116313 		.ascii	"\242\021c\023\177\313\240\017`\033\234\303\371\354\200"
 197      7FCBA00F 
 197      601B9CC3 
 197      F9EC80
 198 01d7 67D0DA5D 		.ascii	"g\320\332]y:\333L\376\300\202-\271\377`\220`\020\323"
 198      793ADB4C 
 198      FEC0822D 
 198      B9FF6090 
 198      6010D3
 199 01ea 2C303242 		.ascii	",02B\260\243\372z\303\275P\336A\307\017\264\265\224"
 199      B0A3FA7A 
 199      C3BD50DE 
 199      41C70FB4 
 199      B594
 200 01fc 8690D768 		.ascii	"\206\220\327h[^]T\361q\020X\"\263\024%\203\306h\216"
 200      5B5E5D54 
 200      F1711058 
 200      22B31425 
 200      83C6688E 
 201 0210 94462384 		.ascii	"\224F#\204]\020Im\250g\250\305\316\032\354,\245s\361"
 201      5D10496D 
ARM GAS  C:\Users\8FEE~1\AppData\Local\Temp\cc13nVcx.s 			page 15


 201      A867A8C5 
 201      CE1AEC2C 
 201      A573F1
 202 0223 F4154C5B 		.ascii	"\364\025L[\267\\Qd\250\003\013\354\324\242\233f\341"
 202      B75C5164 
 202      A8030BEC 
 202      D4A29B66 
 202      E1
 203 0234 93D99FD3 		.ascii	"\223\331\237\323{\331B:\201\371x\350\316\273a\202H\013"
 203      7BD9423A 
 203      81F978E8 
 203      CEBB6182 
 203      480B
 204 0246 37FDB231 		.ascii	"7\375\2621\366\320\207\324t\017\232\356\326L\221\011"
 204      F6D087D4 
 204      740F9AEE 
 204      D64C9109 
 205 0256 FFF98DA3 		.ascii	"\377\371\215\243\336O\034\350d\325\356\336\207\023H"
 205      DE4F1CE8 
 205      64D5EEDE 
 205      871348
 206 0265 1BAB905C 		.ascii	"\033\253\220\\\266i\303w\001\243Nn\234~\276\2249\331"
 206      B669C377 
 206      01A34E6E 
 206      9C7EBE94 
 206      39D9
 207 0277 8B4E3ED7 		.ascii	"\213N>\327\234\354\031\333I\203\177'U\007=\355\241&"
 207      9CEC19DB 
 207      49837F27 
 207      55073DED 
 207      A126
 208 0289 BA292815 		.ascii	"\272)(\025\026\213\366\271G\262\306\217Y\326}\254\254"
 208      168BF6B9 
 208      47B2C68F 
 208      59D67DAC 
 208      AC
 209 029a 8D20EAEA 		.ascii	"\215 \352\352\356\311\251\325\352\032q~\247\242`d\212"
 209      EEC9A9D5 
 209      EA1A717E 
 209      A7A26064 
 209      8A
 210 02ab 89E2A05A 		.ascii	"\211\342\240Z\013\255\332X\330&V\330\226\007;\307\223"
 210      0BADDA58 
 210      D82656D8 
 210      96073BC7 
 210      93
 211 02bc 0F092BDC 		.ascii	"\017\011+\334\325\3412_\210\240\352\372e\276\342\301"
 211      D5E1325F 
 211      88A0EAFA 
 211      65BEE2C1 
 212 02cc 59E01CE9 		.ascii	"Y\340\034\351\012\331\257\021\3557\022\035`D\237\326"
 212      0AD9AF11 
 212      ED37121D 
 212      60449FD6 
 213 02dc DDDD6C26 		.ascii	"\335\335l&9\234\351\3767m\336\000\301\344\375\325(\023"
 213      399CE9FE 
 213      376DDE00 
ARM GAS  C:\Users\8FEE~1\AppData\Local\Temp\cc13nVcx.s 			page 16


 213      C1E4FDD5 
 213      2813
 214 02ee 0DC9A331 		.ascii	"\015\311\2431y\214L\007\031S\345\255\316\235\241d#g"
 214      798C4C07 
 214      1953E5AD 
 214      CE9DA164 
 214      2367
 215 0300 2AAB2851 		.ascii	"*\253(Q\202\365\271\240i\322\222\321\374\310\032\357"
 215      82F5B9A0 
 215      69D292D1 
 215      FCC81AEF 
 216 0310 2D29AE50 		.ascii	"-)\256P\335\3726?\235\243\256qD\201W\363\3535\372=\304"
 216      DDFA363F 
 216      9DA3AE71 
 216      448157F3 
 216      EB35FA3D 
 217 0325 FCDE5C71 		.ascii	"\374\336\\q\243p\002\331\306\375n\256[\271*\024\251"
 217      A37002D9 
 217      C6FD6EAE 
 217      5BB92A14 
 217      A9
 218 0336 FAE96A1C 		.ascii	"\372\351j\034\370\355\346\232\213J\226\205\355)8\254"
 218      F8EDE69A 
 218      8B4A9685 
 218      ED2938AC 
 219 0346 311DA64C 		.ascii	"1\035\246L\264\341c\014_e\326l$|\267\232(aG\301\327"
 219      B4E1630C 
 219      5F65D66C 
 219      247CB79A 
 219      286147C1 
 220 035b E3F96E0D 		.ascii	"\343\371n\015\243\233|\270\373\\HH6]\034\253\335J\320"
 220      A39B7CB8 
 220      FB5C4848 
 220      365D1CAB 
 220      DD4AD0
 221 036e 6B8CEC08 		.ascii	"k\214\354\010N\345\0136\225\026\010Qi\261\211\370=\347"
 221      4EE50B36 
 221      95160851 
 221      69B189F8 
 221      3DE7
 222 0380 730F0471 		.ascii	"s\017\004q\266S4\244\202\306[\255f\256\007\322\341\201"
 222      B65334A4 
 222      82C65BAD 
 222      66AE07D2 
 222      E181
 223 0392 8A3DA19C 		.ascii	"\212=\241\234\335C\207\217].\312\014\341\303\235To>"
 223      DD43878F 
 223      5D2ECA0C 
 223      E1C39D54 
 223      6F3E
 224 03a4 F9C5A089 		.ascii	"\371\305\240\211\014\361\351\234=R^A#\213\240{vdd\202"
 224      0CF1E99C 
 224      3D525E41 
 224      238BA07B 
 224      76646482 
 225 03b8 6ED746F0 		.ascii	"n\327F\360]\333\265jh\35382\314\340r~k\267W\333R}\005"
 225      5DDBB56A 
ARM GAS  C:\Users\8FEE~1\AppData\Local\Temp\cc13nVcx.s 			page 17


 225      68EB3832 
 225      CCE0727E 
 225      6BB757DB 
 226 03cf B3F28768 		.ascii	"\263\362\207h\036\217a\356\277\322f\0371\272\330\331"
 226      1E8F61EE 
 226      BFD2661F 
 226      31BAD8D9 
 227 03df 7CA4D1C9 		.ascii	"|\244\321\311@\027.\366\010\261\330;\261\363K\276\330"
 227      40172EF6 
 227      08B1D83B 
 227      B1F34BBE 
 227      D8
 228 03f0 CBB7E66C 		.ascii	"\313\267\346l\011 n\023\363\341\333\337{\312\244\276"
 228      09206E13 
 228      F3E1DBDF 
 228      7BCAA4BE 
 229 0400 1A8C0427 		.ascii	"\032\214\004'\375\020\250\373\373\031\037\333z'0\230"
 229      FD10A8FB 
 229      FB191FDB 
 229      7A273098 
 230 0410 E35A30C7 		.ascii	"\343Z0\307@\274\033\262*W6\023K\026].\377\015+Z\264"
 230      40BC1BB2 
 230      2A573613 
 230      4B165D2E 
 230      FF0D2B5A 
 231 0425 B73FE830 		.ascii	"\267?\3500\223\025,,\370\370\360n\237\250\341\021\252"
 231      93152C2C 
 231      F8F8F06E 
 231      9FA8E111 
 231      AA
 232 0436 AFDDDBDC 		.ascii	"\257\335\333\334\030LV\361\301\257\263/4\007\220\265"
 232      184C56F1 
 232      C1AFB32F 
 232      340790B5 
 233 0446 5C510B60 		.ascii	"\\Q\013`\025\005\330\334{\273\025\310z>\330\270g\237"
 233      1505D8DC 
 233      7BBB15C8 
 233      7A3ED8B8 
 233      679F
 234 0458 4F146BBA 		.ascii	"O\024k\272\356\305m\345/\356\372\313->\013\257\235\002"
 234      EEC56DE5 
 234      2FEEFACB 
 234      2D3E0BAF 
 234      9D02
 235 046a A837759D 		.ascii	"\2507u\235\231M6qK\357P\3156QG\372r\315\312\037\352"
 235      994D3671 
 235      4BEF50CD 
 235      365147FA 
 235      72CDCA1F 
 236 047f 9C40A7A3 		.ascii	"\234@\247\243\210UC\003\033]4_\323YC\364T\270\300\247"
 236      88554303 
 236      1B5D345F 
 236      D35943F4 
 236      54B8C0A7 
 237 0493 D2337CF8 		.ascii	"\3223|\370\264\331\272\232\241\261b&\226\245~\204\367"
 237      B4D9BA9A 
 237      A1B16226 
ARM GAS  C:\Users\8FEE~1\AppData\Local\Temp\cc13nVcx.s 			page 18


 237      96A57E84 
 237      F7
 238 04a4 31F845B0 		.ascii	"1\370E\260\252F\354t\311\035\030\257\007w?\011\274\243"
 238      AA46EC74 
 238      C91D18AF 
 238      07773F09 
 238      BCA3
 239 04b6 B8649D85 		.ascii	"\270d\235\205\024\361 7|\177\366\252X\233\221\250\226"
 239      14F12037 
 239      7C7FF6AA 
 239      589B91A8 
 239      96
 240 04c7 DE697407 		.ascii	"\336it\007\222\022>\266f\377\246\216q\244\234+\352\036"
 240      92123EB6 
 240      66FFA68E 
 240      71A49C2B 
 240      EA1E
 241 04d9 B0F23D90 		.ascii	"\260\362=\220\321\3752\251\342#\007r>=\013\244\226+"
 241      D1FD32A9 
 241      E2230772 
 241      3E3D0BA4 
 241      962B
 242 04eb 039997FA 		.ascii	"\003\231\227\372E~\246\240\232\333v-\202\324\363\241"
 242      457EA6A0 
 242      9ADB762D 
 242      82D4F3A1 
 243 04fb 1F8F3447 		.ascii	"\037\2174G\220}\274\355\253/\333\006\304\313\225\241"
 243      907DBCED 
 243      AB2FDB06 
 243      C4CB95A1 
 244 050b 02DF350B 		.ascii	"\002\3375\013\361q\245\260k\343\347\201\244\205+\245"
 244      F171A5B0 
 244      6BE3E781 
 244      A4852BA5 
 245 051b C3797802 		.ascii	"\303yx\002\035\345\312\361\206\023Y\301\344\030W\262"
 245      1DE5CAF1 
 245      861359C1 
 245      E41857B2 
 246 052b 6A6BD707 		.ascii	"jk\327\007\223n\256d4\366\344\210\303\265\237\352\027"
 246      936EAE64 
 246      34F6E488 
 246      C3B59FEA 
 246      17
 247 053c 4B2E1606 		.ascii	"K.\026\006\211\252\004\240\236\335\325~\027H/\007g\327"
 247      89AA04A0 
 247      9EDDD57E 
 247      17482F07 
 247      67D7
 248 054e 1F3B671A 		.ascii	"\037;g\032\263\016\367\324:Lge\310m\312\335=\336X\206"
 248      B30EF7D4 
 248      3A4C6765 
 248      C86DCADD 
 248      3DDE5886 
 249 0562 7644B731 		.ascii	"vD\2671\364}\226\331{jf;/\025\227\230\214u\030\013\375"
 249      F47D96D9 
 249      7B6A663B 
 249      2F159798 
ARM GAS  C:\Users\8FEE~1\AppData\Local\Temp\cc13nVcx.s 			page 19


 249      8C75180B 
 250 0577 F48DEC83 		.ascii	"\364\215\354\203\267C!<<|R\270\356\211d\277[\224L\267"
 250      B743213C 
 250      3C7C52B8 
 250      EE8964BF 
 250      5B944CB7 
 251 058b E2F96223 		.ascii	"\342\371b#\271Rut\205R\350\005F\205i\206\021\230\244"
 251      B9527574 
 251      8552E805 
 251      46856986 
 251      1198A4
 252 059e ED83338C 		.ascii	"\355\2033\214\367\010\375\225\270\311\205T|Ig\022\006"
 252      F708FD95 
 252      B8C98554 
 252      7C496712 
 252      06
 253 05af 3F6A8477 		.ascii	"?j\204w<\006o\325\301{\215\360\036\006\217\241\350\034"
 253      3C066FD5 
 253      C17B8DF0 
 253      1E068FA1 
 253      E81C
 254 05c1 31A7D926 		.ascii	"1\247\331&\011\356\342\370\0356D\321\270\007a\205\034"
 254      09EEE2F8 
 254      1D3644D1 
 254      B8076185 
 254      1C
 255 05d2 094BE570 		.ascii	"\011K\345pPP\262P>D\311@Y\215\222\211\3621\3122\224"
 255      5050B250 
 255      3E44C940 
 255      598D9289 
 255      F231CA32 
 256 05e7 8F503E41 		.ascii	"\217P>AY\211\262\034%\007\345!\204\303\217(\331\330"
 256      5989B21C 
 256      2507E521 
 256      84C38F28 
 256      D9D8
 257 05f9 76A3FC80 		.ascii	"v\243\374\200\355Ur8{\033\363\030O'k1\3362\306\030m"
 257      ED557238 
 257      7B1BF318 
 257      4F276B31 
 257      DE32C618 
 258 060e 9C51970E 		.ascii	"\234Q\227\016}\333/:F\003\017\351\3007\215\340>0\240"
 258      7DDB2F3A 
 258      46030FE9 
 258      C0378DE0 
 258      3E30A0
 259 0621 4FEB9275 		.ascii	"O\353\222u\312\177nuho\212\206\276aD\177gD\177\253\213"
 259      CA7F6E75 
 259      686F8A86 
 259      BE61447F 
 259      67447FAB 
 260 0636 64C8886E 		.ascii	"d\310\210n{\254n]:\362\353F\370\267F\362!\035\372\262"
 260      7BAC6E5D 
 260      3AF2EB46 
 260      F8B746F2 
 260      211DFAB2 
 261 064a 117DCE88 		.ascii	"\021}\316\210\276\240\013\345{\377\241\350\223\242\343"
ARM GAS  C:\Users\8FEE~1\AppData\Local\Temp\cc13nVcx.s 			page 20


 261      BEA00BE5 
 261      7BFFA1E8 
 261      93A2E3
 262 0659 BEE63F92 		.ascii	"\276\346?\222G\002\327\345\360\264\377\005\367\310\372"
 262      4702D7E5 
 262      F0B4FF05 
 262      F7C8FA
 263 0668 D4B10FF8 		.ascii	"\324\261\017\370O\"\207\3633\345\350u\353RE\001\012"
 263      4F2287F3 
 263      33E5E875 
 263      EB524501 
 263      0A
 264 0679 93C479A2 		.ascii	"\223\304y\242\255\243\313\337Y\327\270\225#\323\031"
 264      ADA3CBDF 
 264      59D7B895 
 264      23D319
 265 0688 D95523D9 		.ascii	"\331U#\3317\217UD\347\372\212\177\364h\244K\021\236"
 265      378F5544 
 265      E7FA8A7F 
 265      F468A44B 
 265      119E
 266 069a BA94C11F 		.ascii	"\272\224\301\037\200\025\206\005\\\335\372\320j$\277"
 266      80158605 
 266      5CDDFAD0 
 266      6A24BF
 267 06a9 AFCBF1A0 		.ascii	"\257\313\361\240\377\205\247'\277\237\302\311/!\371"
 267      FF85A727 
 267      BF9FC2C9 
 267      2F21F9
 268 06b8 790157DF 		.ascii	"y\001W\337\357\242\200\034No\010\355'\313\306\223\317"
 268      EFA2801C 
 268      4E6F08ED 
 268      27CBC693 
 268      CF
 269 06c9 CCEC6CF6 		.ascii	"\314\354l\366~\266/\037\317\377I<=w\006\002\360\253"
 269      7EB62F1F 
 269      CFFF493C 
 269      3D770602 
 269      F0AB
 270 06db 04D6CA93 		.ascii	"\004\326\312\223\340Sy\364\300\245\311\362\277\303a"
 270      E05379F4 
 270      C0A5C9F2 
 270      BFC361
 271 06ea 0D6EECFF 		.ascii	"\015n\354\377\365&\247'\303\325U\347e\375\205\212F\250"
 271      F526A727 
 271      C3D555E7 
 271      65FD858A 
 271      46A8
 272 06fc BD9373E5 		.ascii	"\275\223s\345\020v7\303\377\010.\252\273U\020J\266\233"
 272      107637C3 
 272      FF082EAA 
 272      BB55104A 
 272      B69B
 273 070e F9397EB2 		.ascii	"\3719~\262\265\027\360v\347\351\247\267\273\360\212"
 273      B517F076 
 273      E7E9A7B7 
 273      BBF08A
ARM GAS  C:\Users\8FEE~1\AppData\Local\Temp\cc13nVcx.s 			page 21


 274 071d 53171505 		.ascii	"S\027\025\005y2\201_\233\363\264Yb\363\321\273\342:"
 274      7932815F 
 274      9BF3B459 
 274      62F3D1BB 
 274      E23A
 275 072f 99DEF48E 		.ascii	"\231\336\364\216w\334,\037G\2328[\361\267\015\315\342"
 275      77DC2C1F 
 275      479A385B 
 275      F1B70DCD 
 275      E2
 276 0740 AC0F45F5 		.ascii	"\254\017E\365\314\226\265%&~\214\\\241\303E\035\337"
 276      CC96B525 
 276      267E8C5C 
 276      A1C3451D 
 276      DF
 277 0751 E759481B 		.ascii	"\347YH\033\307>\270\262\266\0078\226F\325|}\327\335"
 277      C73EB8B2 
 277      B6073896 
 277      46D57C7D 
 277      D7DD
 278 0763 B14FF74D 		.ascii	"\261O\367M\2628U6\312\354X91\334t?\204\034gL\246\376"
 278      B2385536 
 278      CAEC5839 
 278      31DC743F 
 278      841C674C 
 279 0779 E2A16BF8 		.ascii	"\342\241k\370E2\025\300\202R\252~<JP$[\3403\231\250"
 279      453215C0 
 279      8252AA7E 
 279      3C4A5024 
 279      5BE03399 
 280 078e 1FDF050A 		.ascii	"\037\337\005\012\322\017~@\273\371emp\213B\246H0\203"
 280      D20F7E40 
 280      BBF9656D 
 280      708B42A6 
 280      483083
 281 07a1 1D56B019 		.ascii	"\035V\260\031\353S\304\374l\221\247B!:*\300Z\323\036"
 281      EB53C4FC 
 281      6C91A742 
 281      213A2AC0 
 281      5AD31E
 282 07b4 74F87967 		.ascii	"t\370yg\303\206`\355d\002\306]\200\270|\231\306W,[\325"
 282      C38660ED 
 282      6402C65D 
 282      80B87C99 
 282      C6572C5B 
 283 07c9 28297A75 		.ascii	"()zuG\321\206"
 283      47D186
 284 07d0 208BF091 		.ascii	" \213\360\221\365D\037\210\256\353Y\266>H\317\275\365"
 284      F5441F88 
 284      AEEB59B6 
 284      3E48CFBD 
 284      F5
 285 07e1 49DCCBBD 		.ascii	"I\334\313\275G\373\310\263\305J\247\007?s\274\021\265"
 285      47FBC8B3 
 285      C54AA707 
 285      3F73BC11 
 285      B5
ARM GAS  C:\Users\8FEE~1\AppData\Local\Temp\cc13nVcx.s 			page 22


 286 07f2 191EC53D 		.ascii	"\031\036\305=\033Jd+l\300b\341\267\214\316t=\366\314"
 286      1B4A642B 
 286      6CC062E1 
 286      B78CCE74 
 286      3DF6CC
 287 0805 97252895 		.ascii	"\227%(\225\237\245\037\005#\015\205\241\244\207\247"
 287      9FA51F05 
 287      230D85A1 
 287      A487A7
 288 0814 7F597646 		.ascii	"\177YvFm\300h\341\237\257\324\025\236\336\306\267i\205"
 288      6DC068E1 
 288      9FAFD415 
 288      9EDEC6B7 
 288      6985
 289 0826 DF662C7C 		.ascii	"\337f,|\031+\374\201\253[\013L\344\232`\333\336Y=N\260"
 289      192BFC81 
 289      AB5B0B4C 
 289      E49A60DB 
 289      DE593D4E 
 290 083b B546F1CF 		.ascii	"\265F\361\317\234\"\376\231S\2561\225\033\231\2663&"
 290      9C22FE99 
 290      53AE3195 
 290      1B99B633 
 290      26
 291 084c DFB29C75 		.ascii	"\337\262\234u\001\344!g\352\356\311l\020\313\"Xw\365"
 291      01E42167 
 291      EAEEC96C 
 291      10CB2258 
 291      77F5
 292 085e 9F2CAEFE 		.ascii	"\237,\256\376?\014v\376 \356\204\026T\367f\324\364\231"
 292      3F0C76FE 
 292      20EE8416 
 292      54F766D4 
 292      F499
 293 0870 C75C35D5 		.ascii	"\307\\5\325\352\252\331\301\023\335\263\362\316\031"
 293      EAAAD9C1 
 293      13DDB3F2 
 293      CE19
 294 087e 93B18855 		.ascii	"\223\261\210U\230\255J\226\255\032\226\350j5\321\315"
 294      98AD4A96 
 294      AD1A96E8 
 294      6A35D1CD 
 295 088e 3DB7F685 		.ascii	"=\267\366\205\032\3132&\272e\3377\353\265\262\314\024"
 295      1ACB3226 
 295      BA65DF37 
 295      EBB5B2CC 
 295      14
 296 089f 65A91565 		.ascii	"e\251\025e\301\3579\235i\205(\313NV\226\372u\271\263"
 296      C1EF399D 
 296      698528CB 
 296      4E5696FA 
 296      75B9B3
 297 08b2 4876009B 		.ascii	"Hv\000\233}\363\372:\257\254U\245zH\253\012\375t\253"
 297      7DF3FA3A 
 297      AFAC55A5 
 297      7A48AB0A 
 297      FD74AB
ARM GAS  C:\Users\8FEE~1\AppData\Local\Temp\cc13nVcx.s 			page 23


 298 08c5 D3725967 		.ascii	"\323rYg\314\345.\226\313\274\353\315w\002\310\006\316"
 298      CCE52E96 
 298      CBBCEBCD 
 298      7702C806 
 298      CE
 299 08d6 767BD74A 		.ascii	"v{\327J\267e4\246Y\206\230\016=\022\323n\021S\275\374"
 299      B76534A6 
 299      5986980E 
 299      3D12D36E 
 299      1153BDFC 
 300 08ea AC14E074 		.ascii	"\254\024\340t\275\236\232\344\012|\365\315\277\206\305"
 300      BD9E9AE4 
 300      0A7CF5CD 
 300      BF86C5
 301 08f9 C5C44891 		.ascii	"\305\304H\221QQ\321\374o\341\242\244\005Ii\316\230\027"
 301      5151D1FC 
 301      6FE1A2A4 
 301      054969CE 
 301      9817
 302 090b 6646A739 		.ascii	"fF\2479\243\027%$G;\323\027\322\377v\247+j\241\024\342"
 302      A3172524 
 302      473BD317 
 302      D2FF76A7 
 302      2B6AA114 
 303 0920 74CD7325 		.ascii	"t\315s%\244\273^JNHO\261\330\355K\222R]13\355\256\177"
 303      A4BB5E4A 
 303      4E484FB1 
 303      D8ED4B92 
 303      525D3133 
 304 0937 25FE3E9E 		.ascii	"%\376>\236\231:]K\022\223\322\354\213\323\035\357%9"
 304      993A5D4B 
 304      1293D2EC 
 304      8BD31DEF 
 304      2539
 305 0949 FE11F3A2 		.ascii	"\376\021\363\242\2767\336\225\226\226\354\214\177'u"
 305      BE37DE95 
 305      9696EC8C 
 305      7F2775
 306 0958 49186B85 		.ascii	"I\030k\205!G\230#e\201#1\321\221\030?3jFX\354\364\230"
 306      21479823 
 306      65812331 
 306      D191183F 
 306      336A4658 
 307 096f 17DE8D89 		.ascii	"\027\336\215\211\307\376\347R\323R\035\3179\022\026"
 307      C7FEE752 
 307      D3521DCF 
 307      391216
 308 097e 24C527A5 		.ascii	"$\305'\245.L^\222\350\210OI@\256TG\274=\321\361v\302"
 308      2E4C5E92 
 308      E8884F49 
 308      40AE5447 
 308      BC3DD1F1 
 309 0994 926497DD 		.ascii	"\222d\227\335\365\376b\2073j\221\024\250F\361\356\377"
 309      F5FE6287 
 309      336A9114 
 309      A846F1EE 
 309      FF
ARM GAS  C:\Users\8FEE~1\AppData\Local\Temp\cc13nVcx.s 			page 24


 310 09a5 210AE7FB 		.ascii	"!\012\347\373\316x\314E\"\272D\327A\250\272\222R\034"
 310      CE78CC45 
 310      22BA44D7 
 310      41A8BA92 
 310      521C
 311 09b7 7657F418 		.ascii	"vW\364\030)LwE\013S\034\240h\021t0\315d\332b\236Hl;"
 311      294C7745 
 311      0B531CA0 
 311      68117430 
 311      CD64DA62 
 312 09cf 5C6AF355 		.ascii	"\\j\363U\321D\204=99\321\236\204\225\232\365\204\002"
 312      D144843D 
 312      3939D19E 
 312      84959AF5 
 312      8402
 313 09e1 2D4E4B77 		.ascii	"-NKw9\243\347\315\237;#6\372\2157\346D\317\177}\356"
 313      39A3E7CD 
 313      9F3B2336 
 313      FA8D37E6 
 313      44CF7F7D 
 314 09f6 7B31A264 		.ascii	"{1\242d\224\000\235\231\343\342\346\332f\210z\315\210"
 314      94009D99 
 314      E3E2E6DA 
 314      66887ACD 
 314      88
 315 0a07 B5BB02D5 		.ascii	"\265\273\002\325\206\374g\233i\316\334\227ldN\234\315"
 315      86FC679B 
 315      69CEDC97 
 315      6C644E9C 
 315      CD
 316 0a18 F4F29CF9 		.ascii	"\364\362\234\3716\022\027g#6\224\227l6\362\227yq$\356"
 316      36121767 
 316      23369497 
 316      6C36F297 
 316      797124EE 
 317 0a2c CDF9A6B8 		.ascii	"\315\371\246\270\270Wl\214#\226\375\306\220W^\265\311"
 317      B8576C8C 
 317      2396FDC6 
 317      90575EB5 
 317      C9
 318 0a3d F3D0F2F5 		.ascii	"\363\320\362\365Wl\246ys\021\035g\213E\211A\344\337"
 318      576CA679 
 318      73111D67 
 318      8B458941 
 318      E4DF
 319 0a4f 6C7FFCC9 		.ascii	"l\177\374\311\301:])4\230\244\024\236\030\241\330]V"
 319      C13A5D29 
 319      3498A414 
 319      9E18A1D8 
 319      5D56
 320 0a61 9102275D 		.ascii	"\221\002']s\366\004\232\225P\273\375\355%\251\013\355"
 320      73F6049A 
 320      9550BBFD 
 320      ED25A90B 
 320      ED
 321 0a72 F6A8175E 		.ascii	"\366\250\027^\214\375]\240\252\231\026.JH\177j\024\236"
 321      8CFD5DA0 
ARM GAS  C:\Users\8FEE~1\AppData\Local\Temp\cc13nVcx.s 			page 25


 321      AA99162E 
 321      4A487F6A 
 321      149E
 322 0a84 B698A327 		.ascii	"\266\230\243'\252=\016?\3463b\325\341w\374\016\317\374"
 322      AA3D0E3F 
 322      E63362D5 
 322      E177FC0E 
 322      CFFC
 323 0a96 3789CF6C 		.ascii	"7\211\317l\315"
 323      CD
 324              		.text
 325              		.section	.gnu.lto_.symtab.9550cb8c,"",%progbits
 326 0000 7374496E 		.ascii	"stInit\000"
 326      697400
 327 0007 00       		.ascii	"\000"
 328 0008 00       		.ascii	"\000"
 329 0009 00       		.ascii	"\000"
 330 000a 00000000 		.ascii	"\000\000\000\000\000\000\000\000"
 330      00000000 
 331 0012 AE000000 		.ascii	"\256\000\000\000"
 332 0016 73745374 		.ascii	"stStartAlarm\000"
 332      61727441 
 332      6C61726D 
 332      00
 333 0023 00       		.ascii	"\000"
 334 0024 00       		.ascii	"\000"
 335 0025 00       		.ascii	"\000"
 336 0026 00000000 		.ascii	"\000\000\000\000\000\000\000\000"
 336      00000000 
 337 002e BD000000 		.ascii	"\275\000\000\000"
 338 0032 73745374 		.ascii	"stStopAlarm\000"
 338      6F70416C 
 338      61726D00 
 339 003e 00       		.ascii	"\000"
 340 003f 00       		.ascii	"\000"
 341 0040 00       		.ascii	"\000"
 342 0041 00000000 		.ascii	"\000\000\000\000\000\000\000\000"
 342      00000000 
 343 0049 BF000000 		.ascii	"\277\000\000\000"
 344 004d 73745365 		.ascii	"stSetAlarm\000"
 344      74416C61 
 344      726D00
 345 0058 00       		.ascii	"\000"
 346 0059 00       		.ascii	"\000"
 347 005a 00       		.ascii	"\000"
 348 005b 00000000 		.ascii	"\000\000\000\000\000\000\000\000"
 348      00000000 
 349 0063 C1000000 		.ascii	"\301\000\000\000"
 350 0067 73744765 		.ascii	"stGetAlarm\000"
 350      74416C61 
 350      726D00
 351 0072 00       		.ascii	"\000"
 352 0073 00       		.ascii	"\000"
 353 0074 00       		.ascii	"\000"
 354 0075 00000000 		.ascii	"\000\000\000\000\000\000\000\000"
 354      00000000 
 355 007d C4000000 		.ascii	"\304\000\000\000"
ARM GAS  C:\Users\8FEE~1\AppData\Local\Temp\cc13nVcx.s 			page 26


 356 0081 73745F6C 		.ascii	"st_lld_init\000"
 356      6C645F69 
 356      6E697400 
 357 008d 00       		.ascii	"\000"
 358 008e 02       		.ascii	"\002"
 359 008f 00       		.ascii	"\000"
 360 0090 00000000 		.ascii	"\000\000\000\000\000\000\000\000"
 360      00000000 
 361 0098 C6000000 		.ascii	"\306\000\000\000"
 362              		.text
 363              		.section	.gnu.lto_.opts,"",%progbits
 364 0000 272D666D 		.ascii	"'-fmath-errno' '-fsigned-zeros' '-ftrapping-math' '"
 364      6174682D 
 364      6572726E 
 364      6F272027 
 364      2D667369 
 365 0033 2D666E6F 		.ascii	"-fno-trapv' '-fno-openmp' '-fno-openacc' '-mcpu=cor"
 365      2D747261 
 365      70762720 
 365      272D666E 
 365      6F2D6F70 
 366 0066 7465782D 		.ascii	"tex-m7' '-mno-thumb-interwork' '-mthumb' '-ggdb' '-"
 366      6D372720 
 366      272D6D6E 
 366      6F2D7468 
 366      756D622D 
 367 0099 4F322720 		.ascii	"O2' '-fomit-frame-pointer' '-falign-functions=16' '"
 367      272D666F 
 367      6D69742D 
 367      6672616D 
 367      652D706F 
 368 00cc 2D666675 		.ascii	"-ffunction-sections' '-fdata-sections' '-fno-common"
 368      6E637469 
 368      6F6E2D73 
 368      65637469 
 368      6F6E7327 
 369 00ff 2720272D 		.ascii	"' '-flto'\000"
 369      666C746F 
 369      2700
 370              		.text
 371              		.comm	__gnu_lto_v1,1,1
 372              		.comm	__gnu_lto_slim,1,1
 373              		.ident	"GCC: (GNU Tools for ARM Embedded Processors 6-2017-q1-update) 6.3.1 20170215 (release) [AR
ARM GAS  C:\Users\8FEE~1\AppData\Local\Temp\cc13nVcx.s 			page 27


DEFINED SYMBOLS
                            *ABS*:00000000 hal_st.c
                            *COM*:00000001 __gnu_lto_v1
                            *COM*:00000001 __gnu_lto_slim

NO UNDEFINED SYMBOLS
