ARM GAS  C:\Users\8FEE~1\AppData\Local\Temp\ccS6J3wn.s 			page 1


   1              		.cpu cortex-m7
   2              		.eabi_attribute 20, 1
   3              		.eabi_attribute 21, 1
   4              		.eabi_attribute 23, 3
   5              		.eabi_attribute 24, 1
   6              		.eabi_attribute 25, 1
   7              		.eabi_attribute 26, 1
   8              		.eabi_attribute 30, 2
   9              		.eabi_attribute 34, 1
  10              		.eabi_attribute 18, 4
  11              		.file	"hal_lld.c"
  12              		.text
  13              	.Ltext0:
  14              		.section	.gnu.lto_.profile.9550f578,"",%progbits
  15 0000 789C6365 		.ascii	"x\234ce`b`e```dhb\314\005\000\002\213\000\376"
  15      60626065 
  15      60606064 
  15      6862CC05 
  15      00028B00 
  16              		.text
  17              		.section	.gnu.lto_.icf.9550f578,"",%progbits
  18 0000 789C6365 		.ascii	"x\234ce`b\220b@\000\026\206\177\007\177_\342`\374\371"
  18      60629062 
  18      40001686 
  18      7F077F5F 
  18      E260FCF9 
  19 0014 E4C94D46 		.ascii	"\344\311MF\246S3W\357\342g>\275\371\376nV\006\000\275"
  19      A6533357 
  19      EFE2673E 
  19      BDF9FE6E 
  19      560600BD 
  20 0028 C30D4F   		.ascii	"\303\015O"
  21              		.text
  22              		.section	.gnu.lto_.jmpfuncs.9550f578,"",%progbits
  23 0000 789C6365 		.ascii	"x\234ce`b\340e@\000f f\0041\230\200\030\000\002a\000"
  23      6062E065 
  23      40006620 
  23      66043198 
  23      80180002 
  24 0016 1B       		.ascii	"\033"
  25              		.text
  26              		.section	.gnu.lto_.inline.9550f578,"",%progbits
  27 0000 789C6365 		.ascii	"x\234ce`b\360f@\000f\006\0061[F\006&\265\216\031\354"
  27      6062F066 
  27      40006606 
  27      06315B46 
  27      0626B58E 
  28 0016 0C6C0BE4 		.ascii	"\014l\013\344\231@\202\214\014B\312@1\251\011\247\031"
  28      9940828C 
  28      0C42CA40 
  28      31A909A7 
  28      19
  29 0027 11625C30 		.ascii	"\021b\\0\202\211\3414C\0373P~\002\343\201%\006p\005"
  29      8289E134 
  29      431F3350 
  29      7E02E381 
  29      25067005 
ARM GAS  C:\Users\8FEE~1\AppData\Local\Temp\ccS6J3wn.s 			page 2


  30 003b 0C00695D 		.ascii	"\014\000i]\011\231"
  30      0999
  31              		.text
  32              		.section	.gnu.lto_.pureconst.9550f578,"",%progbits
  33 0000 789C6365 		.ascii	"x\234ce`b`g```f\220b\224b\222\002\000\001\310\000c"
  33      60626067 
  33      60606066 
  33      90629462 
  33      92020001 
  34              		.text
  35              		.section	.gnu.lto_hal_lld_backup_domain_init.9550f578,"",%progbits
  36 0000 789C9D94 		.ascii	"x\234\235\224MHTQ\024\307\317y\367\276\367\234\321q"
  36      4D485451 
  36      14C7CF79 
  36      F7BEF79C 
  36      D171
  37 0012 24080A5C 		.ascii	"$\010\012\\\264u\343\243/\025\242\240M\255Z\325^\322"
  37      B475E3A3 
  37      2F15A2A0 
  37      4DAD5AD5 
  37      5ED2
  38 0024 160A8291 		.ascii	"\026\012\202\221-\334y\247\306\017\234\32069\026\331"
  38      2DDC79A7 
  38      C60F9CD0 
  38      363916D9 
  39 0034 9B08312D 		.ascii	"\233\0101-\235,\373\030\255\234f4\013D#pa\011I\210("
  39      9D2CFB18 
  39      AD9C6634 
  39      0B442370 
  39      61094988 
  40 0049 15480D98 		.ascii	"\025H\015\230hN\367\343\215O\334\324x\2319w\336}\207"
  40      684EF7E3 
  40      8D4FDCD4 
  40      78993977 
  40      DE7D87
  41 005c F3FBFFCF 		.ascii	"\363\373\377\317;ot\320\240H\0078\016\000\345\374\213"
  41      3B6F74D0 
  41      A0480738 
  41      0E00E5FC 
  41      8B
  42 006d 3980DAF5 		.ascii	"9\200\332\365)\200@\216\246\221H\0310/]\331\013,\217"
  42      2980408E 
  42      A6914819 
  42      302F5DD9 
  42      0B2C8F
  43 0080 2055C714 		.ascii	" U\307\024u\365C\327\314k\023\300\023\214\240\311\023"
  43      75F543D7 
  43      CC6B13C0 
  43      138CA0C9 
  43      13
  44 0091 4C757ED2 		.ascii	"Lu~\322@\024;\313Ah\320\010\325M\003\0334N\220\253\235"
  44      40143BCB 
  44      4168D008 
  44      D54D031B 
  44      344E90AB 
  45 00a6 8409269A 		.ascii	"\204\011&\232\027cZQ\017\343+\036\236;\032`\215\373"
  45      17635A51 
ARM GAS  C:\Users\8FEE~1\AppData\Local\Temp\ccS6J3wn.s 			page 3


  45      0FE32B1E 
  45      9E3B1A60 
  45      8DFB
  46 00b8 6C027093 		.ascii	"l\002p\223\250\034\354\301\"\340i_\0077o\370\014\252"
  46      A81CECC1 
  46      22E0695F 
  46      07376FF8 
  46      0CAA
  47 00ca CEF13E1A 		.ascii	"\316\361>\032\310\367\350G\214\263\315t3\213\247\272"
  47      C8F7E847 
  47      8CB3CD74 
  47      338BA7BA 
  48 00da 317C7A0F 		.ascii	"1|z\017\001\233+\023\301\020\301\024\301+B\256\010>"
  48      019B2B13 
  48      C110C114 
  48      C12B42AE 
  48      083E
  49 00ec 11F245F0 		.ascii	"\021\362E\360\213P \002@+/\310%\207\210\3067\262\214"
  49      8B502002 
  49      402B2FC8 
  49      258788C6 
  49      37B28C
  50 00ff 89E1E5B5 		.ascii	"\211\341\345\2652\001\350\"B^Gcb\332l#6\321P\310\270"
  50      3201E822 
  50      425E4763 
  50      62DA6C23 
  50      36D150C8 
  51 0114 FB2738E0 		.ascii	"\373'8\340Q\227l>\300(?\272397\346\265\261+\300\035"
  51      51976C3E 
  51      C0283FBA 
  51      333937E6 
  51      B5B12BC0 
  52 0129 1CB009C1 		.ascii	"\034\260\011\301>,\304^,\004\221?5\335\2322\255~\026"
  52      3E2CC45E 
  52      2C04913F 
  52      35DD9A32 
  52      AD7E16
  53 013c 449B507C 		.ascii	"D\233P|\2006vJc\370\020-X\306\253\277\233P\261\250\302"
  53      8036764A 
  53      63F8102D 
  53      58C6ABBF 
  53      9B50B1A8 
  54 0151 0D2C8DDE 		.ascii	"\015,\215\336\366\212\372\210L\303~^\205+\352\360\210"
  54      F68AFA88 
  54      4CC37E5E 
  54      852BEAF0 
  54      88
  55 0162 9CEC5003 		.ascii	"\234\354P\003.*\212\026\257\017\322\332F\211\302\031"
  55      2E2A8A16 
  55      AF0FD2DA 
  55      4689C219 
  56 0172 DBADE9D2 		.ascii	"\333\255\351\322Z\260k|\321\243.\331J\213\264\366\355"
  56      5AB06B7C 
  56      D1A32ED9 
  56      4A8BB4F6 
  56      ED
  57 0183 CB7A4C77 		.ascii	"\313zLwy\006\016r\336#\207\367\263\343\303|\236\340"
ARM GAS  C:\Users\8FEE~1\AppData\Local\Temp\ccS6J3wn.s 			page 4


  57      79060E72 
  57      DE2387F7 
  57      B3E3C37C 
  57      9EE0
  58 0195 05C43D8A 		.ascii	"\005\304=\212\217%Q<\026|\242\314m4\365\352\012g*\342"
  58      8F25513C 
  58      167CA2CC 
  58      6D34F5EA 
  58      0A672AE2 
  59 01a9 42F742C4 		.ascii	"B\367B\304\343\2703p\210\027Z\300\340\347\344\021'I"
  59      E3B83370 
  59      88175AC0 
  59      E0E7E411 
  59      2749
  60 01bb FA152B44 		.ascii	"\372\025+D\010\264\350\342a\244\2266O8\346\267\213\211"
  60      08B4E8E2 
  60      61A49636 
  60      4F38E6B7 
  60      8B89
  61 01cd 54C0BFE4 		.ascii	"T\300\277\344<u\345<C\213'\364\255\332\277\250\200S"
  61      3C75E53C 
  61      438B27F4 
  61      ADDABFA8 
  61      8053
  62 01df 648CE273 		.ascii	"d\214\342s\325\333\324Rz\227\200\027. &\001[\375\244"
  62      D5DBD452 
  62      7A978017 
  62      2E202601 
  62      5BFDA4
  63 01f2 08382CAD 		.ascii	"\0108,\255\204x\3373S\325y\317T>\275\377\335Y\371$G"
  63      8478DF33 
  63      53D579CF 
  63      543EBDFF 
  63      DD59F924 
  64 0207 5CCECB1D 		.ascii	"\\\316\313\035C\223\253\212\245\302\223\263~\325\326"
  64      4393AB8A 
  64      A5C293B3 
  64      7ED5D6
  65 0216 FDF86AC7 		.ascii	"\375\370j\307\314dAz\355\222F\305\314\344J\007:\360"
  65      CC64417A 
  65      ED9246C5 
  65      CCE44A07 
  65      3AF0
  66 0228 375859B8 		.ascii	"7XY\270\225t,\370\262\035\216\270[\372Mf8f\235\341\310"
  66      95742CF8 
  66      B21D8EB8 
  66      5BFA4D66 
  66      38669DE1 
  67 023d 57F5C6D3 		.ascii	"W\365\306\323\253q\307\205\206\0115\033\237\222\223"
  67      AB71C785 
  67      8609351B 
  67      9F9293
  68 024c 8ED57C9E 		.ascii	"\216\325|\236\021\375\036[\363\251\014\300\2443+\255"
  68      11FD1E5B 
  68      F3A90CC0 
  68      A4332BAD 
  69 025c C404FECF 		.ascii	"\304\004\376\317\203!bl\265\372}\246\325\376\354^\232"
ARM GAS  C:\Users\8FEE~1\AppData\Local\Temp\ccS6J3wn.s 			page 5


  69      8321626C 
  69      B5FA7DA6 
  69      D5FEEC5E 
  69      9A
  70 026d 31A95213 		.ascii	"1\251R\023*\3073*\035~\201*6\324>2\343HH\257\247\323"
  70      2AC7332A 
  70      1D7E812A 
  70      36D43E32 
  70      E34848AF 
  71 0283 7E7CBBFB 		.ascii	"~|\273\373Wt\302\245\275\023\355.\200\037x%\022m\223"
  71      5774C2A5 
  71      BD13ED2E 
  71      801F7825 
  71      126D93
  72 0296 44C71B72 		.ascii	"D\307\033rO<\343Xq\261\245>\225U\325\025\325\265u\007"
  72      4F3CE358 
  72      71B1A53E 
  72      9555D515 
  72      D5B57507 
  73 02aa 4B4BACDA 		.ascii	"KK\254\332:\253\352|\215u\261\366\322\345:\353\354\271"
  73      3AABEA7C 
  73      8D75B1F6 
  73      D2E53AEB 
  73      ECB9
  74 02bc 33870FA9 		.ascii	"3\207\017\251x\252\264\276^\334)\257\251\271P\\\011"
  74      78AAB4BE 
  74      5EDC29AF 
  74      A9B9505C 
  74      09
  75 02cd 7F01E9E2 		.ascii	"\177\001\351\342\272\202"
  75      BA82
  76              		.text
  77              		.section	.gnu.lto_hal_lld_init.9550f578,"",%progbits
  78 0000 789CA594 		.ascii	"x\234\245\224;l\023A\020\206\347\277\275\263\317\222"
  78      3B6C1341 
  78      1086E7BF 
  78      BDB3CF92 
  79 0010 21A24322 		.ascii	"!\242C\"\005m\032\257\000\211\024\210\226\002\211\012"
  79      056D1AAF 
  79      00891488 
  79      9602890A 
  80 0020 7A04A648 		.ascii	"z\004\246H$KF\230\"\235\317\344\205\202x4qHa]$\212`"
  80      244B4698 
  80      229DCFE4 
  80      85827834 
  80      7148615D 
  81 0037 4208E16D 		.ascii	"B\010\341m\207\207c\010P @(\035\212\202(\"E\341-\212"
  81      87876308 
  81      50204028 
  81      1D8A8228 
  81      2245E12D 
  82 004c 20E48499 		.ascii	" \344\204\231=+\227\206\342\234\325\335\334cg\277\231"
  82      3D2B9786 
  82      E29CD5DD 
  82      DC6367BF 
  82      99
  83 005d F9E76E1D 		.ascii	"\371\347n\035\262h\336&:HD\273\370\204\"XW\336\022\025"
ARM GAS  C:\Users\8FEE~1\AppData\Local\Temp\ccS6J3wn.s 			page 6


  83      B268DE26 
  83      3A4844BB 
  83      F8842258 
  83      57DE1215 
  84 0071 5C0B901B 		.ascii	"\\\013\220\033\317\005\345-\344qY\215(\324\007\227*"
  84      CF05E52D 
  84      E471598D 
  84      28D40797 
  84      2A
  85 0082 56C7B8C7 		.ascii	"V\307\270\307\24362\037\037\360\372w\372\212h\224O\031"
  85      A336321F 
  85      1FF0FA77 
  85      FA8A6894 
  85      4F19
  86 0094 184707B1 		.ascii	"\030G\007\261\333\347\351\265\341m1;x\217\353\210\201"
  86      DBE7E9B5 
  86      E16D313B 
  86      788FEB88 
  86      81
  87 00a5 AF531F50 		.ascii	"\257S\037P\363\326\326\007\275\332\233kX8\274\303\""
  87      F3D6D607 
  87      BDDA9B6B 
  87      5838BCC3 
  87      22
  88 00b6 5FC111E3 		.ascii	"_\301\021\343\212I\210I\212!\032\342u\022\374\202\262"
  88      8A498849 
  88      8A211AE2 
  88      7512FC82 
  88      B2
  89 00c7 E4AA9651 		.ascii	"\344\252\226Q\257.\177K\013\251\244,\016P\354\257\277"
  89      AF2E7F4B 
  89      0BA9A42C 
  89      0E50ECAF 
  89      BF
  90 00d8 8B5F52BE 		.ascii	"\213_R\276\262 \361\372JsK\211\340\321\373q\336\263"
  90      B220F1FA 
  90      4A734B89 
  90      E0D1FB71 
  90      DEB3
  91 00ea F9D5CAE2 		.ascii	"\371\325\312\342\337\212\343\243T\340Tw\373J\341\006"
  91      DF8AE3A3 
  91      54E05477 
  91      FB4AE106 
  92 00fa DA51463B 		.ascii	"\332QF;\211\377\257\342\373OI=\351\365\301W6&\340\343"
  92      89FFAFE2 
  92      FB4F493D 
  92      E9F5C157 
  92      3626E0E3 
  93 010e AAA90037 		.ascii	"\252\251\0007\241\211\203\375v%T4\312dH\271\005\315"
  93      A18983FD 
  93      76255434 
  93      CA6448B9 
  93      05CD
  94 0120 D30BAFCB 		.ascii	"\323\013\257\313\023J\222\002\326y\264a\212\327E\207"
  94      134A9202 
  94      D679B461 
  94      8AD74587 
ARM GAS  C:\Users\8FEE~1\AppData\Local\Temp\ccS6J3wn.s 			page 7


  95 0130 1764CEC6 		.ascii	"\027d\316\306\355\020?m\360\033\022\330 \334\011\320"
  95      ED103F6D 
  95      F01B12D8 
  95      20DC09D0 
  96 0140 D5F27715 		.ascii	"\325\362w\025\210\344DK\376\256\241K\227p\257u\011\356"
  96      88E4444B 
  96      FEAEA14B 
  96      9770AF75 
  96      09EE
  97 0152 879407D0 		.ascii	"\207\224\007\320[\253\367a\310z\304\254\215\002W\233"
  97      5BABF761 
  97      C87AC4AC 
  97      8D02579B 
  98 0162 05BAD152 		.ascii	"\005\272\321R\253\030\234%\270\252)\260wu\000\001)\021"
  98      AB189C25 
  98      B8AA29B0 
  98      77750001 
  98      2911
  99 0174 C02E3616 		.ascii	"\300.6\026g7\265k;f\202\220\305Dt!\036\207\321\236@"
  99      6737B56B 
  99      3B668290 
  99      C5447421 
  99      1E87D19E 
 100 0189 7388D675 		.ascii	"s\210\326ux\032\242\236m\326\341OS\207d\264\314j\006"
 100      781AA29E 
 100      6DD6E14F 
 100      538764B4 
 100      CC6A06
 101 019c 677ECBD9 		.ascii	"g~\313\331\326\033]\017)\317\267\332\350\027!k\256Y"
 101      D61B5D0F 
 101      29CFB7DA 
 101      E817216B 
 101      AE59
 102 01ae E00A7AC7 		.ascii	"\340\012z\307~\266\011L\026T*_>\306\363\015\317\365"
 102      7EB6094C 
 102      16542A5F 
 102      3EC6F30D 
 102      CFF5
 103 01c0 95332A5F 		.ascii	"\2253*_\004^\"\317\373D\314\3705\376\343\307\212\341"
 103      045E22CF 
 103      FB44CCF8 
 103      35FEE3C7 
 103      8AE1
 104 01d2 55D3EF2B 		.ascii	"U\323\357+\316\215\315\014\233v\233mj\210)\274\255\260"
 104      CE8DCD0C 
 104      9B769B6D 
 104      6A8829BC 
 104      ADB0
 105 01e4 CB81544A 		.ascii	"\313\201TJ\007G\272\253\373dw6\267\247s\277\316\346"
 105      0747BAAB 
 105      FB647736 
 105      B7A773BF 
 105      CEE6
 106 01f6 74D7898C 		.ascii	"t\327\211\214>\235=s6\247\217\036;\262oo`\017u\366\364"
 106      3E9D3D73 
 106      36A78F1E 
 106      3BB26F6F 
ARM GAS  C:\Users\8FEE~1\AppData\Local\Temp\ccS6J3wn.s 			page 8


 106      600F75F6 
 107 020b C8CCF14C 		.ascii	"\310\314\361L\346T*M\377\000\013\006\241\005"
 107      E6542A4D 
 107      FF000B06 
 107      A105
 108              		.text
 109              		.section	.gnu.lto_stm32_clock_init.9550f578,"",%progbits
 110 0000 789CA558 		.ascii	"x\234\245XkL\024W\024\2363\263\317a\227]\336/E\242\022"
 110      6B4C1457 
 110      149E33B3 
 110      CF61975D 
 110      DE2F45A2 
 111 0015 C51FAE8A 		.ascii	"\305\037\256\212\026\323&M\366\217\377\372\313\376o"
 111      16D3264D 
 111      F68FFFFA 
 111      CBFE6F
 112 0024 5A4CABA9 		.ascii	"ZL\253\251\211\2156\215\377\034p\001\005\252\326Z\265"
 112      898D368D 
 112      FF1C7001 
 112      05AAD65A 
 112      B5
 113 0035 A6B836D6 		.ascii	"\246\2706\326*-\202\326GE\255R\224. \212Z\332\"Z\261"
 113      2A2D82D6 
 113      4745AD52 
 113      942E208A 
 113      5ADA225A 
 114 004a 288FAD6F 		.ascii	"(\217\255oK}\000\262\275\347\336;{\327\261\215\316v"
 114      4B7D00B2 
 114      BDE7DE3B 
 114      7BD7B18D 
 114      CE76
 115 005c 43CEDDBD 		.ascii	"C\316\335\275g\346;\337\371\316\271\367\316`\225d\351"
 115      67E63BDF 
 115      F9CEB9F7 
 115      CE609564 
 115      E9
 116 006d 7092242D 		.ascii	"p\222$-\220$i9H\022\344H o8'I%\016\031\024\366E\221"
 116      90246939 
 116      4812E448 
 116      206F3827 
 116      49250E19 
 117 0085 B3AB4392 		.ascii	"\263\253C\222\244\251\226\200]\322\\\331l\336o\001+"
 117      A4A99680 
 117      5DD25CD9 
 117      6CDE6F01 
 117      2B
 118 0096 F35BE52C 		.ascii	"\363[\345,\346\267Q\177\026\233\367\333\300\316\374"
 118      E6B7517F 
 118      169BF7DB 
 118      C0CEFC
 119 00a5 763993F9 		.ascii	"v9\223\371\035\324\237\311\346\375\016p2\277S\316`~"
 119      1DD49FC9 
 119      E6FD0E70 
 119      32BF53CE 
 119      607E
 120 00b7 95FA33D8 		.ascii	"\225\3723\330\274_\205\004\346O\220\323\231\337E\375"
 120      BC5F8504 
ARM GAS  C:\Users\8FEE~1\AppData\Local\Temp\ccS6J3wn.s 			page 9


 120      E64F90D3 
 120      99DF45FD 
 121 00c7 E96CDEEF 		.ascii	"\351l\336\357\0027\363\273\3454\346O\244\37646\357O"
 121      0237F3BB 
 121      E534E64F 
 121      A4FE3436 
 121      EF4F
 122 00d9 84641C21 		.ascii	"\204d\034!YNen\017u\247\262i\277\007\274\354v\257\234"
 122      594E656E 
 122      0F75A7B2 
 122      69BF07BC 
 122      EC76AF9C 
 123 00ed C2FC49D4 		.ascii	"\302\374I\324\237\302\346\375I\0008j\016\220V\311J\266"
 123      9FC2E6FD 
 123      4900386A 
 123      0E9056C9 
 123      4AB6
 124 00ff C59A65B3 		.ascii	"\305\232e\263g:\234\031jB\272\313\235\226\230\234\352"
 124      673A9C19 
 124      6A42BACB 
 124      9D96989C 
 124      EA
 125 0110 F1A624C1 		.ascii	"\361\246$\301*\247\"\261\217\225\217v>:\371\230\300"
 125      2AA722B1 
 125      8F958F76 
 125      3E3AF998 
 125      C0
 126 0121 47371F93 		.ascii	"G7\037\223\371\350\345\343ze\213\002\315\025\003\215"
 126      F9E8E5E3 
 126      7A658B02 
 126      CD15038D 
 127 0131 72C16E8D 		.ascii	"r\301n\215|\232\266\214\253\345ZYf\220\000\177\316\301"
 127      7C9AB68C 
 127      ABE55A59 
 127      6690007F 
 127      CEC1
 128 0143 61371448 		.ascii	"a7\024H\344\262\276\375\343\237\271m\0266\017{\300F"
 128      E4B2BEFD 
 128      E39FB96D 
 128      16360F7B 
 128      C046
 129 0155 2A26355C 		.ascii	"*&5\\\204&m<R\2415\335\332\011\007\026\276j\221\202"
 129      84266D3C 
 129      52A135DD 
 129      DA090716 
 129      BE6A9182 
 130 0169 0A58D1D8 		.ascii	"\012X\321\330\3218\3208\321\250h\\h\022\321x\320x\321"
 130      D138D038 
 130      D1A8685C 
 130      6812D178 
 130      D078D1
 131 017c 24A14945 		.ascii	"$\241IE\223\206&\003M&\232l49h&\242\311E3\011M\036\232"
 131      93862603 
 131      4D269A6C 
 131      34396826 
 131      A2C94533 
 132 0194 C968A6A0 		.ascii	"\311h\246\240\231\212&\037\31544\323\321\024\240\231"
ARM GAS  C:\Users\8FEE~1\AppData\Local\Temp\ccS6J3wn.s 			page 10


 132      998A261F 
 132      CD3434D3 
 132      D114A099 
 133 01a4 81C68766 		.ascii	"\201\306\207f\026\2329h\012\321\314E3\017M\021\232\371"
 133      169A3968 
 133      0AD1CC45 
 133      330F4D11 
 133      9AF9
 134 01b6 6824A992 		.ascii	"h$\251\222\344E\212P\245\310dP\302\320<<\324Q\246b\242"
 134      E4458A50 
 134      A5C86450 
 134      C2D03C3C 
 134      D451A662 
 135 01cb 24F9CD65 		.ascii	"$\371\315e\315\235\366uJP\221\001\265\010\324\264\014"
 135      CD9DF675 
 135      4A509101 
 135      B508D4B4 
 135      0C
 136 01dc 38D94FED 		.ascii	"8\331O\355\336\032\315B\246n\366\2166Z\203PSBd\334\221"
 136      DE1ACD42 
 136      A66EF68E 
 136      365A8350 
 136      534264DC 
 137 01f1 1D5414F8 		.ascii	"\035T\024\370\006&@-L\220\360\206\007\233\317_s\371"
 137      0626402D 
 137      4C90F086 
 137      079BCF5F 
 137      73F9
 138 0203 F66A8112 		.ascii	"\366j\201\022-/\250X\340[\010\302V*0\324\201\217\\\320"
 138      2D2FA858 
 138      E05B08C2 
 138      562A30D4 
 138      818F5CD0 
 139 0217 73209881 		.ascii	"s \230\201\200\026\320\326h\032\300^r#\345\320Sf7r\260"
 139      8016D0D6 
 139      681AC05E 
 139      7223E5D0 
 139      53663772 
 140 022c 520E5F3E 		.ascii	"R\016_>\015\324;\331O\355Z\011\345\260\275\343\312i"
 140      0DD43BD9 
 140      4FED5A09 
 140      E5B0BDE3 
 140      CA69
 141 023e 3586830D 		.ascii	"5\206\203\015\032\010\207z\316\341\\g\345\260=\206\303"
 141      1A08877A 
 141      CEE15C67 
 141      E5B03D86 
 141      C3
 142 024f 3ECA01AB 		.ascii	">\312\001\253\010\373)\207\226\372\221>''\241)\360\035"
 142      08FB2987 
 142      96FA913E 
 142      2727A129 
 142      F01D
 143 0261 A370347C 		.ascii	"\243p4|\265\337\206\024j\024c\236y\377\231& \310\001"
 143      B5DF8614 
 143      6A14639E 
 143      79FF9926 
ARM GAS  C:\Users\8FEE~1\AppData\Local\Temp\ccS6J3wn.s 			page 11


 143      20C801
 144 0274 1A40C600 		.ascii	"\032@\306\000\007I!\302\260\372q90$+\003;x:T\356\300"
 144      074921C2 
 144      B0FA7139 
 144      30242B03 
 144      3B783A54 
 145 028a 88403E87 		.ascii	"\210@>\207X\274\315N\236\257\211H\207E\244\357\301G"
 145      58BCCD4E 
 145      9EAF8948 
 145      8745A4EF 
 145      C147
 146 029c E0C9B72A 		.ascii	"\340\311\267*E\221\310\"Rh\012\275\375v\026\330\376"
 146      4591C822 
 146      52680ABD 
 146      FD7616D8 
 146      FE
 147 02ad D2C05CA5 		.ascii	"\322\300\\\245#\002\272\221%1V\336fe`\016\206\327\022"
 147      2302BA91 
 147      253156DE 
 147      6665600E 
 147      86D712
 148 02c0 79D4E461 		.ascii	"y\324\344aY\310p\224\340\334\200@\317\251\016\236\252"
 148      59C87094 
 148      E0DC8040 
 148      CFA90E9E 
 148      AA
 149 02d1 835CD170 		.ascii	"\203\\\321p\253\361\211\233]!\3011\214$a\303eKd\361"
 149      ABF1899B 
 149      5D21C131 
 149      8C2461C3 
 149      654B64F1 
 150 02e5 439562E1 		.ascii	"C\225b\341\035w4|{\027\347\3514'\300q\312\222\256\314"
 150      1D77347C 
 150      7B17E7E9 
 150      3427C071 
 150      CA92AECC 
 151 02f9 1F74963C 		.ascii	"\037t\226<\276\312\300N<,\373\2101\030\213D\"\0368\021"
 151      BECAC04E 
 151      3C2CFB88 
 151      31188B44 
 151      221E3811 
 152 030d BFDA2745 		.ascii	"\277\332'E\260&T[\245mR{\207\253\3422\207\366\243@k"
 152      B026545B 
 152      A56D527B 
 152      87ABE232 
 152      87F6A340 
 153 0322 A6D4E3E2 		.ascii	"\246\324\343\342tJ\240\234FN.\332\001V\321\001w[\270"
 153      744AA09C 
 153      464E2EDA 
 153      0156D101 
 153      775BB8
 154 0335 B289663B 		.ascii	"\262\211f;\240E@\377\244k{\211\347\352ax\243C\233.\001"
 154      A04540FF 
 154      A46B7B89 
 154      E7EA6178 
 154      A3439B2E 
 155 034a 53D70521 		.ascii	"S\327\005!\326\001\227\243\035\340\211)y\026/\271-Z"
ARM GAS  C:\Users\8FEE~1\AppData\Local\Temp\ccS6J3wn.s 			page 12


 155      D60197A3 
 155      1DE08929 
 155      79162FB9 
 155      2D5A
 156 035c F2517D75 		.ascii	"\362Q}uy\315e\334*\032\263\315P\362$\006\326\320V\026"
 156      79CD65DC 
 156      2A1AB3CD 
 156      50F22406 
 156      D6D05616 
 157 0370 E2AC9E00 		.ascii	"\342\254\236\000\264\307_\3603\"T\007\212\233\304\266"
 157      B4C75FF0 
 157      33225407 
 157      8A9BC4B6 
 158 0380 A6B15DF6 		.ascii	"\246\261]\366\177\301z\361\346wV\010z\216n<\321\235"
 158      7FC17AF1 
 158      E6775608 
 158      7A8E6E3C 
 158      D19D
 159 0392 CD429647 		.ascii	"\315B\226G\247\276\355T\016raR\315\261=/\330^0l;i\014"
 159      A7BEED54 
 159      0E726152 
 159      CDB13D2F 
 159      D85E306C 
 160 03a9 EC416F6F 		.ascii	"\354Aooi\"\023F\323R\341b\374\312\374,bu\2412i\264\355"
 160      69221346 
 160      D352E162 
 160      FCCAFC2C 
 160      6275A132 
 161 03c0 ECA2EDD6 		.ascii	"\354\242\355\326\207x\333e\230m\273_\004\364\257z}\033"
 161      8778DB65 
 161      986DBB5F 
 161      04F4AF7A 
 161      7D1B
 162 03d2 79DB6532 		.ascii	"y\333e2\274S\333\267\007d=\017\007\374f\334z2c\032/"
 162      BC53DBB7 
 162      07643D0F 
 162      07FC66DC 
 162      7A32631A 
 163 03e7 93379E23 		.ascii	"\2237\236#z\272\325U\250q\225\257\233\022\263 \261K"
 163      7ABAD555 
 163      A87195AF 
 163      9B12B320 
 163      B14B
 164 03f9 B47C8723 		.ascii	"\264|\207#\265\207\334\254|\033\272KZ%\350\321KX\257"
 164      B587DCAC 
 164      7C1BBA4B 
 164      5A25E8D1 
 164      4B58AF
 165 040c 9730DB9C 		.ascii	"\2270\333\234\254\227E\356W\014%\314a`\027\372G:\235"
 165      AC9745EE 
 165      570C25CC 
 165      616017FA 
 165      473A9D
 166 041f 7AEA24F7 		.ascii	"z\352$\367\337\343\257\341U\021\254\027k\230Ck\350\024"
 166      DFE3AFE1 
 166      5511AC17 
 166      6B98436B 
ARM GAS  C:\Users\8FEE~1\AppData\Local\Temp\ccS6J3wn.s 			page 13


 166      E814
 167 0431 356CD46B 		.ascii	"5l\324k8\321p\306\346\275\350\210\275F\241\3614\202"
 167      38D170C6 
 167      E6BDE888 
 167      BD46A1F1 
 167      3482
 168 0443 3F8C5B47 		.ascii	"?\214[G.\303\273\334~\244\313\256'\002\320g\254anL\015"
 168      2EC3BBDC 
 168      7EA4CBAE 
 168      2702D067 
 168      AC616E4C 
 169 0458 33780DD5 		.ascii	"3x\015\325\350\346q\262\202S\233\364\322\324h\316\327"
 169      E8E671B2 
 169      82539BF4 
 169      D2D468CE 
 169      D7
 170 0469 C5D97FC3 		.ascii	"\305\331\177\303 p\036\003\033\274SW\035\345e\201~\203"
 170      20701E03 
 170      1BBC5357 
 170      1DE56581 
 170      7E83
 171 047b BE26620D 		.ascii	"\276&b\015\210X\203\250o\036\3257A\350\333:\310\223"
 171      885883A8 
 171      6F1ED537 
 171      41E8DB3A 
 171      C893
 172 048d 986C56DF 		.ascii	"\230lV\337!\241oX\3277\314\365\235B\360(\355g\344\234"
 172      21A16F58 
 172      D737CCF5 
 172      9D42F028 
 172      ED67E49C 
 173 04a1 1223673A 		.ascii	"\022#g:\227\323\025\225\263]\227s\252\271\024\377\024"
 173      97D31595 
 173      B35D9773 
 173      AAB914FF 
 173      14
 174 04b2 29DE34C8 		.ascii	")\3364\310\231O\300\350\312\214S\275[\002\3726\252\227"
 174      994FC0E8 
 174      CA8C53BD 
 174      5B02FA36 
 174      AA97
 175 04c4 4FD5730B 		.ascii	"O\325s\013\365\316\350\352M3\253\336\035\241\336]\243"
 175      F5CEE8EA 
 175      4D33ABDE 
 175      1DA1DE5D 
 175      A3
 176 04d5 7AD309DE 		.ascii	"z\323\011\336\363\033\312\364\030\365\322\250z\225J"
 176      F31BCAF4 
 176      18F5D2A8 
 176      7A954A
 177 04e4 22AA57A5 		.ascii	"\"\252W\245$##\240\214\272uF\005f\367\274{b)\3367>l"
 177      242323A0 
 177      8CBA7546 
 177      0566F7BC 
 177      7B6229DE 
 178 04fb CD607867 		.ascii	"\315`xg\"\325w\255\321\205\357\205\007F\2163b8\246\362"
 178      22D577AD 
ARM GAS  C:\Users\8FEE~1\AppData\Local\Temp\ccS6J3wn.s 			page 14


 178      D185EF85 
 178      07468E33 
 178      6238A6F2 
 179 050f 0A7BA29B 		.ascii	"\012{\242\233^em|g\326_\342\314\032\246\233^\307\311"
 179      5E656D7C 
 179      67D65FE2 
 179      CC1AA69B 
 179      5EC7C9
 180 0522 8604FEAC 		.ascii	"\206\004\376\254\274g \240\300\337\344\306~(\3351\370"
 180      BC6720A0 
 180      C0DFE4C6 
 180      7E28DD31 
 180      F8
 181 0533 552E6E4F 		.ascii	"U.nO\201}_(\350\266\003>\347\336?\273\355:=p\034\220"
 181      817D5F28 
 181      E8B6033E 
 181      E7DE3FBB 
 181      ED3A3D70 
 182 0549 8707735F 		.ascii	"\207\007s_U\213\252\274N\037\343w\327t\205m\371;5\255"
 182      558BAABC 
 182      4E1FE377 
 182      D774856D 
 182      F93B35AD 
 183 055d 546B6A85 		.ascii	"Tkj\205V\315\022T\234\360\030\024\362\232\005\217\010"
 183      56CD1254 
 183      9CF01814 
 183      F29A058F 
 183      08
 184 056e A1873C19 		.ascii	"\241\207<\031\361\006F\016\363|\372\002F\270\214\220"
 184      F106460E 
 184      F37CFA02 
 184      46B88C90 
 185 057e D730F213 		.ascii	"\3270\362\023Cl\034\352\242\021\235Pj\201Q\336p\341"
 185      436C1CEA 
 185      A2119D50 
 185      6A8151DE 
 185      70E1
 186 0590 3D61152F 		.ascii	"=a\025/2\346\373\216\364\242\204\307h\3026L\370)\370"
 186      32E6FB8E 
 186      F4A284C7 
 186      68C2364C 
 186      F829F8
 187 05a3 7440726A 		.ascii	"t@rj\324\306wj\214S<|A\205\010\301\353\324\361\216\267"
 187      D4C6776A 
 187      8C533C7C 
 187      418508C1 
 187      EBD4F18E 
 188 05b8 3DF77EA3 		.ascii	"=\367~\243Ra\206\366\205F\334\354\247\366\230\275c\205"
 188      526186F6 
 188      8546DCEC 
 188      A7F698BD 
 188      6385
 189 05ca B66AFBD5 		.ascii	"\266j\373\325\330\024\022\240D\236\000\232\314B\006"
 189      D81412A0 
 189      449E009A 
 189      CC4206
 190 05d9 1E8636D9 		.ascii	"\036\2066\331bB\226\312\030\322\201!W\313X\263#7\006"
ARM GAS  C:\Users\8FEE~1\AppData\Local\Temp\ccS6J3wn.s 			page 15


 190      624296CA 
 190      18D28121 
 190      57CB58B3 
 190      233706
 191 05ec EA78D1D6 		.ascii	"\352x\321\326\332  \363S\252\265\226\367\253\317\334"
 191      DA2020F3 
 191      53AAB596 
 191      F7ABCFDC 
 192 05fc C1512647 		.ascii	"\301Q&G{\242\\~v\325\317\"`\364U \3163\251B@\257\221"
 192      7BA25C7E 
 192      76D5CF22 
 192      60F45520 
 192      CE33A942 
 193 0613 C9AA9F45 		.ascii	"\311\252\237EW\275W\254\372\2666\316y\216\3315\266V"
 193      57BD57AC 
 193      FAB636CE 
 193      798ED935 
 193      B656
 194 0625 4057CA86 		.ascii	"@W\312\2063\251\220\340=\377\374ZHP\266\035\033n\347"
 194      33A990E0 
 194      3DFFFC5A 
 194      4850B61D 
 194      1B6EE7
 195 0638 CBCE0155 		.ascii	"\313\316\001U\262\276\300R\370\002K\212n\241\335K\330"
 195      B2BEC052 
 195      F8024B8A 
 195      6EA1DD4B 
 195      D8
 196 0649 4D73CD25 		.ascii	"Ms\315%\\MY\341\377-\340c\203\226\363\010\030=\027\343"
 196      5C4D59E1 
 196      FF2DE063 
 196      8396F308 
 196      183D17E3 
 197 065d D4729D80 		.ascii	"\324r\235\200^\217Z\316\243Uw2\360\"sX\033(\226\212"
 197      5E8F5ACE 
 197      A3557732 
 197      F0227358 
 197      1B28968A 
 198 0671 589F1868 		.ascii	"X\237\030h\316'`\377\207\346F\001\375)\322\234/\335"
 198      CE2760FF 
 198      87E64601 
 198      FD29D29C 
 198      2FDD
 199 0683 C6EDE46B 		.ascii	"\306\355\344k`K\235\312\015Df\262;\2766s\246\217\375"
 199      604B9DCA 
 199      0D4466B2 
 199      3BBE3673 
 199      A68FFD
 200 0696 152F5EF2 		.ascii	"\025/^\362\316\222e+f\027\275\342[\266\302\267\370\355"
 200      CE92652B 
 200      6617BDE2 
 200      5BB6C2B7 
 200      F8ED
 201 06a8 A5BE0F96 		.ascii	"\245\276\017\226-\377p\205o\341\233o\024\316avA\321"
 201      2DFF7085 
 201      6FE19B6F 
 201      14CE6176 
ARM GAS  C:\Users\8FEE~1\AppData\Local\Temp\ccS6J3wn.s 			page 16


 201      41D1
 202 06ba CA95E879 		.ascii	"\312\225\350yk\351\322E3\213%\307\242\342\367\213\337"
 202      6BE9D245 
 202      338B25C7 
 202      A2E2F78B 
 202      DF
 203 06cb 7D6FF9EC 		.ascii	"}o\371\354\177\000\306w\332m"
 203      7F00C677 
 203      DA6D
 204              		.text
 205              		.section	.gnu.lto_.symbol_nodes.9550f578,"",%progbits
 206 0000 789C6365 		.ascii	"x\234ce`bHa\000\002\246\271L\365\014\014\023\31610\000"
 206      60624861 
 206      0002A6B9 
 206      4CF50C0C 
 206      13CE3130 
 207 0015 A99D0D07 		.ascii	"\251\235\015\007\033\330\200b\363\230\352\031ab\273"
 207      1BD88062 
 207      F398EA19 
 207      6162BB
 208 0024 1A1C8122 		.ascii	"\032\034\201\"\363\231\352\231PDX\347014*\001\015`\\"
 208      F399EA99 
 208      504458E7 
 208      3031342A 
 208      010D605C 
 209 0038 C054CF0C 		.ascii	"\300T\317\014\226b`hhp```fd`8\324\376F\236\231\221\205"
 209      96626068 
 209      68706060 
 209      60666460 
 209      38D4FE46 
 210 0050 E1099066 		.ascii	"\341\011\220f\000\000\377\233\030\276"
 210      0000FF9B 
 210      18BE
 211              		.text
 212              		.section	.gnu.lto_.refs.9550f578,"",%progbits
 213 0000 789C6365 		.ascii	"x\234ce`b`d\000\002\000\000I\000\011"
 213      60626064 
 213      00020000 
 213      490009
 214              		.text
 215              		.section	.gnu.lto_.decls.9550f578,"",%progbits
 216 0000 789CCD58 		.ascii	"x\234\315XkPTG\026\276}{x\314C\260 \225J\355\372\203"
 216      6B505447 
 216      16BE7D7B 
 216      78CC43B0 
 216      20954AED 
 217 0016 32A4646B 		.ascii	"2\244dk7\214\203Y\335Ge+dP\261\242Yk\306uk\253\330\242"
 217      378C8359 
 217      DD47652B 
 217      6450B1A2 
 217      596BC675 
 218 002e 10C6950A 		.ascii	"\020\306\225\0120F0\233T\355\217+\240\022\337\250D\021"
 218      3046309B 
 218      54ED8F2B 
 218      A012DFA8 
 218      4411
 219 0040 31A09888 		.ascii	"1\240\230\210 \342\203\227\010\2140\216\200\317@|\200"
ARM GAS  C:\Users\8FEE~1\AppData\Local\Temp\ccS6J3wn.s 			page 17


 219      20E28397 
 219      088C308E 
 219      80CF407C 
 219      80
 220 0051 80230A21 		.ascii	"\200#\012!\032]\224\030\225\250\354\351\356{\231\346"
 220      1A5D9418 
 220      95A8ECE9 
 220      EE7B99E6 
 221 0061 CEB89BFD 		.ascii	"\316\270\233\375\263\265\267\374\356\364\351\376\372"
 221      B3B5B7FC 
 221      EEF4E9FE 
 221      FA
 222 006e F47975DF 		.ascii	"\364yu\337F?A\024\312_\021\204\215X\020\342\220 \214"
 222      463F4114 
 222      CA5F1184 
 222      8D5810E2 
 222      90208C
 223 0081 C1A31104 		.ascii	"\301\243\021\004\341\220\340y\210\\\001\250\004\034"
 223      E190E079 
 223      885C01A8 
 223      041C
 224 008f 051C0700 		.ascii	"\005\034\007\000U8%L|\376\012\235\001\360\273\0300\015"
 224      5538254C 
 224      7CFE0A9D 
 224      01F0BB18 
 224      300D
 225 00a1 D009F80A 		.ascii	"\320\011\370\012\340\004L\207\261H\000,#\264\003^\205"
 225      E0044C87 
 225      B148002C 
 225      23B4035E 
 225      85
 226 00b2 F645594F 		.ascii	"\366EYO\205\340\375$\250t)\363\211.\023b\366\021\273"
 226      85E0FD24 
 226      A87429F3 
 226      892E1362 
 226      F611BB
 227 00c5 A6427B1A 		.ascii	"\246B{\032\340W\200I\262\376JY\347q\037zm\3001\274D"
 227      E0578049 
 227      B2FE4A59 
 227      E7711F7A 
 227      6DC031BC 
 228 00da AF626F08 		.ascii	"\257bo\010\000B\"4\000\346\300X\014@\017\355)\210\331"
 228      00422234 
 228      00E6C058 
 228      0C400FED 
 228      2988D9
 229 00ed FE0BF80D 		.ascii	"\376\013\370\015\001\204\312>\204\221q@4\321\015\010"
 229      0184CA3E 
 229      84917140 
 229      34D10D08 
 230 00fd 46CCAFA3 		.ascii	"F\314\257\243>\326\337\201Q\365Fg\203\330\207z\220\010"
 230      3ED6DF81 
 230      51F54667 
 230      83D8877A 
 230      9008
 231 010f B4C9B417 		.ascii	"\264\311\264\027!\366F\024T\034S\036\204h?\364\212\202"
 231      21F64614 
ARM GAS  C:\Users\8FEE~1\AppData\Local\Temp\ccS6J3wn.s 			page 18


 231      541C531E 
 231      84683FF4 
 231      8A82
 232 0121 AC58E942 		.ascii	"\254X\351B\312\014Y\026eQ\224U\322\177\362d\304id\303"
 232      CA0C5916 
 232      65519455 
 232      D27FF264 
 232      C46964C3 
 233 0135 6C25E561 		.ascii	"l%\345a\271`\015:M\231\215D\317\002\010\361\0238\205"
 233      B9600D3A 
 233      4D998D44 
 233      CF0208F1 
 233      133885
 234 0148 CC6C797C 		.ascii	"\314ly|\334>\301\343\034R\274\177\220\177nPw\003\365"
 234      DC3EC1E3 
 234      1C52BC7F 
 234      907F6E50 
 234      7703F5
 235 015b 92DEA277 		.ascii	"\222\336\242w\020\355+\274\266\267Q\304\"\"\355\033"
 235      10ED2BBC 
 235      B6B751C4 
 235      2222ED1B 
 236 016b 4F0FCC89 		.ascii	"O\017\314\211,\227\330\023\370\266'l\247\307\036;\202"
 236      2C97D813 
 236      F8B6276C 
 236      A7C71E3B 
 236      82
 237 017c 376114A2 		.ascii	"7a\024\242C\"\210\035\303\347\012\365 \276\242C\223"
 237      4322881D 
 237      C3E70AF5 
 237      20BEA243 
 237      93
 238 018d 417CB2EA 		.ascii	"A|\262\352\362)\335k\237\321YY\322d\021-~\025\225\243"
 238      F229DD6B 
 238      9FD15959 
 238      D264112D 
 238      7E1595A3 
 239 01a1 29A80C4D 		.ascii	")\250\014M\201\305\017\241\327\340\275D\3034\025t\327"
 239      81C50FA1 
 239      D7E0BD44 
 239      C3341574 
 239      D7
 240 01b2 36044F2D 		.ascii	"6\004O-\222\034n\311\361\330\371\363\302\243\222\264"
 240      921C6EC9 
 240      F1D8F9F3 
 240      C2A392B4 
 241 01c2 1AA66908 		.ascii	"\032\246i\010\015\225\"\214\016\242Hb24\341}\000\335"
 241      0D95228C 
 241      0EA24862 
 241      3234E17D 
 241      00DD
 242 01d4 40E84BD4 		.ascii	"@\350K\324\007\016U\240\2510=\177\317\346J\214\227P"
 242      070E55A0 
 242      A9303D7F 
 242      CFE64A8C 
 242      9750
 243 01e6 6B5775ED 		.ascii	"kWu\355\337\245\001UE\240\352\312\036C\276\344\310\004"
ARM GAS  C:\Users\8FEE~1\AppData\Local\Temp\ccS6J3wn.s 			page 19


 243      DFA50155 
 243      45A0EACA 
 243      1E43BEE4 
 243      C804
 244 01f8 4D22D574 		.ascii	"M\"\325t\330\243\351\260ZS%\325$\015\325\367\004c;\325"
 244      D8A3E9B0 
 244      5A5325D5 
 244      240DD5F7 
 244      04633BD5 
 245 020c B4F690FB 		.ascii	"\264\366\220\373\200A\3264\372\313\011\212\216x\024"
 245      8041D634 
 245      FACB098A 
 245      8E7814
 246 021b 1D512B3A 		.ascii	"\035Q+:J\025\265}\323\334\207\261\204\250\246+\245\025"
 246      4A15B57D 
 246      D3DC87B1 
 246      84A8A62B 
 246      A515
 247 022d 3B894D6E 		.ascii	";\211MnIr\234)\015+\313rm\220\212\021\015\002:\346Q"
 247      49729C29 
 247      0D2BCB72 
 247      6D908A11 
 247      0D023AE6 
 248 0242 758CA822 		.ascii	"u\214\250\"\215\343TEoki\031\206xN\323!\222\322`\350"
 248      8DE35445 
 248      6F6B6919 
 248      86784ED3 
 248      2192D260 
 249 0257 3AFC5DDD 		.ascii	":\374]\335\323I\254\213\350\355\330\374\260$\000\273"
 249      D349AC8B 
 249      E8EDD8FC 
 249      B02400BB 
 250 0267 D8225F65 		.ascii	"\330\"_eW\356\306,\033\032\222\325\363\273n\005\261"
 250      57EEC62C 
 250      1B1A92D5 
 250      F3BB6E05 
 250      B1
 251 0278 6C84EDC0 		.ascii	"l\204\355\300b~\373\325f\015\212\320}A\322\341\270x"
 251      627EFBD5 
 251      660D8AD0 
 251      7D41D2E1 
 251      B878
 252 028a E20FF90F 		.ascii	"\342\017\371\017%)\014\325#\035\252\361X0M\007\357\034"
 252      25290CD5 
 252      231DAAF1 
 252      58304D07 
 252      EF1C
 253 029c 49CA94B6 		.ascii	"I\312\224\266dI\332X\001\325A\302j!a\350\004\212 \253"
 253      6449DA58 
 253      01D541C2 
 253      6A2161E8 
 253      048A20AB 
 254 02b0 121EAA86 		.ascii	"\022\036\252\206\316*\350\204UJKr\367\372\343\013\264"
 254      CE2AE884 
 254      554A4B72 
 254      F7FAE30B 
 254      B4
ARM GAS  C:\Users\8FEE~1\AppData\Local\Temp\ccS6J3wn.s 			page 20


 255 02c1 504457E3 		.ascii	"PDW\343\365k\032\244\213\360\251\240\321\207\002f\314"
 255      F56B1AA4 
 255      8BF0A9A0 
 255      D1870266 
 255      CC
 256 02d2 58F754D7 		.ascii	"X\367T\327j\022\331\0060\346\244\307\030\260\215UG\241"
 256      6A12D906 
 256      30E6A4C7 
 256      18B08D55 
 256      47A1
 257 02e4 63F48901 		.ascii	"c\364\211\001\\!\343\322\271\261A\322WY2\360:n\303\324"
 257      5C21E3D2 
 257      B9B141D2 
 257      575932F0 
 257      3A6EC3D4 
 258 02f8 F3EFC78A 		.ascii	"\363\357\307\212\363\364o\354\223\212\232\241zn\207"
 258      F3F46FEC 
 258      938A9AA1 
 258      7A6E87
 259 0307 EE82EAD1 		.ascii	"\356\202\352\321R\262\203)\0337B\240=M\304\234S\350"
 259      52B28329 
 259      1B3742A0 
 259      3D4DC49C 
 259      53E8
 260 0319 0D98B9AB 		.ascii	"\015\230\271\253\376\373v?\026\263@\020\277\256\273"
 260      FEFB763F 
 260      16B34010 
 260      BFAEBB
 261 0328 9CA3C75D 		.ascii	"\234\243\307]LkN\371\246\026\254\313!\305\373S|\201"
 261      4C6B4EF9 
 261      A616ACCB 
 261      21C5FB53 
 261      7C81
 262 033a 19F76E0D 		.ascii	"\031\367n\015\027\004\343^y\372\221#;\365\270\237\011"
 262      1704E35E 
 262      79FA9123 
 262      3BF5B89F 
 262      09
 263 034b CAD60861 		.ascii	"\312\326\010a[\243z\260\315\245c\271\221\020I\335\371"
 263      5BA37AB0 
 263      CDA563B9 
 263      911049DD 
 263      F9
 264 035c A2F51A3C 		.ascii	"\242\365\032<H\271\376\303\275\305\333t(<<<\"4|\257"
 264      48B9FEC3 
 264      BDC5DB74 
 264      283C3C3C 
 264      22347CAF 
 265 0370 949D2539 		.ascii	"\224\235%9n<\177\253q_\373\006\360\017!'\270\345\002"
 265      6E3C7FAB 
 265      715FFB06 
 265      F00F2127 
 265      B8E502
 266 0383 272EA050 		.ascii	"'.\240P\217=F\342\232\011^\002\2330\332\210\241\\\263"
 266      8F3D46E2 
 266      9A095E02 
 266      9B30DA88 
ARM GAS  C:\Users\8FEE~1\AppData\Local\Temp\ccS6J3wn.s 			page 21


 266      A15CB3
 267 0396 3165B7A8 		.ascii	"1e\267\250\331\315HEon\342\350m\276\351u\344-'\254\217"
 267      D9CD4845 
 267      6F6EE2E8 
 267      6DBEE975 
 267      E42D27AC 
 268 03ab A8972613 		.ascii	"\250\227&\023\232 '\213<\271dp\213$\275\243\021P+\314"
 268      9A20278B 
 268      3CB96470 
 268      8B24BDA3 
 268      11502BCC 
 269 03bf 3E432712 		.ascii	">C'\022]$\007\347!f\355(\034]\004\234\005\234C\341t"
 269      5D2407E7 
 269      2166ED28 
 269      1C5D049C 
 269      059C43E1 
 270 03d4 1633E187 		.ascii	"\0263\341\207F\\\012i\373\324\237\332p\332\247\203\314"
 270      465C0A69 
 270      FBD49FDA 
 270      70DAA783 
 270      CC
 271 03e5 0492B5A3 		.ascii	"\004\222\265\243\316\246\000|X\303\212\256\372\354f"
 271      CEA6007C 
 271      58C38AAE 
 271      FAEC66
 272 03f4 118546F8 		.ascii	"\021\205F\370Z\035u\300\242\377\311\000\346\323\205"
 272      5A1D75C0 
 272      A2FFC900 
 272      E6D385
 273 0403 269C25C1 		.ascii	"&\234%\301v\375\012\330\227<5H\\\244k\016\346\325\326"
 273      76FD0AD8 
 273      973C3548 
 273      5CA46B0E 
 273      E6D5D6
 274 0416 E80DEBC6 		.ascii	"\350\015\353\306+\233\022=u\325\211\014t\347\302/\220"
 274      2B9B123D 
 274      75D5890C 
 274      74E7C22F 
 274      90
 275 0427 479C0746 		.ascii	"G\234\007F\344\203q\013\311o\371\3713=\362\326\314!"
 275      E483710B 
 275      C96FF9F9 
 275      333DF2D6 
 275      CC21
 276 0439 72EBC1ED 		.ascii	"r\353\301\355\227\265\270\236:\200\212v\266f\212\330"
 276      97B5B89E 
 276      3A808A76 
 276      B6668AD8 
 277 0449 C904A532 		.ascii	"\311\004\2452B\344\312(\251u?C\370\"\033t\2706\334C"
 277      42E4CA28 
 277      A9753F43 
 277      F8221B74 
 277      B836DC43 
 278 045d B89B0939 		.ascii	"\270\233\01197\327v\312\314'D\256\271_V3\211\325\224"
 278      37D776CA 
 278      CC2744AE 
 278      B95F5633 
ARM GAS  C:\Users\8FEE~1\AppData\Local\Temp\ccS6J3wn.s 			page 22


 278      89D594
 279 0470 83C863CD 		.ascii	"\203\310c\315\217\257M\302nF^W\335\331\247!\265,\311"
 279      8FAF4DC2 
 279      6E465E57 
 279      DDD9A721 
 279      B52CC9
 280 0483 D6C32C8F 		.ascii	"\326\303,\217\361}d\243A\214\321tZ\306y\015yUA![\344"
 280      F17D64A3 
 280      418CD174 
 280      5AC6790D 
 280      79554121 
 281 0499 788669E8 		.ascii	"x\206i\350V\352\0016\253\204\033(D\231C\327\371\266"
 281      56EA0136 
 281      AB841B28 
 281      449943D7 
 281      F9B6
 282 04ab 6B9F96D9 		.ascii	"k\237\226\3311L\344\035u\375\303A\370\016[7\267\345"
 282      314CE41D 
 282      75FDC341 
 282      F80E5B37 
 282      B7E5
 283 04bd D1881EDF 		.ascii	"\321\210\036\337gB\317\336\355\3735\2149D\267\365\263"
 283      6742CFDE 
 283      EDFB358C 
 283      3944B7F5 
 283      B3
 284 04ce 67D91A3C 		.ascii	"g\331\032<\302\0063\353\273r\345\220\271\351\216\311"
 284      C20633EB 
 284      BB72E590 
 284      B9E98EC9 
 285 04de DC56E28F 		.ascii	"\334V\342\217\237\263\301\037\357\1779\354\217\327\372"
 285      9FB3C11F 
 285      EF7F39EC 
 285      8FD7FA
 286 04ed 51A1E666 		.ascii	"Q\241\346f^\223\274\3405\"\267\214\354~`\300\271lpu"
 286      5E93BCE0 
 286      3522B78C 
 286      EC7E60C0 
 286      B96C7075 
 287 0501 C9D71B02 		.ascii	"\311\327\033\002p\001\023:\007\213\263\015\214y\211"
 287      7001133A 
 287      078BB30D 
 287      8C7989
 288 0510 C823D737 		.ascii	"\310#\3277\272\014x?\033t\266\336\352\014\304\207\231"
 288      BA0C783F 
 288      1B74B6DE 
 288      EA0CC487 
 288      99
 289 0521 B0FE7495 		.ascii	"\260\376t\225KNP+\375\210\014U\256\305\270N^P\216l\210"
 289      4B4E502B 
 289      FD880C55 
 289      AEC5B84E 
 289      5E508E6C 
 290 0536 1CD90797 		.ascii	"\034\331\007\227Z\326iq\013\033<\377\351\326<\021\237"
 290      5AD66971 
 290      0B1B3CFF 
 290      E9D63C11 
ARM GAS  C:\Users\8FEE~1\AppData\Local\Temp\ccS6J3wn.s 			page 23


 290      9F
 291 0547 65C281C1 		.ascii	"e\302\201\301\335\233\344\005\177CBS0\\h\300\235l\354"
 291      DD9BE405 
 291      7F434253 
 291      305C68C0 
 291      9D6CEC
 292 055a E4BED5A5 		.ascii	"\344\276\325\245\201\270\227\011\3655']\362\2713\035"
 292      81B89709 
 292      F535275D 
 292      F2B9331D 
 293 056a C4EC0B1B 		.ascii	"\304\354\013\033{\014x\200\215U\014\255u\004\340{L("
 293      7B0C7880 
 293      8D550CAD 
 293      7504E07B 
 293      4C28
 294 057c 18E9FD56 		.ascii	"\030\351\375Vv6\202(9\377\264<\010?bc\312\011\037BO"
 294      76368228 
 294      39FFB43C 
 294      083F6263 
 294      CA091F42 
 295 0591 7874F27A 		.ascii	"xt\362z\225\021\217\261\241\342\241\272m\3018\307\237"
 295      95118FB1 
 295      A1E2A1BA 
 295      6DC138C7 
 295      9F
 296 05a2 0AF7B307 		.ascii	"\012\367\263\007\334\362\341\363\032\2107{\277Y\027"
 296      DCF2E1F3 
 296      1A88377B 
 296      BF5917
 297 05b1 8473D9D8 		.ascii	"\204s\331\330\232\246\274\006-.`\202\323\335\207p\011"
 297      9AA6BC06 
 297      2D2E6082 
 297      D3DD8770 
 297      09
 298 05c2 6BDF5DE7 		.ascii	"k\337]\347\350\022\361!&\224\326m\274\351\207\253\231"
 298      E812F121 
 298      2694D66D 
 298      BCE987AB 
 298      99
 299 05d3 70AB26FB 		.ascii	"p\253&\373\007\015>\301\204\262g{.iq\023\023.\235p\017"
 299      070D3EC1 
 299      84B2677B 
 299      2E697113 
 299      132E9D70 
 300 05e8 04E1334C 		.ascii	"\004\3413L\270\323\264\346\266\234\320\355t\017\\v\273"
 300      B8D3B4E6 
 300      B69CD0ED 
 300      740F5C76 
 300      BB
 301 05f9 11ABCF22 		.ascii	"\021\253\317\"-\031_\277\247D\203\333)\371\365\221\201"
 301      2D195FBF 
 301      A74483DB 
 301      29F9F591 
 301      81
 302 060a ACABFEE4 		.ascii	"\254\253\376\344\314S\236P\245\021\021>\341\221O\213"
 302      CC539E50 
 302      A511113E 
ARM GAS  C:\Users\8FEE~1\AppData\Local\Temp\ccS6J3wn.s 			page 24


 302      E1914F8B 
 303 061a B3FC69D1 		.ascii	"\263\374i\321\015\3335O\344N\213k\352\003\256\343\034"
 303      0DDB354F 
 303      E44E8B6B 
 303      EA03AEE3 
 303      1C
 304 062b 77C07D2A 		.ascii	"w\300}*\252\350_{\321\3339\372\003\265\366a\356<d\374"
 304      AAE85F7B 
 304      D1DB39FA 
 304      03B5F661 
 304      EE3C64FC 
 305 063f EE368EFF 		.ascii	"\3566\216\377L\315\377\321\213\337\314\363%\2659/\324"
 305      4CCDFFD1 
 305      8BDFCCF3 
 305      25B5392F 
 305      D4
 306 0650 E6B49FE5 		.ascii	"\346\264\237\345\350\203j\365\003^\352Gy~\227\357\340"
 306      E8836AF5 
 306      035EEA47 
 306      797E97EF 
 306      E0
 307 0661 287C72F4 		.ascii	"(|r\364\3359\213WQ>\354l\270\0052\276\262\337\321u\265"
 307      DD398B57 
 307      513EEC6C 
 307      B80532BE 
 307      B2DFD175 
 308 0676 39FDAD9C 		.ascii	"9\375\255\234\372l\265\365^\037\227n\236\276ZM7\252"
 308      FA6CB5F5 
 308      5E1F976E 
 308      9EBE5A4D 
 308      37AA
 309 0688 8DEFE763 		.ascii	"\215\357\347c\177Om\374]\217v\376\274\317\021\247\240"
 309      7F4F6DFC 
 309      5D8F76FE 
 309      BCCF11A7 
 309      A0
 310 0699 B5221922 		.ascii	"\265\"\031\"lr\330\357\021#P\251\030\216\266\001\266"
 310      6C72D8EF 
 310      112350A9 
 310      188EB601 
 310      B6
 311 06aa 020A017B 		.ascii	"\002\012\001{\001_\0026\001\016\002\312\001\033\001"
 311      015F0236 
 311      010E02CA 
 311      011B01
 312 06b9 BB00FB01 		.ascii	"\273\000\373\001\371\200}\200\317\001\273\001\033\000"
 312      F9807D80 
 312      CF01BB01 
 312      1B00
 313 06c7 2580ED80 		.ascii	"%\200\355\200b\300N\300\001\300\027\200\315\2002\300"
 313      62C04EC0 
 313      01C01780 
 313      CD8032C0 
 314 06d7 67800240 		.ascii	"g\200\002@.`\035`\013`\007\240\010\260^\344\277p\335"
 314      2E601D60 
 314      0B6007A0 
 314      08B05EE4 
ARM GAS  C:\Users\8FEE~1\AppData\Local\Temp\ccS6J3wn.s 			page 25


 314      BF70DD
 315 06ea 7C56FAD5 		.ascii	"|V\372\325\216\271\275\276\311|\311^U\323/\253\351\017"
 315      8EB9BDBE 
 315      C97CC95E 
 315      55D32FAB 
 315      E90F
 316 06fc F9B0DD51 		.ascii	"\371\260\335Q\323\207\274\350|\005>V\323\177\360*\221"
 316      D387BCE8 
 316      7C053E56 
 316      D37FF02A 
 316      91
 317 070d FE36AE44 		.ascii	"\3766\256DF\325%\362\324\253Dx_o\372\366\225Oz;o\375"
 317      46D525F2 
 317      D4AB4478 
 317      5F6FFAF6 
 317      954F7A3B 
 318 0723 43DF1B8E 		.ascii	"C\337\033\216S\177\207/\251,\337\025\310\337W\\\255"
 318      537F872F 
 318      A92CDF15 
 318      C8DF575C 
 318      AD
 319 0734 ECBE0234 		.ascii	"\354\276\0024\376\276\262\227|\314\035\256v\345,!\237"
 319      FEBEB297 
 319      7CCC1DAE 
 319      76E52C21 
 319      9F
 320 0745 B9EFD58B 		.ascii	"\271\357\325\213\217x\033\313g\346\212\357\314\360\374"
 320      8F781BCB 
 320      67E68AEF 
 320      CCF0FC
 321 0754 3BBC73DF 		.ascii	";\274s\337\371\256h\236\377\220\367.S\355\335\031u0"
 321      F9AE689E 
 321      FF90F72E 
 321      53EDDD19 
 321      7530
 322 0766 46F9543E 		.ascii	"F\371T>\362m\276\311\223\311\356v.\223\377Tg\362\276"
 322      F26DBEC9 
 322      93C9EE76 
 322      2E93FF54 
 322      67F2BE
 323 0779 57A879ED 		.ascii	"W\250y\355O|\027\012_\265|\342\277\361}T\361\266\363"
 323      4F7C170A 
 323      5FB57CE2 
 323      BFF17D54 
 323      F1B6F3
 324 078c AEAEF2ED 		.ascii	"\256\256\362\355\352x\031B\256F\225P\222T}\353\273\312"
 324      EA781942 
 324      AE469550 
 324      92547DEB 
 324      BBCA
 325 079e F95076F0 		.ascii	"\371Pv\360\372\327\370<{L\036\355\355m\234\3661\265"
 325      FAD7F83C 
 325      7B4C1EED 
 325      ED6D9CF6 
 325      31B5
 326 07b0 F6175E9B 		.ascii	"\366\027^\233\242\203?7o\253Cy\313\353\253\302\207\362"
 326      A2833F37 
ARM GAS  C:\Users\8FEE~1\AppData\Local\Temp\ccS6J3wn.s 			page 26


 326      6FAB4379 
 326      CBEBABC2 
 326      87F2
 327 07c2 B9EFAF84 		.ascii	"\271\357\257\204I\276\341>*/\357\325\343N"
 327      49BEE13E 
 327      2A2FEFD5 
 327      E34E
 328 07d0 FA711477 		.ascii	"\372q\024w\024\347TiU7\\\345\304C\207\341\240\373\177"
 328      14E75469 
 328      55375CE5 
 328      C44387E1 
 328      A0FB7F
 329 07e3 3CF4D8CE 		.ascii	"<\364\330\316\033<\307n\325\025`\341!q\374VM6\"\365"
 329      1B3CC76E 
 329      D51560E1 
 329      2171FC56 
 329      4D3622F5 
 330 07f7 F3D6FEEF 		.ascii	"\363\326\376\357\252\202\370[u\205\310\337\252+Ev\253"
 330      AA82F85B 
 330      7585C8DF 
 330      AA2B4576 
 330      AB
 331 0808 865FF2FF 		.ascii	"\206_\362\377\020O\256\366\031x2\371\363\331C>\"\032"
 331      104FAEF6 
 331      197832F9 
 331      F3D9433E 
 331      221A
 332 081a C6FF26A7 		.ascii	"\306\377&\247\374+\367\012\267\372\341\033\354:\362"
 332      FC2BF70A 
 332      B7FAE11B 
 332      EC3AF2
 333 0829 7097EBAE 		.ascii	"p\227\353\256\016\0170\241\240\342`6\306CL\3509\271"
 333      0E0F30A1 
 333      A0E26036 
 333      C6434CE8 
 333      39B9
 334 083b CA198487 		.ascii	"\312\031\204\207\231p\363\363\314\333~\370\021\023j"
 334      9970F3F3 
 334      CCDB7EF8 
 334      11136A
 335 084a 1BEE45B1 		.ascii	"\033\356E\261\033\314\024\220N\364>p\310\377\275\341"
 335      1BCC1490 
 335      4EF43E70 
 335      C8FFBDE1 
 336 085a 26179ACF 		.ascii	"&\027\232\317\357\016\271\365\370)\245j\237\327:\213"
 336      EF0EB9F5 
 336      F829A56A 
 336      9FD73A8B 
 337 086a E102132A 		.ascii	"\341\002\023*_YX\306_\354\344\257)U\340\177\375K\276"
 337      5F5958C6 
 337      5FECE4AF 
 337      2955E07F 
 337      FD4BBE
 338 087d 7D7C6A6B 		.ascii	"}|jk!\2655\364cV/\347\325\001y=\005\261=\001h\0004\003"
 338      21B535F4 
 338      63562FE7 
 338      D501793D 
ARM GAS  C:\Users\8FEE~1\AppData\Local\Temp\ccS6J3wn.s 			page 27


 338      05B13D01 
 339 0895 1A014D80 		.ascii	"\032\001M\200\223\023>2\375\371\\\215\325\251\027\364"
 339      93133E32 
 339      FDF95C8D 
 339      D5A917F4 
 340 08a5 BA5934F3 		.ascii	"\272Y4\363\364\343j\272\327\247\274#_\265\235\352\377"
 340      F4E36ABA 
 340      D7A7BC23 
 340      5FB59DEA 
 340      FF
 341 08b6 EDC9D4CD 		.ascii	"\355\311\324\315\323\217\372\246\363\307\364\340NvL"
 341      D38FFAA6 
 341      F3C7F4E0 
 341      4E764C
 342 08c5 D7AB8F69 		.ascii	"\327\253\217iz\345\233\020\313j\237\261\344\357L\374"
 342      7AE59B10 
 342      CB6A9FB1 
 342      E4EF4CFC 
 343 08d5 DAC77C7B 		.ascii	"\332\307|{6\376\367\344\232.\351\232\036K\001t\267\265"
 343      36FEF7E4 
 343      9A2EE99A 
 343      1E4B0174 
 343      B7B5
 344 08e7 0E0D95E9 		.ascii	"\016\015\225\351U\273MI\011:\015\231\370o\262\302\034"
 344      55BB4D49 
 344      093A0D99 
 344      F86FB2C2 
 344      1C
 345 08f8 BB9FCF76 		.ascii	"\273\237\317v\201\023f\266xvA\275\262\013.]/-\233\260"
 345      811366B6 
 345      787641BD 
 345      B20B2E5D 
 345      2F2D9BB0 
 346 090c 0B9C1376 		.ascii	"\013\234\023v\201K\336\005\344\367g\313\022R\342SR\222"
 346      814BDE05 
 346      E4F767CB 
 346      1252E253 
 346      5292
 347 091e E2972424 		.ascii	"\342\227$$~\260ry|\222=5!9->9-9#p\356\373\177\0123\233"
 347      7EB07279 
 347      7C923D35 
 347      21392D3E 
 347      392D3923 
 348 0939 4CC2EF23 		.ascii	"L\302\357##\215\354_\342\262\344%\311\366t\323\254\231"
 348      238DEC5F 
 348      E2B2E425 
 348      C9F674D3 
 348      AC99
 349 094b 467BBA11 		.ascii	"F{\272\021\246\032\227\333Wd\244\033\255\213\026\314"
 349      A61A97DB 
 349      5764A41B 
 349      AD8B16CC 
 350 095b 8862EF39 		.ascii	"\210b\3579\263>\376\330(+\215L\024\014\212~\242qrzF"
 350      B33EFED8 
 350      282B8D4C 
 350      140C8A7E 
 350      A271727A 
ARM GAS  C:\Users\8FEE~1\AppData\Local\Temp\ccS6J3wn.s 			page 28


 351 0970 EA8CA8F8 		.ascii	"\352\214\250\370\304\024{\342\007\264# )5a\036\374\276"
 351      C4147BE2 
 351      07B42320 
 351      2935611E 
 351      FCBE
 352 0982 FD135798 		.ascii	"\375\023W\230??\306\030\263 \372\243(#\323\004\323#"
 352      3F3FC618 
 352      B320FAA3 
 352      2823D304 
 352      D323
 353 0994 9709BAF8 		.ascii	"\227\011\272\370\370\225\311i\031 g\374#\351wqTEz\306"
 353      F895C969 
 353      192067FC 
 353      23E97771 
 353      54457AC6 
 354 09a8 CAA4647B 		.ascii	"\312\244d{\374\362\025\266\217\222m\1777\375\226\357"
 354      FCF215B6 
 354      8F926D7F 
 354      37FD96EF 
 355 09b8 8DCBB0DB 		.ascii	"\215\313\260\333S\322\343\376\226\2662\214\266\302\022"
 355      53D2E3FE 
 355      96B6328C 
 355      B6C212
 356 09c7 56A486D9 		.ascii	"V\244\206\331R\227\330\222\222lIq3#g\204EM7\315\372"
 356      5297D892 
 356      926C4971 
 356      33236784 
 356      454D37CD 
 357 09dc D01407FD 		.ascii	"\320\024\007\375o\246\331\323lo\332\022\226$\307%\247"
 357      6FA6D9D3 
 357      6C6FDA12 
 357      9624C725 
 357      A7
 358 09ed 25A6AC4C 		.ascii	"%\246\254L\262\305\245&\200\2564[\\|\222mi\302\312\224"
 358      B2C5A526 
 358      80AE345B 
 358      5C7C926D 
 358      69C2CA94 
 359 0a01 8CF88C4F 		.ascii	"\214\370\214O\226\333\322\301\216@\305\212\017\377\007"
 359      96DBD2C1 
 359      8E40C58A 
 359      0FFF07
 360 0a10 56A47F92 		.ascii	"V\244\177\222\036\027\237\236\221\004K\302\322\301\326"
 360      1E179F9E 
 360      91044BC2 
 360      D2C1D6
 361 0a1f 4FD2336C 		.ascii	"O\3223l\251f\373\012\233\231D\027\233-Q\032\263\325"
 361      A966FB0A 
 361      9B994417 
 361      9B2D511A 
 361      B3D5
 362 0a31 62828689 		.ascii	"b\202\206\2114\242\314/\011q\242=5\325\236f\264}\234"
 362      34A2CC2F 
 362      0971A23D 
 362      35D59E66 
 362      B47D9C
 363 0a44 61342FB0 		.ascii	"a4/\260\316\263B\244\271D\3220/\2355\023\332\260\212"
ARM GAS  C:\Users\8FEE~1\AppData\Local\Temp\ccS6J3wn.s 			page 29


 363      CEB342A4 
 363      B944D230 
 363      2F9D3513 
 363      DAB08A
 364 0a57 7EE19F2D 		.ascii	"~\341\237-\361\213\300\333\030\333\322\300\030\363{"
 364      F18BC0DB 
 364      18DBD2C0 
 364      18F37B
 365 0a66 E639732D 		.ascii	"\3469s-&\335\302\371\363\255\321\363H\2334\347EYI\323"
 365      26DDC2F9 
 365      F3ADD1F3 
 365      489B34E7 
 365      455949D3 
 366 0a7a CF6A35CF 		.ascii	"\317j5\317\265h-\263\255\263-\213g\307\314\304`\203"
 366      B5682DB3 
 366      ADB32D8B 
 366      67C7CCC4 
 366      6083
 367 0a8c E6DD18B3 		.ascii	"\346\335\030\263\247\353\327\332\350\205\357F\315_8"
 367      A7EBD7DA 
 367      E885EF46 
 367      CD5F38
 368 0a9b FB7D0B69 		.ascii	"\373}\013i\231XK\031}K\033\035\373\356\014y4v\234\027"
 368      99584B19 
 368      7D4B1B1D 
 368      FBEE0C79 
 368      34769C17 
 369 0aaf ABE6CD08 		.ascii	"\253\346\315\010 Z\240\207\374\232\370\221\250\000\242"
 369      205AA087 
 369      FC9AF891 
 369      A800A2
 370 0abe 818EC4CA 		.ascii	"\201\216\304\312\214\330\211\014S \231k\261.\262\220"
 370      8CD8890C 
 370      5320996B 
 370      B12EB290 
 371 0ace 868934C6 		.ascii	"\206\2114\306\307\246\007\222\331l,V!\3052\0226\317"
 371      C7A60792 
 371      D96C2C56 
 371      21C53212 
 371      36CF
 372 0ae0 B3688893 		.ascii	"\263h\210\223\001\340/\371\025\315\026%\034Qz\213\331"
 372      01E02FF9 
 372      15CD1625 
 372      1C517A8B 
 372      D9
 373 0af1 ACC4C8EF 		.ascii	"\254\304\310\357\217\013\027\231-\242\325\022\000\215"
 373      8F0B1799 
 373      2DA2D512 
 373      008D
 374 0aff F766FFC5 		.ascii	"\367f\377\305\242!/\034m\266\370\323\021\323\2449\363"
 374      A2212F1C 
 374      6DB6F8D3 
 374      11D3A439 
 374      F3
 375 0b10 A3ADB10A 		.ascii	"\243\255\261\012\375_\000f\346\232"
 375      FD5F0066 
 375      E69A
ARM GAS  C:\Users\8FEE~1\AppData\Local\Temp\ccS6J3wn.s 			page 30


 376              		.text
 377              		.section	.gnu.lto_.symtab.9550f578,"",%progbits
 378 0000 68616C5F 		.ascii	"hal_lld_init\000"
 378      6C6C645F 
 378      696E6974 
 378      00
 379 000d 00       		.ascii	"\000"
 380 000e 00       		.ascii	"\000"
 381 000f 00       		.ascii	"\000"
 382 0010 00000000 		.ascii	"\000\000\000\000\000\000\000\000"
 382      00000000 
 383 0018 B0000000 		.ascii	"\260\000\000\000"
 384 001c 73746D33 		.ascii	"stm32_clock_init\000"
 384      325F636C 
 384      6F636B5F 
 384      696E6974 
 384      00
 385 002d 00       		.ascii	"\000"
 386 002e 00       		.ascii	"\000"
 387 002f 00       		.ascii	"\000"
 388 0030 00000000 		.ascii	"\000\000\000\000\000\000\000\000"
 388      00000000 
 389 0038 B2000000 		.ascii	"\262\000\000\000"
 390 003c 53797374 		.ascii	"SystemCoreClock\000"
 390      656D436F 
 390      7265436C 
 390      6F636B00 
 391 004c 00       		.ascii	"\000"
 392 004d 00       		.ascii	"\000"
 393 004e 00       		.ascii	"\000"
 394 004f 00000000 		.ascii	"\000\000\000\000\000\000\000\000"
 394      00000000 
 395 0057 C1000000 		.ascii	"\301\000\000\000"
 396 005b 646D6149 		.ascii	"dmaInit\000"
 396      6E697400 
 397 0063 00       		.ascii	"\000"
 398 0064 02       		.ascii	"\002"
 399 0065 00       		.ascii	"\000"
 400 0066 00000000 		.ascii	"\000\000\000\000\000\000\000\000"
 400      00000000 
 401 006e B4000000 		.ascii	"\264\000\000\000"
 402              		.text
 403              		.section	.gnu.lto_.opts,"",%progbits
 404 0000 272D666D 		.ascii	"'-fmath-errno' '-fsigned-zeros' '-ftrapping-math' '"
 404      6174682D 
 404      6572726E 
 404      6F272027 
 404      2D667369 
 405 0033 2D666E6F 		.ascii	"-fno-trapv' '-fno-openmp' '-fno-openacc' '-mcpu=cor"
 405      2D747261 
 405      70762720 
 405      272D666E 
 405      6F2D6F70 
 406 0066 7465782D 		.ascii	"tex-m7' '-mno-thumb-interwork' '-mthumb' '-ggdb' '-"
 406      6D372720 
 406      272D6D6E 
 406      6F2D7468 
ARM GAS  C:\Users\8FEE~1\AppData\Local\Temp\ccS6J3wn.s 			page 31


 406      756D622D 
 407 0099 4F322720 		.ascii	"O2' '-fomit-frame-pointer' '-falign-functions=16' '"
 407      272D666F 
 407      6D69742D 
 407      6672616D 
 407      652D706F 
 408 00cc 2D666675 		.ascii	"-ffunction-sections' '-fdata-sections' '-fno-common"
 408      6E637469 
 408      6F6E2D73 
 408      65637469 
 408      6F6E7327 
 409 00ff 2720272D 		.ascii	"' '-flto'\000"
 409      666C746F 
 409      2700
 410              		.text
 411              		.comm	__gnu_lto_v1,1,1
 412              		.comm	__gnu_lto_slim,1,1
 413              		.ident	"GCC: (GNU Tools for ARM Embedded Processors 6-2017-q1-update) 6.3.1 20170215 (release) [AR
ARM GAS  C:\Users\8FEE~1\AppData\Local\Temp\ccS6J3wn.s 			page 32


DEFINED SYMBOLS
                            *ABS*:00000000 hal_lld.c
                            *COM*:00000001 __gnu_lto_v1
                            *COM*:00000001 __gnu_lto_slim

NO UNDEFINED SYMBOLS
