ARM GAS  C:\Users\8FEE~1\AppData\Local\Temp\cc1EyzQF.s 			page 1


   1              		.cpu cortex-m7
   2              		.eabi_attribute 20, 1
   3              		.eabi_attribute 21, 1
   4              		.eabi_attribute 23, 3
   5              		.eabi_attribute 24, 1
   6              		.eabi_attribute 25, 1
   7              		.eabi_attribute 26, 1
   8              		.eabi_attribute 30, 2
   9              		.eabi_attribute 34, 1
  10              		.eabi_attribute 18, 4
  11              		.file	"hal_pal.c"
  12              		.text
  13              	.Ltext0:
  14              		.section	.gnu.lto_.profile.95615056,"",%progbits
  15 0000 789C6365 		.ascii	"x\234ce`b`a```d\320\220\001\000\000\354\000Q"
  15      60626061 
  15      60606064 
  15      D0900100 
  15      00EC0051 
  16              		.text
  17              		.section	.gnu.lto_.icf.95615056,"",%progbits
  18 0000 789C6365 		.ascii	"x\234ce`b\020a@\000f\206\343\227n\235fc\334\276\377"
  18      60621061 
  18      40006686 
  18      E3976E9D 
  18      6663DCBE 
  19 0015 D00F76A6 		.ascii	"\320\017v\246u;\036\256\342e\000\000hQ\011\233"
  19      753B1EAE 
  19      E2650000 
  19      6851099B 
  20              		.text
  21              		.section	.gnu.lto_.jmpfuncs.95615056,"",%progbits
  22 0000 789C6365 		.ascii	"x\234ce`bPb@\000f\006FF\306zF&FF\346\372z&0\305\310"
  22      60625062 
  22      40006606 
  22      4646C67A 
  22      46264646 
  23 001b 069162AA 		.ascii	"\006\221b\252d\004Q\0009\324\002\300"
  23      64045100 
  23      39D402C0 
  24              		.text
  25              		.section	.gnu.lto_.inline.95615056,"",%progbits
  26 0000 789C6365 		.ascii	"x\234ce`b\370\316\200\000\314\014\014\234\034\214\314"
  26      6062F8CE 
  26      8000CC0C 
  26      0C9C1C8C 
  26      CC
  27 0011 0C0A8C20 		.ascii	"\014\012\214 &\210t\000\223\012\034l\037\364\030\330"
  27      26887400 
  27      930A1C6C 
  27      1FF418D8 
  28 0021 16C83331 		.ascii	"\026\310310\276`g\201\220 \202\003\314\344\000\021\002"
  28      30BE6067 
  28      81902082 
  28      03CCE400 
  28      1102
  29 0033 60A600C8 		.ascii	"`\246\000\310\030F\006>^F\026\210)\214@\022b\224\002"
ARM GAS  C:\Users\8FEE~1\AppData\Local\Temp\cc1EyzQF.s 			page 2


  29      1846063E 
  29      5E461688 
  29      298C4012 
  29      629402
  30 0046 C4406EA6 		.ascii	"\304@n\246\013\374\030F\001\305P\014aY /\001b)010\357"
  30      0BFC1846 
  30      01C5500C 
  30      6159202F 
  30      01622930 
  31 005d 10576000 		.ascii	"\020W`\000Zo\0012\231\211\201[\030\305}PC9\201r\304"
  31      5A6F0132 
  31      9989815B 
  31      18C57D50 
  31      43398172 
  32 0072 390F6893 		.ascii	"9\017h\223\004\310$\026^\240w'\370\201 \003\000\006"
  32      04C82416 
  32      5EA07727 
  32      F8812003 
  32      0006
  33 0084 0820CB   		.ascii	"\010 \313"
  34              		.text
  35              		.section	.gnu.lto_.pureconst.95615056,"",%progbits
  36 0000 789C6365 		.ascii	"x\234ce`b`g```f\220b\224b\222\004\000\001\307\000b"
  36      60626067 
  36      60606066 
  36      90629462 
  36      92040001 
  37              		.text
  38              		.section	.gnu.lto_palReadBus.95615056,"",%progbits
  39 0000 789C9591 		.ascii	"x\234\225\221MO\024A\020\206\353\355\232\235\231U\344"
  39      4D4F1441 
  39      1086EBED 
  39      9A9D9955 
  39      E4
  40 0011 0FC8610F 		.ascii	"\017\310a\017&d\023\263\023/\362\017\370\033\004\366"
  40      266413B3 
  40      132FF20F 
  40      F81B04F6 
  41 0021 020909C6 		.ascii	"\002\011\011\306\211gzG@\305\210\204 \013\350:\007 "
  41      89677A47 
  41      40C58884 
  41      200BE83A 
  41      0720
  42 0033 88CAA71F 		.ascii	"\210\312\247\037\007N\033011\361\003.\236\214F\275l"
  42      074E1B30 
  42      3131F103 
  42      2E9E8C46 
  42      BD6C
  43 0045 A207F7E2 		.ascii	"\242\007\367\342\205\000U=\220\354\201\013\311tUWW\325"
  43      8500553D 
  43      90EC810B 
  43      C9745557 
  43      57D5
  44 0057 D3F54EE7 		.ascii	"\323\365N\347\310Pl\210\"\"\272,\013L0\223\237\210*"
  44      C8506C88 
  44      2222BA2C 
  44      0B4C3093 
ARM GAS  C:\Users\8FEE~1\AppData\Local\Temp\cc1EyzQF.s 			page 3


  44      9F882A
  45 006a A1017463 		.ascii	"\241\001tcC\320\260\3010\036r\225\2617\262\361\204'"
  45      43D0B0C1 
  45      301E7295 
  45      B137B2F1 
  45      8427
  46 007c 3895324F 		.ascii	"8\2252O\302\177\037\347\177\265k\010\024$|l\367\357"
  46      C27F1FE7 
  46      7FB56B08 
  46      14247C6C 
  46      F7EF
  47 008e 05C5656B 		.ascii	"\005\305ek\023[\257N\371O\267\276\330|\312\206\346\244"
  47      135BAF4E 
  47      F94FB7BE 
  47      D87CCA86 
  47      E6A4
  48 00a0 FC193AB0 		.ascii	"\374\031:\260\214\016\275c\005E)\036\335\253\2161_\005"
  48      8C0EBD63 
  48      0545291E 
  48      DDAB8E31 
  48      5F05
  49 00b2 C9FEDBF7 		.ascii	"\311\376\333\367\037+a\347\222k|7\315\366J\312\214\347"
  49      1F2B61E7 
  49      926B7C37 
  49      CDF64ACA 
  49      8CE7
  50 00c4 E0D64639 		.ascii	"\340\326F9\"\274@\247\326\377\334<|t\311\367\026\230"
  50      22BC40A7 
  50      D6FFDC3C 
  50      7C74C9F7 
  50      1698
  51 00d6 942DC897 		.ascii	"\224-\310\227\360!~}\037u{xt\307\326\377,\242\326\235"
  51      F0217E7D 
  51      1F757B78 
  51      74C7D6FF 
  51      2CA2D69D 
  52 00ea 170DD2C1 		.ascii	"\027\015\322\301\322\353ybr91\276\257\273@MH:\035\215"
  52      D2EB7962 
  52      723931BE 
  52      AFBB404D 
  52      483A1D8D 
  53 00fe 0B42A5DE 		.ascii	"\013B\245\336\227@<7\220l7\036\354\372J\255\261\312"
  53      97403C37 
  53      906C371E 
  53      ECFA4AAD 
  53      B1CA
  54 0110 9E19DDF9 		.ascii	"\236\031\335\371\034\250Nv\343\376\177\377\341n[\212"
  54      1CA84E76 
  54      E3FE7FFF 
  54      E16E5B8A 
  55 0120 5AC55A5B 		.ascii	"Z\305Z[H9\250\261\301\252j\223\334\322\357d-\210Vm\226"
  55      4839A8B1 
  55      C1AA6A93 
  55      DCD2EF64 
  55      2D88566D 
  56 0135 0AB18614 		.ascii	"\012\261\206\024\263:#a\035\0215\260\263\235\317\300"
  56      B33A2361 
ARM GAS  C:\Users\8FEE~1\AppData\Local\Temp\cc1EyzQF.s 			page 4


  56      1D1135B0 
  56      B39DCFC0 
  57 0145 5E2B383C 		.ascii	"^+8<\013\234\227\333\261q\002\376\332l\356\266\011x"
  57      0B9C97DB 
  57      B17102FE 
  57      DA6CEEB6 
  57      0978
  58 0157 A4A2A90B 		.ascii	"\244\242\251\013\330t`U\215-\007NN\301\271s\215x\021"
  58      D8746055 
  58      8D2D074E 
  58      4EC1B973 
  58      8D7811
  59 016a AF1CC928 		.ascii	"\257\034\311(\351\265#\335n\216!C\351\230\002l\245\007"
  59      E9B523DD 
  59      6E8E2143 
  59      E998026C 
  59      A507
  60 017c E7A21BBC 		.ascii	"\347\242\033\274qt\367Jo3\372\301)=t\027\004\364\027"
  60      7174F74A 
  60      6F33FAC1 
  60      293D7417 
  60      04F417
  61 018f 49E1E444 		.ascii	"I\341\344D\177\324\270\250\222w\220\201\212\245R\224"
  61      7FD4B8A8 
  61      92779081 
  61      8AA55294 
  62 019f 7DE5FE81 		.ascii	"}\345\376\201\276\201\241\370Z\327\365h(\216\372{\007"
  62      BE81A1F8 
  62      5AD7F568 
  62      288EFA7B 
  62      07
  63 01b0 A3F86659 		.ascii	"\243\370fY}\317\215\336\301R\231\270\357V|\014]R\313"
  63      7DCF8DDE 
  63      C15299B8 
  63      EF567C0C 
  63      5D52CB
  64 01c3 C3       		.ascii	"\303"
  65              		.text
  66              		.section	.gnu.lto_palWriteBus.95615056,"",%progbits
  67 0000 789C9553 		.ascii	"x\234\225SKk\023Q\024\276\337\334\311<\222\211\272\024"
  67      4B6B1351 
  67      14BEDFDC 
  67      C93C9289 
  67      BA14
  68 0012 ECA20B21 		.ascii	"\354\242\013!\004$cA\364\037\270\364/H\223M\003\205"
  68      04246341 
  68      F41FB8F4 
  68      2F48934D 
  68      0385
  69 0024 8AD17527 		.ascii	"\212\321u'\261I\245\305\007\224&U:\214(\265F\355\313"
  69      B149A5C5 
  69      07942655 
  69      3A8C28B5 
  69      46EDCB
  70 0037 77BA9010 		.ascii	"w\272\220\020\027\005\251J\273\320\215\242\330*t!\324"
  70      1705A94A 
  70      BBD08DA2 
ARM GAS  C:\Users\8FEE~1\AppData\Local\Temp\cc1EyzQF.s 			page 5


  70      D82A7421 
  70      D4
  71 0048 22E84212 		.ascii	"\"\350B\022\317\271\323\321*nz\2319\367\236\327w\317"
  71      CFB9D3D1 
  71      2A6E7A99 
  71      39F79ED7 
  71      77CF
  72 005a F9CE4C4C 		.ascii	"\371\316LLh\342\204\024\342\210\020\342\000\275\220"
  72      68E28414 
  72      E28810E2 
  72      00BD90
  73 0069 02DAE597 		.ascii	"\002\332\345\227B\024-\015\340\203gA\014j\030\304%Y"
  73      42142D0D 
  73      E0836741 
  73      0C6A18C4 
  73      2559
  74 007b 93680D7F 		.ascii	"\223h\015\177nh\351i\217V\263\366\315\250x\345\375\001"
  74      6E68E969 
  74      8F56B3F6 
  74      CDA878E5 
  74      FD01
  75 008d A55FA197 		.ascii	"\245_\241\227\027\246\221\246\250\225\241\371IyQ\006"
  75      17A691A6 
  75      A895A1F9 
  75      49795106 
  76 009d 12D049FD 		.ascii	"\022\320I\375\372\342\352\332\036V5t\223Z^\251U\244"
  76      FAE2EADA 
  76      1E563574 
  76      935A5EA9 
  76      55A4
  77 00af 3C0441E7 		.ascii	"<\004A\347w\357?\324\255\324\224\347\225\274\346\362"
  77      77EF3FD4 
  77      ADD494E7 
  77      95BCE6F2 
  78 00bf 98F40E06 		.ascii	"\230\364\016\006R\3426$\001\242\216.\334B\227 \223\300"
  78      52E23624 
  78      01A28E2E 
  78      DC429720 
  78      93C0
  79 00d1 1DA428DC 		.ascii	"\035\244(\334o__J\310\303*\265\021L\326\215\355\324"
  79      6F5F5F4A 
  79      C8C32AB5 
  79      114CD68D 
  79      EDD4
  80 00e3 B7E32A55 		.ascii	"\267\343*U\307\335\177Su\201\031\2448\376\343B{<i\350"
  80      C7DD7F53 
  80      758119A4 
  80      38FEE342 
  80      7B3C69E8 
  81 00f7 37A27231 		.ascii	"7\242r1\013\003\264\317\255\242\351\265;\303T\300Mt"
  81      0B03B4CF 
  81      ADA2E9B5 
  81      3BC354C0 
  81      4D74
  82 0109 8EEFA5BE 		.ascii	"\216\357\245\276\3512I\2711\035\234\034\243\243a\260"
  82      E93249B9 
  82      311D9C1C 
ARM GAS  C:\Users\8FEE~1\AppData\Local\Temp\cc1EyzQF.s 			page 6


  82      A3A361B0 
  83 0119 30595824 		.ascii	"0YX$L\233E\234\325\004\013\207E\222\205\020#\004\316"
  83      4C9B459C 
  83      D5040B87 
  83      45928510 
  83      2304CE
  84 012c C48D4A8D 		.ascii	"\304\215J\215w\271\201\322\342\306\323\034_\347K\346"
  84      77B981D2 
  84      E2C6D31C 
  84      5FE74BE6 
  85 013c B05A6EBD 		.ascii	"\260Zn\2752\231\016\251\372\370\276\364\374\274\023"
  85      32990EA9 
  85      FAF8BEF4 
  85      FCBC13
  86 014b C02F12A7 		.ascii	"\300/\022\247\335\201\264|\242i\216jg\337\324zi\326"
  86      DD81B47C 
  86      A2698E6A 
  86      67DFD47A 
  86      69D6
  87 015d 7467BCD0 		.ascii	"tg\274\320ec\036\001&\024\327X\200+\010\272]A\210\034"
  87      65631E01 
  87      2614D758 
  87      802B08BA 
  87      5D41881C 
  88 0171 F3A957BE 		.ascii	"\363\251W\276\313\016ucW\320:\356)h&\004\367\025\364"
  88      CB0E7563 
  88      57D03AEE 
  88      29682604 
  88      F715F4
  89 0184 B99F11B4 		.ascii	"\271\237\021\264\251\320\215\235\350\326\256\320\343"
  89      A9D08D9D 
  89      E8D6AED0 
  89      E3
  90 0191 78A0D035 		.ascii	"x\240\3205F\177\030\242W#t;D[\335\\\366\023\314\212"
  90      467F18A2 
  90      5723743B 
  90      445BDD5C 
  90      F613CC8A 
  91 01a5 897D7844 		.ascii	"\211}xD0\024\263\031\305\304U\021\366_U%\250\341\260"
  91      3014B319 
  91      C5C45511 
  91      F65F5525 
  91      A8E1B0
  92 01b8 AA3F718E 		.ascii	"\252?q\2162[l\373\021\331\222*\335![\253\252\252\337"
  92      325B6CFB 
  92      11D9922A 
  92      DD215BAB 
  92      AAAADF
  93 01cb 3902FB7F 		.ascii	"9\002\373\177# \010\211\307\333\235\274\331\332z\346"
  93      23200889 
  93      C7DB9DBC 
  93      D9DA7AE6 
  94 01db 50274345 		.ascii	"P'CEv9x\242:\341\031\220st\375\323\353\330og\022\015"
  94      763978A2 
  94      3AE11990 
  94      7374FDD3 
  94      EBD86F67 
ARM GAS  C:\Users\8FEE~1\AppData\Local\Temp\cc1EyzQF.s 			page 7


  95 01f1 B8133406 		.ascii	"\270\0234\006\352r\021.]-\276\240t\255sAU\242~\220\021"
  95      EA72112E 
  95      5D2DBEA0 
  95      74AD7341 
  95      55A27E90 
  96 0206 62983E0A 		.ascii	"b\230>\012\"\"\235\311\270\341\223\353\313g\363\003"
  96      22229DC9 
  96      B8E193EB 
  96      CB67F303 
  97 0216 859E6347 		.ascii	"\205\236cG\335\201\202\333\327\333\357\026N\347x?y\252"
  97      DD8182DB 
  97      D7DBEF16 
  97      4EE7783F 
  97      79AA
  98 0228 B73F9313 		.ascii	"\267?\223\0232{\266\240g\363g\012\277\000\020Q\014\014"
  98      327BB6A0 
  98      67F3670A 
  98      BF001051 
  98      0C0C
  99              		.text
 100              		.section	.gnu.lto_palSetBusMode.95615056,"",%progbits
 101 0000 789C9592 		.ascii	"x\234\225\222\315KTa\024\306\317\363\236;s\357\244\266"
 101      CD4B5461 
 101      14C6CFF3 
 101      9E3B73EF 
 101      A4B6
 102 0012 1672318B 		.ascii	"\026r1\213`\030\210\271\005\241\177B\377B\273\320QP"
 102      601888B9 
 102      05A17F42 
 102      FF42BBD0 
 102      5150
 103 0024 30261A5A 		.ascii	"0&\032Z\317\353\324\214a\240\201\350d4\334@\006?\312"
 103      CFEBD48C 
 103      61A081E8 
 103      6434DC40 
 103      063FCA
 104 0037 AFAC608A 		.ascii	"\257\254`\212`p\023\364\211nK\212\224@J0Z\270)\363\234"
 104      607013F4 
 104      896E4B8A 
 104      94404A30 
 104      5AB829F3 
 105 004c 776A913B 		.ascii	"wj\221;_\356\373}\236\337{\316\303\215\221\241^Ct\236"
 105      5FEEFB7D 
 105      9EDF7BCE 
 105      C38D91A1 
 105      5E43749E 
 106 0060 884E4907 		.ascii	"\210NI\007\023\314\355wDC\201\001ta\003P\301\240\200"
 106      13CCED77 
 106      44438101 
 106      74610350 
 106      C1A080
 107 0073 31AE30D6 		.ascii	"1\2560\326\206\277\326Mz\306JkT6\374\262-\265GL4%]\033"
 107      86BFD64D 
 107      7AC64A6B 
 107      5436FCB2 
 107      2DB5474C 
 108 008b 669096A8 		.ascii	"f\220\226\250\365\033\313\367x\224#\006<\331\376x{w"
ARM GAS  C:\Users\8FEE~1\AppData\Local\Temp\cc1EyzQF.s 			page 8


 108      F51BCBF7 
 108      78942306 
 108      3CD9FE78 
 108      7B77
 109 009d EBA46E0D 		.ascii	"\353\244n\015\222\262-\255W\312\314g@\262\336\374\364"
 109      92B22DAD 
 109      57CACC67 
 109      40B2DEFC 
 109      F4
 110 00ae 792E48D5 		.ascii	"y.H\325\254-\332\306\307q\266\247#f\314\203\005\210"
 110      AC2DDAC6 
 110      C771B6A7 
 110      2366CC83 
 110      0588
 111 00c0 39746016 		.ascii	"9t`\026\035$G\204\007HI\370\317\325\332x\013\237u\322"
 111      1D244784 
 111      074849F8 
 111      CFD5DA78 
 111      0B9F75D2 
 112 00d4 D7A32F2E 		.ascii	"\327\243/.\376U\276\231pJ\017\017\217*=\302\002R\032"
 112      FE55BE99 
 112      704A0F0F 
 112      8F2A3DC2 
 112      02521A
 113 00e7 FE65E560 		.ascii	"\376e\345`\242-\356M\377\313\026\213\210C\346\245\015"
 113      A22DEE4D 
 113      FFCB168B 
 113      8843E6A5 
 113      0D
 114 00f8 34ECC19F 		.ascii	"4\354\301\237a\333\370U\303\346\205\204\224-o\261hc"
 114      61DBF855 
 114      C3E68584 
 114      942D6FB1 
 114      6863
 115 010a 9E0CF198 		.ascii	"\236\014\361\230\014~\\W>\034\213FD\256\316\334b\243"
 115      0C7E5C57 
 115      3E1C8B46 
 115      44AECEDC 
 115      62A3
 116 011c 33EFA0F8 		.ascii	"3\357\240\370lg7\253\300*\253I\223\245\265\367\276\326"
 116      6C6737AB 
 116      C02AAB49 
 116      93A5B5F7 
 116      BED6
 117 012e CB2ED1FD 		.ascii	"\313.\321\375\227\257n\266F\250\016\211i\311\210\203"
 117      97AF6EB6 
 117      46A80E89 
 117      69C98883 
 118 013e AAF8B024 		.ascii	"\252\370\260$\331\351]m\273\270\350\207\013\266y\225"
 118      D9E95D6D 
 118      BBB8E887 
 118      0BB67995 
 119 014e C03222DC 		.ascii	"\3002\"\334qfb\005!):\321\004{\307\"\235\300#G\322\012"
 119      71666205 
 119      21293AD1 
 119      047BC722 
 119      9DC02347 
ARM GAS  C:\Users\8FEE~1\AppData\Local\Temp\cc1EyzQF.s 			page 9


 120 0164 B1FA3F29 		.ascii	"\261\372?)v,R\013\036;\222Q\322\023G\272\276WF\023\245"
 120      762C520B 
 120      1E3B9251 
 120      D21347BA 
 120      BE574613 
 121 0179 790990BE 		.ascii	"y\011\220\276\241\234\324\023\225\327\353\337?\370\205"
 121      A19CD413 
 121      95D7EBDF 
 121      3FF885
 122 0188 DF3688B8 		.ascii	"\3376\210\270uJ\023\300S\024H\234q\341~\304m\264\213"
 122      754A13C0 
 122      5314489C 
 122      71E17EC4 
 122      6DB48B
 123 019b E2FDE763 		.ascii	"\342\375\347c\216\341~\233\021\011\023'\345\211t&\023"
 123      8EE17E9B 
 123      11091327 
 123      E5897426 
 123      13
 124 01ac 36BF6CFF 		.ascii	"6\277l\377@\317@.\177\256\2533\314\345\303\376\356\301"
 124      40CF402E 
 124      7FAEAB33 
 124      CCE5C3FE 
 124      EEC1
 125 01be 307F35AB 		.ascii	"0\1775\253\363\245+\335\203\231,q\317\265\274w9\327"
 125      F3A52BDD 
 125      83992C71 
 125      CFB5BC77 
 125      39D7
 126 01d0 DB770861 		.ascii	"\333w\010a\303\311~"
 126      C3C97E
 127              		.text
 128              		.section	.gnu.lto_.symbol_nodes.95615056,"",%progbits
 129 0000 789C6365 		.ascii	"x\234ce`b\010d\000\002\2469L\365\014\014\023\31610\000"
 129      60620864 
 129      0002A639 
 129      4CF50C0C 
 129      13CE3130 
 130 0015 A95D0D8E 		.ascii	"\251]\015\216@\221\271L\365\214\250\"\363\230\352\231"
 130      4091B94C 
 130      F58CA822 
 130      F398EA99 
 131 0025 50441817 		.ascii	"PD\030\0272\3253\203E\030\030\032\032\034\030\030\230"
 131      32D53383 
 131      4518181A 
 131      1A1C1818 
 131      98
 132 0036 99981996 		.ascii	"\231\230\031\226<\374\307\310\000\000A\023\024\024"
 132      3CFCC7C8 
 132      00004113 
 132      1414
 133              		.text
 134              		.section	.gnu.lto_.refs.95615056,"",%progbits
 135 0000 789C6365 		.ascii	"x\234ce`b`d\000\002\000\000I\000\011"
 135      60626064 
 135      00020000 
 135      490009
ARM GAS  C:\Users\8FEE~1\AppData\Local\Temp\cc1EyzQF.s 			page 10


 136              		.text
 137              		.section	.gnu.lto_.decls.95615056,"",%progbits
 138 0000 789CBD58 		.ascii	"x\234\275X\013LTW\032\276\377=30\\\0064\340vMj\033\266"
 138      0B4C5457 
 138      1ABEFF3D 
 138      33305C06 
 138      34E0764D 
 139 0017 419D6E56 		.ascii	"A\235nV\020Lt\273m\023\267\325\266\246\272\230\321\266"
 139      104C74BB 
 139      6D13B7D5 
 139      B6A6BA98 
 139      D1B6
 140 0029 BB09C904 		.ascii	"\273\011\311\004\231Q\311\"Xf\350\246\311&{y\264\370"
 140      9951C922 
 140      5866E8A6 
 140      C9267B79 
 140      B4F8
 141 003b 44508B8A 		.ascii	"DP\213\212\217E\020\025\021E\353\013\001e\001QA|\313"
 141      8F451015 
 141      1145EB0B 
 141      01650151 
 141      417CCB
 142 004e 4B107CBF 		.ascii	"K\020|\277\250\"PEZd\377s\316\235\271\327\351\214\331"
 142      A8225045 
 142      5A64FF73 
 142      CE9DB9D7 
 142      E98CD9
 143 0061 6493DE70 		.ascii	"d\223\336p\346\336\363\337\357\377\377\357\177\2343"
 143      E6DEF3DF 
 143      EFFFFFEF 
 143      7F9C33
 144 0070 67D00BA2 		.ascii	"g\320\013\242\340\037,\010S\210 \310 \010\303x\351\004"
 144      E01F2C08 
 144      538820C8 
 144      2008C378 
 144      E904
 145 0082 412811D4 		.ascii	"A(\021\324\213\316\375\361\335H\034\243q\274\011\302"
 145      8BCEFDF1 
 145      DD481CA3 
 145      71BC09C2 
 146 0092 2FAEDF8A 		.ascii	"/\256\337\212\202`\304{\020\216Q8\312p\030\020\327\217"
 146      8260C47B 
 146      108E5138 
 146      CA701810 
 146      D78F
 147 00a4 F7F138A2 		.ascii	"\367\3618\242p\370\342\374\031\336{q\034\303\361B\261"
 147      70F8E2FC 
 147      19DE7B71 
 147      1CC3F142 
 147      B1
 148 00b5 0D287F48 		.ascii	"\015(\177H\215\340]\004vc\376\350}\202\233\257\337\241"
 148      8DE05D04 
 148      7663FEE8 
 148      7D829BAF 
 148      DFA1
 149 00c7 9F40BC7F 		.ascii	"\237@\274\177\256\361E\375P\177\236|\275P\374\265*>"
 149      AEF145FD 
ARM GAS  C:\Users\8FEE~1\AppData\Local\Temp\cc1EyzQF.s 			page 11


 149      507F9E7C 
 149      BD50FCB5 
 149      2A3E
 150 00d9 F58A3FEA 		.ascii	"\365\212?\352\207:x\204\267\026\376\310\342\243\367"
 150      873A7884 
 150      B716FEC8 
 150      E2A3F7
 151 00e8 48379F11 		.ascii	"H7\237\021^|\006{\211\257L\361;\011\347o\340 n>\321"
 151      5E7C067B 
 151      89AF4CF1 
 151      3B09E76F 
 151      E0206E3E 
 152 00fd 9C2B8F54 		.ascii	"\234+\217T\364\256\233\277u\004\016\255\254\255\024"
 152      F4AE9BBF 
 152      75040EAD 
 152      ACAD14
 153 010c AF413B20 		.ascii	"\257A; \026F2)\000\377\0046\330t\330y\00109JEA1\352"
 153      16463229 
 153      00FF0436 
 153      D874D879 
 153      0130394A 
 154 0124 14815343 		.ascii	"\024\201SC\231\213\312TTL\262?E\0314\026\371k\356\311"
 154      998BCA54 
 154      544CB23F 
 154      45193416 
 154      F96BEEC9 
 155 0138 7971FAFC 		.ascii	"yq\372\374\201\2519\265AT\035\000h\0254\0069m\345\275"
 155      81A939B5 
 155      41541D00 
 155      68153406 
 155      396DE5BD 
 156 014c 8B9FA006 		.ascii	"\213\237\240\006\007\316\350\237l8sG\352\204\016*\315"
 156      07CEE89F 
 156      6C387347 
 156      EA840E2A 
 156      CD
 157 015d 9B0A4C76 		.ascii	"\233\012Lv\375b\305\220\201`\012\361\271\363\371\316"
 157      FD62C590 
 157      81600AF1 
 157      B9F3F9CE 
 158 016d 8FC276CB 		.ascii	"\217\302v\313\3742\274\241\246\355Bz\351&\222I H\002"
 158      FC32BCA1 
 158      A6ED427A 
 158      E9269249 
 158      204802
 159 0180 1DB5D398 		.ascii	"\035\265\323\230{3\020\247\243$\010\301iny\177\275\236"
 159      7B3310A7 
 159      A32408C1 
 159      696E797F 
 159      BD9E
 160 0192 BF35E074 		.ascii	"\2775\340tx{\351R\003y\215Y\3548UTL\025\307K@\311\216"
 160      787BE952 
 160      03798D59 
 160      EC385554 
 160      4C15C74B 
 161 01a9 40D1DEEE 		.ascii	"@\321\336\356\262\347\001\\D\021\027W\365n\363%\257"
 161      B2E7015C 
ARM GAS  C:\Users\8FEE~1\AppData\Local\Temp\cc1EyzQF.s 			page 12


 161      44111757 
 161      F56EF325 
 161      AF
 162 01ba D3677143 		.ascii	"\323gqC}s\265\016L\322v\352\277\352Y\377\370\354\014"
 162      7D73B50E 
 162      4CD276EA 
 162      BFEA59FF 
 162      F8EC0C
 163 01cd 5916E17B 		.ascii	"Y\026\341{\220`\037\020\330\005a4\232\361\022~.\221"
 163      90601F10 
 163      D8056134 
 163      9AF1127E 
 163      2E91
 164 01df E554392B 		.ascii	"\345T9+M\366\373D\200\3350\006\212a\214\000\373\301"
 164      4DF6FB44 
 164      80DD3006 
 164      8A618C00 
 164      FBC1
 165 01f1 44CD521C 		.ascii	"D\315R\034\224\242p/\012\321E\321\266\354|\037R\000"
 165      94A2702F 
 165      0AD145D1 
 165      B6EC7C1F 
 165      5200
 166 0203 CC47DDB1 		.ascii	"\314G\335\261\253-:\220L\036\015\034\362`\200\223\271"
 166      AB2D3A90 
 166      4C1E0D1C 
 166      F2608093 
 166      B9
 167 0214 5BF256DD 		.ascii	"[\362V\3357\224\314A$s@%\203\334x\212\322k\237f\007"
 167      3794CC41 
 167      24734025 
 167      83DC788A 
 167      D26B9F66 
 168 0229 902D2C91 		.ascii	"\220-,\221b\346\211\223\317\365\256@:\033\337;wY\226"
 168      62E68993 
 168      CFF5AE40 
 168      3A1BDF3B 
 168      775996
 169 023c 43A00C75 		.ascii	"C\240\014u\017\253\272\007\301k$G<Gr\345IoN \351\346"
 169      0FABBA07 
 169      C16B2447 
 169      3C4772E5 
 169      496F4E20 
 170 0252 D5DAD8D7 		.ascii	"\325\332\330\327q\337\217\247\335\244)J\020/\312\300"
 170      71DF8FA7 
 170      DDA4294A 
 170      102FCAC0 
 171 0262 D65BAB45 		.ascii	"\326[\253E\322\307\241Kvg\326\020\011=\245\375O!\243"
 171      D2C7A14B 
 171      7667D610 
 171      093DA5FD 
 171      4F21A3
 172 0275 46E9F0DA 		.ascii	"F\351\360\332\256\0002\300\325\037\245\337\356\362\347"
 172      AE0032C0 
 172      D51FA5DF 
 172      EEF2E7
 173 0284 A647E3B4 		.ascii	"\246G\343\264d\240\363\220\236\014\361w+\327VW\353H"
ARM GAS  C:\Users\8FEE~1\AppData\Local\Temp\cc1EyzQF.s 			page 13


 173      64A0F390 
 173      9E0CF177 
 173      2BD75657 
 173      EB48
 174 0296 2A619382 		.ascii	"*a\223\202\015\331\031z\222\301'E\253\263J%\262\224"
 174      0DD9197A 
 174      92C12745 
 174      ABB34A25 
 174      B294
 175 02a8 4F2EF69C 		.ascii	"O.\366\234\331\354\317[f$NO\014?\253\032\301-\2128]"
 175      D9ECCF5B 
 175      66244E4F 
 175      0C3FAB1A 
 175      C12D8A38 
 176 02bd BFAB79D0 		.ascii	"\277\253y\320\217,\347\320\302\301\237zh\317\214\243"
 176      8F2CE7D0 
 176      C2C19F7A 
 176      68CF8CA3 
 177 02cd 3D43341D 		.ascii	"=C4\0353\216w\314\361\206\323\333\215$\233\201\305\254"
 177      338E77CC 
 177      F186D3DB 
 177      8D249B81 
 177      C5AC
 178 02df ADC5CBFD 		.ascii	"\255\305\313\375\234\345\304\360\364&\001N`\030u4\266"
 178      9CE5C4F0 
 178      F426014E 
 178      60187534 
 178      B6
 179 02f0 3318DB38 		.ascii	"3\030\3338%\266\323(<\345*\347\263\003o\226\311\362"
 179      25B6D328 
 179      3CE52AE7 
 179      B3036F96 
 179      C9F2
 180 0302 4868C08A 		.ascii	"Hh\300\212\324\253\025\031\247\024\363X\366\325;\022"
 180      D4AB1519 
 180      A714F358 
 180      F6D53B12 
 181 0312 D9C45DFC 		.ascii	"\331\304]\374\234\226\363X\355\312\273%\221\265\254"
 181      9C96F358 
 181      EDCABB25 
 181      91B5AC
 182 0321 11CEA16A 		.ascii	"\021\316\241j\243\252\332\240\026\323\235\306Y\0174"
 182      A3AADAA0 
 182      16D39DC6 
 182      590F34
 183 0330 D049EA40 		.ascii	"\320I\352@~\205\201\0242'\272\276\247+\332$\010\016"
 183      7E858114 
 183      3227BABE 
 183      A72BDA24 
 183      080E
 184 0342 0D356553 		.ascii	"\0155eS7Y\262<UT\253$\300\005\010\246\006\3402\332\272"
 184      3759B23C 
 184      5554AB24 
 184      C00508A6 
 184      06E032DA 
 185 0357 04A17011 		.ascii	"\004\241p\021B\331\342\314\247\016\261\303B+{\273dy"
 185      42D9E2CC 
ARM GAS  C:\Users\8FEE~1\AppData\Local\Temp\cc1EyzQF.s 			page 14


 185      A70EB1C3 
 185      422B7BBB 
 185      6479
 186 0369 9991D13A 		.ascii	"\231\221\321:\211\264\250\202\213A85q\202\032R\024\252"
 186      89B4A882 
 186      8B413835 
 186      71821A52 
 186      14AA
 187 037b DF5F2F57 		.ascii	"\337_/Wa\321(\372\274Gt\004\005\363\220_TH\270\035P"
 187      61D128FA 
 187      BC477404 
 187      05F3905F 
 187      5448B81D 
 188 0390 8CA044CB 		.ascii	"\214\240D\313\267\005\335\345k\217V\003\204\2162\205"
 188      B705DDE5 
 188      6B8F5603 
 188      848E3285 
 189 03a0 E6336053 		.ascii	"\3463`Se`\0123K\315\325\242\331&\030\245v\232jv5\013"
 189      65600A33 
 189      4BCDD5A2 
 189      D92618A5 
 189      769A6A76 
 190 03b6 314D9EAA 		.ascii	"1M\236\252\323\206H\3014\304f\014\261\005C\274\242\204"
 190      D38648C1 
 190      34C4660C 
 190      B10543BC 
 190      A284
 191 03c8 C8493CAA 		.ascii	"\310I<\252\030\235\"\313@QZ\026<\234\247\025Ak\322\344"
 191      189D22CB 
 191      40515A16 
 191      3C9CA715 
 191      416BD2E4 
 192 03dc 5313D9EA 		.ascii	"S\023\331\352\254\361\356\030\263\336[\321pF\034\205"
 192      ACF1EE18 
 192      B3DE5BD1 
 192      70461C85 
 193 03ec 0C52BC32 		.ascii	"\014R\2742\020^r\257i\336 \336\274\3515W\016\032I\021"
 193      105E72AF 
 193      69DE20DE 
 193      BCE93557 
 193      0E1A4911 
 194 0400 EFD6DB0D 		.ascii	"\357\326\333\015{S\015\244\204O\2664\356i\320\223}|"
 194      7B530DA4 
 194      844FB634 
 194      EE69D093 
 194      7D7C
 195 0412 525EBCE7 		.ascii	"R^\274\347\242H\016\363\311\356\262\236\345@\216\363"
 195      A2480EF3 
 195      C9EEB29E 
 195      E5408EF3 
 196 0422 C9938CBD 		.ascii	"\311\223\214\275\016R\307\237\3237g\235\023\271\355"
 196      0E52C79F 
 196      D337679D 
 196      13B9ED
 197 0431 3FE03467 		.ascii	"?\3404g\351\246.\035_']te\354o\332Yn g\0306 \253(\353"
 197      E9A62E1D 
 197      5F275D74 
ARM GAS  C:\Users\8FEE~1\AppData\Local\Temp\cc1EyzQF.s 			page 15


 197      65EC6FDA 
 197      596E2067 
 198 044b B004A178 		.ascii	"\260\004\241x\005\207\362\313\224/\247\247a9\337\333"
 198      0587F2CB 
 198      942FA7A7 
 198      6139DFDB 
 199 045b 2057A563 		.ascii	" W\245c\337b\370\235\030\376=\314\377\313\341\357V\212"
 199      DF62F89D 
 199      18FE3DCC 
 199      FFCBE1EF 
 199      568A
 200 046d 4FD183EF 		.ascii	"O\321\203\357\253\350\233\356\350rpe\213\243\037h\320"
 200      ABE89BEE 
 200      E8727065 
 200      8BA31F68 
 200      D0
 201 047e C7DDD115 		.ascii	"\307\335\321\025\356\350^\015\272\3223\232Sq\2659V\340"
 201      EEE85E0D 
 201      BAD2339A 
 201      5371B539 
 201      56E0
 202 0490 0602AEB3 		.ascii	"\006\002\256\263w\367\2246\357\301\036\350\306\"\334"
 202      77F79436 
 202      EFC11EE8 
 202      C622DC
 203 049f C2711FC7 		.ascii	"\302q\037\307\0178\036\342x\214\343\021\216\0078\356"
 203      0F381EE2 
 203      788CE311 
 203      8E0738EE 
 204 04af E0B88BE3 		.ascii	"\340\270\213\343\266k)P\002\365\232T\\s'P\342N\367\206"
 204      B66B2950 
 204      02F59A54 
 204      5C732750 
 204      E24EF786 
 205 04c3 86EE7FDC 		.ascii	"\206\356\177\334\321U\340\236\2716\215\361vwx\233\273"
 205      D155E09E 
 205      B9368DF1 
 205      7677789B 
 205      BB
 206 04d4 F1C17755 		.ascii	"\361\301wUt\227\307\252h\300\0275\246;<\363v1\301Ev"
 206      7497C7AA 
 206      68C01735 
 206      A63B3CF3 
 206      7631C145 
 207 04e9 AD52E2F8 		.ascii	"\255R\342\370V\354\331j\317\3145\326\3578\027\0105\177"
 207      56ECD96A 
 207      CFCC35D6 
 207      EF381708 
 207      357F
 208 04fb D533736E 		.ascii	"\3253sn^Ym\345Al\265\335s_\363P\3258p@O\316\363\255"
 208      5E596DE5 
 208      416CB5DD 
 208      735FF350 
 208      D5387040 
 209 0513 F1FEC67B 		.ascii	"\361\376\306{\305\276\020l\362TL\350\303\032\376?\365"
 209      C5BE106C 
 209      F2544CE8 
ARM GAS  C:\Users\8FEE~1\AppData\Local\Temp\cc1EyzQF.s 			page 16


 209      C31AFE3F 
 209      F5
 210 0524 E44CEA8E 		.ascii	"\344L\352\216\371\320\315\247\027\015=Qw[\312\213\321"
 210      F9D0CDA7 
 210      170D3D51 
 210      775BCA8B 
 210      D1
 211 0535 5956DFB6 		.ascii	"YV\337\266*\320\270\314\365\035\312\200\352\212\356"
 211      2AD0B8CC 
 211      F51DCA80 
 211      EA8AEE
 212 0544 07A3A282 		.ascii	"\007\243\242\202\330\303K\327\337\015 \035\234\372\225"
 212      D8C34BD7 
 212      DF0D201D 
 212      9CFA95
 213 0553 B34FCA02 		.ascii	"\263O\312\002\301d\344^\316\266\215L\243\361>C\374\217"
 213      C164E45E 
 213      CEB68D4C 
 213      A3F13E43 
 213      FC8F
 214 0565 AA1B54C7 		.ascii	"\252\033T\307\233\027\353\360\024\203z\311\301O\367"
 214      9B17EBF0 
 214      14837AC9 
 214      C14FF7
 215 0574 D6B6025F 		.ascii	"\326\266\002_\313F\272\301\227\267f\217P\3262}\335\277"
 215      CB46BAC1 
 215      97B7668F 
 215      50D6327D 
 215      DDBF
 216 0586 A6AD3390 		.ascii	"\246\2553\220\334#/\235\214\242~y2\212\342\337s\335"
 216      DC232F9D 
 216      8CA27E79 
 216      328AE2DF 
 216      73DD
 217 0598 E7CF5D02 		.ascii	"\347\317]\002\362\230\323\255\335rs\277\217\267c\313"
 217      F298D3AD 
 217      DD7273BF 
 217      8FB763CB 
 218 05a8 30128952 		.ascii	"0\022\211R\276`~F\341O\352\261e8\362);C\275\300\272"
 218      BE607E46 
 218      E14FEAB1 
 218      6538F229 
 218      3B43BDC0 
 219 05bd 0FA98145 		.ascii	"\017\251\201E\361/:\375\345\312\372\365z\272\243\004"
 219      F12F3AFD 
 219      E5CAFAF5 
 219      7ABAA304 
 220 05cd 9BF84E7A 		.ascii	"\233\370Nzn39Rxv\205\234W\015Lg\020u\322DoK\210j\364"
 220      6E333952 
 220      7876859C 
 220      570D4C67 
 220      1075D244 
 221 05e6 BECD1B91 		.ascii	"\276\315\033\221\246\356\250;:\334\015|\343\367\034"
 221      A6EEA83B 
 221      3ADC0D7C 
 221      E3F71C
 222 05f5 4C4F427B 		.ascii	"LOB{<\202\177\271;<\307\367\003\314+E\323nJ\027M\220"
ARM GAS  C:\Users\8FEE~1\AppData\Local\Temp\cc1EyzQF.s 			page 17


 222      3C827FB9 
 222      3B3CC7F7 
 222      03CC2B45 
 222      D36E4A17 
 223 060b 2286422A 		.ascii	"\"\206B*\016Y\324vKS\021\357[D\272\365\355\363\242\276"
 223      0E59D476 
 223      4B5311EF 
 223      5B44BAF5 
 223      EDF3A2BE 
 224 061f 7E42D6E9 		.ascii	"~B\326\351\371\371\354\321@\256\001L\301J\361\213Y\213"
 224      F9F9ECD1 
 224      40AE014C 
 224      C14AF18B 
 224      598B
 225 0631 65A0F56F 		.ascii	"e\240\365oDW\212\250\011\317D\340[\364\377*.\350\256"
 225      44578AA8 
 225      09CF44E0 
 225      5BF4FF2A 
 225      2EE8AE
 226 0644 292B73A7 		.ascii	")+s\247\277\266/3Dm_.\021\215\012\360h\313\303[\242"
 226      BFB62F33 
 226      446D5F2E 
 226      118D0AF0 
 226      68CBC35B 
 227 0659 4EE43298 		.ascii	"N\3442\230\247\243\262\345\253*\267\371\215\316a\307"
 227      A7A3B2E5 
 227      AB2AB7F9 
 227      8DCE61C7 
 228 0669 F03479A4 		.ascii	"\3604y\244\310\322\345\374z\026`\2318\032?\227\212:"
 228      C8D2E5FC 
 228      7A166099 
 228      381A3F97 
 228      8A3A
 229 067b 6E6149FB 		.ascii	"naI\373\221\223\360V\236\234\327%W=.&KkNb\371`*\205"
 229      9193F056 
 229      9E9CD725 
 229      573D2E26 
 229      4B6B4E62 
 230 0693 41915A72 		.ascii	"A\221Zr|\304\317\235\370\375\000;pg\024`\271\370\026"
 230      7CC4CF9D 
 230      F8FD003B 
 230      70671460 
 230      B9F816
 231 06a6 6AEF589F 		.ascii	"j\357X\237\326\340ON\262\274@nG\373-\211\221\241\036"
 231      D6E04F4E 
 231      B2BC406E 
 231      47FB2D89 
 231      91A11E
 232 06b9 39990B1D 		.ascii	"9\231\013\035gN\353\\\004W\212Lx\251|G\225A\313\360"
 232      674EEB5C 
 232      04578A4C 
 232      78A97C47 
 232      9541CBF0 
 233 06cd F3D73404 		.ascii	"\363\3274\004W1\202\231N\202WR\033\312\210B\260i\243"
 233      57318299 
 233      4E825752 
 233      1BCA8842 
ARM GAS  C:\Users\8FEE~1\AppData\Local\Temp\cc1EyzQF.s 			page 18


 233      B069A3
 234 06e0 113B00CF 		.ascii	"\021;\000\317H\330\223\010\203\025j\302\361\361e\202"
 234      48D89308 
 234      83156AC2 
 234      F1F16582 
 235 06f0 598CE0D0 		.ascii	"Y\214\340\320\265\233\275\"\271\304\011\356j,\372YG"
 235      B59BBD22 
 235      B9C409EE 
 235      6A2CFA59 
 235      47
 236 0701 AEF32AAE 		.ascii	"\256\363*\256\254\336\324m\364\266&\326\212\336\216"
 236      ACDED46D 
 236      F4B626D6 
 236      8ADE8E
 237 0710 F29D8D13 		.ascii	"\362\235\215\023[\330q|\215(\301j\321\3558NK\262\252"
 237      5BD8717C 
 237      8D28C16A 
 237      D1ED384E 
 237      4BB2AA
 238 0723 7080B088 		.ascii	"p\200\260\210)\202g\241S\356\355&\256,|\307\263p\373"
 238      298267A1 
 238      53EEED26 
 238      AE2C7CC7 
 238      B370FB
 239 0736 F1E03A5F 		.ascii	"\361\340:_\257YX\307\262\220\343\314\302\221\215\355"
 239      AF5958C7 
 239      B290E3CC 
 239      C2918DED 
 240 0746 5B7CD532 		.ascii	"[|\3252\335\257\271-\313\222\216\242 [%\221\355\236"
 240      DDAFB92D 
 240      CB928EA2 
 240      205B2591 
 240      ED9E
 241 0758 84F52C09 		.ascii	"\204\365,\011?\024\246\255\031A\036\360$x\342\367c\306"
 241      3F14A6AD 
 241      19411EF0 
 241      2478E2F7 
 241      63C6
 242 076a EDB3E0AA 		.ascii	"\355\263\340\252\\.\347\267\265\345\346\346@&\244\213"
 242      5C2EE7B7 
 242      B5E5E6E6 
 242      4026A48B 
 243 077a 7323179E 		.ascii	"s#\027\236\315)\254'^Iof\24479I?\271\320]\342\203\244"
 243      CD29AC27 
 243      5E496F66 
 243      A4373949 
 243      3FB9D05D 
 244 0791 BB78DE56 		.ascii	"\273x\336V\244\325\255\220\267\002\203\301\006\225\365"
 244      A4D5AD90 
 244      B70283C1 
 244      0695F5
 245 07a0 06CA9A3E 		.ascii	"\006\312\232>lal\277I\031\2523\020\331\207\261mnM/S"
 245      6C616CBF 
 245      4919AA33 
 245      10D987B1 
 245      6D6E4D2F 
 246 07b5 36457FBA 		.ascii	"6E\177\272\011_\377\356\270\037\337\024[\030\307\306"
ARM GAS  C:\Users\8FEE~1\AppData\Local\Temp\cc1EyzQF.s 			page 19


 246      095FFFEE 
 246      B81FDF14 
 246      5B18C7C6 
 247 07c5 BE1C8964 		.ascii	"\276\034\211dr\354P\317\371!#"
 247      72EC50CF 
 247      F92123
 248 07d0 C74A34D0 		.ascii	"\307J4\320\324\322N=\375\331\"+\213\010\345\352\032"
 248      D4D24E3D 
 248      FDD9222B 
 248      8B08E5EA 
 248      1A
 249 07e1 DA2662BD 		.ascii	"\332&b\275p\323\200\002\221\3778\032\250\0344\222u\314"
 249      70D38002 
 249      91FF381A 
 249      A81C3492 
 249      75CC
 250 07f3 92AEABA0 		.ascii	"\222\256\253\240\367\241\017\230\306\000H8\266;\177"
 250      F7A10F98 
 250      C6004838 
 250      B63B7F
 251 0802 D3626A31 		.ascii	"\323bj1e\205\012]\274re4\337\363/*\346\207\367\236|"
 251      65850A5D 
 251      BC726534 
 251      DFF32F2A 
 251      E687F79E 
 252 0817 998C1660 		.ascii	"\231\214\026`\322\030\230\210]\264\035\273h'\363S$\216"
 252      D2189888 
 252      5DB41DBB 
 252      6827F353 
 252      248E
 253 0829 811DE828 		.ascii	"\201\035\350(\027w\012*A\207\255\231O\333uAY\312\016"
 253      17770A2A 
 253      4187AD99 
 253      4FDB7541 
 253      59CA0E
 254 083c 1102CCF6 		.ascii	"\021\002\314\366V\304\345\211\224\337.1\310\311\222"
 254      56C4E589 
 254      94DF2E31 
 254      C8C992
 255 084b A2B31AB7 		.ascii	"\242\263\032\267n\364\223\024\037K^\351\003\3215\255"
 255      6EF49314 
 255      1F4B5EE9 
 255      03D135AD 
 256 085b FD15015A 		.ascii	"\375\025\001Z\333\305\257\262\235[\334P\0260\266@>_"
 256      DBC5AFB2 
 256      9D5BDC50 
 256      1630B640 
 256      3E5F
 257 086d C57A6BF9 		.ascii	"\305zk\371\315t9\345[\334\006w\213A\220\217e\302\245"
 257      CD7439E5 
 257      5BDC0677 
 257      8B41908F 
 257      65C2A5
 258 0880 AE51FE37 		.ascii	"\256Q\3767J\346\342\257\213\022q,\352V\327/i\362'\233"
 258      4AE6E2AF 
 258      8B12712C 
 258      EA56D72F 
ARM GAS  C:\Users\8FEE~1\AppData\Local\Temp\cc1EyzQF.s 			page 20


 258      69F2279B 
 259 0894 7801B21A 		.ascii	"x\001\262\032:\377\3525\341{\235\011\317\343\034S\372"
 259      3AFFEA35 
 259      E17B9D09 
 259      CFE31C53 
 259      FA
 260 08a5 0A1E06B8 		.ascii	"\012\036\006\270\307\257\356\326\245\214\343^'\307\346"
 260      C7AFEED6 
 260      A58CE35E 
 260      27C7E6
 261 08b4 BCBBB546 		.ascii	"\274\273\265F\367\210\274\242\227-{\220\355\257Dt\343"
 261      F788BCA2 
 261      972D7B90 
 261      EDAF4474 
 261      E3
 262 08c5 F594BCAA 		.ascii	"\365\224\274\252\224\020\330\247D\203\373\202Fq\217"
 262      9410D8A7 
 262      4483FB82 
 262      46718F
 263 08d4 12CD7E16 		.ascii	"\022\315~\026\315\251\223\325W\210v\337\245\235\252"
 263      CDA993D5 
 263      578876DF 
 263      A59DAA
 264 08e3 86F03DDF 		.ascii	"\206\360=\337w\351\035\301u\337f\257\363!\273\224\336"
 264      77E91DC1 
 264      75DF66AF 
 264      F321BB94 
 264      DE
 265 08f4 6B4F79A1 		.ascii	"kOy\241\034\304\003\351\1771\356\267\026(}\332\303~"
 265      1CC403E9 
 265      7F31EEB7 
 265      16287DDA 
 265      C37E
 266 0906 DA3E28AB 		.ascii	"\332>(\253Q\376\311\021\200\323\027\265=\315\001^3u"
 266      51FEC911 
 266      80D317B5 
 266      3DCD015E 
 266      3375
 267 0918 C499A9C3 		.ascii	"\304\231\251\303<S\253\232;R\375\3343u\010\013r\220"
 267      3C53AB9A 
 267      3B52FDDC 
 267      3375080B 
 267      7290
 268 092a 15A48CC5 		.ascii	"\025\244\214\305~\304\031{\355\345\364\253\304=S^\321"
 268      7EC4197B 
 268      EDE5F4AB 
 268      C43D535E 
 268      D1
 269 093b 55A5372A 		.ascii	"U\2457*|\225L\265\275\3113uT\311\024n\036\032\305\003"
 269      7C954CB5 
 269      BDC93375 
 269      54C9146E 
 269      1E1AC503 
 270 094f 4AA6CAC5 		.ascii	"J\246\312\305\261\202\2648&\336l\213\261~\220l7|\374"
 270      B182B438 
 270      26DE6C8B 
 270      B17E906C 
ARM GAS  C:\Users\8FEE~1\AppData\Local\Temp\cc1EyzQF.s 			page 21


 270      377CFC
 271 0962 97CF423E 		.ascii	"\227\317B>\214\210\020t\213b\354\177\227,\226\344\270"
 271      8C881074 
 271      8B62EC7F 
 271      972C96E4 
 271      B8
 272 0973 04C7A448 		.ascii	"\004\307\244H\213\343\237\326?E\307.\214\233\027gw$"
 272      8BE39FD6 
 272      3F45C72E 
 272      8C9B1767 
 272      7724
 273 0985 5BE3122D 		.ascii	"[\343\022-\213\223l_\305\331\376\021\361\216V\032\355"
 273      8B936C5F 
 273      C5D9FE11 
 273      F18E561A 
 273      ED
 274 0996 484C8CB7 		.ascii	"HL\214\267G/HH\016aO!1I\213Bl\213\346\331\254V\2335"
 274      472F4848 
 274      0E614F21 
 274      31498B42 
 274      6C8BE6D9 
 275 09ae 7A72D8A4 		.ascii	"zr\330\244\220\310\211\021S\276\214\210F\371\204\204"
 275      90C88911 
 275      53BE8C88 
 275      46F98484 
 276 09be C404DB04 		.ascii	"\304\004\333\004[\314\274\270\350\270\204\330\370d\253"
 276      5BCCBCB8 
 276      E8B884D8 
 276      F864AB
 277 09cd 2D7A510C 		.ascii	"-zQ\014\332J\260E[\254\266\3711\311\361\016\213\343"
 277      DA4AB045 
 277      5BACB6F9 
 277      31C9F10E 
 277      8BE3
 278 09df EBC5367B 		.ascii	"\353\3056{\330B\301\340d\361\345\257\300\302\376\265"
 278      D842C1E0 
 278      64F1E5AF 
 278      C0C2FEB5 
 279 09ef 3DDA6277 		.ascii	"=\332bwX\321%\2726\306%.NLr\320lX\034S\303\302\302\371"
 279      58D125BA 
 279      36C6252E 
 279      4E4C72D0 
 279      6C581C53 
 280 0a07 1F739768 		.ascii	"\037s\227h\217\23029<\321\036\2760&>\234\242\354\341"
 280      8F983239 
 280      3CD11EBE 
 280      30263E9C 
 280      A2ECE1
 281 0a1a 73E6CE9A 		.ascii	"s\346\316\232\024\031>s\346\264\360\217g\317\210\372"
 281      14193E73 
 281      E6B4F08F 
 281      67CF88FA 
 282 0a2a 2A92BEB2 		.ascii	"*\222\276\262`z-\361\361V\264\346CQqV\335\237?2\177"
 282      607A2DF1 
 282      F156B4E6 
 282      43517156 
 282      DD9F3F32 
ARM GAS  C:\Users\8FEE~1\AppData\Local\Temp\cc1EyzQF.s 			page 22


 283 0a3f 423F66EA 		.ascii	"B?f\352f~\370\251Y\367\301\034\263\031\276\200O\364"
 283      667EF8A9 
 283      59F7C11C 
 283      B319BE80 
 283      4FF4
 284 0a51 B1F1B698 		.ascii	"\261\361\266\230$%\353\021\223-\016\203\363\201\330"
 284      2425EB11 
 284      932D0E83 
 284      F381D8
 285 0a60 6D0E1235 		.ascii	"m\016\0225\315LfL3\353g\1776{\232\3317j\316\354\351"
 285      CD4C664C 
 285      33EB677F 
 285      367B9AD9 
 285      376ACEEC 
 286 0a75 D3A7997D 		.ascii	"\323\247\231}\242\346\376m\366t\263~V\324\264\351f\362"
 286      A2E6FE6D 
 286      F674B37E 
 286      56D4B4E9 
 286      66F2
 287 0a87 81D96CB4 		.ascii	"\201\331l\264;\026a\256\026,\306\3748$N?\316jq\370$"
 287      3B1661AE 
 287      162CC6FC 
 287      38244E3F 
 287      CE6A71F8 
 288 0a9c CE9F8F56 		.ascii	"\316\237\217V\214\324\244e~\214\335\361G\213#\376\327"
 288      8CD4A465 
 288      7E8CDDF1 
 288      478B23FE 
 288      D7
 289 0aad C8A73395 		.ascii	"\310\2473\225\023^\221=\005\354L\027\242\3653\242\260"
 289      135E913D 
 289      05EC4C17 
 289      A2F533A2 
 289      B0
 290 0abe 1FDF7E85 		.ascii	"\037\337~\205\216=)\326\205\217\025\374\361\366ER\234"
 290      8E3D29D6 
 290      858F15FC 
 290      F1F64552 
 290      9C
 291 0acf C3865A01 		.ascii	"\303\206Z\001\370<\307\346\300\247Y\211V\233!.q\021"
 291      F83CC7E6 
 291      C0A75989 
 291      569B212E 
 291      7111
 292 0ae1 DE2C8EDF 		.ascii	"\336,\216\3378+a\301<,HJL^L\345\001\026\313\374\344"
 292      382B61C1 
 292      3C2C484A 
 292      4C5E4CE5 
 292      0116CBFC 
 293 0af6 84588B25 		.ascii	"\204X\213%l\312;\221\221\006\347L\027\2730&\351\245"
 293      6CCA3B91 
 293      9106E74C 
 293      17BB3026 
 293      E9A5
 294 0b08 7753B4B3 		.ascii	"wS\264\263I\221\377\005\025\337l\034"
 294      4991FF05 
 294      15DF6C1C 
ARM GAS  C:\Users\8FEE~1\AppData\Local\Temp\cc1EyzQF.s 			page 23


 295              		.text
 296              		.section	.gnu.lto_.symtab.95615056,"",%progbits
 297 0000 70616C52 		.ascii	"palReadBus\000"
 297      65616442 
 297      757300
 298 000b 00       		.ascii	"\000"
 299 000c 00       		.ascii	"\000"
 300 000d 00       		.ascii	"\000"
 301 000e 00000000 		.ascii	"\000\000\000\000\000\000\000\000"
 301      00000000 
 302 0016 0B010000 		.ascii	"\013\001\000\000"
 303 001a 70616C57 		.ascii	"palWriteBus\000"
 303      72697465 
 303      42757300 
 304 0026 00       		.ascii	"\000"
 305 0027 00       		.ascii	"\000"
 306 0028 00       		.ascii	"\000"
 307 0029 00000000 		.ascii	"\000\000\000\000\000\000\000\000"
 307      00000000 
 308 0031 10010000 		.ascii	"\020\001\000\000"
 309 0035 70616C53 		.ascii	"palSetBusMode\000"
 309      65744275 
 309      734D6F64 
 309      6500
 310 0043 00       		.ascii	"\000"
 311 0044 00       		.ascii	"\000"
 312 0045 00       		.ascii	"\000"
 313 0046 00000000 		.ascii	"\000\000\000\000\000\000\000\000"
 313      00000000 
 314 004e 18010000 		.ascii	"\030\001\000\000"
 315 0052 5F70616C 		.ascii	"_pal_lld_setgroupmode\000"
 315      5F6C6C64 
 315      5F736574 
 315      67726F75 
 315      706D6F64 
 316 0068 00       		.ascii	"\000"
 317 0069 02       		.ascii	"\002"
 318 006a 00       		.ascii	"\000"
 319 006b 00000000 		.ascii	"\000\000\000\000\000\000\000\000"
 319      00000000 
 320 0073 1E010000 		.ascii	"\036\001\000\000"
 321              		.text
 322              		.section	.gnu.lto_.opts,"",%progbits
 323 0000 272D666D 		.ascii	"'-fmath-errno' '-fsigned-zeros' '-ftrapping-math' '"
 323      6174682D 
 323      6572726E 
 323      6F272027 
 323      2D667369 
 324 0033 2D666E6F 		.ascii	"-fno-trapv' '-fno-openmp' '-fno-openacc' '-mcpu=cor"
 324      2D747261 
 324      70762720 
 324      272D666E 
 324      6F2D6F70 
 325 0066 7465782D 		.ascii	"tex-m7' '-mno-thumb-interwork' '-mthumb' '-ggdb' '-"
 325      6D372720 
 325      272D6D6E 
 325      6F2D7468 
ARM GAS  C:\Users\8FEE~1\AppData\Local\Temp\cc1EyzQF.s 			page 24


 325      756D622D 
 326 0099 4F322720 		.ascii	"O2' '-fomit-frame-pointer' '-falign-functions=16' '"
 326      272D666F 
 326      6D69742D 
 326      6672616D 
 326      652D706F 
 327 00cc 2D666675 		.ascii	"-ffunction-sections' '-fdata-sections' '-fno-common"
 327      6E637469 
 327      6F6E2D73 
 327      65637469 
 327      6F6E7327 
 328 00ff 2720272D 		.ascii	"' '-flto'\000"
 328      666C746F 
 328      2700
 329              		.text
 330              		.comm	__gnu_lto_v1,1,1
 331              		.comm	__gnu_lto_slim,1,1
 332              		.ident	"GCC: (GNU Tools for ARM Embedded Processors 6-2017-q1-update) 6.3.1 20170215 (release) [AR
ARM GAS  C:\Users\8FEE~1\AppData\Local\Temp\cc1EyzQF.s 			page 25


DEFINED SYMBOLS
                            *ABS*:00000000 hal_pal.c
                            *COM*:00000001 __gnu_lto_v1
                            *COM*:00000001 __gnu_lto_slim

NO UNDEFINED SYMBOLS
