ARM GAS  C:\Users\8FEE~1\AppData\Local\Temp\cccQ0peX.s 			page 1


   1              		.cpu cortex-m7
   2              		.eabi_attribute 20, 1
   3              		.eabi_attribute 21, 1
   4              		.eabi_attribute 23, 3
   5              		.eabi_attribute 24, 1
   6              		.eabi_attribute 25, 1
   7              		.eabi_attribute 26, 1
   8              		.eabi_attribute 30, 2
   9              		.eabi_attribute 34, 1
  10              		.eabi_attribute 18, 4
  11              		.file	"memstreams.c"
  12              		.text
  13              	.Ltext0:
  14              		.section	.gnu.lto_.profile.95614d6a,"",%progbits
  15 0000 789C6365 		.ascii	"x\234ce`b`a```d\010\260\004\000\001Y\000\226"
  15      60626061 
  15      60606064 
  15      08B00400 
  15      01590096 
  16              		.text
  17              		.section	.gnu.lto_.icf.95614d6a,"",%progbits
  18 0000 789C6365 		.ascii	"x\234ce`bPc@\0006\206MO/\354\345b\334\371\347\304s^"
  18      60625063 
  18      40003686 
  18      4D4F2FEC 
  18      E562DCF9 
  19 0018 A6F9DFE6 		.ascii	"\246\371\337\346\177\345f\006\223,og\316~\300\317\372"
  19      7FE56606 
  19      932C6F67 
  19      CE7EC0CF 
  19      FA
  20 0029 F5C6F237 		.ascii	"\365\306\3627l\014\000\205\312\023\300"
  20      6C0C0085 
  20      CA13C0
  21              		.text
  22              		.section	.gnu.lto_.jmpfuncs.95614d6a,"",%progbits
  23 0000 789C458B 		.ascii	"x\234E\213\273\021\000 \010C\023@-\235\312\241\254\262"
  23      BB110020 
  23      08431340 
  23      2D9DCAA1 
  23      ACB2
  24 0012 BA5888AF 		.ascii	"\272X\210\257\310]~\015\206\205O\203\221.1\221y\352"
  24      C85D7E0D 
  24      86854F83 
  24      912E3191 
  24      79EA
  25 0024 10D56D93 		.ascii	"\020\325m\223o\342\225\246\251\"\342^\246\022\034\360"
  25      6FE295A6 
  25      A922E25E 
  25      A6121CF0 
  26 0034 C60714   		.ascii	"\306\007\024"
  27              		.text
  28              		.section	.gnu.lto_.inline.95614d6a,"",%progbits
  29 0000 789CB591 		.ascii	"x\234\265\2211\016\3020\014E\277\235\224D4Ua*HHd\002"
  29      310EC230 
  29      0C45BF9D 
  29      94443455 
ARM GAS  C:\Users\8FEE~1\AppData\Local\Temp\cccQ0peX.s 			page 2


  29      612A4848 
  30 0016 A69E8189 		.ascii	"\246\236\201\211\2213p\024\330:vddd\344(\0359\002##"
  30      91337014 
  30      D83A7664 
  30      6464E428 
  30      1D390223 
  31 002b 23D8AD40 		.ascii	"#\330\255@Ht$\221\236\034Ky\266\223\004\214\003\341"
  31      48742491 
  31      9E1C4B79 
  31      B693048C 
  31      03E1
  32 003d BD12200B 		.ascii	"\275\022 \013d\020\011f\255\334)\343pP\227\360M\311"
  32      64100966 
  32      ADDC29E3 
  32      705097F0 
  32      4DC9
  33 004f A09BB32D 		.ascii	"\240\233\263-\005^C\017{\232\007\320\325\215X\011\276"
  33      055E430F 
  33      7B9A07D0 
  33      D58D5809 
  33      BE
  34 0060 E4131112 		.ascii	"\344\023\021\022B\332\371Z\323\236:\241\251\012\270"
  34      42DAF95A 
  34      D39E3AA1 
  34      A90AB8
  35 006f C7E287D0 		.ascii	"\307\342\207\320\034\213~!c<%\373%\344(\023\2505}]\203"
  35      1C8B7E21 
  35      633C25FB 
  35      25E42813 
  35      A8357D5D 
  36 0084 BFF7B6C9 		.ascii	"\277\367\266\311M\036D=\223c\324d\224\344J\3246\003"
  36      4D1E443D 
  36      9363D464 
  36      94E44AD4 
  36      3603
  37 0096 4CBD956D 		.ascii	"L\275\225m>U\272g\370C\021\013\357\010\234TK\244\347"
  37      3E55BA67 
  37      F843110B 
  37      EF089C54 
  37      4BA4E7
  38 00a9 0DEB073C 		.ascii	"\015\353\007<\001\310\1775\215"
  38      01C87F35 
  38      8D
  39              		.text
  40              		.section	.gnu.lto_.pureconst.95614d6a,"",%progbits
  41 0000 789C6365 		.ascii	"x\234ce`b\340f```e\220b\224b\222b\226b\221\002\000\004"
  41      6062E066 
  41      60606065 
  41      90629462 
  41      92629662 
  42 0018 2200A4   		.ascii	"\"\000\244"
  43              		.text
  44              		.section	.gnu.lto__put.95614d6a,"",%progbits
  45 0000 789C9552 		.ascii	"x\234\225R\311O\023Q\030\177\277\367f:-\324\032=y\350"
  45      C94F1351 
  45      187FBFF7 
  45      663A2DD4 
ARM GAS  C:\Users\8FEE~1\AppData\Local\Temp\cccQ0peX.s 			page 3


  45      1A3D79E8 
  46 0014 81838470 		.ascii	"\201\203\204p\260\243\021%1\032\377\026 $4\241\201X"
  46      B0A31125 
  46      311AFF16 
  46      202434A1 
  46      8158
  47 0026 CFF268B1 		.ascii	"\317\362h\261\0207\210\013[Z\207\304\020\024e\007\005"
  47      1037880B 
  47      5B5A87C4 
  47      10146507 
  47      05
  48 0037 DC1A4954 		.ascii	"\334\032IT\020\0245\030\343\301\203,\011Q4\270\304\033"
  48      10143518 
  48      E3C1832C 
  48      095134B8 
  48      C41B
  49 0049 FA7D334D 		.ascii	"\372}3M\300x\201I\373\346-\337o\371~\363L!\305\242\022"
  49      C0788149 
  49      FBE62DDF 
  49      6FF97EF3 
  49      4C21C5A2 
  50 005e E2A410E2 		.ascii	"\342\244\020\342\010\375a\012\310\226\227B\324\373\245"
  50      08FD610A 
  50      C8969742 
  50      D4FBA5
  51 006d 341C089D 		.ascii	"4\034\010\235\247\326g\205\320A\005\303\3337\000\236"
  51      A7D66785 
  51      D04105C3 
  51      DB37009E 
  52 007d 683F449D 		.ascii	"h?D\235T\006\352\320\254\332\024^7\014\246\325%\345"
  52      5406EAD0 
  52      ACDA145E 
  52      370CA6D5 
  52      25E5
  53 008f 28018396 		.ascii	"(\001\203\226\353s\235\213!^\002\005\264\\\232H\255"
  53      EB739D8B 
  53      215E0205 
  53      B45C9A48 
  53      AD
  54 00a0 19C53D9A 		.ascii	"\031\305=\232\236l\333U\337\365\341y\035p\224\024\035"
  54      9E6CDB55 
  54      DFF5E179 
  54      1D709414 
  54      1D
  55 00b1 547E1361 		.ascii	"T~\023a\364 \314\352\267PL\305o\347\026Z,U\012A\363"
  55      F420CCEA 
  55      B7504CC5 
  55      6FE7165A 
  55      2C550A41 
  56 00c6 91A6AE89 		.ascii	"\221\246\256\211`Q\267\326\011\235\235\275\242\364~"
  56      6051B7D6 
  56      099D9DBD 
  56      A2F47E
  57 00d5 4729F442 		.ascii	"G)\364Bm\005\322\226\300m\024Qy:\325\273\254\3241\027"
  57      6D05D296 
  57      C06D1451 
  57      793AD5BB 
ARM GAS  C:\Users\8FEE~1\AppData\Local\Temp\cccQ0peX.s 			page 4


  57      ACD43117 
  58 00e9 FA39F5FD 		.ascii	"\3729\365\375k(\007\375\362S\352\240Cn\357x\320\303"
  58      6B2807FD 
  58      F253EAA0 
  58      436EEF78 
  58      D0C3
  59 00fb 611C64A0 		.ascii	"a\034d\240!\320\207\"\256\376\361m\341E@\035w\221\316"
  59      21D08722 
  59      AEFEF16D 
  59      E145401D 
  59      7791CE
  60 010e 78B23354 		.ascii	"x\2623Tx\303E~l\337{9\251\237k\303Q&\372\377\025\346"
  60      78C3457E 
  60      6CDF7B39 
  60      A99F6BC3 
  60      5126FAFF 
  61 0124 87CA3F0D 		.ascii	"\207\312?\015m\\\333\34530\200Bn\210\372\030\204\017"
  61      6D5CDBE5 
  61      33308042 
  61      6E88FA18 
  61      840F
  62 0136 F41E7883 		.ascii	"\364\036x\203\254\336\370\323\250\263\357\366\275\037"
  62      ACDEF8D3 
  62      A8B3EFF6 
  62      BD1F
  63 0144 9DDB1302 		.ascii	"\235\333\023\002IJ\212\204\314\2324\365\371x\260h\260"
  63      494A8A84 
  63      CC9A34F5 
  63      F978B068 
  63      B0
  64 0155 FC3C04C0 		.ascii	"\374<\004\300n\362y3\310\203\020\347\210\216\323>OY"
  64      6EF27933 
  64      C88310E7 
  64      888ED33E 
  64      4F59
  65 0167 D15B2D23 		.ascii	"\321[-#\3215p\241\330\025 \271\014u\276\212\304\344"
  65      D13570A1 
  65      D81520B9 
  65      0C75BE8A 
  65      C4E4
  66 0179 EAC5291F 		.ascii	"\352\305)\037\357e\224I~Z\317>yeq\366\246\333\315\357"
  66      EF659449 
  66      7E5ACF3E 
  66      796571F6 
  66      A6DBCDEF 
  67 018d 67334D41 		.ascii	"g3MA\007\231z\012\277\300Q~\002a\210\335\323Y\367R\242"
  67      07997A0A 
  67      BFC0517E 
  67      026188DD 
  67      D359F752 
  68 01a2 DFB2FBB4 		.ascii	"\337\262\373\264w\024\3000\034\264s\013\002#\260]\356"
  68      7714C030 
  68      1CB4730B 
  68      0223B05D 
  68      EE
  69 01b3 E988C7EC 		.ascii	"\351\210\307\354\333!\325\250K\3051`\214\250\226\320"
  69      DB21D5A8 
ARM GAS  C:\Users\8FEE~1\AppData\Local\Temp\cccQ0peX.s 			page 5


  69      4BC53160 
  69      8CA896D0 
  70 01c3 F061AA24 		.ascii	"\360a\252$g2\303\275\011nK\011\272^\312\355\2419\231"
  70      6732C3BD 
  70      096E4B09 
  70      BA5ECAED 
  70      A13999
  71 01d6 EBC1DA91 		.ascii	"\353\301\332\221\222\205\273\256\222d\245{\256\351d"
  71      9285BBAE 
  71      9264A57B 
  71      AEE964
  72 01e5 3AD5617A 		.ascii	":\325az\\\004\264X\215\024:\247O\360\336\326\200\254"
  72      5C04B458 
  72      8D143AA7 
  72      4FF0DED6 
  72      80AC
  73 01f7 FF02EA0A 		.ascii	"\377\002\352\012\321\245 \030\306Y\014\023D\235Q\001"
  73      D1A52018 
  73      C6590C13 
  73      449D5101 
  74 0207 2FE4F6A4 		.ascii	"/\344\366\244\345\221\346o\313\340\001Nar3\205\373\236"
  74      E591E66F 
  74      CBE0014E 
  74      61723385 
  74      FB9E
  75 0219 B7D6143C 		.ascii	"\267\326\024<\226\240G4\3268;\224\307f\350\353\343\001"
  75      96A04734 
  75      D6383B94 
  75      C766E8EB 
  75      E301
  76 022b 3190566B 		.ascii	"1\220Vk \347t\233*\0177U\036\301&j7[\303\2752k\220\""
  76      20E7749B 
  76      2A0F3755 
  76      1EC1266A 
  76      375BC3BD 
  77 0243 E39EFD02 		.ascii	"\343\236\375\002\010\266\222\036}\272\233\365$\316\340"
  77      08B6921E 
  77      7DBA9BF5 
  77      24CEE0
  78 0252 31C272A6 		.ascii	"1\302r\246bk$\022\002Y\204\325\344\312<\350\372\201"
  78      626B2412 
  78      025984D5 
  78      E4CA3CE8 
  78      FA81
  79 0264 3928DA92 		.ascii	"9(\332\222H\304\366~\025U\321\362hM\374P\351Q\273&n"
  79      48C4F67E 
  79      1555D1F2 
  79      684DFC50 
  79      E951BB26 
  80 0279 579555DB 		.ascii	"W\225U\333\325\321r;~\372TeY,n\307*c\271i\244B\310h"
  80      D5D1723B 
  80      7EFA5465 
  80      592C6EC7 
  80      2A63B969 
  81 0291 2DCA552C 		.ascii	"-\312U,^\373\027\344\000GQ"
  81      5EFB17E4 
  81      004751
ARM GAS  C:\Users\8FEE~1\AppData\Local\Temp\cccQ0peX.s 			page 6


  82              		.text
  83              		.section	.gnu.lto__get.95614d6a,"",%progbits
  84 0000 789C9552 		.ascii	"x\234\225R]K\024Q\030>\317\234\331\231\235e5\352B\010"
  84      5D4B1451 
  84      183ECF9C 
  84      D9999D65 
  84      35EA4208 
  85 0014 96F02211 		.ascii	"\226\360\"\021/t\212,\241\213\372\035]\252\010.\270"
  85      2F748A2C 
  85      A18BFA1D 
  85      5DAA082E 
  85      B8
  86 0025 286D9791 		.ascii	"(m\227\221\307][E\243\244\310/v\033!D\263\374v\313\217"
  86      C75D5B45 
  86      A3A4C82F 
  86      761B2144 
  86      B3FC76CB 
  87 003a 842529FB 		.ascii	"\204%)\373\320>1\260\253(\025,,\354\023*\254\367\235"
  87      D03E31B0 
  87      AB28152C 
  87      2CEC132A 
  87      ACF79D
  88 004d 9132BAC9 		.ascii	"\2212\272\311a\346\3149\357y\237\347y\337\347\034\237"
  88      61E6CC39 
  88      EF799FE7 
  88      79DFE71C 
  88      9F
  89 005e D0C49414 		.ascii	"\320\304\224\024\342\250\020\342 }\360\011h-\017\205"
  89      E2A810E2 
  89      207DF009 
  89      682D0F85 
  90 006e A8F36B9A 		.ascii	"\250\363k\232\356@\250\200\\\237\023B\005%t/\256\003"
  90      EE40A880 
  90      5C9F1342 
  90      0525742F 
  90      AE03
  91 0080 3C517E88 		.ascii	"<Q~\210ZM\352\250\3059\331&\361\244~()\317JG\012\350"
  91      5A4DEAA8 
  91      C539D926 
  91      F1A47E28 
  91      29CF4A47 
  92 0096 B45C9FEF 		.ascii	"\264\\\237\357|\235\315K \227\226K\023\2115\275\240"
  92      7C9DCD4B 
  92      2097964B 
  92      138935BD 
  92      A0
  93 00a7 47D19369 		.ascii	"G\321\223i\0337.\215<V\226#5\321A\351\275\010\241\007"
  93      1B372E8D 
  93      3C569623 
  93      35D141E9 
  93      BD08A107 
  94 00bb 2156BF82 		.ascii	"!V\277\202\002J~6\277\320b\312\022\010\232\2176vM\004"
  94      024A7E36 
  94      BFD062CA 
  94      12089A8F 
  94      36764D04 
  95 00cf F3BB958A 		.ascii	"\363\273\225\212\251\314\334\005\251\366:R\242\017r"
ARM GAS  C:\Users\8FEE~1\AppData\Local\Temp\cccQ0peX.s 			page 7


  95      A9CCDC05 
  95      A9F63A52 
  95      A20F72
  96 00de 2B904202 		.ascii	"+\220B\002W\221\317\371\037\337/<\260\344a\027\353\214"
  96      5791CFF9 
  96      1FDF2F3C 
  96      B0E46117 
  96      EB8C
  97 00f0 C73BB3F3 		.ascii	"\307;\263\363.\273\330/\035\273\316\307\325]\245;T\362"
  97      2EBBD82F 
  97      1DBBCEC7 
  97      D55DA53B 
  97      54F2
  98 0102 B5BFF1FC 		.ascii	"\265\277\361\374Pz2\321\267,\345\021\027z\373\307\342"
  98      507A32D1 
  98      B72CE511 
  98      177AFBC7 
  98      E2
  99 0113 6C6013FA 		.ascii	"l`\023\372\256#g=\246\332\031\352\303\200\007=\020\302"
  99      AE23673D 
  99      A6DA19EA 
  99      C380073D 
  99      10C2
 100 0125 BEDFC057 		.ascii	"\276\337\300W\303\033\027\263\014\035\203\310C?\362"
 100      C31B17B3 
 100      0C1D83C8 
 100      433FF2
 101 0134 B829EA65 		.ascii	"\270)\352e\010\006\350\307\321\301\247\310\250\215\237"
 101      0806E8C7 
 101      D1C1A7C8 
 101      A88D9F
 102 0143 0D2AB3B2 		.ascii	"\015*\263\262{\372\323\363\235Y\240\2325\262\206\212"
 102      7BFAD3F3 
 102      9D59A09A 
 102      35B2868A 
 103 0153 F6D1D430 		.ascii	"\366\321\3240x0i0\375<X\202Q\001\016\0069S\210&\242"
 103      78306930 
 103      FD3C5882 
 103      51010E06 
 103      39538826 
 104 0168 64D79B69 		.ascii	"d\327\233iA\177\271\214X\327\3673\005\256\010I\246\310"
 104      417FB98C 
 104      58D7F733 
 104      05AE0849 
 104      A6C8
 105 017a 8155C426 		.ascii	"\201U\304&W{g\014\216\245\244\217\352j=}\353\221\311"
 105      577B670C 
 105      8EA5A48F 
 105      EA6A3D7D 
 105      EB91C9
 106 018d 67A0BB3D 		.ascii	"g\240\273=}\235\275\337\030t\220\252\243C\310u\244\237"
 106      7D9DBDDF 
 106      187490AA 
 106      A343C875 
 106      A49F
 107 019f 4018E6F6 		.ascii	"@\030\346\366i\257{)6`\332\375\312\333\2620\002\007"
 107      69AF7B29 
ARM GAS  C:\Users\8FEE~1\AppData\Local\Temp\cccQ0peX.s 			page 8


 107      3660DAFD 
 107      CADBB230 
 107      0207
 108 01b1 EDDC86C0 		.ascii	"\355\334\206\300(l\227\373^\241\307ll\223j\314\245\002"
 108      286C97FB 
 108      5EA1C76C 
 108      6C936ACC 
 108      A502
 109 01c3 53A5896A 		.ascii	"S\245\211j\011\365/f\2127\213$6\327\304f\252\237\256"
 109      09F52F66 
 109      8A378B24 
 109      36D7C466 
 109      AA9FAE
 110 01d6 99747BE8 		.ascii	"\231t{\350\213\233\336\266\271-%\023\327]%\215\225n"
 110      8B9BDEB6 
 110      B92D2513 
 110      D75D258D 
 110      956E
 111 01e8 B845C793 		.ascii	"\270E\307\223\211E\237\307E@\223\325H\341[\3231/fm\365"
 111      89459FC7 
 111      454093D5 
 111      48E15BD3 
 111      312F666D 
 112 01fd C8FCC7A3 		.ascii	"\310\374\307\243\256=\016W\350\3078\353a\202\330\005"
 112      AE3D0E57 
 112      E8C738EB 
 112      6182D805 
 113 020d FB9EE3BA 		.ascii	"\373\236\343\272>\310\256[,\322\232\230N\237\364\030"
 113      3EC8AE5B 
 113      2CD29A98 
 113      4E9FF418 
 114 021d 039E3DE9 		.ascii	"\003\236=\351\206\271\341\000\223Z\000&\011M\252\255"
 114      86B9E100 
 114      935A0026 
 114      094DAAAD 
 115 022d 16A7FC57 		.ascii	"\026\247\374WG\205\014\234\372c\333M\330D\315$\037\032"
 115      47850C9C 
 115      FA63DB4D 
 115      D844CD24 
 115      1F1A
 116 023f E6D3959E 		.ascii	"\346\323\225\236T\220\325\3319\335\275\020k\320D\312"
 116      5490D5D9 
 116      39DDBD10 
 116      6BD044CA 
 117 024f 4DFF0C10 		.ascii	"M\377\014\020\323Jr\354\316\016.A\303)L#\244M\276y\011"
 117      D34A72EC 
 117      CE0E2E41 
 117      C3294C23 
 117      A44DBE79 
 118 0264 42C9CEB7 		.ascii	"B\311\316\267\217A\327\011\214\"\253\212\213\212l\357"
 118      8F41D709 
 118      8C22AB8A 
 118      8B8A6CEF 
 119 0274 2DAF0C97 		.ascii	"-\257\014\227\205\253\243\373K\016\331\325Q\273\262"
 119      85ABA3FB 
 119      4B0ED9D5 
 119      51BBB2
ARM GAS  C:\Users\8FEE~1\AppData\Local\Temp\cccQ0peX.s 			page 9


 120 0283 B4CAAE0A 		.ascii	"\264\312\256\012\227\331\321\023\307+J#Q;R\021\331\234"
 120      97D9D113 
 120      C72B4A23 
 120      513B5211 
 120      D99C
 121 0295 16950B2D 		.ascii	"\026\225\013-\\##\321\032\224\375\002\377o>\253"
 121      5C2323D1 
 121      1A94FD02 
 121      FF6F3EAB 
 122              		.text
 123              		.section	.gnu.lto__reads.95614d6a,"",%progbits
 124 0000 789C9552 		.ascii	"x\234\225R]KTQ\024=\353\236;sgdf\372\003\022>$\342\203"
 124      5D4B5451 
 124      143DEB9E 
 124      3B736764 
 124      66FA0312 
 125 0018 5E8221A1 		.ascii	"^\202!\241\260\240\247\236\373\007*\202\003NJ\323\373"
 125      B0A0A79E 
 125      FB072A82 
 125      034E4AD3 
 125      FB
 126 0029 1CC78F34 		.ascii	"\034\307\2174\243\214rt\314\341\012bf\345W\2269f1\030"
 126      A38C7274 
 126      CCE10A62 
 126      66E55796 
 126      39663118 
 127 003d 14651AF9 		.ascii	"\024e\032\371\361\324CPFHE\205\204\017\242\266\367\271"
 127      F1D44350 
 127      46484585 
 127      840FA2B6 
 127      F7B9
 128 004f 53964F3A 		.ascii	"S\226O:\3349\367\234\275\367Z{\257u\256G\030\242\300"
 128      DC39F79C 
 128      BDF75A7B 
 128      AF75AE47 
 128      18A2C0
 129 0062 14E2B410 		.ascii	"\024\342\264\020\"L\177x\004\214\216\005!\032|\206!"
 129      224C7F78 
 129      048C8E05 
 129      211A7C86 
 129      21
 130 0073 976DA1F2 		.ascii	"\227m\241\362\314\231\303B\005$L7l\002\274Q>\210\270"
 130      CC99C342 
 130      05244C37 
 130      6C02BC51 
 130      3E88B8
 131 0086 214DC471 		.ascii	"!M\304qUvI\274m\032\353\225W\244#\005L:\376\234\357"
 131      557649BC 
 131      6D1AEB95 
 131      57A42305 
 131      4C3AFE9C 
 132 009b F918E223 		.ascii	"\371\030\342#P@\307\233j\261\315*\036T*\241\262]?\312"
 132      5040C79B 
 132      6AB1CD2A 
 132      1E542AA1 
 132      B25D3FCA 
 133 00af AF35369F 		.ascii	"\25756\237q\244!RT}\033\371\030D>\367\036B1\325.\315"
ARM GAS  C:\Users\8FEE~1\AppData\Local\Temp\cccQ0peX.s 			page 10


 133      71A42152 
 133      547D1BF9 
 133      18443EF7 
 133      1E4231D5 
 134 00c5 AF7458B2 		.ascii	"\257tX\262\014\202\366\023\255}\231@\321\200\306\255"
 134      0C82F613 
 134      AD7D9940 
 134      D180C6AD 
 135 00d5 5E97EA88 		.ascii	"^\227\352\210#%\356@\376\013\244\220\300]\024Q\371f"
 135      2325EE40 
 135      FE0BA490 
 135      C05D1451 
 135      F966
 136 00e7 FB4AD22F 		.ascii	"\373J\322/\217kh\303\300\244c\344\240\257;5\324\304"
 136      8F6B68C3 
 136      C0A463E4 
 136      A0AF3B35 
 136      D4C4
 137 00f9 BDBD5053 		.ascii	"\275\275PS`XC\267\324\215dH\226khj\266\363]\360O\327"
 137      605843B7 
 137      D48D6448 
 137      966B686A 
 137      B6F35DF0 
 138 010f A4861A18 		.ascii	"\244\206\032\030\331\0135\004FQ\304\365\353\337W\346"
 138      D90B3504 
 138      4651C4F5 
 138      EBDF57E6 
 139 011f FCF294C6 		.ascii	"\374\362\224\306:S\215=\241\302~\215]\350\362\244T\266"
 139      3A538D3D 
 139      A1C27E8D 
 139      5DE8F2A4 
 139      54B6
 140 0131 A9C0911E 		.ascii	"\251\300\221\036\214\375\017\347\037U\177\030\337\356"
 140      8CFD0FE7 
 140      1F557F18 
 140      DFEE
 141 013f 0C7A4D8C 		.ascii	"\014zM\214\243\220\315 \017\356\303\013z\217.\"\253"
 141      A390CD20 
 141      0FEEC30B 
 141      7A8F2E22 
 141      AB
 142 0150 B6772EAA 		.ascii	"\266w.\252\354\363\015\334\352\277\214C\320\355\014"
 142      ECF30DDC 
 142      EABF8C43 
 142      D0ED0C
 143 015f B05493DA 		.ascii	"\260T\223\332{=\274xy\261\300)\037\313\361\363\222\007"
 143      7B3DBC78 
 143      79B1C029 
 143      1FCBF1F3 
 143      9207
 144 0171 1615E054 		.ascii	"\026\025\340T\220\027!.\0217\337Z;MMo\371\011\211\276"
 144      9017212E 
 144      1137DF5A 
 144      3B4D4D6F 
 144      F90989BE 
 145 0185 CF7386EE 		.ascii	"\317s\206\356F\275\323\024^Cbzm3\314\241\264\344+L6"
 145      46BDD314 
ARM GAS  C:\Users\8FEE~1\AppData\Local\Temp\cccQ0peX.s 			page 11


 145      5E43627A 
 145      6D33CCA1 
 145      B4E42B4C 
 146 019a CFBEB1F8 		.ascii	"\317\276\261\370\012=Z\330\306\213W\255\001\007\351"
 146      0A3D5AD8 
 146      C68B57AD 
 146      0107E9
 147 01a9 06A51429 		.ascii	"\006\245\024)\262\010\203\011VB\271\201\325\304\210"
 147      B2088309 
 147      5642B981 
 147      D5C488
 148 01b8 650F2B37 		.ascii	"e\017+7e\340\001\034t\263\034\201\207\2605\365\313\022"
 148      65E0011C 
 148      74B31C81 
 148      87B035F5 
 148      CB12
 149 01ca 97D97340 		.ascii	"\227\331s@\252IM\305\226\340\221\246j\354ni\363\270"
 149      AA494DC5 
 149      96E091A6 
 149      6AEC6E69 
 149      F3B8
 150 01dc 5C3C2831 		.ascii	"\\<(1\212U4-<\013\377\215Y\332\335v\372,\226m\255t\375"
 150      8A55342D 
 150      3C0BFF8D 
 150      59DADD76 
 150      FA2C966D 
 151 01f3 84164A1E 		.ascii	"\204\026J\036\245\331\014J\2319\027\334;L\023\277\226"
 151      A5D90C4A 
 151      993917DC 
 151      3B4C13BF 
 151      96
 152 0204 BF75D625 		.ascii	"\277u\326%\361\035hH\023SzH\203\207\314\270C\366\266"
 152      F11D6848 
 152      13537A48 
 152      8387CCB8 
 152      43F6B6
 153 0217 0C592E97 		.ascii	"\014Y.\227\237\350x\310/h\351\013q\210\0112\231\257"
 153      9FE878C8 
 153      2F68E90B 
 153      71880932 
 153      99AF
 154 0229 EFACF896 		.ascii	"\357\254\370\226\3629\322\227bu\230F\\\244e\236\256"
 154      F239D297 
 154      62759846 
 154      5CA4659E 
 154      AE
 155 023a 8723FDEE 		.ascii	"\207#\375\356@\333']\222\300\276\006*a\303\036\357\032"
 155      40DB275D 
 155      92C0BE06 
 155      2A61C31E 
 155      EF1A
 156 024c 36E3CE92 		.ascii	"6\343\316\222l\201\313\022$j\342b\352\244\237C\373g"
 156      6C81CB12 
 156      246AE262 
 156      EAA49F43 
 156      FB67
 157 025e 7DB2CBFA 		.ascii	"}\262\313\372\0246Q\211od\354\316R\216\231\023\277@"
ARM GAS  C:\Users\8FEE~1\AppData\Local\Temp\cccQ0peX.s 			page 12


 157      14365189 
 157      6F64ECCE 
 157      528E9913 
 157      BF40
 158 0270 E496412A 		.ascii	"\344\226A*\274\262\347\275\244o\016\3542\271\022.-\265"
 158      BCB2E7BD 
 158      A46F0EEC 
 158      32B9122E 
 158      2DB5
 159 0282 DDA7AA26 		.ascii	"\335\247\252&R\031\251\213\035-;f\327\305\354\232\212"
 159      5219A98B 
 159      1D2D3B66 
 159      D7C5EC9A 
 159      8A
 160 0293 5ABB3652 		.ascii	"Z\2736Ri\307.\234\257\256\210\306\354hu4\267-\255\022"
 160      69C72E9C 
 160      AFAE88C6 
 160      EC687534 
 160      B72DAD12 
 161 02a7 46A4DEA8 		.ascii	"F\244\336\250\254\3079\031\215\325\377\006\233\263R"
 161      ACC73919 
 161      8DD5FF06 
 161      9BB352
 162 02b6 E4       		.ascii	"\344"
 163              		.text
 164              		.section	.gnu.lto__writes.95614d6a,"",%progbits
 165 0000 789C9552 		.ascii	"x\234\225RMO\023Q\024\275\367\275\231N[\333\372\007"
 165      4D4F1351 
 165      14BDF7BD 
 165      994E5BDB 
 165      FA07
 166 0012 88B29010 		.ascii	"\210\262\220\020\026vb\322\250\301\020\023W\376\015"
 166      167662D2 
 166      A8C11013 
 166      57FE0D
 167 0021 202434A1 		.ascii	" $4\241B\254\373>\312\207(\211b\224B\221fH\014AE\276"
 167      42ACFB3E 
 167      CA872889 
 167      62944291 
 167      66480C41 
 168 0037 4481029A 		.ascii	"D\201\002\232\006M\214\0300\362\261\001W\012\213\006"
 168      064D8C18 
 168      30F2B101 
 168      570A8B06 
 169 0047 8C31465D 		.ascii	"\2141F]\030\300{\3374\242\254\240\231\276y\357\336{"
 169      18C07BDF 
 169      34A2ACA0 
 169      99BE79EF 
 169      DE7B
 170 0059 CEBDE7BC 		.ascii	"\316\275\347\2741A\300I\003\340\022\000D\350\217&\240"
 170      3141C049 
 170      03E01200 
 170      44E88F26 
 170      A0
 171 006a E8580468 		.ascii	"\350X\004h\364\012!WlP~c\366\004\250\200D\303\015\033"
 171      F40A2157 
 171      6C507E63 
ARM GAS  C:\Users\8FEE~1\AppData\Local\Temp\cccQ0peX.s 			page 13


 171      F604A880 
 171      44C30D1B 
 172 007e 88BC515E 		.ascii	"\210\274Q^\204\204\220\006&\360\266\354\222\370\241"
 172      84849006 
 172      26F0B6EC 
 172      92F8A1
 173 008d 79B457DE 		.ascii	"y\264W\336\222\216\0044\350\370m\241\347s\210\217\210"
 173      928E0434 
 173      E8F86DA1 
 173      E773888F 
 173      88
 174 009e C574BCAF 		.ascii	"\305t\274\257\226nXe\003J%U\256k\266\342NS\313eG\012"
 174      966E5865 
 174      034A2555 
 174      AE6BB6E2 
 174      4E53CB65 
 175 00b4 4853F543 		.ascii	"HS\365C,\302\001,\342\336\217\260\214j\227\027V;,y\016"
 175      2CC2012C 
 175      E2DE8FB0 
 175      8C6A9717 
 175      563B2C79 
 176 00c9 81F6E36D 		.ascii	"\201\366\343m}\331@i\277\306m\337\225\352\224#%>F\371"
 176      7DD94069 
 176      BFC66DDF 
 176      95EA9423 
 176      253E46F9 
 177 00dd 2F904280 		.ascii	"/\220B\200\203XJ\345\277\333WS>Y\256\241\215\375\023"
 177      83584AE5 
 177      BFDB5753 
 177      3E59AEA1 
 177      8DFD13
 178 00f0 8E28405F 		.ascii	"\216(@_\2474\324\300'\007\241\006\340\220\206\356\250"
 178      A734D4C0 
 178      2707A106 
 178      E09086EE 
 178      A8
 179 0101 7BA990AC 		.ascii	"{\251\220\254\320\320\364\\\347z\260\000\375\330\245"
 179      D0D0F45C 
 179      E77AB000 
 179      FDD8A5
 180 0110 A102870F 		.ascii	"\241\002\207\017B\005\340\010\226r\375\367\257\253\357"
 180      4205E008 
 180      9672FDF7 
 180      AFABEF
 181 011f 7CF2A2C6 		.ascii	"|\362\242\306:SM=\241\222\007\032\273\333i\246U\256"
 181      3A534D3D 
 181      A192071A 
 181      BBDB69A6 
 181      55AE
 182 0131 B9D89126 		.ascii	"\271\330\221&\216\376\017\347\037U\177\032\333\355\014"
 182      8EFE0FE7 
 182      1F557F1A 
 182      DBED0C
 183 0140 7A0C1CC3 		.ascii	"z\014\034\303\0226\203<x\212\036\244\367\310\022\346"
 183      1236833C 
 183      788A1EA4 
 183      F7C812E6 
ARM GAS  C:\Users\8FEE~1\AppData\Local\Temp\cccQ0peX.s 			page 14


 184 0150 D4EEDE75 		.ascii	"\324\356\336u\225\373\271\211\0033\307\216\243\356&"
 184      95FBB989 
 184      0333C78E 
 184      A3EE26
 185 015f 90951AD4 		.ascii	"\220\225\032\324\335c\362\342\341\305BNyik\371x\361"
 185      DD63F2E2 
 185      E1C5424E 
 185      79696BF9 
 185      78F1
 186 0171 236B0A70 		.ascii	"#k\012p*\310\013\300M\242\346Kk\247\241\351-71\331\267"
 186      2AC80BC0 
 186      4DA2E64B 
 186      6BA7A1E9 
 186      2D3731D9 
 187 0186 372F7433 		.ascii	"7/t3j\235\241p\036\223\323\371|\204C\031\3117\230j\231"
 187      6A9DA170 
 187      1E93D3F9 
 187      7C844319 
 187      C937986A 
 188 019b 7B6FF10D 		.ascii	"{o\361\015\232Z\327\2577\363m\001\0073\215J)\022\344"
 188      9A5AD7AF 
 188      37F36D01 
 188      07338D4A 
 188      2912E4
 189 01ae 250C8EB3 		.ascii	"%\014\216\263\020\312\365o$\207-{H\271)\201\317\320"
 189      10CAF56F 
 189      24872D7B 
 189      48B92981 
 189      CFD0
 190 01c0 C16E5603 		.ascii	"\301nV\003\370\034mM\3756\3542\233G\244\232\320T\354"
 190      F81C6D4D 
 190      FD36EC32 
 190      9B47A49A 
 190      D054EC
 191 01d3 084E6AAA 		.ascii	"\010Nj\252\246\356\326\264\351r\361\240\304\010\033"
 191      A6EED6B4 
 191      E972F1A0 
 191      C4081B
 192 01e2 D8BCF82A 		.ascii	"\330\274\370*\3627fis\333\351\253X\261\265\322\301\013"
 192      F2376669 
 192      73DBE9AB 
 192      58B1B5D2 
 192      C10B
 193 01f4 5A287994 		.ascii	"Z(y\224a3(e\024\\p\2570C\374Z\376V\271K\342=\322\220"
 193      61332865 
 193      145C70AF 
 193      3043FC5A 
 193      FE56B94B 
 194 020c 164EE921 		.ascii	"\026N\351!\005\017\231u\207\354m\315\027\206\364e\030"
 194      050F9975 
 194      87EC6DCD 
 194      1786F465 
 194      18
 195 021d 6BC216B6 		.ascii	"k\302\026\266\366\2058\304\004\331\354\366\272\225\330"
 195      F68538C4 
 195      04D9ECF6 
 195      BA95D8
ARM GAS  C:\Users\8FEE~1\AppData\Local\Temp\cccQ0peX.s 			page 15


 196 022c 515E47FA 		.ascii	"Q^G\372\322\254\016\2471\001\272\330O\3238\322\357\016"
 196      D2AC0EA7 
 196      3101BAD8 
 196      4FD338D2 
 196      EF0E
 197 023e B47DDE25 		.ascii	"\264}\336%\011\034j\240\323l\330\314\276a\263\356,\251"
 197      091C6AA0 
 197      D36CD8CC 
 197      BE61B3EE 
 197      2CA9
 198 0250 56745982 		.ascii	"VtY\202DM\\L\235\362q\350\360\254/\366Y_\242MT\360\205"
 198      444D5C4C 
 198      9DF271E8 
 198      F0AC2FF6 
 198      595FA24D 
 199 0267 8C9D5C2E 		.ascii	"\214\235\\.0s\342\007\022\271%H\205G\256\255I\372\346"
 199      3073E207 
 199      12B92548 
 199      8547AEAD 
 199      49FAE6
 200 027a 905D2657 		.ascii	"\220]&W\"\341\260\355>\325\265\321\252h}\374\314\271"
 200      22E1B0ED 
 200      3ED5B5D1 
 200      AA687DFC 
 200      CCB9
 201 028c B3767DDC 		.ascii	"\263v}\334\256\255\254\263\353\242Uv\374\332\325\232"
 201      AEADACB3 
 201      EBA25576 
 201      FCDAD59A 
 202 029c CA58DC8E 		.ascii	"\312X\334\216\325\304\012\333p5\210h\203\250j\300+2"
 202      D5C40ADB 
 202      70358868 
 202      83A86AC0 
 202      2B32
 203 02ae 166FF803 		.ascii	"\026o\370\003\241\253RY"
 203      A1AB5259 
 204              		.text
 205              		.section	.gnu.lto_msObjectInit.95614d6a,"",%progbits
 206 0000 789C9D93 		.ascii	"x\234\235\223\313k\023Q\024\306\3577w&\223h\033\\\270"
 206      CB6B1351 
 206      14C6EF37 
 206      77269368 
 206      1B5CB8
 207 0013 10EDA20B 		.ascii	"\020\355\242\013!t\223A\020\273p\347\246\342\177\321"
 207      21749341 
 207      10BB70E7 
 207      A6E27FD1 
 208 0023 9494061B 		.ascii	"\224\224\006\033\"\035\335\210\220I\332\032\251\020"
 208      221DDD88 
 208      9049DA1A 
 208      A910
 209 0031 155B5B43 		.ascii	"\025[[C\343\024%F\255I\037>k\254\211\001\025[\037(\355"
 209      E3142546 
 209      AD491F3E 
 209      6BAC8901 
 209      155B1F28 
 210 0046 427C812D 		.ascii	"B|\201-\305\010\"R\241P\264\361\334\233\024\264\270"
ARM GAS  C:\Users\8FEE~1\AppData\Local\Temp\cccQ0peX.s 			page 16


 210      C5082252 
 210      A150B4F1 
 210      DC9B14B4 
 210      B8
 211 0057 319719EE 		.ascii	"1\227\031\356c\316\367\273\347\236\357\216\306\0246"
 211      63CEF7BB 
 211      E79EEF8E 
 211      C61436
 212 0066 CC193BC0 		.ascii	"\314\031;\300\030\333A/8\203r\372\005c\021\247\002\210"
 212      18DB412F 
 212      388372FA 
 212      056311A7 
 212      0288
 213 0078 81E5040B 		.ascii	"\201\345\004\013+\010\343\024\037\344(\306\226\246\224"
 213      2B08E314 
 213      1FE428C6 
 213      96A694
 214 0087 A6B445AD 		.ascii	"\246\264E\2550xA?n\365n\263I~\236^\321\220F\023E\275"
 214      3078413F 
 214      6EF56EB3 
 214      497E9E5E 
 214      D1904613 
 215 009d EA191FE6 		.ascii	"\352\031\037\346qns@\245\351\367\347\211\005\267\230"
 215      716E7340 
 215      A5E9F7E7 
 215      8905B798 
 216 00ad 2A68A4E9 		.ascii	"*h\244\351\362\267\371Y\027o\006\243\361\265\376\214"
 216      F2B7F959 
 216      176F06A3 
 216      F1B5FE8C 
 217 00bd DB93B2AC 		.ascii	"\333\223\262\254\250Ux\326\317\255\2356\2475p\342\341"
 217      A85578D6 
 217      CFAD9D36 
 217      A73570E2 
 217      E1
 218 00ce 2A1A7005 		.ascii	"*\032p\005\015\214\226\030F\341\241\350tO\356\215\213"
 218      0D8C9618 
 218      46E1A1E8 
 218      744FEE8D 
 218      8B
 219 00df EF95CAB9 		.ascii	"\357\225\312\271\245d\272\256*\3759 \245*\256o\224\252"
 219      A564BAAE 
 219      2AFD3920 
 219      A52AAE6F 
 219      94AA
 220 00f1 0C1929BD 		.ascii	"\014\031)\275\030\231\237\255\347\373\2444\226\231."
 220      18999FAD 
 220      E7FBA434 
 220      96992E
 221 0100 ADEFFA38 		.ascii	"\255\357\3728\271\365l\267\265\337\346\032\262\033\305"
 221      B9F56CB7 
 221      B5DFE61A 
 221      B21BC5
 222 010f 1AC39814 		.ascii	"\032\303\230\024\257\244\213\217T\336\"\305\037g\342"
 222      AFA48B8F 
 222      54DE22C5 
 222      1F67E2
ARM GAS  C:\Users\8FEE~1\AppData\Local\Temp\cccQ0peX.s 			page 17


 223 011e 6736ADEF 		.ascii	"g6\255\357[IY\303\370?\244\023\360\210\370O\023k\003"
 223      5B4959C3 
 223      F83FA413 
 223      F088F84F 
 223      136B03
 224 0131 F50EB552 		.ascii	"\365\016\265R\"L\302\001\352\307^\243`\255\225cVa1\205"
 224      224CC201 
 224      EAC75EA3 
 224      60AD9563 
 224      56613185 
 225 0145 7CCB66AA 		.ascii	"|\313f\2525\235P\205H\326\001\261\253\023\022\300\372"
 225      359D5085 
 225      48D601B1 
 225      AB1312C0 
 225      FA
 226 0156 48266C38 		.ascii	"H&l8\311\025\321\363\022\242\253\261L\356\230 \021\375"
 226      C915D1F3 
 226      12A2ABB1 
 226      4CEE9820 
 226      11FD
 227 0168 5C6FF1A5 		.ascii	"\\o\361\245.J\313er+OfN\324\331HF\310\237\221\3556w"
 227      2E4ACB65 
 227      722B4F66 
 227      4ED4D948 
 227      46C89F91 
 228 017f 24A9E637 		.ascii	"$\251\3467(#\3611\265\030\315\352FFx\327hs\0357acH\032"
 228      2823F131 
 228      B518CDEA 
 228      464678D7 
 228      68731D37 
 229 0197 875B30FE 		.ascii	"\207[0\376\204\351\022\326\275\232_v\207\177Y\344\260"
 229      84E912D6 
 229      BD9A5F76 
 229      877F59E4 
 229      B0
 230 01a8 7E49C4D1 		.ascii	"~I\304\321\332\323\304\350A\301\337bs'\356\320\255\270"
 230      DAD3C4E8 
 230      41C1DF62 
 230      7327EED0 
 230      ADB8
 231 01ba 5D8597BF 		.ascii	"]\205\227\277Lf]\024<D\033_\206@\334%<\241\247\020f"
 231      4C665D14 
 231      3C441B5F 
 231      8640DC25 
 231      3CA1A710 
 232 01cf 9474A2F4 		.ascii	"\224t\242\364vA\257&\375\037Y\252\270'\263\024EC\016"
 232      7641AF26 
 232      FD1F59AA 
 232      B827B314 
 232      45430E
 233 01e2 46921C95 		.ascii	"F\222\034\225\264w\265\3204\334\2274E\320\246\005\315"
 233      B477B5D0 
 233      34DC9734 
 233      45D0A605 
 233      CD
 234 01f3 51A1BDAF 		.ascii	"Q\241\275\257\215\366@\322\244\261yAs\012\332\217\317"
 234      8DF640D2 
ARM GAS  C:\Users\8FEE~1\AppData\Local\Temp\cccQ0peX.s 			page 18


 234      A4B17941 
 234      730ADA8F 
 234      CF
 235 0204 1F6AA315 		.ascii	"\037j\243\025$M\025\264\207\177\373\241\201\241H\252"
 235      244D15B4 
 235      877FFBA1 
 235      81A148AA 
 236 0214 AF888E94 		.ascii	"\257\210\216\224\343\020p\371\273\365Q]\350R\320qv{"
 236      E31070F9 
 236      BBF5515D 
 236      E852D071 
 236      767B
 237 0226 BD46E569 		.ascii	"\275F\345i\353\010\370\002!sW\363\036#d\032\035\255"
 237      EB08F802 
 237      217357F3 
 237      1E23641A 
 237      1DAD
 238 0238 9D4667C0 		.ascii	"\235Fg\300g\230\207\273\374\255A\323\010\372\203\325"
 238      679887BB 
 238      FCAD41D3 
 238      08FA83D5 
 239 0248 A1B78DF1 		.ascii	"\241\267\215\361\240y\310\341;\322\336\356\357R\315"
 239      A079C8E1 
 239      3BD2DEEE 
 239      EF52CD
 240 0257 C0513FF7 		.ascii	"\300Q?\367\207\314\337\337\011B\223"
 240      87CCDFDF 
 240      094293
 241              		.text
 242              		.section	.gnu.lto_vmt.95614d6a,"",%progbits
 243 0000 789C6365 		.ascii	"x\234ce`b\230\305\300\300`\306\000\001\323\231\031w"
 243      606298C5 
 243      C0C060C6 
 243      0001D399 
 243      1977
 244 0012 EE7C739B 		.ascii	"\356|s\233\275\376oCGC\303\203\356\365\314\035\314\363"
 244      BDFE6F43 
 244      4743C383 
 244      EEF5CC1D 
 244      CCF3
 245 0024 99196632 		.ascii	"\231\031f2c\310-x\005\224`\234\311\314\210!\261\012"
 245      63C82D78 
 245      0594609C 
 245      C9CC8821 
 245      B10A
 246 0036 28C13493 		.ascii	"(\3014\223\231\011C\342\031\323|f\346\231\314\314`\211"
 246      990943E2 
 246      19D37C66 
 246      E699CCCC 
 246      6089
 247 0048 AFCF9EEC 		.ascii	"\257\317\236\354\347\260\330\326\320\261\240\301a>3"
 247      E7B0D8D6 
 247      D0B1A0C1 
 247      613E33
 248 0057 CB0C6606 		.ascii	"\313\014f\006\306U\214\3653\230\031\031W\202(&\306\025"
 248      C6558CF5 
 248      33981919 
ARM GAS  C:\Users\8FEE~1\AppData\Local\Temp\cccQ0peX.s 			page 19


 248      57822826 
 248      C615
 249 0069 208A9971 		.ascii	" \212\231q9c=\003\343jF\013\006\023==}\010J\316\310"
 249      39633D03 
 249      E36A460B 
 249      06133D3D 
 249      7D084ACE 
 250 007e 4CCACC2F 		.ascii	"L\312\314/647\323\317/\326\317H\314\321\317\311L\322"
 250      363437D3 
 250      CF2FD6CF 
 250      48CCD1CF 
 250      C94CD2
 251 0091 2F2E294A 		.ascii	"/.)JM\314-\326\317M\315\2052\365\222\031\000\237@K\327"
 251      4DCC2DD6 
 251      CF4DCD85 
 251      32F59219 
 251      009F404B 
 252              		.text
 253              		.section	.gnu.lto_.symbol_nodes.95614d6a,"",%progbits
 254 0000 789C5DC9 		.ascii	"x\234]\311\273\015\2000\020\203a\307G\262\006\022\223"
 254      BB0D8030 
 254      108361C7 
 254      47B20612 
 254      93
 255 0011 C0647715 		.ascii	"\300dw\025%b\000\036\201)\020\035\0130\005%C\020\201"
 255      2562001E 
 255      8129101D 
 255      0B300525 
 255      431081
 256 0024 68E2E697 		.ascii	"h\342\346\227>{\020\035\3228Q\201\376\004R\266xXH6S"
 256      3E7B101D 
 256      D2385181 
 256      FE0452B6 
 256      78584836 
 257 0039 5D6E2395 		.ascii	"]n#\225\271\015T\311m\241\026\277\355\326\000>\022V"
 257      B90D54C9 
 257      6DA116BF 
 257      EDD6003E 
 257      1256
 258 004b 01E256AA 		.ascii	"\001\342V\252\177/\300\254N\302\200\253\275K\221\257"
 258      7F2FC0AC 
 258      4EC280AB 
 258      BD4B91AF 
 259 005b 7800EC02 		.ascii	"x\000\354\002%\242"
 259      25A2
 260              		.text
 261              		.section	.gnu.lto_.refs.95614d6a,"",%progbits
 262 0000 789C05C1 		.ascii	"x\234\005\301\261\001\000\000\010\303\2404\332\335\377"
 262      B1010000 
 262      08C3A034 
 262      DADDFF
 263 000f AF158A1C 		.ascii	"\257\025\212\034\220\265\331:*\206\007\003e\000<"
 263      90B5D93A 
 263      2A860703 
 263      65003C
 264              		.text
 265              		.section	.gnu.lto_.decls.95614d6a,"",%progbits
ARM GAS  C:\Users\8FEE~1\AppData\Local\Temp\cccQ0peX.s 			page 20


 266 0000 789CBD57 		.ascii	"x\234\275WkPT\331\021\276}\3170\003\303\000\226\032"
 266      6B5054D9 
 266      11BE7DCF 
 266      3003C300 
 266      961A
 267 0012 CBDDF083 		.ascii	"\313\335\360\2035l\205?\013\242\2515I\345\207)\253\262"
 267      356C853F 
 267      0BA2A935 
 267      49E58729 
 267      ABB2
 268 0024 C90F96AA 		.ascii	"\311\017\226\252\3045\177\250\232\360\030dR\314\014"
 268      C4357FA8 
 268      9AF01864 
 268      52CC0C
 269 0033 CB0CEBBA 		.ascii	"\313\014\353\272\225\037\027\020E\324\025\037\200<\004"
 269      951F1710 
 269      45D4151F 
 269      803C04
 270 0042 165D5F28 		.ascii	"\026]_(\242\"\352\"\021\037 (o\004W\001\021DY]\024\020"
 270      A222EA22 
 270      111F2028 
 270      6F045701 
 270      1144595D 
 271 0058 051185F4 		.ascii	"\005\021\205\3649\347\316\314e\034\222T*\265\267l\356"
 271      39E7CECC 
 271      651C9254 
 271      2AB5B76C 
 271      EE
 272 0069 3D7DBBBF 		.ascii	"=}\273\277\356\376N\237\276\243\207 \012\261~\202\260"
 272      EEFE4E9F 
 272      BEA38720 
 272      0AB17E82 
 272      B0
 273 007a 9608C2DF 		.ascii	"\226\010\302\337DA\230\305K#\010\302\011\301y\251Qj"
 273      444198C5 
 273      4B2308C2 
 273      09C179A9 
 273      516A
 274 008c 511A503A 		.ascii	"Q\032P:QzQ\264 \010\357\243\340?\341\347 \314\271\266"
 274      517A51B4 
 274      2008EFA3 
 274      E03FE1E7 
 274      20CCB9B6 
 275 00a0 E15A8BF7 		.ascii	"\341Z\213\367\205(\213Q\256\242|\206r\032E\203\357\302"
 275      85288B51 
 275      AEA27C86 
 275      721A4583 
 275      EFC2
 276 00b2 F1DE4671 		.ascii	"\361\336Fq\361\271\005\357\204:\341\363\014\336D\031"
 276      F1B905EF 
 276      843AE1F3 
 276      0CDE4419 
 277 00c2 B35678F7 		.ascii	"\263Vx\367\3323\017.\305\244\330\356p)\346[\005n\203"
 277      DA330F2E 
 277      C5A4D8EE 
 277      7029E65B 
 277      056E83
ARM GAS  C:\Users\8FEE~1\AppData\Local\Temp\cccQ0peX.s 			page 21


 278 00d5 1BDC5217 		.ascii	"\033\334R\027\334\026\031\267M\221/\305\364GY\006\357"
 278      DC1619B7 
 278      4D912FC5 
 278      F4475906 
 278      EF
 279 00e6 E28A322F 		.ascii	"\342\2122/\357\303\273\330U\250\363v\203}\307\015\027"
 279      EFC3BBD8 
 279      55A8F376 
 279      837DC70D 
 279      17
 280 00f7 4A7C251F 		.ascii	"J|%\037\242\314\271;\374\237\341K/\274\257S\304\240"
 280      A2CCB93B 
 280      FC9FE14B 
 280      2FBCAF53 
 280      C4A0
 281 0109 B86D722C 		.ascii	"\270mr,\212;\205\367W(\036\024\0268\246\035\377-\177"
 281      8A3B85F7 
 281      57281E14 
 281      1638A61D 
 281      FF2D7F
 282 011c 64FBE96E 		.ascii	"d\373\351n/W\211\334o\014\3451\312\217(Oe<\025\312$"
 282      2F5789DC 
 282      6F0CE531 
 282      CA8F284F 
 282      653C15CA 
 283 0131 CA38CA0B 		.ascii	"\3128\312\013\224\011YG9\256\025\234\275\342z\345\020"
 283      94095947 
 283      39AE159C 
 283      BDE27AE5 
 283      10
 284 0142 A8DC71AD 		.ascii	"\250\334q\255Z\274\007=\200\360\260\200i\001\370_`\302"
 284      5ABC073D 
 284      80F0B080 
 284      6901F85F 
 284      60C2
 285 0154 96B3F60B 		.ascii	"\226\263\366\013\200\351Q+\012r\242v\025\330=\344\265"
 285      80E9512B 
 285      0A72A276 
 285      15D83DE4 
 285      B5
 286 0165 282F4519 		.ascii	"(/E\031\222\375\223\235A\201\310_\363H\366\213s\301"
 286      92FD939D 
 286      4181C85F 
 286      F348F68B 
 286      73C1
 287 0177 1F989BDD 		.ascii	"\037\230\233\335\033Dg\000\000\245\203\002\220\247-"
 287      1B446700 
 287      00A58302 
 287      90A72D
 288 0186 BF77E427 		.ascii	"\277w\344'8\213\003{\365c\271\215\217\264}\320K\265"
 288      388B037B 
 288      F563B98D 
 288      8FB47DD0 
 288      4BB5
 289 0198 C5AB81E9 		.ascii	"\305\253\201\351\256W\027\\\363#\2705\370\3347u\344"
 289      AE57175C 
 289      F323B835 
ARM GAS  C:\Users\8FEE~1\AppData\Local\Temp\cccQ0peX.s 			page 22


 289      F8DC3775 
 289      E4
 290 01a9 0FC1C725 		.ascii	"\017\301\307%~yj\234\264\235L\033<\352\3715\001\177"
 290      7E796A9C 
 290      B49D4C1B 
 290      3CEAF935 
 290      017F
 291 01bb 2DCC025D 		.ascii	"-\314\002]\017_\230\362\341k\372\272\242f\374\204\212"
 291      0F5F98F2 
 291      E16BFABA 
 291      A266FC84 
 291      8A
 292 01cc 2CA0CF62 		.ascii	",\240\317be\305`\236\026\202\264\207(F\315\355\361%"
 292      65C5609E 
 292      1682B487 
 292      2846CDED 
 292      F125
 293 01de E7256901 		.ascii	"\347%i\001\234\004-\234\000\002\307 \230&\344O\333>"
 293      9C042D9C 
 293      0002C720 
 293      9826E44F 
 293      DB3E
 294 01f0 5D9252A4 		.ascii	"]\222R\244\321\022\211,\025`\245?,\367\027\240\014\202"
 294      D112892C 
 294      1560A53F 
 294      2CF717A0 
 294      0C82
 295 0202 2826B582 		.ascii	"(&\265\202\343\340\017\245\340O\361\217\026\035\271"
 295      E3E00FA5 
 295      E04FF18F 
 295      161DB9
 296 0211 E6437280 		.ascii	"\346Cr\200\005\310\315\272\\\341\353\0100[\272\354L"
 296      05C8CDBA 
 296      5CE1EB08 
 296      305BBAEC 
 296      4C
 297 0222 9A248970 		.ascii	"\232$\211p\032#\224;#`@\367!N\271\0171v}0\013T\264+"
 297      1A23943B 
 297      236040F7 
 297      214EB90F 
 297      31767D30 
 298 023a 2850948A 		.ascii	"(P\224\212\352\306\363\013*<\230\3563\035\234\001\246"
 298      EAC6F30B 
 298      2A3C98EE 
 298      331D9C01 
 298      A6
 299 024b AB9D9DAC 		.ascii	"\253\235\235\254\361\303\312\027jA\304e\373h\343~o\\"
 299      F1C3CA17 
 299      6A41C465 
 299      FB68E37E 
 299      6F5C
 300 025d 2ED6C202 		.ascii	".\326\302\002\\\246\3558\221\243\305\245\032y\242\003"
 300      5CA6ED38 
 300      91A3C5A5 
 300      1A79A203 
 301 026d 0D5583A3 		.ascii	"\015U\203\243\257+U\\E\023\376\022U\373s{N\371\222]"
 301      AF2B555C 
ARM GAS  C:\Users\8FEE~1\AppData\Local\Temp\cccQ0peX.s 			page 23


 301      4513FE12 
 301      55FB737B 
 301      4EF9925D 
 302 0281 9CF3B64D 		.ascii	"\234\363\266M\345\005\204\003\252h\036My\017|9`\000"
 302      E5058403 
 302      AA681E4D 
 302      790F7C39 
 302      6000
 303 0293 163BDCBF 		.ascii	"\026;\334\2775\303\323\311\346\231_&o\241\305Vc\216"
 303      35C3D3C9 
 303      E6995F26 
 303      6FA1C556 
 303      638E
 304 02a5 179CC5AA 		.ascii	"\027\234\305\252\345Z%)3U\362\372\243\000UX\330wX\030"
 304      E55A2529 
 304      3355F2FA 
 304      A3005558 
 304      D8775818 
 305 02b9 5CC46AD5 		.ascii	"\\\304j\325r\265\347Qy\216W\373|j\264BE\362Y\006bF\377"
 305      72B5E751 
 305      798E57FB 
 305      7C6AB442 
 305      45F25906 
 306 02d0 F3B77EA0 		.ascii	"\363\267~\240\015r\013P\343\006\300\316\374\212\263"
 306      0D720B50 
 306      E306C0CE 
 306      FC8AB3
 307 02df 8CF94B98 		.ascii	"\214\371K\230\314?\235\311T3\3461\310\355\355\035\335"
 307      CC3F9DC9 
 307      5433E631 
 307      C8EDED1D 
 307      DD
 308 02f0 6A728007 		.ascii	"jr\200\007\231zR\177\302\333QHKS\340\276\327\222\024"
 308      997A527F 
 308      C2DB5148 
 308      4B53E0BE 
 308      D79214
 309 0303 0057D1F7 		.ascii	"\000W\321\367\262\323\367\022\314[\311\025\367\225\224"
 309      B2D3F712 
 309      CC5BC915 
 309      F79594
 310 0312 3FC9FC56 		.ascii	"?\311\374V\2674\233ul\252\264@d\210\225\370\376,\276"
 310      B7349B75 
 310      6CAAB440 
 310      648895F8 
 310      FE2CBE
 311 0325 17E01A2C 		.ascii	"\027\340\032,\305\277\025\240\342)eO\027\354\206e\305"
 311      C5BF15A0 
 311      E229654F 
 311      17EC8665 
 311      C5
 312 0336 52CD7DA9 		.ascii	"R\315}\251f\2447h\337\305AI\322\252\250\025\034uf\201"
 312      66A43768 
 312      DFC54149 
 312      D2AAA815 
 312      1C756681 
 313 034a 8FF8F708 		.ascii	"\217\370\367\010\364\001\034\206{x\230ja\031:o\032("
ARM GAS  C:\Users\8FEE~1\AppData\Local\Temp\cccQ0peX.s 			page 24


 313      F4011C86 
 313      7B78986A 
 313      61193A6F 
 313      1A28
 314 035c 4DF32425 		.ascii	"M\363$%\204m[\331\361\351r\255\2757x\273\224e>]2\177"
 314      846D5BD9 
 314      F1E972AD 
 314      BD3778BB 
 314      94653E5D 
 315 0372 26F52C93 		.ascii	"&\365,\223\353\366Lj^\016\257\226\023\031x/W\252I\221"
 315      EBF64C6A 
 315      5E0EAF96 
 315      1319782F 
 315      57AA4991 
 316 0386 28956804 		.ascii	"(\225h\004u\316D\352\\\023i`\211\324u\017M\251\311a"
 316      75CE44EA 
 316      5C136960 
 316      89D4750F 
 316      4DA9C961 
 317 039a 9E486FFD 		.ascii	"\236Ho\375\321R\332?\341\274\345\374\024\2473\234\237"
 317      D152DA3F 
 317      E1BCE5FC 
 317      14A7339C 
 317      9F
 318 03ab CE835323 		.ascii	"\316\203S#\347t\244\214\231\213m\325O\373\235\0155\362"
 318      E774A48C 
 318      998B6DD5 
 318      4FFB9D0D 
 318      35F2
 319 03bd 6C59D53D 		.ascii	"lY\325=\272\017-\230k\2233p\270\343\360\270nC3nC\270"
 319      BA0F2D98 
 319      6B933370 
 319      B8E3F0B8 
 319      6E43336E 
 320 03d3 BC0D8DA8 		.ascii	"\274\015\215\250\274\311\267\241\360\312H\262\216\321"
 320      BCC9B7A1 
 320      F0CA48B2 
 320      8ED1
 321 03e1 D1E2383E 		.ascii	"\321\3428>\035\323\273\307D]\206\003\205\235,;\220\000"
 321      1DD3BBC7 
 321      445D8603 
 321      859D2C3B 
 321      9000
 322 03f3 6DA093A7 		.ascii	"m\240\223\247K\363\213\233\023>\314\031u\320\312\017"
 322      4BF38B9B 
 322      133ECC19 
 322      75D0CA0F 
 323 0403 5AE18343 		.ascii	"Z\341\203C\227\034\207\257\235\353\032'\322.\213J\212"
 323      971C87AF 
 323      9DEB1A27 
 323      D22E8B4A 
 323      8A
 324 0414 5BE6507C 		.ascii	"[\346P|\213Q\334a\247xgKS\273\247c\263\003&\017l\226"
 324      8B51DC61 
 324      A778674B 
 324      53BBA763 
 324      B303260F 
ARM GAS  C:\Users\8FEE~1\AppData\Local\Temp\cccQ0peX.s 			page 25


 325 042a 5AD17135 		.ascii	"Z\321q53\204\033\316jo\270\322\334\311h\3568v1\216\224"
 325      33841BCE 
 325      6A6FB8D2 
 325      DCC968EE 
 325      3876318E 
 326 043f AB60BEFA 		.ascii	"\253`\276\372\252\306\306\237\203V\0361\351\377y\304"
 326      AAC6C69F 
 326      83561E31 
 326      E9FF79C4 
 327 044f 9CAFBFF4 		.ascii	"\234\257\277\364D\247\344\343\3739|\334q\360\261\273"
 327      44A7E4E3 
 327      FB397CDC 
 327      71F0B1BB 
 328 045f 77B8D997 		.ascii	"w\270\331\227\005C\035\334\346\265g\267\247\024{\331"
 328      05431DDC 
 328      E6B567B7 
 328      A7147BD9 
 329 046f F9B8CB75 		.ascii	"\371\270\313uC\3757K\374\346\347\243\207\361\321m\347"
 329      43FD374B 
 329      FCE6E7A3 
 329      87F1D16D 
 329      E7
 330 0480 A3A3B837 		.ascii	"\243\243\2707\317[\346\343y\026\221\366Jt2\243\021t"
 330      CF5BE6E3 
 330      791691F6 
 330      4A7432A3 
 330      1174
 331 0492 39B9E872 		.ascii	"9\271\350r\345\242\227qQ\230\275{\306\233\234\237\237"
 331      E5A29771 
 331      5198BD7B 
 331      C69B9C9F 
 331      9F
 332 04a3 8CEAC69D 		.ascii	"\214\352\306\235e\242C\327\307\363\253)\272\332\257"
 332      65A243D7 
 332      C7F3AB29 
 332      BADAAF
 333 04b2 766CEC7D 		.ascii	"vl\354}\256\264\217\314\205|d\346U\275\270\341\301\227"
 333      AEB48FCC 
 333      857C64E6 
 333      55BDB8E1 
 333      C197
 334 04c4 9EB89C3C 		.ascii	"\236\270\234<|\245VEjy\240\222\344\316\233>\244\201"
 334      7CA55645 
 334      6A79A092 
 334      E4CE9B3E 
 334      A481
 335 04d6 2F0E6FAA 		.ascii	"/\016o\252\272\343E\232\371b\327\354\301[^\244\223/"
 335      BAE3459A 
 335      F962D7EC 
 335      C15B5EA4 
 335      932F
 336 04e8 6647C6EF 		.ascii	"fG\306\357\351\310\035\276\030\235N\275\346\255d\231"
 336      E9C81DBE 
 336      189D4EBD 
 336      E6AD6499 
 337 04f8 1E6E27CB 		.ascii	"\036n'\313\217\035,?\333\374]\257/\351\345^3u\031C\032"
 337      8F1D2C3F 
ARM GAS  C:\Users\8FEE~1\AppData\Local\Temp\cccQ0peX.s 			page 26


 337      DBFC5DAF 
 337      2FE9E55E 
 337      33751943 
 338 050d A5D7AD39 		.ascii	"\245\327\2559^?:\274:\207.Lx\223\001\356\265\365\324"
 338      5E3F3ABC 
 338      3A872E4C 
 338      789301EE 
 338      B5F5D4
 339 0520 E357BE4A 		.ascii	"\343W\276J\257\2369^O\035^\355\027K\233}\311\017\334"
 339      AF9E395E 
 339      4F1D5EED 
 339      174B9B7D 
 339      C90FDC
 340 0533 ABF25143 		.ascii	"\253\362QC\235\226\217x\211}L{K\322}\310K\3762\247\260"
 340      9D968F78 
 340      897D4C7B 
 340      4BD27DC8 
 340      4BFE32A7 
 341 0548 F2F49CF4 		.ascii	"\362\364\234\364\353\347@\216\331!\325Y)G\206\011,\012"
 341      EBE7408E 
 341      D921D559 
 341      29478609 
 341      2C0A
 342 055a 0C0C0A0C 		.ascii	"\014\014\012\014\334\305\006&\266\266J\200\021\264\035"
 342      DCC50626 
 342      B6B64A80 
 342      11B41D
 343 0569 A027F519 		.ascii	"\240'\365\031n\352sXD7\026^bGNB \214\243\274@\231\200"
 343      6EEA7358 
 343      4437165E 
 343      62474E42 
 343      208CA3BC 
 344 0580 40F6692F 		.ascii	"@\366i/\241qjZ\212\310\314\241\315Rf$\255\023\236\310"
 344      A1716A5A 
 344      8AC8CCA1 
 344      CD526624 
 344      AD139EC8 
 345 0594 7E8E231F 		.ascii	"~\216#\037B\003W\321\360\262}=\324/\247D\302\017\256"
 345      420357D1 
 345      F0B27D3D 
 345      D42FA744 
 345      C20FAE
 346 05a7 A60F5892 		.ascii	"\246\017X\222\241\324\224\017\230g[\010\376\222\240"
 346      A1D4940F 
 346      98675B08 
 346      FE92A0
 347 05b6 4682DC61 		.ascii	"F\202\334a\316\260\023\253p\356m\"\264&\030u\217\364"
 347      CEB013AB 
 347      70EE6D22 
 347      B4261875 
 347      8FF4
 348 05c8 4E54A414 		.ascii	"NT\244\024\206\335&\310\202\"\201E]\327\253t\213dF\322"
 348      86DD26C8 
 348      82228145 
 348      5DD7AB74 
 348      8B6446D2 
 349 05dc E7634470 		.ascii	"\347cDpK\007\272\247\347\3144\3159\244\257\024\221\004"
ARM GAS  C:\Users\8FEE~1\AppData\Local\Temp\cccQ0peX.s 			page 27


 349      4B07BAA7 
 349      E7CC34CD 
 349      39A4AF14 
 349      9104
 350 05ee 98726CE9 		.ascii	"\230rl\351\330\233\375\347\274x\337.\306\345\333\276"
 350      D89BFDE7 
 350      BC78DF2E 
 350      C6E5DBBE 
 351 05fe CC4C0DDF 		.ascii	"\314L\015\337\324b\272\251/\366\334\355\363%e\036tS"
 351      D462BAA9 
 351      2FF6DCED 
 351      F325651E 
 351      7453
 352 0610 354F2E15 		.ascii	"5O.\025\375\025\002\003q\263\002\203x17\336\343\265"
 352      FD150203 
 352      71B30283 
 352      783137DE 
 352      E3B5
 353 0622 D3C3F206 		.ascii	"\323\303\362\006\323\232U\3263\340dQQ:5\035t5U\322\244"
 353      D39A55D6 
 353      33E06451 
 353      513A351D 
 353      743555D2 
 354 0637 EC826934 		.ascii	"\354\202i4x\315\336\315\312-\220*\006A\262\030\010)"
 354      78CDDECD 
 354      CA2D902A 
 354      0641B218 
 354      0829
 355 0649 2812CA0C 		.ascii	"(\022\312\014\326\375vN\0338\242<t\037E\221P]\256\377"
 355      D6FD764E 
 355      1B38A23C 
 355      741F4591 
 355      505DAEFF 
 356 065d 9E5409CD 		.ascii	"\236T\011\315\221\017\030r5\017q\261n\316U\363j\351"
 356      910F1872 
 356      350F71B1 
 356      6ECE55F3 
 356      6AE9
 357 066f 1478E4D6 		.ascii	"\024x\344\326\232W\300{fb\337\302dI\002j\245l\032$5"
 357      9A57C07B 
 357      6662DFC2 
 357      6449026A 
 357      A56C1A24 
 358 0684 EB58D76D 		.ascii	"\353X\327mOr\226\221*\336\335\321\332C h\021w\352\312"
 358      4F729691 
 358      2ADEDDD1 
 358      DA432068 
 358      1177EACA 
 359 0698 55D346DB 		.ascii	"U\323F\333,.\202M\242c\232Q\010\367\304@\032\362\361"
 359      2C2E824D 
 359      A2639A51 
 359      08F7C440 
 359      1AF2F1
 360 06ab DF70437F 		.ascii	"\337pC\177\007\276\331V\257U\366\004\215\342\354\211"
 360      07BED956 
 360      AF55F604 
 360      8DE2EC89 
ARM GAS  C:\Users\8FEE~1\AppData\Local\Temp\cccQ0peX.s 			page 28


 361 06bb 2DA2BD27 		.ascii	"-\242\275'\036\346'\327\361!\210:\350\347\363.mr_\373"
 361      1EE627D7 
 361      F121883A 
 361      E8E7F32E 
 361      6D725FFB 
 362 06cf 9C8FD6BA 		.ascii	"\234\217\326\272%\212\031\275U\2443:]\224g\364\346\261"
 362      258A19BD 
 362      55A4333A 
 362      5D9467F4 
 362      E6B1
 363 06e1 93AD22CE 		.ascii	"\223\255\"\316\350b\366\315\372]\301q\3077\013\015q"
 363      E862F6CD 
 363      FA5DC171 
 363      C7370B0D 
 363      71
 364 06f2 1E3B2ABB 		.ascii	"\036;*\273\347:\2473D:\247\363\217U\235Q\223+\214!h"
 364      E73AA733 
 364      443AA7F3 
 364      8F559D51 
 364      932B8C21 
 365 0707 3AF9789B 		.ascii	":\371x\233\2324\360Ey\376\243\033\032\314\015\266\213"
 365      9A34F045 
 365      79FEA31B 
 365      1ACC0DB6 
 365      8B
 366 0718 84C72A4F 		.ascii	"\204\307*O\2569\354C\232\371\353\222o\013\333\351\347"
 366      AE39EC43 
 366      9AF9EB92 
 366      6F0BDBE9 
 366      E7
 367 0729 05BEC6D7 		.ascii	"\005\276\306\327\260CT\3157\350\263;\222\323\011\323"
 367      B04354CD 
 367      37E8B33B 
 367      92D309D3 
 368 0739 85E92093 		.ascii	"\205\351 \223\333=z\223}_\264\177\233vq]W\352\366\011"
 368      DB3D7A93 
 368      7D5FB47F 
 368      9B76715D 
 368      57EAF609 
 369 074d DF0FBA3C 		.ascii	"\337\017\272<\212$O\026\255:\367\361\031\025\263\331"
 369      8A244F16 
 369      AD3AF7F1 
 369      1915B3D9 
 370 075d 237EC034 		.ascii	"#~\3004\023\003;\366h\310\367<\376X\321\370!\372\251"
 370      13033BF6 
 370      68C8F73C 
 370      FE58D1F8 
 370      21FAA9
 371 0770 802CDCBD 		.ascii	"\200,\334\275\275\224\016z\210zr/z\220\373\334\2424"
 371      BD940E7A 
 371      887A722F 
 371      7A90FBDC 
 371      A234
 372 0782 E7602B2B 		.ascii	"\347`++ \207f\230\315\243<H\255\330\257R\222\213\011"
 372      20876698 
 372      CDA33C48 
 372      ADD8AF52 
ARM GAS  C:\Users\8FEE~1\AppData\Local\Temp\cccQ0peX.s 			page 29


 372      928B09
 373 0795 C8E4C23E 		.ascii	"\310\344\302>4\201\\\306\357n;\277\017\263+\016\370"
 373      34815CC6 
 373      EF6E3BBF 
 373      0FB32B0E 
 373      F8
 374 07a6 22BFF7F1 		.ascii	"\"\277\367\3613x\275\372\027U\345\203Rz\206\264\\\352"
 374      3378BDFA 
 374      1755E583 
 374      527A86B4 
 374      5CEA
 375 07b8 16A9256C 		.ascii	"\026\251%l\263\267\016\354\024Ut\305\377\023\225\307"
 375      B3B70EEC 
 375      145574C5 
 375      FF1395C7 
 376 07c8 B84DCBEC 		.ascii	"\270M\313\354\226t\037\036"
 376      96741F1E 
 377 07d0 905A6BD8 		.ascii	"\220Zk\330\336\344\355\305_\277\013\331|\030\342\373"
 377      DEE4EDC5 
 377      5FBF0BD9 
 377      7C18E2FB 
 378 07e0 E2983402 		.ascii	"\342\2304\002\323\254\305\\\363\305\017\321\263\273"
 378      D3ACC55C 
 378      F3C50FD1 
 378      B3BB
 379 07ee B37EE79C 		.ascii	"\263~\347\234_B4\226\263\201\012x\003\321\373<\244\317"
 379      5F423496 
 379      B3810A78 
 379      03D1FB3C 
 379      A4CF
 380 0800 5E986A27 		.ascii	"^\230j'v\200\024\004\370t\211\302?\314\336\177[So7z"
 380      76801404 
 380      F87489C2 
 380      3FCCDE7F 
 380      5B536F37 
 381 0815 32D742EC 		.ascii	"2\327B\354\277\375\242{\337uJ_\344\213w\024\375\\oi"
 381      BFFDA27B 
 381      DF754A5F 
 381      E48B7714 
 381      FD5C6F69 
 382 0829 9EE6BF69 		.ascii	"\236\346\277i\213\321\275\210\273\177S\361\340\031\371"
 382      8BD1BD88 
 382      BB7F53F1 
 382      E019F9
 383 0838 770C9730 		.ascii	"w\014\2270\206\277a\014\263\205J\237\220d\363\374\344"
 383      86BF610C 
 383      B3854A9F 
 383      9064F3FC 
 383      E4
 384 0849 D3CF02D6 		.ascii	"\323\317\002\326\204\206\012^z}\222\321l\373\265\336"
 384      84860A5E 
 384      7A7D92D1 
 384      6CFBB5DE 
 385 0859 F68F98DF 		.ascii	"\366\217\230\337FD\307\031\243\214V[R\214\321\242OH"
 385      4644C719 
 385      A38C565B 
 385      528CD1A2 
ARM GAS  C:\Users\8FEE~1\AppData\Local\Temp\cccQ0peX.s 			page 30


 385      4F48
 386 086b 347C6134 		.ascii	"4|a4l\010\375\215R\033a\263X\342\255\021\353\315I\001"
 386      6C08FD8D 
 386      521B61B3 
 386      58E2AD11 
 386      EBCD4901 
 387 087f EC292032 		.ascii	"\354) 2\321\024`0E\031bb\0141\021\037\007\257\014X\261"
 387      D1146030 
 387      45196262 
 387      0C31111F 
 387      07AF0C58 
 388 0894 3C74D5E7 		.ascii	"<t\325\347\241\021\250\377\310l1\033>2DF\031#\214\346"
 388      A111A8FF 
 388      C86C311B 
 388      3E324446 
 388      19238CE6 
 389 08a8 E8F8A418 		.ascii	"\350\370\244\030C\204)\022\261\314\206\010}\214!62)"
 389      43842912 
 389      B1CC8608 
 389      7D8C2136 
 389      3229
 390 08ba DEA6B76D 		.ascii	"\336\246\267mL0X\203\343\004\215\234\304\347?A\022\326"
 390      4C305883 
 390      E3048D9C 
 390      C4E73F41 
 390      12D6
 391 08cc 8DD608BD 		.ascii	"\215\326\010\275\325\026\203\02112\022\200\017+W\350"
 391      D5168311 
 391      31321280 
 391      0F2B57E8 
 392 08dc 6D1AF9EE 		.ascii	"m\032\371\356a\262\256\327\333\326\004\007\207\360\177"
 392      61B2AED7 
 392      DBD60407 
 392      87F07F
 393 08eb 2CB2C51A 		.ascii	",\262\305\032\272\352\343\020\2135$\332b2Y\314!\011"
 393      BAEAE310 
 393      8B3524DA 
 393      623259CC 
 393      2109
 394 08fd 96449B35 		.ascii	"\226D\2335\344\367\177\016[\023\366%\325%\030\343\015"
 394      E4F77F0E 
 394      5B13F625 
 394      D52518E3 
 394      0D
 395 090e 89D6904F 		.ascii	"\211\326\220O\326\254A{{U\277\232\007#.2>$\336\030\025"
 395      D6AC417B 
 395      7B55BF9A 
 395      07232E32 
 395      3E24DE18 
 396 0923 62B5251A 		.ascii	"b\265%\032\"M\326\020\223\301$?\006G\343\376\2547\330"
 396      224DD610 
 396      93C1243F 
 396      0647E3FE 
 396      AC37D8
 397 0936 D47A5CC6 		.ascii	"\324z\\\306X\325V\343W\006\275\355\253\377++\0309b}"
 397      58D556E3 
 397      5706BDED 
ARM GAS  C:\Users\8FEE~1\AppData\Local\Temp\cccQ0peX.s 			page 31


 397      ABFF2B2B 
 397      1839627D 
 398 094a 74B40B3B 		.ascii	"t\264\013;h\020\034\352\344\310\206^\261tc\364\033\022"
 398      68101CEA 
 398      E4C8865E 
 398      B17463F4 
 398      1B12
 399 095c 8D368355 		.ascii	"\2156\203Ug\262\206G\375\335\020m\373\223\331h#\006"
 399      67B28647 
 399      FDDD106D 
 399      FB93D968 
 399      2306
 400 096e 8B554553 		.ascii	"\213UESSG%\305\306\032\022\311\027&\033\301\256R\321"
 400      534725C5 
 400      C61A12C9 
 400      17261BC1 
 400      AE52D1
 401 0981 A43D9883 		.ascii	"\244=\230\203.\314`\372\013\253i]\330Z\202\025\375\017"
 401      2ECC60FA 
 401      0BAB695D 
 401      D85A8215 
 401      FD0F
 402 0993 5CC4096A 		.ascii	"\\\304\011jKl\254\325`\243`\226\304\215\034O\215\026"
 402      4B6CACD5 
 402      60A36096 
 402      C48D1C4F 
 402      8D16
 403 09a5 D1091B55 		.ascii	"\321\011\033U\361\206\310X\215\331b\213K\264l\200PM"
 403      F186C858 
 403      8DD9628B 
 403      4BB46C80 
 403      504D
 404 09b7 AC39C09A 		.ascii	"\2549\300\232`\210F\215\331\234\024\037\037\377S4\222"
 404      6088468D 
 404      D99C141F 
 404      1FFF5334 
 404      92
 405 09c8 2DD1685E 		.ascii	"-\321h^\217i\376\013\214\037\235\231"
 405      8F69FE0B 
 405      8C1F9D99 
 406              		.text
 407              		.section	.gnu.lto_.symtab.95614d6a,"",%progbits
 408 0000 6D734F62 		.ascii	"msObjectInit\000"
 408      6A656374 
 408      496E6974 
 408      00
 409 000d 00       		.ascii	"\000"
 410 000e 00       		.ascii	"\000"
 411 000f 00       		.ascii	"\000"
 412 0010 00000000 		.ascii	"\000\000\000\000\000\000\000\000"
 412      00000000 
 413 0018 0A010000 		.ascii	"\012\001\000\000"
 414              		.text
 415              		.section	.gnu.lto_.opts,"",%progbits
 416 0000 272D666D 		.ascii	"'-fmath-errno' '-fsigned-zeros' '-ftrapping-math' '"
 416      6174682D 
 416      6572726E 
ARM GAS  C:\Users\8FEE~1\AppData\Local\Temp\cccQ0peX.s 			page 32


 416      6F272027 
 416      2D667369 
 417 0033 2D666E6F 		.ascii	"-fno-trapv' '-fno-openmp' '-fno-openacc' '-mcpu=cor"
 417      2D747261 
 417      70762720 
 417      272D666E 
 417      6F2D6F70 
 418 0066 7465782D 		.ascii	"tex-m7' '-mno-thumb-interwork' '-mthumb' '-ggdb' '-"
 418      6D372720 
 418      272D6D6E 
 418      6F2D7468 
 418      756D622D 
 419 0099 4F322720 		.ascii	"O2' '-fomit-frame-pointer' '-falign-functions=16' '"
 419      272D666F 
 419      6D69742D 
 419      6672616D 
 419      652D706F 
 420 00cc 2D666675 		.ascii	"-ffunction-sections' '-fdata-sections' '-fno-common"
 420      6E637469 
 420      6F6E2D73 
 420      65637469 
 420      6F6E7327 
 421 00ff 2720272D 		.ascii	"' '-flto'\000"
 421      666C746F 
 421      2700
 422              		.text
 423              		.comm	__gnu_lto_v1,1,1
 424              		.comm	__gnu_lto_slim,1,1
 425              		.ident	"GCC: (GNU Tools for ARM Embedded Processors 6-2017-q1-update) 6.3.1 20170215 (release) [AR
ARM GAS  C:\Users\8FEE~1\AppData\Local\Temp\cccQ0peX.s 			page 33


DEFINED SYMBOLS
                            *ABS*:00000000 memstreams.c
                            *COM*:00000001 __gnu_lto_v1
                            *COM*:00000001 __gnu_lto_slim

NO UNDEFINED SYMBOLS
