ARM GAS  C:\Users\8FEE~1\AppData\Local\Temp\ccxdxWxx.s 			page 1


   1              		.cpu cortex-m7
   2              		.eabi_attribute 20, 1
   3              		.eabi_attribute 21, 1
   4              		.eabi_attribute 23, 3
   5              		.eabi_attribute 24, 1
   6              		.eabi_attribute 25, 1
   7              		.eabi_attribute 26, 1
   8              		.eabi_attribute 30, 2
   9              		.eabi_attribute 34, 1
  10              		.eabi_attribute 18, 4
  11              		.file	"nullstreams.c"
  12              		.text
  13              	.Ltext0:
  14              		.section	.gnu.lto_.profile.9550ea0a,"",%progbits
  15 0000 789C6365 		.ascii	"x\234ce`b`a```d\340f\003\000\000\234\000\036"
  15      60626061 
  15      60606064 
  15      E0660300 
  15      009C001E 
  16              		.text
  17              		.section	.gnu.lto_.icf.9550ea0a,"",%progbits
  18 0000 789C6365 		.ascii	"x\234ce`bPe@\0006\206#\357\033g016\276\377\323\316\313"
  18      60625065 
  18      40003686 
  18      23EF1B67 
  18      303136BE 
  19 0018 34ABFBA7 		.ascii	"4\253\373\247 \363\331\225\015+\270X\256M\352\330\317"
  19      20F3D995 
  19      0D2BB858 
  19      AE4DEAD8 
  19      CF
  20 0029 C6FAF5C6 		.ascii	"\306\372\365\306\3627l\014\000B\264\021\002"
  20      F2376C0C 
  20      0042B411 
  20      02
  21              		.text
  22              		.section	.gnu.lto_.jmpfuncs.9550ea0a,"",%progbits
  23 0000 789C6365 		.ascii	"x\234ce`bPe@\000V\006fFFF\026\006\206zF\020\003$\304"
  23      60625065 
  23      40005606 
  23      66464646 
  23      1606867A 
  24 0019 C404A699 		.ascii	"\304\004\246\231A$\013P\254\236\001\000\033\012\001"
  24      41240B50 
  24      AC9E0100 
  24      1B0A01
  25 0028 53       		.ascii	"S"
  26              		.text
  27              		.section	.gnu.lto_.inline.9550ea0a,"",%progbits
  28 0000 789C6365 		.ascii	"x\234ce`b\210e@\000V\006\006f&F\240 \003\003\333\002"
  28      60628865 
  28      40005606 
  28      06662646 
  28      A0200303 
  29 0016 7910C5C0 		.ascii	"y\020\305\300\210!\302\204!\302\214!\302\302\300\302"
  29      8821C284 
  29      21C28C21 
ARM GAS  C:\Users\8FEE~1\AppData\Local\Temp\ccxdxWxx.s 			page 2


  29      C2C2C0C2 
  30 0026 0C14617C 		.ascii	"\014\024a|\301\316\300\336\241\016\026b\000\000\355"
  30      C1CEC0DE 
  30      A10E1662 
  30      0000ED
  31 0035 770562   		.ascii	"w\005b"
  32              		.text
  33              		.section	.gnu.lto_.pureconst.9550ea0a,"",%progbits
  34 0000 789C6365 		.ascii	"x\234ce`b\340f```e``\0042\231\031X\244\000\001\262\000"
  34      6062E066 
  34      60606065 
  34      60600432 
  34      991958A4 
  35 0018 3C       		.ascii	"<"
  36              		.text
  37              		.section	.gnu.lto_writes.9550ea0a,"",%progbits
  38 0000 789C5D90 		.ascii	"x\234]\220KKBA\024\307\317\177\346\232\006\351\027\310"
  38      4B4B4241 
  38      14C7CF7F 
  38      E69A06E9 
  38      17C8
  39 0012 458B40DC 		.ascii	"E\213@\334xi\321\003\242\332\366\025Z\252\004\012\246"
  39      7869D103 
  39      A2DAF615 
  39      5AAA040A 
  39      A6
  40 0023 D2ADB5A3 		.ascii	"\322\255\265\243\025=\2042J\305\036\\7bo\215 j'\355"
  40      153D8432 
  40      4AC51E5C 
  40      37626F8D 
  40      206A27ED 
  41 0037 0DD25CB5 		.ascii	"\015\322\\\265\253\226\265h]Y37\027!\3140\347\314\374"
  41      AB96B568 
  41      5D593337 
  41      1721CC30 
  41      E7CCFC
  42 004a 7E6738C7 		.ascii	"~g8\307F\214f@4ED\375r\203\023X\346\236(\351`\200\012"
  42      468C6640 
  42      344544FD 
  42      72831358 
  42      E69E28E9 
  43 0061 84039460 		.ascii	"\204\003\224`H`\213\3479\036\226\253\007|\223\233\022"
  43      48608BE7 
  43      391E96AB 
  43      077C939B 
  43      12
  44 0072 D364FA51 		.ascii	"\323d\372Q\337{q\251\024\030\220\351\276h\254\333\275"
  44      DF7B71A9 
  44      141890E9 
  44      BE68ACDB 
  44      BD
  45 0083 652152A2 		.ascii	"e!R\242\226\277\231\330^Z\23169\243\202\244\217\340"
  45      96BF99D8 
  45      5E5A9936 
  45      39A382A4 
  45      8FE0
  46 0095 46196EF5 		.ascii	"F\031n\365\3051\274\222m\326[\031;\037\003\311\370j"
ARM GAS  C:\Users\8FEE~1\AppData\Local\Temp\ccxdxWxx.s 			page 3


  46      C531BC92 
  46      6DD65B19 
  46      3B1F03C9 
  46      F86A
  47 00a7 AD78DBE7 		.ascii	"\255x\333\347)Y\336\353\016\027\203&\3478\001\377/\312"
  47      2959DEEB 
  47      0E178326 
  47      E73801FF 
  47      2FCA
  48 00b9 2BC2293C 		.ascii	"+\302)<\022\377L\267r\275|\334R\223\245k\223u\324\257"
  48      12FF4CB7 
  48      72BD7CDC 
  48      5293A56B 
  48      9375D4AF 
  49 00cd ACA56A38 		.ascii	"\254\245j8\353V5\302\271\245~\213\335\234\213OZj\341"
  49      EB5635C2 
  49      B9A57E8B 
  49      DD9C8B4F 
  49      5A6AE1
  50 00e0 2EFBE4EC 		.ascii	".\373\344\354\250\217yKe\270\350V\031\241\002\217\342"
  50      A88F794B 
  50      65B8E856 
  50      19A1028F 
  50      E2
  51 00f1 9F2FDB59 		.ascii	"\237/\333Yg\217\246\332\221]T\321#\347F\225\006j\242"
  51      678FA6DA 
  51      915D54D1 
  51      23E74695 
  51      066AA2
  52 0104 FDB32A6A 		.ascii	"\375\263*joe\264lr\020\026N\033\022R\343K\313\002\362"
  52      6F65B46C 
  52      7210164E 
  52      1B1252E3 
  52      4BCB02F2 
  53 0118 E4EF4815 		.ascii	"\344\357H\025\313M(\355\220+Q\022P/\214h\330\347\323"
  53      CB4D28ED 
  53      902B5112 
  53      502F8C68 
  53      D8E7D3
  54 012b FF563014 		.ascii	"\377V0\024\016\204c\306\320\350\210\0363\364\220?\242"
  54      0E8463C6 
  54      D0E8881E 
  54      33F4903F 
  54      A2
  55 013c 47C201DD 		.ascii	"G\302\001\335X\230\237\365\317\031zt1\022\351\304\276"
  55      58989FF5 
  55      CF197A74 
  55      3112E9C4 
  55      BE
  56 014d 20B1709C 		.ascii	" \261p\234\005\342\210\376\002\210\361\200:"
  56      05E288FE 
  56      0288F180 
  56      3A
  57              		.text
  58              		.section	.gnu.lto_reads.9550ea0a,"",%progbits
  59 0000 789C5D90 		.ascii	"x\234]\220;K\003A\024\205\357\231\311KP\377\200),\204"
  59      3B4B0341 
ARM GAS  C:\Users\8FEE~1\AppData\Local\Temp\ccxdxWxx.s 			page 4


  59      1485EF99 
  59      C94B50FF 
  59      80292C84 
  60 0014 6093C5C2 		.ascii	"`\223\305\302\007\210\332\3727\222 da5\342j\355$\032"
  60      0788DAFA 
  60      37922064 
  60      6135E26A 
  60      ED241A
  61 0027 7C814634 		.ascii	"|\201F4\011Qa\323\304\3706\"\010vAlUT\004A+-\305B\020"
  61      095161D3 
  61      C4F83622 
  61      0876416C 
  61      55540441 
  62 0040 2CC4C79D 		.ascii	",\304\307\235UA\0023\314\2713\347\233\313=^\022\024"
  62      55410233 
  62      CCB933E7 
  62      9BCB3D5E 
  62      1214
  63 0052 03511F11 		.ascii	"\003Q\037\0215\361\206$\210\3149Q2 \000-T\0004.0\216"
  63      35F18624 
  63      88CC3951 
  63      3220002D 
  63      5400342E 
  64 0068 059997B8 		.ascii	"\005\231\227\270\234\254\254\311y\351\260\315\303\345"
  64      9CACACC9 
  64      79E9B0CD 
  64      C3E5
  65 0076 CBD9CA63 		.ascii	"\313\331\312c\243.\201f.W\325\325\214\277\265\254TJ"
  65      A32E8166 
  65      2E57D5D5 
  65      8CBFB5AC 
  65      544A
  66 0088 55F3B73D 		.ascii	"U\363\267=\213\023\351~G\012*\260{\003A\224\021\324"
  66      8B13E97E 
  66      470A2AB0 
  66      7B034194 
  66      11D4
  67 009a 2D36D1CA 		.ascii	"-6\321\312\336\353\263\233\214_v\201X\037N\027\217\353"
  67      DEEBB39B 
  67      8C5F7681 
  67      581F4E17 
  67      8FEB
  68 00ac 432597BB 		.ascii	"C%\227\273_\222\252\305\221\022[\220\377A\276\"l#\304"
  68      5F92AAC5 
  68      91125B90 
  68      FF41BE22 
  68      6C23C4
  69 00bf F6F7B99B 		.ascii	"\366\367\271\233\\\235\354v\321d\351\310\021\277\350"
  69      5C9DEC76 
  69      D164E9C8 
  69      11BFE8
  70 00ce 69D6453D 		.ascii	"i\326E=\330\251E=\204]\027\375P\313\271F\331\353\242"
  70      D8A9453D 
  70      845D17FD 
  70      50CBB946 
  70      D9EBA2
  71 00e1 8593EC5D 		.ascii	"\205\223\354]\303_\327\234\213\012\354\325\242\202\260"
ARM GAS  C:\Users\8FEE~1\AppData\Local\Temp\ccxdxWxx.s 			page 5


  71      C35FD79C 
  71      8B0AECD5 
  71      A282B0
  72 00f0 8F90F63F 		.ascii	"\217\220\366?\034|f\033|\036=\016OQ\201\217s\243\375"
  72      1C7C661B 
  72      7C1E3D0E 
  72      4F51818F 
  72      73A3FD
  73 0103 2B54D5E7 		.ascii	"+T\325\347\327\224\252\276\256\343\315+\210f\371Y\007"
  73      D794AABE 
  73      AEE3CD2B 
  73      8866F959 
  73      07
  74 0114 37C7289F 		.ascii	"7\307(\237\362\031\251\342\32354\300\237\344\322'\027"
  74      F219A9E2 
  74      D33534C0 
  74      9FE4D227 
  74      17
  75 0125 7E9D9800 		.ascii	"~\235\230\000\341\300\015\204\011h'\263\355\341\260"
  75      E1C00D84 
  75      096827B3 
  75      EDE1B0
  76 0134 F1B36271 		.ascii	"\361\263bq3j&\354\266\316\016#a\033\361\210eXf\324\260"
  76      336A26EC 
  76      B6CE0E23 
  76      611BF188 
  76      655866D4 
  77 0149 47470622 		.ascii	"GG\006\"\203\26614fY\277:\034#a\016\213\3500\206\276"
  77      83B63134 
  77      6659BF3A 
  77      1C23610E 
  77      8BE83086 
  78 015e 014A4884 		.ascii	"\001JH\204o"
  78      6F
  79              		.text
  80              		.section	.gnu.lto_put.9550ea0a,"",%progbits
  81 0000 789C4D8F 		.ascii	"x\234M\217\317J\202A\024\305\357\231\371J\027\346\003"
  81      CF4A8241 
  81      14C5EF99 
  81      F94A17E6 
  81      03
  82 0011 948B1691 		.ascii	"\224\213\026\221\270\361+\242\177\324:z\015\225@\301"
  82      B8F12BA2 
  82      7FD43A7A 
  82      0D9540C1 
  83 0021 32B2D64E 		.ascii	"2\262\326N\226\026\025eDI!|.\012K+\213V\356$\332ZT\364"
  83      96161565 
  83      4449217C 
  83      2E0A4B2B 
  83      8B56EE24 
  84 0039 0265AB30 		.ascii	"\002e\2530(ZEXw\324E\303\014s\317\314\371\315\334\323"
  84      285A4558 
  84      77D445C3 
  84      0C73CFCC 
  84      F9CDDCD3 
  85 004d 46827A41 		.ascii	"F\202zA4ND]\274 \011\"uK\264h\027\200.\224\035\024\023"
  85      344E445D 
ARM GAS  C:\Users\8FEE~1\AppData\Local\Temp\ccxdxWxx.s 			page 6


  85      BC200922 
  85      754BB468 
  85      17802E94 
  86 0064 88614BA6 		.ascii	"\210aK\246%\356\227/2rSZl3X~T\016^\234Z\002\335,\253"
  86      25EE972F 
  86      3272535A 
  86      6C33587E 
  86      540E5E9C 
  87 007d A564CDF0 		.ascii	"\245d\315\360\344\024\217r\372{t{)1iIA\373\354>\206"
  87      E4148F72 
  87      FA7B747B 
  87      29316949 
  87      41FBEC3E 
  88 0092 0B39B8F4 		.ascii	"\0139\270\364\027'\360\260\367\261\362\224\262\311\021"
  88      1727F0B0 
  88      F7B1F294 
  88      B2C911
  89 00a1 10D757AB 		.ascii	"\020\327W\253\331\222\303}\244T\\\225ov\244\352\261"
  89      D992C37D 
  89      A4545C95 
  89      6F76A4EA 
  89      B1
  90 00b2 A4441EF2 		.ascii	"\244D\036\362?\310G\204\002\334l\317$\363\257R\2165"
  90      3FC84784 
  90      02DC6CCF 
  90      24F3AF52 
  90      8E35
  91 00c4 D0B7E4E7 		.ascii	"\320\267\344\347\273\263\205V\277\204rX\322\300i\023"
  91      BBB38556 
  91      BF847258 
  91      D2C06913 
  92 00d4 1D70A14F 		.ascii	"\035p\241O\203\006\341\014n\355~\276\254\357v\264\033"
  92      8306E10C 
  92      6EED7EBE 
  92      ACEF76B4 
  92      1B
  93 00e5 BA236EE4 		.ascii	"\272#n\344\034\355\034\235\212\017(\253\372\357\212"
  93      1CED1C9D 
  93      8A0F28AB 
  93      FAEF8A
  94 00f4 2AFF1C22 		.ascii	"*\377\034\"=!\210\326\370Zg_\347\346y\2275\304\263\205"
  94      3D2188D6 
  94      F85A675F 
  94      E7E67997 
  94      35C4B385 
  95 0108 8D4E0DF0 		.ascii	"\215N\015\360#{\211\353;\233\016-@(621\001\355dv\320"
  95      237B89EB 
  95      3B9B0E2D 
  95      40283632 
  95      3101ED64 
  96 011e EB359B33 		.ascii	"\3535\2333\020\014\371C\221h\377\360\220\031\211\232"
  96      100CF943 
  96      9168FFF0 
  96      9019899A 
  97 012e 415FD80C 		.ascii	"A_\330\014\207\374ft~n\3127\0355g\026\302\341V\355\015"
  97      87FC6674 
  97      7E6ECA37 
ARM GAS  C:\Users\8FEE~1\AppData\Local\Temp\ccxdxWxx.s 			page 7


  97      1D356716 
  97      C2E156ED 
  98 0143 9008CDC2 		.ascii	"\220\010\315\302\377\007\007\337q\313"
  98      FF0707DF 
  98      71CB
  99              		.text
 100              		.section	.gnu.lto_get.9550ea0a,"",%progbits
 101 0000 789C6365 		.ascii	"x\234ce`bx\307\300\300`\005\304\322@\314\310\314\300"
 101      606278C7 
 101      C0C06005 
 101      C4D240CC 
 101      C8CCC0
 102 0013 C834E11C 		.ascii	"\3104\341\034\003C#\007\023##\210\321\300\301\310P\317"
 102      03432307 
 102      13232388 
 102      D1C0C1C8 
 102      50CF
 103 0025 C458CFD8 		.ascii	"\304X\317\330\317<\235\231\361b\313\2069\314}\314\363"
 103      CF3C9D99 
 103      F162CB86 
 103      39CC7DCC 
 103      F3
 104 0036 81CA5880 		.ascii	"\201\312X\200\334\217gg=\346\003q\031\031\025\200\334"
 104      DC8F6767 
 104      3DE60371 
 104      19191580 
 104      DC
 105 0047 273BDBDE 		.ascii	"';\333\336\262h.o\000\202\003\323g\261\315\333t\241"
 105      B2682E6F 
 105      008203D3 
 105      67B1CDDB 
 105      74A1
 106 0059 81733E33 		.ascii	"\201s>3\023\303L\240\362\025\2142\214\313\031e@v\254"
 106      13C34CA0 
 106      F2158C32 
 106      8CCB1965 
 106      4076AC
 107 006c 64D4042A 		.ascii	"d\324\004*\276|\366\352\004vf\013F\006 {s\307\202\235"
 107      BE7CF6EA 
 107      0476660B 
 107      4606207B 
 107      73C7829D 
 108 0080 3CEA4B1B 		.ascii	"<\352K\033\032\232\032\016\034\231\314\334\2402\237"
 108      1A9A1A0E 
 108      1C99CCDC 
 108      A0329F
 109 008f 99997115 		.ascii	"\231\231q\025#3\262F\240\020\003\343jFu\220\372G\033"
 109      2333B246 
 109      A01003E3 
 109      6A467590 
 109      FA471B
 110 00a2 FF4DE565 		.ascii	"\377M\345ec\001\031\0144o\015#\033#\220^\177\211\361"
 110      6301190C 
 110      346F0D23 
 110      1B23905E 
 110      7F89F1
 111 00b5 40C3BFFF 		.ascii	"@\303\277\377\355\015\007\236,f\334\352\306\304\300"
ARM GAS  C:\Users\8FEE~1\AppData\Local\Temp\ccxdxWxx.s 			page 8


 111      ED0D079E 
 111      2C66DCEA 
 111      C6C4C0
 112 00c4 D0059406 		.ascii	"\320\005\224\006\371\241\033\350\006 \315\374\226\261"
 112      F9A11BE8 
 112      0620CDFC 
 112      96B1
 113 00d2 69C1F31E 		.ascii	"i\301\363\036)\220\006\240!\007\037l\372\310\015r<\023"
 113      299006A0 
 113      21071F6C 
 113      FAC80D72 
 113      3C13
 114 00e4 230BE35A 		.ascii	"#\013\343Z\260\323\200:\030A*\201zM\365\364\364!(9#"
 114      B0D3803A 
 114      18412A81 
 114      7A4DF5F4 
 114      F4212839 
 115 00f9 332933BF 		.ascii	"3)3\277\330\320\334L?\277X?#1G?'3I\277\270\244(51\267"
 115      D8D0DC4C 
 115      3FBF583F 
 115      2331473F 
 115      273349BF 
 116 0113 583FAF34 		.ascii	"X?\2574'\007\312\326Kf`\312,\000\000\316\324a\265"
 116      2707CAD6 
 116      4B6660CA 
 116      2C0000CE 
 116      D461B5
 117              		.text
 118              		.section	.gnu.lto_nullObjectInit.9550ea0a,"",%progbits
 119 0000 789C4D50 		.ascii	"x\234MPI/CQ\024>\337;\257E\202X\012\026\026\022\261"
 119      492F4351 
 119      143EDF3B 
 119      AF458258 
 119      0A161612 
 120 0015 E98B8521 		.ascii	"\351\213\205!\261\367?J$m\324\020\217\215M\257\032*"
 120      B1F73F4A 
 120      246DD410 
 120      8F8D4DAF 
 120      1A2A
 121 0027 C4B04069 		.ascii	"\304\260@i4\217 \346\242\026b\245\261\021b\010?\300"
 121      348F20E6 
 121      A21662A5 
 121      B1116208 
 121      3FC0
 122 0039 0221A685 		.ascii	"\002!\246\205 \222&\206s\313\302\311\275\271\347\334"
 122      20922686 
 122      73CBC2C9 
 122      BDB9E7DC 
 123 0049 FBDDEF7C 		.ascii	"\373\335\357|\337q\221A# \252!\242B\331`\2021zJ\324"
 123      DF719141 
 123      2320AA21 
 123      A242D960 
 123      82317A4A 
 124 005e 9569003A 		.ascii	"\225i\000:Q\231\240\240\201 F8\302\330\017\337\356\032"
 124      5199A0A0 
 124      81204638 
 124      C2D80FDF 
ARM GAS  C:\Users\8FEE~1\AppData\Local\Temp\ccxdxWxx.s 			page 9


 124      EE1A
 125 0070 658B4A22 		.ascii	"e\213J\"\031\271t\367\251\336|\207\211\246d\353\300"
 125      19B974F7 
 125      A9DE7C87 
 125      89A664EB 
 125      C0
 126 0081 22CA0475 		.ascii	"\"\312\004u\336\2639\315\303\3540`J\371r\022\275\316"
 126      DEB339CD 
 126      C3EC3060 
 126      4AF97212 
 126      BDCE
 127 0093 D5A58162 		.ascii	"\325\245\201b)\357f\023O&W\203$\217\244zV\314\322\005"
 127      29EF6613 
 127      4F265783 
 127      248FA47A 
 127      56CCD205 
 128 00a7 A5422A79 		.ascii	"\245B*y<\306\252\304a\306\012X\010\261\214\",\241\210"
 128      3CC6AAC4 
 128      61C60A58 
 128      08B18C22 
 128      2CA188
 129 00ba E48AB08A 		.ascii	"\344\212\260\212R\215\277\332\372\032\317q\233\277\015"
 129      528DBFDA 
 129      FA1ACF71 
 129      9BBF0D
 130 00c9 B106B768 		.ascii	"\261\006\267h\247\215\013$\325\327wX%\337\346\361^k"
 130      A78D0B24 
 130      D5D77758 
 130      25DFE6F1 
 130      5E6B
 131 00db 8A720DA7 		.ascii	"\212r\015\247\001\001i\013\203l\350\223\357\021J\205"
 131      0101690B 
 131      836CE893 
 131      EF114A85 
 132 00eb 633BADFA 		.ascii	"c;\255\372\237pM\364\356\237ehY\234\226\362qp\324\237"
 132      9F704DF4 
 132      EE9F6568 
 132      599C96F2 
 132      7170D49F 
 133 00ff ED20D625 		.ascii	"\355 \326%\336f\012\0346c\242w]\372\353\307\205\233"
 133      DE660A1C 
 133      3663A277 
 133      5DFAEBC7 
 133      859B
 134 0111 503CC35A 		.ascii	"P<\303Z\327\276\213\035v!\016\007\223i\323\330\200\365"
 134      D7BE8B1D 
 134      76210E07 
 134      9369D3D8 
 134      80F5
 135 0123 9FCC9526 		.ascii	"\237\314\225&\353N\355\275\346\006?\225L\3075\247qr"
 135      EB4EEDBD 
 135      E6063F95 
 135      4CC735A7 
 135      7172
 136 0135 77185D6D 		.ascii	"w\030]m\324\374y\016\273\261%\023\335\374#\377~H\304"
 136      D4FC790E 
 136      BBB12513 
ARM GAS  C:\Users\8FEE~1\AppData\Local\Temp\ccxdxWxx.s 			page 10


 136      DDFC23FF 
 136      7E48C4
 137 0148 B3043C29 		.ascii	"\263\004<)\215;5CB\330\205y\033AzFh\346q\010Zrz\302"
 137      8D3B3543 
 137      42D88579 
 137      1B417A46 
 137      68E67108 
 138 0160 032256BC 		.ascii	"\003\"V\274\030D\025\036\217\365\273\352}\376:\177\213"
 138      1844151E 
 138      8FF5BBEA 
 138      7DFE3A7F 
 138      8B
 139 0171 5D5E5569 		.ascii	"]^Ui\265\330\226\317\033\260\002\376:\313nok\3606\331"
 139      B5D896CF 
 139      1BB002FE 
 139      3ACB6E6F 
 139      6BF036D9 
 140 0185 56734720 		.ascii	"VsG \360\227{\352\211\233\355\326\037\346\226\227T"
 140      F0977BEA 
 140      899BEDD6 
 140      1FE69697 
 140      54
 141              		.text
 142              		.section	.gnu.lto_vmt.9550ea0a,"",%progbits
 143 0000 789C65C9 		.ascii	"x\234e\311\261\012\202P\030\005\340\377\277\247\250"
 143      B10A8250 
 143      1805E0FF 
 143      BFA7A8
 144 000f A7F1D250 		.ascii	"\247\361\322P6\366**\201\202%tk\315;\012=@^\010t\253"
 144      36F62A2A 
 144      81822574 
 144      6BCD3B0A 
 144      3D405E08 
 145 0025 6C0F9C7A 		.ascii	"l\017\234z\220\226\206p\210\326\306\240\3146\017\007"
 145      90968670 
 145      88D6C6A0 
 145      CC360F07 
 146 0035 CE81AF4B 		.ascii	"\316\201\257K\202\014\021\331\324d\013.\313\347\265"
 146      820C11D9 
 146      D4640B2E 
 146      CBE7B5
 147 0044 17BF75A2 		.ascii	"\027\277u\242\365m\263\303:\003\031\264(\257\220\201"
 147      F56DB3C3 
 147      3A0319B4 
 147      28AF9081 
 148 0054 0DB805C5 		.ascii	"\015\270\005\305\027\204\201h\301Cd\200\001~\360\252"
 148      17848168 
 148      C1436480 
 148      017EF0AA 
 149 0064 EE97FEF8 		.ascii	"\356\227\376\370\254\223\\O2tR\020\027\034\247`>\326"
 149      AC935C4F 
 149      32745210 
 149      171CA760 
 149      3ED6
 150 0076 23F8500F 		.ascii	"#\370P\017x\3171\361\211\3074\264,\331\324\363\0037"
 150      78CF31F1 
 150      89C734B4 
ARM GAS  C:\Users\8FEE~1\AppData\Local\Temp\ccxdxWxx.s 			page 11


 150      2CD9D4F3 
 150      0337
 151 0088 88D4C01E 		.ascii	"\210\324\300\036\311HI\337\011e\030\270R-\027Sg\246"
 151      C94849DF 
 151      096518B8 
 151      522D1753 
 151      67A6
 152 009a E47C1586 		.ascii	"\344|\025\206\377oy\364\001\311\245L4"
 152      FF6F79F4 
 152      01C9A54C 
 152      34
 153              		.text
 154              		.section	.gnu.lto_.symbol_nodes.9550ea0a,"",%progbits
 155 0000 789C6365 		.ascii	"x\234ce`b\310e\000\002\2469L\365\014\014\023\31610\000"
 155      6062C865 
 155      0002A639 
 155      4CF50C0C 
 155      13CE3130 
 156 0015 A91D0B0E 		.ascii	"\251\035\013\0166\260\001\305\3462\3253\242\213\315"
 156      36B001C5 
 156      E632D533 
 156      A28BCD
 157 0024 63AA6742 		.ascii	"c\252gB\027\233\317T\317\214.\266\220\251\236\005&\266"
 157      179BCF54 
 157      CF8C2EB6 
 157      90A99E05 
 157      26B6
 158 0036 ABC19181 		.ascii	"\253\301\221\201\201u\001\023C\203\022\003\0033\003"
 158      81750113 
 158      43831203 
 158      033303
 159 0045 0097641C 		.ascii	"\000\227d\034\271"
 159      B9
 160              		.text
 161              		.section	.gnu.lto_.refs.9550ea0a,"",%progbits
 162 0000 789C05C1 		.ascii	"x\234\005\301\261\001\000\000\010\303\2404\332\335\377"
 162      B1010000 
 162      08C3A034 
 162      DADDFF
 163 000f AF158A1C 		.ascii	"\257\025\212\034\220\265\331\212Q\207\007\003S\000<"
 163      90B5D98A 
 163      51870703 
 163      53003C
 164              		.text
 165              		.section	.gnu.lto_.decls.9550ea0a,"",%progbits
 166 0000 789CBD56 		.ascii	"x\234\275V{PTe\024\277\347\336\335\005\226\005\034i"
 166      7B505465 
 166      14BFE7DE 
 166      DD059605 
 166      1C69
 167 0012 1C9B611A 		.ascii	"\034\233a\032\306\241\031\376iW\264\3541\375Q\303L\217"
 167      C6A119FE 
 167      6957B4EC 
 167      31FD51C3 
 167      4C8F
 168 0024 3FCC994A 		.ascii	"?\314\231J\377\332\231\035\036\233n\003\273\310^*\233"
 168      FFDA991D 
ARM GAS  C:\Users\8FEE~1\AppData\Local\Temp\ccxdxWxx.s 			page 12


 168      1E9B6E03 
 168      BBC85E2A 
 168      9B
 169 0035 FEB84290 		.ascii	"\376\270B\220\217r \037\010\242\021\225i\202H\"&H.\212"
 169      8F72201F 
 169      08A21195 
 169      69824822 
 169      26482E8A 
 170 0049 B6082A88 		.ascii	"\266\010*\210\217L\026\"I\222\220w \242\321\371\276"
 170      8F4C1622 
 170      49929077 
 170      20A2D1F9 
 170      BE
 171 005a EFBE9696 		.ascii	"\357\276\226\226i\246i\272\303\271{\277s\317\371~\277"
 171      69A669BA 
 171      C3B97BBF 
 171      73CFF97E 
 171      BF
 172 006b F3F8CEC5 		.ascii	"\363\370\316\305\310\361\\i$\307}\316s\\-p\334,^a\034"
 172      C8F15C69 
 172      24C77DCE 
 172      735C2D70 
 172      DC2C5E61 
 173 0080 C75571DA 		.ascii	"\307Uq\332eD9\215\322\202r\003%\2002\203\202\346\334"
 173      6544398D 
 173      D2827203 
 173      25803283 
 173      82E6DC
 174 0093 032EF8CA 		.ascii	"\003.\370\312\007f\277\020\345\021\224\032\224\325("
 174      0766BF10 
 174      E511941A 
 174      94D528
 175 00a2 27E5F720 		.ascii	"'\345\367 \3575\367\332>\217\337Y\235_K\010\277\243"
 175      EF35F7DA 
 175      3E8FDF59 
 175      9D5F4B08 
 175      BFA3
 176 00b4 73FCAECB 		.ascii	"s\374\256\313~\365:\277\033!\374\032\360\205!\204\237"
 176      7EF53ABF 
 176      1B21FC1A 
 176      F0852184 
 176      9F
 177 00c5 E21308E1 		.ascii	"\342\023\010\3413\205/Hn\326\350\374\356\241L\242\214"
 177      33852F48 
 177      6ED6E8FC 
 177      EEA14CA2 
 177      8C
 178 00d6 A28CC8BE 		.ascii	"\242\214\310\276c\362\357|9\232\2269\337A\351E\271\205"
 178      63F2EF7C 
 178      399A9639 
 178      DF41E945 
 178      B985
 179 00e8 F2ABEC4F 		.ascii	"\362\253\354O8\015\243\374\2162\2102$\353\002r\034$"
 179      380DA3FC 
 179      8E328832 
 179      24EB0272 
 179      1C24
ARM GAS  C:\Users\8FEE~1\AppData\Local\Temp\ccxdxWxx.s 			page 13


 180 00fa 07A1F257 		.ascii	"\007\241\362W,@\335'\315\215|7t\001\226\022\026\260"
 180      2C40DD27 
 180      CD8D7C37 
 180      74019612 
 180      16B0
 181 010c 4880DD81 		.ascii	"H\200\335\201\012]\316*\027\000\325\243\226\247wfHU"
 181      0A5DCE2A 
 181      1700D5A3 
 181      96A77766 
 181      4855
 182 011e A078C86B 		.ascii	"\240x\310k^^\362\362\226\364Ov\006\335\216\3545CR.\226"
 182      5E5EF2F2 
 182      96F44F76 
 182      06DD8EEC 
 182      3543522E 
 183 0133 03F640DD 		.ascii	"\003\366@\335\024o\3405\000\000\275\203nCF[~\257\362"
 183      146FE035 
 183      0000BD83 
 183      6E43465B 
 183      7EAFF2
 184 0146 E3B4E040 		.ascii	"\343\264\340@\211~\264\244\355\266\271\007\002D[\376"
 184      897EB4A4 
 184      EDB6B907 
 184      02445BFE 
 185 0156 02505DEB 		.ascii	"\002P]\353\236\275E \360@\236{\246\017\274d\255\224"
 185      9EBD4520 
 185      F0409E7B 
 185      A60FBC64 
 185      AD94
 186 0168 D815FEA8 		.ascii	"\330\025\376\250\226\266\200\377\340!a\233\000\253\314"
 186      96B680FF 
 186      E021619B 
 186      00ABCC
 187 0177 40306350 		.ascii	"@0cPU=xb:\212\251\210\305\227\323\303\307-\302B\372"
 187      553D7862 
 187      3A8AA988 
 187      C597D3C3 
 187      C72DC242 
 188 018c DCF1E191 		.ascii	"\334\361\341\2212b\275\320\014\006\202z\241\364V4.\037"
 188      3262BDD0 
 188      0C06827A 
 188      A1F45634 
 188      2E1F
 189 019e 31437CB1 		.ascii	"1C|\261\300w4\336\355\015\207D\363~\002\342\273\264"
 189      C07734DE 
 189      ED0D8744 
 189      F37E02E2 
 189      BBB4
 190 01b0 DD3A9E2F 		.ascii	"\335:\236/I<\324\200\031\252@\200o\300J(\2572\343}\223"
 190      493CD480 
 190      19AA4080 
 190      6FC04A28 
 190      AF32E37D 
 191 01c5 24E54A85 		.ascii	"$\345J\205yR\304+\034TC\034\034\2068\016\216@\"\001"
 191      7952C42B 
 191      1C54431C 
 191      1C86380E 
ARM GAS  C:\Users\8FEE~1\AppData\Local\Temp\ccxdxWxx.s 			page 14


 191      8E402201 
 192 01d9 25765089 		.ascii	"%vP\211\312C\250D\224}\247\2077Z\014\244\254d\247T\003"
 192      CA43A844 
 192      947DA787 
 192      375A0CA4 
 192      AC64A754 
 193 01ee D155E7F7 		.ascii	"\321U\347\367\035\014G\3448\244\015:\316q\214s\255o"
 193      1D0C47E4 
 193      38A40D3A 
 193      CE718C73 
 193      AD6F
 194 0200 BCCA20EC 		.ascii	"\274\312 \354\000\262\340\353j\373J\315*\255\251C\326"
 194      00B2E0EB 
 194      6AFB4ACD 
 194      2AADA943 
 194      D6
 195 0211 FC8F08AD 		.ascii	"\374\217\010\255\343\270\3311\215V\234Jk\244B\022\026"
 195      E3B8D931 
 195      8D569C4A 
 195      6BA44212 
 195      16
 196 0222 73B03C0E 		.ascii	"s\260<\016\226\"\251:$\025'\223\252ERG\031\251\203\237"
 196      9622A93A 
 196      24152793 
 196      AA455247 
 196      19A9839F 
 197 0236 1D688E12 		.ascii	"\035h\216\022\366\320\354\362%;\233j\243U\204\236\266"
 197      F6D0ECF2 
 197      253B9B6A 
 197      A355849E 
 197      B6
 198 0247 254769E0 		.ascii	"%Gi\340\365\210\360\235\206\200\200\241!N\204\206h\030"
 198      F588F09D 
 198      868080A1 
 198      214E8486 
 198      6818
 199 0259 1D1F03B3 		.ascii	"\035\037\003\263l\277\351\237\355\277\363\237\032\260"
 199      6CBFE99F 
 199      EDBFF39F 
 199      1AB0
 200 0267 58B6A899 		.ascii	"X\266\250\231\205\006\304W\222\313\301I\260\3105\377"
 200      8506C457 
 200      92CBC149 
 200      B0C835FF 
 201 0277 34307831 		.ascii	"40x1\232&\024u\360-\320\214\356\272\234[\036A\225\253"
 201      9A261475 
 201      F02DD08C 
 201      EEBA9C5B 
 201      1E4195AB 
 202 028b 2DD0C874 		.ascii	"-\320\310tgg\247|1\254\334<./\217\264\355\215d\345^"
 202      6767A77C 
 202      31ACDC3C 
 202      2E2F8FB4 
 202      ED8D64E5 
 203 02a0 80CBFEDE 		.ascii	"\200\313\376\336\326\212\230\305\273hK\345I\013X\241"
 203      D68A98C5 
 203      BB684BE5 
ARM GAS  C:\Users\8FEE~1\AppData\Local\Temp\ccxdxWxx.s 			page 15


 203      490B58A1 
 204 02b0 7D88778A 		.ascii	"}\210w\212\3425\301b\274\177\017\006\006Zr`GW\304\222"
 204      E235C162 
 204      BC7F0F06 
 204      065A7260 
 204      4757C492 
 205 02c4 72A9FD67 		.ascii	"r\251\375g\3117<\260\364\217/\012\244vt|\201\032\302"
 205      C9373CB0 
 205      F48F2F0A 
 205      A476747C 
 205      811AC2
 206 02d7 412D4DF8 		.ascii	"A-M\370\210\367\003\320\003\3605tc\303\237\206%\350"
 206      88F703D0 
 206      03F03574 
 206      63C39F86 
 206      25E8
 207 02e9 3F5D74A1 		.ascii	"?]t\241\326(\264\0120_Kt\316|:\312\353\303\257\017\012"
 207      D628B40A 
 207      305F4B74 
 207      CE7C3ACA 
 207      EBC3AF0F 
 208 02fe FFAC1AFE 		.ascii	"\377\254\032\376\305\211\326\311(\352\214:hf\241\356"
 208      C589D6C9 
 208      28EA8C3A 
 208      6866A1EE 
 209 030e BBB5FF94 		.ascii	"\273\265\377\224Q\011\377\034\323\265M\3467\361\363"
 209      5109FF1C 
 209      D3B54DE6 
 209      37F1F3
 210 031d 07E8A701 		.ascii	"\007\350\247\001\376\240\004\330pe\367U\263\034\340"
 210      FEA004D8 
 210      7065F755 
 210      B31CE0
 211 032c 2FBB0469 		.ascii	"/\273\004i\007z- FpF\013\356\314\334\340Zhp\263\303"
 211      077A2D20 
 211      4670460B 
 211      EECCDCE0 
 211      5A6870B3 
 212 0341 E3DD16A1 		.ascii	"\343\335\026\241\203\0057\372C\337N\240T\352\325\340"
 212      830537FA 
 212      43DF4EA0 
 212      54EAD5E0 
 213 0351 C6F794D5 		.ascii	"\306\367\224\325\252\364Z\031\275\374O\252\212\315X"
 213      AAF45A19 
 213      BDFC4FAA 
 213      8ACD58
 214 0360 0E133BBA 		.ascii	"\016\023;\272a\250\352\033\271_g`*B\372=T\355-\351\252"
 214      61A8EA1B 
 214      B95F6760 
 214      2A42FA3D 
 214      54ED2DE9 
 215 0375 8916AED2 		.ascii	"\211\026\256\322\255\371\301\336\315[\302uGaE\311\210"
 215      ADF9C1DE 
 215      CD5BC275 
 215      476145C9 
 215      88
 216 0386 24C54307 		.ascii	"$\305C\007\342\\\322H\232\344>\225\376vB\333\261\363"
ARM GAS  C:\Users\8FEE~1\AppData\Local\Temp\ccxdxWxx.s 			page 16


 216      E25CD248 
 216      9AE43E95 
 216      FE7642DB 
 216      B1F3
 217 0398 4C72E75D 		.ascii	"Lr\347]D\345\005\326yc\323#\265\006\241\207al\351\035"
 217      44E505D6 
 217      7963D323 
 217      B506A187 
 217      616CE91D 
 218 03ac 7B1803E6 		.ascii	"{\030\003\346\304\220\033\\\011\261\201rj\226\035\243"
 218      C4901B5C 
 218      09B18172 
 218      6A961DA3 
 219 03bc A7A613C9 		.ascii	"\247\246\023\311\\\326\310t\320S\203 \327?\356\274i"
 219      5CD6C874 
 219      D0538320 
 219      D73FEEBC 
 219      69
 220 03cd 12FA19C8 		.ascii	"\022\372\031\310\364\200\277*R\015d\370a\302\356\373"
 220      F480BF2A 
 220      520D64F8 
 220      61C2EEFB 
 221 03dd 2490EBE8 		.ascii	"$\220\353\350{U\363\355\204y#\271\026:\222#\003\205"
 221      7B55F3ED 
 221      847923B9 
 221      163A9223 
 221      0385
 222 03ef 5F59F425 		.ascii	"_Y\364%\277\036T\362\037i\311\333\224\222WN\375V\037"
 222      BF1E54F2 
 222      1F69C9DB 
 222      9492574E 
 222      FD561F
 223 0402 A9F6F493 		.ascii	"\251\366\364\223\375ZO\243!\234\327\210\234\237[\366"
 223      FD5A4FA3 
 223      219CD788 
 223      9C9F5BF6 
 224 0412 1BB4ECD5 		.ascii	"\033\264\354\325\201\212MQB\215\201\226\375p\345\314"
 224      818A4D51 
 224      428D8196 
 224      FD70E5CC 
 225 0422 11B35262 		.ascii	"\021\263RbV\365\303\205w\027\315O\246\213\222\271\251"
 225      56F5C385 
 225      7717CD4F 
 225      A68B92B9 
 225      A9
 226 0433 9079D8B2 		.ascii	"\220y\330\262\365\270I&3\260\270D\362\345J$\235h\005"
 226      F5B84926 
 226      33B0B844 
 226      F2E54A24 
 226      9D6805
 227 0446 3F694C7E 		.ascii	"?iL~\232\313$@\231\024n\273?\023.\034cL\212f\277\274"
 227      9ACB2440 
 227      99146EBB 
 227      3F132E1C 
 227      634C8A66 
 228 045c 122134B3 		.ascii	"\022!4\263Ei\303\304y#\233\001\341\270\034\231\311k"
 228      4569C3C4 
ARM GAS  C:\Users\8FEE~1\AppData\Local\Temp\ccxdxWxx.s 			page 17


 228      79239B01 
 228      E1B81C99 
 228      C96B
 229 046e 8ED49F32 		.ascii	"\216\324\2372\022\251v\312z\325S6TP\037\210\026\374"
 229      12A976CA 
 229      7AD55336 
 229      54501F88 
 229      16FC
 230 0480 6C933FCF 		.ascii	"l\223?\317m\351\017\323{\371\203\274n\251^W\373OLF\012"
 230      6DE90FD3 
 230      7BF983BC 
 230      6EA95E57 
 230      FB4F4C46 
 231 0495 1798D7E6 		.ascii	"\027\230\327\346\232;\367\242\365^MA^\277\252^\271\207"
 231      9A3BF7A2 
 231      F55E4D41 
 231      5EBFAA5E 
 231      B987
 232 04a7 27DAA285 		.ascii	"'\332\242\205N\346\245L\251\205lJ\325\335n9gfCK\"_\212"
 232      4EE6A54C 
 232      A9856C4A 
 232      D5DD6E39 
 232      6766434B 
 233 04be E27D75DF 		.ascii	"\342}u\337\006\005\320\025\264\351\035eSS\341\326\212"
 233      0605D015 
 233      B4E91D65 
 233      5353E1D6 
 233      8A
 234 04cf BD16884D 		.ascii	"\275\026\210MHHLH(\242-\204\2255p\360\033\332\366\223"
 234      48484C48 
 234      28A22D84 
 234      953570F0 
 234      1BDAF693 
 235 04e3 16BA8D59 		.ascii	"\026\272\215Y\035\200X\222Y\270\213\3554\014\011\360"
 235      1D805892 
 235      59B88BED 
 235      340C09F0 
 236 04f3 3BCA20CA 		.ascii	";\312 \312\020$\320/l\005\301\361]*\023\206\366\027"
 236      1024D02F 
 236      6C05C1F1 
 236      5D2A1386 
 236      F617
 237 0505 48852924 		.ascii	"H\205)$R\370E\366S{\321F\200\253\011\274l\357\007\377"
 237      52F845F6 
 237      537BD146 
 237      80AB09BC 
 237      6CEF07FF 
 238 0519 52924ADA 		.ascii	"R\222J\332BA\246?S\222I\304\224\265\376P\201\200\037"
 238      4241A63F 
 238      539249C4 
 238      94B5FE50 
 238      81801F
 239 052c 7462C4C9 		.ascii	"tb\304\311%\326`'W`\027|(\220\230h\013\204\330\351o"
 239      25D66027 
 239      5760177C 
 239      28909868 
 239      0B84D8E9 
ARM GAS  C:\Users\8FEE~1\AppData\Local\Temp\ccxdxWxx.s 			page 18


 240 0541 A89854E8 		.ascii	"\250\230T\350\013I\220\202\222QT\220\2733*V\316\310"
 240      0B499082 
 240      92515490 
 240      BB332A56 
 240      CEC8
 241 0553 A6F932C2 		.ascii	"\246\3712\302\205L\007\272\347\225\235\336\025\241\317"
 241      854C07BA 
 241      E7959DDE 
 241      15A1CF
 242 0562 FF880E89 		.ascii	"\377\210\016\211\203Q%\377\302\241\317\313\033#!!1\226"
 242      835125FF 
 242      C2A1CFCB 
 242      1B232121 
 242      3196
 243 0574 B13BB7FB 		.ascii	"\261;\267\373\261\355y\0222D\013\354^\001&B3di\231,"
 243      B1ED7912 
 243      32440BEC 
 243      5E012642 
 243      33646999 
 244 0589 A6699908 		.ascii	"\246i\231\010NK\221<\011\010i\015rB\256\3418\326pL#"
 244      4E4B913C 
 244      0908690D 
 244      7242AEE1 
 244      38D6704C 
 245 059e 5AB6ADAB 		.ascii	"Z\266\255\253\316\"\024\033\351\2749\272\371\330)\036"
 245      CE22141B 
 245      E9BC39BA 
 245      F9D8291E 
 246 05ae 621343ED 		.ascii	"b\023C\355\000S\350\030j\023F\345\332n\023\2412\211"
 246      0053E818 
 246      6A1346E5 
 246      DA6E13A1 
 246      3289
 247 05c0 067F68E7 		.ascii	"\006\177h\347\2200\343\330g\253\243;\\\237\217\311\240"
 247      9030E3D8 
 247      67ABA33B 
 247      5C9F8FC9 
 247      A0
 248 05d1 7CDC539B 		.ascii	"|\334S\233\334\377\321\324N\236\316\007\324\311\003"
 248      DCFFD1D4 
 248      4E9ECE07 
 248      D4C903
 249 05e0 A2F1C1D6 		.ascii	"\242\361\301\326\217\015\372\011\261f\221n@\334\247"
 249      8F0DFA09 
 249      B166916E 
 249      40DCA7
 250 05ef 03625A19 		.ascii	"\003bZ\031\020\355\033\003'\303p@\224\323i\365|i\245"
 250      10ED1B03 
 250      27C37040 
 250      94D369F5 
 250      7C69A5
 251 0602 3AADD010 		.ascii	":\255\320\020g\201\312\255{\356\214\230\2413\242\255"
 251      6781CAAD 
 251      7BEE8C98 
 251      A133A2AD 
 252 0612 63A629E6 		.ascii	"c\246)\346\361/\244v\237\344\273]\262\010\277o\254x"
 252      F12FA476 
ARM GAS  C:\Users\8FEE~1\AppData\Local\Temp\ccxdxWxx.s 			page 19


 252      9FE4BB5D 
 252      B208BF6F 
 252      AC78
 253 0624 3DCC536D 		.ascii	"=\314Sm\003\216j\336\304\377\253\037\300\343\234\351"
 253      038E6ADE 
 253      C4FFAB1F 
 253      C0E39CE9 
 254 0634 DD6C97E8 		.ascii	"\335l\227\350\364\206\277\374\332\352\370\344\244$\316"
 254      F486BFFC 
 254      DAEAF8E4 
 254      A424CE
 255 0643 E475BDEF 		.ascii	"\344u\275\357t\210\357\247?gO[\347Juy\305\234t\227\307"
 255      7488EFA7 
 255      3F674F5B 
 255      E74A7579 
 255      C59C7497 
 256 0658 9195ED7C 		.ascii	"\221\225\355|\307\345|7\351Y\275\326.z<\031^\373ZwN"
 256      C7E57C37 
 256      E959BDD6 
 256      2E7A3C19 
 256      5EFB5A77 
 257 066d 3C7D8A4F 		.ascii	"<}\212O\311\316\214wf\246:\323\323\235\351\366\025\326"
 257      C9CE8C77 
 257      66A63AD3 
 257      D39DE9F6 
 257      15D6
 258 067f E5F1CB96 		.ascii	"\345\361\313\226&=\275>\311\236\341J\265\257MK\263\343"
 258      263DBD3E 
 258      C99EE14A 
 258      B5AF4D4B 
 258      B3E3
 259 0691 FB27DC1E 		.ascii	"\373'\334\036\267\363\011gJ\252\213\030X\223\354.wZ"
 259      B7F30967 
 259      4AAA8B18 
 259      5893EC2E 
 259      775A
 260 06a3 464EBAD3 		.ascii	"FN\272\323\356\025\321\353-\353:.\302\341\310q\271\305"
 260      EE15D1EB 
 260      2DEB3A2E 
 260      C2E1C871 
 260      B9C5
 261 06b5 671CE207 		.ascii	"g\034\342\007\377)\211`p\00563\005\367r;\355\016\004"
 261      FF298960 
 261      70053633 
 261      05F7723B 
 261      ED0E04
 262 06c8 4FC9C910 		.ascii	"O\311\311\020\035\342\206,\247\027i\204\311$\326\377"
 262      1DE2862C 
 262      A7176984 
 262      C924D6FF 
 263 06d8 0F24BC1B 		.ascii	"\017$\274\033\274v\007&\000\021\021\371)\253\325\306"
 263      BC760726 
 263      001111F9 
 263      29ABD5C6 
 264 06e8 FE2882C7 		.ascii	"\376(\202\307\233\364\364\012\233\307k[\227\222a\303"
 264      9BF4F40A 
 264      9BC76B5B 
ARM GAS  C:\Users\8FEE~1\AppData\Local\Temp\ccxdxWxx.s 			page 20


 264      979261C3 
 265 06f8 4CDABC62 		.ascii	"L\332\274b\2663%\323ks\347dd\310\317\3264\316\210\017"
 265      B63325D3 
 265      6B73E764 
 265      64C8CFD6 
 265      34CE880F 
 266 070c E95E212B 		.ascii	"\351^!+G\304\004\342F\313\2279\3040\371\327\230\351"
 266      47C404E2 
 266      46CB9739 
 266      C430F9D7 
 266      98E9
 267 071e 5DEB1093 		.ascii	"]\353\020\223\347\3317\315\223\231\351q\333\262<\331"
 267      E7D937CD 
 267      9399E971 
 267      DBB23CD9 
 268 072e A2D7F6E2 		.ascii	"\242\327\366\342\353+\223W\276GtY\256\014g\266\327\366"
 268      EB2B9357 
 268      BE477459 
 268      AE0C67B6 
 268      D7F6
 269 0740 727232DA 		.ascii	"rr2\332+Y\021\326:\305h\002\274*\365mg\232\370\252\333"
 269      2B5911D6 
 269      3AC56802 
 269      BC2AF56D 
 269      679AF8AA 
 270 0755 250AEF64 		.ascii	"%\012\357d\212\006\002n\244\255\024\365\032\276}\203"
 270      8A06026E 
 270      A4AD14F5 
 270      1ABE7D83 
 271 0765 D25AB3F2 		.ascii	"\322Z\263\362\315\177\023\313:\316\254\355\361\027\024"
 271      CD7F13CB 
 271      3ACEACED 
 271      F11714
 272 0774 0450BC   		.ascii	"\004P\274"
 273              		.text
 274              		.section	.gnu.lto_.symtab.9550ea0a,"",%progbits
 275 0000 6E756C6C 		.ascii	"nullObjectInit\000"
 275      4F626A65 
 275      6374496E 
 275      697400
 276 000f 00       		.ascii	"\000"
 277 0010 00       		.ascii	"\000"
 278 0011 00       		.ascii	"\000"
 279 0012 00000000 		.ascii	"\000\000\000\000\000\000\000\000"
 279      00000000 
 280 001a FB000000 		.ascii	"\373\000\000\000"
 281              		.text
 282              		.section	.gnu.lto_.opts,"",%progbits
 283 0000 272D666D 		.ascii	"'-fmath-errno' '-fsigned-zeros' '-ftrapping-math' '"
 283      6174682D 
 283      6572726E 
 283      6F272027 
 283      2D667369 
 284 0033 2D666E6F 		.ascii	"-fno-trapv' '-fno-openmp' '-fno-openacc' '-mcpu=cor"
 284      2D747261 
 284      70762720 
 284      272D666E 
ARM GAS  C:\Users\8FEE~1\AppData\Local\Temp\ccxdxWxx.s 			page 21


 284      6F2D6F70 
 285 0066 7465782D 		.ascii	"tex-m7' '-mno-thumb-interwork' '-mthumb' '-ggdb' '-"
 285      6D372720 
 285      272D6D6E 
 285      6F2D7468 
 285      756D622D 
 286 0099 4F322720 		.ascii	"O2' '-fomit-frame-pointer' '-falign-functions=16' '"
 286      272D666F 
 286      6D69742D 
 286      6672616D 
 286      652D706F 
 287 00cc 2D666675 		.ascii	"-ffunction-sections' '-fdata-sections' '-fno-common"
 287      6E637469 
 287      6F6E2D73 
 287      65637469 
 287      6F6E7327 
 288 00ff 2720272D 		.ascii	"' '-flto'\000"
 288      666C746F 
 288      2700
 289              		.text
 290              		.comm	__gnu_lto_v1,1,1
 291              		.comm	__gnu_lto_slim,1,1
 292              		.ident	"GCC: (GNU Tools for ARM Embedded Processors 6-2017-q1-update) 6.3.1 20170215 (release) [AR
ARM GAS  C:\Users\8FEE~1\AppData\Local\Temp\ccxdxWxx.s 			page 22


DEFINED SYMBOLS
                            *ABS*:00000000 nullstreams.c
                            *COM*:00000001 __gnu_lto_v1
                            *COM*:00000001 __gnu_lto_slim

NO UNDEFINED SYMBOLS
