ARM GAS  C:\Users\8FEE~1\AppData\Local\Temp\ccV16YuK.s 			page 1


   1              		.cpu cortex-m7
   2              		.eabi_attribute 20, 1
   3              		.eabi_attribute 21, 1
   4              		.eabi_attribute 23, 3
   5              		.eabi_attribute 24, 1
   6              		.eabi_attribute 25, 1
   7              		.eabi_attribute 26, 1
   8              		.eabi_attribute 30, 2
   9              		.eabi_attribute 34, 1
  10              		.eabi_attribute 18, 4
  11              		.file	"nvic.c"
  12              		.text
  13              	.Ltext0:
  14              		.section	.gnu.lto_.profile.95615793,"",%progbits
  15 0000 789C6365 		.ascii	"x\234ce`b`a```d\220\022\003\000\000\312\000="
  15      60626061 
  15      60606064 
  15      90120300 
  15      00CA003D 
  16              		.text
  17              		.section	.gnu.lto_.icf.95615793,"",%progbits
  18 0000 789C6365 		.ascii	"x\234ce`b\220b@\000\026\206\027\337\372'q3~\336ur'\033"
  18      60629062 
  18      40001686 
  18      17DFFA27 
  18      71337EDE 
  19 0018 D385E635 		.ascii	"\323\205\3465\217\270\231;\356\375hab\000\000\253P\014"
  19      8FB8993B 
  19      EEFD6861 
  19      620000AB 
  19      500C
  20 002a 3B       		.ascii	";"
  21              		.text
  22              		.section	.gnu.lto_.jmpfuncs.95615793,"",%progbits
  23 0000 789C6365 		.ascii	"x\234ce`b\220b@\000\026\006&FF\346\372zF \250g\202\260"
  23      60629062 
  23      40001606 
  23      264646E6 
  23      FA7A4620 
  24 0018 99416C06 		.ascii	"\231Al\006\000)\250\003:"
  24      0029A803 
  24      3A
  25              		.text
  26              		.section	.gnu.lto_.inline.95615793,"",%progbits
  27 0000 789C4D8C 		.ascii	"x\234M\214\321\021\2000\014B!M\323\350\217#\324\011"
  27      D1118030 
  27      0C42214D 
  27      D3E88F23 
  27      D409
  28 0012 5CD2453A 		.ascii	"\\\322E:\222\2438\202\261\236U>\270\343\036\220!\330"
  28      92A33882 
  28      B19E553E 
  28      B8E31E90 
  28      21D8
  29 0024 F1498179 		.ascii	"\361I\201y\242pe\204\333\324\316\015\326\252@\216E\021"
  29      A2706584 
  29      DBD4CE0D 
ARM GAS  C:\Users\8FEE~1\AppData\Local\Temp\ccV16YuK.s 			page 2


  29      D6AA408E 
  29      4511
  30 0036 C9833808 		.ascii	"\311\2038\010/d\257$m\365\251\004\325~\"\310J\366\227"
  30      2F64AF24 
  30      6DF5A904 
  30      D57E22C8 
  30      4AF697
  31 0049 14BBDF41 		.ascii	"\024\273\337A(\241\330;\035pLq\001\226\277\015\245"
  31      28A1D83B 
  31      1D704C71 
  31      0196BF0D 
  31      A5
  32              		.text
  33              		.section	.gnu.lto_.pureconst.95615793,"",%progbits
  34 0000 789C6365 		.ascii	"x\234ce`b\340d```a\220b\224b\222b\226\002\000\002\321"
  34      6062E064 
  34      60606061 
  34      90629462 
  34      92629602 
  35 0017 0083     		.ascii	"\000\203"
  36              		.text
  37              		.section	.gnu.lto_nvicEnableVector.95615793,"",%progbits
  38 0000 789C9D53 		.ascii	"x\234\235S\317k\023Q\020~\337N\222M\332$\236\305b{\020"
  38      CF6B1351 
  38      107EDF4E 
  38      924DDA24 
  38      9EC5627B 
  39 0015 422F5972 		.ascii	"B/Yr\251\210\007Q\301[/\376\007\232K\0036)\255\024o"
  39      A9880751 
  39      C15B2FFE 
  39      079A4B03 
  39      3629AD14 
  40 002a 7D496A82 		.ascii	"}Ij\202Q\264h\323X1l\204j\323\3266m\255\332T\205\020"
  40      51B468D3 
  40      58316C84 
  40      6AD3D636 
  40      6DADDA54 
  41 0040 0A924315 		.ascii	"\012\222C\025\305\233\340\301\210\222C\245\006\017\036"
  41      C59BE0C1 
  41      889243A5 
  41      060F1E
  42 004f 9AEABCDD 		.ascii	"\232\352\274\335\200\202z\320\307\356\3731\363}3\363"
  42      80827AD0 
  42      C7EEFB31 
  42      F37D33F3 
  43 005f CDDB750A 		.ascii	"\315\333u\012M\234 !\216\011!\016\360\013\022\320&^"
  43      4D9C2021 
  43      8E09210E 
  43      F00B12D0 
  43      265E
  44 0071 0811776B 		.ascii	"\010\021wk\200\332H7\304\230\2061\\\243\034\241\232"
  44      80DA4837 
  44      C4988631 
  44      5CA31CA1 
  44      9A
  45 0082 FE58D67A 		.ascii	"\376X\326zg%\217J\256\271_\026+0\231>\315\257\032\230"
  45      67258F4A 
ARM GAS  C:\Users\8FEE~1\AppData\Local\Temp\ccV16YuK.s 			page 3


  45      AEB95F16 
  45      2B30993E 
  45      CDAF1A98 
  46 0096 452FA35E 		.ascii	"E/\243^\215/\337\246\253d\022\340\340\343\227\255[u"
  46      8D2FDFA6 
  46      AB6412E0 
  46      E0E397AD 
  46      5B75
  47 00a8 BF3A6AE8 		.ascii	"\277:j\350\341cKNN\371\351\010\004\357\247\253\331\267"
  47      E1634B4E 
  47      4EF9E908 
  47      04EFA7AB 
  47      D9B7
  48 00ba BEC05D29 		.ascii	"\276\300])\023\262\2629I\362\220I\204y\020\007\304\034"
  48      13B2B239 
  48      49F29049 
  48      84791007 
  48      C41C
  49 00cc BA504497 		.ascii	"\272PD\227`\223\300\002\002\014_H|\332&:jQ/\325Zu\275"
  49      6093C002 
  49      020C5F48 
  49      7CDA263A 
  49      6A512FD5 
  50 00e3 4DFD906D 		.ascii	"M\375\220mS\357\377\201\272\210\200\302\277_\331\313"
  50      53EFFF81 
  50      BA8880C2 
  50      BF5FD9CB 
  51 00f3 FA5C0EBB 		.ascii	"\372\\\016\273V,\301\005^K\257Q\221{\337\323\262\362"
  51      562CC105 
  51      5E4BAF51 
  51      917BDFD3 
  51      B2F2
  52 0105 E61E72A7 		.ascii	"\346\036r\247\274\200\202kLt\220\232\234P\231u\336:"
  52      BC80826B 
  52      4C74909A 
  52      9C509975 
  52      DE3A
  53 0117 DD6AF2F0 		.ascii	"\335j\362\360\344\022\"\3031Ts.\223\246Vj \321L\267"
  53      E41222C3 
  53      3154732E 
  53      93A6566A 
  53      20D14CB7 
  54 012b 4A1D2A6C 		.ascii	"J\035*l\236\264<A4\220\334I\3016\020\333~m\213\013\016"
  54      9EB43C41 
  54      3490DC49 
  54      C13610DB 
  54      7E6D8B0B 
  55 0140 94B8BC06 		.ascii	"\224\270\274\006\252S\265n\205a\357\324\305\352K]yu"
  55      AA53B56E 
  55      8561EFD4 
  55      C5EA4B5D 
  55      7975
  56 0152 4BDEDA9D 		.ascii	"K\336\332\235\317\337\274\366QV\223\322\317\246\353"
  56      CFDFBCF6 
  56      515693D2 
  56      CFA6EB
  57 0161 DBCD75BF 		.ascii	"\333\315u\277\211|\234\273_8h\222\033+\254s\231\003"
ARM GAS  C:\Users\8FEE~1\AppData\Local\Temp\ccV16YuK.s 			page 4


  57      897C9CBB 
  57      5F386892 
  57      1B2BAC73 
  57      9903
  58 0173 29C2D6BB 		.ascii	")\302\326\273\325\211}\306\242\034\217\313\036\223<"
  58      D5897DC6 
  58      A21C8FCB 
  58      1E933C
  59 0182 5885899B 		.ascii	"X\205\211\233\326\275\250h\363_\213\024*)g!jR\007\036"
  59      D6BDA868 
  59      F35F8B14 
  59      2A296721 
  59      6A52071E 
  60 0196 C0C893D3 		.ascii	"\300\310\223\323\272\2635\204\270DUp3\225_)\264k\326"
  60      BAB33584 
  60      B8445570 
  60      33955F29 
  60      B46BD6
  61 01a9 D9CDC4DA 		.ascii	"\331\315\304\332\314\306\256\327\256\331\211\207V\315"
  61      CCC6AED7 
  61      AED98987 
  61      56CD
  62 01b7 C9DDD49C 		.ascii	"\311\335\324\234\307\006\271m\320\215\231\245\262O\201"
  62      C706B96D 
  62      D08D99A5 
  62      B24F81
  63 01c6 9CE8C623 		.ascii	"\234\350\306#\033\264\223\252\3516\310\243\362o>O\271"
  63      1BB493AA 
  63      E936C8A3 
  63      F26F3E4F 
  63      B9
  64 01d7 ED30C063 		.ascii	"\3550\300ct1\325Vo\264\325\377\213\266N\254[\332\360"
  64      7431D556 
  64      6FB4D5FF 
  64      8BB64EAC 
  64      5BDAF0
  65 01ea BBB65193 		.ascii	"\273\266Q\223\274(+m\272\245mCi\363X\251\032\231z\347"
  65      BC282B6D 
  65      BAA56D43 
  65      69F358A9 
  65      1A997AE7 
  66 01fe 7F257B62 		.ascii	"\177%{b%\323\376\222\354\351\317d\317\354d\333H\024"
  66      25D3FE92 
  66      ECE9CF64 
  66      CFEC64DB 
  66      4814
  67 0210 4A57AC36 		.ascii	"JW\2546Z?E\206\013\345\217\204\003\364\005\203\206\375"
  67      5A3F4586 
  67      0BE58F84 
  67      03F40583 
  67      86FD
  68 0222 84072267 		.ascii	"\204\007\"g#\261\221\320\341>#6b\014\2349g\014\305\206"
  68      23B191D0 
  68      E13E2336 
  68      620C9C39 
  68      670CC586 
  69 0236 CF8F18E1 		.ascii	"\317\217\030\341\330\340`,j\034?\335\177\262\377\202"
ARM GAS  C:\Users\8FEE~1\AppData\Local\Temp\ccV16YuK.s 			page 5


  69      D8E0602C 
  69      6A1C3FDD 
  69      7FB2FF82 
  70 0246 111D8D84 		.ascii	"\021\035\215\204\203a\201\250ch8\022\373\001\270\366"
  70      836181A8 
  70      63683812 
  70      FB01B8F6 
  71 0256 19D6     		.ascii	"\031\326"
  72              		.text
  73              		.section	.gnu.lto_nvicDisableVector.95615793,"",%progbits
  74 0000 789C9592 		.ascii	"x\234\225\222\317k\023A\024\307\347;o\223lm\223^\005"
  74      CF6B1341 
  74      14C7E73B 
  74      6F936C6D 
  74      935E05
  75 0013 83F62094 		.ascii	"\203\366 \224^2\344R\321\233\010\336z\361?\320 4`\263"
  75      5E32E452 
  75      D19B08DE 
  75      7AF13FD0 
  75      203460B3 
  76 0027 62A478EB 		.ascii	"b\244x\353\244?\266PQ\213\266\251\025\303F\2104mm\323"
  76      A43FB650 
  76      518BB6A9 
  76      15C34688 
  76      346D6DD3 
  77 003b 1F515B4F 		.ascii	"\037Q[Oa\021$`\024\005O\202\007+\242\207\212\226\036"
  77      61112460 
  77      14054F82 
  77      072BA287 
  77      8A961E
  78 004e 3CD4DA37 		.ascii	"<\324\3327\273\036\004O\016\2733\363f?\357}\337{\263"
  78      BB1E044F 
  78      0EBB33F3 
  78      663FEF7D 
  78      DF7BB3
  79 0061 1121C545 		.ascii	"\021!\305E)\304)!\304\021~A\002r\362\225\020\005[\002"
  79      29C42921 
  79      C4117E41 
  79      0272F295 
  79      10055B02 
  80 0075 66A36D88 		.ascii	"f\243m\210!\211!\334\242\031\202?\376yS\366\314i\036"
  80      218921DC 
  80      A219823F 
  80      FE7953F6 
  80      CC691E
  81 0088 8D997AD4 		.ascii	"\215\231z\324\325c\207=\022b\226_30\207\036\246\336"
  81      D563873D 
  81      1262965F 
  81      3330871E 
  81      A6DE
  82 009a 8CAEDCA7 		.ascii	"\214\256\334\247\233\344\021`\261\371\243uo+aL\211."
  82      9BE41160 
  82      B1F9A375 
  82      6F2B614C 
  82      892E
  83 00ac 367FE9A9 		.ascii	"6\177\351\251b\202NB\360~\326\237~\037\357~\250\365"
  83      62824E42 
ARM GAS  C:\Users\8FEE~1\AppData\Local\Temp\ccV16YuK.s 			page 6


  83      F07ED69F 
  83      7E1FEF7E 
  83      A8F5
  84 00be B06EBC9C 		.ascii	"\260n\274\234\"}\334#\302\002\210\003b\036IT\221\024"
  84      227DDC23 
  84      C2028803 
  84      621E4954 
  84      9114
  85 00d0 7C24B088 		.ascii	"|$\260\210n\303\177\\\335\237\216G\255P\020\217\020"
  85      6EC37F5C 
  85      DD9F8E47 
  85      AD50108F 
  85      10
  86 00e1 05AFB5B7 		.ascii	"\005\257\265\267h\350\375\337\343\272\361\251\202wg"
  86      68E8FDDF 
  86      E3BAF1A9 
  86      827767
  87 00f0 6DC0E092 		.ascii	"m\300\340\222\035-2\223\305SD\210\011\3661\025]'iV\372"
  87      1D2D3293 
  87      C5534488 
  87      09F63115 
  87      5D276956 
  88 0105 8A911DB7 		.ascii	"\212\221\035\267\265^\206\211S\"Y\"\260B\263\362l\257"
  88      B55E8689 
  88      53225922 
  88      B042B3F2 
  88      6CAF
  89 0117 C3241B41 		.ascii	"\303$\033A\004K,\317\330\236;\337\026B\024Bw*\313\233"
  89      044B2CCF 
  89      D89E3BDF 
  89      16421442 
  89      772ACB9B 
  90 012b 71035938 		.ascii	"q\003Y8\206\345\020\372\3566c!dj\256?\177\341\332a\030"
  90      86E510FA 
  90      EE366321 
  90      646AAE3F 
  90      7FE1DA61 
  91 0140 A08624BB 		.ascii	"\240\206$\2732\344\027\233\3120\014\024\307\374\327"
  91      32E4179B 
  91      CA300C14 
  91      C7FCD7
  92 014f 31034483 		.ascii	"1\003D\203F\324\037|\373\331\021\232\332\037\321\011"
  92      46D41F7C 
  92      FBD9119A 
  92      DA1FD109 
  93 015f 3EBABDBD 		.ascii	">\272\275\275\263\221\360P*p\263\313G=\212a\225;\262"
  93      B391F050 
  93      2A70B3CB 
  93      473D8A61 
  93      953BB2
  94 0172 C26AC6A1 		.ascii	"\302j\306\241\365am\262S-\351\321\202\356\362\310\306"
  94      F5616DB2 
  94      532DE9D1 
  94      82EEF2C8 
  94      C6
  95 0183 1A3CDC0D 		.ascii	"\032<\334\015\256\301D[\330\255R\272f>\226\007=j\303"
  95      AEC1445B 
ARM GAS  C:\Users\8FEE~1\AppData\Local\Temp\ccV16YuK.s 			page 7


  95      D8AD52BA 
  95      663E9607 
  95      3D6AC3
  96 0196 3A145718 		.ascii	":\024W\030\\Q\035iN\321$\263\373\245\272\025\373\223"
  96      5C511D69 
  96      4ED124B3 
  96      FBA5BA15 
  96      FB93
  97 01a8 CEFF881D 		.ascii	"\316\377\210\035\302\343@\014\377\212\345<j\307\023"
  97      C2E3400C 
  97      FF8AE53C 
  97      6AC713
  98 01b7 238640EC 		.ascii	"#\206@\354)\322\177\327\332\016\201\015\216\271\215"
  98      29D27FD7 
  98      DA0E810D 
  98      8EB98D
  99 01c6 E1F2E28D 		.ascii	"\341\362\342\215\240\361\301\1773\3018_\011'\330\233"
  99      A0F1C17F 
  99      33C1385F 
  99      0927D89B 
 100 01d6 4AA9F0C9 		.ascii	"J\251\360\311\364g/d\235|\372D\257r\362\252\377\374"
 100      F4672F64 
 100      9D7CFA44 
 100      AF72F2AA 
 100      FFFC
 101 01e8 2575D9B9 		.ascii	"%u\331\271r5\2572\316\300\200\223S\247\317\365\235\351"
 101      7235AF32 
 101      CEC08093 
 101      53A7CFF5 
 101      9DE9
 102 01fa BBA67283 		.ascii	"\273\246r\203\331L*#\220;\000O0\324\351"
 102      D94C2A23 
 102      903B004F 
 102      30D4E9
 103              		.text
 104              		.section	.gnu.lto_nvicSetSystemHandlerPriority.95615793,"",%progbits
 105 0000 789C6D51 		.ascii	"x\234mQMk\023Q\024\275g\356Lf\024\354\272h\027]\010"
 105      4D6B1351 
 105      14BD67EE 
 105      4C6614EC 
 105      BA68175D 
 106 0015 A19B0CD9 		.ascii	"\241\233\014\331T\\\226\342\262\033\377A\033\205\004"
 106      545C96E2 
 106      B21BFF41 
 106      1B8504
 107 0024 DA4C4944 		.ascii	"\332LID\334\365\315\244m\260B-j\232V\034&P\244\332\032"
 107      DCF5CDA4 
 107      6DB0422D 
 107      6A9A561C 
 107      2650A4DA 
 108 0039 D3AA9B60 		.ascii	"\323\252\233`\221\220\225Y\250\350\262+\265\242\004"
 108      91909559 
 108      A8E8B22B 
 108      B5A204
 109 0048 0CF8D1AD 		.ascii	"\014\370\321\255\325\373\246\021\\\370xo\346\335\217"
 109      D5FBA611 
 109      5CF8786F 
ARM GAS  C:\Users\8FEE~1\AppData\Local\Temp\ccV16YuK.s 			page 8


 109      E6DD8F
 110 0057 73DF39F7 		.ascii	"s\3379\367ZdP\017D\027\210\350\214\0340\301XyM\344;"
 110      5A64500F 
 110      441788E8 
 110      8C1C30C1 
 110      58794DE4 
 111 006c 06A02FCA 		.ascii	"\006\240/\312\001\315\031\230\303M\2562\332\345\317"
 111      01CD1998 
 111      C34DAE32 
 111      DAE5CF
 112 007b 4D636453 		.ascii	"McdS\311jU\017\023\213ja0b\242u9za\023#\222\365v~\347"
 112      C96A550F 
 112      138B6A61 
 112      3062A275 
 112      397A6113 
 113 0095 1E2F73C4 		.ascii	"\036/s\304\200)\346\367Ww\017\006\264i`X\314\322\355"
 113      8029E6F7 
 113      57770F06 
 113      B4696058 
 113      CCD2ED
 114 00a8 177B0E9F 		.ascii	"\027{\016\237\007\311\275\247:~\"y_\251@\265>UX\235"
 114      07C9BDA7 
 114      3A7E2279 
 114      5FA940B5 
 114      3E55589D 
 115 00bc 8D98B105 		.ascii	"\215\230\261\005\226\202x\210!<\300\020\211\213\260"
 115      96827888 
 115      213CC010 
 115      898BB0
 116 00cb 8DA4A46F 		.ascii	"\215\244\244o\007_z\314c1\364z\347\327\201\335\207\036"
 116      075F7ACC 
 116      6331F47A 
 116      E7D781DD 
 116      871E
 117 00dd 56FBD047 		.ascii	"V\373\320G\377\201\326\221\324\371\037w\217*\247\022"
 117      FF81D691 
 117      D4F91F77 
 117      8F2AA712 
 118 00ed E6C65FBA 		.ascii	"\346\306_\272x\214\204(\247\306;\264\324\321\357\262"
 118      788C8428 
 118      A7C63BB4 
 118      D4D1EFB2 
 119 00fd 1018DCFF 		.ascii	"\020\030\334\377\351\330\200F\030\2025Y\177,\350\307"
 119      E9D88046 
 119      18823559 
 119      7F2CE8C7 
 120 010d 899604A4 		.ascii	"\211\226\004\244\033r\203\015\375\347.\202\037\345z"
 120      1B72830D 
 120      FDE72E82 
 120      1FE57A
 121 011c F33D74A1 		.ascii	"\363=t\241\220\215\220A]\224\276-\366\035,\276\177{"
 121      908D9041 
 121      5D94BE2D 
 121      F61D2CBE 
 121      7F7B
 122 012e 61C14443 		.ascii	"a\301DC8u\321^\355\244t\216DW\027\332ol\035M\304\232"
 122      3875D15E 
ARM GAS  C:\Users\8FEE~1\AppData\Local\Temp\ccV16YuK.s 			page 9


 122      EDA4748E 
 122      445717DA 
 122      6F6C1D4D 
 123 0144 FCE6DE1D 		.ascii	"\374\346\336\035\353\330T\373%5\240\361k\301\007'B\350"
 123      EBD854FB 
 123      2535A0F1 
 123      6BC10727 
 123      42E8
 124 0156 4BCB6BA7 		.ascii	"K\313k\247#\266\261+\342v\244\220\006|\255\274\334:"
 124      23B6B12B 
 124      E276A490 
 124      067CADBC 
 124      DC3A
 125 0168 E9D6D5BC 		.ascii	"\351\326\325\274\257\206#v\360\004\021\326\342aHp\343"
 125      AF862376 
 125      F00411D6 
 125      E2614870 
 125      E3
 126 0179 56389E6E 		.ascii	"V8\236n\350X\255\020\361\011<\205\033\262\025\317\351"
 126      E858AD10 
 126      F1093C85 
 126      1BB215CF 
 126      E9
 127 018a 19D2C250 		.ascii	"\031\322\302PF\037\324\236/\307\204\343\371-\211\006"
 127      461FD49E 
 127      2FC784E3 
 127      F92D8906 
 128 019a D166108D 		.ascii	"\321f\020\215\246R\356\361\316dsS9\257\230>7\352zE7"
 128      A652EEF1 
 128      CE647353 
 128      39AF983E 
 128      37EA7A45 
 129 01af 3B39EDCE 		.ascii	";9\355\316z\205+E7\343\315\314xyw\354\342\304\370\304"
 129      7A852B45 
 129      37E3CDCC 
 129      787977EC 
 129      E2C4F8C4 
 130 01c3 35377F35 		.ascii	"57\1775\227Ie\310\316N\346/M_.\230\263\205\234\367\007"
 130      974965C8 
 130      CE4EE62F 
 130      4D5F2E98 
 130      B3859CF7 
 131 01d8 B586B0A3 		.ascii	"\265\206\260\243"
 132              		.text
 133              		.section	.gnu.lto_nvicClearPending.95615793,"",%progbits
 134 0000 789C2D51 		.ascii	"x\234-Q\317OSA\020\236o\347\275\266$\264^Ml\200\203"
 134      CF4F5341 
 134      109E6FE7 
 134      BDB624B4 
 134      5E4D6C80 
 135 0015 092126DD 		.ascii	"\011!&\335\364\202\321\233\361\340\211\213\377\001\366"
 135      F482D19B 
 135      F1E0898B 
 135      FF01F6
 136 0024 4213E933 		.ascii	"B\023\3513\326\020ol\013\264\021\023!\012E\214\315+"
 136      D6106F6C 
 136      0BB41113 
ARM GAS  C:\Users\8FEE~1\AppData\Local\Temp\ccV16YuK.s 			page 10


 136      210A458C 
 136      CD2B
 137 0036 B1861F0A 		.ascii	"\261\206\037\012\005\364 xi^\274p@\203W\215\007ML<@"
 137      05F42078 
 137      695EBC70 
 137      4083578D 
 137      074D4C3C 
 138 004b B4F1E001 		.ascii	"\264\361\340\001\320\331\367\334\274\3357\363\3557\337"
 138      D0D9F7DC 
 138      BCDD37F3 
 138      ED37DF
 139 005a CCCEB8A4 		.ascii	"\314\316\270\244\350\010D\227\211\350\234l0A\315\276"
 139      E8084497 
 139      89E89C6C 
 139      3041CDBE 
 140 006a 272A2514 		.ascii	"'*%\024`\015\223\000\215+\214c\206\027\030A\365\373"
 140      600D9300 
 140      8D2B8C63 
 140      86171841 
 140      F5FB
 141 007c 8E1A5836 		.ascii	"\216\032X6\262\332\013\273\361\212\231:\3533\321\242"
 141      B2DA0BBB 
 141      F18A993A 
 141      EB33D1A2 
 142 008c 6CBBB08C 		.ascii	"l\273\260\214\001a\035Ln>\345\007\3543\340\210\373k"
 142      01611D4C 
 142      6E3EE507 
 142      EC33E088 
 142      FB6B
 143 009e FFC9B794 		.ascii	"\377\311\267\224u\025\372\304=1s\265\024_\002\211\275"
 143      7515FAC4 
 143      3D3173B5 
 143      145F0289 
 143      BD
 144 00af 18CC7F4A 		.ascii	"\030\314\177J\366?7\246l\332\357\346\330\234\367\231"
 144      F63F37A6 
 144      6CDAEFE6 
 144      D89CF799 
 145 00bf B1061641 		.ascii	"\261\006\026A\254\"\215\025\244I \302\013\364[\376\327"
 145      AC228D15 
 145      A44920C2 
 145      0BF45BFE 
 145      D7
 146 00d0 ADD3F964 		.ascii	"\255\323\371d\314\211\022\342%bR;\265>\242mN\377VM\373"
 146      CC8912E2 
 146      2562523B 
 146      B53EA26D 
 146      4EFF564D 
 147 00e5 731307D7 		.ascii	"s\023\007\327\022\200\245+\011t\330\036\216\034\256"
 147      1280A52B 
 147      0974D81E 
 147      8E1CAE
 148 00f4 6B2DA269 		.ascii	"k-\242i\011\264\317\272\317\312\376\371\007&:\225\223"
 148      09B4CFBA 
 148      CFCAFEF9 
 148      07263A95 
 148      93
ARM GAS  C:\Users\8FEE~1\AppData\Local\Temp\ccV16YuK.s 			page 11


 149 0105 B70D58B1 		.ascii	"\267\015X\261:\253:C\322\3545w\217\273m\305.\\\254K"
 149      3AAB3A43 
 149      D2EC3577 
 149      8FBB6DC5 
 149      2E5CAC4B 
 150 0119 0D423BAE 		.ascii	"\015B;\256\334\353\212H\034\221\03657v\222\226\344\240"
 150      DCEB8A48 
 150      1C911E35 
 150      37769296 
 150      E4A0
 151 012b 171B11E9 		.ascii	"\027\033\021\351ge5\036\221\034\\H\013U\300r\247\372"
 151      6765351E 
 151      911C5C48 
 151      0B55C072 
 151      A7FA
 152 013d 5FDD1558 		.ascii	"_\335\025X\200\240\266\227\261\200h\324\246\202\017"
 152      80A0B697 
 152      B18068D4 
 152      A6820F
 153 014c 71AB110B 		.ascii	"q\253\021\013\333\361z\351\350Ow\344\232`\302\244\004"
 153      DBF17AE9 
 153      E84F77E4 
 153      9A60C2A4 
 153      04
 154 015d 7A78D879 		.ascii	"zx\330y\223\362Q/I\313\033=>\307\261)}iI:\033\260\377"
 154      93F2512F 
 154      49CB1B3D 
 154      3EC7B129 
 154      7D69493A 
 155 0174 657BF68C 		.ascii	"e{\366\214^7\223%\323\347s\002[\360\3618\034\206U[\373"
 155      5E379325 
 155      D3E77302 
 155      5BF0F138 
 155      1C86555B 
 156 0189 BDC2D996 		.ascii	"\275\302\331\226\275l\214\371\334\205mhyb8\250W\310"
 156      BD6C8CF9 
 156      DC856D68 
 156      796238A8 
 156      57C8
 157 019b 4A3D7488 		.ascii	"J=t\210r\343\331LX^8\300i\206m\213p\0063\031\035}\271"
 157      72E3D94C 
 157      585E38C0 
 157      69866D8B 
 157      70063319 
 158 01b2 91FC8DBC 		.ascii	"\221\374\215\274W\314^\034\324^Q\217\014\337\324\267"
 158      57CC5E1C 
 158      D45E518F 
 158      0CDFD4B7 
 159 01c2 BCDB778A 		.ascii	"\274\333w\212:\347\215\216z\005}\345\372\320\325\241"
 159      3AE78D8E 
 159      7A057DE5 
 159      FAD0D5A1 
 160 01d2 BBBA3096 		.ascii	"\273\2720\226\317er\204\302?\272f\254\223"
 160      CF657284 
 160      C23FBA66 
 160      AC93
 161              		.text
ARM GAS  C:\Users\8FEE~1\AppData\Local\Temp\ccV16YuK.s 			page 12


 162              		.section	.gnu.lto_.symbol_nodes.95615793,"",%progbits
 163 0000 789C6365 		.ascii	"x\234ce`b\360b\000\002\2469L\365\014\014\023\31610\000"
 163      6062F062 
 163      0002A639 
 163      4CF50C0C 
 163      13CE3130 
 164 0015 A95D0D8E 		.ascii	"\251]\015\216@\221\271L\365\214\250\"\363\230\352\231"
 164      4091B94C 
 164      F58CA822 
 164      F398EA99 
 165 0025 5045E633 		.ascii	"PE\3463\3253\243\2100\000\000\276\274\022:"
 165      D533A388 
 165      300000BE 
 165      BC123A
 166              		.text
 167              		.section	.gnu.lto_.refs.95615793,"",%progbits
 168 0000 789C6365 		.ascii	"x\234ce`b`d\000\002\000\000I\000\011"
 168      60626064 
 168      00020000 
 168      490009
 169              		.text
 170              		.section	.gnu.lto_.decls.95615793,"",%progbits
 171 0000 789CDD59 		.ascii	"x\234\335YkPT\333\225\356\335\273\033\232\026\320A\352"
 171      6B5054DB 
 171      95EEDDBB 
 171      1B9A16D0 
 171      41EA
 172 0012 CE9D0C99 		.ascii	"\316\235\014\231q\356\230\272Tf\"\242\231\353\315\314"
 172      71EE98BA 
 172      546622A2 
 172      99EBCDCC 
 173 0022 548DD8E8 		.ascii	"T\215\330\350H\3255\241@M~XE\371\350DR\0127\200In\222"
 173      48D535A1 
 173      404D7E58 
 173      45F9E844 
 173      520A3780 
 174 0039 B9B71150 		.ascii	"\271\267\021P@E\020\020\233\207\242\010\250\200\200"
 174      40451010 
 174      9B87A208 
 174      A88080
 175 0048 20A088B6 		.ascii	" \240\210\266\250\210 \250\274\024\344\015\"\"*\017"
 175      A88820A8 
 175      BC14E40D 
 175      22222A0F 
 176 0058 9F88306B 		.ascii	"\237\2100k?\016\2759t[\367Gj~L\027\353\234\263\366\376"
 176      3F0EBD39 
 176      745BF747 
 176      6A7E4C17 
 176      EB9CB3F6 
 177 006d CEDADF5E 		.ascii	"\316\332\337^k\355\327A\255P*N\377\263B\021\217\025"
 177      6BEDD741 
 177      AD502A4E 
 177      FFB34211 
 177      8F15
 178 007f 8A2348A1 		.ascii	"\212#H\241\230\206\237Z\241P\344)\314?\025\310E\220"
 178      98869F5A 
 178      A150E429 
ARM GAS  C:\Users\8FEE~1\AppData\Local\Temp\ccV16YuK.s 			page 13


 178      CC3F15C8 
 178      4590
 179 0091 CB202690 		.ascii	"\313 &\220J\305\334\337.x\327\001\356\033A\234@\234"
 179      4AC5DCDF 
 179      2E78D701 
 179      EE1B419C 
 179      409C
 180 00a3 418A405C 		.ascii	"A\212@\\@>\007\371\005)\003\314B\220\207\360\334\006"
 180      403E07F9 
 180      052903CC 
 180      429087F0 
 180      DC06
 181 00b5 F2146408 		.ascii	"\362\024d\010\004\232V(\241\334\016\304\026\004\361"
 181      049A5628 
 181      A1DC0EC4 
 181      1604F1
 182 00c4 F6E4BFFF 		.ascii	"\366\344\277\377\201\012{\013m\310\355Kv\245v\224 \032"
 182      810A7B0B 
 182      6DC8ED4B 
 182      76A57694 
 182      201A
 183 00d6 C4DA40BC 		.ascii	"\304\332@\274\037\362_(Th\255\360'\266\313\240\276\004"
 183      1FF25F28 
 183      5468ADF0 
 183      27B6CBA0 
 183      BE04
 184 00e8 E40F88D9 		.ascii	"\344\017\210\331$vR\270=\023\327o\242\3316#\254\330"
 184      247652B8 
 184      3D13D76F 
 184      A2D93623 
 184      ACD8
 185 00fa 247CBD2D 		.ascii	"$|\275-\360%\257\333q\233\226|\234\204Q\311\201\353"
 185      F025AFDB 
 185      719B967C 
 185      9C8451C9 
 185      81EB
 186 010c 15CA4ED4 		.ascii	"\025\312N\324\216\240Oh\001-E\210]\021\025\252NK?\204"
 186      8EA04F68 
 186      012D4588 
 186      5D1115AA 
 186      4E4B3F84 
 187 0120 6839942A 		.ascii	"h9\224*\025\334\260T\204\2447\270\256\344\252\222\233"
 187      15DCB054 
 187      84A437B8 
 187      AEE4AA92 
 187      9B
 188 0131 A47FFC65 		.ascii	"\244\177\374e$Xd\325\254%\351\307\270\263\007\372\232"
 188      245864D5 
 188      AC25E9C7 
 188      B8B307FA 
 188      9A
 189 0142 F436529A 		.ascii	"\3646R\232\033@H|A0\310h\363\372\031~\012s\347\220\324"
 189      1B40487C 
 189      4130C868 
 189      F3FA197E 
 189      0A73E790 
 190 0157 FB51E3ED 		.ascii	"\373Q\343\355\001m\027\352 \245\351+\021-Ki\352\315"
ARM GAS  C:\Users\8FEE~1\AppData\Local\Temp\ccV16YuK.s 			page 14


 190      016D17EA 
 190      20A5E92B 
 190      112D4B69 
 190      EACD
 191 0169 5062082D 		.ascii	"Pb\010-<w\275;\265fI\256\201\3754\377bv[G\365\351\034"
 191      3C77BD3B 
 191      B56649AE 
 191      81FD34FF 
 191      62765B47 
 192 0180 1C83D1E7 		.ascii	"\034\203\321\347ZD\332\234\017E\371\303\027\3369\260"
 192      5A44DA9C 
 192      0F45F9C3 
 192      17DE39B0 
 193 0190 22826838 		.ascii	"\"\202h88v\322\026\273\320\347{\341\005\251\004\355"
 193      3876D216 
 193      BBD0E77B 
 193      E105A904 
 193      ED
 194 01a1 A4452AD2 		.ascii	"\244E*\322j]r\237#\250\316Z\264(\011+\2155\367+U\310"
 194      6A5D729F 
 194      23A8CE5A 
 194      B428092B 
 194      8D35F72B 
 195 01b7 559B451A 		.ascii	"U\233E\0321M\277\374<n\257\301\240D\205H\213\362\020"
 195      314DBFFC 
 195      3C6EAFC1 
 195      A0448548 
 195      8BF210
 196 01ca 4667D012 		.ascii	"Fg\320\022B\371s\022\370H\203a\267!6\314`\267V\201\362"
 196      42F97312 
 196      F8488361 
 196      B72136CC 
 196      60B75681 
 197 01df 910B3A8B 		.ascii	"\221\013:\213\\\024\250\000\271\222F\011\016\345Ba\016"
 197      5C14A800 
 197      B9924609 
 197      0EE54261 
 197      0E
 198 01f0 14422BA7 		.ascii	"\024B+\247O\306\235\260\301'\021a\240\254\272\374\360"
 198      4FC69DB0 
 198      C1271161 
 198      A0ACBAFC 
 198      F0
 199 0201 810A695D 		.ascii	"\201\012i]-\032(\266`\200\221y\221\367YU\004!S\004d"
 199      2D1A28B6 
 199      60809179 
 199      91F75955 
 199      04215304 
 200 0216 CE99C900 		.ascii	"\316\231\311\0007\346\207\312w]\013T$u\010`\213\212"
 200      37E687CA 
 200      775D0B54 
 200      24750860 
 200      8B8A
 201 0228 144567DE 		.ascii	"\024Eg\336\232\3003e\347\021-\2741\375\3064\237y@I\234"
 201      9AC03365 
 201      E7112DBC 
 201      31FDC634 
ARM GAS  C:\Users\8FEE~1\AppData\Local\Temp\ccV16YuK.s 			page 15


 201      9F794049 
 202 023d 33723B6D 		.ascii	"3r;m\036\363\300\002Pk\357\215\335\267\377\3640\365"
 202      1EF3C002 
 202      506BEF8D 
 202      DDB7FFF4 
 202      30F5
 203 024f 72986181 		.ascii	"r\230a\201\022m\374\004\225\001\221R \242@\027\320\247"
 203      126DFC04 
 203      95019152 
 203      20A24017 
 203      D0A7
 204 0261 702D412A 		.ascii	"p-A*\326\344\344\203\320a\233\317\322\015\351\335\340"
 204      D6E4E483 
 204      D0619BCF 
 204      D20DE9DD 
 204      E0
 205 0272 ACDAC58F 		.ascii	"\254\332\305\217\317\031\014@\321\240\"8t\332\314\021"
 205      CF190C40 
 205      D1A02238 
 205      74DACC11 
 206 0282 1EE17A0A 		.ascii	"\036\341z\012u!\224\215:!\003.\242\317\340\365\346\316"
 206      7521948D 
 206      3A21032E 
 206      A2CFE0F5 
 206      E6CE
 207 0294 8A118C5B 		.ascii	"\212\021\214[X|-\320\277^\220\363\301\321*\227\012\312"
 207      587C2DD0 
 207      BF5E90F3 
 207      C1D12A97 
 207      0ACA
 208 02a6 E592C4E5 		.ascii	"\345\222\304\345\360\271\374)%\347\322\360wF\203i\267"
 208      F0B9FC29 
 208      25E7D2F0 
 208      77468369 
 208      B7
 209 02b7 81780B50 		.ascii	"\201x\013P\250\334\314\244\\\316\3442eR\370\366i\030"
 209      A8DCCCA4 
 209      5CCEE432 
 209      6552F8F6 
 209      6918
 210 02c9 C6838C49 		.ascii	"\306\203\214I\326\323\211\013\366\222\245\277\237\261"
 210      D6D3890B 
 210      F692A5BF 
 210      9FB1
 211 02d7 44FA74C5 		.ascii	"D\372t\305l\351\212\334\222\211Z\252\310N\362\302\021"
 211      6CE98ADC 
 211      92895AAA 
 211      C84EF2C2 
 211      11
 212 02e8 981A2A2F 		.ascii	"\230\032*/k{\243\341\206\206~8\213\322U\263\241\253"
 212      6B7BA3E1 
 212      86867E38 
 212      8BD255B3 
 212      A1AB
 213 02fa 724395D4 		.ascii	"rC\225\324Pn\363\261r{\026&\203\013\311\324\253{\213"
 213      506EF3B1 
 213      727B1626 
ARM GAS  C:\Users\8FEE~1\AppData\Local\Temp\ccV16YuK.s 			page 16


 213      830BC9D4 
 213      AB7B8B
 214 030d B93E620B 		.ascii	"\271>b\013zB^_)bz\2543\350\203\315\331\311\016,\216"
 214      7A425E5F 
 214      29627AAC 
 214      33E883CD 
 214      D9C90E2C 
 215 0322 86E3080A 		.ascii	"\206\343\010\012\322&'\303U\3700\243\322\3232U\313\323"
 215      D22627C3 
 215      55F830A3 
 215      D2D33255 
 215      CBD3
 216 0334 3E4C4D86 		.ascii	">LM\206A\311\223C\363\264\221\304\2634\005I\205\224"
 216      41C99343 
 216      F3B491C4 
 216      B3340549 
 216      8594
 217 0346 840A748B 		.ascii	"\204\012t\213\344\024rsA\325,\177\307\037^M\327:\305"
 217      E4147273 
 217      41D52C7F 
 217      C71F5E4D 
 217      D73AC5
 218 0359 52B4C1B0 		.ascii	"R\264\301\260HEcT\005\360\033\024^\203\234\244\227\010"
 218      48456354 
 218      05F01B14 
 218      5E839CA4 
 218      9708
 219 036b BA3FB33F 		.ascii	"\272?\263?\335\2163\267\001}O\\o\206#gN\210\335\215"
 219      DD8E33B7 
 219      017D4F5C 
 219      6F862367 
 219      4E88DD8D 
 220 037f DB1FAFE2 		.ascii	"\333\037\257\342L\311h\215\271\037\367_8\235\361|P\030"
 220      4CC9688D 
 220      B91FF75F 
 220      389DF17C 
 220      5018
 221 0391 5FA066D8 		.ascii	"_\240f\330\027\004;:\225\231hc\225\347]\211\347\035"
 221      17043B3A 
 221      95996863 
 221      95E75D89 
 221      E71D
 222 03a3 C6333FA2 		.ascii	"\3063?\242\377\264\006\336v\201\251\000\011\363\200"
 222      FFB406DE 
 222      7681A900 
 222      09F380
 223 03b2 0B9B078A 		.ascii	"\013\233\007\212M\343y*\234A[R\226\024\367'k\205\241"
 223      4DE3792A 
 223      9C415B52 
 223      9614F727 
 223      6B85A1
 224 03c5 FE4999C1 		.ascii	"\376I\231\301\260\0005C\307\032\315\261q\231\031\351"
 224      B0003543 
 224      C71ACDB1 
 224      719919E9 
 225 03d5 23270CF8 		.ascii	"#'\014\370S\005Z\356\202\226\3020m\202a\352\302\207"
 225      53055AEE 
ARM GAS  C:\Users\8FEE~1\AppData\Local\Temp\ccV16YuK.s 			page 17


 225      8296C230 
 225      6D8261EA 
 225      C287
 226 03e7 6903D0B9 		.ascii	"i\003\320\271\307\307\371\261S\327\035p\036k\300\230"
 226      C7C7F9B1 
 226      53D71D70 
 226      1E6BC098 
 227 03f7 78B5D871 		.ascii	"x\265\330q\246\001\030\276Et\370>\200\026Z\314-4#+M"
 227      A60118BE 
 227      4574F83E 
 227      80165ACC 
 227      2D34232B 
 228 040c DCB7DCC4 		.ascii	"\334\267\334\304\370\243K\2456\346P j\257\016\352oS"
 228      F8A34BA5 
 228      36E65020 
 228      6AAF0EEA 
 228      6F53
 229 041e 8FB4D250 		.ascii	"\217\264\322P\334\225B\221\236k\034\266%\356\013\373"
 229      DC954291 
 229      9E6B1CB6 
 229      25EE0BFB 
 230 042e 7ED6BB0C 		.ascii	"~\326\273\014\021C\266\242\365\266\217Y/\351J\210\342"
 230      1143B6A2 
 230      F5B68F59 
 230      2FE94A88 
 230      E2
 231 043f 29994E26 		.ascii	")\231N&\323\213\035\243\246yL\357&\356\1777|\244Y\303"
 231      D38B1DA3 
 231      A6794CEF 
 231      26EE7F37 
 231      7CA459C3 
 232 0453 03ED08FA 		.ascii	"\003\355\010\372\265\361\324Q{|\236E\272\362aE$\217"
 232      B5F1D451 
 232      7B7C9E45 
 232      BAF26145 
 232      248F
 233 0465 F40A5077 		.ascii	"\364\012Pw\017\025\246\330Y\015t\217\024\350n\3063b"
 233      0F15A6D8 
 233      590D748F 
 233      14E86EC6 
 233      3362
 234 0477 20AD5D29 		.ascii	" \255])O\310N\200wPx/\345\331#\361Lz\366\356\007<\037"
 234      4FC84E80 
 234      7750782F 
 234      E5D923F1 
 234      4C7AF6EE 
 235 048e C539DF89 		.ascii	"\3059\337\211\316\371\350\354\340\225T-gI&\304k\215"
 235      CEF9E8EC 
 235      E095542D 
 235      674926C4 
 235      6B8D
 236 04a0 2939B6F8 		.ascii	")9\266\370\012c\3712:\342\015\0377d\320\335?\376\350"
 236      0A63F932 
 236      3AE20D1F 
 236      3764D0DD 
 236      3FFEE8
 237 04b3 ADD62ACB 		.ascii	"\255\326*\313A\211\345c\3062:\365D\232\215\234\345#"
ARM GAS  C:\Users\8FEE~1\AppData\Local\Temp\ccV16YuK.s 			page 18


 237      4189E563 
 237      C6323AF5 
 237      449A8D9C 
 237      E523
 238 04c5 80F753F8 		.ascii	"\200\367S\370\023\312rPb\031\231\033s\015\263X}\237"
 238      13CA7250 
 238      6219991B 
 238      730DB358 
 238      7D9F
 239 04d7 5501DEB8 		.ascii	"U\001\336\270\225^b\2345,\207>f\377M\311\373\207\274"
 239      955E629C 
 239      352C873E 
 239      66FF4DC9 
 239      FB87BC
 240 04ea DBE99878 		.ascii	"\333\351\230x\274\2745\216\257\003\335\342\260u\346"
 240      BCBC358E 
 240      AF03DDE2 
 240      B075E6
 241 04f9 C33674B0 		.ascii	"\3036t\260`/\306\327\231\037\306\223\"\2424\014\374"
 241      602FC6D7 
 241      991FC693 
 241      22A2340C 
 241      FC
 242 050a B7A056A7 		.ascii	"\267\240V\247\244\376\203U7\214Jn\030a4/\327?,\263\223"
 242      A4FE8355 
 242      378C4A6E 
 242      1861342F 
 242      D73F2CB3 
 243 051f BBE139C0 		.ascii	"\273\3419\300\237Q\370\030\2459*\321,\256\030\315\224"
 243      9F51F818 
 243      A5392AD1 
 243      2CAE18CD 
 243      94
 244 0530 660F42F3 		.ascii	"f\017B\363QNo\206\026\3273\032gL\373\252y8\322I\254"
 244      514E6F86 
 244      16D7331A 
 244      674CFBAA 
 244      7938D249 
 245 0545 A65346D2 		.ascii	"\246SF\322\354q#\253\224\002\351\304\003y\347II\241"
 245      EC7123AB 
 245      9402E9C4 
 245      0379E749 
 245      49A1
 246 0557 1277B0CA 		.ascii	"\022w\260\312\017]\261\261\266\374M\222\233]\255\315"
 246      0F5DB1B1 
 246      B6FC4D92 
 246      9B5DADCD 
 247 0567 85F6B897 		.ascii	"\205\366\270\227U\226\014\334\252\222\336$\225Q\371"
 247      55960CDC 
 247      AA92DE24 
 247      9551F9
 248 0576 BDFBD4F8 		.ascii	"\275\373\324\370)\237:;\036G;\342\021\246\334\254\332"
 248      299F3A3B 
 248      1E473BE2 
 248      11A6DCAC 
 248      DA
 249 0587 FD5B3CC1 		.ascii	"\375[<\301\236k\373\302\377\225\275\024N&\350\033'\013"
ARM GAS  C:\Users\8FEE~1\AppData\Local\Temp\ccV16YuK.s 			page 19


 249      9E6BFBC2 
 249      FF95BD14 
 249      4E26E81B 
 249      270B
 250 0599 8F61E6BF 		.ascii	"\217a\346\277t\232\376EW\243\303\346\343i\012\236\177"
 250      749AFE45 
 250      57A3C3E6 
 250      E3690A9E 
 250      7F
 251 05aa AD273B45 		.ascii	"\255';E\203\026\363\337Brq]|\302\020\036j0=\216\304"
 251      8316F3DF 
 251      4272715D 
 251      7CC2101E 
 251      6A303D8E 
 252 05bf 97EFD418 		.ascii	"\227\357\324\030\014\335&\204\036\"'T\017\263C\264r"
 252      0CDD2684 
 252      1E222754 
 252      0FB343B4 
 252      72
 253 05d0 E1CCB843 		.ascii	"\341\314\270C\265\324O\356d\273\312\336\250\3743\\\302"
 253      B5D44FEE 
 253      64BBCADE 
 253      A8FC335C 
 253      C2
 254 05e1 317A0AE8 		.ascii	"1z\012\350\267\034-\305\035\275\231\205\016\003\364"
 254      B71C2DC5 
 254      1DBD9985 
 254      0E03F4
 255 05f0 5F8C144D 		.ascii	"_\214\024M\262#T\311\3203\251uMD\223\211j\350O\3146"
 255      B22354C9 
 255      D033A975 
 255      4D449389 
 255      6AE84FCC 
 256 0605 84057DE0 		.ascii	"\204\005}\340\266\245`\361\304\022\3205\1776\243_\313"
 256      B6A560F1 
 256      C412D035 
 256      7F36A35F 
 256      CB
 257 0616 D1AFE4BC 		.ascii	"\321\257\344\274{\377d\346=%\347\355&\003\217\011\340"
 257      7BFF64E6 
 257      3D25E7ED 
 257      26038F09 
 257      E0
 258 0627 4939F8BD 		.ascii	"I9\370\275\334t\203\340\222\227r\364\270\031\035\307"
 258      DC7483E0 
 258      929772F4 
 258      B8191DC7 
 259 0637 D370A54A 		.ascii	"\323p\245J\001Y\342\002\353\004\251\"h\030]\350\240"
 259      0159E202 
 259      EB04A922 
 259      68185DE8 
 259      A0
 260 0648 D215ED55 		.ascii	"\322\025\355U.F\021 \221 1 a {@\242@\366\201\034\000"
 260      2E461120 
 260      91203120 
 260      61207B40 
 260      A240F681 
ARM GAS  C:\Users\8FEE~1\AppData\Local\Temp\ccV16YuK.s 			page 20


 261 065e 8905D90D 		.ascii	"\211\005\331\015\262\037$\\\271\230nE\231C\332\004\207"
 261      B21F245C 
 261      B9986E45 
 261      9943DA04 
 261      87
 262 066f BC903B64 		.ascii	"\274\220;dX\356\276\011\216\206\025\024\335\344hi]E"
 262      58EEBE09 
 262      8E861514 
 262      DDE46869 
 262      5D45
 263 0681 D7E7B84F 		.ascii	"\327\347\270O\350\343\200\274\217}sl\013\201\234\220"
 263      E8E380BC 
 263      8F7D736C 
 263      0B819C90 
 264 0691 33796746 		.ascii	"3ygF\263\365\251e\302)\324`@\004\245\340k\223\271S\317"
 264      B3F5A965 
 264      C229D460 
 264      4004A5E0 
 264      6B93B953 
 265 06a6 DF3B1F32 		.ascii	"\337;\0372\030\252\227\222\211\025\366)\314\2264\335"
 265      18AA9792 
 265      8915F629 
 265      CC9634DD 
 266 06b6 C28165C6 		.ascii	"\302\201e\306\026d\375TK\327u\204M*\272\006\206^:V?"
 266      1664FD54 
 266      4BD77584 
 266      4D2ABA06 
 266      865E3A56 
 267 06cb 0FB92E64 		.ascii	"\017\271.dm\324Oj`\353\216\342\341\3458\345\314\012"
 267      6DD44F6A 
 267      60EB8EE2 
 267      E1E538E5 
 267      CC0A
 268 06dd 485AB41C 		.ascii	"HZ\264\034\027t\010\302\361\327\010\015\031\2541\205"
 268      177408C2 
 268      F1D7080D 
 268      19AC3185 
 269 06ed 638EF6D1 		.ascii	"c\216\366\3213{n\312\302<g%(\355\351\221\004\356\000"
 269      337B6ECA 
 269      C23C6725 
 269      28EDE991 
 269      04EE00
 270 0700 AE8AE948 		.ascii	"\256\212\351H\340k\323)\262[\252\357\273\026\315\027"
 270      E06BD329 
 270      B25BAAEF 
 270      BB16CD17 
 271 0710 B674A277 		.ascii	"\266t\242wD=\367\3005\264\213(\272\244\261Seu.<\242"
 271      443DF7C0 
 271      35B48B28 
 271      BAA4B153 
 271      65752E3C 
 272 0725 E473A11B 		.ascii	"\344s\241\033\235\012\373\357\024\024\315\347Sa\230"
 272      9D0AFBEF 
 272      1414CDE7 
 272      536198
 273 0734 34159AD1 		.ascii	"4\025\232\321F\245\223\364\016A\367\246\366\2668\340"
 273      46A593F4 
ARM GAS  C:\Users\8FEE~1\AppData\Local\Temp\ccV16YuK.s 			page 21


 273      0E41F7A6 
 273      F6B638E0 
 274 0744 26D64E78 		.ascii	"&\326Nx^G'_l\217\020\016\021\331\335U\010?d\225o\366"
 274      5E47275F 
 274      6C8F100E 
 274      11D9DD55 
 274      083F6495 
 275 075a 74B663DC 		.ascii	"t\266c\334\315\224\323\243Ea\234m,A\216\304%F\317\307"
 275      CD94D3A3 
 275      45619C6D 
 275      2C418EC4 
 275      2546CFC7 
 276 076e 8F59656A 		.ascii	"\217Yej\332\373\037\340\347\354\371LG\316y>\325\276"
 276      DAFB1FE0 
 276      E7ECF94C 
 276      47CE793E 
 276      D5BE
 277 0780 250BE3F3 		.ascii	"%\013\343\363\360G\335\374\305OA-\270\024\376\214\237"
 277      F047DDFC 
 277      C54F412D 
 277      B814FE8C 
 277      9F
 278 0791 8D4C643E 		.ascii	"\215Ld>\233<5\360\011~\305^\275u\362\342$gC\232xv(r"
 278      9B3C35F0 
 278      097EC55E 
 278      BD75F2E2 
 278      2467439A 
 279 07a9 C8C1AA13 		.ascii	"\310\301\252\023\262$'d*\331\272u\350Q\266\243|A\310"
 279      B2242764 
 279      2AD9BA75 
 279      E851B6A3 
 279      7C41C8
 280 07bc 80A09F50 		.ascii	"\200\240\237P\022x6\365B\226\344\205\276\214\033c6|"
 280      127836F5 
 280      4296E485 
 280      BE8C1B63 
 280      367C
 281 07ce FB48     		.ascii	"\373H"
 282 07d0 58EEB917 		.ascii	"X\356\271\027\377\217x\232\3218\332\224\026\251\306"
 282      FF8F789A 
 282      D138DA94 
 282      16A9C6
 283 07df 7BD45499 		.ascii	"{\324T\2314\306\232\370\216x\220\000\223+\215\333\361"
 283      34C69AF8 
 283      8E789000 
 283      932B8DDB 
 283      F1
 284 07f0 41563730 		.ascii	"AV70\336\337\207p\"SZ\206:\273\370*\322M\200\203\215"
 284      DEDF8770 
 284      22535A86 
 284      3ABBF82A 
 284      D24D8083 
 285 0805 998FD538 		.ascii	"\231\217\3258\215#\023\313+48\223)\315\011\267\223T"
 285      8D2313CB 
 285      2B343893 
 285      29CD09B7 
 285      9354
ARM GAS  C:\Users\8FEE~1\AppData\Local\Temp\ccV16YuK.s 			page 22


 286 0817 0CF98020 		.ascii	"\014\371\200 \247r2\247\354p\016\253\03426\246;\342"
 286      A77232A7 
 286      EC700EAB 
 286      1C3236A6 
 286      3BE2
 287 0829 22A664BC 		.ascii	"\"\246d\274.,\346\253\353]\202\234\256|\363\300\001"
 287      2E2CE6AB 
 287      EB5D829C 
 287      AE7CF3C0 
 287      01
 288 083a 97B3CAC7 		.ascii	"\227\263\312\307M9a6\370\006S\316g\025\235\341\310j"
 288      4D396136 
 288      F80653CE 
 288      67159DE1 
 288      C86A
 289 084c 827C661C 		.ascii	"\202|f\034i\232\217\353Xe\372T\334\211y\322& \362\373"
 289      699A8FEB 
 289      5865FA54 
 289      DC8979D2 
 289      2620F2FB 
 290 0860 6C02AA7A 		.ascii	"l\002\252z2\222y\020M\304\334\353K&h\253\221\2313\356"
 290      32927910 
 290      4DC4DCEB 
 290      4B2668AB 
 290      919933EE 
 291 0874 A9DC6B83 		.ascii	"\251\334k\203[\231r0\254\363[\006\374O\320\366\037\311"
 291      5B997230 
 291      ACF35B06 
 291      FC4FD0F6 
 291      1FC9
 292 0886 8EB561D1 		.ascii	"\216\265a\321\355&\353\354\207\366\320)%\253&{\265\367"
 292      ED26EBEC 
 292      87F6D029 
 292      25AB267B 
 292      B5F7
 293 0898 BB3B63AC 		.ascii	"\273;c\254G\324$E\364\012\213\350\235\314\3300\225<"
 293      47D42445 
 293      F40A8BE8 
 293      9DCCD830 
 293      953C
 294 08aa A29721A2 		.ascii	"\242\227!\242\0254\242WiDMRDs\353n\266s\377G\222\304"
 294      1534A257 
 294      69444D52 
 294      4473EB6E 
 294      B673FF47 
 295 08c0 CABBF42C 		.ascii	"\312\273\364,\212w\341%Y\270\243o\366\347\317\347+)"
 295      8A77E125 
 295      59B8A36F 
 295      F6E7CFE7 
 295      2B29
 296 08d2 D96DE4EC 		.ascii	"\331m\344\354iM\343\233\217v\362\376\223\262+-\032\253"
 296      694DE39B 
 296      8F76F2FE 
 296      93B22B2D 
 296      1AAB
 297 08e4 DCAA246E 		.ascii	"\334\252$n7\030\267\344\246\353\021\266rn\327\201\333"
 297      3718B7E4 
ARM GAS  C:\Users\8FEE~1\AppData\Local\Temp\ccV16YuK.s 			page 23


 297      A6EB11B6 
 297      726ED781 
 297      DB
 298 08f5 35CAED26 		.ascii	"5\312\355&\345V%q\033z\365hZ\203\273\230\307R\213\343"
 298      E5562571 
 298      1B7AF568 
 298      5A83BB98 
 298      C7528BE3 
 299 0909 7F8B1FB1 		.ascii	"\177\213\037\261\347\334\321\270L\204\207\231\022\331"
 299      E7DCD1B8 
 299      4C848799 
 299      12D9
 300 0917 B3B7916F 		.ascii	"\263\267\221o\030\336\322}\363\276\270:G<\316*\253\016"
 300      18DED27D 
 300      F3BEB83A 
 300      473CCE2A 
 300      AB0E
 301 0929 A724DAE1 		.ascii	"\247$\332\3417L\231~\322\232\301\3736B?sL\246\225r\335"
 301      374C997E 
 301      D29AC1FB 
 301      36423F73 
 301      4CA69572 
 302 093e 59D89638 		.ascii	"Y\330\2268\363mIOtJ\022\302\037xB\357\2530Z?\3744H\375"
 302      F36D494F 
 302      744A12C2 
 302      1F7842EF 
 302      AB305A3F 
 303 0956 3CCB12E1 		.ascii	"<\313\022\341]xi7\222\367\363.\364\363\016\355g#\355"
 303      5D786937 
 303      92F7F32E 
 303      F4F30EED 
 303      6723ED
 304 0969 6783D4CF 		.ascii	"g\203\324\317\250\346\366s\263\320\027\224\037A7\016"
 304      A8E6F673 
 304      B3D01794 
 304      1F41370E 
 305 0979 1C0FE7C3 		.ascii	"\034\017\347\303\375.\375\242\302?\0328\261\217\006"
 305      FD2EFDA2 
 305      C23F1A38 
 305      B18F06
 306 0988 D2FEC999 		.ascii	"\322\376\311\231\357\237\306\017\306v\"\034a\3036\372"
 306      EF9FC60F 
 306      C676221C 
 306      61C336FA 
 307 0998 6305D9FC 		.ascii	"c\005\331\374]\222g\221\306\261\273\363\255v\252M\352"
 307      5D926791 
 307      C6B1BBF3 
 307      AD76AA4D 
 307      EA
 308 09a9 542B0B5E 		.ascii	"T+\013^\353\333\033mjy\247\356\003\315\026J\363!\245"
 308      EBDB1B6D 
 308      6A79A7EE 
 308      03CD164A 
 308      F321A5
 309 09bc D926D1EC 		.ascii	"\331&\321\354,2\016\330\312;e\025\275\357\306\371*\236"
 309      2C320ED8 
 309      CA3B6515 
ARM GAS  C:\Users\8FEE~1\AppData\Local\Temp\ccV16YuK.s 			page 24


 309      BDEFC6F9 
 309      2A9E
 310 09ce 86D5447F 		.ascii	"\206\325D\177_|\356\214\032\357g\2543RN\025jp<SJ\237"
 310      5F7CEE8C 
 310      1AEF67AC 
 310      33524E15 
 310      6A703C53 
 311 09e4 E7943AF0 		.ascii	"\347\224:\3601FS\252\374e\015_\0374B\2653\257\256<\230"
 311      314653AA 
 311      FC650D5F 
 311      1F3442B5 
 311      33AFAE3C 
 312 09f9 B11227DB 		.ascii	"\261\022'\333|\217\345\241_\352\356R\332\333\304\212"
 312      7C8FE5A1 
 312      5FEAEE52 
 312      DADBC48A 
 313 0a09 C4F37326 		.ascii	"\304\363s&\306^\340\337C\371?\242\374\373%\376g_\215"
 313      C65EE0DF 
 313      43F93FA2 
 313      FCFB25FE 
 313      675F8D
 314 0a1c 5FD4CA7B 		.ascii	"_\324\312{k\025}j 5\206\207\341KP\217\274;>\344\200"
 314      6B157D6A 
 314      20358687 
 314      E14B508F 
 314      BC3B3EE4 
 315 0a31 8F3392CF 		.ascii	"\2173\222\317\236O\346;\342,\246\224\227^\252\342\235"
 315      9E4FE63B 
 315      E22CA694 
 315      975EAAE2 
 315      9D
 316 0a42 5B4A065F 		.ascii	"[J\006_\356\325\372y8\207\325M\306\036+\262\303\205"
 316      EED5FA79 
 316      3887D54D 
 316      C61E2BB2 
 316      C385
 317 0a54 4C4919EF 		.ascii	"LI\031\357x\302S\331\225\364:\343\350!;\\\302\352\246"
 317      78C253D9 
 317      95F43AE3 
 317      E8213B5C 
 317      C2EAA6
 318 0a67 63238DB6 		.ascii	"c#\215\266\270\234)\011\365\011\031\363\260\211)\357"
 318      B89C2909 
 318      F50919F3 
 318      B08929EF 
 319 0a77 07135AF9 		.ascii	"\007\023Z\371,m/\234B\234\371)\304\224\235\360O\270"
 319      2C6D2F9C 
 319      429CF929 
 319      C4949DF0 
 319      4FB8
 320 0a89 8A41EFB7 		.ascii	"\212A\357\267\206_\340\320y\240\306\326v\375\312\252"
 320      865FE0D0 
 320      79A0C6D6 
 320      76FDCAAA 
 321 0a99 275F499E 		.ascii	"'_I\236|\311\022\247\246\372\366\001\225\374\234<\006"
 321      7CC912A7 
 321      A6FAF601 
ARM GAS  C:\Users\8FEE~1\AppData\Local\Temp\ccV16YuK.s 			page 25


 321      95FC9C3C 
 321      06
 322 0aaa CE19A5CE 		.ascii	"\316\031\245\316yM\235\363JrN\2061lB-?\367ZEW4\264\257"
 322      794D9DF3 
 322      4A724E86 
 322      316C422D 
 322      3FF75A45 
 323 0ac2 C4B58CE3 		.ascii	"\304\265\214\343\253\372\366\036\204\3570%\274\366V"
 323      ABFAF61E 
 323      84EF3025 
 323      BCF656
 324 0ad1 B62D6E64 		.ascii	"\266-nd\312\360\351\272j\230{\231\322?0Q\206q'S\262"
 324      CAF0E9BA 
 324      6A987B99 
 324      D23F3051 
 324      86712753 
 325 0ae6 864F1CB0 		.ascii	"\206O\034\260\303}L\271\231w+\211\037\303r\311R:\331"
 325      C37D4CB9 
 325      99772B89 
 325      1FC372C9 
 325      523AD9
 326 0af9 7EE5853D 		.ascii	"~\345\205=w\310\217\311rw\373J\235=~B\301?\315J\312"
 326      77C88FC9 
 326      7277FB4A 
 326      9D3D7E42 
 326      C13FCD4A 
 327 0b0e 2DB39D39 		.ascii	"-\263\2359E|\354\267\220\335\\%\235\035\005\246\366"
 327      457CECB7 
 327      90DD5C25 
 327      9D1D05A6 
 327      F6
 328 0b1f E133E70C 		.ascii	"\3413\347\014\206(\033z\0308\015\233\260L,\034\006N"
 328      86281B7A 
 328      18380D9B 
 328      B04C2C1C 
 328      064E
 329 0b31 D1DEE623 		.ascii	"\321\336\346#\266\211L\200\027\306\"1;<\220\334\352"
 329      B6894C80 
 329      17C62231 
 329      3B3C90DC 
 329      EA
 330 0b42 94E33B66 		.ascii	"\224\343;f\341\351\2463\232\343a+\203\316\313\361\305"
 330      E1E9A633 
 330      9AE3612B 
 330      83CECBF1 
 330      C5
 331 0b53 73ECB745 		.ascii	"s\354\267E\013\366\313\345\370\213\263\360\244\003\023"
 331      0BF6CBE5 
 331      F88BB3F0 
 331      A40313
 332 0b62 DF9ACF32 		.ascii	"\337\232\3172\223r\270\233\034=\024\205\315\360[r8;"
 332      9372B89B 
 332      1C3D1485 
 332      CDF05B72 
 332      383B
 333 0b74 43CCC27F 		.ascii	"C\314\302\177g\206\217\310\341\375s\340m\373\004\363"
 333      67868FC8 
ARM GAS  C:\Users\8FEE~1\AppData\Local\Temp\ccV16YuK.s 			page 26


 333      E1FD73E0 
 333      6DFB04F3 
 334 0b84 F972FCD9 		.ascii	"\371r\374\3319\344+#\005\374\260\034?\244\224\235\333"
 334      39E42B23 
 334      05FCB01C 
 334      3FA4949D 
 334      DB
 335 0b95 8644F3B9 		.ascii	"\206D\363\271rx\316\034\3635\"\376\234\034_8\227\216"
 335      7278CE1C 
 335      F33522FE 
 335      9C1C5F38 
 335      978E
 336 0ba7 882FB28C 		.ascii	"\210/\262\214\027\351\354\027\340\311r\370a9|B\204\033"
 336      17E9EC17 
 336      E0C972F8 
 336      61397C42 
 336      841B
 337 0bb9 B00C9E28 		.ascii	"\260\014\236(\207\217\011\256\177!7\376L\216\256\024"
 337      878F09AE 
 337      7F2137FE 
 337      4C8EAE14 
 338 0bc9 D0EFE5E8 		.ascii	"\320\357\345\350\036\021M\223\370[s\216}\260\2304\342"
 338      1E114D93 
 338      F85B738E 
 338      7DB09834 
 338      E2
 339 0bda 89361AB3 		.ascii	"\2116\032\263s\023lZ\350Y\207\240\245\255\014?e\211"
 339      73136C5A 
 339      E85987A0 
 339      A5AD0C3F 
 339      6589
 340 0bec 5E6C1083 		.ascii	"^l\020\203\372Dn\375\261\234\313\2208\240\272,\017("
 340      FA446EFD 
 340      B19CCB90 
 340      38A0BA2C 
 340      0F28
 341 0bfe F1342E8E 		.ascii	"\3614.\216\247\233H\006/\2353\376j\242\004\374\0079"
 341      A79B4806 
 341      2F9D33FE 
 341      6AA204FC 
 341      0739
 342 0c10 BE7E4E0E 		.ascii	"\276~N\016\364\212QJ\225\323I\231\203o\020\034\377N"
 342      F48A514A 
 342      95D34999 
 342      836F101C 
 342      FF4E
 343 0c22 0E6F9913 		.ascii	"\016o\231\023Tq\374U\313\341\225\362\316V\356\347\256"
 343      5471FC55 
 343      CBE195F2 
 343      CE56EEE7 
 343      AE
 344 0c33 8713003A 		.ascii	"\207\023\000:\311\341\322\271\000\035\237e\235\034\207"
 344      C9E1D2B9 
 344      001D9F65 
 344      9D1C87
 345 0c42 BF834B28 		.ascii	"\277\203K(\034~\000=\316\321\322\234\315\217\022\002"
 345      1C7E003D 
ARM GAS  C:\Users\8FEE~1\AppData\Local\Temp\ccV16YuK.s 			page 27


 345      CED1D29C 
 345      CD8F1202 
 346 0c52 975E31DB 		.ascii	"\227^1\333\363,\217&1}\205\216>\267\234\217\263\374"
 346      F32C8F26 
 346      317D858E 
 346      3EB79C8F 
 346      B3FC
 347 0c64 22FAF198 		.ascii	"\"\372\361\230\034\177t\356X\025\314OXN\340Yp1\311\236"
 347      1C7F74EE 
 347      5815CC4F 
 347      584EE059 
 347      7031C99E 
 348 0c78 5A9E39C4 		.ascii	"Z\2369\304i\265W\234V\313\344\370RyR6D\011\360:9\274"
 348      69B5579C 
 348      56CBE4F8 
 348      52795236 
 348      4409F03A 
 349 0c8e 760E5CB4 		.ascii	"v\016\\\264~\311\362\244-\270\262M\350\353[\3139\303"
 349      7EC9F2A4 
 349      2DB8B24D 
 349      E8EB5BCB 
 349      39C3
 350 0ca0 B88BDF00 		.ascii	"\270\213\337\000\246!\220S\264\216\300\311\007\200\\"
 350      A6219053 
 350      B48EC0C9 
 350      07805C
 351 0caf EC8AE2F0 		.ascii	"\354\212\342\360b\024\001\022\013r\014\344\010\310I"
 351      62140112 
 351      0B720CE4 
 351      08C849
 352 0cbe 901490BD 		.ascii	"\220\024\220\275 \007A\322@\242@\322A\342A\362A\012"
 352      200741D2 
 352      40A240D2 
 352      41E241F2 
 352      410A
 353 0cd0 41124076 		.ascii	"A\022@v\203d\201\024\201\034\0069\001r\026\3444\310"
 353      83648114 
 353      811C0639 
 353      017216E4 
 353      34C8
 354 0ce2 1E102348 		.ascii	"\036\020#H\001\310\031\220C \031 \341 \307A\022AN\201"
 354      01C81990 
 354      43201920 
 354      E120C741 
 354      12414E81 
 355 0cf6 8481EC07 		.ascii	"\204\201\354\007\331\007R\014\022\011\222\012\022\015"
 355      D907520C 
 355      1209920A 
 355      120D
 356 0d04 720E2414 		.ascii	"r\016$\024$\031$\007\344(H\036H\022\310\001\220l\220"
 356      24192407 
 356      E428481E 
 356      4812C801 
 356      906C90
 357 0d17 182C7D2F 		.ascii	"\030,}/J\200\374\235\210\3449\337\016Y\374\200{G\332"
 357      4A80FC9D 
 357      88E439DF 
ARM GAS  C:\Users\8FEE~1\AppData\Local\Temp\ccV16YuK.s 			page 28


 357      0E59FC80 
 357      7B47DA
 358 0d2a B2A266F9 		.ascii	"\262\242f\371\020\031\333/\214\357$\313\223\260\230"
 358      1019DB2F 
 358      8CEF24CB 
 358      93B098
 359 0d39 3863D142 		.ascii	"8c\321B\342\224X^\217\205\310\366\212\211Pcy\301\024"
 359      E294585E 
 359      8F85C8F6 
 359      8A895063 
 359      79C114
 360 0d4c A761D17A 		.ascii	"\247a\321z\250\034\336'\207\327\210\203$\335\362 \021"
 360      A81CDE27 
 360      87D78883 
 360      24DDF220 
 360      11
 361 0d5d 3E490D4C 		.ascii	">I\015L\261OR\200\232\375I\212\330\352\334/\356d\322"
 361      B14F5280 
 361      9AFD498A 
 361      D8EADC2F 
 361      EE64D2
 362 0d70 2CCF5C42 		.ascii	",\317\\B\317\332\304\236\335\266\234\342\263\326vq\304"
 362      CFDAC49E 
 362      DDB69CE2 
 362      B3D67671 
 362      C4
 363 0d81 0D5A9ED6 		.ascii	"\015Z\236\326gm|\242x\034\341<I?\374\021\274t\312\344"
 363      676D7CA2 
 363      781CE13C 
 363      493FFC11 
 363      BC74CAE4 
 364 0d95 53DDCC08 		.ascii	"S\335\314\010%\223\227\024\367\001\300\367q\373\322"
 364      25939714 
 364      F701C0F7 
 364      71FBD2
 365 0da4 E61D75CF 		.ascii	"\346\035u\317\231I\305\331\353\214\345}\233\273\331"
 365      9949C5D9 
 365      EB8CE57D 
 365      9BBBD9
 366 0db3 7AA5C4A6 		.ascii	"z\245\304\246\011\254\337\343p\351t\307\277\273\013"
 366      09ACDFE3 
 366      70E974C7 
 366      BFBB0B
 367 0dc2 D61B44EB 		.ascii	"\326\033D\353\005\22672\322\367\275\372\256\304z\025"
 367      05963732 
 367      D2F7BDFA 
 367      AEC47A15 
 368 0dd2 7E41F7A3 		.ascii	"~A\367\243\312{=\257\017\253\321BWK#\027\225\302\200"
 368      CA7B3DAF 
 368      0FABD142 
 368      574B2317 
 368      95C280
 369 0de5 FDFF3A78 		.ascii	"\375\377:xY\206V\035\300a$CK\240\227\347\361\314\027"
 369      5986561D 
 369      C0612443 
 369      4BA097E7 
 369      F1CC17
ARM GAS  C:\Users\8FEE~1\AppData\Local\Temp\ccV16YuK.s 			page 29


 370 0df8 4D92B0D4 		.ascii	"M\222\260\324WMM\255\007\324\342G\307\022\301\257\012"
 370      574D4DAD 
 370      07D4E247 
 370      C712C1AF 
 370      0A
 371 0e09 5486D947 		.ascii	"T\206\331GG\270\0038\2467\345\230-~\313N\005'\006\353"
 371      47B80338 
 371      A637E598 
 371      2D7ECB4E 
 371      052706EB 
 372 0e1d 6EF143D8 		.ascii	"n\361C\330\017\311w\250\370\341\030\304\016\005\203"
 372      0FC977A8 
 372      F8E118C4 
 372      0E0583
 373 0e2c E4807DBC 		.ascii	"\344\200}\274n\374\260\026\357\261\245\330\262\212g"
 373      6EFCB016 
 373      EFB1A5D8 
 373      B28A67
 374 0e3b CB1894FC 		.ascii	"\313\030\224\374\033\342\336\321\344^d\365\230t\031"
 374      1BE2DED1 
 374      E45E64F5 
 374      987419
 375 0e4a F3635205 		.ascii	"\363cR\005\246\307\244\346\267\025\023\366\370 5\244"
 375      A6C7A4E6 
 375      B71513F6 
 375      F82035A4 
 376 0e5a EACE187B 		.ascii	"\352\316\030{j\203\\]\020\322\202\320.\302O\003\351"
 376      6A835C5D 
 376      10D282D0 
 376      2EC24F03 
 376      E9
 377 0e6b 8BB5E80A 		.ascii	"\213\265\350\012\306|\000*\222\015`~\344;Rl\351?\227"
 377      C67C002A 
 377      920D607E 
 377      E43B526C 
 377      E93F97
 378 0e7e 26887525 		.ascii	"&\210u%m\347\032vAW\241\241d\203\206\226\220o\216o\262"
 378      6DE71A76 
 378      4157A1A1 
 378      64838696 
 378      906F8E6F 
 379 0e93 3235E249 		.ascii	"25\342I\213\330.\007\334EL\370]\307N\022K\202\216\255"
 379      8BD82E07 
 379      DC454CF8 
 379      5DC74E12 
 379      4B828EAD 
 380 0ea7 3BCEFE2B 		.ascii	";\316\376+H\332\210\374h\033\200>\334\225\334\241\025"
 380      48DA88FC 
 380      681B803E 
 380      DC95DCA1 
 380      15
 381 0eb8 6DDFF898 		.ascii	"m\337\370\230\355\251Ww^\242\037e\030\356\232\014\246"
 381      EDA95777 
 381      5EA21F65 
 381      18EE9A0C 
 381      A6
 382 0ec9 F7B54B53 		.ascii	"\367\265KSv\233\014a+Q\025vB\227 \224&\364\231\360\352"
ARM GAS  C:\Users\8FEE~1\AppData\Local\Temp\ccV16YuK.s 			page 30


 382      769B0C61 
 382      2B511576 
 382      42972094 
 382      26F499F0 
 383 0ede 052859AF 		.ascii	"\005(Y\257T\240\233\370G\212\005\001\277\367\337\272"
 383      54A09BF8 
 383      478A0501 
 383      BFF7DFBA 
 384 0eee 3A60F396 		.ascii	":`\363\226\035\372\215\372\255!\201A\232\377\376\371"
 384      1DFA8DFA 
 384      AD218141 
 384      9AFFFEF9 
 385 0efe 86453A77 		.ascii	"\206E:ww\205\326\317o\227\177@\310\362e~!\177\331\366"
 385      7785D6CF 
 385      6F977F40 
 385      C8F2657E 
 385      217FD9F6 
 386 0f12 EF9BB66E 		.ascii	"\357\233\266n\367\337\342\037\034\262k\233\177\240\337"
 386      F7DFE21F 
 386      1CB26B9B 
 386      7FA0DF
 387 0f21 D741FADF 		.ascii	"\327A\372\337\373\353\377\340\3763\261tSH`\340\216\340"
 387      FBEBFFE0 
 387      FE33B174 
 387      534860E0 
 387      8EE0
 388 0f33 4DBF09D8 		.ascii	"M\277\011\330\265\210>-\332\034\264s\221~\347\026\375"
 388      B5883E2D 
 388      DA1CB473 
 388      917EE716 
 388      FD
 389 0f44 B66DFA6D 		.ascii	"\266m\372m\233\276X\262|\321\262\245\356+~\347\276\011"
 389      9BBE58B2 
 389      7CD1B2A5 
 389      EE2B7EE7 
 389      BE09
 390 0f56 CA7F1210 		.ascii	"\312\177\022\020\030\240\377\211~\363\026\377M\376\001"
 390      18A0FF89 
 390      7EF316FF 
 390      4DFE01
 391 0f65 5B77ECDA 		.ascii	"[w\354\332\246\337\264s3\330\012\320o\362\333\246\377"
 391      A6DFB473 
 391      33D80AD0 
 391      6FF2DBA6 
 391      FF
 392 0f76 F5E65D3B 		.ascii	"\365\346];B\374B\276\371Z\037\274d\273B#\261\370\335"
 392      42FC42BE 
 392      F95A1FBC 
 392      64BB4223 
 392      B1F8DD
 393 0f89 FF018BE0 		.ascii	"\377\001\213\340o\2027\371\005\207l\203&\241\351/\226"
 393      6F8237F9 
 393      05876C83 
 393      26A1E92F 
 393      96
 394 0f9a 2C71637F 		.ascii	",qc\177\264\205"
 394      B485
ARM GAS  C:\Users\8FEE~1\AppData\Local\Temp\ccV16YuK.s 			page 31


 395 0fa0 C060F715 		.ascii	"\300`\367\025_\270\005\006\273m\337\274\303\355\353"
 395      5FB80506 
 395      BB6DDFBC 
 395      C3EDEB
 396 0faf C0A09060 		.ascii	"\300\240\220`\267\255\201;w\006\006\270y\370\254\323"
 396      B7AD813B 
 396      770606B8 
 396      79F8ACD3 
 397 0fbf ADFBA31B 		.ascii	"\255\373\243\033\361\345\222\255\212\277!wO\377`\263"
 397      F1E592AD 
 397      8ABF2177 
 397      4FFF60B3 
 398 0fcf 535D4889 		.ascii	"S]H\211\257>\304\367\233\340\020\375\316\265\233\003"
 398      AF3EC4F7 
 398      9BE010FD 
 398      CEB59B03 
 399 0fdf B6EDD007 		.ascii	"\266\355\320\007y\007\371\007\006\371\207|CC\240\333"
 399      7907F907 
 399      06F9877C 
 399      4343A0DB 
 400 0fef A1DF1CE4 		.ascii	"\241\337\034\344\255\017\200\226\177c\347\263\332w\265"
 400      AD0F8096 
 400      7F63E7B3 
 400      DA77B5
 401 0ffe CFC6     		.ascii	"\317\306"
 402 1000 D59EFFA6 		.ascii	"\325\236\377\246\364\362\266ca\370\322/\304\226\337"
 402      F4F2B663 
 402      61F8D22F 
 402      C496DF
 403 100f 67AA7FAA 		.ascii	"g\252\177\252\362\362X\3453\243.Wy\351\274\315\3522"
 403      F2F258E5 
 403      33A32E57 
 403      79E9BCCD 
 403      EA32
 404 1021 9597AFB7 		.ascii	"\225\227\257\267\217\306\207i\356P\271\332\\\271\024"
 404      8FC68769 
 404      EE50B9DA 
 404      5CB914
 405 1030 2A57FBA8 		.ascii	"*W\373\250|\327{\371\374\207\225N\362\256\351\377\030"
 405      7CD77BF9 
 405      FC87954E 
 405      F2AEE9FF 
 405      18
 406 1041 E2A65BE7 		.ascii	"\342\246[\347\353\345\353\306}\004\025Az\277\255;W\200"
 406      EBE5EBC6 
 406      7D041541 
 406      7ABFAD3B 
 406      5780
 407 1053 83EC7EBE 		.ascii	"\203\354~\276\321K\347\267\036\"5c\371K\033\217\265"
 407      D14BE7B7 
 407      1E223563 
 407      F94B1B8F 
 407      B5
 408 1064 AB7C753E 		.ascii	"\253|u>*\235\207\316\207<{\303\315s\275n\035\334\274"
 408      2A9D87CE 
 408      873C7BC3 
 408      CD73BD6E 
ARM GAS  C:\Users\8FEE~1\AppData\Local\Temp\ccV16YuK.s 			page 32


 408      1DDCBC
 409 1077 E86D06BA 		.ascii	"\350m\006\272\302\306S\247\363\362\375\245\206\334\326"
 409      C2C653A7 
 409      F3F2FDA5 
 409      86DCD6
 410 1086 6DF4D0A9 		.ascii	"m\364\320\251\341\301\367\227\266p%\032\277o\200R/Z"
 410      E1C1F797 
 410      B670251A 
 410      BF6F8052 
 410      2F5A
 411 1098 4A31B65E 		.ascii	"J1\266^\364\276a\306\312\027\244\304\343\253\2576\250"
 411      F4BE61C6 
 411      CA17A4C4 
 411      E3ABAF36 
 411      A8
 412 10a9 D76D5CE3 		.ascii	"\327m\\\343\263\214^\335\351u\251Z\347MH\350|}W\177"
 412      B38C5EDD 
 412      E975A95A 
 412      E74D48E8 
 412      7C7D577F 
 413 10bd 05379DAF 		.ascii	"\0057\235\257\227\247\017\326\255\367Q\353\276\202'"
 413      97A70FD6 
 413      ADF751EB 
 413      BE8227
 414 10cc 5B2F4F3F 		.ascii	"[/O?/_\017\240\345\351\267n\015\275y\260\233'\273y\257"
 414      2F5F0FA0 
 414      E5E9B76E 
 414      0DBD79B0 
 414      9B27BB79 
 415 10e1 F15179AC 		.ascii	"\361Qy\254\361\365Q\255Z\343\341\243^\267\016\256*O"
 415      F1F551AD 
 415      5AE3E1A3 
 415      5EB70EAE 
 415      2A4F
 416 10f3 A2AF2517 		.ascii	"\242\257%\027\035\\\324\276ku\360\350\273\326\033\354"
 416      1D5CD4BE 
 416      6B75F0E8 
 416      BBD61BEC 
 417 1103 EA7C30F4 		.ascii	"\352|0\364[\355\341\345\003\275\337\270\376\027>\340"
 417      5BEDE1E5 
 417      03BDDFB8 
 417      FE173EE0 
 418 1113 7280E8BC 		.ascii	"r\200\350\2747xy\252=V\001\\\343\253[E\275\345\340\347"
 418      377879AA 
 418      3D56015C 
 418      E3AB5B45 
 418      BDE5E0E7 
 419 1127 F7EB5D01 		.ascii	"\367\353]\001[\375\374\226\254\370\331\362\245\032I"
 419      5BFDFC96 
 419      ACF8D9F2 
 419      A51A49
 420 1136 536DDDBE 		.ascii	"Sm\335\2769\350\177\001\222\003\000\230"
 420      39E87F01 
 420      92030098 
 421              		.text
 422              		.section	.gnu.lto_.symtab.95615793,"",%progbits
 423 0000 6E766963 		.ascii	"nvicEnableVector\000"
ARM GAS  C:\Users\8FEE~1\AppData\Local\Temp\ccV16YuK.s 			page 33


 423      456E6162 
 423      6C655665 
 423      63746F72 
 423      00
 424 0011 00       		.ascii	"\000"
 425 0012 00       		.ascii	"\000"
 426 0013 00       		.ascii	"\000"
 427 0014 00000000 		.ascii	"\000\000\000\000\000\000\000\000"
 427      00000000 
 428 001c BA000000 		.ascii	"\272\000\000\000"
 429 0020 6E766963 		.ascii	"nvicDisableVector\000"
 429      44697361 
 429      626C6556 
 429      6563746F 
 429      7200
 430 0032 00       		.ascii	"\000"
 431 0033 00       		.ascii	"\000"
 432 0034 00       		.ascii	"\000"
 433 0035 00000000 		.ascii	"\000\000\000\000\000\000\000\000"
 433      00000000 
 434 003d BE000000 		.ascii	"\276\000\000\000"
 435 0041 6E766963 		.ascii	"nvicSetSystemHandlerPriority\000"
 435      53657453 
 435      79737465 
 435      6D48616E 
 435      646C6572 
 436 005e 00       		.ascii	"\000"
 437 005f 00       		.ascii	"\000"
 438 0060 00       		.ascii	"\000"
 439 0061 00000000 		.ascii	"\000\000\000\000\000\000\000\000"
 439      00000000 
 440 0069 C0000000 		.ascii	"\300\000\000\000"
 441 006d 6E766963 		.ascii	"nvicClearPending\000"
 441      436C6561 
 441      7250656E 
 441      64696E67 
 441      00
 442 007e 00       		.ascii	"\000"
 443 007f 00       		.ascii	"\000"
 444 0080 00       		.ascii	"\000"
 445 0081 00000000 		.ascii	"\000\000\000\000\000\000\000\000"
 445      00000000 
 446 0089 C2000000 		.ascii	"\302\000\000\000"
 447              		.text
 448              		.section	.gnu.lto_.opts,"",%progbits
 449 0000 272D666D 		.ascii	"'-fmath-errno' '-fsigned-zeros' '-ftrapping-math' '"
 449      6174682D 
 449      6572726E 
 449      6F272027 
 449      2D667369 
 450 0033 2D666E6F 		.ascii	"-fno-trapv' '-fno-openmp' '-fno-openacc' '-mcpu=cor"
 450      2D747261 
 450      70762720 
 450      272D666E 
 450      6F2D6F70 
 451 0066 7465782D 		.ascii	"tex-m7' '-mno-thumb-interwork' '-mthumb' '-ggdb' '-"
 451      6D372720 
ARM GAS  C:\Users\8FEE~1\AppData\Local\Temp\ccV16YuK.s 			page 34


 451      272D6D6E 
 451      6F2D7468 
 451      756D622D 
 452 0099 4F322720 		.ascii	"O2' '-fomit-frame-pointer' '-falign-functions=16' '"
 452      272D666F 
 452      6D69742D 
 452      6672616D 
 452      652D706F 
 453 00cc 2D666675 		.ascii	"-ffunction-sections' '-fdata-sections' '-fno-common"
 453      6E637469 
 453      6F6E2D73 
 453      65637469 
 453      6F6E7327 
 454 00ff 2720272D 		.ascii	"' '-flto'\000"
 454      666C746F 
 454      2700
 455              		.text
 456              		.comm	__gnu_lto_v1,1,1
 457              		.comm	__gnu_lto_slim,1,1
 458              		.ident	"GCC: (GNU Tools for ARM Embedded Processors 6-2017-q1-update) 6.3.1 20170215 (release) [AR
ARM GAS  C:\Users\8FEE~1\AppData\Local\Temp\ccV16YuK.s 			page 35


DEFINED SYMBOLS
                            *ABS*:00000000 nvic.c
                            *COM*:00000001 __gnu_lto_v1
                            *COM*:00000001 __gnu_lto_slim

NO UNDEFINED SYMBOLS
