ARM GAS  C:\Users\8FEE~1\AppData\Local\Temp\cc1gObqq.s 			page 1


   1              		.cpu cortex-m7
   2              		.eabi_attribute 20, 1
   3              		.eabi_attribute 21, 1
   4              		.eabi_attribute 23, 3
   5              		.eabi_attribute 24, 1
   6              		.eabi_attribute 25, 1
   7              		.eabi_attribute 26, 1
   8              		.eabi_attribute 30, 2
   9              		.eabi_attribute 34, 1
  10              		.eabi_attribute 18, 4
  11              		.file	"board.c"
  12              		.text
  13              	.Ltext0:
  14              		.section	.gnu.lto_.profile.8abf9ec3,"",%progbits
  15 0000 789C6365 		.ascii	"x\234ce`b`a```d\340c\006\000\000\237\000\036"
  15      60626061 
  15      60606064 
  15      E0630600 
  15      009F001E 
  16              		.text
  17              		.section	.gnu.lto_.icf.8abf9ec3,"",%progbits
  18 0000 789C6365 		.ascii	"x\234ce`b\020a@\000f\206\205??\354\345a\354m}r\233\213"
  18      60621061 
  18      40006686 
  18      853F3FEC 
  18      E561EC6D 
  19 0018 E9EBEF93 		.ascii	"\351\353\357\223\027\371\030\000h\037\011\350"
  19      17F91800 
  19      681F09E8 
  20              		.text
  21              		.section	.gnu.lto_.jmpfuncs.8abf9ec3,"",%progbits
  22 0000 789C6365 		.ascii	"x\234ce`b\340d@\000&\020\301\010\304\000\001\227\000"
  22      6062E064 
  22      40002610 
  22      C108C400 
  22      019700
  23 0013 14       		.ascii	"\024"
  24              		.text
  25              		.section	.gnu.lto_.inline.8abf9ec3,"",%progbits
  26 0000 789C6365 		.ascii	"x\234ce`b\320f@\000&\006\006\026\036F\020\305\300\266"
  26      6062D066 
  26      40002606 
  26      06161E46 
  26      10C5C0B6 
  27 0014 401E4431 		.ascii	"@\036D10r\201\010\006f&Ta\006\000-\355\001\352"
  27      30728108 
  27      06662654 
  27      6106002D 
  27      ED01EA
  28              		.text
  29              		.section	.gnu.lto_.pureconst.8abf9ec3,"",%progbits
  30 0000 789C6365 		.ascii	"x\234ce`b`e`\000\222\022\214\014\000\000\345\000("
  30      60626065 
  30      60009212 
  30      8C0C0000 
  30      E50028
  31              		.text
ARM GAS  C:\Users\8FEE~1\AppData\Local\Temp\cc1gObqq.s 			page 2


  32              		.section	.gnu.lto___early_init.8abf9ec3,"",%progbits
  33 0000 789C6365 		.ascii	"x\234ce`bX\312\300\300`\013\304\322@\314\310\314\300"
  33      606258CA 
  33      C0C0600B 
  33      C4D240CC 
  33      C8CCC0
  34 0013 C834E11C 		.ascii	"\3104\341\034\003C#\007\023##\210\321\300\301\310P\317"
  34      03432307 
  34      13232388 
  34      D1C0C1C8 
  34      50CF
  35 0025 C458CFD8 		.ascii	"\304X\317\330\317<\235\231\361P\373\263\235L\232\313"
  35      CF3C9D99 
  35      F150FBB3 
  35      9D4C9ACB 
  36 0035 1B80E0C0 		.ascii	"\033\200\340\300\364klm\015\255\022\363\231\031\030"
  36      F46B6C6D 
  36      0DAD12F3 
  36      991918
  37 0044 66023108 		.ascii	"f\0021\0100.g\324d\000*{\264\361\337T^6\026\2108\343"
  37      302E67D4 
  37      64002A7B 
  37      B4F1DF54 
  37      5E361688 
  38 005a 0A463646 		.ascii	"\012F6F \275\376\022\343\201\206\177\377\333\033\016"
  38      20BDFE12 
  38      E381867F 
  38      FFDB1B0E 
  39 006a 9C59CC78 		.ascii	"\234Y\314x\327\015(\325\005\304 ;\272\231\231@4\363"
  39      D70D28D5 
  39      05C4203B 
  39      BA999940 
  39      34F3
  40 007c 6BC6E605 		.ascii	"k\306\346\005\333{\231A\032@\246\354\334\371\3466{\375"
  40      DB7B9941 
  40      1A40A6EC 
  40      DCF9E636 
  40      7BFD
  41 008e DF068EF9 		.ascii	"\337\006\216\371\314\2143\231\201F0\256d\254g\230\017"
  41      CC8C3399 
  41      814630AE 
  41      64AC6798 
  41      0F
  42 009f 54FC96B1 		.ascii	"T\374\226\261i\301\356^F\260B\020\350\002\312\002\015"
  42      69C1EE5E 
  42      46B04210 
  42      E802CA02 
  42      0D
  43 00b0 606260B0 		.ascii	"`b`\260\326\323\323\007\242\344\214\314\244\314\374"
  43      D6D3D307 
  43      A2E48CCC 
  43      A4CCFC
  44 00bf 62437333 		.ascii	"bCs3\375\374b\375\214\304\034\375\244\374\304\242\224"
  44      FDFC62FD 
  44      8CC41CFD 
  44      A4FCC4A2 
  44      94
ARM GAS  C:\Users\8FEE~1\AppData\Local\Temp\cc1gObqq.s 			page 3


  45 00d0 62FDE090 		.ascii	"b\375\340\220x\277Pg\037W\177C\023\223x7s3\363(O\210"
  45      78BF5067 
  45      1F577F43 
  45      13937837 
  45      7333F328 
  46 00e6 945E3203 		.ascii	"\224^2\003\000\327\263I\353"
  46      00D7B349 
  46      EB
  47              		.text
  48              		.section	.gnu.lto_boardInit.8abf9ec3,"",%progbits
  49 0000 789C6365 		.ascii	"x\234ce`b\250d``\260\005bi fdf`d\232p\216\201\241\221"
  49      6062A864 
  49      6060B005 
  49      62692066 
  49      64666064 
  50 001a 83899111 		.ascii	"\203\211\221\021\304h\340`d\250gb\254g\354g\236\316"
  50      C468E060 
  50      64A86762 
  50      AC67EC67 
  50      9ECE
  51 002c CC78A8FD 		.ascii	"\314x\250\375\331N&\315\345\015@p`\372\006\256\266\206"
  51      D94E26CD 
  51      E50D4070 
  51      60FA06AE 
  51      B686
  52 003e 5689F9CC 		.ascii	"V\211\371\314\014\0143\201\030\004\030\2273j2\000\225"
  52      0C0C3381 
  52      18041897 
  52      336A3200 
  52      95
  53 004f 3DDAF86F 		.ascii	"=\332\370o*/\033\013D\234q\005#\033#\220^\177\211\361"
  53      2A2F1B0B 
  53      449C7105 
  53      231B2390 
  53      5E7F89F1 
  54 0063 40C3BFFF 		.ascii	"@\303\277\377\355\015\007\276,b\334\354\305\304\300"
  54      ED0D07BE 
  54      2C62DCEC 
  54      C5C4C0
  55 0072 D0059406 		.ascii	"\320\005\224\006\331\321\315\314\004\242\231\33726)"
  55      D9D1CDCC 
  55      04A299DF 
  55      323629
  56 0081 805483CD 		.ascii	"\200T\203\315\352bf\004\011\002\225Y\353\351\351\003"
  56      EA626604 
  56      09029559 
  56      EBE9E903 
  57 0091 51724666 		.ascii	"QrFfRf~\261\241\271\231~~\261~Fb\216~R~bQJ\261~pH\274"
  57      52667EB1 
  57      A1B9997E 
  57      7EB17E46 
  57      628E7E52 
  58 00ae 5FA8B38F 		.ascii	"_\250\263\217\253\277\241\211I\274\233\271\231y\224"
  58      ABBFA189 
  58      49BC9BB9 
  58      997994
  59 00bd 27444A2F 		.ascii	"'DJ/\231\001\000\0325:\341"
ARM GAS  C:\Users\8FEE~1\AppData\Local\Temp\cc1gObqq.s 			page 4


  59      9901001A 
  59      353AE1
  60              		.text
  61              		.section	.gnu.lto_pal_default_config.8abf9ec3,"",%progbits
  62 0000 789CCD93 		.ascii	"x\234\315\223[o\022Q\020\307w8@\013\275\240\211\217"
  62      5B6F1251 
  62      10C77738 
  62      400BBDA0 
  62      898F
  63 0012 7E0063E2 		.ascii	"~\000c\342;_\301o\343G8\024\023\021//&\262\301\030\210"
  63      3B5FC16F 
  63      E3473814 
  63      13112F2F 
  63      26B2C118 
  64 0027 0DB12C14 		.ascii	"\015\261,\024\220\332*h[@,\240\326\226\312Z\201\336"
  64      90DA2A68 
  64      5B402CA0 
  64      D696CA5A 
  64      81DE
  65 0039 1243432A 		.ascii	"\022CC*\365\322\242mEY\317p\316j\266i\350\253\373\260"
  65      F5D2A26D 
  65      4559CF70 
  65      CE6AB669 
  65      E8ABFBB0 
  66 004d FFCC7F77 		.ascii	"\377\314\177wg~3g\326\"\231\244\313\026I\002\211_>\002"
  66      677E3367 
  66      D62299A4 
  66      CB164902 
  66      895F3E02 
  67 0061 F156EA68 		.ascii	"\361V\352h\3446\011\020f\2620\364\263\363\225\360P\323"
  67      E4360910 
  67      66B230F4 
  67      B3F395F0 
  67      50D3
  68 0073 08335662 		.ascii	"\0103Vb!\217\231\033\252\242*\026f\215\357mfm\316\031"
  68      218F991B 
  68      AAA22A16 
  68      668DEF6D 
  68      666DCE19 
  69 0087 EA09D22B 		.ascii	"\352\011\322+\001\0022{\364\020\316\313\004\270\230"
  69      0102327B 
  69      F410CECB 
  69      04B898
  70 0096 B81008A3 		.ascii	"\270\020\010\243\230a\002\305\302M+\212\364\037\345"
  70      986102C5 
  70      C24D2B8A 
  70      F41FE5
  71 00a5 B8B5F245 		.ascii	"\270\265\362E\265\360\366\226E{\261\275v\314\312-\007"
  71      B5F0F696 
  71      457BB1BD 
  71      76CCCA2D 
  71      07
  72 00b6 0BF783E5 		.ascii	"\013\367\203\345\222\265_\225\030\2572\331\247J\335"
  72      92B55F95 
  72      18AF32D9 
  72      A74ADD
  73 00c5 B750019E 		.ascii	"\267P\001\236\222n\345\260\210\277\032\273\364w\252"
ARM GAS  C:\Users\8FEE~1\AppData\Local\Temp\cc1gObqq.s 			page 5


  73      926EE5B0 
  73      88BF1ABB 
  73      F477AA
  74 00d4 1E74B49A 		.ascii	"\036t\264\232\177\307\241\2773\265\215\263\337\371\264"
  74      7FC7A1BF 
  74      33B58DB3 
  74      DFF9B4
  75 00e3 DB167094 		.ascii	"\333\026p\224\322|\217\267\363\273e6\322L\031h\222\234"
  75      D27C8FB7 
  75      F3BB6536 
  75      D24C1968 
  75      929C
  76 00f5 E6D14934 		.ascii	"\346\321I4\011N\023.\245V\005\215\026\320\2009\321\007"
  76      094E132E 
  76      A556058D 
  76      16D08039 
  76      D107
  77 0107 4B9F4DFD 		.ascii	"K\237M\375z\234>}\222\263\353nY\300\356k\2326\314\254"
  77      7A9C3E7D 
  77      92B3EB6E 
  77      59C0EE6B 
  77      9A36CCAC 
  78 011b 395FF8FE 		.ascii	"9_\370\376h\277\264ONO[\227\033q\001{\200q\363pr\315"
  78      68BFB44F 
  78      4E4F5B97 
  78      1B71017B 
  78      8071F370 
  79 0131 AE4F2EDB 		.ascii	"\256O.\333;\260\255\345\233!\207\276\263\363]<\264\314"
  79      3BB0ADE5 
  79      9B2187BE 
  79      B3F35D3C 
  79      B4CC
  80 0143 55DA1CD4 		.ascii	"U\332\034\324'w\201\031\207\205n\340\330)>7\240<\343"
  80      27778119 
  80      87856EE0 
  80      D8293E37 
  80      A03CE3
  81 0156 28E99350 		.ascii	"(\351\223PR\034%S\331\316\011\224\204\253\205\225\277"
  81      521C2553 
  81      D9CE0994 
  81      84AB8595 
  81      BF
  82 0167 8D353E98 		.ascii	"\2155>\230\270S\016\252v\346\270\223\311\252Yg\321\264"
  82      B8530EAA 
  82      76E6B893 
  82      C9AA5967 
  82      D1B4
  83 0179 DE675157 		.ascii	"\336gQW]\274\3449\307\342\315\245\26161\242d\015(\031"
  83      5DBCE439 
  83      C7E2CDA5 
  83      B13631A2 
  83      640D2819 
  84 018d 8E326F40 		.ascii	"\2162o@\2313LE\233~\367\336\246\367\227A\024z\267\266"
  84      99334C45 
  84      9B7EF7DE 
  84      A6F79741 
  84      147AB7B6 
ARM GAS  C:\Users\8FEE~1\AppData\Local\Temp\cc1gObqq.s 			page 6


  85 01a1 2A9C6ED7 		.ascii	"*\234n\327\304\214\305\374\265\232([Q*\212\231Y\353"
  85      C48CC5FC 
  85      B59A285B 
  85      512A8A99 
  85      59EB
  86 01b3 C57084FC 		.ascii	"\305p\204\374\203\303A\3359\360&\305\357\357\242\256"
  86      83C341DD 
  86      39F026C5 
  86      EFEFA2AE 
  87 01c3 0C2E837B 		.ascii	"\014.\203{\355h\343\330\212\025\014|\013\234\357%\347"
  87      ED68E3D8 
  87      8A150C7C 
  87      0B9CEF25 
  87      E7
  88 01d4 CB1B46F5 		.ascii	"\313\033F\365\202\363e\275\015\357\000O\353\255\\d\206"
  88      82F365BD 
  88      0DEF004F 
  88      EBAD5C64 
  88      86
  89 01e5 52FD7143 		.ascii	"R\375qC\320$|\224\0161+\362\353\343=qle\305E\021P\365"
  89      D0247C94 
  89      0E312BF2 
  89      EBE33D71 
  89      6C65C545 
  90 01fc 8F5F173B 		.ascii	"\217_\027;4A\323*\266\261\333\334\3508\2144oN\242ym"
  90      3441D32A 
  90      B6B1DBDC 
  90      E8388C34 
  90      6F4EA279 
  91 0211 98D62B4E 		.ascii	"\230\326+NS\3424\205\342\367\264\330\303\004Kn\222\311"
  91      53E23485 
  91      E2F7B4D8 
  91      C3044B6E 
  91      92C9
  92 0223 002C8253 		.ascii	"\000,\202S&\203PD\261A\016\305\016\263(C\360\024e\030"
  92      26835044 
  92      B1410EC5 
  92      0EB32843 
  92      F0146518 
  93 0237 665046E0 		.ascii	"fPF\3401\312(\304Q\034\020E9\003\021\224\263\240\200"
  93      31CA28C4 
  93      511C1045 
  93      39031194 
  93      B3A080
  94 024a 5382B7EC 		.ascii	"S\202\267\354\366\007\272\363\251\016"
  94      F607BAF3 
  94      A90E
  95              		.text
  96              		.section	.gnu.lto_.symbol_nodes.8abf9ec3,"",%progbits
  97 0000 789C6365 		.ascii	"x\234ce`b\360`\000\002\246EL\365\014\014\023\31610\000"
  97      6062F060 
  97      0002A645 
  97      4CF50C0C 
  97      13CE3130 
  98 0015 A95D0D8E 		.ascii	"\251]\015\216@\221\305L\365\214(\"\254\013\231\030\032"
  98      4091C54C 
  98      F58C2822 
ARM GAS  C:\Users\8FEE~1\AppData\Local\Temp\cc1gObqq.s 			page 7


  98      AC0B9918 
  98      1A
  99 0026 95808A19 		.ascii	"\225\200\212\031\2270\3253\201\245\030\030\032\032\034"
  99      9730D533 
  99      81A51818 
  99      1A1A1C
 100 0035 18189881 		.ascii	"\030\030\230\201p\311\203\177\214\014\000v\356\020\346"
 100      70C9837F 
 100      8C0C0076 
 100      EE10E6
 101              		.text
 102              		.section	.gnu.lto_.refs.8abf9ec3,"",%progbits
 103 0000 789C6365 		.ascii	"x\234ce`b`d\000\002\000\000I\000\011"
 103      60626064 
 103      00020000 
 103      490009
 104              		.text
 105              		.section	.gnu.lto_.decls.8abf9ec3,"",%progbits
 106 0000 789CBD56 		.ascii	"x\234\275VkLTG\024\276\347\316\262\302\202\305@\323"
 106      6B4C5447 
 106      14BEE7CE 
 106      B2C282C5 
 106      40D3
 107 0012 F8C3A4C4 		.ascii	"\370\303\244\304\320H\233\026\012Z\261o\255\357\026"
 107      D0489B16 
 107      0A5AB16F 
 107      ADEF16
 108 0021 95A4D61F 		.ascii	"\225\244\326\037\315\266\233\205]u\323\205]w\027[\323"
 108      CDB69B85 
 108      5D75D385 
 108      5D77175B 
 108      D3
 109 0032 FEB82A88 		.ascii	"\376\270*\210\265\025\265\366E#\006\253\255\320ZA|\324"
 109      B515B5F6 
 109      452306AB 
 109      ADD05A41 
 109      7CD4
 110 0044 B72B5640 		.ascii	"\267+V@\012\210/\024]\036\005K\213\002\">\300\007\320"
 110      0A882F14 
 110      5D1E054B 
 110      8B02223E 
 110      C007D0
 111 0057 333377B9 		.ascii	"33w\271\327\013&5M:\341\273s\317\234o\276s\346\314\314"
 111      D70B2635 
 111      4D3AE1BB 
 111      73CF9C6F 
 111      BE73E6CC 
 112 006c 65030451 		.ascii	"e\003\004Q\230\023,\010Y\242 \350@\020\372\261\351\004"
 112      98132C08 
 112      59A220E8 
 112      4010FAB1 
 112      E904
 113 007e 41F84550 		.ascii	"A\370EP\032AlG\024\"\212\020H\023z\205\007\333{\300"
 113      1A416C47 
 113      14228A10 
 113      48137A85 
 113      07DB7BC0 
ARM GAS  C:\Users\8FEE~1\AppData\Local\Temp\cc1gObqq.s 			page 8


 114 0092 79F3107D 		.ascii	"y\363\020}\252\371\242<\267H\030\334\314\300\265\346"
 114      AAF9A23C 
 114      B74818DC 
 114      CCC0B5E6 
 115 00a2 C936C831 		.ascii	"\3116\3101\264\355\236\254=\006Q\213\270\217\010CT#"
 115      B4ED9EAC 
 115      3D06518B 
 115      B88F0843 
 115      5423
 116 00b4 CE21CE20 		.ascii	"\316!\316 N!N#j\020'\021\035\210.\304M\304uD'\342\026"
 116      4E214E23 
 116      6A102711 
 116      1D882EC4 
 116      4DC47544 
 117 00cb E236A207 		.ascii	"\3426\242\007q\003\321\216\2706D<\332\276!\260g\365"
 117      7103D18E 
 117      B836443C 
 117      DABE21B0 
 117      67F5
 118 00dd 6F87C47A 		.ascii	"o\207\304z\360\001\256\001F\360\014\201?\201\201\231"
 118      F001AE01 
 118      46F00C81 
 118      3F818199 
 119 00ed FDFE06C0 		.ascii	"\375\376\006\300\306qT\024\344\205\371\207\300?C\266"
 119      C6715414 
 119      E485F987 
 119      C03F43B6 
 120 00fd 45D91465 		.ascii	"E\331\024eI\366'O\006\225\"w\363H\376\306\353\304_\330"
 120      49F6274F 
 120      06952277 
 120      F348FEC6 
 120      EBC45FD8 
 121 0111 34FF6C10 		.ascii	"4\377l\020\225\000\000\352\011*A\236\266\354\037\310"
 121      950000EA 
 121      092A419E 
 121      B6EC1FC8 
 122 0121 4F501607 		.ascii	"OP\026\007\376\325_\317\256h14@\035\035\315\235\010"
 122      FED55FCF 
 122      AE683134 
 122      401D1DCD 
 122      9D08
 123 0133 7CAC7D4D 		.ascii	"|\254}MU(\021\201\2767\334\311\233\026\275M\342-\360"
 123      55281181 
 123      BE37DCC9 
 123      9B16BD4D 
 123      E22DF0
 124 0146 49A56CC7 		.ascii	"I\245l\307\373\273\275\241Y\004\302\014 \242y\272\263"
 124      FBBBBDA1 
 124      5904C20C 
 124      20A279BA 
 124      B3
 125 0157 222718CD 		.ascii	"\"'\030\315\307\0150\002\315\236\245\347\216\032F~\315"
 125      C70D3002 
 125      CD9EA5E7 
 125      8E1A467E 
 125      CD
 126 0168 662D9746 		.ascii	"f-\227F\2100\357\011\330\006\243\340g\030\205\301\177"
ARM GAS  C:\Users\8FEE~1\AppData\Local\Temp\cc1gObqq.s 			page 9


 126      8830EF09 
 126      D806A3E0 
 126      671885C1 
 126      7F
 127 0179 8191F84C 		.ascii	"\201\221\370L\322q\245\037\332\253\012\002G\347J\271"
 127      D271A51F 
 127      DAAB0A02 
 127      47E74AB9 
 128 0189 8D92B7B4 		.ascii	"\215\222\267\264\371\231?\212$)\003\247\351(\015\362"
 128      F9993F8A 
 128      242903A7 
 128      E9280DF2 
 129 0199 81C04F10 		.ascii	"\201\300O\020MS\306W|\346A\003\300V\250\307\005m\207"
 129      4D53C657 
 129      7CE64103 
 129      C056A8C7 
 129      056D87
 130 01ac D138BDA2 		.ascii	"\3218\275\242\245\356c2\227%\233\236{y\237\036\225\012"
 130      A5EE6332 
 130      97259B9E 
 130      7B799F1E 
 130      950A
 131 01be 51A9F8E9 		.ascii	"Q\251\370\351l\311\273\014uD\246S\240\350\024hu\012"
 131      6CC9BB0C 
 131      7544A653 
 131      A0E81468 
 131      750A
 132 01d0 998EF4F7 		.ascii	"\231\216\364\367\001_(y\237\011\025l\256\371r8\0125"
 132      015F2879 
 132      9F09156C 
 132      AEF97238 
 132      0A35
 133 01e2 4A92B73F 		.ascii	"J\222\267?\347\225\376\314\222\317\245M\300\022\207"
 133      E795FECC 
 133      92CFA54D 
 133      C01287
 134 01f1 1D8AD20E 		.ascii	"\035\212\322\016\252D_\212\230B\331\261\355\267\203"
 134      AA445F8A 
 134      9842D9B1 
 134      EDB783
 135 0200 491E3089 		.ascii	"I\0360\211\352\0159\345\001\274>\273h\201V\027\364\007"
 135      EA0D39E5 
 135      01BC3EBB 
 135      68815617 
 135      F407
 136 0212 F2FAE486 		.ascii	"\362\372\344\206S3\277\357I\356\375\226z\367\036j\217"
 136      5333BFEF 
 136      49EEFD96 
 136      7AF71E6A 
 136      8F
 137 0223 E3E628B4 		.ascii	"\343\346(\264\366\327]\367\312\305l\004\272!\225\337"
 137      F6D75DF7 
 137      CAC56C04 
 137      BA2195DF 
 138 0233 353FC6ED 		.ascii	"5?\306\355\010jJ\2533C8\273\207\272O\324\344t\030\310"
 138      086A4AAB 
 138      334338BB 
ARM GAS  C:\Users\8FEE~1\AppData\Local\Temp\cc1gObqq.s 			page 10


 138      87BA4FD4 
 138      E47418C8 
 139 0247 011EB723 		.ascii	"\001\036\267#\375\317\306`\356\034\211\346\251\364\302"
 139      FDCFC660 
 139      EE1C89E6 
 139      A9F4C2
 140 0256 0D849B3A 		.ascii	"\015\204\233:\3256\205\361m\362}\272b\243\236\024\363"
 140      D53685F1 
 140      6DF27DBA 
 140      62A39E14 
 140      F3
 141 0267 997565F9 		.ascii	"\231ue\371?S\352\030\003\320S\024J\353\320\266\357\316"
 141      3F53EA18 
 141      03D05314 
 141      4AEBD0B6 
 141      EFCE
 142 0279 703E4419 		.ascii	"p>D\031\247\327tm\031FJ\031]\314.?_\254\203(\303\217"
 142      A7D7746D 
 142      19464A19 
 142      5DCC2E3F 
 142      5FAC8328 
 143 028f 748FBDE7 		.ascii	"t\217\275\347\367\277\226\335%I\021\360\033\030\240"
 143      F7BF96DD 
 143      254911F0 
 143      1B18A0
 144 029e 5829D118 		.ascii	"X)\321\030\003>WJ\3222i\355r)h\206\000\373\360\024\034"
 144      033E574A 
 144      D23269ED 
 144      72296886 
 144      00FBF014 
 145 02b3 C25300C7 		.ascii	"\302S\000\307 \212\352R\036\034\305A/\016b\214\374-"
 145      208AEA52 
 145      1E1CC541 
 145      2F0E628C 
 145      FC2D
 146 02c5 EBBED793 		.ascii	"\353\276\327\223\223\354\364\211%\207/]\320\201!jH\201"
 146      93ECF489 
 146      25872F5D 
 146      D081216A 
 146      4881
 147 02d7 D2210478 		.ascii	"\322!\004x2\245\227F\227d\320\235/\301d\216+\311`n\374"
 147      32A59746 
 147      9764D09D 
 147      2FC1648E 
 147      2BC9606E 
 148 02ec C835EDF7 		.ascii	"\3105\355\367-\025I9a\253\372\356\300M\377N\005\242"
 148      2D154939 
 148      61ABFAEE 
 148      C04DFF4E 
 148      05A2
 149 02fe 796DFDF1 		.ascii	"ym\375\361J\221Tq_\313\205\345\331zr\226\033k{k%=\361"
 149      4A915471 
 149      5FCB85E5 
 149      D97A7296 
 149      1B6B7B6B 
 150 0315 7163F5B5 		.ascii	"qc\365\265\236M:\322\314\215\332\345\3355\303I+3\202"
 150      9E4D3AD2 
ARM GAS  C:\Users\8FEE~1\AppData\Local\Temp\cc1gObqq.s 			page 11


 150      CC8DDAE5 
 150      DD35C349 
 150      2B3382
 151 0328 5614ECDD 		.ascii	"V\024\354\335\025\002\221\264\205GFF}Os\367v\367>[\326"
 151      150291B4 
 151      85474646 
 151      7D4F73F7 
 151      76F73E5B 
 152 033d 755992BE 		.ascii	"uY\222\276\010aIUaRg!\\Y\314Av1b\361!\360\011w_\303"
 152      08614955 
 152      61526721 
 152      5C59CC41 
 152      763162F1 
 153 0357 F39B4E18 		.ascii	"\363\233N\030\273R\313\216\321\220\257\274\256\220\313"
 153      BB52CB8E 
 153      D190AFBC 
 153      AE90CB
 154 0366 B5E4134C 		.ascii	"\265\344\023Lz\037\250\264U\3642-\375\2606\223\213*"
 154      7A1FA8B4 
 154      55F4322D 
 154      FDB03693 
 154      8B2A
 155 0378 F6EF438B 		.ascii	"\366\357C\2133\366:Z\373\265\2224Q'\300^\364\377\312"
 155      33F63A5A 
 155      FBB59234 
 155      5127C05E 
 155      F4FFCA
 156 038b 5C948DE5 		.ascii	"\\\224\215\345\207\363\270[\325\020\011\347\020g\020"
 156      87F3B85B 
 156      D51009E7 
 156      106710
 157 039a A710A711 		.ascii	"\247\020\247\0215\210\223\020\311\356\021\217W\256\212"
 157      35889310 
 157      C9EE118F 
 157      57AE8A
 158 03a9 5731E4CA 		.ascii	"W1\344\312\325k)\237\241\260\217\014\275\026N\347G\243"
 158      D56B299F 
 158      A1B08F0C 
 158      BD164EE7 
 158      47A3
 159 03bb E370D852 		.ascii	"\343p\330RI\002J\023\344c!\177\320\216\364\245W\353"
 159      49024A13 
 159      E463217F 
 159      D08EF4A5 
 159      57EB
 160 03cd C9361D3B 		.ascii	"\3116\035;x[VU\354\011\204\360\250\241\326\004\027q"
 160      785B5655 
 160      EC0984F0 
 160      A8A1D604 
 160      1771
 161 03df 298FB22C 		.ascii	")\217\262,\036\271\245L\217_P\250\305\211\027\224#I"
 161      1EB9A54C 
 161      8F5F50A8 
 161      C5891794 
 161      2349
 162 03f1 F360E1FD 		.ascii	"\363`\341\375w>L\276\363\231\225\267\266\212\344\010"
 162      773E4CBE 
ARM GAS  C:\Users\8FEE~1\AppData\Local\Temp\cc1gObqq.s 			page 12


 162      F39995B7 
 162      B68AE408 
 163 0401 4B070A0F 		.ascii	"K\007\012\017\246\267?\306\235^\352\374,c\315\247\303"
 163      A6B73FC6 
 163      9D5EEAFC 
 163      2C63CDA7 
 163      C3
 164 0412 480977DE 		.ascii	"H\011w\336\310+\332\030\310\235y\324\331\332[r5\200"
 164      C82BDA18 
 164      C89D79D4 
 164      D9DA5B72 
 164      3580
 165 0424 5472E7B6 		.ascii	"Tr\347\266\312R\237|\377WR\347\231\356\352L\0039\313"
 165      CA529F7C 
 165      FF5752E7 
 165      99EEEA4C 
 165      0339CB
 166 0437 9DFDADB5 		.ascii	"\235\375\255\265\233\203\270\263\223\332\253v\257\337"
 166      9B83B8B3 
 166      93DAAB76 
 166      AFDF
 167 0445 1C4A2E71 		.ascii	"\034J.q\347\231\226M\351\362W\246\232\332Ykv\3560\220"
 167      E799964D 
 167      E9F257A6 
 167      9ADA596B 
 167      76EE3090 
 168 0459 26EECC6B 		.ascii	"&\356\314k\331\220%;'\240\271\273ro}\000i\345>_WMf0"
 168      D990253B 
 168      27A0B9BB 
 168      726F7D00 
 168      69E53E5F 
 169 0471 E9E446C1 		.ascii	"\351\344F\301\375/\267\352I77\262\262\353\012\015\244"
 169      FD2FB7EA 
 169      493737B2 
 169      B2EB0A0D 
 169      A4
 170 0482 8F19C37B 		.ascii	"\217\031\303{\033n\036\011\206\360\310\201\026\025\251"
 170      1B6E1E09 
 170      86F0C881 
 170      1615A9
 171 0491 AEF66EAC 		.ascii	"\256\366n\254\366.\266}mr\251\273\261\324\035X\326."
 171      F62EB67D 
 171      6D72A9BB 
 171      B1D41D58 
 171      D62E
 172 04a3 C44DC475 		.ascii	"\304M\304uD'\342\026\3426\242\007q\003\321\216\270\246"
 172      4427E216 
 172      E236A207 
 172      7103D18E 
 172      B8A6
 173 04b5 9C285AFA 		.ascii	"\234(Z\372\252\260\365\222T\366<+\376\001,>\225\034"
 173      AAB0F592 
 173      54F63C2B 
 173      FE012C3E 
 173      951C
 174 04c7 D8CEFD0F 		.ascii	"\330\316\375\017\336\017\344\027\277\271\224\235)J\277"
 174      DE0FE417 
ARM GAS  C:\Users\8FEE~1\AppData\Local\Temp\cc1gObqq.s 			page 13


 174      BFB9949D 
 174      294ABF
 175 04d6 A2A53F70 		.ascii	"\242\245?p\367(y\216B\276\252%\357\001-;Aa_\326\262"
 175      F728798E 
 175      42BEAA25 
 175      EF012D3B 
 175      41615FD6 
 176 04eb 9BB5ECA6 		.ascii	"\233\265\354\246\267\024v\213\226\375\347\240\274\233"
 176      B714768B 
 176      96FDE7A0 
 176      BC9B
 177 04f9 5479B76A 		.ascii	"Ty\267j\351\007\007/s\266B\367i\351\227\006e\256\312"
 177      E907072F 
 177      73B642F7 
 177      69E99706 
 177      65AECA
 178 050c E56F2DFB 		.ascii	"\345o-\373\257A\231\253\326\331\244e\37718\225Y\012"
 178      AF4199AB 
 178      D6D9A465 
 178      FF313895 
 178      590A
 179 051e BD514B6F 		.ascii	"\275QKoP\304\345K|\202_\342\266\007/\261\274\331\225"
 179      50C4E54B 
 179      7C825FE2 
 179      B6072FB1 
 179      BCD995
 180 0531 AACDAED7 		.ascii	"\252\315\256\327j\325\251B\343\211<z\247-#\224d\004"
 180      6AD5A942 
 180      E3893C7A 
 180      A72D2394 
 180      6404
 181 0543 B04BDFEB 		.ascii	"\260K\337\353\273\374\202\346\316\373O!\334\303\303"
 181      BBFC82E6 
 181      CEFB4F21 
 181      DCC3C3
 182 0552 F75F0E22 		.ascii	"\367_\016\"O\274\346$\373\006\334E\241;\3127\240\315"
 182      4FBCE624 
 182      FB06DC45 
 182      A13BCA37 
 182      A0CD
 183 0564 FF0DC869 		.ascii	"\377\015\310i\3646\007\204\313\361W>,\276\360\310\301"
 183      F4360784 
 183      CBF1573E 
 183      2CBEF0C8 
 183      C1
 184 0575 51BAE8D6 		.ascii	"Q\272\350\326\357_\005?\265Y*\364\342\277\307c\241\371"
 184      EF5F053F 
 184      B5592AF4 
 184      E2BFC763 
 184      A1F9
 185 0587 F8CB2808 		.ascii	"\370\313(\010\356\243\340N\236\207\352\276\321\221\271"
 185      EEA3E04E 
 185      9E87EABE 
 185      D191B9
 186 0596 F8E3B617 		.ascii	"\370\343\266\027\236\242?\000{\316\327\207\204\254\032"
 186      9EA23F00 
 186      7BCED787 
ARM GAS  C:\Users\8FEE~1\AppData\Local\Temp\cc1gObqq.s 			page 14


 186      84AC1A
 187 05a5 F807CC7E 		.ascii	"\370\007\314~\003\371?\260\002\364A\210\177\031\370"
 187      03F93FB0 
 187      02F44188 
 187      7F19F8
 188 05b4 2A84984C 		.ascii	"*\204\230LV\263\313\276\304dK\265y\002\247\317~'brl"
 188      56B3CBBE 
 188      C4644BB5 
 188      7902A7CF 
 188      7E276272 
 189 05c9 ACF07274 		.ascii	"\254\360rtt\014\376%/\264%\331\034\356\330\370\3611"
 189      740CFE25 
 189      2FB425D9 
 189      1CEED8F8 
 189      F131
 190 05db 0E77CC42 		.ascii	"\016w\314B\263=&\311avY\3341o\3175\315~gr\302\3249\261"
 190      B33D26C9 
 190      617659DC 
 190      316FCF35 
 190      CD7E6772 
 191 05f3 E3C699A6 		.ascii	"\343\306\231\246\305\217\217\177w&wE'\013A\354e&\312"
 191      C58F8F7F 
 191      77267745 
 191      270B41EC 
 191      6526CA
 192 0606 8D707B52 		.ascii	"\215p{R\306\306\231\222\355\216\344\017\230\376\204"
 192      C6C69992 
 192      ED8EE40F 
 192      98FE84
 193 0615 87C93A1D 		.ascii	"\207\311:\035.\017U\23556\216?\247\305\177\364\021\365"
 193      2E0F559D 
 193      35368E3F 
 193      A7C57FF4 
 193      11F5
 194 0627 98EC764B 		.ascii	"\230\354vK\364B!\314\211\257\026\353|s\232\335cJv\244"
 194      F44221CC 
 194      89AF16EB 
 194      7C739ADD 
 194      634A76A4 
 195 063b CEB72DD0 		.ascii	"\316\267-\320'\2769\305\3541\353\314\363]v\203\311\224"
 195      27BE39C5 
 195      EC31EBCC 
 195      F35D7683 
 195      C994
 196 064d 664BF560 		.ascii	"fK\365`,\317'\226\227\214L\337\355I\263\330\034&\247"
 196      2CCF2796 
 196      978C4CDF 
 196      ED49B3D8 
 196      1C26A7
 197 0660 CBBAD866 		.ascii	"\313\272\330f\3750\366E\365\250\321\343p\330\335\306"
 197      FD30F645 
 197      F5A8D1E3 
 197      70D8DDC6 
 198 0670 05A96911 		.ascii	"\005\251i\021\354-\302\354J\211\260\246$Y-\026\253\305"
 198      EC2DC2EC 
 198      4A89B0A6 
 198      24592D16 
ARM GAS  C:\Users\8FEE~1\AppData\Local\Temp\cc1gObqq.s 			page 15


 198      ABC5
 199 0682 383E7A6C 		.ascii	"8>zlD\334\363\261\361\213b\2158\376\\\252#\325\372\234"
 199      44DCF3B1 
 199      F18B628D 
 199      38FE5CAA 
 199      23D5FA9C 
 200 0696 D59C6433 		.ascii	"\325\234d3\332R\223\355i\026\2531\305\214Z\251V\343"
 200      DA5293ED 
 200      6916AB31 
 200      C58C5AA9 
 200      56E3
 201 06a8 40469E25 		.ascii	"@F\236%N\253\033\323\014\364g\261\350\177\310\302\275"
 201      4EAB1BD3 
 201      0CF467B1 
 201      E87FC8C2 
 201      BD
 202 06b9 C46D34B9 		.ascii	"\304m4\271=\026\014\211\241\211\303\342\012p\2469-\256"
 202      3D160C89 
 202      A189C3E2 
 202      0A70A639 
 202      2DAE
 203 06cb 610EB7D3 		.ascii	"a\016\267\323j\265\270\364\016\232\226+ \305a\261\272"
 203      6AB5B8F4 
 203      0E9A962B 
 203      20C561B1 
 203      BA
 204 06dc 689916BE 		.ascii	"h\231\026\276\372o\312\237\2200%fz\342\3149\213\343"
 204      FA6FCA9F 
 204      90302566 
 204      7AE2CC39 
 204      8BE3
 205 06ee 58FD9DCA 		.ascii	"X\375\235\312\036\360\335\\\340\304\365\270\255\236"
 205      1EF0DD5C 
 205      E0C4F5B8 
 205      AD9E
 206 06fc 34A7C9A3 		.ascii	"4\247\311\243O\234I\367@\2378\203w\323y7\215wSy7\205"
 206      4F9C49F7 
 206      409F3883 
 206      77D37937 
 206      8D775379 
 207 0712 779379F7 		.ascii	"w\223y\367\006\357&\361\356-\332\005%NJ\230\314\366"
 207      06EF26F1 
 207      EE2DDA05 
 207      254E4A98 
 207      CCF6
 208 0724 F41F9E31 		.ascii	"\364\037\2361#\315"
 208      23CD
 209              		.text
 210              		.section	.gnu.lto_.symtab.8abf9ec3,"",%progbits
 211 0000 5F5F6561 		.ascii	"__early_init\000"
 211      726C795F 
 211      696E6974 
 211      00
 212 000d 00       		.ascii	"\000"
 213 000e 00       		.ascii	"\000"
 214 000f 00       		.ascii	"\000"
 215 0010 00000000 		.ascii	"\000\000\000\000\000\000\000\000"
ARM GAS  C:\Users\8FEE~1\AppData\Local\Temp\cc1gObqq.s 			page 16


 215      00000000 
 216 0018 AE000000 		.ascii	"\256\000\000\000"
 217 001c 626F6172 		.ascii	"boardInit\000"
 217      64496E69 
 217      7400
 218 0026 00       		.ascii	"\000"
 219 0027 00       		.ascii	"\000"
 220 0028 00       		.ascii	"\000"
 221 0029 00000000 		.ascii	"\000\000\000\000\000\000\000\000"
 221      00000000 
 222 0031 B0000000 		.ascii	"\260\000\000\000"
 223 0035 70616C5F 		.ascii	"pal_default_config\000"
 223      64656661 
 223      756C745F 
 223      636F6E66 
 223      696700
 224 0048 00       		.ascii	"\000"
 225 0049 00       		.ascii	"\000"
 226 004a 00       		.ascii	"\000"
 227 004b 00000000 		.ascii	"\000\000\000\000\000\000\000\000"
 227      00000000 
 228 0053 FD000000 		.ascii	"\375\000\000\000"
 229 0057 73746D33 		.ascii	"stm32_clock_init\000"
 229      325F636C 
 229      6F636B5F 
 229      696E6974 
 229      00
 230 0068 00       		.ascii	"\000"
 231 0069 02       		.ascii	"\002"
 232 006a 00       		.ascii	"\000"
 233 006b 00000000 		.ascii	"\000\000\000\000\000\000\000\000"
 233      00000000 
 234 0073 B2000000 		.ascii	"\262\000\000\000"
 235              		.text
 236              		.section	.gnu.lto_.opts,"",%progbits
 237 0000 272D666D 		.ascii	"'-fmath-errno' '-fsigned-zeros' '-ftrapping-math' '"
 237      6174682D 
 237      6572726E 
 237      6F272027 
 237      2D667369 
 238 0033 2D666E6F 		.ascii	"-fno-trapv' '-fno-openmp' '-fno-openacc' '-mcpu=cor"
 238      2D747261 
 238      70762720 
 238      272D666E 
 238      6F2D6F70 
 239 0066 7465782D 		.ascii	"tex-m7' '-mno-thumb-interwork' '-mthumb' '-ggdb' '-"
 239      6D372720 
 239      272D6D6E 
 239      6F2D7468 
 239      756D622D 
 240 0099 4F322720 		.ascii	"O2' '-fomit-frame-pointer' '-falign-functions=16' '"
 240      272D666F 
 240      6D69742D 
 240      6672616D 
 240      652D706F 
 241 00cc 2D666675 		.ascii	"-ffunction-sections' '-fdata-sections' '-fno-common"
 241      6E637469 
ARM GAS  C:\Users\8FEE~1\AppData\Local\Temp\cc1gObqq.s 			page 17


 241      6F6E2D73 
 241      65637469 
 241      6F6E7327 
 242 00ff 2720272D 		.ascii	"' '-flto'\000"
 242      666C746F 
 242      2700
 243              		.text
 244              		.comm	__gnu_lto_v1,1,1
 245              		.comm	__gnu_lto_slim,1,1
 246              		.ident	"GCC: (GNU Tools for ARM Embedded Processors 6-2017-q1-update) 6.3.1 20170215 (release) [AR
ARM GAS  C:\Users\8FEE~1\AppData\Local\Temp\cc1gObqq.s 			page 18


DEFINED SYMBOLS
                            *ABS*:00000000 board.c
                            *COM*:00000001 __gnu_lto_v1
                            *COM*:00000001 __gnu_lto_slim

NO UNDEFINED SYMBOLS
