ARM GAS  C:\Users\8FEE~1\AppData\Local\Temp\ccJgv91j.s 			page 1


   1              		.cpu cortex-m7
   2              		.eabi_attribute 20, 1
   3              		.eabi_attribute 21, 1
   4              		.eabi_attribute 23, 3
   5              		.eabi_attribute 24, 1
   6              		.eabi_attribute 25, 1
   7              		.eabi_attribute 26, 1
   8              		.eabi_attribute 30, 2
   9              		.eabi_attribute 34, 1
  10              		.eabi_attribute 18, 4
  11              		.file	"chdynamic.c"
  12              		.text
  13              	.Ltext0:
  14              		.section	.gnu.lto_.profile.8abfa62d,"",%progbits
  15 0000 789C6365 		.ascii	"x\234ce`b`a```d\3100\000\000\001\200\000\245"
  15      60626061 
  15      60606064 
  15      C8300000 
  15      018000A5 
  16              		.text
  17              		.section	.gnu.lto_.icf.8abfa62d,"",%progbits
  18 0000 789C6365 		.ascii	"x\234ce`b\340e@\000&\206\215\273;+\030\267L\\\367\225"
  18      6062E065 
  18      40002686 
  18      8DBB3B2B 
  18      18B74C5C 
  19 0016 89010026 		.ascii	"\211\001\000&l\005o"
  19      6C056F
  20              		.text
  21              		.section	.gnu.lto_.jmpfuncs.8abfa62d,"",%progbits
  22 0000 789C6365 		.ascii	"x\234ce`bX\312\200\000L\014l\214``\317X\017\002,\014"
  22      606258CA 
  22      80004C0C 
  22      6C8C6060 
  22      CF580F02 
  23 0016 8C8C1D4C 		.ascii	"\214\214\035L\323\231\031\267\0349\336\306\321\307<"
  23      D39919B7 
  23      1C39DEC6 
  23      D1C73C
  24 0025 9F1928C0 		.ascii	"\237\031(\300\270\234Q\206\201\021(\270\376\315\316"
  24      B89C5186 
  24      811128B8 
  24      FECDCE
  25 0034 9FBC2041 		.ascii	"\237\274 AFF\006\306\025@A\240~\006F\026\0066\246J\006"
  25      464606C6 
  25      154041A0 
  25      7E064616 
  25      0636A64A 
  26 0049 4620A712 		.ascii	"F \247\022H\200\025\316\332\375\345\024+H!\023#\007"
  26      488015CE 
  26      DAFDE514 
  26      2B482113 
  26      2307
  27 005b E34A9042 		.ascii	"\343J\220BFV\2605\362\250\266\034\375\377\375\000?\304"
  27      4656B035 
  27      F2A8B61C 
  27      FDFFFD00 
ARM GAS  C:\Users\8FEE~1\AppData\Local\Temp\ccJgv91j.s 			page 2


  27      3FC4
  28 006d 1626C655 		.ascii	"\026&\306U [\220\215e\202\030\313\000\000\206S \273"
  28      205B908D 
  28      658218CB 
  28      00008653 
  28      20BB
  29              		.text
  30              		.section	.gnu.lto_.inline.8abfa62d,"",%progbits
  31 0000 789C6365 		.ascii	"x\234ce`b\010g@\000&\006\011)#F\006&\211\025[\030\031"
  31      60620867 
  31      40002606 
  31      09292346 
  31      06268915 
  32 0017 D816C833 		.ascii	"\330\026\3103\201\004\231y\200\022\023\374\3004#\003"
  32      81049979 
  32      801213FC 
  32      C0342303 
  33 0027 2B1F5064 		.ascii	"+\037Pd\202\037\220\317\010Q+}\355\024#\003\373-5,j"
  33      821F90CF 
  33      08512B7D 
  33      ED142303 
  33      FB2D352C 
  34 003c C1249007 		.ascii	"\301$\220\007\000\374\215\012\357"
  34      00FC8D0A 
  34      EF
  35              		.text
  36              		.section	.gnu.lto_.pureconst.8abfa62d,"",%progbits
  37 0000 789C6365 		.ascii	"x\234ce`b`g`\000\222\273\030\031w1\002\000\005\355\001"
  37      60626067 
  37      600092BB 
  37      18197731 
  37      020005ED 
  38 0015 88       		.ascii	"\210"
  39              		.text
  40              		.section	.gnu.lto_chThdCreateFromHeap.8abfa62d,"",%progbits
  41 0000 789C8595 		.ascii	"x\234\205\225{LSw\024\307\177\347\376n{/\024P\034s\216"
  41      7B4C5377 
  41      14C77FE7 
  41      FE6E7B2F 
  41      14501C73 
  42 0015 18539311 		.ascii	"\030S\223\021t\331\250K\346t\313\222e3Y\346\037$\213"
  42      74D9A84B 
  42      E674CB92 
  42      653359E6 
  42      1F248B
  43 0028 EE7F83B5 		.ascii	"\356\177\203\265\223&\3266-\276\366\017\227\202\257"
  43      9326D636 
  43      2DBEF60F 
  43      9782AF
  44 0037 319F5384 		.ascii	"1\237S\204\326\3566\032\343\203\241\310\324\301x\254"
  44      D6EE361A 
  44      E383A1C8 
  44      D4C178AC 
  45 0047 139FF842 		.ascii	"\023\237\370B\006N\005\031Z\320!\332LE\335\314\224\235"
  45      064E0519 
  45      5AD021DA 
  45      4C45DDCC 
ARM GAS  C:\Users\8FEE~1\AppData\Local\Temp\ccJgv91j.s 			page 3


  45      949D
  46 0059 F36B2150 		.ascii	"\363k!P\230k \364\336\337\367{\316\371\235\363\371\375"
  46      986B20F4 
  46      DEDFF77B 
  46      CEF99DF3 
  46      F9FD
  47 006b 303089CD 		.ascii	"00\211\315U\031K\000\306f2\306\300\300@\332|\221\261"
  47      55194B00 
  47      C66632C6 
  47      C0C040DA 
  47      7C91B1
  48 007e 025592E4 		.ascii	"\002U\222\344&\316\264D~\252\2111-\211\203\034}/\003"
  48      26CEB444 
  48      7EAA8931 
  48      2D89831C 
  48      7D2F03
  49 0091 D0174D05 		.ascii	"\320\027M\005\226/q\031\362a\023\337\301\341rQ\345N"
  49      962F7119 
  49      F26113DF 
  49      C1E17251 
  49      E54E
  50 00a3 BE91EB9C 		.ascii	"\276\221\353\234\201\214\217\017.\370\302)\364\010`"
  50      818C8F0F 
  50      2EF8C229 
  50      F40860
  51 00b2 C647BFD6 		.ascii	"\306G\277\326\262^\231\276W\323\274ZhG\253\321_\325"
  51      B25E99BE 
  51      57D3BC5A 
  51      6847ABD1 
  51      5FD5
  52 00c4 AC25E85C 		.ascii	"\254%\350\\be(\337\007\223a/L\246\354\373a:\212\217"
  52      626528DF 
  52      0793612F 
  52      4CA6ECFB 
  52      613A8A8F 
  53 00d8 444A1F26 		.ascii	"DJ\037&\3607\201\341w\337\246\036\335\220\271G\030\373"
  53      F03781E1 
  53      77DFA61E 
  53      DD90B947 
  53      18FB
  54 00ea B773ED0D 		.ascii	"\267s\355\015\235s8\000|\270\021_1(\207L\224\357*h;"
  54      9D733800 
  54      7CB8115F 
  54      3128874C 
  54      94EF2A68 
  55 00ff 97CC6708 		.ascii	"\227\314g\010\353\332\212\372\336\224\230\265{\207\260"
  55      EBDA8AFA 
  55      DE9498B5 
  55      7B87B0
  56 010e CAF07DBC 		.ascii	"\312\360}\274UfP!\254\336[\307\256\000\237)\254\301"
  56      55665021 
  56      ACDE5BC7 
  56      AE009F29 
  56      ACC1
  57 0120 B6E08A98 		.ascii	"\266\340\212\230\263\3237q{\241\366\231\316\015p0\336"
  57      B3D33771 
  57      7BA1F699 
ARM GAS  C:\Users\8FEE~1\AppData\Local\Temp\ccJgv91j.s 			page 4


  57      CE0D7030 
  57      DE
  58 0131 8BCD3A24 		.ascii	"\213\315:$\274\345\336;\3679\377@x\327\237}\036Vb\346"
  58      BCE5DE3B 
  58      F739FF40 
  58      78D79F7D 
  58      1E5662E6 
  59 0145 F3D1B446 		.ascii	"\363\321\264F\250\214\267\032\031\034\026\326\363wk"
  59      A88CB71A 
  59      191C16D6 
  59      F3776B
  60 0154 8FAAFC23 		.ascii	"\217\252\374#a\035\250\336\363\304\024\263\336\366M"
  60      611DA8DE 
  60      F3C414B3 
  60      DEF64D
  61 0163 D926F22A 		.ascii	"\331&\362*P\025oV\030\374 \314}Zq=\360O\204\271\355"
  61      50156F56 
  61      18FC20CC 
  61      7D5A713D 
  61      F04F84B9 
  62 0178 CAFE2F06 		.ascii	"\312\376/\006\323\226\210\264*\034\211w\252\014\216"
  62      D39688B4 
  62      2A1C8977 
  62      AA0C8E
  63 0187 4226C923 		.ascii	"B&\311#E=]\246\350\274&\341ce]\321\375\330\274B\200"
  63      453D5DA6 
  63      E8BC26E1 
  63      63655DD1 
  63      FDD8BC42 
  64 019c CFD76ED6 		.ascii	"\317\327n\326E\022\371\247\"rEw\307\262\214\335ZH\323"
  64      4512F9A7 
  64      22724577 
  64      C7B28CDD 
  64      5A48D3
  65 01af 4211FF94 		.ascii	"B\021\377\224\255\232vF\223u\236\000\325\321\350?b\364"
  65      AD9A7646 
  65      93759E00 
  65      D5D1E83F 
  65      62F4
  66 01c1 63627E8C 		.ascii	"cb~\214\324\241\276p\271\314\347\012gx\303\311M2Z\251"
  66      D4A1BE70 
  66      B9CCE70A 
  66      6778C3C9 
  66      4D325AA9 
  67 01d5 A827BE09 		.ascii	"\250'\276\011[\012\243V\025~\032YX\314z\242\347\237"
  67      5B0AA356 
  67      157E1A59 
  67      58CC7AA2 
  67      E79F
  68 01e7 1613CF16 		.ascii	"\026\023\317\026\326\202r\377\316\244\2305\342K\037"
  68      D68272FF 
  68      CEA49835 
  68      E24B1F
  69 01f6 B44A5037 		.ascii	"\264JP7\246\365\326\341\027\333\223\2152\324C\006\324"
  69      A6F5D6E1 
  69      17DB938D 
  69      32D44306 
ARM GAS  C:\Users\8FEE~1\AppData\Local\Temp\ccJgv91j.s 			page 5


  69      D4
  70 0207 E26F0D64 		.ascii	"\342o\015d\020\\\310T\003\030\021n>|\345P\013\204\264"
  70      105CC854 
  70      0318116E 
  70      3E7CE550 
  70      0B84B4
  71 021a 17036BB1 		.ascii	"\027\003k\261\313\351\221\376\307\251\351\200\255\221"
  71      CBE991FE 
  71      C7A9E980 
  71      AD91
  72 0228 106C84C8 		.ascii	"\020l\204\310\000\304\003v\030\265*\320|M\270\230\230"
  72      00C40376 
  72      18B52AD0 
  72      7C4DB898 
  72      98
  73 0239 0C34AF71 		.ascii	"\0144\257q@\215O\005jb\032\243\220\214}\215Y\350@\024"
  73      408D4F05 
  73      6A621AA3 
  73      908C7D8D 
  73      59E84014 
  74 024d 23CEF897 		.ascii	"#\316\370\227\367\301\232`x\203By\003\\\301\322jj\356"
  74      F7C19A60 
  74      78834279 
  74      035CC1D2 
  74      6A6AEE
  75 0260 B52BF9CF 		.ascii	"\265+\371\3175U\347\2462\216\265\300\317\220\317\002"
  75      3555E7A6 
  75      328EB5C0 
  75      CF90CF02 
  76 0270 5C0E7003 		.ascii	"\\\016p\003\021^\333\337d\240\316'\201\212\275\237\254"
  76      115EDBDF 
  76      64A0CE27 
  76      818ABD9F 
  76      AC
  77 0281 F364D603 		.ascii	"\363d\326\003^\263(\034\213\300 \254\033\212\2567^\364"
  77      5EB3281C 
  77      8BC020AC 
  77      1B8AAE37 
  77      5EF4
  78 0293 27C58242 		.ascii	"'\305\202BVt\337\305\010>\236N\336\013^_o}\330D\313"
  78      5674DFC5 
  78      083E9E4E 
  78      DE0B5E5F 
  78      6F7DD844 
  79 02a8 187173C9 		.ascii	"\030qs\311w\305\212\345mB\0267[J]`\360\013X\0028~\224"
  79      77C58AE5 
  79      6D421637 
  79      5B4A5D60 
  79      F00B5802 
  80 02bf 9624C4EB 		.ascii	"\226$\304\353\022\243: \335q\322)\250+\334\271fCMZ4"
  80      12A33A20 
  80      DD71D229 
  80      A82BDCB9 
  80      66434D5A 
  81 02d4 A3095F61 		.ascii	"\243\011_a\265\302=V\242X\000\211\0024R\000\023I}\243"
  81      B5C23D56 
  81      A2580089 
ARM GAS  C:\Users\8FEE~1\AppData\Local\Temp\ccJgv91j.s 			page 6


  81      02345200 
  81      13497DA3 
  82 02e8 1219A33A 		.ascii	"\022\031\243:1\227\023\244K\036[\247Du2\351N\222n\334"
  82      319713A4 
  82      4B1E5BA7 
  82      447532E9 
  82      4E926EDC 
  83 02fc 085DFFBE 		.ascii	"\010]\377\276\007\355@:5\2523\220\356\024\351R\261u"
  83      07ED403A 
  83      35AA3390 
  83      EE14E952 
  83      B175
  84 030e 12F170A7 		.ascii	"\022\361p\247nm+\360\317\005JG\033\256\226&\306Pz\352"
  84      6E6D2BF0 
  84      CF054A47 
  84      1BAE9626 
  84      C6507AEA 
  85 0322 9BE62B3C 		.ascii	"\233\346+<\367\215\026\364\216\327y\012\234\036\015"
  85      F78D16F4 
  85      8ED7790A 
  85      9C1E0D
  86 0331 139C810C 		.ascii	"\023\234\201\014\272=z\265z\231\306\222\002f8\213kw"
  86      BA3D7AB5 
  86      7A99C692 
  86      0266388B 
  86      6B77
  87 0343 F18678B4 		.ascii	"\361\206x\264\255\262\005\206h+\322\360\023\372\266"
  87      ADB20586 
  87      682BD2F0 
  87      13FAB6
  88 0352 5A119095 		.ascii	"Z\021\220\225q\211\305-=\2526/`\320Dk|\324\232o\232"
  88      7189C52D 
  88      3DAA362F 
  88      60D0446B 
  88      7CD49A6F 
  89 0367 9F532E06 		.ascii	"\237S.\006\347H \017\243\230\301y0b%\027\010]`\021J"
  89      E748200F 
  89      A398C179 
  89      30622517 
  89      085D6011 
  90 037c B94BAFFA 		.ascii	"\271K\257\372+q\352\000\350Z\251Y\307~\320\271\014\327"
  90      2B71EA00 
  90      E85AA959 
  90      C77ED0B9 
  90      0CD7
  91 038e 6AAA8C4D 		.ascii	"j\252\214M\207\2130U\234\202?\357\265\266K\370\006."
  91      878B3055 
  91      9C823FEF 
  91      B5B64BF8 
  91      062E
  92 03a0 812C8A66 		.ascii	"\201,\212f\320,\256\343}\015\215=IS\275R\324=\236\264"
  92      D02CAEE3 
  92      7D0D8D3D 
  92      4953BD52 
  92      D43D9EB4 
  93 03b4 0F0F56B5 		.ascii	"\017\017V\265\231\204\3732\271\241\005d\301\235h\000"
  93      9984FB32 
ARM GAS  C:\Users\8FEE~1\AppData\Local\Temp\ccJgv91j.s 			page 7


  93      B9A10564 
  93      C19D6800 
  94 03c4 637D50D4 		.ascii	"c}P\324U|\243\021\242\000\244\215\3448\265\214z\016"
  94      557CA311 
  94      A200A48D 
  94      E438B58C 
  94      7A0E
  95 03d6 BF22C7B8 		.ascii	"\277\"\307\270p{\313\226\365\034\027\360\023|\006:\237"
  95      707BCB96 
  95      F51C17F0 
  95      137C063A 
  95      9F
  96 03e7 4053211F 		.ascii	"@S!\037\203V\310\327\371+\0247\230.\200\256'\240\323"
  96      8356C8D7 
  96      F92B1437 
  96      982E80AE 
  96      27A0D3
  97 03fa 689AFD7F 		.ascii	"h\232\375\177t\356Vb\003-Y}\374\222B\315\226\304\300"
  97      74EE5662 
  97      032D597D 
  97      FC9242CD 
  97      96C4C0
  98 040d 9E9E6E5A 		.ascii	"\236\236nZ\227\244C\240\200\"N\324y\032Z\240\215\266"
  98      97A443A0 
  98      80224ED4 
  98      791A5AA0 
  98      8DB6
  99 041f 838B7BBA 		.ascii	"\203\213{\272\275\007\025K\005e\303\255\274\012W@\207"
  99      BD07154B 
  99      0565C3AD 
  99      BC0A5740 
  99      87
 100 0430 52BC4FB1 		.ascii	"R\274O\261\236\337\300B\377>N\234^\243R\260\211\000"
 100      9EDFC042 
 100      FF3E4E9C 
 100      5EA352B0 
 100      8900
 101 0442 70155D7D 		.ascii	"p\025]}\260:8\260\221\213\212F\356\343\26522\3025q\036"
 101      B03A38B0 
 101      918B8A46 
 101      EEE3B532 
 101      32C23571 
 102 0457 698F87EE 		.ascii	"i\217\207\356\325\374\235L\336I\330\370\353t\030_\037"
 102      D5FC9D4C 
 102      DE49D8F8 
 102      EB74185F 
 102      1F
 103 0468 242A8EA2 		.ascii	"$*\216\242\300\377P\324.(\032\332X\012\306\353x\031"
 103      C0FF50D4 
 103      2E281ADA 
 103      580AC6EB 
 103      7819
 104 047a 45CD8314 		.ascii	"E\315\203\024)#@\270A \214\302\352C;\203N\022\253\243"
 104      292340B8 
 104      41208CC2 
 104      EA433B83 
 104      4E12ABA3 
ARM GAS  C:\Users\8FEE~1\AppData\Local\Temp\ccJgv91j.s 			page 8


 105 048e B17A37C0 		.ascii	"\261z7\300)9\203\337Gc\325%\260\2729\014\253\027\372"
 105      293983DF 
 105      4763D525 
 105      B0BA390C 
 105      AB17FA
 106 04a1 CD06D320 		.ascii	"\315\006\323 1\035\202\230[\202\230x<\302CxPpq\371\310"
 106      311D8298 
 106      5B829878 
 106      3CC24378 
 106      507071F9 
 107 04b6 E2BEEB85 		.ascii	"\342\276\353\205\343\035\202\022\232:\032\313\272B["
 107      E31D8212 
 107      9A3A1ACB 
 107      BA425B
 108 04c5 0DB38F69 		.ascii	"\015\263\217i\353\220\204\004\006\3350\233\335\307\016"
 108      EB908404 
 108      06DD309B 
 108      DDC70E
 109 04d4 06C4F5F2 		.ascii	"\006\304\365\362\030G\202\203\224:\233\375\263\261\343"
 109      18478283 
 109      943A9BFD 
 109      B3B1E3
 110 04e3 FCFAB366 		.ascii	"\374\372\263f\300\033\024(\022\346\312\314\312\262\340"
 110      C01B1428 
 110      12E6CACC 
 110      CAB2E0
 111 04f2 8F35D7BE 		.ascii	"\2175\327\276\320\356\364\2743\353=\213\323cq\347Y<"
 111      D0EEF4BC 
 111      33EB3D8B 
 111      D36371E7 
 111      593C
 112 0504 6E2BBE5C 		.ascii	"n+\276\\\264ji\216\303n\315\2622C\256-\307\345\222="
 112      B46A698E 
 112      C36ECDB2 
 112      3243AE2D 
 112      C7E5923D 
 113 0518 F6AF6C32 		.ascii	"\366\257l2\276\263\311.\267\335)\271\276\3449\356\305"
 113      BEB3C92E 
 113      B7DD29B9 
 113      BEE439EE 
 113      C5
 114 0529 52DE22BE 		.ascii	"R\336\"\276\302\343\222\362\\\206\3459K\226\331f\216"
 114      C2E392F2 
 114      5C86E539 
 114      4B96D966 
 114      8E
 115 053a 15D3EA74 		.ascii	"\025\323\352t8\234K-.\247;\317c\371x^\366\234\354\225"
 115      389C4B2D 
 115      2EA73BCF 
 115      63F9785E 
 115      F69CEC95 
 116 054e A8B03ADD 		.ascii	"\250\260:\335\266\005\313g9\262r\331\373/q\331V\346"
 116      B605CB67 
 116      39B272D9 
 116      FB2F71D9 
 116      56E6
 117 0560 59E664CF 		.ascii	"Y\346d\317\237;\337b_j]\262l\221\315bux\354\236\005"
ARM GAS  C:\Users\8FEE~1\AppData\Local\Temp\ccJgv91j.s 			page 9


 117      9F3BDF62 
 117      5F6A5DB2 
 117      6C91CD62 
 117      7578EC9E 
 118 0575 8BAD5674 		.ascii	"\213\255Vt\376\327\036\206\264\271\236U\036\324\215"
 118      FED71E86 
 118      B4B99E55 
 118      1ED48D
 119 0584 CF9E3FCF 		.ascii	"\317\236?\317\2740\307c\303\332\3372g\314`\222\233)"
 119      BC30C763 
 119      C3DADF32 
 119      67CC6092 
 119      9B29
 120 0596 0E9BC3E9 		.ascii	"\016\233\303\351^\305\376\005\177@\351\265"
 120      5EC5FE05 
 120      7F40E9B5 
 121              		.text
 122              		.section	.gnu.lto_chThdCreateFromMemoryPool.8abfa62d,"",%progbits
 123 0000 789C8594 		.ascii	"x\234\205\224mL\223W\024\307\357y\356\323>\265\005\361"
 123      6D4C9357 
 123      14C7EF79 
 123      EED33EB5 
 123      05F1
 124 0012 8539C7D8 		.ascii	"\2059\307\330R\223\021\324L\272-s\272eYb\314\022\367"
 124      529311D4 
 124      4CBA2D73 
 124      BA655962 
 124      CC12F7
 125 0025 812FBA2F 		.ascii	"\201/\272/\373d\2602mb-i\361\355\023\327\202S\3076_"
 125      FB64B032 
 125      6D622D69 
 125      F1ED13D7 
 125      8253C736 
 126 003a 369182EC 		.ascii	"6\221\202\354i4D\205\361\"N\006\362\262N\304\027|\357"
 126      69344485 
 126      F1224E06 
 126      F2B24EC4 
 126      177CEF
 127 004d 84A92082 		.ascii	"\204\251 \202\005\024E37763u\347\334\226F\012s\244\241"
 127      05144533 
 127      37373633 
 127      75E7DC96 
 127      460A73A4 
 128 0062 7D9EFBFF 		.ascii	"}\236\373\377\237s\3569\277{\015La{M\214\00106\227\341"
 128      9F73EE39 
 128      BF7B0D4C 
 128      617B4D8C 
 128      01303697 
 129 0077 B78181B2 		.ascii	"\267\201\201\262\375<c\033M\212\242\266q&\314\374D\033"
 129      FD3C631B 
 129      4D8AA2B6 
 129      7126CCFC 
 129      441B
 130 0089 63228E83 		.ascii	"c\"\216\203\032~\257\002\320\017a\002\226\243p\025r"
 130      1A7EAF02 
 130      D00F6102 
 130      96A37015 
ARM GAS  C:\Users\8FEE~1\AppData\Local\Temp\ccJgv91j.s 			page 10


 130      72
 131 009a 601BDFCD 		.ascii	"`\033\337\315\341R^\365\036\376\025\3279\003\025\037"
 131      E1525EF5 
 131      1EFE15D7 
 131      3903151F 
 132 00aa 1F9C2B0A 		.ascii	"\037\234+\012M\244G\000+>\026\213\340Vm\326~!\274\""
 132      4DA44700 
 132      2B3E168B 
 132      E0566DD6 
 132      7E21BC22 
 133 00be B03B682E 		.ascii	"\260;h.\256\271(&\350\\a>\224\037\200d\330\017\311\224"
 133      AEB92826 
 133      E85C613E 
 133      941F8064 
 133      D80FC994 
 134 00d2 FD20CC42 		.ascii	"\375 \314B\361\355\272\023[L|60\374\335\333\363\340"
 134      F1EDBA13 
 134      5B4C7C36 
 134      30FCDDDB 
 134      F3E0
 135 00e4 95D452E9 		.ascii	"\225\324R\351\353+\340\3425\235s(\003\376\254\017_1"
 135      EB2BE0E2 
 135      359D7328 
 135      03FEAC0F 
 135      5F31
 136 00f6 28875454 		.ascii	"(\207TT{o\326v\000\237#\235\376v\377\272\021\347t\237"
 136      7B6FD676 
 136      009F239D 
 136      FE76FFBA 
 136      11E7749F 
 137 010a 08A83A16 		.ascii	"\010\250:\026\373]\254UeP!\255\345\336[\3678\177KZ\267"
 137      FB5DAC55 
 137      655021AD 
 137      E5DE5BF7 
 137      387F4B5A 
 138 011f 9E7E1CD2 		.ascii	"\236~\034\322\"\336\216\262\244]\271b\221\316\015P\031"
 138      22DE8EB2 
 138      A45DB962 
 138      91CE0D50 
 138      19
 139 0130 6BC66655 		.ascii	"k\306fUI\363\331;\015GL|\2364?\255+\375\323\0221w\355"
 139      49F3D93B 
 139      0D474C7C 
 139      9E343FAD 
 139      2BFDD312 
 140 0147 96251BA1 		.ascii	"\226%\033\241:\326jdpHZ\357\212\374&\340\357Ik{\307"
 140      3AD66A64 
 140      70485AEF 
 140      8AFC26E0 
 140      EF496B7B 
 141 015c C18F23CE 		.ascii	"\301\217#\316\241H\311\032\324\304Z5\006\207!\225\364"
 141      A148C91A 
 141      D4C45A35 
 141      06872195 
 141      F4
 142 016d F7F3FA7B 		.ascii	"\367\363\372{,\341\236O\307\307\352\306\274{\221\236"
 142      2CE19E4F 
ARM GAS  C:\Users\8FEE~1\AppData\Local\Temp\ccJgv91j.s 			page 11


 142      C7C7EAC6 
 142      BC7B919E 
 143 017d 07009FAF 		.ascii	"\007\000\237\257\3666\3367\363\017d\350\212\276\256"
 143      F636DE37 
 143      F30F64E8 
 143      8ABEAE
 144 018c 3529FB44 		.ascii	"5)\373D@\210\300\375\362Ww\012qJ`t\023\324\206\243\037"
 144      4088C0FD 
 144      F257770A 
 144      714A6074 
 144      13D486A3 
 145 01a1 C1E8DFCB 		.ascii	"\301\350\337\313\0310R\007\356\206\312U\276@:C_\266"
 145      19305207 
 145      EE86CA55 
 145      BE403A43 
 145      5FB6
 146 01b3 6E53D14A 		.ascii	"nS\321JU\015\224M\331\221\033\266jP7\272\260\210\365"
 146      550D944D 
 146      D9911BB6 
 146      6A5037BA 
 146      B088F5
 147 01c6 78FF3F41 		.ascii	"x\377?A\013\377PZ7\226\027\357\211\213X\273\313\222"
 147      0BFF505A 
 147      379617EF 
 147      898B58BB 
 147      CB92
 148 01d8 46AC0A1C 		.ascii	"F\254\012\034\035\327z\363\320\223]\361F\025\032 \005"
 148      1DD77AF3 
 148      D0935DF1 
 148      46151A20 
 148      05
 149 01e9 EA21651F 		.ascii	"\352!e\037*~\200\024b\004\321h\004#2\312G\026i\245*"
 149      2A7E8014 
 149      6204D168 
 149      042332CA 
 149      471669A5 
 150 01fe 0801F1E4 		.ascii	"\010\001\361\344\351f\034\322\354\242\226\201J\345e"
 150      E9661CD2 
 150      ECA29681 
 150      4AE565
 151 020d C0F62808 		.ascii	"\300\366(\010(\322\200\015F\231\0064^3\276\236`\301"
 151      28D2800D 
 151      46990634 
 151      5E33BE9E 
 151      60C1
 152 021f 7FE678A0 		.ascii	"\177\346x\240\211%\0005\1772P\037\023\031\205d\354s"
 152      89250035 
 152      7F32501F 
 152      13198564 
 152      EC73
 153 0231 CC425CE7 		.ascii	"\314B\\\347#\225\370\315\357B\236?\264K\243\274%\334"
 153      2395F8CD 
 153      EF429E3F 
 153      B44BA3BC 
 153      25DC
 154 0243 88D5D5D7 		.ascii	"\210\325\325\327\017uj9\217\205I\347\026\037\307Z\240"
 154      0F756A39 
ARM GAS  C:\Users\8FEE~1\AppData\Local\Temp\ccJgv91j.s 			page 12


 154      8F8549E7 
 154      161FC75A 
 154      A0
 155 0254 09725809 		.ascii	"\011rX\011\307\015\305\261~\360Ze\211\230\023\345\254"
 155      C70DC5B1 
 155      7EF05A65 
 155      899813E5 
 155      AC
 156 0265 0FF2AEB5 		.ascii	"\017\362\256\265\234/\217\213\330!-\274\311|D\025\217"
 156      9C2F8F8B 
 156      D8212DBC 
 156      C97C4415 
 156      8F
 157 0276 131F046F 		.ascii	"\023\037\004o\321`S\277\205\2261\364\366\202o\3635\333"
 157      D16053BF 
 157      859631F4 
 157      F6826FF3 
 157      35DB
 158 0288 1C0214B7 		.ascii	"\034\002\024\267UH\373e\320\014\266\022\2345J\013&\304"
 158      5548FB65 
 158      D00CB612 
 158      9C354A0B 
 158      26C4
 159 029a EACC611D 		.ascii	"\352\314a\035\220\356G\322\031Iwt\360T\377\324pF3\252"
 159      90EE47D2 
 159      19497774 
 159      F054FFD4 
 159      704633AA 
 160 02ae 0B361DBB 		.ascii	"\0136\035\273\240\021\016\\\016c\370d\333\2268\035J"
 160      A0110E5C 
 160      0E63F864 
 160      DB96381D 
 160      4A
 161 02bf 360A21AC 		.ascii	"6\012!\254:\217\307\312\021\223d\331\371\322>o\245f"
 161      3A8FC7CA 
 161      119364D9 
 161      F9D23E6F 
 161      A566
 162 02d1 AB10E1A5 		.ascii	"\253\020\341\245\211\360\023\350P\210\215\300\360\307"
 162      89F013E8 
 162      50888DC0 
 162      F0C7
 163 02df C086B173 		.ascii	"\300\206\261s\367|\366I8\262\005\223a|Y\327x[\210\224"
 163      F77CF649 
 163      38B20593 
 163      617C59D7 
 163      785B8894 
 164 02f3 2667D642 		.ascii	"&g\326B\245YHZ4f\013\206\260N%\335q\322\305\217\257"
 164      A559485A 
 164      34660B86 
 164      B04E25DD 
 164      71D2C58F 
 165 0308 33867506 		.ascii	"3\206u\006\322\265\222.a\224\356\341\201\007\235@:-"
 165      D2B5922E 
 165      6194EEE1 
 165      81079D40 
 165      3A2D
ARM GAS  C:\Users\8FEE~1\AppData\Local\Temp\ccJgv91j.s 			page 13


 166 031a AC3392EE 		.ascii	"\2543\222\356\004\351&\343P\024\332\334\255\306\315"
 166      04E926E3 
 166      5014DADC 
 166      ADC6CD
 167 0329 97812F92 		.ascii	"\227\201/\222M8\322|\245\320\034!r\3307\263(\367\314"
 167      4D38D27C 
 167      A5D01C21 
 167      72D837B3 
 167      28F7CC
 168 033c 17C2EF9D 		.ascii	"\027\302\357\235\244\363\00489\226I8\005)h\332<(\232"
 168      A4F30438 
 168      39964938 
 168      052968DA 
 168      3C289A
 169 034f 546A6402 		.ascii	"Tjd\002X\3414\256\335\301\213\346\3607\325A\210B\233"
 169      58E134AE 
 169      DDC18BE6 
 169      F037D541 
 169      88429B
 170 0362 47AD0B7C 		.ascii	"G\255\013|]g\221\240\372\270\302b\226~\257\262.e\320"
 170      5D6791A0 
 170      FAB8C262 
 170      967EAFB2 
 170      2E65D0
 171 0375 466B7CCC 		.ascii	"Fk|\314\232of1\247\\\014\316\220@}\346008\013\270'8"
 171      9A6F6631 
 171      A75C0CCE 
 171      90407DE6 
 171      3030380B 
 172 038c 47F8031B 		.ascii	"G\370\003\033\240\224{\365\232\277\3143\206A\027\205"
 172      A0947BF5 
 172      9ABFCC33 
 172      86411785 
 173 039c 38AD49F2 		.ascii	"8\255I\362x\207\032\204I\305\201\301y\230!G\372\353"
 173      78871A84 
 173      49C581C1 
 173      79982147 
 173      FAEB
 174 03ae D0E54E05 		.ascii	"\320\345N\005\337\300\005Pe\321\014.\312\233\371@sK"
 174      DFC00550 
 174      65D10C2E 
 174      CA9BF940 
 174      734B
 175 03c0 7FDC8C47 		.ascii	"\177\334\214G\021\367d\322\376VY\323n\221\356K\344\206"
 175      11F764D2 
 175      FE5659D3 
 175      6E91EE4B 
 175      E486
 176 03d2 20A89268 		.ascii	" \250\222h\331\000\306\360(\364\344_o\2050\000\211\243"
 176      D900C6F0 
 176      28F4E45F 
 176      6F853000 
 176      89A3
 177 03e4 CFC2141F 		.ascii	"\317\302\024\037\315\006~\306\263\200\013\003;vl\345"
 177      CD067EC6 
 177      B3800B03 
 177      3B766CE5 
ARM GAS  C:\Users\8FEE~1\AppData\Local\Temp\ccJgv91j.s 			page 14


 178 03f4 B8807F7E 		.ascii	"\270\200\177~L\301\247\322T\310\307\3402\344\350<\221"
 178      4CC1A7D2 
 178      54C8C7E0 
 178      32E4E83C 
 178      91
 179 0405 E2FA93E4 		.ascii	"\342\372\223\344Qi\240\243\222H\323|x\273\273T\213\014"
 179      5169A0A3 
 179      9248D37C 
 179      78BBBB54 
 179      8B0C
 180 0417 344AAD32 		.ascii	"4J\2552\206Z\3774\235\277\200\026h\037\027\333i\320"
 180      865AFF34 
 180      9DBF8016 
 180      681F17DB 
 180      69D0
 181 0429 21B1D568 		.ascii	"!\261\325hr\277\200\015\005\255O\207\003\011\024\354"
 181      72BF800D 
 181      05AD4F87 
 181      030914EC 
 182 0439 4550E00A 		.ascii	"EP\340\012\272\344\301\273\021M\366\334\350\327\233"
 182      BAE4C1BB 
 182      114DF6DC 
 182      E8D79B
 183 0448 42B53C1A 		.ascii	"B\265<\032]\203\2532\272\211\242_#\300Tl\314&\377>T"
 183      5D83AB32 
 183      BA89A25F 
 183      23C0546C 
 183      CC26FF3E 
 184 045d D2FE4677 		.ascii	"\322\376Fwe\272\217H\204NyCP\307\252\206\352\377\216"
 184      65BA8F48 
 184      844E7943 
 184      50C7AA86 
 184      EAFF8E
 185 0470 A74A5EC2 		.ascii	"\247J^\3021vA\262\316\223F\370\214a\262\344\177\230"
 185      317641B2 
 185      CE9346F8 
 185      8C61B2E4 
 185      7F98
 186 0482 BC2E998C 		.ascii	"\274.\231\214\266)\001\343u?\217\311\340\010\223\332"
 186      B62901E3 
 186      753F8FC9 
 186      E00893DA 
 187 0492 28AC6E10 		.ascii	"(\254n\020Vc }\337\301\240\207\304\246\261\220\276]"
 187      5663207D 
 187      DFC1A087 
 187      C4A6B190 
 187      BE5D
 188 04a4 C2293983 		.ascii	"\302)9\203\336\261\220\336\224\220\206\236\201\364\211"
 188      DEB190DE 
 188      9490869E 
 188      81F489
 189 04b3 DEDB6C19 		.ascii	"\336\333l\031\341\257[\362\327'\371\213\205\255?\012"
 189      E1AF5BF2 
 189      D727F98B 
 189      85AD3F0A 
 190 04c3 1B059797 		.ascii	"\033\005\227\227\244*o\340A8\326%\231#\206\320\350\353"
 190      A42A6FE0 
ARM GAS  C:\Users\8FEE~1\AppData\Local\Temp\ccJgv91j.s 			page 15


 190      4138D625 
 190      992386D0 
 190      E8EB
 191 04d5 09EC34CC 		.ascii	"\011\3544\314\257\025[\220+\023\203\001\230\317\356"
 191      AF155B90 
 191      2B138301 
 191      98CFEE
 192 04e4 61074BE4 		.ascii	"a\007K\3445\370\007\000\015N\351\276X>\037;\316\037"
 192      35F80700 
 192      0D4EE9BE 
 192      583E1F3B 
 192      CE1F
 193 04f6 1DBD0478 		.ascii	"\035\275\004x\247\003E\302\\\251ii6\374\330W:\2269\\"
 193      A70345C2 
 193      5CA96969 
 193      36FCD857 
 193      3A96395C 
 194 050a 9E37E7BD 		.ascii	"\2367\347\275csyl\356l\233\307m\307\227\3137\254\316"
 194      6373796C 
 194      EE6C9BC7 
 194      6DC797CB 
 194      37ACCE
 195 051d 703AEC69 		.ascii	"p:\354iv\2468\263T\374\235\251f\271\035.%\353S\236\341"
 195      76A638B3 
 195      54FC9DA9 
 195      66B91D2E 
 195      25EB539E 
 196 0532 5EA1642F 		.ascii	"^\241d/\347\353<YJv\226am\306\2525\231s\307\213ew9\235"
 196      E7EB3C59 
 196      4A769661 
 196      6DC6AA35 
 196      9973C78B 
 197 054a AED5B62C 		.ascii	"\256\325\266,\227;\333c[\2608}a\372zT\330]\356\314\245"
 197      973BDB63 
 197      5BB0387D 
 197      61FA7A54 
 197      D85DEECC 
 198 055f 6BE739D3 		.ascii	"k\3479\323V\262w\237\343\312\\\237m[\230\276\344\243"
 198      56B2779F 
 198      E3CA5C9F 
 198      6D5B98BE 
 198      E4A3
 199 0571 2536C76A 		.ascii	"%6\307j\373\2525\3133mv\247\307\341Y\272\302nG\347\177"
 199      FBAA35CB 
 199      336D76A7 
 199      C7E159BA 
 199      C26E47E7 
 200 0586 D51ED5AE 		.ascii	"\325\036\325\256\364l\360\240nR\372\222\305\326e\031"
 200      F46CF0A0 
 200      6E52FA92 
 200      C5D66519 
 201 0596 9E4CACFD 		.ascii	"\236L\254\375uk\312\033Lq3\315\231\351t\2717\260\177"
 201      756BCA1B 
 201      4C7133CD 
 201      99E974B9 
 201      37B07F
 202 05a9 01D8E406 		.ascii	"\001\330\344\006\327"
ARM GAS  C:\Users\8FEE~1\AppData\Local\Temp\ccJgv91j.s 			page 16


 202      D7
 203              		.text
 204              		.section	.gnu.lto_.symbol_nodes.8abfa62d,"",%progbits
 205 0000 789C55CE 		.ascii	"x\234U\316\261\021\203@\020\003@\235\236o\203Z\240\262"
 205      B1118340 
 205      1003409D 
 205      9E6F835A 
 205      A0B2
 206 0012 FB316033 		.ascii	"\3731`3D\304\304TAL\354\032\010h\003\017\302$\374%\322"
 206      44C4C454 
 206      414CEC1A 
 206      0868030F 
 206      C224FC25 
 207 0027 AC928B20 		.ascii	"\254\222\213 &\350\370\242\003\343\027P,\251\2264t\313"
 207      26E8F8A2 
 207      03E31750 
 207      2CA99634 
 207      74CB
 208 0039 C4DE74FE 		.ascii	"\304\336t\376\005H\251\022t\364\220AK/2\350\351\361"
 208      0548A912 
 208      74F49041 
 208      4B2F32E8 
 208      E9F1
 209 004b 090105E6 		.ascii	"\011\001\005\346\355gAm\375\034e\320\003\363\240\264"
 209      ED67416D 
 209      FD1C65D0 
 209      03F3A0B4 
 210 005b 78BB96FD 		.ascii	"x\273\226\375r#v9N6x&\357"
 210      72237639 
 210      4E367826 
 210      EF
 211              		.text
 212              		.section	.gnu.lto_.refs.8abfa62d,"",%progbits
 213 0000 789C6365 		.ascii	"x\234ce`b`d\000\002\000\000I\000\011"
 213      60626064 
 213      00020000 
 213      490009
 214              		.text
 215              		.section	.gnu.lto_.decls.8abfa62d,"",%progbits
 216 0000 789CBD3A 		.ascii	"x\234\275:kPTg\226\375\335\257\037\3204\220Ag\312\311"
 216      6B505467 
 216      96FDDDAF 
 216      1FD03490 
 216      4167CAC9 
 217 0014 523556CA 		.ascii	"R5V\312\331\241\346\341#\311\230dgk7\331\324\316Lj7"
 217      D9A1E6E1 
 217      23C99864 
 217      676B37D9 
 217      D4CE4C6A 
 218 0029 93A971B2 		.ascii	"\223\251q\262\373\307\335.\204\2160\3415\335M\214S["
 218      FBC7DD2E 
 218      848E30E1 
 218      35DD4D8C 
 218      535B
 219 003b 35174144 		.ascii	"5\027ADPQ@\344)\210\200<\005\337Q@\021\025\360\301C"
 219      505140E4 
 219      2988803C 
ARM GAS  C:\Users\8FEE~1\AppData\Local\Temp\ccJgv91j.s 			page 17


 219      05DF5140 
 219      1115F0C1 
 220 0050 5050419E 		.ascii	"PPA\236\002\242\202\010\206\247\302\236\357\321}o7\335"
 220      02A28208 
 220      86A7C29E 
 220      EFD17D6F 
 220      37DD
 221 0062 68AA6697 		.ascii	"h\252f\227\342\364\275\347\273\347;\357s\276\357>T\012"
 221      E2F4BDE7 
 221      BBE73BEF 
 221      73BEEF3E 
 221      540A
 222 0074 4151B746 		.ascii	"AQ\267F\241h\322(\024\017\221B\261\000\177X\241P\224"
 222      A168D228 
 222      140F9142 
 222      B1007F58 
 222      A15094
 223 0087 0290A337 		.ascii	"\002\220\2437\200\032\3403\005\373#\347\027\200\256"
 223      801AE033 
 223      05FB23E7 
 223      1780AE
 224 0096 0DA003E0 		.ascii	"\015\240\003\340\031\300\024\300\034R,\372\373+0x\023"
 224      19C014C0 
 224      1C522CFA 
 224      FB2B3078 
 224      13
 225 00a7 8E5E00CB 		.ascii	"\216^\000\313\001L@S\014\320\004\347W\001\252\001N\002"
 225      014C4053 
 225      0CD004E7 
 225      5701AA01 
 225      4E02
 226 00b9 7C0EF018 		.ascii	"|\016\360\030\306\177\005\360\0021Y\223p\254\202\343"
 226      C67F05F0 
 226      02315993 
 226      70AC82E3 
 227 00c9 3C1CB1A0 		.ascii	"<\034\261\240P(\001T\000c\200\233\001\336E\\7\201\351"
 227      50280154 
 227      0063809B 
 227      01DE455C 
 227      3781E9
 228 00dc 740F7030 		.ascii	"t\017p0A1\014\307~\200>\200\007\000C\000\203\000\007"
 228      41310CC7 
 228      7E803E80 
 228      07004300 
 228      830007
 229 00ef 005CB9EE 		.ascii	"\000\\\271\356D_W\230\347\006\360=\201\331@lY\006\347"
 229      445F5798 
 229      E706F03D 
 229      81D9406C 
 229      5906E7
 230 0102 DF1716DB 		.ascii	"\337\027\026\333Q\012v\374\235\235\035\255\310\261\015"
 230      510A76FC 
 230      9D9D1DAD 
 230      C8B10D
 231 0111 447762C7 		.ascii	"Dwb\307\017\200\317,\034or{\277\253-\2562[\232\234\330"
 231      0F80CF2C 
 231      1C6F727B 
ARM GAS  C:\Users\8FEE~1\AppData\Local\Temp\ccJgv91j.s 			page 18


 231      BFAB2DAE 
 231      325B9A9C 
 232 0126 F3274ED7 		.ascii	"\363'N\327\306\375\277\224M$<?\262\263\355\000F\247"
 232      C6FDBF94 
 232      4D243C3F 
 232      B2B3ED00 
 232      46A7
 233 0138 775FAE12 		.ascii	"w_\256\022\272P'\"$o\320Q\204\330/\242@\321\005\313"
 233      BA502722 
 233      246FD051 
 233      84D82FA2 
 233      40D105CB 
 234 014c 1F42741C 		.ascii	"\037Bt\034F\005\372\313\010\351\020\262\314\340\270"
 234      4605FACB 
 234      08E910B2 
 234      CCE0B8
 235 015b C05181B3 		.ascii	"\300Q\201\263\244\377|2\222qd\227\231$\313\237\202\221"
 235      A4FF7C32 
 235      92716497 
 235      9924CB9F 
 235      8291
 236 016d 334D1494 		.ascii	"3M\024\224;\233\215\004I\000B\362\0112\206Lm~\335\252"
 236      3B9B8D04 
 236      490042F2 
 236      0932864C 
 236      6D7EDDAA 
 237 0181 9F42320E 		.ascii	"\237B2\016Y\254\177\226zcP\333\215\356\223\321\354\017"
 237      59AC7F96 
 237      7A6350DB 
 237      8DEE93D1 
 237      EC0F
 238 0193 111DCB9A 		.ascii	"\021\035\313\232*\230\323`\001\221\363\356\231\202_"
 238      2A98D360 
 238      0191F3EE 
 238      99825F
 239 01a2 AF2E11D9 		.ascii	"\257.\021\331\237\313j\311mGK\346\312\265$\214\350s"
 239      9FCB6AC9 
 239      6D474BE6 
 239      CAB5248C 
 239      E873
 240 01b4 1DDAA424 		.ascii	"\035\332\244$C7\243\3123\360\036\214\274\264HIX7\244"
 240      4337A3CA 
 240      33F01E8C 
 240      BCB44849 
 240      5837A4
 241 01c7 F57B00BA 		.ascii	"\365{\000\272\\\213V:\236pea\252\332\223M\020\000m\031"
 241      5C8B563A 
 241      9E706561 
 241      AADA934D 
 241      10006D19 
 242 01db BB91E9C6 		.ascii	"\273\221\351\306&\274\001\350\223\0237\362\360\212d"
 242      26BC01E8 
 242      931337F2 
 242      F08A64
 243 01ea 2A39527C 		.ascii	"*9R|C@\377\361\003T\216\274Q\031\202LA\307\320\012\370"
 243      4340FFF1 
 243      03548EBC 
ARM GAS  C:\Users\8FEE~1\AppData\Local\Temp\ccJgv91j.s 			page 19


 243      5119824C 
 243      41C7D00A 
 244 01ff 3D8A944C 		.ascii	"=\212\224L\235\223e72\265\272XQ\334&\356\215\024]\177"
 244      9D936537 
 244      32B5BA58 
 244      51DC26EE 
 244      8D145D7F 
 245 0213 4BAEA352 		.ascii	"K\256\243R\240.\241\324\307\221\016\025\241\325\214"
 245      A02EA1D4 
 245      C7910E15 
 245      A1D58C
 246 0222 B6AC26F7 		.ascii	"\266\254&\367\211\013\376\021\261O\270\324|\255\311"
 246      890BFE11 
 246      B14FB8D4 
 246      7CADC9
 247 0231 0DE97C9C 		.ascii	"\015\351|\234\314D\247\220\217lr>\321\245z!\352\255"
 247      CC44A790 
 247      8F6C723E 
 247      D1A57A21 
 247      EAAD
 248 0243 88EDA228 		.ascii	"\210\355\242(\240\223p\341\004\302\374\"\241\343\002"
 248      A09370E1 
 248      04C2FC22 
 248      A1E302
 249 0252 26322794 		.ascii	"&2'\224\324TBQ\214\250\261\367\353\013\213\211w~\242"
 249      D4544251 
 249      8CA8B1F7 
 249      EB0B8B89 
 249      777EA2
 250 0265 4524489E 		.ascii	"E$H\236\204\356\311\331\031w6D(Z\342\307s5x\003\325"
 250      84EEC9D9 
 250      19773644 
 250      285AE2C7 
 250      73357803 
 251 027a 2BF55A7B 		.ascii	"+\365Z{\215\022\371h\231\304\251\364\177J\035\027\305"
 251      8D12F968 
 251      99C4A9F4 
 251      7F4A1D17 
 251      C5
 252 028b 95A80269 		.ascii	"\225\250\002i\321YI\342O\264\360\033cU]!\351}\016\364"
 252      D15949E2 
 252      4FB4F01B 
 252      63555D21 
 252      E97D0EF4 
 253 029f 06B6840E 		.ascii	"\006\266\204\016}\003\203g`\020D\024\346\356\313Q\343"
 253      7D038367 
 253      60104414 
 253      E6EECB51 
 253      E3
 254 02b0 0E4465D4 		.ascii	"\016De\324\236\357\270\243DZ\037\207\014\316;`\300\224"
 254      9EEFB8A3 
 254      445A1F87 
 254      0CCE3B60 
 254      C094
 255 02c2 19AA7CAB 		.ascii	"\031\252|\253\226\232_\005\312TJ\312\200n\314|1i.\313"
 255      969A5F05 
 255      CA544ACA 
ARM GAS  C:\Users\8FEE~1\AppData\Local\Temp\ccJgv91j.s 			page 20


 255      806ECC7C 
 255      31692ECB 
 256 02d6 1DB7D104 		.ascii	"\035\267\321\004\022\304\201+\003\2023!\027\235\012"
 256      12C4812B 
 256      03823321 
 256      179D0A
 257 02e5 99EA5899 		.ascii	"\231\352X\2312K,\256\006!\027$!U\026!\325\027\352v\351"
 257      324B2CAE 
 257      06211724 
 257      21551621 
 257      D517EA76 
 258 02fa A88F09C5 		.ascii	"\250\217\011\305i\346\343\333\323U\263:\234\205\211"
 258      69E6E3DB 
 258      D355B33A 
 258      9C8589
 259 0309 6465CFE1 		.ascii	"de\317\341\361\307j\344\343\215\220\026 \337\222\303"
 259      F1C76AE4 
 259      E38D9016 
 259      20DF92C3 
 260 0319 0A540B13 		.ascii	"\012T\013\023.!l\351\001i\"\3506\366W2\314|9\226#\342"
 260      2E216CE9 
 260      016922E8 
 260      36F65732 
 260      CC7C3996 
 261 032f 150AF48E 		.ascii	"\025\012\364\2167Z\013:^\006\035\311%\005\252\003\015"
 261      375A0B3A 
 261      5E061DC9 
 261      2505AA03 
 261      0D
 262 0340 AF808669 		.ascii	"\257\200\206i\242\013\035\001\201{\033\016\245\273j"
 262      A20B1D01 
 262      817B1B0E 
 262      A5BB6A
 263 034f F9AC9825 		.ascii	"\371\254\230%g\001\365\330D\347-A\236\244\365\240\211"
 263      6701F5D8 
 263      44E72D41 
 263      9EA4F5A0 
 263      89
 264 0360 94A45769 		.ascii	"\224\244Wi\376\020\302\336\330\276a\0255\016\306P\215"
 264      FE10C2DE 
 264      D8BE6115 
 264      350EC650 
 264      8D
 265 0371 6D027DB6 		.ascii	"m\002}\2668\201>c\011\224;\363\364\214\016\347R\363"
 265      38813E63 
 265      09943BF3 
 265      F48C0EE7 
 265      52F3
 266 0383 859B5523 		.ascii	"\205\233U#\275.\326\014\352\036y\253\242\213\370\263"
 266      BD2ED60C 
 266      EA1E79AB 
 266      A28BF8B3 
 267 0393 09443648 		.ascii	"\011D6H\376\374\314i\0065\202\005\237\361\330\334\200"
 267      FEFCCC69 
 267      06358205 
 267      9FF1D8DC 
 267      80
ARM GAS  C:\Users\8FEE~1\AppData\Local\Temp\ccJgv91j.s 			page 21


 268 03a4 C1EBCC86 		.ascii	"\301\353\314\206\272c\221M\254\214\011\247kL5K\345z"
 268      BA63914D 
 268      AC8C09A7 
 268      6B4C354B 
 268      E57A
 269 03b6 B1CA3D3D 		.ascii	"\261\312==x\265V\313\012YD\200\247U<\277\246b\227]\000"
 269      78B556CB 
 269      0A594480 
 269      A7553CBF 
 269      A662975D 
 270 03cb 3D335A7C 		.ascii	"=3Z|\306\235]\256&\263\317N\210'\335q\276\222\332p\371"
 270      C69D5DAE 
 270      26B3CF4E 
 270      8827DD71 
 270      BE92DA70 
 271 03e0 7977BE0E 		.ascii	"yw\276\016\2272d\274\253\240\310\025\037g\310\336\316"
 271      973264BC 
 271      ABA0C815 
 271      1F67C8DE 
 271      CE
 272 03f1 994A37FC 		.ascii	"\231J7\374\015G\346^\366hp\025CF\362\032\217\273\002"
 272      0D47E65E 
 272      F6687015 
 272      4346F21A 
 272      8FBB02
 273 0404 431F2DFA 		.ascii	"C\037-\372\253\314+>\314+\031\373\372\016\270\342K\224"
 273      ABCC2B3E 
 273      CC2B19FB 
 273      FA0EB8E2 
 273      4B94
 274 0416 5438F8E4 		.ascii	"T8\370\344N\244\273\254\256\376>\223\326U\027\330\322"
 274      4EA4BBAC 
 274      AEFE3E93 
 274      D65517D8 
 274      D2
 275 0427 2979C5C7 		.ascii	")y\305\307\352\225\354H\361{\021\353\024\350\026x\240"
 275      EA95EC48 
 275      F17B11EB 
 275      14E81678 
 275      A0
 276 0438 95B8E53E 		.ascii	"\225\270\345>\270\305\207\273\245\003\006\3571\267\354"
 276      B8C587BB 
 276      A50306EF 
 276      31B7EC
 277 0447 882A8877 		.ascii	"\210*\210w\303\215L\310\225\216\350\257\2542\206*\337"
 277      C38D4CC8 
 277      958EE8AF 
 277      AC32862A 
 277      DF
 278 0458 AEA3E5D2 		.ascii	"\256\243\345\322\0132\272%\031]\310\271\220\036\307"
 278      0B32BA25 
 278      195DC8B9 
 278      901EC7
 279 0467 42BACA3A 		.ascii	"B\272\312:.+q;\023\322r \372\251\312*\245=\003\337\277"
 279      2E2B713B 
 279      13D27220 
 279      FAA9CA2A 
ARM GAS  C:\Users\8FEE~1\AppData\Local\Temp\ccJgv91j.s 			page 22


 279      A53D03DF 
 280 047c 0499A544 		.ascii	"\004\231\245D\017@L\237$\246w\0111\375\216\305\344E"
 280      0F404C9F 
 280      24A67709 
 280      31FD8EC5 
 280      E445
 281 048e DF1EF2C0 		.ascii	"\337\036\362\300I*\352\275\222\232\324kn8\233!9\021"
 281      492AEABD 
 281      929AD46B 
 281      6E389B21 
 281      3911
 282 04a0 B7AFBBE3 		.ascii	"\267\257\273\343<\206t\317u\235\302\270\210!E\363\317"
 282      3C8674CF 
 282      759DC2B8 
 282      882145F3 
 282      CF
 283 04b1 AF79E232 		.ascii	"\257y\3422\206t\034\254\035\326\341*\206H}\037\262\211"
 283      86741CAC 
 283      1DD6E12A 
 283      86487D1F 
 283      B289
 284 04c3 F5FD0763 		.ascii	"\365\375\007c)\217\335\2559\364\230\345\320\255\322"
 284      298FDDAD 
 284      39F498E5 
 284      D0ADD2
 285 04d2 2BF92A79 		.ascii	"+\371*y\273\207eBj\367#\264\335?\261\264\373S7\262\322"
 285      BB876542 
 285      6AF723B4 
 285      DD3FB1B4 
 285      FB5337B2 
 286 04e7 55F24A1A 		.ascii	"U\362J\032\261i\367\243\362v\177\242k\317%w\\K\265\021"
 286      B169F7A3 
 286      F2767FA2 
 286      6BCF2577 
 286      5C4BB511 
 287 04fb 763EEC1B 		.ascii	"v>\354\033@\266\375^>\025=\003\227\214\332\365\373\356"
 287      40B6FD5E 
 287      3E153D03 
 287      978CDAF5 
 287      FBEE
 288 050d 7338FE30 		.ascii	"s8\3760\365\355\030\\y*\371v\324\322\360\223\222\357"
 288      F5ED185C 
 288      792AF976 
 288      D4D2F093 
 288      92EF
 289 051f 1479E29D 		.ascii	"\024y\342\235jj\260e\335\363\342\353\336\303\013\031"
 289      6A6AB065 
 289      DDF3E2EB 
 289      DEC30B19 
 290 052f 966220AB 		.ascii	"\226b \253\\A\331\321v7\274\237\321\026OE\235\362\304"
 290      5C41D9D1 
 290      7637BC9F 
 290      D1164F45 
 290      9DF2C4
 291 0542 A90CB1D4 		.ascii	"\251\014\261\324\205\027\257\213\202\301\214=:\206\277"
 291      8517AF8B 
 291      82C18C3D 
ARM GAS  C:\Users\8FEE~1\AppData\Local\Temp\ccJgv91j.s 			page 23


 291      3A86BF
 292 0551 4F1CD4DC 		.ascii	"O\034\324\334\225\207q\026\243\355<\261\373\222\013"
 292      95877116 
 292      A3ED3CB1 
 292      FB920B
 293 0560 2E6048C5 		.ascii	".`H\305\231\312Z^_k\001\215|\220\331\353\201\313\331"
 293      99CA5A5E 
 293      5F6B018D 
 293      7C90D9EB 
 293      81CBD9
 294 0573 B5DAF8A8 		.ascii	"\265\332\370\250]Z|\226\"B\361\356\230'N;\376\302\022"
 294      5D5A7C96 
 294      2242F1EE 
 294      98274E3B 
 294      FEC212
 295 0586 CDF8E7AC 		.ascii	"\315\370\347\254\031\317C\270^:h\306\351\023\367\207"
 295      19CF43B8 
 295      5E3A68C6 
 295      E913F787 
 296 0596 5D99023E 		.ascii	"]\231\002>d\22597\221\247\306W\230\002\227\373[\353"
 296      64953937 
 296      91A7C657 
 296      980297FB 
 296      5BEB
 297 05a8 55B89121 		.ascii	"U\270\221!\3315\275\277\300\335\354\374\334\376\312"
 297      D935BDBF 
 297      C0DDECFC 
 297      DCFECA
 298 05b7 1117FC80 		.ascii	"\021\027\374\200!}\013\363\177\302\317\331\371\316\222"
 298      217D0BF3 
 298      7FC2CFD9 
 298      F9CE92
 299 05c6 9DB51EF8 		.ascii	"\235\265\036\370\005Cr.T<\321\340]\032\212\024<\352"
 299      0543722E 
 299      543CD1E0 
 299      5D1A8A14 
 299      3CEA
 300 05d8 7E81713A 		.ascii	"~\201q:Cz;\353\312=p&C*\246\322+<q.C\032\372\027\306"
 300      437A3BEB 
 300      CA3D7026 
 300      432AA6D2 
 300      2B3C712E 
 301 05f1 B5B89821 		.ascii	"\265\270\230!g\322\346\253\225\3708C\266\357.=@\202"
 301      67D2E6AB 
 301      95F83843 
 301      B6EF2E3D 
 301      4082
 302 0603 A1663D54 		.ascii	"\241f=TC\223q\366\264\222\015\021c\277\206\241\314\324"
 302      439371F6 
 302      B4920D11 
 302      63BF86A1 
 302      CCD4
 303 0615 CE631EF8 		.ascii	"\316c\036\3704\235\"<\351\335\031\353\"\353\030\353"
 303      349D223C 
 303      E9DD19EB 
 303      22EB18EB 
 304 0625 53C7882B 		.ascii	"S\307\210+\366\011Z\024/X]\241\346U&.r\353^\301\207"
ARM GAS  C:\Users\8FEE~1\AppData\Local\Temp\ccJgv91j.s 			page 24


 304      F6095A14 
 304      2F585DA1 
 304      E655262E 
 304      72EB5EC1 
 305 063a F0A66EDD 		.ascii	"\360\246n\335#x\243\335\002-\262\361\231\261\223J\\"
 305      2378A3DD 
 305      022DB2F1 
 305      99B1934A 
 305      5C
 306 064b CD64C4F6 		.ascii	"\315d\304\366\216\277\364dqY\314 \311\001\003kk9E[K"
 306      8EBFF464 
 306      7159CC20 
 306      C901036B 
 306      6B39455B 
 307 0660 22289320 		.ascii	"\"(\223 )\003\272\361uD\234K\325\341z&\244\242\364p"
 307      2903BAF1 
 307      75449C4B 
 307      D5E17A26 
 307      A4A2F470 
 308 0674 8C5632A4 		.ascii	"\214V2\244\343]\026\323\0030w\27747QpjI\262cKf\023\317"
 308      E35D16D3 
 308      033077BF 
 308      34375170 
 308      6A49B263 
 309 068c 9E82D6C7 		.ascii	"\236\202\326\307\034\034\267\177$\337\003\337b\310\334"
 309      1C1CB77F 
 309      24DF03DF 
 309      62C8DC
 310 069b C3A4BB88 		.ascii	"\303\244\273\210\245\205\016\320m\025w\367y\262J\350"
 310      A5850ED0 
 310      6D1577F7 
 310      79B24AE8 
 311 06ab A1ABC66C 		.ascii	"\241\253\306l\314\274\022\3672\332\366]\255\035j<\314"
 311      CCBC12F7 
 311      32DAF65D 
 311      AD1D6A3C 
 311      CC
 312 06bc 549D7954 		.ascii	"T\235yT_\352fU\365\332\012X\266Q\026\350\231\371Zz\036"
 312      5FEA6655 
 312      F5DA0A58 
 312      B65116E8 
 312      99F95A7A 
 313 06d1 74AC676D 		.ascii	"t\254gmS\366\204\013~\312\304\235\335\227\000\311\367"
 313      53F6840B 
 313      7ECAC49D 
 313      DD9700C9 
 313      F7
 314 06e2 2D43BA52 		.ascii	"-C\272R\342*\334p\214\013E\316\307\217\177\343\212\343"
 314      E22ADC70 
 314      8C0B45CE 
 314      C78F7FE3 
 314      8AE3
 315 06f4 19B263BA 		.ascii	"\031\262c\272\257\334\023\2470\344Qdu\257\022g1\244"
 315      AFDC13A7 
 315      30E45164 
 315      75AF1267 
 315      31A4
ARM GAS  C:\Users\8FEE~1\AppData\Local\Temp\ccJgv91j.s 			page 25


 316 0706 6CFB8342 		.ascii	"l\373\203B\0270\306\0332\011\311\026\035o\266\350\234"
 316      1730C61B 
 316      3209C916 
 316      1D6FB6E8 
 316      9C
 317 0717 AC9E2855 		.ascii	"\254\236(U\342\\J+\234>\371 M\346\371\364\325\333w\220"
 317      E25C4A2B 
 317      9C3EF920 
 317      4DE6F9F4 
 317      D5DB7790 
 318 072b A8158145 		.ascii	"\250\025\201E\005\222E\336\326Fm\273\001)\004s\274\271"
 318      059245DE 
 318      D6466DBB 
 318      01290473 
 318      BCB9
 319 073d 3947C09C 		.ascii	"9G\300\234|fNaV\301ew|\224IH\335\177\361\244\207l\311"
 319      7C664E61 
 319      56C16577 
 319      7C944948 
 319      DD7FF1A4 
 320 0754 79EB04CD 		.ascii	"y\353\004\315\213R\220P,I(\022\234\210(q,b[bk\211+>"
 320      8B529050 
 320      2C492812 
 320      9C882871 
 320      2C625B62 
 321 076c CD44F456 		.ascii	"\315D\364V_J\300\262\364y\277\235\032Q\016\"\216J\""
 321      5F4AC0B2 
 321      F479BF9D 
 321      1A510E22 
 321      8E4A22
 322 077f 4A9D8928 		.ascii	"J\235\211(s,b\177\332\340\012|\236\2714n\327|\031\306"
 322      732C627F 
 322      DAE00A7C 
 322      9EB9346E 
 322      D77C19C6 
 323 0793 9799B8CC 		.ascii	"\227\231\270\314\363\263\361\222E}\232\017\321I\220"
 323      F3B3F192 
 323      457D9A0F 
 323      D14990
 324 07a2 74FC3524 		.ascii	"t\3745$\235p,\351~\346\323\011%\276\301D\345^*\273\251"
 324      9D702CE9 
 324      7EE6D309 
 324      25BEC144 
 324      E55E2ABB 
 325 07b7 C12D4C54 		.ascii	"\301-LT\377\360\361iiO\360\010D}\003\242N\277\206\250"
 325      FFF0F169 
 325      694FF008 
 325      447D03A2 
 325      4EBF86A8 
 326 07cb 338E458D 		.ascii	"3\216E\215F"
 326      46
 327 07d0 0DF4F0ED 		.ascii	"\015\364\360\355\320\012R I)\357\340\016&\270\340\351"
 327      D00A5220 
 327      4929EFE0 
 327      0E26B8E0 
 327      E9
 328 07e1 F0550FF9 		.ascii	"\360U\017\371\302\365\300f\013X!X\266\200\333\372N\267"
ARM GAS  C:\Users\8FEE~1\AppData\Local\Temp\ccJgv91j.s 			page 26


 328      C2F5C066 
 328      0B582158 
 328      B680DBFA 
 328      4EB7
 329 07f3 21DCC766 		.ascii	"!\334\307f]l\210,t\303C\014\351{y\350\201\006\2170d"
 329      5D6C882C 
 329      74C3430C 
 329      E97B79E8 
 329      81068F30 
 330 0808 3AE56AAE 		.ascii	":\345j\256;\236`HBIs\273\032O1\244\353\350|\245\032"
 330      3B9E6048 
 330      424973BB 
 330      1A4F31A4 
 330      EBE87CA5 
 331 081d CF3224AB 		.ascii	"\3172$\253\363Y\251\006\277d\366^\274}\250\320\335v"
 331      F359A906 
 331      BF64F65E 
 331      BC7DA8D0 
 331      DD76
 332 082f 0D845B2B 		.ascii	"\015\204[+k\371\\\006\243>\267]\001aw\321\320\277\203"
 332      6BF95C06 
 332      A33EB75D 
 332      016177D1 
 332      D0BF83
 333 0842 AC809704 		.ascii	"\254\200\227\004\330\217J\236\371\234/\200=\333j[]p"
 333      D88F4A9E 
 333      F99C2F80 
 333      3DDB6A5B 
 333      5D70
 334 0854 B42B5B00 		.ascii	"\264+[\000Go\275p\307\261\014\021g\316\337S\343=\014"
 334      476FBD70 
 334      C7B10C11 
 334      67CEDF53 
 334      E33D0C
 335 0867 E9D83FDD 		.ascii	"\351\330?\335\343\212\3671\244\376v\334\005%Nb\310\221"
 335      E38AF731 
 335      A4FE76DC 
 335      05254E62 
 335      C891
 336 0879 EB3DA20A 		.ascii	"\353=\242\012\037`He\354\365\027.8\215!i\347vl\323\342"
 336      1F604865 
 336      ECF5172E 
 336      388D2169 
 336      E7766CD3 
 337 088e 4C86142F 		.ascii	"L\206\024/L\304\353p6C\246+o\346\010\314\315\253\310"
 337      4CC4EB70 
 337      3643A62B 
 337      6FE608CC 
 337      CDABC8
 338 08a1 16A43AAE 		.ascii	"\026\244:\256\036\263\366\222\015\013\255\333\376\234"
 338      1EB3F692 
 338      0D0BADDB 
 338      FE9C
 339 08af 53973DD0 		.ascii	"S\227=\320*\366\267l\225\317\252\034bo\365P\251j\270"
 339      2AF6B76C 
 339      95CFAA1C 
 339      626FF550 
ARM GAS  C:\Users\8FEE~1\AppData\Local\Temp\ccJgv91j.s 			page 27


 339      A96AB8
 340 08c2 F8DA2E31 		.ascii	"\370\332.1\273\006Qk\352\300\232va\231d\377M\032\211"
 340      BB06516B 
 340      EAC09A76 
 340      619964FF 
 340      4D1A89
 341 08d5 52F2AB60 		.ascii	"R\362\253`SZ\376;U\254\216\302\224\274\326\236\374\254"
 341      535AFE3B 
 341      55AC8EC2 
 341      94BCD69E 
 341      FCAC
 342 08e7 40C8D749 		.ascii	"@\310\327I\32452\352z\307\314e\324}2\352\213\366\324"
 342      D43532EA 
 342      7AC7CC65 
 342      D47D32EA 
 342      8BF6D4
 343 08fa 138BA8FF 		.ascii	"\023\213\250\377K\242\276aO\275\306\216\370\221\214"
 343      4BA2BE61 
 343      4FBDC68E 
 343      F8918C
 344 0909 F8BA4362 		.ascii	"\370\272Cb\271\221\2632\352\253\366\324\2552\237\354"
 344      B991B332 
 344      EAABF6D4 
 344      AD329FEC 
 345 0919 A33D5714 		.ascii	"\243=W\024?T\302\376\015\222\276\021\034\200\032\370"
 345      3F54C2FE 
 345      0D92BE11 
 345      1C801AF8 
 346 0929 0CC80B74 		.ascii	"\014\310\013t\027\022\350\226\260\012\335\006\270\003"
 346      1712E896 
 346      B00ADD06 
 346      B803
 347 0937 D006D002 		.ascii	"\320\006\320\002\320\014p\023\340\036@\253\260\212\336"
 347      D00C7013 
 347      E01E40AB 
 347      B08ADE
 348 0946 7C31D9E3 		.ascii	"|1\331\3432\331\327\034\313\246v\261ll\354x#B\024\021"
 348      32D9D71C 
 348      CBA676B1 
 348      6C6CEC78 
 348      23421411 
 349 095a A152F044 		.ascii	"\241R\360D\224Xuuy%D\212\365k)\257+\216\203\305\354"
 349      94587575 
 349      7925448A 
 349      F56B29AF 
 349      2B8E83C5 
 350 096f 809449BC 		.ascii	"\200\224I\274\226\270G)\257F91\354\211\255\325\330U"
 350      96B84729 
 350      AF463931 
 350      EC89ADD5 
 350      D855
 351 0981 9933E58E 		.ascii	"\2313\345\216\373h\336\341\246\247\031\225:\264j\231"
 351      FB68DEE1 
 351      A6A71995 
 351      3AB46A99 
 352 0991 0F9308C5 		.ascii	"\017\223\010\305\2216p\235%\024\314@\325 \264\313q\\"
 352      9136709D 
ARM GAS  C:\Users\8FEE~1\AppData\Local\Temp\ccJgv91j.s 			page 28


 352      2514CC40 
 352      D520B4CB 
 352      715C
 353 09a3 F6F1E58A 		.ascii	"\366\361\345\212\270\316z\271\223\323\023\327u\203\353"
 353      B8CE7AB9 
 353      93D313D7 
 353      7583EB
 354 09b2 EE73D770 		.ascii	"\356s\327pc\013\231\261]\266\306\222Z\33064\202\361"
 354      630B99B1 
 354      5DB6C692 
 354      5AD83634 
 354      82F1
 355 09c4 53560B8F 		.ascii	"SV\013\217\007\213\333\004\374\234!\031\3355]|;v\231"
 355      078BDB04 
 355      FC9C2119 
 355      DD355D7C 
 355      3B7699
 356 09d7 E0A7BB93 		.ascii	"\340\247\273\223v\352xe\220'3C\223\223mj<\317\210O,"
 356      76EA7865 
 356      90273343 
 356      93936D6A 
 356      3CCF884F 
 357 09ec 1446631C 		.ascii	"\024Fc\034\305\226\255\027yMw\\\360n\206\\|y7C\213\223"
 357      C596AD17 
 357      794D775C 
 357      F06E865C 
 357      7C793743 
 358 0a02 29F28FBD 		.ascii	")\362\217\275\261G\322\324`4\324\222n\031\377\007\014"
 358      B147D2D4 
 358      6034D492 
 358      6E19FF07 
 358      0C
 359 0a13 EACA871C 		.ascii	"\352\312\207\034\340w9\273\004\205\266J\247\203\037"
 359      E07739BB 
 359      0485B64A 
 359      A7831F
 360 0a22 72C2FFE0 		.ascii	"r\302\377\340\252\017\367\326\324u\325\303+\215\314"
 360      AA0FF7D6 
 360      D475D5C3 
 360      2B8DCC
 361 0a31 5BD0EDD0 		.ascii	"[\320\355\3209\260~\330Y\210\344\251\326\017\251\326"
 361      39B07ED8 
 361      5988E4A9 
 361      D60FA9D6 
 362 0a41 4752AD97 		.ascii	"GR\255\227\317 \376\312\302>\350 ^\2052\0012\000\322"
 362      CF20FECA 
 362      C23EE820 
 362      5E853201 
 362      3200D2
 363 0a54 01D20052 		.ascii	"\001\322\000R\001\036B\232\245\300\361\000@2@$\300K"
 363      011E429A 
 363      A5C0F100 
 363      40324024 
 363      C04B
 364 0a66 189B04F8 		.ascii	"\030\233\004\370\026\340\011\300c\200G6\251\330\362"
 364      16E009C0 
 364      63804736 
ARM GAS  C:\Users\8FEE~1\AppData\Local\Temp\ccJgv91j.s 			page 29


 364      A9D8F2
 365 0a75 3B968AD0 		.ascii	";\226\212\320\001\037\330\2536e_\216]\015^\2114\331"
 365      011FD8AB 
 365      36655F8E 
 365      5D0D5E89 
 365      34D9
 366 0a87 C8338819 		.ascii	"\3103\210\031dG>\275\250\221\314\337X\316\350G\300\362"
 366      64473EBD 
 366      A891CCDF 
 366      58CEE847 
 366      C0F2
 367 0a99 59C7F494 		.ascii	"Y\307\364\224\275,%GmRr\204\245\244\3341-p\221\264\025"
 367      BD2C2547 
 367      6D527284 
 367      A5A4DC31 
 367      2D7091B4 
 368 0aae 3408FA8E 		.ascii	"4\010\372\216r\307\344\200c\016\201\301\343`\340S\033"
 368      72C7E480 
 368      630E81C1 
 368      E360E053 
 368      1B
 369 0abf 03E7EEA8 		.ascii	"\003\347\356\250\346\217\213\"\334\254\214\201\022w"
 369      E68F8B22 
 369      DCAC8C81 
 369      1277
 370 0acd 10B69160 		.ascii	"\020\266\221`S\3512-\236\331h1\266\204\026\207A\362"
 370      53E9322D 
 370      9ED96831 
 370      B6841687 
 370      41F2
 371 0adf ABB5E83B 		.ascii	"\253\265\350;\200\305\334\025h\002T\230t\254\202\275"
 371      80C5DC15 
 371      68025498 
 371      74AC82BD 
 372 0aef 1F9EDB68 		.ascii	"\037\236\333h@&\262jp\230#\331 \370\377.G \207\353\013"
 372      4026B26A 
 372      709823D9 
 372      20F8FF2E 
 372      472087EB 
 373 0b04 790E935B 		.ascii	"y\016\223[\242\027\366\221\234\263\215<\224q\313\277"
 373      A217F691 
 373      9CB38D3C 
 373      9471CBBF 
 374 0b14 45D0B49A 		.ascii	"E\320\264\232\002\262\010\236W\326\373p\321I\312[\011"
 374      02B2089E 
 374      57D6FB70 
 374      D149CA5B 
 374      09
 375 0b25 5E405B98 		.ascii	"^@[\230\341\346\314\301\371,\2504m\243Rc\021\317,\342"
 375      E1E6CCC1 
 375      F92CA834 
 375      6DA35263 
 375      11CF2CE2 
 376 0b39 98481030 		.ascii	"\230H\0200\343\244\331;\344\277\215Op\316\277\346\247"
 376      E3A4D93B 
 376      E4BF8D4F 
 376      70CEBFE6 
ARM GAS  C:\Users\8FEE~1\AppData\Local\Temp\ccJgv91j.s 			page 30


 376      A7
 377 0b4a AC2C2678 		.ascii	"\254,&x\316,f/k\320\363\274g\315\330\366,\376\364\364"
 377      CE2C662F 
 377      6BD0F3BC 
 377      67CDD8F6 
 377      2CFEF4F4 
 378 0b5e BEAAE070 		.ascii	"\276\252\340p\002\331K\020_DI{\011Bmq\027x\270\304\352"
 378      02D94B10 
 378      5F44497B 
 378      09426D71 
 378      1778B8C4 
 379 0b73 6120DB6E 		.ascii	"a \333n_\212\242\260tS\335\006A\0271\263(\002\316\027"
 379      5F8AA2B0 
 379      7453DD06 
 379      411731B3 
 379      2802CE17 
 380 0b87 6CBD5528 		.ascii	"l\275U(\363\0261\207\220\276n\277\216\026\260C\326\314"
 380      F3163187 
 380      90BE6EBF 
 380      8E16B043 
 380      D6CC
 381 0b99 BC5A6E3B 		.ascii	"\274Zn;P8\264=5\222\332N\214\332!\331N\250e\266gYl\217"
 381      5038B43D 
 381      3592DA4E 
 381      8CDA21D9 
 381      4EA865B6 
 382 0bb1 C2CB518C 		.ascii	"\302\313Q\214\275\355\023\262\354Jp\240\241\202N#\352"
 382      BDED13B2 
 382      EC4A70A0 
 382      A1824E23 
 382      EA
 383 0bc2 ED07F592 		.ascii	"\355\007\365\222 \245\023\001\022\000\366\000\354\006"
 383      20A51301 
 383      1200F600 
 383      EC06
 384 0bd0 D801100D 		.ascii	"\330\001\020\015\260\035\313\275\362\350\023\026c\222"
 384      B01DCBBD 
 384      F2E81316 
 384      6392
 385 0bde D23B4128 		.ascii	"\322;A(\341\342ts1Z/ke\261\257\242\356\373g\306:\006"
 385      E1E27473 
 385      315A2F6B 
 385      65B1AFA2 
 385      EEFB67C6 
 386 0bf4 EB509C73 		.ascii	"\353P\234sbY\271\357\304\362r\207y\366\015'\035j=\215"
 386      6259B9EF 
 386      C4F27287 
 386      79F60D27 
 386      1D6A3D8D 
 387 0c08 D47A2AF0 		.ascii	"\324z*\360\333\311\343\261\013\014\216\003\303b%\303"
 387      DBC9E3B1 
 387      0B0C8E03 
 387      C36225C3 
 388 0c18 C8FDD063 		.ascii	"\310\375\320c\325\323\361\007\242\230\240\243w\273\273"
 388      D5D3F107 
 388      A298A0A3 
 388      77BBBB
ARM GAS  C:\Users\8FEE~1\AppData\Local\Temp\ccJgv91j.s 			page 31


 389 0c27 F804470D 		.ascii	"\370\004G\015\207Mx\364\003\322\234H~\246pZk\251\330"
 389      874D78F4 
 389      03D29C48 
 389      7EA6705A 
 389      6BA9D8
 390 0c3a E7FA60B4 		.ascii	"\347\372`\264\212\334\235\356\304\366{\021\026\311\307"
 390      8ADC9DEE 
 390      C4F67B11 
 390      16C9C7
 391 0c49 477824C9 		.ascii	"Gx$\311\355k\306\253\3344Y\305\235\032\017~\312~-?\355"
 391      ED6BC6AB 
 391      DC3459C5 
 391      9D1A0F7E 
 391      CA7E2D3F 
 392 0c5e 054AC94F 		.ascii	"\005J\311O\361\314ON\332&\332\007\356\221:\2475'wE\306"
 392      F1CC4F4E 
 392      DA26DA07 
 392      EE913AA7 
 392      35277745 
 393 0c73 919C24AC 		.ascii	"\221\234$\254\016I99A\233\274\265\3435\325qK`e\314Y"
 393      0E493939 
 393      419BBCB5 
 393      E335D571 
 393      4B6065CC 
 394 0c88 D2105205 		.ascii	"\322\020R\005\225|a$f\037~\025\365\265_\261\354 \304"
 394      957C6124 
 394      661F7E15 
 394      F5B55FB1 
 394      EC20C4
 395 0c9b B9CE8999 		.ascii	"\271\316\211\231\276m\347\324\304\341@\263x\3637Y\346"
 395      BE6DE7D4 
 395      C4E140B3 
 395      78F33759 
 395      E6
 396 0cac 35B14D4C 		.ascii	"5\261MLYK\357J\363x\335\360{5V5\345\262\325\370\332"
 396      594BEF4A 
 396      F378DDF0 
 396      7B355635 
 396      E5B2D5F8 
 397 0cc1 9A036275 		.ascii	"\232\003bu\004\2467\226\307\034\021\277#\333K\257f\264"
 397      04A63796 
 397      C71C11BF 
 397      23DB4BAF 
 397      66B4
 398 0cd3 E4CEF094 		.ascii	"\344\316\360\224#ZY\024\347Kx\024\311\303\373J\307\373"
 398      235A5914 
 398      E74B7814 
 398      C9C3FB4A 
 398      C7FB
 399 0ce5 1BF9FDC2 		.ascii	"\033\371\375\302\317\245\326ZeO\275\370fd\366g\022\371"
 399      CFA5D65A 
 399      654FBDF8 
 399      6664F667 
 399      12F9
 400 0cf7 79C7E432 		.ascii	"y\307\3442\327\216\026\363@\220\035\346\005{\362\326"
 400      D78E16F3 
 400      40901DE6 
ARM GAS  C:\Users\8FEE~1\AppData\Local\Temp\ccJgv91j.s 			page 32


 400      057BF2D6 
 401 0d07 45DCFB38 		.ascii	"E\334\3738w\262\241\351qL.\343~\357g\322\252\226b\277"
 401      77B2A1E9 
 401      714C2EE3 
 401      7EEF67D2 
 401      AA9662BF 
 402 0d1b AA2D0A5C 		.ascii	"\252-\012\\1\353\214\303NV\205\205\347\344q\024\311"
 402      31EB8CC3 
 402      4E568585 
 402      E7E47114 
 402      C9
 403 0d2c D7012909 		.ascii	"\327\001)\011\207e\213\302\302\035\325\354x\024-c\213"
 403      87658BC2 
 403      C21DD5EC 
 403      78142D63 
 403      8B
 404 0d3d C0D1A504 		.ascii	"\300\321\245\0046\356\300$SF\035\311\033L\326\220kd"
 404      36EEC024 
 404      53461DC9 
 404      1B4CD690 
 404      6B64
 405 0d4f 5B332449 		.ascii	"[3$I\033\245\322`\353\333\\\224\223\256\303\227\335"
 405      1BA5D260 
 405      EBDB5C94 
 405      93AEC397 
 405      DD
 406 0d60 C8D67745 		.ascii	"\310\326wEfNn\247'\362YN6\277:\262\345eg\260\247\205"
 406      664E6EA7 
 406      27F2594E 
 406      36BF3AB2 
 406      E56567B0 
 407 0d76 5DAD0FBF 		.ascii	"]\255\017\277C\236Ue\366\357!UT\016\311;,=#\315\307"
 407      439E5565 
 407      F6EF2155 
 407      540EC93B 
 407      2C3D23CD 
 408 0d8b CB2D6D3A 		.ascii	"\313-m:\033\332\364\012\331\252;\000T\371\274S\177\003"
 408      1BDAF40A 
 408      D9AA3B00 
 408      54F9BC53 
 408      7F03
 409 0d9d 9579061A 		.ascii	"\225y\006\032\3271\200#6\315\253+]\313\234\\\000mh\220"
 409      D7318023 
 409      36CDAB2B 
 409      5DCB9C5C 
 409      006D6890 
 410 0db1 4F7160B3 		.ascii	"Oq`\263\243\205]A'\021\376\225\300\277\010x\027\332"
 410      A3855D41 
 410      2711FE95 
 410      C0BF0878 
 410      17DA
 411 0dc3 74FCB674 		.ascii	"t\374\266t\236\035\3449\374\020b2\234\337\"6\246\363"
 411      9E1DE439 
 411      FC106232 
 411      9CDF2236 
 411      A6F3
 412 0dd5 C42E864E 		.ascii	"\304.\206N\361\320!\271}{*\261i\343\305vm\034\274\361"
ARM GAS  C:\Users\8FEE~1\AppData\Local\Temp\ccJgv91j.s 			page 33


 412      F1D021B9 
 412      7D7B2AB1 
 412      69E3C576 
 412      6D1CBCF1 
 413 0de9 1C2E920A 		.ascii	"\034.\222\012B\025\240\341Q\256\35598?\013\332\226\001"
 413      4215A0E1 
 413      51AEED39 
 413      383F0BDA 
 413      9601
 414 0dfb 94DA7863 		.ascii	"\224\332xc2\303+Q$*\220\310}\013*\220)\326\275\247,"
 414      32C32B51 
 414      242A90C8 
 414      7D0B2A90 
 414      29D6BDA7 
 415 0e10 FD1DCA18 		.ascii	"\375\035\312\030\347\023\226\226\321\347\235&V\223&"
 415      E7139696 
 415      D1E79D26 
 415      569326
 416 0e1f 028EBECD 		.ascii	"\002\216\276\315gX\035.\253\001\207A\315\003\266\257"
 416      67581D2E 
 416      AB018741 
 416      CD03B6AF 
 417 0e2f 0EEA7C1A 		.ascii	"\016\352|\032\017\352q\340\335\366]\203z\234\233p\032"
 417      0FEA71E0 
 417      DDF65D83 
 417      7A9C9B70 
 417      1A
 418 0e40 F89F04DE 		.ascii	"\370\237\004\336'l\202:\231&\013j;b2\234\007u4\215\007"
 418      276C823A 
 418      99260B6A 
 418      3B62329C 
 418      0775348D 
 419 0e55 F514667B 		.ascii	"\365\024f{\241\305\344\366A-\227\365g\005\231'\253\253"
 419      A1C5E4F6 
 419      412D97F5 
 419      67059927 
 419      ABAB
 420 0e67 34DA9D8F 		.ascii	"4\332\235\217/Z\016\311\335R\232\367\241H1&RM\037z\335"
 420      2F5A0EC9 
 420      DD529AF7 
 420      A1483126 
 420      524D1F7A 
 421 0e7c 756E35EF 		.ascii	"un5\357\027i\036\204U\276\243F\337\226\301m$od\036\361"
 421      17691E84 
 421      55BEA346 
 421      DF96C16D 
 421      246F641E 
 422 0e91 18395D32 		.ascii	"\0309]2\0323X\3479\352hOV\233\272\"\222\\$\231\232\213"
 422      1A3358E7 
 422      39EA684F 
 422      569BBA22 
 422      925C2499 
 423 0ea7 AD757B94 		.ascii	"\255u{\224\356\3108I:5\252\000\333\337\202W\346E7\012"
 423      EEC83849 
 423      3A35AA00 
 423      DBDF8257 
 423      E645370A 
ARM GAS  C:\Users\8FEE~1\AppData\Local\Temp\ccJgv91j.s 			page 34


 424 0ebb F44516A9 		.ascii	"\364E\026\251\210f\366\"+\272\366N\235Z\376\"\213tj"
 424      8866F622 
 424      2BBAF64E 
 424      9D5AFE22 
 424      8B746A
 425 0ece E94DD679 		.ascii	"\351M\326yL\336dUa\376&\253\362\336H\224\360V\266\230"
 425      4CDE6455 
 425      61FE26AB 
 425      F2DE4894 
 425      F056B698 
 426 0ee2 DD23563F 		.ascii	"\335#V?\215\321\024\365\327\302*\213>$d\250Pj#\205\344"
 426      8DD114F5 
 426      D7C22A8B 
 426      3E2464A8 
 426      506A2385 
 427 0ef7 7D352A40 		.ascii	"}5*@\335\010\035A]H\201.\340\267`\366\225\301\2743j"
 427      DD081D41 
 427      5D48812E 
 427      E0B760F6 
 427      95C1BC33 
 428 0f0c 5CAAB37B 		.ascii	"\\\252\263{\323f\375\302\302\366K\204\213X\271\370\325"
 428      D366FDC2 
 428      C2F64B84 
 428      8B58B9F8 
 428      D5
 429 0f1d 790D1BB4 		.ascii	"y\015\033\264}\345|\211\015>N\313LQ\342:\306>%\241\344"
 429      7DE57C89 
 429      0D3E4ECB 
 429      4C51E23A 
 429      C63E25A1 
 430 0f32 2CC2AD14 		.ascii	",\302\255\024Q~\323|\362\212\032\351\340\306_\226\027"
 430      517ED37C 
 430      F28A1AE9 
 430      E0C65F96 
 430      17
 431 0f43 576D8ABD 		.ascii	"Wm\212\275\216\345\005\013\330B\272f\3469\333\202\325"
 431      8EE5050B 
 431      D842BA66 
 431      E639DB82 
 431      D5
 432 0f54 F13CBBFA 		.ascii	"\361<\273\372\035\366\334\265\230\321\223\254\277\006"
 432      1DF6DCB5 
 432      98D193AC 
 432      BF06
 433 0f62 595F8F6D 		.ascii	"Y_\217m\366\334\254\321_\265\217\217*\347Jk\214\026"
 433      F6DCACD1 
 433      5FB58F8F 
 433      2AE74A6B 
 433      8C16
 434 0f74 AD022DF9 		.ascii	"\255\002-\371\303\277\306\024\236\354\026%\032\034+"
 434      C3BFC614 
 434      9EEC1625 
 434      1A1C2B
 435 0f83 C1A80753 		.ascii	"\301\250\007S\354\262\254\301\311\256\321\321\276TA"
 435      ECB2ACC1 
 435      C9AED1D1 
 435      BE5441
ARM GAS  C:\Users\8FEE~1\AppData\Local\Temp\ccJgv91j.s 			page 35


 436 0f92 A989C28D 		.ascii	"\251\211\302\215\240\360u(\323&\200\033\266\212"
 436      A0F07528 
 436      D326801B 
 436      B68A
 437 0fa0 A778D1C4 		.ascii	"\247x\321\304lpT.m)\262:\276\202\035\351j}\220\325\222"
 437      6C70542E 
 437      6D29B23A 
 437      BE821DE9 
 437      6A7D90D5 
 438 0fb5 7CA55883 		.ascii	"|\245X\203\223\335\351\363\335\352\335\311\207\004\264"
 438      93DDE9F3 
 438      DDEADDC9 
 438      8704B4
 439 0fc4 CCC7E16E 		.ascii	"\314\307\341n\271\005\224y\265b\223)4\343o\002a\263"
 439      B9059479 
 439      B5629329 
 439      34E36F02 
 439      61B3
 440 0fd6 54130D98 		.ascii	"T\023\015\230/\217\003s\211\323j\371s\263\2336\221o"
 440      2F8F0373 
 440      89D36AF9 
 440      73B39B36 
 440      916F
 441 0fe8 C596E766 		.ascii	"\305\226\347fG\037>\331\347J\263\012\306\320e\226Ue"
 441      471F3ED9 
 441      E74AB30A 
 441      C6D06596 
 441      5565
 442 0ffa F991CF54 		.ascii	"\371\221\317T\316\013"
 442      CE0B
 443 1000 E4362D90 		.ascii	"\3446-\220[\226\002)=\227\337\217\244\002)\034\340\005"
 443      5B960229 
 443      3D97DF8F 
 443      A402291C 
 443      E005
 444 1012 0264A85A 		.ascii	"\002d\250Z\322\015Nm\013\244\215\026H\\Y\311\240\026"
 444      D20D4E6D 
 444      0BA48D16 
 444      485C59C9 
 444      A016
 445 1024 E752C7A0 		.ascii	"\347R\307\240'\217\367}\313\012\204\3544Y\205\234\334"
 445      278FF77D 
 445      CB0A84EC 
 445      3459859C 
 445      DC
 446 1035 76BBC293 		.ascii	"v\273\302\223\216\321{A\246\341\376\364S\245\310\351"
 446      8ED17B41 
 446      A6E1FEF4 
 446      53A5C8E9 
 447 1045 A747F7A8 		.ascii	"\247G\367\250\202w-\012\356O\276\336K*\270\207\355\370"
 447      82772D0A 
 447      EE4FBEDE 
 447      4B2AB887 
 447      EDF8
 448 1057 EBE341C1 		.ascii	"\353\343A\301C\210\222\241vI\301v\314\2768A\035T\261"
 448      438892A1 
 448      7649C176 
ARM GAS  C:\Users\8FEE~1\AppData\Local\Temp\ccJgv91j.s 			page 36


 448      CCBE3841 
 448      1D54B1
 449 106a 84A2B646 		.ascii	"\204\242\266F%>\306\024\253\233,\315\362\304u\014\031"
 449      253EC614 
 449      AB9B2CCD 
 449      F2C4750C 
 449      19
 450 107b 4ADF9DAD 		.ascii	"J\337\235\255\305\015\014)\236K\353\327\341\026\206"
 450      C50D0C29 
 450      9E4BEBD7 
 450      E11686
 451 108a 9457468D 		.ascii	"\224WF\215\360/\252\252\311;\247\307b\\\025\302w\350"
 451      F02FAAAA 
 451      C93BA7C7 
 451      625C15C2 
 451      77E8
 452 109c 45979696 		.ascii	"E\227\226\226\374A5\242\217\272\255\317\272\027r\177"
 452      FC4135A2 
 452      8FBAADCF 
 452      BA17727F 
 453 10ac DA9B172D 		.ascii	"\332\233\027-\356\365\245\217\332\272@\231\001\347\367"
 453      EEF5A58F 
 453      DABA4099 
 453      01E7F7
 454 10bb 3D6497FB 		.ascii	"=d\227\373C\266\373#\324\335\366\324\016V\2167\023\254"
 454      43B6FB23 
 454      D4DDF6D4 
 454      0E568E37 
 454      13AC
 455 10cd 4FBFC866 		.ascii	"O\277\310f\321\001\363\305\017\035z\2607\337\003\017"
 455      D101F3C5 
 455      0F1D7AB0 
 455      37DF030F 
 456 10dd F0347C48 		.ascii	"\3604|H\036\326@\012\366\003\364\001<\000\030\002\030"
 456      1ED6400A 
 456      F603F401 
 456      3C001802 
 456      18
 457 10ee B459D646 		.ascii	"\264Y\326F\323\275\2314hn\275\366\272-\336&7\246s\345"
 457      D3BD9934 
 457      686EBDF6 
 457      BA2DDE26 
 457      37A673E5 
 458 1102 48E3BBEF 		.ascii	"H\343\273\357\230^\266D\214\362J\034pT\211\215\251\\"
 458      985EB644 
 458      8CF24A1C 
 458      7054898D 
 458      A95C
 459 1114 B46543BF 		.ascii	"\264eC\277\330/\353x!\326t\017\236\303\270\223\025\342"
 459      D82FEB78 
 459      21D6740F 
 459      9EC3B893 
 459      15E2
 460 1126 8EF89923 		.ascii	"\216\370\231#J\273B\264\230\217\236\200\325\257\353"
 460      4ABB42B4 
 460      988F9E80 
 460      D5AFEB
ARM GAS  C:\Users\8FEE~1\AppData\Local\Temp\ccJgv91j.s 			page 37


 461 1135 015E946C 		.ascii	"\001^\224l\031z\014\223\036Iy5`)\312\271\330\010Q\267"
 461      197A0C93 
 461      1E497935 
 461      6029CAB9 
 461      D80851B7 
 462 1149 8CCB8A71 		.ascii	"\214\313\212q&K\261\244 \362\276~\250\271\335\346#\245"
 462      264BB1A4 
 462      20F2BE7E 
 462      A8B9DDE6 
 462      23A5
 463 115b 119BDA1E 		.ascii	"\021\233\332\036\265\326v\247x\352\241\007\255\034\030"
 463      B5D676A7 
 463      78EAA107 
 463      AD1C18
 464 116a E3D55450 		.ascii	"\343\325TPqx\332\315yi\217\321\312yj\251\234\203\243"
 464      7178DACD 
 464      79698FD1 
 464      CA796AA9 
 464      9C83A3
 465 117d 8DB1EEBC 		.ascii	"\215\261\356\274r\346\253\336\334\027\231\355CHP\247"
 465      72E6ABDE 
 465      DC1799ED 
 465      434850A7 
 466 118d 645DA7A5 		.ascii	"d]\247\245j\236\321\252Y8\334U\345\216\307\334_\357"
 466      6A9ED1AA 
 466      5938DC55 
 466      E58EC7DC 
 466      5FEF
 467 119f CB920956 		.ascii	"\313\222\011V\315#\223\021\242\326\272J?g\203\215\347"
 467      CD239311 
 467      A2D6BA4A 
 467      3F67838D 
 467      E7
 468 11b0 923C9C7E 		.ascii	"\222<\234~m2I\365\374\326\252g\316T\245\033\327\023"
 468      6D3249F5 
 468      FCD6AA67 
 468      CE54A51B 
 468      D713
 469 11c2 36FA3179 		.ascii	"6\3721y\274\302\201\014\215K\272\216[t\235\242\272^"
 469      BCC2810C 
 469      8D4BBA8E 
 469      5B749DA2 
 469      BA5E
 470 11d4 FC76E76E 		.ascii	"\374v\347n-\216\364`\337\3665u\357TY\033!S\366\242\370"
 470      2D8EF460 
 470      DFF63575 
 470      EF54591B 
 470      2153F6A2 
 471 11e9 B4C9B90E 		.ascii	"\264\311\271\016\263T\207\031\213\016\005)\211\245\230"
 471      B3548719 
 471      8B0E0529 
 471      89A598
 472 11f8 EB3097AE 		.ascii	"\3530\227\256)\311\213\256\376=%B\323\222\006\323\026"
 472      29C98BAE 
 472      FE3D2542 
 472      D39206D3 
 472      16
ARM GAS  C:\Users\8FEE~1\AppData\Local\Temp\ccJgv91j.s 			page 38


 473 1209 0DE6A806 		.ascii	"\015\346\250\006\363u\361\0356\037E\022\205\245P\276"
 473      F375F11D 
 473      361F4512 
 473      85A550BE 
 474 1219 60A12447 		.ascii	"`\241$G \216=\335\332\245\324J/\324\311\333\003\211"
 474      208E3DDD 
 474      DAA5D44A 
 474      2FD4C9DB 
 474      0389
 475 122b F62526DF 		.ascii	"\366%&\337\262\255\241w\274@\274k\344f\212\316k/\317"
 475      B2ADA177 
 475      BC40BC6B 
 475      E4668ACE 
 475      6B2FCF
 476 123e EB95887E 		.ascii	"\353\225\210~S'\351>\217\275,s(B\"3Wz\216\177\025\243"
 476      5327E93E 
 476      8FBD2C73 
 476      28422233 
 476      577A8E7F 
 477 1254 0674AA2C 		.ascii	"\006t\252,\273\321\335\2514Q\311\245-`*\356y\354\366"
 477      BBD1DDA9 
 477      3451C9A5 
 477      2D602AEE 
 477      79ECF6
 478 1267 29FE65A9 		.ascii	")\376e\251F\366a\314r\366aLGsI\255\273\2752\333\224"
 478      46F661CC 
 478      72F6614C 
 478      477349AD 
 478      BBBD32DB 
 479 127c DE284249 		.ascii	"\336(BI\230E*\275,,)BJ\245\277\367\276\213\3341c6\216"
 479      98452ABD 
 479      2C2C2942 
 479      4AA5BFF7 
 479      BE8BDC31 
 480 1293 895232C7 		.ascii	"\211R2\307\300\221|M\322\331R\204\344\304\217m\012b"
 480      C0917C4D 
 480      D2D95284 
 480      E4C48F6D 
 480      0A62
 481 12a5 3B27DE4E 		.ascii	";'\336N\211\237U\364\236v\227\023\337\263\341\034\315"
 481      899F55F4 
 481      9E769713 
 481      DFB3E11C 
 481      CD
 482 12b6 89A329F1 		.ascii	"\211\243)\361\256\355E\021\032\034\3172d:\342\366E\255"
 482      AEED4511 
 482      1A1CCF32 
 482      643AE2F6 
 482      45AD
 483 12c8 D3352746 		.ascii	"\3235'FI\262a\023O\206\253I\371I:H\206jX\023\233\256"
 483      49B26113 
 483      4F86AB49 
 483      F9493A48 
 483      866A5813 
 484 12de 6B46E3C8 		.ascii	"kF\343\310\353\247\010\361\303\337\022:\264CiM\0108"
 484      EBA708F1 
 484      C3DF123A 
ARM GAS  C:\Users\8FEE~1\AppData\Local\Temp\ccJgv91j.s 			page 39


 484      B443694D 
 484      0838
 485 12f0 B55D1577 		.ascii	"\265]\025w*Ib\344OM\307y\340\213L\360\366\227\343=\036"
 485      2A4962E4 
 485      4F4DC779 
 485      E08B4CF0 
 485      F697E33D 
 486 1305 9C597FA9 		.ascii	"\234Y\177\251\252\350\004l\323\300\200(\244\244\334"
 486      AAE8046C 
 486      D3C08028 
 486      A4A4DC
 487 1314 62256EB1 		.ascii	"b%n\261\366\334\342(\267\366\301\032\177|\2351+*=X\356"
 487      F6DCE228 
 487      B7F6C11A 
 487      7F7C9D31 
 487      2B2A3D58 
 488 1329 81EF3224 		.ascii	"\201\3572$\256\346R\206\032\222\036\355&\023i{\234\351"
 488      AEE65286 
 488      1A921EED 
 488      2613697B 
 488      9CE9
 489 133b 7E835601 		.ascii	"~\203V\001\371v\224U\301\345\362\342\227\036N\355\336"
 489      F9769455 
 489      C1E5F2E2 
 489      971E4EED 
 489      DE
 490 134c 4BED8E57 		.ascii	"K\355\216Wr\303\007\323\223\313\335\270\256\013\235"
 490      72C307D3 
 490      93CBDDB8 
 490      AE0B9D
 491 135b 9A3D855D 		.ascii	"\232=\205]\314\360z\201P\242]\026]\321\036\245\222`"
 491      CCF07A81 
 491      50A25D16 
 491      5DD11EA5 
 491      9260
 492 136d B6EAEEA3 		.ascii	"\266\352\356\243\3526\217V\354r\303\207<\331\373\370"
 492      EA368F56 
 492      EC72C387 
 492      3CD9FBF8 
 493 137d A83D0B6A 		.ascii	"\250=\013j\311\223\261\273m<\231 \331\236`\317,\221"
 493      C993B1BB 
 493      6D3C9920 
 493      D99E60CF 
 493      2C91
 494 138f 32EBC91A 		.ascii	"2\353\311\032Jt\307\245\214\331\365\363\207o\253$O\336"
 494      4A74C7A5 
 494      8CD9F5F3 
 494      876FAB24 
 494      4FDE
 495 13a1 B3F36492 		.ascii	"\263\363d\222\304-\311\236\333~\312-\361j}\246F\236"
 495      C42DC99E 
 495      DB7ECA2D 
 495      F16A7DA6 
 495      469E
 496 13b3 3DB336D9 		.ascii	"=\2636\331\223\314\263'\231f\317\231\341\3461\015>\313"
 496      93CCB327 
 496      9966CF99 
ARM GAS  C:\Users\8FEE~1\AppData\Local\Temp\ccJgv91j.s 			page 40


 496      E1E6310D 
 496      3ECB
 497 13c5 440F0D1D 		.ascii	"D\017\015\035J\342\337\212\275I>vH\274\230\251f\025"
 497      4AE2DF8A 
 497      BD493E76 
 497      48BC98A9 
 497      6615
 498 13d7 D24C760A 		.ascii	"\322Lv\012\207\032&\222\265\270\216\321>?p\343.\377"
 498      871A2692 
 498      B5B88ED1 
 498      3E3F70E3 
 498      2EFF
 499 13e9 ECFA8780 		.ascii	"\354\372\207\200\346\274\274x\314y)fXJ1]IK\361\326\313"
 499      E6BCBC78 
 499      CC792966 
 499      584A315D 
 499      494BF1D6 
 500 13fe D86E957D 		.ascii	"\330n\225}\261\245B\261\245\320b\313\244\305F'\021\352"
 500      B1A542B1 
 500      A5D062CB 
 500      A4C54627 
 500      11EA
 501 1410 CCC19A79 		.ascii	"\314\301\232y\233\322\254_\212\372\245\270{\322\363"
 501      9BD2AC5F 
 501      8AFAA5B8 
 501      7BD2F3
 502 141f C787C5E6 		.ascii	"\307\207\305\346j\272\325;:\020%FD\303\242|P\351\205"
 502      6ABAD53B 
 502      3A102546 
 502      44C3A27C 
 502      50E985
 503 1432 D2C079B0 		.ascii	"\322\300y\260\245\223M>\000#\177\204\344\312R\376X\261"
 503      A5934D3E 
 503      00237F84 
 503      E4CA52FE 
 503      58B1
 504 1444 CC2FE08F 		.ascii	"\314/\340\217\001\376\037\033\015\276f\303\257\215\241"
 504      01FE1F1B 
 504      0DBE66C3 
 504      AF8DA1
 505 1453 C1BF35F8 		.ascii	"\301\2775\370\206\271\374\346w\237\257\374x\335:\205"
 505      86B9FCE6 
 505      779FAFFC 
 505      78DD3A85 
 506 1463 C6FC4578 		.ascii	"\306\374Ex\210\237\336\374\263\325\253\327\300\277_"
 506      889FDEFC 
 506      B3D5ABD7 
 506      C0BF5F
 507 1472 40E0A6C0 		.ascii	"@\340\246\300P\323\272\367\326\257\0115\2551\232\327"
 507      50D3BAF7 
 507      D6AF0935 
 507      AD319AD7 
 508 1482 0486F805 		.ascii	"\004\206\370\005\205\373\033\340\2029\0008\370\233V"
 508      85FB1BE0 
 508      82390038 
 508      F89B56
 509 1491 0728B47A 		.ascii	"\007(\264z}x`\210\371\235\267\365\346\377\361\377\207"
ARM GAS  C:\Users\8FEE~1\AppData\Local\Temp\ccJgv91j.s 			page 41


 509      7D786088 
 509      F99DB7F5 
 509      E6FFF1FF 
 509      87
 510 14a2 8D748EC9 		.ascii	"\215t\216\311\034\356\037\030\252\0173\032\276\0124"
 510      1CEE1F18 
 510      AA0F331A 
 510      BE0A34
 511 14b1 6C59F781 		.ascii	"lY\367\201|t\243944\310\264qsH\370Jz\266\322\327\030"
 511      7C74A339 
 511      3434C8B4 
 511      717348F8 
 511      4A7AB6D2 
 512 14c7 BCD210BC 		.ascii	"\274\322\020\274\311\340\357o\360\337\270~\365;+\337"
 512      C9E0EF6F 
 512      F0DFB87E 
 512      F53B2BDF 
 513 14d7 5EBBEEBD 		.ascii	"^\273\356\275?\257\333\010\343\277\010\011\0151\374"
 513      3FAFDB08 
 513      E3BF0809 
 513      0D31FC
 514 14e6 C2E0BB29 		.ascii	"\302\340\273)p#\027\2751\330\027x\205\0306\352\375\015"
 514      702317BD 
 514      31D81778 
 514      851836EA 
 514      FD0D
 515 14f8 5FF88607 		.ascii	"_\370\206\007\231\365\346\255a\006\242\207\213E\213"
 515      99F5E6AD 
 515      6106A287 
 515      8B458B
 516 1507 3FFF3F68 		.ascii	"?\377?ha\332j\332\2507\231\375A$\210\326\230\303\214"
 516      61DA6ADA 
 516      A83799FD 
 516      412488D6 
 516      98C38C
 517 151a 20C8FCA1 		.ascii	" \310\374\241#\267\371\205\006\007\207\206\254\011\013"
 517      23B7F985 
 517      06078786 
 517      AC090B
 518 1529 359A4D6B 		.ascii	"5\232Mk>\372\303\247\037\177\3725\031\013\013\0142\030"
 518      3EFAC3A7 
 518      1F7FFA35 
 518      190B0B0C 
 518      3218
 519 153b 4D6B7EF3 		.ascii	"Mk~\363\361\307\304\233\334\006\245_\200\257Qm\012\374"
 519      F1C7C49B 
 519      DC06A55F 
 519      80AF516D 
 519      0AFC
 520 154d 8B416FFE 		.ascii	"\213Ao\376\313\337\324\214\240\300M\0337\373\371\331"
 520      CBDFD48C 
 520      A0C04D1B 
 520      37FBF9D9 
 521 155d 990304AB 		.ascii	"\231\003\004\253\327IF\231a\326\027\240\206:\000bk0"
 521      D7494699 
 521      61D617A0 
 521      863A0062 
ARM GAS  C:\Users\8FEE~1\AppData\Local\Temp\ccJgv91j.s 			page 42


 521      6B30
 522 156f 2ABF301A 		.ascii	"*\2770\032\014\2520\337\315\006\2232\304\360\265Y\345"
 522      0CAA30DF 
 522      CD069332 
 522      C4F0B559 
 522      E5
 523 1580 1B14B839 		.ascii	"\033\024\2709\204\307{\375\273z\263\213\345Dk2\177I"
 523      84C77BFD 
 523      BB7AB38B 
 523      E5446B32 
 523      7F49
 524 1592 2FEACDEB 		.ascii	"/\352\315\353^\333\007\001~\241F\003Hs\003iaz.2\334"
 524      5EDB0701 
 524      7EA14603 
 524      48730369 
 524      617A2E32 
 525 15a7 64F05712 		.ascii	"d\360W\022\007(\311\250\273\354\022\210\0133\206~\025"
 525      0728C9A8 
 525      BBEC1288 
 525      0B33867E 
 525      15
 526 15b8 08A7BA60 		.ascii	"\010\247\272`C\360f\003\317\325_.!0\324\004v\313\262"
 526      43F06603 
 526      CFD55F2E 
 526      2130D404 
 526      76CBB2
 527 15cb 16E65984 		.ascii	"\026\346Y\204\302i\250q+\341\035\206\203\315_\253B\267"
 527      C269A871 
 527      2BE11D86 
 527      83CD5FAB 
 527      42B7
 528 15dd 84188C2E 		.ascii	"\204\030\214.\220\324A$\226\032\030\012\002\037\273"
 528      90D44124 
 528      961A180A 
 528      021FBB
 529 15ec 18C20C21 		.ascii	"\030\302\014!\020\345\315n\206\257\014!\346`_\323\227"
 529      10E5CD6E 
 529      86AF0C21 
 529      E6605FD3 
 529      97
 530 15fd A047B069 		.ascii	"\240G\260i\363\237\303\015\341\2067\374\002\364\274"
 530      F39FC30D 
 530      E18637FC 
 530      02F4BC
 531 160c 10F47440 		.ascii	"\020\364t@I\202\344i3\2447k\266\370\006\232\201\205"
 531      4982E469 
 531      33A4376B 
 531      B6F8069A 
 531      8185
 532 161e A78C9AF0 		.ascii	"\247\214\232\360\366\220#z3\012W\033\266\020\001\352"
 532      F690237A 
 532      330A571B 
 532      B61001EA 
 533 162e 2D66901E 		.ascii	"-f\220\036\006\007\223!8\014\373\205\230]\365z\236\333"
 533      06079321 
 533      380CFB85 
 533      985DF57A 
ARM GAS  C:\Users\8FEE~1\AppData\Local\Temp\ccJgv91j.s 			page 43


 533      9EDB
 534 1640 1A7E54C1 		.ascii	"\032~T\301(\374R\011:\340\013\224\276a\001`\232\306"
 534      28FC5209 
 534      3AE00B94 
 534      BE610160 
 534      9AC6
 535 1652 44D4346D 		.ascii	"D\3244mV\001\000\301\026\263\331\030\346\305\004\351"
 535      560100C1 
 535      16B3D918 
 535      E6C504E9 
 536 1662 8D862F0C 		.ascii	"\215\206/\014FC\210\037\350\004\314C7\375)\314\305\360"
 536      4643881F 
 536      E804CC43 
 536      37FD29CC 
 536      C5F0
 537 1674 75A0D92F 		.ascii	"u\240\331/\324\337\2406\372o\205\031J 1\271\262\000"
 537      D4DFA036 
 537      FA6F8519 
 537      4A2031B9 
 537      B200
 538 1686 BF0FD22C 		.ascii	"\277\017\322,G3\031\007v_\004\371n6i\314\3010\0030\223"
 538      47331907 
 538      765F04F9 
 538      6E3669CC 
 538      C1300330 
 539 169b 197A888B 		.ascii	"\031z\210\213\231\036\010K\337M\276&\2032\3047\330\240"
 539      991E084B 
 539      DF4DBE26 
 539      8332C437 
 539      D8A0
 540 16ad 0A0D8230 		.ascii	"\012\015\2020\251B\014[\014F\354g\376Z0\205\011A\304"
 540      A9420C5B 
 540      0C46EC67 
 540      FE5A3085 
 540      0941C4
 541 16c0 BB9B21FF 		.ascii	"\273\233!\377\364fl\\\267\016`\255`\374@0\276/\030\337"
 541      F4666C5C 
 541      B70E60AD 
 541      60FC4030 
 541      BE2F18DF 
 542 16d4 138CEB05 		.ascii	"\023\214\353\005\343/\005\343\273n$E\210\2610i\251\300"
 542      E32F05E3 
 542      BB6E2445 
 542      88B13069 
 542      A9C0
 543 16e6 3AC824FD 		.ascii	":\310$\375W\357\005C`u\224\203_h\210\0312VIb\351j\365"
 543      57EF0543 
 543      60759483 
 543      5F688819 
 543      32564962 
 544 16fd BB2A380C 		.ascii	"\273*8\014\212\304\205\273\303\354\002\027\202\303\201"
 544      8AC485BB 
 544      C3EC0217 
 544      82C381
 545 170c 4E437FF5 		.ascii	"NC\177\365f\237W\266=\223_\200?\010\371\311+\011!\202"
 545      669F57B6 
 545      3D935F80 
ARM GAS  C:\Users\8FEE~1\AppData\Local\Temp\ccJgv91j.s 			page 44


 545      3F08F9C9 
 545      2B092182 
 546 1720 40F7F357 		.ascii	"@\367\363W3\334j\262\024\377\253\231B\224\201\316]\226"
 546      33DC6AB2 
 546      14FFAB99 
 546      429481CE 
 546      5D96
 547 1732 BA7AF3DB 		.ascii	"\272z\363\333\337!\375\311\214%\004\231\214~0\350\277"
 547      DF21FDC9 
 547      8C250499 
 547      8C7E30E8 
 547      BF
 548 1743 152218E8 		.ascii	"\025\"\030\350\267\332O\361C\273\245\342S*\367\367\340"
 548      B7DA4FF1 
 548      43BBA5E2 
 548      532AF7F7 
 548      E0
 549 1754 4237481E 		.ascii	"B7H\036\203\237YO\012\325\215\370\224\327\350\372\357"
 549      839F594F 
 549      0AD58DF8 
 549      94D7E8FA 
 549      EF
 550 1765 568B64A6 		.ascii	"V\213d\246If\021\345d\206|\336\340\027\360\237\276_"
 550      496611E5 
 550      64867CDE 
 550      E017F09F 
 550      BE5F
 551 1777 1AC2C336 		.ascii	"\032\302\3036|_\246\303\206p\023\251F\203\377'*R\372"
 551      7C5FA6C3 
 551      867013A9 
 551      4683FF27 
 551      2A52FA
 552 178a 61CA2D80 		.ascii	"a\312-\200\251\266\220\254\303\276\306\315\313x\\\375"
 552      A9B690AC 
 552      C3BEC6CD 
 552      CB785CFD 
 553 179a 0D263F63 		.ascii	"\015&?c`\2309\024Z\206\227_\000Y\340>\012\012\012\365"
 553      60983914 
 553      5A86975F 
 553      0059E03E 
 553      0A0A0AF5 
 554 17ae FB883428 		.ascii	"\373\2104(\203\277\233_\0001\201\016Ajl\330j\372\367"
 554      83BF9B5F 
 554      0031810E 
 554      416A6CD8 
 554      6AFAF7
 555 17c1 50BF2F5F 		.ascii	"P\277/_\303\371[\211\252\2564\275`\352\227"
 555      C3F95B89 
 555      AAAE34BD 
 555      60EA97
 556 17d0 EE7AA83A 		.ascii	"\356z\250:\263\376_>\332\360\257\277\377\303'\356\276"
 556      B3FE5F3E 
 556      DAF0AFBF 
 556      FFC327EE 
 556      BE
 557 17e1 415B7CB7 		.ascii	"A[|\267\232 u\203`u\372`\011?@Z\256\371\370\323\015"
 557      9A207583 
ARM GAS  C:\Users\8FEE~1\AppData\Local\Temp\ccJgv91j.s 			page 45


 557      6075FA60 
 557      093F405A 
 557      AEF9F8D3 
 558 17f6 9F6C9078 		.ascii	"\237l\220x\007\233\002Mz\350\316\244/Q\215>\017!\022"
 558      079B024D 
 558      7AE8CEA4 
 558      2F518D3E 
 558      0F2112
 559 1809 58318487 		.ascii	"X1\204\207pi\264\335\351W\277\267v\375\007.\026\354"
 559      7069B4DD 
 559      E957BFB7 
 559      76FD072E 
 559      16EC
 560 181b 7F019CA3 		.ascii	"\177\001\234\2438\031"
 560      3819
 561              		.text
 562              		.section	.gnu.lto_.symtab.8abfa62d,"",%progbits
 563 0000 63685468 		.ascii	"chThdCreateFromHeap\000"
 563      64437265 
 563      61746546 
 563      726F6D48 
 563      65617000 
 564 0014 00       		.ascii	"\000"
 565 0015 00       		.ascii	"\000"
 566 0016 00       		.ascii	"\000"
 567 0017 00000000 		.ascii	"\000\000\000\000\000\000\000\000"
 567      00000000 
 568 001f BF010000 		.ascii	"\277\001\000\000"
 569 0023 63685468 		.ascii	"chThdCreateFromMemoryPool\000"
 569      64437265 
 569      61746546 
 569      726F6D4D 
 569      656D6F72 
 570 003d 00       		.ascii	"\000"
 571 003e 00       		.ascii	"\000"
 572 003f 00       		.ascii	"\000"
 573 0040 00000000 		.ascii	"\000\000\000\000\000\000\000\000"
 573      00000000 
 574 0048 D6010000 		.ascii	"\326\001\000\000"
 575 004c 63685363 		.ascii	"chSchWakeupS\000"
 575      6857616B 
 575      65757053 
 575      00
 576 0059 00       		.ascii	"\000"
 577 005a 02       		.ascii	"\002"
 578 005b 00       		.ascii	"\000"
 579 005c 00000000 		.ascii	"\000\000\000\000\000\000\000\000"
 579      00000000 
 580 0064 DB010000 		.ascii	"\333\001\000\000"
 581 0068 63685468 		.ascii	"chThdCreateSuspendedI\000"
 581      64437265 
 581      61746553 
 581      75737065 
 581      6E646564 
 582 007e 00       		.ascii	"\000"
 583 007f 02       		.ascii	"\002"
 584 0080 00       		.ascii	"\000"
ARM GAS  C:\Users\8FEE~1\AppData\Local\Temp\ccJgv91j.s 			page 46


 585 0081 00000000 		.ascii	"\000\000\000\000\000\000\000\000"
 585      00000000 
 586 0089 F1010000 		.ascii	"\361\001\000\000"
 587 008d 63684865 		.ascii	"chHeapAllocAligned\000"
 587      6170416C 
 587      6C6F6341 
 587      6C69676E 
 587      656400
 588 00a0 00       		.ascii	"\000"
 589 00a1 02       		.ascii	"\002"
 590 00a2 00       		.ascii	"\000"
 591 00a3 00000000 		.ascii	"\000\000\000\000\000\000\000\000"
 591      00000000 
 592 00ab F7010000 		.ascii	"\367\001\000\000"
 593 00af 6368506F 		.ascii	"chPoolAlloc\000"
 593      6F6C416C 
 593      6C6F6300 
 594 00bb 00       		.ascii	"\000"
 595 00bc 02       		.ascii	"\002"
 596 00bd 00       		.ascii	"\000"
 597 00be 00000000 		.ascii	"\000\000\000\000\000\000\000\000"
 597      00000000 
 598 00c6 FB010000 		.ascii	"\373\001\000\000"
 599              		.text
 600              		.section	.gnu.lto_.opts,"",%progbits
 601 0000 272D666D 		.ascii	"'-fmath-errno' '-fsigned-zeros' '-ftrapping-math' '"
 601      6174682D 
 601      6572726E 
 601      6F272027 
 601      2D667369 
 602 0033 2D666E6F 		.ascii	"-fno-trapv' '-fno-openmp' '-fno-openacc' '-mcpu=cor"
 602      2D747261 
 602      70762720 
 602      272D666E 
 602      6F2D6F70 
 603 0066 7465782D 		.ascii	"tex-m7' '-mno-thumb-interwork' '-mthumb' '-ggdb' '-"
 603      6D372720 
 603      272D6D6E 
 603      6F2D7468 
 603      756D622D 
 604 0099 4F322720 		.ascii	"O2' '-fomit-frame-pointer' '-falign-functions=16' '"
 604      272D666F 
 604      6D69742D 
 604      6672616D 
 604      652D706F 
 605 00cc 2D666675 		.ascii	"-ffunction-sections' '-fdata-sections' '-fno-common"
 605      6E637469 
 605      6F6E2D73 
 605      65637469 
 605      6F6E7327 
 606 00ff 2720272D 		.ascii	"' '-flto'\000"
 606      666C746F 
 606      2700
 607              		.text
 608              		.comm	__gnu_lto_v1,1,1
 609              		.comm	__gnu_lto_slim,1,1
 610              		.ident	"GCC: (GNU Tools for ARM Embedded Processors 6-2017-q1-update) 6.3.1 20170215 (release) [AR
ARM GAS  C:\Users\8FEE~1\AppData\Local\Temp\ccJgv91j.s 			page 47


ARM GAS  C:\Users\8FEE~1\AppData\Local\Temp\ccJgv91j.s 			page 48


DEFINED SYMBOLS
                            *ABS*:00000000 chdynamic.c
                            *COM*:00000001 __gnu_lto_v1
                            *COM*:00000001 __gnu_lto_slim

NO UNDEFINED SYMBOLS
