ARM GAS  C:\Users\8FEE~1\AppData\Local\Temp\cc3peYUW.s 			page 1


   1              		.cpu cortex-m7
   2              		.eabi_attribute 20, 1
   3              		.eabi_attribute 21, 1
   4              		.eabi_attribute 23, 3
   5              		.eabi_attribute 24, 1
   6              		.eabi_attribute 25, 1
   7              		.eabi_attribute 26, 1
   8              		.eabi_attribute 30, 2
   9              		.eabi_attribute 34, 1
  10              		.eabi_attribute 18, 4
  11              		.file	"chmemcore.c"
  12              		.text
  13              	.Ltext0:
  14              		.section	.gnu.lto_.profile.9547ac3b,"",%progbits
  15 0000 789C6365 		.ascii	"x\234ce`b`a```d\320V\007\000\000\375\000_"
  15      60626061 
  15      60606064 
  15      D0560700 
  15      00FD005F 
  16              		.text
  17              		.section	.gnu.lto_.icf.9547ac3b,"",%progbits
  18 0000 789C6365 		.ascii	"x\234ce`bPc@\0006\206\243\013O\037\345f\334\373\360"
  18      60625063 
  18      40003686 
  18      A30B4F1F 
  18      E566DCFB 
  19 0015 5D3B2B33 		.ascii	"];+3\230d\2357\343\321R>\266\223+\337>\346f\277>\345"
  19      98649D37 
  19      E3D1523E 
  19      B6932BDF 
  19      3EE666BF 
  20 002b F5621606 		.ascii	"\365b\026\006\000n\233\022\220"
  20      006E9B12 
  20      90
  21              		.text
  22              		.section	.gnu.lto_.jmpfuncs.9547ac3b,"",%progbits
  23 0000 789C6365 		.ascii	"x\234ce`b\020c@\000\026 febdd\256\257g\203P\354@\021"
  23      60621063 
  23      40001620 
  23      66656264 
  23      64AEAF67 
  24 0019 0017A902 		.ascii	"\000\027\251\002>"
  24      3E
  25              		.text
  26              		.section	.gnu.lto_.inline.9547ac3b,"",%progbits
  27 0000 789C6365 		.ascii	"x\234ce`b\250`@\000\026\006\006V\026F\006&\226\005\362"
  27      6062A860 
  27      40001606 
  27      06561646 
  27      06269605 
  28 0015 0C6C0BE4 		.ascii	"\014l\013\344\231@b\254\014\202\002\214L\214\012\214"
  28      994062AC 
  28      0C82028C 
  28      4C8C0A8C 
  29 0025 40368860 		.ascii	"@6\210`\021\2310\223\021\"\313\366A\217\207\201\351"
  29      11993093 
  29      1122CBF6 
ARM GAS  C:\Users\8FEE~1\AppData\Local\Temp\cc3peYUW.s 			page 2


  29      418F8781 
  29      E9
  30 0036 023F0B48 		.ascii	"\002?\013H\035\033\203\260\020#\023X\011X1\213\304\206"
  30      1D1B83B0 
  30      10231358 
  30      0958318B 
  30      C486
  31 0048 1D68EA38 		.ascii	"\035h\3528@\352\330\031\330X\201V\000\305\340V0\000"
  31      40EAD819 
  31      D8588156 
  31      00C5E056 
  31      3000
  32 005a 0012AD0D 		.ascii	"\000\022\255\015z"
  32      7A
  33              		.text
  34              		.section	.gnu.lto_.pureconst.9547ac3b,"",%progbits
  35 0000 789C6365 		.ascii	"x\234ce`b\340b```a\220`\225`\333\305\310\316\002\000"
  35      6062E062 
  35      60606061 
  35      90609560 
  35      DBC5C8CE 
  36 0016 05CE0117 		.ascii	"\005\316\001\027"
  37              		.text
  38              		.section	.gnu.lto__core_init.9547ac3b,"",%progbits
  39 0000 789C7D91 		.ascii	"x\234}\221MK[A\024\206\317;s\033\203\030J\241\013\255"
  39      4D4B5B41 
  39      1486CF3B 
  39      731B8318 
  39      4AA10BAD 
  40 0014 2EDC64E1 		.ascii	".\334d\341&A(\372\007\374\003\375\005\027s{\301\200"
  40      264128FA 
  40      07FC03FD 
  40      0517737B 
  40      C180
  41 0026 F18A01B7 		.ascii	"\361\212\001\267\231\0106%\245V\012~\202\334@\026\266"
  41      99083625 
  41      A5560A7E 
  41      82DC4016 
  41      B6
  42 0037 7EC568FC 		.ascii	"~\305h\374\310\246\015\301\225\210\202\240.\304ZJ[h"
  42      C8A60DC1 
  42      958882A0 
  42      2EC45A4A 
  42      5B68
  43 0049 D1557151 		.ascii	"\321UqQ\305\3243I\260~\200\303\014sf\346\274\357<s\346"
  43      C5D43349 
  43      B07E80C3 
  43      0C7366E6 
  43      BCEF3C73 
  44 005e 1109F20B 		.ascii	"\021\011\362\013\242\027D\324\310\003\222 \206\267\211"
  44      A21744D4 
  44      C8039220 
  44      86B789
  45 006d E25E01E8 		.ascii	"\342^\001\350@yA1\201\030\336\3111\211b\342g^\264L+"
  45      40794131 
  45      8118DEC9 
  45      318962E2 
ARM GAS  C:\Users\8FEE~1\AppData\Local\Temp\cc3peYUW.s 			page 3


  45      675EB44C 
  46 0082 6E85B14F 		.ascii	"n\205\261O\236Wj\260\336\225D\023<t\3034Z\210\323\316"
  46      9E576AB0 
  46      DE954413 
  46      3C74C334 
  46      5A88D3CE 
  47 0096 927F7EF8 		.ascii	"\222\177~\370d;t\234\372\\\334y\354O\253\257,\331\237"
  47      643B749C 
  47      FA5CDC79 
  47      EC4FABAF 
  47      2CD99F
  48 00a9 7CFA5EA5 		.ascii	"|\372^\245\306\225\341J\340\003dU\247C\322\271\007\337"
  48      C695E14A 
  48      E0036455 
  48      A743D2B9 
  48      07DF
  49 00bb 7359C88E 		.ascii	"sY\310\216\262\356K~!\353\251\3526\237\305U1\336\254"
  49      B2EE4B7E 
  49      21EBA9EA 
  49      369FC555 
  49      31DEAC
  50 00ce 5533FF55 		.ascii	"U3\377U3U\325\267li\304\34710\013?>\302_\241\301\034"
  50      3355D5B7 
  50      6C69C4E7 
  50      31300B3F 
  50      3EC25FA1 
  51 00e4 3CE039B3 		.ascii	"<\3409\263\213\202*\375K\250B\251!\223;~b\020%\371\\"
  51      8B822AFD 
  51      4BA842A9 
  51      21933B7E 
  51      621025F9 
  52 00f9 3FED8D14 		.ascii	"?\355\215\024z\226\2770p\2368Z\351\326\022\266\033\035"
  52      7A96BF30 
  52      709E385A 
  52      E9D612B6 
  52      1B1D
  53 010b 2CEED40C 		.ascii	",\356\324\014IW\2122G>\177rX\023\273T^\336Hkg\336\373"
  53      49578A32 
  53      473E7F72 
  53      5813BB54 
  53      5EDE486B 
  54 0122 BDB5B751 		.ascii	"\275\265\267Q\353b\012\256\224X\340\342\314\243\211"
  54      EB620AAE 
  54      9458E0E2 
  54      CCA389
  55 0131 AFCCC0C5 		.ascii	"\257\314\300\305M\003\343\256\201\221\226\270k\000d"
  55      4D03E3AE 
  55      819196B8 
  55      6B0064
  56 0140 D960511B 		.ascii	"\331`Q\033\350j\235\377\335\253\343\344\327J\245\372"
  56      E86A9DFF 
  56      DDABE3E4 
  56      D74AA5FA 
  57 0150 B5C3127B 		.ascii	"\265\303\022{\262\3652bT\346<\275\346\274\015&\356\203"
  57      B2F53262 
  57      54E63CBD 
  57      E6BC0D26 
ARM GAS  C:\Users\8FEE~1\AppData\Local\Temp\cc3peYUW.s 			page 4


  57      EE83
  58 0162 E5AEC156 		.ascii	"\345\256\301V*`\267I\344}\222\325\207H\326*$\353Lr\212"
  58      2A60B749 
  58      E47D92D5 
  58      8748D62A 
  58      24EB4C72 
  59 0177 81D4C55B 		.ascii	"\201\324\305[h\220\362W$\371Y\\Ifx\036\010\004+\335"
  59      6890F257 
  59      24F9595C 
  59      4966781E 
  59      08042BDD 
  60 018b EA0A87C2 		.ascii	"\352\012\207\302N\264\265\275-\350D\203\226\023\211"
  60      4EB4B5BD 
  60      2DE84483 
  60      961389
  61 019a 383D1C75 		.ascii	"8=\034u\207C\301h\237\305\307\021;b9}v\300\242:\323"
  61      8743C168 
  61      9FC5C711 
  61      3B62397D 
  61      76C0A23A 
  62 01af ECB23B7B 		.ascii	"\354\262;{M\273\347\245i\372\252\213Pg\3246\315+\310"
  62      4DBBE7A5 
  62      69FAAA8B 
  62      5067D436 
  62      CD2BC8
  63 01c2 47D6F9   		.ascii	"G\326\371"
  64              		.text
  65              		.section	.gnu.lto_chCoreAllocAlignedI.9547ac3b,"",%progbits
  66 0000 789C8D53 		.ascii	"x\234\215S[KTQ\024^\353\354}\346\014s\365B\0204\201"
  66      5B4B5451 
  66      145EEBEC 
  66      7DE60C73 
  66      F5421034 
  67 0015 0F89F832 		.ascii	"\017\211\3702C`\371\322S\275\364\027z\314Ar\300q\302"
  67      4360F9D2 
  67      53BDF417 
  67      7ACC4172 
  67      C071C2
  68 0028 798BC0A3 		.ascii	"y\213\300\243\243#&\225A\215\025\016CI\250\3314\332"
  68      A3232695 
  68      418D150E 
  68      4349A8D9 
  68      34DA
  69 003a 551FC421 		.ascii	"U\037\304!#\214\354&\011\242\010\322},\243\242\2400"
  69      238CEC26 
  69      09A208D2 
  69      7D2CA3A2 
  69      A030
  70 004c C7D6DA67 		.ascii	"\307\326\332g\262\324\227\0163\353\354\375\355\365\255"
  70      B2D4970E 
  70      33EBECFD 
  70      EDF5AD
  71 005b FDAD6FEF 		.ascii	"\375\255o\357\243\203\006\013\002\340\000\000\354\241"
  71      A383060B 
  71      02E00000 
  71      ECA1
  72 0069 3FEA805A 		.ascii	"?\352\200Z\327\023\200f\273\246\311\367\006\230\016"
ARM GAS  C:\Users\8FEE~1\AppData\Local\Temp\cc3peYUW.s 			page 5


  72      D7138066 
  72      BBA6C9F7 
  72      06980E
  73 0078 D1FF00C0 		.ascii	"\321\377\000\300t\011\224\026.\021y`\332\021\2324!\261"
  73      74099416 
  73      2E117960 
  73      DA119A34 
  73      21B1
  74 008a 094F8B6E 		.ascii	"\011O\213n\201\317[\207z\304)\221\022\200\222\246_\036"
  74      81CF5B87 
  74      7AC42991 
  74      128092A6 
  74      5F1E
  75 009c 5F7CE5E1 		.ascii	"_|\345\341)b\031\257.\275kuV\366\231f\213\231\355\036"
  75      296219AF 
  75      2EBD6B75 
  75      56F69966 
  75      8B99ED1E 
  76 00b0 31BA636D 		.ascii	"1\272cm\007SB\203\013\224\335\217>\354C\037o>\200\225"
  76      07534283 
  76      0B94DD8F 
  76      3EEC431F 
  76      6F3E8095 
  77 00c4 947BB979 		.ascii	"\224{\271y\346\221[T#\320\270==\226\363T\\Q\274\027"
  77      E6915B54 
  77      23D0B83D 
  77      3D96F354 
  77      5C51BC17 
  78 00d8 6785B92B 		.ascii	"g\205\271+%\004^E\361/\221 \300A\254\240\364\256\225"
  78      25045E45 
  78      F12F9120 
  78      C041ACA0 
  78      F4AE95
  79 00eb D54543EC 		.ascii	"\325EC\354S\324\330\245\271qY\240N%\024U\342\265\315"
  79      53D4D8A5 
  79      B97159A0 
  79      4E251455 
  79      E2B5CD
  80 00fe 540998C6 		.ascii	"T\011\230\306\012\316\237\312vd\034b\277\342\346\247"
  80      0ACE9FCA 
  80      76641C62 
  80      BFE2E6A7 
  81 010e 739FF5F2 		.ascii	"s\237\365\362^\305\375\224\334~&fN\2322%t\274\276\221"
  81      5EC5FD94 
  81      DC7E2666 
  81      4E9A3225 
  81      74BCBE91 
  82 0122 CF0FA5BF 		.ascii	"\317\017\245\277\034\316\237s\333$f\260\274\227\314"
  82      1CCE9F73 
  82      DB2466B0 
  82      BC97CC
  83 0131 A40C6A66 		.ascii	"\244\014jf\010mH/\0063\323\2305\363k\355f\366\355\316"
  83      086D482F 
  83      0633D398 
  83      35F36BED 
  83      66F6EDCE 
  84 0145 1FDF568B 		.ascii	"\037\337V\213\267!\355\254\2215\2645\331I\332u\226b"
ARM GAS  C:\Users\8FEE~1\AppData\Local\Temp\cc3peYUW.s 			page 6


  84      B721EDAC 
  84      9135B435 
  84      D949DA75 
  84      9662
  85 0157 E36070B0 		.ascii	"\343`p\260\253\206\0344\324\235<wqps\360p\360\002W-"
  85      AB861C34 
  85      D49D3C77 
  85      717073F0 
  85      70F00257 
  86 016c E2E5629E 		.ascii	"\342\345b\236\227p(\345)\300\011\332\234\317\247\223"
  86      977028E5 
  86      29C009DA 
  86      9CCFA793 
  87 017c ECA5B7C8 		.ascii	"\354\245\267\310a,\021O\217\325\261\236\244\320\223"
  87      612C114F 
  87      8FD5B19E 
  87      A4D093
  88 018b 4224A969 		.ascii	"B$\251i\205\242\2051LM,L\016\014\252\003\224\270F\217"
  88      85A28531 
  88      4C4D2C4C 
  88      0E0CAA03 
  88      94B8468F 
  89 019f 1787A9C1 		.ascii	"\027\207\251\301\034\266\314\376\3113\210\313\304_\361"
  89      1CB6CCFE 
  89      C93388CB 
  89      C45FF1
  90 01ae 0E612176 		.ascii	"\016a!vE6\340\015\266\224\251~I4\241\314J\344>L8\254"
  90      4536E00D 
  90      B694A97E 
  90      4934A1CC 
  90      4AE43E4C 
  91 01c4 2C07154F 		.ascii	",\007\025O\264\335{jpq\233\362wt\364\343\274\321\264"
  91      B4DD7B6A 
  91      70719BF2 
  91      7774F4E3 
  91      BCD1B4
  92 01d7 6ADA09E8 		.ascii	"j\332\011\350\025\250L\\\232\232\271\357Ha\022\331\347"
  92      15A84C5C 
  92      9A9AB9EF 
  92      486112D9 
  92      E7
  93 01e8 9B74AD6E 		.ascii	"\233t\255n\260\301x\013S\310\005\277\266\027d8\251\342"
  93      B0C1780B 
  93      53C805BF 
  93      B6176438 
  93      A9E2
  94 01fa 06FD2ED5 		.ascii	"\006\375.\325\223s\003\346&\270\320\000\351-\200\036"
  94      937303E6 
  94      26B8D000 
  94      E92D801E 
  95 020a D583DBAA 		.ascii	"\325\203\333\252v\310\302\274\004\377\325O\256\022d"
  95      76C8C2BC 
  95      04FFD54F 
  95      AE1264
  96 0219 E95F8ED9 		.ascii	"\351_\216\331\254\224\242-\202\265\255\202o\257\013"
  96      AC94A22D 
  96      82B5AD82 
ARM GAS  C:\Users\8FEE~1\AppData\Local\Temp\cc3peYUW.s 			page 7


  96      6FAF0B
  97 0228 BEB35970 		.ascii	"\276\263Yp1\225`\035\347\343?u\013)Q\240\007^c\353\354"
  97      3195601D 
  97      E7E33F75 
  97      0B2951A0 
  97      075E63EB 
  98 023d 44D5BA97 		.ascii	"D\325\272\227%\352>u\222\313\364\311\361\301\365\304"
  98      25EA3E75 
  98      92CBF4C9 
  98      F1C1F5C4 
  99 024d 4F8E1FB7 		.ascii	"O\216\037\267\226K\225T\313\332\207;\030\373\037\033"
  99      964B9554 
  99      CBDA873B 
  99      18FB1F1B 
 100 025d EFAEAB1A 		.ascii	"\357\256\253\032!UTE\325\227\352b,\243\006I&\301wD\364"
 100      21555445 
 100      D597EA62 
 100      2CA30649 
 100      26C17744 
 101 0272 FBB4B995 		.ascii	"\373\264\271\225EJ\361\212\271\3743\244k\204\234E\235"
 101      454AF18A 
 101      B9FC33A4 
 101      6B849C45 
 101      9D
 102 0283 56F9FD01 		.ascii	"V\371\375\001\353\027\254\013\325\204\"\321\335\325"
 102      EB17AC0B 
 102      D58422D1 
 102      DDD5
 103 0291 7B039168 		.ascii	"{\003\221h \030\011\207#\0154\252\017\325\004\242\215"
 103      20180987 
 103      230D34AA 
 103      0FD504A2 
 103      8D
 104 02a2 415A0ED7 		.ascii	"AZ\016\327\206\203\221\306Z\177\020d4t\254V?\\\037:"
 104      868391C6 
 104      5A7F1064 
 104      3474AC56 
 104      3F5C1F3A 
 105 02b6 D280477F 		.ascii	"\322\200G\177\003\200\312BE"
 105      0380CA42 
 105      45
 106              		.text
 107              		.section	.gnu.lto_chCoreAllocAligned.9547ac3b,"",%progbits
 108 0000 789C8D54 		.ascii	"x\234\215T_L\233U\024\277\347\273_\277\226\226\002\343"
 108      5F4C9B55 
 108      14BFE7BB 
 108      5FBF9696 
 108      02E3
 109 0012 45137928 		.ascii	"E\023y(\211\204\315\030\252\011\212\017\274\350|\320"
 109      8984CD18 
 109      AA098A0F 
 109      BCE87CD0 
 110 0022 075EC693 		.ascii	"\007^\306\223O\004j\035M(%-[6c\3027\312@\304?3\"\177"
 110      4F046A1D 
 110      4D28252D 
 110      5B3663C2 
 110      37CA40C4 
ARM GAS  C:\Users\8FEE~1\AppData\Local\Temp\cc3peYUW.s 			page 8


 111 003a 264DE716 		.ascii	"&M\347\0263p2Xu\016\034\177:`\023\204\261\015A\011\323"
 111      33703258 
 111      750E1C7F 
 111      3A601384 
 111      B10D4109 
 112 004f 0487642B 		.ascii	"\004\207d+ls.\032g\266\025\317\271\337GWZD\2774\267"
 112      6C732E1A 
 112      67B615CF 
 112      B9DF4757 
 112      5A44BF34 
 113 0064 F79E737E 		.ascii	"\367\236s~\347\376\316\271\347\034\003\223\330\033F"
 113      E7FECEB9 
 113      E71C0393 
 113      D81B46
 114 0073 C61460EC 		.ascii	"\306\024`\3549\306\030\030\030H\207\246\031;`\222$\371"
 114      39C61818 
 114      184887A6 
 114      193B6092 
 114      24F9
 115 0085 8691A966 		.ascii	"\206\221\251f\336y\20115\225\203\254\311e\000\332\250"
 115      DE798131 
 115      359583AC 
 115      C96500DA 
 115      A8
 116 0096 26603512 		.ascii	"&`5\022\227\241\006>\340\255\034\256\324\365v\360\367"
 116      97A1063E 
 116      E0AD1CAE 
 116      D4F576F0 
 116      F7
 117 00a7 79903390 		.ascii	"y\2203\220\361\370\373\305\303Kit\004\260\221v\345z"
 117      F1F8FBC5 
 117      C34B6974 
 117      04B09176 
 117      E57A
 118 00b9 9D65C771 		.ascii	"\235e\307qU\255U\303\255!s\253\377\340+A.\261v\264\356"
 118      55AD55C3 
 118      AD2173AB 
 118      FFE02B41 
 118      2EB176B4 
 119 00ce 842C380E 		.ascii	"\204,8\016Yty\027\354@\333\243\007\346&\255\274\000"
 119      59747917 
 119      EC40DBA3 
 119      07E626AD 
 119      BC00
 120 00e0 18EE1BBA 		.ascii	"\030\356\033\272\007#i\271\237\011\334T3W\237\014r\016"
 120      072369B9 
 120      9F09DC54 
 120      33579F0C 
 120      720E
 121 00f2 9F038F07 		.ascii	"\237\003\217\007\242\210\301\011\310E\363C\367\037."
 121      A288C109 
 121      C845F343 
 121      F71F2E
 122 0101 1A79A180 		.ascii	"\032y\241\200\372?]\030\226u\350X\213\200\312\360E\""
 122      FA3F5D18 
 122      9675E858 
 122      8B80CAF0 
ARM GAS  C:\Users\8FEE~1\AppData\Local\Temp\cc3peYUW.s 			page 9


 122      4522
 123 0113 5466D00D 		.ascii	"Tf\320\015\271d?\025n\3541\363\227\004\366\247\267\243"
 123      B9643F15 
 123      6EEC31F3 
 123      9704F6A7 
 123      B7A3
 124 0125 67E49C63 		.ascii	"g\344\234c\002\373CW\346\207~u\\\225\2210\234\334\210"
 124      02FB4357 
 124      E6877E75 
 124      5C959130 
 124      9CDC88
 125 0138 A70FCDAF 		.ascii	"\247\017\315\257\235\212~lUd\350\201\034\012\011#\351"
 125      9D8A7E6C 
 125      5564E881 
 125      1C0A0923 
 125      E9
 126 0149 05CAA884 		.ascii	"\005\312\250\204\272\226\033\367\242F\335\325tWZ\273"
 126      BA961BF7 
 126      A246DDD5 
 126      74575ABB 
 127 0159 1AAEB36D 		.ascii	"\032\256\263m\022\004}p\012r\020\021\235\211\3341\350"
 127      12047D70 
 127      0A721011 
 127      9D89DC31 
 127      E8
 128 016a 88DB81C7 		.ascii	"\210\333\201\307\327/7lv9\204 \247g\006\302jt\255\001"
 128      D72F376C 
 128      76398420 
 128      A76706C2 
 128      6A74AD01 
 129 017e FDEFF8ED 		.ascii	"\375\357\370\355\217\331\314\307$\240t`\34612\231b4"
 129      8FD9CCC7 
 129      24A07460 
 129      E6313299 
 129      6234
 130 0190 D0A2D062 		.ascii	"\320\242\320b\024\227\230pkH\241\263\231\026\013-\251"
 130      14979870 
 130      6B48A1B3 
 130      99160B2D 
 130      A9
 131 01a1 B45885C3 		.ascii	"\264X\205\3034R\247\3239\203\226mt\314d\364^\354\035"
 131      3452A7D3 
 131      3983966D 
 131      74CC64F4 
 131      5EEC1D
 132 01b4 8C8E5EBF 		.ascii	"\214\216^\277\011\017\370\317\227A\242\004\\\037h\230"
 132      090FF8CF 
 132      9741A204 
 132      5C1F6898 
 133 01c4 05FEB2C8 		.ascii	"\005\376\262\310\335\351\241\3716\263N\377\307\366\355"
 133      DDE9A1F9 
 133      36B34EFF 
 133      C7F6ED
 134 01d3 87FD93EF 		.ascii	"\207\375\223\357\252Gj3\202\\\201/7\011\340+\021sCD"
 134      AA476A33 
 134      825C812F 
 134      3709E02B 
ARM GAS  C:\Users\8FEE~1\AppData\Local\Temp\cc3peYUW.s 			page 10


 134      11734344 
 135 01e7 1D94A95C 		.ascii	"\035\224\251\\\024\260\301i\324\255@\355\265\236\346"
 135      14B0C169 
 135      D4AD40ED 
 135      B59EE6
 136 01f6 DE1988A5 		.ascii	"\336\031\210\245\267N\305/\374Q\237Yd\267\235\003KP"
 136      B74EC52F 
 136      FC519F59 
 136      64B79D03 
 136      4B50
 137 0208 8DF6D94A 		.ascii	"\215\366\331J\030|M:)Q\367}\373\366O8\335\305\340\014"
 137      187C4D3A 
 137      2951F77D 
 137      FBF64F38 
 137      DDC5E00C 
 138 021c 19F0B867 		.ascii	"\031\360\270gc\320\007\0122\351\2477\003\266JW\036\015"
 138      63D0070A 
 138      32E9A737 
 138      03B64A57 
 138      1E0D
 139 022e 86EE99B3 		.ascii	"\206\356\231\263\037@Pm\303\3272\222u\367\322Y\325$"
 139      1F40506D 
 139      C3D73292 
 139      75F7D259 
 139      D524
 140 0240 630EE01B 		.ascii	"c\016\340\033\310\026\317~\347\346\354U\011%p\026dA"
 140      C816CF7E 
 140      E7E6EC55 
 140      09257016 
 140      6441
 141 0252 9AC18028 		.ascii	"\232\301\200(\376\316\241\321\345\324\3545\035m\"\333"
 141      FECEA1D1 
 141      E5D4EC35 
 141      1D6D22DB 
 142 0262 BB274373 		.ascii	"\273'Cs\026\201\036$4\014\201\314\226\241\326&\022\300"
 142      16811E24 
 142      340C81CC 
 142      96A1D626 
 142      12C0
 143 0274 68BBD8D8 		.ascii	"h\273\330\330a\020u\203\017\024\300\010HKg\004O,\215"
 143      61107583 
 143      0F14C008 
 143      484B6704 
 143      4F2C8D
 144 0287 AC4A4935 		.ascii	"\254JI5\224T\315\"\237\303\204\346,\002\376\226\372"
 144      9454CD22 
 144      9FC384E6 
 144      2C02FE96 
 144      FA
 145 0298 EEC1F284 		.ascii	"\356\301\362\204<\334\3562\223\005\335\241\247Q\216"
 145      3CDCEE32 
 145      9305DDA1 
 145      A7518E
 146 02a7 2FE01089 		.ascii	"/\340\020\211\303\"\033\347@\011p\031\211\304{\323\244"
 146      C3221BE7 
 146      40097019 
 146      89C47BD3 
ARM GAS  C:\Users\8FEE~1\AppData\Local\Temp\cc3peYUW.s 			page 11


 146      A4
 147 02b8 065420E8 		.ascii	"\006T \350\347\361\256\023\242\343eX\303/\035F\220C"
 147      E7F1AE13 
 147      A2E36558 
 147      C32F1D46 
 147      9043
 148 02ca 046AE7EB 		.ascii	"\004j\347\353A\263St\350\203\372F\256I\214\002\254h"
 148      41B35374 
 148      E883FA46 
 148      AE498C02 
 148      AC68
 149 02dc B19D5B8F 		.ascii	"\261\235[\217\325H\250\226\310\352\250Y\2632Q\333\034"
 149      D548A896 
 149      C8EAA859 
 149      B33251DB 
 149      1C
 150 02ed 1CB96424 		.ascii	"\034\271d$\347)\342\235\373\373o^5\326<TM(8\306\265"
 150      E729E29D 
 150      FBFB6F5E 
 150      35D63C54 
 150      4D2838C6 
 151 0302 AE5B999A 		.ascii	"\256[\231\232\0333\007!\000\324\033c8\207F\305\023\234"
 151      1B330721 
 151      00D41B63 
 151      388746C5 
 151      139C
 152 0314 872090C3 		.ascii	"\207 \220\303\273\015:\215\024\364\250E\240\013\314"
 152      BB0D3A8D 
 152      14F4A845 
 152      A00BCC
 153 0323 C80BC51B 		.ascii	"\310\013\305\033d\026\024\353\001 _]\230*b\260h\336"
 153      641614EB 
 153      01205F5D 
 153      982A62B0 
 153      68DE
 154 0335 5ED36456 		.ascii	"^\323dV\024?\342\037\"\376V\215\377-\277\242\231\244"
 154      143FE21F 
 154      22FE568D 
 154      FF2DBFA2 
 154      99A4
 155 0347 25118664 		.ascii	"%\021\206d\302\027b\204\277M$\234\216.\210G[\375\337"
 155      C2176284 
 155      BF4D249C 
 155      8E2E8847 
 155      5BFDDF
 156 035a 064D9221 		.ascii	"\006M\222!\204\251\354W\250\233\037\315\217\3452C<y"
 156      84A9EC57 
 156      A89B1FCD 
 156      8FE53243 
 156      3C79
 157 036c 13661967 		.ascii	"\023f\031g4GDG\375{\303oi\352m\202\252\226\332\211'"
 157      34474447 
 157      FD7BC36F 
 157      69EA6D82 
 157      AA96DA89 
 158 0381 48F67FD2 		.ascii	"H\366\177\3228\036c5\201\254\320\213\360/\353\275^{"
 158      381E6335 
ARM GAS  C:\Users\8FEE~1\AppData\Local\Temp\cc3peYUW.s 			page 12


 158      81ACD08B 
 158      F02FEBBD 
 158      5E7B
 159 0393 E4AFE658 		.ascii	"\344\257\346X\215\262X\205RE\305\235B\033N=\332I\332"
 159      8DB25885 
 159      5245C59D 
 159      421B4E3D 
 159      DA49DA
 160 03a6 643404FE 		.ascii	"d4\004\376c4|'FC\254\022\250;'\267\032\015\003\353\243"
 160      63347C27 
 160      4643AC12 
 160      A83B27B7 
 160      1A0D03EB 
 161 03bb C1B0A1BB 		.ascii	"\301\260\241\273\247\250\236\223fE\241\213\301E2V\222"
 161      A7A89E93 
 161      6645A18B 
 161      C1453256 
 161      92
 162 03cc 67457E80 		.ascii	"gE~\200\323\345\014\246\223g\305%\321\035\227\343fE"
 162      D3E50CA6 
 162      9367C525 
 162      D11D97E3 
 162      6645
 163 03de 34F8CB90 		.ascii	"4\370\313\220e}\014L\212\344]\021c \261\347gb=O\316"
 163      657D0C4C 
 163      8AE45D11 
 163      6320B1E7 
 163      67623D4F 
 164 03f3 D92DECF9 		.ascii	"\331-\354\371\246\316\363\012q\016\360L\214\370O\310"
 164      A6CEF30A 
 164      710EF04C 
 164      8CF84FC8 
 165 0403 84BC2C69 		.ascii	"\204\274,i\341\376\"\246\336\312\027\242\227\001'.P"
 165      E1FE22A6 
 165      DECA17A2 
 165      9701272E 
 165      50
 166 0414 F6D14B7E 		.ascii	"\366\321K~^\236]\3739\312]e.\217\357\331\202\347\355"
 166      5E9E5DFB 
 166      39CA5D65 
 166      2E8FEFD9 
 166      82E7ED
 167 0427 1E9FDDE1 		.ascii	"\036\237\335\341q\273=\225\270\253p\225\331}^\007\252"
 167      71BB3D95 
 167      B8AB7095 
 167      D97D5E07 
 167      AA
 168 0438 DD4EB7C3 		.ascii	"\335N\267\303\343u\3469\230\354s\275\3514\224V\270v"
 168      E375E639 
 168      98EC73BD 
 168      E9349456 
 168      B876
 169 044a 57429561 		.ascii	"WB\225aoi\305\036\347\013[\373\251\362x\253}\366\027"
 169      6F69C51E 
 169      E70B5BFB 
 169      A9F278AB 
 169      7DF617
ARM GAS  C:\Users\8FEE~1\AppData\Local\Temp\cc3peYUW.s 			page 13


 170 045d 7715ED2C 		.ascii	"w\025\355,\332\207\026\344\247do\201;\257\234\025n\015"
 170      DA8716E4 
 170      A7646F81 
 170      3BAF9C15 
 170      6E0D
 171 046f 74EEABB6 		.ascii	"t\356\253\266\357,*~\265\330\356\252tT\354y\335iw\270"
 171      EF2C2A7E 
 171      B5D8EEAA 
 171      7454EC79 
 171      DD6977B8 
 172 0483 7D2E5FC9 		.ascii	"}._\311n\207\003\301O\375\013\330[\375\310\274\334\267"
 172      6E8703C1 
 172      4FFD0BD8 
 172      5BFDC8BC 
 172      DCB7
 173 0495 DF87A619 		.ascii	"\337\207\246\031E\305\273le\245>g\225\327\365\264-\347"
 173      45C5BB6C 
 173      65A53E67 
 173      95D7F5B4 
 173      2DE7
 174 04a7 19267999 		.ascii	"\031&y\231\021C\362x\367\263\177\000\271K\233\204"
 174      1143F278 
 174      F7B37F00 
 174      B94B9B84 
 175              		.text
 176              		.section	.gnu.lto_chCoreGetStatusX.9547ac3b,"",%progbits
 177 0000 789C6550 		.ascii	"x\234eP\273N\002A\024\275wf\227]H\344\007\244\240\245"
 177      BB4E0241 
 177      14BD7766 
 177      975D48E4 
 177      07A4A0A5 
 178 0014 616362F0 		.ascii	"acb\360\037\374\0146$\222\270n\002\037\300\210\017\242"
 178      1FFC0C36 
 178      2492B86E 
 178      021FC088 
 178      0FA2
 179 0026 266AE382 		.ascii	"&j\343\202\017\262\005\005\202\017\324\216\302\204\030"
 179      0FB20505 
 179      820FD48E 
 179      C28418
 180 0035 ED7C9258 		.ascii	"\355|\222X\331i\205\321Bc\251\340\275Yb!\311\316\314"
 180      D96985D1 
 180      4263A9E0 
 180      BD596221 
 180      C9CECC
 181 0048 3D67EE9C 		.ascii	"=g\356\234s\356\352 \300C\200\024\000\214\323B\011("
 181      73EEEA20 
 181      C0438014 
 181      008CD342 
 181      0928
 182 005a 366F01E6 		.ascii	"6o\001\346M\201\310\2052\021\012\002\013\270!\313\022"
 182      4D81C885 
 182      32110A02 
 182      0BB821CB 
 182      12
 183 006b 1F164FF6 		.ascii	"\037\026O\366\344\272\364\251M#\370q\263\363\022e\210"
 183      E4BAF4A9 
ARM GAS  C:\Users\8FEE~1\AppData\Local\Temp\cc3peYUW.s 			page 14


 183      4D23F871 
 183      B3F31265 
 183      88
 184 007c 1827B8AB 		.ascii	"\030'\270\253\272+F\242\256TQu\312_\221\312\331\275"
 184      BA2B46A2 
 184      AE545175 
 184      CA5F91CA 
 184      D9BD
 185 008e 0AFB52C0 		.ascii	"\012\373R\3006\265\357c\014\353\030c\217\006&\200\272"
 185      36B5EF63 
 185      0CEB1863 
 185      8F062680 
 185      BA
 186 009f 9F4FFB5B 		.ascii	"\237O\373[c!\215o\211lb\210r@\253\213\035\325\037\224"
 186      63218D6F 
 186      896C6288 
 186      7240AB8B 
 186      1DD51F94 
 187 00b3 54E7BB86 		.ascii	"T\347\273\206\203iS\200/\245\244M\323\270\322\271\012"
 187      83695380 
 187      2FA5A44D 
 187      D3B8D2B9 
 187      0A
 188 00c4 F166002B 		.ascii	"\361f\000+\303*=\346\230k\004\350\224=,z\275\363\253"
 188      C32A3DE6 
 188      986B04E8 
 188      943D2C7A 
 188      BDF3AB
 189 00d7 28EB55A5 		.ascii	"(\353U\245 \033o\351\342\316\340\214:\262k\273\375\366"
 189      201B6FE9 
 189      E2CEE08C 
 189      3AB26BBB 
 189      FDF6
 190 00e9 64147E94 		.ascii	"d\024~\224ID\215\235\211{\275~\274\214\370XEr\300C\232"
 190      49448D9D 
 190      897BBD7E 
 190      BC8CF858 
 190      4572C043 
 191 00fe F58083E2 		.ascii	"\365\200\203\342\021\372\010$\370Y\302@N\222\"\023^"
 191      11FA0824 
 191      F859C240 
 191      4E922213 
 191      5E
 192 010f 38C0DA88 		.ascii	"8\300\332\210\036\216\352\035\377\351\265\376\353\351"
 192      1E8EEA1D 
 192      FFE9B5FE 
 192      EBE9
 193 011d 2441C442 		.ascii	"$A\304BeyH\004\036z\320\324\220\001i\020\017\357X\214"
 193      65794804 
 193      1E7AD0D4 
 193      90016910 
 193      0FEF588C 
 194 0131 0F2165A6 		.ascii	"\017!e\246\261\221\307\245\0370\231LZ\301g\317d\323"
 194      B191C7A5 
 194      1F30994C 
 194      5AC167CF 
 194      64D3
ARM GAS  C:\Users\8FEE~1\AppData\Local\Temp\cc3peYUW.s 			page 15


 195 0143 59373F31 		.ascii	"Y7?1\225\262\334\274e\273\216\343\316Q5\233M[\371\234"
 195      95B2DCBC 
 195      65BB8EE3 
 195      CE51359B 
 195      4D5BF99C 
 196 0157 4DD74EC6 		.ascii	"M\327N\306\261\335\\&i\303/\202\013\215\357"
 196      B1DD5C26 
 196      69C32F82 
 196      0B8DEF
 197              		.text
 198              		.section	.gnu.lto_.symbol_nodes.9547ac3b,"",%progbits
 199 0000 789C55CB 		.ascii	"x\234U\313\311\015\200@\014CQ\317\217\322\007\242\023"
 199      C90D8040 
 199      0C4351CF 
 199      8FD207A2 
 199      13
 200 0011 FAA1878C 		.ascii	"\372\241\207\214\330\271Q\017EP\023A\234\306\027KO\266"
 200      D8B9510F 
 200      45501341 
 200      9CC6174B 
 200      4FB6
 201 0023 0B8DCAB0 		.ascii	"\013\215\312\260\020\322\365HYw\035$\237P\355%\363\203"
 201      10D2F548 
 201      59771D24 
 201      9F50ED25 
 201      F383
 202 0035 D2E5C467 		.ascii	"\322\345\304g\370\341\304>`%J\363a#he'\254\021\275u"
 202      F8E1C43E 
 202      60254AF3 
 202      61236865 
 202      27AC11BD 
 203 004a 7315BE   		.ascii	"s\025\276"
 204              		.text
 205              		.section	.gnu.lto_.refs.9547ac3b,"",%progbits
 206 0000 789C05C1 		.ascii	"x\234\005\301\261\021\300 \000\003\261\177\033H\221"
 206      B111C020 
 206      0003B17F 
 206      1B4891
 207 000f A3A1618A 		.ascii	"\243\241a\212\354\277^\244I\370\200\201\232h\223\221"
 207      ECBF5EA4 
 207      49F88081 
 207      9A689391 
 208 001f 4E5C74EB 		.ascii	"N\\t\353\351\302\227\036\275y\250X~\026\333\000\326"
 208      E9C2971E 
 208      BD79A858 
 208      7E16DB00 
 208      D6
 209              		.text
 210              		.section	.gnu.lto_.decls.9547ac3b,"",%progbits
 211 0000 789CBD56 		.ascii	"x\234\275V}LTW\026\177g\3360\003\303\314H\250\331\370"
 211      7D4C5457 
 211      167F67DE 
 211      3003C3CC 
 211      48A8D9F8 
 212 0014 079B2524 		.ascii	"\007\233%$\015\356&\035\244n\304\335l6u\315n1\273\256"
 212      0DEE261D 
 212      A46EC4DD 
ARM GAS  C:\Users\8FEE~1\AppData\Local\Temp\cc3peYUW.s 			page 16


 212      6C3675CD 
 212      6E31BBAE 
 213 0028 4D599BFD 		.ascii	"MY\233\375c6/0LeR\230\261\314\320\226f\223>T\\\202@"
 213      63362F30 
 213      4C655298 
 213      B1CCD096 
 213      66933E54 
 214 003f A9A245D4 		.ascii	"\251\242E\324:\212\241  \203P\251Zp\240J\025A\371(\342"
 214      3A8AA120 
 214      208350A9 
 214      5A70A04A 
 214      1541F928 
 215 0054 27A045D8 		.ascii	"'\240E\330\202Z\276,\"R\366\334{\337\360\236#\260\377"
 215      825ABE2C 
 215      2252F6DC 
 215      7BDFF09E 
 215      23B0FF
 216 0067 6CF68533 		.ascii	"l\366\2053\334{\337\271\277\337\357\234{\356\275/\200"
 216      DC7BDFB9 
 216      BFDFEF9C 
 216      7BEEBD2F 
 216      80
 217 0078 537175C1 		.ascii	"Squ\301\034\027\313s\\\026p\334\034>\001\034\307Ur\362"
 217      1C17CB73 
 217      5C1670DC 
 217      1C3E011C 
 217      C75572F2 
 218 008c A3463B81 		.ascii	"\243F;\201v\006\355+\264s\322X\013Z\033\332U\264\016"
 218      7606ED2B 
 218      B473D258 
 218      0B5A1BDA 
 218      55B40E
 219 009f EEF9E71F 		.ascii	"\356\371\347\037\210Ep\336BkE\353D\273\204\326%\275"
 219      884570DE 
 219      426B45EB 
 219      44BB84D6 
 219      25BD
 220 00b1 0709F3BF 		.ascii	"\007\011\363\277\341\244\241\243\026\377\207\242-G\333"
 220      E1A4A1A3 
 220      16FF87A2 
 220      2D47DB
 221 00c0 8C5687B6 		.ascii	"\214V\207\266I\302\353T\340\021}\030\006wO\302\274\352"
 221      49C2EB54 
 221      E0117D18 
 221      06774FC2 
 221      BCEA
 222 00d2 87958E4E 		.ascii	"\207\225\216N\272%\260\276G{\2006\246\300\325J1O\240"
 222      BA25B0BE 
 222      477B8036 
 222      A6C0D54A 
 222      314FA0
 223 00e5 3D469B91 		.ascii	"=F\233\221xf\321\346\320T\213p}\204\\\032\005W\235\304"
 223      7866D1E6 
 223      D0548B70 
 223      7D845C1A 
 223      05579DC4 
 224 00f9 F1869FE6 		.ascii	"\361\206\237\346s\022\306U\011G\371|\312\303\251\334"
ARM GAS  C:\Users\8FEE~1\AppData\Local\Temp\cc3peYUW.s 			page 17


 224      7312C655 
 224      0947F97C 
 224      CAC3A9DC 
 225 0109 F3F5AA5E 		.ascii	"\363\365\252^\270\015\350\003!l\026\260_\240F\273s\276"
 225      B80DE803 
 225      216C16B0 
 225      5FA046BB 
 225      73BE
 226 011b 07808EE3 		.ascii	"\007\200\216\343\250\212\3762G:\004\276\031R_%uU\022"
 226      A88AFE32 
 226      473A04BE 
 226      19525F25 
 226      755512
 227 012e 24FD9326 		.ascii	"$\375\223&\203\002\221\275fL\276\207ig\015:\3157\033"
 227      830291BD 
 227      664CBE87 
 227      69670D3A 
 227      CD371B
 228 0141 54320180 		.ascii	"T2\001\200r\202\002\220\311\226\336\317\353\343\344"
 228      72820290 
 228      C996DECF 
 228      EBE3E4
 229 0150 E0C017FD 		.ascii	"\340\300\027\375\330\376\326A]\037\334!\243\356\327"
 229      D8FED641 
 229      5D1FDC21 
 229      A3EED7
 230 015f 808E0D57 		.ascii	"\200\216\015W\337>b\344U@\332}\323\245\1772U\210\354"
 230      DF3E62E4 
 230      5540DA7D 
 230      D3A57F32 
 230      5588EC
 231 0172 09FCB99C 		.ascii	"\011\374\271\234\266\013sS\336ey<\204\352@\205\335\316"
 231      B60B7353 
 231      DE65793C 
 231      84EA4085 
 231      DDCE
 232 0184 D1D643C1 		.ascii	"\321\326C\301\330]\256\203\020\354>\311\350n\324\255"
 232      D85DAE83 
 232      10EC3EC9 
 232      E86ED4AD 
 233 0194 D847676D 		.ascii	"\330Ggm\027CT\360\326\317\240\002\302\240\034\302\220"
 233      174354F0 
 233      D6CFA002 
 233      C2A01CC2 
 233      90
 234 01a5 BC1256E0 		.ascii	"\274\022V\340o\202\232!\335q\177^\243\211p\213\356~"
 234      6F829A21 
 234      DD717F5E 
 234      A389708B 
 234      EE7E
 235 01b7 D13B752F 		.ascii	"\321;u/\362\356IQ\314\304ij\342\006e\300\303q0\021\311"
 235      F2EE4951 
 235      CCC4696A 
 235      E20665C0 
 235      C3713011 
 236 01cc D8C4DF52 		.ascii	"\330\304\337R\350\003\370\034z1\240\023\020\201\323"
 236      E803F81C 
ARM GAS  C:\Users\8FEE~1\AppData\Local\Temp\cc3peYUW.s 			page 18


 236      7A31A013 
 236      1081D3
 237 01db 3D9D5997 		.ascii	"=\235Y\227\214\374\237\251\332\023\0253\036\235\232"
 237      8CFC9FA9 
 237      DA131533 
 237      1E9D9A
 238 01ea 2CE4261D 		.ascii	",\344&\035\301'\350\027\313\312y\024\206\003$7\313p"
 238      C127E817 
 238      CBCA7914 
 238      86032437 
 238      CB70
 239 01fc A8EAC1E9 		.ascii	"\250\352\301\351i\003\033\"\036\307\246\177\250\323"
 239      69031B22 
 239      1EC7A67F 
 239      A8D3
 240 020a F3026D77 		.ascii	"\363\002mw\354\360\034\344YTj\222\235\266\242\357\214"
 240      ECF01CE4 
 240      59546A92 
 240      9DB6A2EF 
 240      8C
 241 021b 2CAAF04F 		.ascii	",\252\360OyUG\375\303\273\201\260RWB\302\362N\035\214"
 241      795547FD 
 241      C3BB81B0 
 241      525742C2 
 241      F24E1D8C 
 242 022f 38DB2B8A 		.ascii	"8\333+\212\341P\007:\250\221un\"\033 K\024\267\211\371"
 242      E150073A 
 242      A891756E 
 242      221B204B 
 242      14B789F9 
 243 0243 DBC5A058 		.ascii	"\333\305\240X\016\276\300\300k1p8\005+\011)\361\203"
 243      0EBEC0C0 
 243      6B317038 
 243      052B0929 
 243      F183
 244 0255 9338588D 		.ascii	"\2238X\215\203\31020Z8b\240\252\011\222\007\250\356"
 244      83C83230 
 244      5A3862A0 
 244      AA099207 
 244      A8EE
 245 0267 6F2B2F94 		.ascii	"o+/\224\004(3\270Y\257\310\340i\232\301/AJagA\341S\035"
 245      042833B8 
 245      59AFC8E0 
 245      699AC12F 
 245      414A6167 
 246 027f A6B09FA4 		.ascii	"\246\260\237\244p[\314\030K\34165\361\203*YZ\225\177"
 246      705BCC18 
 246      4BE13635 
 246      F1832A59 
 246      5A957F
 247 0292 0ACFD014 		.ascii	"\012\317\320\024\216g\027?0\360w\201\246 gn\267{\231"
 247      8E67173F 
 247      30F07781 
 247      A620676E 
 247      B77B99
 248 02a5 84D5F2CB 		.ascii	"\204\325\362\313\375\242w\033*PQ\244\2632\322Y\177\244"
 248      FDA2771B 
ARM GAS  C:\Users\8FEE~1\AppData\Local\Temp\cc3peYUW.s 			page 19


 248      2A5051A4 
 248      B332D259 
 248      7FA4
 249 02b7 AF2852D5 		.ascii	"\257(R\325\230\347\200\226\237dH{\033\2532\264\312\020"
 249      98E78096 
 249      9F64487B 
 249      1BAB32B4 
 249      CA10
 250 02c9 4878720C 		.ascii	"Hxr\014\015\317U\301\307M\335n^\252\202k\345!\237l\027"
 250      0DCF55C1 
 250      C74DDD6E 
 250      5EAA826B 
 250      E5219F6C 
 251 02de 4B719A5B 		.ascii	"Kq\232[E\334\240^&\256\367'>G\211\207w=\256Q\361\231"
 251      45DCA05E 
 251      26AEF727 
 251      3E478987 
 251      773DAE51 
 252 02f4 AC68AB32 		.ascii	"\254h\2532\007\312\002q\331\302p\315A\261\340al\301"
 252      07CA0271 
 252      D9C270CD 
 252      41B1E061 
 252      6CC1
 253 0306 6BBD1395 		.ascii	"k\275\023\225j>\227\372\252N\325\016\024\351\346\327"
 253      6A3E97FA 
 253      AA4ED50E 
 253      14E9E6D7 
 254 0316 74AEC594 		.ascii	"t\256\305\224\371/\022\356\005\224\372\265\314\0326"
 254      F92F12EE 
 254      0594FAB5 
 254      CC1A36
 255 0325 BFA6A347 		.ascii	"\277\246\243GE~\005\007\253\303`\025\256\350y\\\321"
 255      457E0507 
 255      ABC36015 
 255      AEE8795C 
 255      D1
 256 0336 3069459B 		.ascii	"0iE\2330\262F\266\242e\207K\317\033\370\002\2362\354"
 256      30B246B6 
 256      A265874B 
 256      CF1BF802 
 256      9E32EC
 257 0349 DFDB586B 		.ascii	"\337\333Xk\234g\030\032\211\250\311$\014\027\221\241"
 257      9C67181A 
 257      89A8C924 
 257      0C1791A1 
 258 0359 596640C2 		.ascii	"Yf@\302\205)\276Y\230\242kf\367\230J\237=_f\024\317"
 258      8529BE59 
 258      98A26B66 
 258      F7984A9F 
 258      3D5F6614 
 259 036e 57691C5C 		.ascii	"Wi\034\\\002\275\264Q\207\363\274\325\372\227\213E\261"
 259      02BDB451 
 259      87F3BCD5 
 259      FA978B45 
 259      B1
 260 037f 896CAF5F 		.ascii	"\211l\257_\224am\004\221\327\340e\344\212I^\232\333"
 260      94616D04 
ARM GAS  C:\Users\8FEE~1\AppData\Local\Temp\cc3peYUW.s 			page 20


 260      91D7E065 
 260      E48A495E 
 260      9ADB
 261 0391 167819A7 		.ascii	"\026x\031\247\365\014\324V\003\237\247\246\031;|\241"
 261      F50CD456 
 261      039FA7A6 
 261      193B7CA1 
 262 03a1 3B332834 		.ascii	";3(4\237\004\220O*\236\220\321\263\244\025B\347O\204"
 262      9F04904F 
 262      2A9E90D1 
 262      B3A41542 
 262      E74F84
 263 03b4 5BD78EDE 		.ascii	"[\327\216\336\010F\242~\214\362J\321\362\335\242{\005"
 263      0846A27E 
 263      8CF24AD1 
 263      F2DDA27B 
 263      05
 264 03c5 790F9709 		.ascii	"y\017\227\011*q\246\015h\243\360c{o\354\341\371\203"
 264      2A71A60D 
 264      68A3F063 
 264      7B6FECE1 
 264      F983
 265 03d7 0CFEE4E1 		.ascii	"\014\376\344\341\234\014\265$\261\2710t\367v1\226*\274"
 265      9C0CB524 
 265      B1B93074 
 265      F7763196 
 265      2ABC
 266 03e9 F282C22B 		.ascii	"\362\202\302+\024\342*\205x\234=q\337\300\0273\210\211"
 266      14E22A85 
 266      789C3D71 
 266      DFC01733 
 266      8889
 267 03fb 9D9EFA00 		.ascii	"\235\236\372\000\211\374\232\202\274\335GN\033\320A"
 267      89FC9A82 
 267      BCDD474E 
 267      1BD041
 268 040a 6736F675 		.ascii	"g6\366u\347\032\224\271#d2I'\313\035\371\217\316\305"
 268      E71A94B9 
 268      23643249 
 268      27CB1DF9 
 268      8FCEC5
 269 041d 9DF74550 		.ascii	"\235\367EP:\023X\331\271Kr\356\242\316{\012o\326\007"
 269      3A1358D9 
 269      B94B72EE 
 269      A2CE7B0A 
 269      6FD607
 270 0430 F11EA669 		.ascii	"\361\036\246i\354\331\241\272 v\230,\307\356l_~\276"
 270      ECD9A1BA 
 270      2076982C 
 270      C7EE6C5F 
 270      7EBE
 271 0442 961D266E 		.ascii	"\226\035&nR\225G\332&\366\351\370\006\346;yz\347S#\363"
 271      529547DA 
 271      26F6E9F8 
 271      06E63B79 
 271      7AE75323 
 272 0457 7D09BBE5 		.ascii	"}\011\273\345Y\323\242Q\227E\023NIC\225\213{\203d\037"
ARM GAS  C:\Users\8FEE~1\AppData\Local\Temp\cc3peYUW.s 			page 21


 272      59D3A251 
 272      9745134E 
 272      4943958B 
 272      7B83641F 
 273 046b A2C2E03A 		.ascii	"\242\302\340:\253\205\356'\365O\365\3747\024I\335_<"
 273      AB85EE27 
 273      F54FF5FC 
 273      371449DD 
 273      5F3C
 274 047d 3EA28195 		.ascii	">\242\201\225a\000:\264\022\337\321\315\341\031\257"
 274      61003AB4 
 274      12DFD1CD 
 274      E119AF
 275 048c 839B523A 		.ascii	"\203\233R:\360)\022\021~\364#2\274P\331\335\302\262"
 275      F0291211 
 275      7EF42332 
 275      BC50D9DD 
 275      C2B2
 276 049e BB43797A 		.ascii	"\273Cyz\221\3676\022\025\211\201t\204,\265wWE\240\262"
 276      91F73612 
 276      15898174 
 276      842CB577 
 276      5745A0B2 
 277 04b2 1E08F635 		.ascii	"\036\010\3665\364\353\246\372\372HU0\225\304;\277\355"
 277      F4EBA6FA 
 277      FA485530 
 277      95C43BBF 
 277      ED
 278 04c3 C881209D 		.ascii	"\310\201 \235\304\221\265$\007z\267\236\034\030\326"
 278      C491B524 
 278      077AB79E 
 278      1C18D6
 279 04d2 2BB1FB97 		.ascii	"+\261\373\227\302>\320R\220\253\301uo\367b\351|\246"
 279      C23ED052 
 279      90ABC175 
 279      6FF762E9 
 279      7CA6
 280 04e4 C9707B33 		.ascii	"\311p{3\302\341.\256P\017\326\016\236n\212\231\337\342"
 280      C2E12EAE 
 280      500FD60E 
 280      9E6E8A99 
 280      DFE2
 281 04f6 C8DFF0D2 		.ascii	"\310\337\360\322\276Gk\300w/D\276x/D\262c\242\363\343"
 281      BE476BC0 
 281      772F44BE 
 281      782F44B2 
 281      63A2F3E3 
 282 050a F1635ABE 		.ascii	"\361cZ\276U\3156qKO\223ZqL\374~\3778\0217\204\332\356"
 282      55CD3671 
 282      4B4F935A 
 282      714CFC7E 
 282      FF381137 
 283 0521 CB9B3872 		.ascii	"\313\2338r\321\243\177\020C\215\224v\361\000\016~'\035"
 283      D1A37F10 
 283      438D9476 
 283      F1000E7E 
 283      271D
ARM GAS  C:\Users\8FEE~1\AppData\Local\Temp\cc3peYUW.s 			page 22


 284 0533 14C73E39 		.ascii	"\024\307>9\252\341{\030Gs\303\255\353j\320\255\\\020"
 284      AAE17B18 
 284      4773C3AD 
 284      EB6AD0AD 
 284      5C10
 285 0545 60780180 		.ascii	"`x\001\200\371\023\245\231\236(\337\243\230\177\313"
 285      F913A599 
 285      9E28DFA3 
 285      987FCB
 286 0554 6286688E 		.ascii	"b\206h\216\310(\022e\237\352\352U/ZP#\276\202ZEU\345"
 286      C8281265 
 286      9FEAEA55 
 286      2F5A5023 
 286      BE825A45 
 287 056a 3CEC28D4 		.ascii	"<\354(\324\373/\257|p?\240K0\302\340\261C\256\260\231"
 287      FB2FAF7C 
 287      703FA04B 
 287      30C2E0B1 
 287      43AEB099 
 288 057e CA3352F9 		.ascii	"\3123R\371j\260;U\345\276bX\224\355\221\217\355!K\302"
 288      6AB03B55 
 288      E5BE6258 
 288      94ED918F 
 288      ED214BC2 
 289 0592 6476E694 		.ascii	"dv\346\224t\351j\261[:x0O\317\366\311ZRk\355\025\315"
 289      74E96AB1 
 289      5B3A7830 
 289      4FCFF6C9 
 289      5A526BED 
 290 05a8 067F31A3 		.ascii	"\006\1771\243\010\366\003\005\033\243b\03611cTLN\346"
 290      08F60305 
 290      1BA3621E 
 290      31316354 
 290      4C4EE6
 291 05bb F10C2DDF 		.ascii	"\361\014-\337\3176\326\245\202\222\002=\336+^\274W\272"
 291      CF36D6A5 
 291      8292023D 
 291      DE2B5EBC 
 291      57BA
 292 05cd 0EF18FCA 		.ascii	"\016\361\217\312w\212\355x\257\304\322\257\020\030\227"
 292      778AED78 
 292      AFC4D2AF 
 292      101897
 293 05dc D335EE7F 		.ascii	"\3235\356\177\261L\320\213\245d\352\311.#\2777\200\202"
 293      B14CD08B 
 293      A564EAC9 
 293      2E23BF37 
 293      8082
 294 05ee 65CE8EF7 		.ascii	"e\316\216\367\033%\260\231r\376x\315\200(\342\311\260"
 294      1B25B099 
 294      72FE78CD 
 294      8028E2C9 
 294      B0
 295 05ff 03D8C7CA 		.ascii	"\003\330\307\312\244\2146\351\217\366\230\242\365\014"
 295      A48C36E9 
 295      8FF698A2 
 295      F50C
ARM GAS  C:\Users\8FEE~1\AppData\Local\Temp\cc3peYUW.s 			page 23


 296 060d 3625F2D7 		.ascii	"6%\362\327\031\330\361\312\317<F~\220uv5}}P\203\337"
 296      19D8F1CA 
 296      CF3C467E 
 296      90757635 
 296      7D7D5083 
 297 0622 00304577 		.ascii	"\0000Ew(\2164M\367\205\320\217\002\262\254\354[\346"
 297      288E344D 
 297      F785D08F 
 297      02B2ACEC 
 297      5BE6
 298 0634 BCA77CD6 		.ascii	"\274\247|\326\270\350W\325Sz\237N\373\276\011\006\017"
 298      B8E857D5 
 298      537A9F4E 
 298      FBBE0906 
 298      0F
 299 0645 ECF3044B 		.ascii	"\354\363\004KZ\207\032\370\274\262\336\034\321\235!"
 299      5A871AF8 
 299      BCB2DE1C 
 299      D19D21
 300 0654 BE765145 		.ascii	"\276vQE<\341G\237Vx\202\352\177\364\227;C\345\266?:"
 300      3CE1479F 
 300      567882EA 
 300      7FF4973B 
 300      43E5B63F 
 301 0669 9B13CC57 		.ascii	"\233\023\314Wk\250\304\322\035ys\032\011\260\347\020"
 301      6BA8C4D2 
 301      1D79731A 
 301      09B0E710 
 302 0679 9F9D7B99 		.ascii	"\237\235{\231\001\306\322\330\237\311\261?\363\007\233"
 302      01C6D2D8 
 302      9FC9B13F 
 302      F3079B
 303 0688 A560FD87 		.ascii	"\245`\375\207\207\366\030\370z\006v\271\241\270;@\316"
 303      87F618F8 
 303      7A0676B9 
 303      A1B83B40 
 303      CE
 304 0699 E44DBF4C 		.ascii	"\344M\277L\376$\243\375\344\2176\007\021\234N\2608R"
 304      FE24A3FD 
 304      E48F3607 
 304      119C4EB0 
 304      3852
 305 06ab AD82CD6E 		.ascii	"\255\202\315ns\005\276\376\327\315\341\353\243\243\271"
 305      7305BEFE 
 305      D7CDE1EB 
 305      A3A3B9
 306 06ba 5F9B4C51 		.ascii	"_\233LQ\354\317\222dK\2609\234\3211k\242\034\316(\213"
 306      ECCF9264 
 306      4BB0399C 
 306      D1316BA2 
 306      1CCE288B 
 307 06ce 2325C561 		.ascii	"#%\305a\307V\262-!\312\231j\301\327)\326\0242\337d\341"
 307      C756B22D 
 307      21CA996A 
 307      C1D729D6 
 307      1432DF64 
 308 06e3 5EB224AD 		.ascii	"^\262$\255\307\326\272\344d\207e]\262m\213\335\232\270"
ARM GAS  C:\Users\8FEE~1\AppData\Local\Temp\cc3peYUW.s 			page 24


 308      C7D6BAE4 
 308      6487655D 
 308      B26D8BDD 
 308      9AB8
 309 06f5 41E3B47D 		.ascii	"A\343\264}h\025\\\037&\376\326L\221\234\256\264D\233"
 309      68155C1F 
 309      26FED64C 
 309      919CAEB4 
 309      449B
 310 0707 43D89A6A 		.ascii	"C\330\232j}\317f}?\3727\312Q\263\313\341Hv\232\267\330"
 310      7DCF667D 
 310      3FFA37CA 
 310      51B3CBE1 
 310      48769AB7 
 311 071c D3C2692B 		.ascii	"\323\302i+<>5%\334\232\222`ML\264&\232\327\230V\207"
 311      3C3E3525 
 311      DC9A9260 
 311      4D4CB426 
 311      9AD79856 
 312 0731 BFBA2A3A 		.ascii	"\277\272*:\346\335h3\222\233\267X,f|\377\212\335a\267"
 312      E6DD6833 
 312      929BB758 
 312      2C667CFF 
 312      8ADD61B7 
 313 0745 BE628D4F 		.ascii	"\276b\215O\260\021\007S\264\331f\267$\247%Z\315N\027"
 313      B0110753 
 313      B4D966B7 
 313      24A7255A 
 313      CD4E17
 314 0758 CE7ADB94 		.ascii	"\316z\333\224\304\205\276\250*\204\015\275nu\305\271"
 314      C485BEA8 
 314      2A840DBD 
 314      6E75C5B9 
 315 0768 E25D69CE 		.ascii	"\342]i\316\277k\355\326\017\\\030H\220 \244\331\354"
 315      BF6BEDD6 
 315      0F5C1848 
 315      9020A4D9 
 315      EC
 316 0779 AEB582EB 		.ascii	"\256\265\202\353\237\377S\301\317\013\365IL\211G,\273"
 316      9FFF53C1 
 316      CF0BF549 
 316      4C89472C 
 316      BB
 317 078a D52CA0D0 		.ascii	"\325,\240\320\370\264d\227\340J\337ju\242d\255$\342"
 317      F8B46497 
 317      E04ADF6A 
 317      75A264AD 
 317      24E2
 318 079c DDFF8308 		.ascii	"\335\377\203\010g\272\323,`\262\220\021\231\015\202"
 318      67BAD32C 
 318      60B29011 
 318      990D82
 319 07ab 90648DDF 		.ascii	"\220d\215\337*$\304;\255\202\240\261\332\0231+zi\020"
 319      2A24C43B 
 319      AD82A0B1 
 319      DA13312B 
 319      7A6910
ARM GAS  C:\Users\8FEE~1\AppData\Local\Temp\cc3peYUW.s 			page 25


 320 07be 7B82801E 		.ascii	"{\202\200\036o\247\331-\202`\212Y\265fu\240\257\247"
 320      6FA7D92D 
 320      82608A59 
 320      B56675A0 
 320      AFA7
 321 07d0 B624C5A7 		.ascii	"\266$\305\247\352X\372V\277*\270\002}\215 KR\\\272\363"
 321      EA58FA56 
 321      BF2AB802 
 321      7D8D204B 
 321      525CBAF3 
 322 07e4 2F0ECB3B 		.ascii	"/\016\313;\277Z\244\246R]Q\222\030|\201rPF\320VG\252"
 322      BF5AA4A6 
 322      525D5192 
 322      187C8172 
 322      5046D056 
 323 07fa 4BC0057B 		.ascii	"K\300\005{g\355\322\205H\374\234Q\353\336\334\270~\343"
 323      67EDD285 
 323      48FC9C51 
 323      EBDEDCB8 
 323      7EE3
 324 080c 07E8410B 		.ascii	"\007\350A\013\371\275\230\024\026\211\323\352\022\376"
 324      F9BD9814 
 324      1689D3EA 
 324      12FE
 325 081a B02EEE8F 		.ascii	"\260.\356\217o\274\271\301\020\237\374~|\272\023\213"
 325      6FBCB9C1 
 325      109FFC7E 
 325      7CBA138B 
 326 082a 3C1933FE 		.ascii	"<\0313\376\273\245A\261\026\242\326o\214\333\020'\353"
 326      BBA541B1 
 326      16A2D66F 
 326      8CDB1027 
 326      EB
 327 083b 4A71DA9C 		.ascii	"Jq\332\234\002\226\034\002\007\323\2006\333\211\272"
 327      02961C02 
 327      07D38036 
 327      DB89BA
 328 084a 60AA338D 		.ascii	"`\2523\215\266\377\003\352\375\262\203"
 328      B6FF03EA 
 328      FDB283
 329              		.text
 330              		.section	.gnu.lto_.symtab.9547ac3b,"",%progbits
 331 0000 5F636F72 		.ascii	"_core_init\000"
 331      655F696E 
 331      697400
 332 000b 00       		.ascii	"\000"
 333 000c 00       		.ascii	"\000"
 334 000d 00       		.ascii	"\000"
 335 000e 00000000 		.ascii	"\000\000\000\000\000\000\000\000"
 335      00000000 
 336 0016 AE000000 		.ascii	"\256\000\000\000"
 337 001a 6368436F 		.ascii	"chCoreAllocAlignedI\000"
 337      7265416C 
 337      6C6F6341 
 337      6C69676E 
 337      65644900 
 338 002e 00       		.ascii	"\000"
ARM GAS  C:\Users\8FEE~1\AppData\Local\Temp\cc3peYUW.s 			page 26


 339 002f 00       		.ascii	"\000"
 340 0030 00       		.ascii	"\000"
 341 0031 00000000 		.ascii	"\000\000\000\000\000\000\000\000"
 341      00000000 
 342 0039 BA000000 		.ascii	"\272\000\000\000"
 343 003d 6368436F 		.ascii	"chCoreAllocAligned\000"
 343      7265416C 
 343      6C6F6341 
 343      6C69676E 
 343      656400
 344 0050 00       		.ascii	"\000"
 345 0051 00       		.ascii	"\000"
 346 0052 00       		.ascii	"\000"
 347 0053 00000000 		.ascii	"\000\000\000\000\000\000\000\000"
 347      00000000 
 348 005b BC000000 		.ascii	"\274\000\000\000"
 349 005f 6368436F 		.ascii	"chCoreGetStatusX\000"
 349      72654765 
 349      74537461 
 349      74757358 
 349      00
 350 0070 00       		.ascii	"\000"
 351 0071 00       		.ascii	"\000"
 352 0072 00       		.ascii	"\000"
 353 0073 00000000 		.ascii	"\000\000\000\000\000\000\000\000"
 353      00000000 
 354 007b BF000000 		.ascii	"\277\000\000\000"
 355 007f 5F5F6865 		.ascii	"__heap_base__\000"
 355      61705F62 
 355      6173655F 
 355      5F00
 356 008d 00       		.ascii	"\000"
 357 008e 02       		.ascii	"\002"
 358 008f 00       		.ascii	"\000"
 359 0090 00000000 		.ascii	"\000\000\000\000\000\000\000\000"
 359      00000000 
 360 0098 CD000000 		.ascii	"\315\000\000\000"
 361 009c 5F5F6865 		.ascii	"__heap_end__\000"
 361      61705F65 
 361      6E645F5F 
 361      00
 362 00a9 00       		.ascii	"\000"
 363 00aa 02       		.ascii	"\002"
 364 00ab 00       		.ascii	"\000"
 365 00ac 00000000 		.ascii	"\000\000\000\000\000\000\000\000"
 365      00000000 
 366 00b4 D1000000 		.ascii	"\321\000\000\000"
 367              		.text
 368              		.section	.gnu.lto_.opts,"",%progbits
 369 0000 272D666D 		.ascii	"'-fmath-errno' '-fsigned-zeros' '-ftrapping-math' '"
 369      6174682D 
 369      6572726E 
 369      6F272027 
 369      2D667369 
 370 0033 2D666E6F 		.ascii	"-fno-trapv' '-fno-openmp' '-fno-openacc' '-mcpu=cor"
 370      2D747261 
 370      70762720 
ARM GAS  C:\Users\8FEE~1\AppData\Local\Temp\cc3peYUW.s 			page 27


 370      272D666E 
 370      6F2D6F70 
 371 0066 7465782D 		.ascii	"tex-m7' '-mno-thumb-interwork' '-mthumb' '-ggdb' '-"
 371      6D372720 
 371      272D6D6E 
 371      6F2D7468 
 371      756D622D 
 372 0099 4F322720 		.ascii	"O2' '-fomit-frame-pointer' '-falign-functions=16' '"
 372      272D666F 
 372      6D69742D 
 372      6672616D 
 372      652D706F 
 373 00cc 2D666675 		.ascii	"-ffunction-sections' '-fdata-sections' '-fno-common"
 373      6E637469 
 373      6F6E2D73 
 373      65637469 
 373      6F6E7327 
 374 00ff 2720272D 		.ascii	"' '-flto'\000"
 374      666C746F 
 374      2700
 375              		.text
 376              		.comm	__gnu_lto_v1,1,1
 377              		.comm	__gnu_lto_slim,1,1
 378              		.ident	"GCC: (GNU Tools for ARM Embedded Processors 6-2017-q1-update) 6.3.1 20170215 (release) [AR
ARM GAS  C:\Users\8FEE~1\AppData\Local\Temp\cc3peYUW.s 			page 28


DEFINED SYMBOLS
                            *ABS*:00000000 chmemcore.c
                            *COM*:00000001 __gnu_lto_v1
                            *COM*:00000001 __gnu_lto_slim

NO UNDEFINED SYMBOLS
