ARM GAS  C:\Users\8FEE~1\AppData\Local\Temp\cc1zlvX7.s 			page 1


   1              		.cpu cortex-m7
   2              		.eabi_attribute 20, 1
   3              		.eabi_attribute 21, 1
   4              		.eabi_attribute 23, 3
   5              		.eabi_attribute 24, 1
   6              		.eabi_attribute 25, 1
   7              		.eabi_attribute 26, 1
   8              		.eabi_attribute 30, 2
   9              		.eabi_attribute 34, 1
  10              		.eabi_attribute 18, 4
  11              		.file	"hal.c"
  12              		.text
  13              	.Ltext0:
  14              		.section	.gnu.lto_.profile.8abfa981,"",%progbits
  15 0000 789C6365 		.ascii	"x\234ce`b`a```d\360\344\004\000\001\033\000_"
  15      60626061 
  15      60606064 
  15      F0E40400 
  15      011B005F 
  16              		.text
  17              		.section	.gnu.lto_.icf.8abfa981,"",%progbits
  18 0000 789C6365 		.ascii	"x\234ce`b\340`@\000F\206\335\315\255\273Y\031\000\014"
  18      6062E060 
  18      40004686 
  18      DDCDADBB 
  18      5919000C 
  19 0014 A40294   		.ascii	"\244\002\224"
  20              		.text
  21              		.section	.gnu.lto_.jmpfuncs.8abfa981,"",%progbits
  22 0000 789C6365 		.ascii	"x\234ce`b\320d@\000F\030\203\211q:3c\363\257\375\237"
  22      6062D064 
  22      40004618 
  22      8389713A 
  22      3363F3AF 
  23 0016 F9EAFF36 		.ascii	"\371\352\3776H\314gfX\314\014\222^\316X\317\300\310"
  23      48CC6766 
  23      58CC0C92 
  23      5ECE58CF 
  23      C0C8
  24 0028 02640100 		.ascii	"\002d\001\000\270\336\010\226"
  24      B8DE0896 
  25              		.text
  26              		.section	.gnu.lto_.inline.8abfa981,"",%progbits
  27 0000 789C6365 		.ascii	"x\234ce`b\260d@\000F\006\006\356\223@\222\011\310f["
  27      6062B064 
  27      40004606 
  27      06EE9340 
  27      9209C866 
  28 0015 20CF0416 		.ascii	" \317\004\026\343\302A0q\2034\200\231\014\000f\341\002"
  28      E3C24130 
  28      71833480 
  28      990C0066 
  28      E102
  29 0027 30       		.ascii	"0"
  30              		.text
  31              		.section	.gnu.lto_.pureconst.8abfa981,"",%progbits
  32 0000 789C6365 		.ascii	"x\234ce`b`f```d\220\000\000\000\204\000$"
ARM GAS  C:\Users\8FEE~1\AppData\Local\Temp\cc1zlvX7.s 			page 2


  32      60626066 
  32      60606064 
  32      90000000 
  32      840024
  33              		.text
  34              		.section	.gnu.lto_halInit.8abfa981,"",%progbits
  35 0000 789C7591 		.ascii	"x\234u\221\317K\002Q\020\307\347\273OW\205\224\016\035"
  35      CF4B0251 
  35      10C7E7BB 
  35      4F578594 
  35      0E1D
  36 0012 0A3B4474 		.ascii	"\012;Dt\361\342\322\245\376\207\376\213\362\242\024"
  36      F1E2D2A5 
  36      FE87FE8B 
  36      F2A214
  37 0021 08F907EC 		.ascii	"\010\371\007\354\232\205`P]\314\014b\267\"\264,M\243"
  37      9A856050 
  37      5DCC0C62 
  37      B722B42C 
  37      4DA3
  38 0033 83A7166F 		.ascii	"\203\247\026o]\012\352\330\251\210\016Y t+\324\346i"
  38      5D0AEAD8 
  38      A9880E59 
  38      20742BD4 
  38      E669
  39 0045 84877578 		.ascii	"\204\207ux\303\2747\363a~=7)\324\002\321\014\021\005"
  39      C3BC37F3 
  39      617E3D37 
  39      29D402D1 
  39      0C1105
  40 0058 592108CA 		.ascii	"Y!\010\312\316\035Q\322\253\000\362bxA\272\002\035\333"
  40      CE1D51D2 
  40      AB00F262 
  40      7841BA02 
  40      1DDB
  41 006a 2227D048 		.ascii	"\"'\320H\277\325\225P\301`\261s\255\011\243h\303\024"
  41      BFD59550 
  41      C160B173 
  41      AD09A368 
  41      C314
  42 007c 44795629 		.ascii	"DyV)( D\214\275T;Y\277\352\352\373Q\204\312%\250\362"
  42      2820448C 
  42      BD543B59 
  42      BFEAEAFB 
  42      5184CA25 
  43 0092 00DBE874 		.ascii	"\000\333\350t\323\206\375z\204\307\005\037Q\206\303"
  43      D386FD7A 
  43      84C7051F 
  43      5186C3
  44 00a1 B2C6A650 		.ascii	"\262\306\246P\244\025M\244\254\237\240\344e\222z\375"
  44      A4154DA4 
  44      AC9FA0E4 
  44      65927AFD 
  45 00b1 E3C9A3B7 		.ascii	"\343\311\243\267\015\257)\220\027\234\001\247\320\311"
  45      0DAF2990 
  45      179C01A7 
  45      D0C9
ARM GAS  C:\Users\8FEE~1\AppData\Local\Temp\cc1zlvX7.s 			page 3


  46 00bf 64B68975 		.ascii	"d\266\211u\353d\304\201\023y\216\022\316\230\343\300"
  46      EB64C481 
  46      13798E12 
  46      CE98E3C0 
  47 00cf EE46E3DE 		.ascii	"\356F\343\336\263%L\341\202|\246\276o\276\002\314\215"
  47      B3254CE1 
  47      827CA6BE 
  47      6FBE02CC 
  47      8D
  48 00e0 B3E35836 		.ascii	"\263\343X6\306\276\333\375\322\262\211\203\344\250)"
  48      C6BEDBFD 
  48      D2B28983 
  48      E4A829
  49 00ef DC38E729 		.ascii	"\3348\347)K\230\354\005\272\357\265\262\217\341=\303"
  49      4B98EC05 
  49      BAEFB5B2 
  49      8FE13DC3 
  50 00ff 9892092E 		.ascii	"\230\222\011.`\242W\020e\350\246PI\366z\350w\356\225"
  50      60A25710 
  50      65E8A650 
  50      49F67AE8 
  50      77EE95
  51 0112 93A3F2DF 		.ascii	"\223\243\362\337k\312j\017\341\\\314]\016p\327\001g"
  51      6BCA6A0F 
  51      E15CCC5D 
  51      0E70D701 
  51      67
  52 0123 CECD5C75 		.ascii	"\316\315\\u\200{\036s\346T\346j\203u\207p\036\346\256"
  52      807B1E73 
  52      E654E66A 
  52      83758770 
  52      1EE6AE
  53 0136 FEB84FAC 		.ascii	"\376\270O\254Y\205l\1776)\031\3364\377\005\257q:\034"
  53      59856C7F 
  53      362919DE 
  53      34FF05AF 
  53      713A1C
  54 0149 D6F844A2 		.ascii	"\326\370D\242\261\245X<1;?\247\305\023ZtqEK\254F\244"
  54      B1A5583C 
  54      313B3FA7 
  54      C5135A74 
  54      71454BAC 
  55 015f 0D47E817 		.ascii	"\015G\350\027\231\222\254\375"
  55      9992ACFD 
  56              		.text
  57              		.section	.gnu.lto_.symbol_nodes.8abfa981,"",%progbits
  58 0000 789C55C9 		.ascii	"x\234U\311\313\015\3020\024D\321\353q\234\244\014J\201"
  58      CB0DC230 
  58      1444D1EB 
  58      719CA40C 
  58      4A81
  59 0012 CA9E1714 		.ascii	"\312\236\027\024\220\026 \346\327\002\353\354\220\250"
  59      901620E6 
  59      D702EBEC 
  59      90A8
  60 0020 01A4D481 		.ascii	"\001\244\324\201xx\205gs\244;\011\361\300\247\203\014"
  60      78788567 
ARM GAS  C:\Users\8FEE~1\AppData\Local\Temp\cc1zlvX7.s 			page 4


  60      73A43B09 
  60      F1C0A783 
  60      0C
  61 0031 A62738F7 		.ascii	"\246'8\367\274\203T\304\306\237p\223\205\372@\316[\017"
  61      BC8354C4 
  61      C69F7093 
  61      85FA40CE 
  61      5B0F
  62 0043 57999A70 		.ascii	"W\231\232p\221\305&\234e]\023N\262\324\204Y\3267\341"
  62      91C5269C 
  62      655D134E 
  62      B2D48459 
  62      D637E1
  63 0056 281BFE43 		.ascii	"(\033\376Cd\244\274>!2\260T{\326jb\377\376\331Q\252"
  63      64A4BC3E 
  63      2132B054 
  63      7BD66A62 
  63      FFFED951 
  64 006b 91A52A56 		.ascii	"\221\245*V\227/\326:3\017"
  64      972FD63A 
  64      330F
  65              		.text
  66              		.section	.gnu.lto_.refs.8abfa981,"",%progbits
  67 0000 789C6365 		.ascii	"x\234ce`b`c```d`bdb\000\000\000\275\000\024"
  67      60626063 
  67      60606064 
  67      60626462 
  67      000000BD 
  68              		.text
  69              		.section	.gnu.lto_.decls.8abfa981,"",%progbits
  70 0000 789CBD57 		.ascii	"x\234\275WkPTG\026\276}{f\030.C\264 \265\353\017k\227"
  70      6B505447 
  70      16BE7D7B 
  70      66182E43 
  70      B420B5EB 
  71 0017 B24849B6 		.ascii	"\262HI\266\"\0230+\356n\355n\262\032\037\011Q\252\362"
  71      2213302B 
  71      EE6EED6E 
  71      B21A1F09 
  71      51AAF2
  72 002a F8B13555 		.ascii	"\370\2615US\0033\312T\0013\231\031\362\250\335\037\027"
  72      530333CA 
  72      54013399 
  72      19F2A8DD 
  72      1F17
  73 003c 414114D1 		.ascii	"AA\024\321\230\270\031K\214\006j\005E \370\210\210\217"
  73      98B8194B 
  73      8C066A05 
  73      4520F888 
  73      888F
  74 004e 512320F2 		.ascii	"Q# \362RW\304\204\327\"\2225*\202\242\200\002\263\247"
  74      5257C484 
  74      D7229235 
  74      2A82A280 
  74      02B3A7
  75 0061 BBEFE55E 		.ascii	"\273\357\345^\006\2502\265U{\213s\373\236>_\177\347"
  75      06A832B5 
ARM GAS  C:\Users\8FEE~1\AppData\Local\Temp\cc1zlvX7.s 			page 5


  75      557B8B73 
  75      FB9E3E5F 
  75      7FE7
  76 0073 749FD33D 		.ascii	"t\237\323=\215\226\343\271\250P\216\333\2009\256\224"
  76      8D96E3B9 
  76      A8508EDB 
  76      8039AE94 
  77 0083 E3383F3C 		.ascii	"\3438?<<\264\207A\020\310 \307\036=\310\010\310S\220"
  77      3CB48741 
  77      10C820C7 
  77      1E3DC808 
  77      C85390
  78 0096 3190098E 		.ascii	"1\220\011\216\001x\020\035\210\0361\274\200\270)\317"
  78      0178101D 
  78      881E31BC 
  78      80B829CF 
  79 00a6 20E841D0 		.ascii	" \350A\320~\000\022\002\337\303\320\032\020\343\035"
  79      7E001202 
  79      DFC3D01A 
  79      10E31D
  80 00b5 00D1A2A9 		.ascii	"\000\321\242\251\374z\211\217\360\022\302\011\311\337"
  80      FC7A898F 
  80      F012C209 
  80      C9DF
  81 00c3 536E66FE 		.ascii	"Snf\376\177`t%\253b\017\336\206Q\230\2004\240\0166\356"
  81      7F607425 
  81      AB620FDE 
  81      86519880 
  81      34A00E36 
  82 00d8 BEF502A8 		.ascii	"\276\365\002\250/\012(\002\324\274\222\211_3\343\227"
  82      2F0A2802 
  82      D4BC9289 
  82      5F33E397 
  83 00e8 3CA8274E 		.ascii	"<\250'N\337\217e\352|\320Nv\014\372B\030\266\033\221"
  83      DF8F65EA 
  83      7CD04E76 
  83      0CFA4218 
  83      B61B91
  84 00fb B1625EB6 		.ascii	"\261b^\266\201\231G\210~\251\265\240_\300\020\013|\367"
  84      81994788 
  84      7EA9B5A0 
  84      5FC0100B 
  84      7CF7
  85 010d 67DDEE0E 		.ascii	"g\335\356\016a\266y\240^\035h(\220\324\271\240\266o"
  85      61B679A0 
  85      5E1D6828 
  85      90D4B9A0 
  85      B66F
  86 011f DEB45787 		.ascii	"\336\264W\207\203)\262\243\256\344\020\011h\241\200"
  86      8329B2A3 
  86      AEE41009 
  86      68A180
  87 012e C872CE81 		.ascii	"\310r\316\201\256\362{U\243\241\254\213 \272F\213WD"
  87      AEF27B55 
  87      A3A1AC8B 
  87      20BA468B 
  87      5744
ARM GAS  C:\Users\8FEE~1\AppData\Local\Temp\cc1zlvX7.s 			page 6


  88 0140 978AECD1 		.ascii	"\227\212\354\321\377J\231\313\325\374\207EA\370\227"
  88      FF4A99CB 
  88      D5FC8745 
  88      41F897
  89 014f 04C47BEB 		.ascii	"\004\304{\353o\234\327\240(\341\237\004\344\2731\264"
  89      6F9CD7A0 
  89      28E19F04 
  89      E4BB31B4 
  90 015f 7047B628 		.ascii	"pG\266(\362\3508\022\320Q\204\321\021\024M\326d\241"
  90      F2E83812 
  90      D05184D1 
  90      11144DD6 
  90      64A1
  91 0171 00EF1C51 		.ascii	"\000\357\034Q\334 n\317\024\203Wq\250\030\315G\007\320"
  91      DC206ECF 
  91      14835771 
  91      A818CD47 
  91      07D0
  92 0183 7C0E1D43 		.ascii	"|\016\035CQ\304\037\301\241J\350\374\006:\301EI\321"
  92      51C41FC1 
  92      A14AE8FC 
  92      063AC145 
  92      49D1
  93 0195 8EAF75F8 		.ascii	"\216\257u\370+D}\324\234\371\241M\203\204\250\031\011"
  93      2B447DD4 
  93      9CF9A14D 
  93      8384A819 
  93      09
  94 01a6 AA662060 		.ascii	"\252f `\301\324\036^P\263\221\004s\002\202\371V\011"
  94      C1D41E5E 
  94      50B39104 
  94      730282F9 
  94      5609
  95 01b8 066263F3 		.ascii	"\006bc\363\3509\331\236\301\343\335l\345vW\017\325k"
  95      E839D99E 
  95      C1E3DD6C 
  95      E576570F 
  95      D56B
  96 01ca D952E941 		.ascii	"\331R\351A}\260\363b#\217\3672[_[\246W\207\213\230\262"
  96      7DB0F362 
  96      238FF732 
  96      5B5F5BA6 
  96      57878B98 
  97 01df 7DFCA6A8 		.ascii	"}\374\246\250\303\245L\311{0\262_\203\2170\345f\346"
  97      C3A54CC9 
  97      7B30B25F 
  97      838F30E5 
  97      66E6
  98 01f1 706B28AE 		.ascii	"pk(\256\242J\360\246\362\023G\015(\222<\341\221\221"
  98      A24AF0A6 
  98      F213470D 
  98      28923CE1 
  98      9191
  99 0203 515F93D8 		.ascii	"Q_\223\330}\303\315\257\324=\354\025\305\317\0144(\037"
  99      7DC3CDAF 
  99      D43DEC15 
  99      C5CF0C34 
ARM GAS  C:\Users\8FEE~1\AppData\Local\Temp\cc1zlvX7.s 			page 7


  99      281F
 100 0215 045583C2 		.ascii	"\004U\203\302\225\311\224\301\213C1\360\342\330\200"
 100      95C994C1 
 100      8B4331F0 
 100      E2D880
 101 0224 A77FF28A 		.ascii	"\247\177\362\212\276,L\321g\003\321\306\000\360O\177"
 101      BE2C4CD1 
 101      6703D1C6 
 101      00F04F7F 
 102 0234 56C0A702 		.ascii	"V\300\247\002\301\325\224\272\030\251\270U\360\223\201"
 102      C1D594BA 
 102      18A9B855 
 102      F09381
 103 0243 F0F2C048 		.ascii	"\360\362\300H\276W\241O\317LN\321;\310\332o\027\305"
 103      BE57A14F 
 103      CF4C4ED1 
 103      3BC8DA6F 
 103      17C5
 104 0255 D7351C3A 		.ascii	"\3275\034:\004\366\203\324D\320\260\374\350\022d\353"
 104      04F683D4 
 104      44D0B0FC 
 104      E81264EB 
 105 0265 3C8A44B5 		.ascii	"<\212D\265 \027A.\200|\007R\007r\016E\322\012c\376\352"
 105      2017412E 
 105      807C0752 
 105      07720E45 
 105      D20A63FE 
 106 027a 55FECECC 		.ascii	"U\376\316\3148s\365\\\352W)\350\212\231\347\302\340"
 106      3873F55C 
 106      EA5729E8 
 106      8A99E7C2 
 106      E0
 107 028b AC34FACF 		.ascii	"\2544\372\317\204e\210\"\"0N*\013\251\266\317Nd\265"
 107      84658822 
 107      22304E2A 
 107      0BA9B6CF 
 107      4E64B5
 108 029e E8F018CD 		.ascii	"\350\360\030\315!_\224\333p\\\217\302\243f\232\023j"
 108      215F94DB 
 108      705C8FC2 
 108      A3669A13 
 108      6A
 109 02af 80A9FC9C 		.ascii	"\200\251\374\234i1\317}u:\330L\3502\014\254WJ\222\304"
 109      6931CF7D 
 109      753AD84C 
 109      E8320CAC 
 109      574A92C4 
 110 02c3 41DDCB7B 		.ascii	"A\335\313{=L\332\353\331\215\217\017\3608\037\323\372"
 110      3D4CDAEB 
 110      D98D8F0F 
 110      F0381FD3 
 110      FA
 111 02d4 AA389575 		.ascii	"\2528\225u\377\005f\364\021\343\226\215\371\233\203"
 111      FF0566F4 
 111      11E3968D 
 111      F99B83
 112 02e3 F02E667C 		.ascii	"\360.f|T\\\271W\317\214\305\304xg\274\346\256\026\027"
ARM GAS  C:\Users\8FEE~1\AppData\Local\Temp\cc1zlvX7.s 			page 8


 112      545CB957 
 112      CF8CC5C4 
 112      7867BCE6 
 112      AE1617
 113 02f6 30636963 		.ascii	"0cicm\273t\372\344\020\343\265\341\226l\001\0271\243"
 113      6DBB74FA 
 113      E410E3B5 
 113      E1966C01 
 113      1731A3
 114 0309 FFCECDC2 		.ascii	"\377\316\315\302`f\034 z\356\261\235\205s\360!f\274"
 114      60661C20 
 114      7AEEB19D 
 114      8573F021 
 114      66BC
 115 031b D6B73F4B 		.ascii	"\326\267?K:lZ\210\276-\377\3107\002\256d\306\342\276"
 115      3A6C5A88 
 115      BE2DFFC8 
 115      3702AE64 
 115      C6E2BE
 116 032e 3DDB24E3 		.ascii	"=\333$\343RP\2175\236\350\324\342*fk\177\330\232\035"
 116      52508F35 
 116      9EE8D4E2 
 116      2A666B7F 
 116      D89A1D
 117 0341 827D4C29 		.ascii	"\202}L)\037\373\374\200\016\3272\245eO\201\274\323\216"
 117      1FFBFC80 
 117      0ED732A5 
 117      654F81BC 
 117      D38E
 118 0353 92D32EAF 		.ascii	"\222\323.\257\334\257g\307\333\276p\342\301\333Q!\340"
 118      DCAF67C7 
 118      DBBE70E2 
 118      C1DB5121 
 118      E0
 119 0364 268A0D1D 		.ascii	"&\212\015\035\357\032:\033\202\302#'\237\250Hu2:!\031"
 119      EF1A3A1B 
 119      82C22327 
 119      9FA84875 
 119      323A2119 
 120 0378 1D34BBDD 		.ascii	"\0354\273\335R&\356B&z`\325\373@\376\003r\033\244\027"
 120      5226EE42 
 120      267A60D5 
 120      FB40FE03 
 120      721BA417 
 121 038c E40EC84F 		.ascii	"\344\016\310O \367@~\004\3717\310-\245\340Hf\232\302"
 121      20F7407E 
 121      04F937C8 
 121      2DA5E048 
 121      669AC2
 122 039f 768A62DD 		.ascii	"v\212b\335\25347\207!7\204r2\333\245S\267\017\340\317"
 122      AB343787 
 122      21378472 
 122      32DBA553 
 122      B70FE0CF 
 123 03b3 BF95414B 		.ascii	"\277\225AK\216\300\333\003\341S\266&\001\257U\300]\201"
 123      8EC0DB03 
 123      E153B626 
ARM GAS  C:\Users\8FEE~1\AppData\Local\Temp\cc1zlvX7.s 			page 9


 123      01AF55C0 
 123      5D81
 124 03c5 E0121488 		.ascii	"\340\022\024\210\216W\320\255\201\350\353\201\350\236"
 124      8E57D0AD 
 124      81E8EB81 
 124      E89E
 125 03d3 B715745B 		.ascii	"\267\025t[ \372\306\264\270{Tq\377\020\010/\233>\315"
 125      20FAC6B4 
 125      B87B5471 
 125      FF10082F 
 125      9B3ECD
 126 03e6 350ABC29 		.ascii	"5\012\274)\020\3368-rU,\337\007\242oN\213\\5\317\177"
 126      10DE382D 
 126      72552CDF 
 126      07A26F4E 
 126      8B5C35CF 
 127 03fb 05A2AF4D 		.ascii	"\005\242\257M\017\345\035\005~5\020~E!\227\366\370%"
 127      0FE51D05 
 127      7E35107E 
 127      452197F6 
 127      F825
 128 040d B6C7BBA7 		.ascii	"\266\307\273\247\356q)\331\215\252d\267\004r5\253\\"
 128      EE7129D9 
 128      8DAA64B7 
 128      047235AB 
 128      5C
 129 041e 43459E1B 		.ascii	"CE\236\033\275\267q\016\276N+\222\037o\357\375m\300"
 129      BDB7710E 
 129      BE4E2B92 
 129      1F6FEFFD 
 129      6DC0
 130 0430 91205721 		.ascii	"\221 W!z\000\305\367\277\024\"\013\274\265\231\036\021"
 130      7A00C5F7 
 130      BF14220B 
 130      BCB5991E 
 130      11
 131 0441 FD40745F 		.ascii	"\375@t_9\"\272\345#\242\240\333wK\033.\371\317\231\315"
 131      3922BAE5 
 131      23A2A0DB 
 131      774B1B2E 
 131      F9CF99CD 
 132 0455 3FF7B39D 		.ascii	"?\367\263\235\223\237\266\307\325_`C\356\344\317,\032"
 132      939FB6C7 
 132      D55F6043 
 132      EEE4CF2C 
 132      1A
 133 0466 501DA31C 		.ascii	"P\035\243\034\032D\006z\241\202\026\300\307\363\276"
 133      1A44067A 
 133      A18216C0 
 133      C7F3BE
 134 0475 3BCD7742 		.ascii	";\315wB\351\303M\014\315\245\024\010\2617\242BU\277"
 134      E9C34D0C 
 134      CDA51408 
 134      B137A242 
 134      55BF
 135 0487 FC2044FB 		.ascii	"\374 D\373\241\227\347\244k\230\334\205\344\021\222"
 135      A197E7A4 
ARM GAS  C:\Users\8FEE~1\AppData\Local\Temp\cc1zlvX7.s 			page 10


 135      6B98DC85 
 135      E41192
 136 0496 CE4B2A2F 		.ascii	"\316K*/Q\322?i0R123\363$?\354\006\306>\3500y4\342\025"
 136      51D23F69 
 136      30523132 
 136      33F3243F 
 136      EC06C63E 
 137 04b0 0708A907 		.ascii	"\007\010\251\007\250\010Y\330\222}2>N\231\034\222\227"
 137      A80859D8 
 137      927D323E 
 137      4E991C92 
 137      97
 138 04c1 6AD0DBD0 		.ascii	"j\320\333\320't\301\262C\317\276\327\021\355\0338\""
 138      2774C1B2 
 138      43CFBED7 
 138      11ED1B38 
 138      22
 139 04d2 F608B88B 		.ascii	"\366\010\270\213\235r\027\375\303\2769\354\224\343U"
 139      9D7217FD 
 139      C3BE39EC 
 139      94E355
 140 04e1 37B117D9 		.ascii	"7\261\027\331Ml$\343\3729a\336.z\265\312\024\347\362"
 140      4D6C24E3 
 140      FA3961DE 
 140      2E7AB5CA 
 140      14E7F2
 141 04f4 E8835FA0 		.ascii	"\350\203_\240'\260\320\217\351B\017\243y\360N\324H\345"
 141      27B0D08F 
 141      E9420FA3 
 141      79F04ED4 
 141      48E5
 142 0506 D792572D 		.ascii	"\327\222W-,\330'\356\353\026}\376\261\210\037+E\021"
 142      2CD827EE 
 142      EB167DFE 
 142      B1881F2B 
 142      4511
 143 0518 AE35A286 		.ascii	"\2565\242\206\300\320\220R!\360\011\357Gp\276\240\207"
 143      C0D09052 
 143      21F009EF 
 143      4770BEA0 
 143      87
 144 0529 50131CDC 		.ascii	"P\023\034\334\016\027\220\237\220\312\376.-\316\325"
 144      0E17909F 
 144      90CAFE2E 
 144      2DCED5
 145 0538 D0A87654 		.ascii	"\320\250vT\266\364`\340\352\206:k\316\305e\2315[\305"
 145      B6F460E0 
 145      EA863A6B 
 145      CEC56599 
 145      355BC5
 146 054b FD887A44 		.ascii	"\375\210zD\243\012\325(\241\"\037O)EC_\307\337p5c(\373"
 146      A30AD528 
 146      A1221F4F 
 146      2945435F 
 146      C7DF7035 
 147 0562 A2F94190 		.ascii	"\242\371A\220\304p\367K|w\264W\314\021\030\3013\205"
 147      C470F74B 
ARM GAS  C:\Users\8FEE~1\AppData\Local\Temp\cc1zlvX7.s 			page 11


 147      7C77B457 
 147      CC1118C1 
 147      3385
 148 0574 E0994C30 		.ascii	"\340\231L0F\011\232\353\013\307Bq\206\2262\354:u\356"
 148      46099AEB 
 148      0BC74271 
 148      869632EC 
 148      3A75EE
 149 0587 72B0C470 		.ascii	"r\260\304p\241\004\227\224l\362%0\202q\205`\\&\230\240"
 149      A1049794 
 149      6CF22530 
 149      82718560 
 149      5C2698A0 
 150 059b 0423559F 		.ascii	"\004#U\237\327\012\3708#\350o9\324f\220\010\036\225"
 150      D70AF838 
 150      23E86F39 
 150      D4669008 
 150      1E95
 151 05ad E3B30A81 		.ascii	"\343\263\012\201_!\360\313\004\"O\010\372\257\364>\011"
 151      5F21F0CB 
 151      04224F08 
 151      FAAFF43E 
 151      09
 152 05be C27718C1 		.ascii	"\302w\030\301\311\241\332Jy\025.\237\301\243\205\223"
 152      C9A1DA4A 
 152      79152E9F 
 152      C1A38593 
 153 05ce 04701F94 		.ascii	"\004p\037\224\011\340\223\021l\240\004\007K\275\267"
 153      09E09311 
 153      6CA00407 
 153      4BBDB7
 154 05dd 83F11E1D 		.ascii	"\203\361\036\035%\360^\037\276\247\323\360l/\220DA\337"
 154      25F05E1F 
 154      BEA7D3F0 
 154      6C2F9044 
 154      41DF
 155 05ef 85AB6DF9 		.ascii	"\205\253m\371\232YS\272\221')\315\342\245\234\0265\217"
 155      9A5953BA 
 155      912729CD 
 155      E2A59C16 
 155      358F
 156 0601 7FAB97A7 		.ascii	"\177\253\227\247\320\374\312V\026\001\200P\246\022A"
 156      D0FCCA56 
 156      16018050 
 156      A61241
 157 0610 A61CC126 		.ascii	"\246\034\301&\032\201wo~\005\306\007Y\004\237\355\036"
 157      1A81776F 
 157      7E05C607 
 157      59049FED 
 157      1E
 158 0621 6BE22582 		.ascii	"k\342%\202gMx\302\257\244![a\310\226\031r(C\335\205"
 158      674D78C2 
 158      AFA4215B 
 158      61C89619 
 158      722843DD 
 159 0636 B2272178 		.ascii	"\262'!x\2001t\326\324y5/\025\212\003\"\271\227.\335"
 159      803174D6 
ARM GAS  C:\Users\8FEE~1\AppData\Local\Temp\cc1zlvX7.s 			page 12


 159      D479352F 
 159      158A0322 
 159      B9972EDD 
 160 064a 92D9248A 		.ascii	"\222\331$\212\373y\272\34573\006\325\317\353fB\204r"
 160      FB79BAE5 
 160      373306D5 
 160      CFEB6642 
 160      8472
 161 065c F997C8FF 		.ascii	"\371\227\310\377\005#7:\015\352S\2028UN\211-\274Av\017"
 161      0523373A 
 161      0DEA5382 
 161      38554E89 
 161      2DBC4176 
 162 0671 9FF454F9 		.ascii	"\237\364T\371\252U\243\306\223i*\370\255<;UH\253Kxk"
 162      AA55A3C6 
 162      93692AF8 
 162      AD3C3B55 
 162      48AB4B78 
 163 0686 B9C563D1 		.ascii	"\271\305c\321X\326\271R\364+\327\274\037\261,&\206\023"
 163      58D6B952 
 163      F42BD7BC 
 163      1FB12C26 
 163      8613
 164 0698 CCE6747B 		.ascii	"\314\346t{\232gq\254\331\363w\353\357MI\311\366D\273"
 164      9A6771AC 
 164      D9F377EB 
 164      EF4D49C9 
 164      F644BB
 165 06ab DB936EB5 		.ascii	"\333\223n\265;\314N\227\355#\273\355\343\230\337\251"
 165      3BCC4E97 
 165      ED23BBED 
 165      E398DFA9 
 166 06bb 7B4D1E87 		.ascii	"{M\036\207#\305mZ\237\226\036A\277\",\256\324\010[j"
 166      23C56D5A 
 166      9F961E41 
 166      BF222CAE 
 166      D4085B6A 
 167 06cf A2CD6AB5 		.ascii	"\242\315j\265YMK\242\027G\304\276\032\023\367a\214\011"
 167      594D4BA2 
 167      1747C4BE 
 167      1A13F761 
 167      8C09
 168 06e1 FA17A539 		.ascii	"\372\027\2459\322l\213l\226D\273\311\236\226\224\222"
 168      D26C8B6C 
 168      9644BBC9 
 168      9E969492 
 169 06f1 6EB59952 		.ascii	"n\265\231R-\300\225f3\231\255\266u\226\364\024\217\331"
 169      2DC09566 
 169      3399ADB6 
 169      7596F414 
 169      8FD9
 170 0703 F3A9D3E6 		.ascii	"\363\251\323\346\216N\346\364r\024\037\376\037\242p"
 170      8E4EE6F4 
 170      72141FFE 
 170      1FA270
 171 0712 7FEA3699 		.ascii	"\177\3526\231\335\036+\270\004\327\330aui\235\351N\253"
 171      DD1E2BB8 
ARM GAS  C:\Users\8FEE~1\AppData\Local\Temp\cc1zlvX7.s 			page 13


 171      04D7D861 
 171      75699DE9 
 171      4EAB
 172 0724 2BC8E176 		.ascii	"+\310\341v\332lV\227\316A\302riS\035V\233\213\254W\362"
 172      DA6C5697 
 172      CE41C272 
 172      69531D56 
 172      9B8BAC57 
 173 0739 1FA3A38D 		.ascii	"\037\243\243\215\360GCp\270c\342\226\030\035nc\262%"
 173      F0474370 
 173      B863E296 
 173      181D6E63 
 173      B225
 174 074b C5E874B8 		.ascii	"\305\350t\270<n\343\273\357\275\2638\326\030\037\277"
 174      3C6EE3BB 
 174      EFBDB338 
 174      D6181FBF 
 175 075b DCB83261 		.ascii	"\334\2702a\365\332\217b\211\311\354\004II\261\202\207"
 175      F5DA8F62 
 175      89C9EC04 
 175      4949B182 
 175      87
 176 076c 30B72715 		.ascii	"0\267'\025\346\266\336\011\363q\333<\351N\263G\227\260"
 176      E6B6DE09 
 176      F371DB3C 
 176      E94EB347 
 176      97B0
 177 077e 9A244397 		.ascii	"\232$C\227\260\2125+Y\263\2025o\262f9k\226\261\346/"
 177      B08A352B 
 177      59B38235 
 177      6FB26639 
 177      6B96B1E6 
 178 0793 AC798335 		.ascii	"\254y\2035o\223&8\341\215\370e\216\264u\366\365A\340"
 178      6F932638 
 178      E18DF865 
 178      8EB475F6 
 178      F541E0
 179 07a6 71759ADD 		.ascii	"qu\232\335\263`\266@\335\256$\322F'q:\267\207 _\236"
 179      B360B640 
 179      DDAE24D2 
 179      4627713A 
 179      B787205F 
 180 07bb 0D29AD12 		.ascii	"\015)\255\022\235\203\233,Pp\242\303\342\262\2221\177"
 180      9D839B2C 
 180      5070A2C3 
 180      E2B29231 
 180      7F
 181 07cc 986D0C45 		.ascii	"\230m\014E"
 182 07d0 907530AF 		.ascii	"\220u0\257y\177Y\374\233kc^{\315\274\"nI\334_W3\023"
 182      797F59FC 
 182      9B6B635E 
 182      7BCDBC22 
 182      6E49DC5F 
 183 07e7 B0E8DC94 		.ascii	"\260\350\334\224b\321s\271\265\271\354\020k2\027\344"
 183      62D173B9 
 183      B5B9EC10 
 183      6B3217E4 
ARM GAS  C:\Users\8FEE~1\AppData\Local\Temp\cc1zlvX7.s 			page 14


 184 07f7 FC38958C 		.ascii	"\3748\225\214\372\315\363\214\002,\031\262\336\351y"
 184      FACDF38C 
 184      022C19B2 
 184      DEE979
 185 0806 EE218085 		.ascii	"\356!\200\205!\241r\256\314v\030hHV)K\237'\361\364\275"
 185      21A172AE 
 185      CC761868 
 185      4856294B 
 185      9F27F1F4 
 186 081b 22EE934F 		.ascii	"\"\356\223O\214\311J\316\011\245\\\345I4G\377\005\021"
 186      8CC94ACE 
 186      09A55CE5 
 186      493447FF 
 186      0511
 187 082d 2CEC0B   		.ascii	",\354\013"
 188              		.text
 189              		.section	.gnu.lto_.symtab.8abfa981,"",%progbits
 190 0000 68616C49 		.ascii	"halInit\000"
 190      6E697400 
 191 0008 00       		.ascii	"\000"
 192 0009 00       		.ascii	"\000"
 193 000a 00       		.ascii	"\000"
 194 000b 00000000 		.ascii	"\000\000\000\000\000\000\000\000"
 194      00000000 
 195 0013 F8000000 		.ascii	"\370\000\000\000"
 196 0017 70616C5F 		.ascii	"pal_default_config\000"
 196      64656661 
 196      756C745F 
 196      636F6E66 
 196      696700
 197 002a 00       		.ascii	"\000"
 198 002b 02       		.ascii	"\002"
 199 002c 00       		.ascii	"\000"
 200 002d 00000000 		.ascii	"\000\000\000\000\000\000\000\000"
 200      00000000 
 201 0035 0A010000 		.ascii	"\012\001\000\000"
 202 0039 7374496E 		.ascii	"stInit\000"
 202      697400
 203 0040 00       		.ascii	"\000"
 204 0041 02       		.ascii	"\002"
 205 0042 00       		.ascii	"\000"
 206 0043 00000000 		.ascii	"\000\000\000\000\000\000\000\000"
 206      00000000 
 207 004b FA000000 		.ascii	"\372\000\000\000"
 208 004f 626F6172 		.ascii	"boardInit\000"
 208      64496E69 
 208      7400
 209 0059 00       		.ascii	"\000"
 210 005a 02       		.ascii	"\002"
 211 005b 00       		.ascii	"\000"
 212 005c 00000000 		.ascii	"\000\000\000\000\000\000\000\000"
 212      00000000 
 213 0064 FC000000 		.ascii	"\374\000\000\000"
 214 0068 7364496E 		.ascii	"sdInit\000"
 214      697400
 215 006f 00       		.ascii	"\000"
 216 0070 02       		.ascii	"\002"
ARM GAS  C:\Users\8FEE~1\AppData\Local\Temp\cc1zlvX7.s 			page 15


 217 0071 00       		.ascii	"\000"
 218 0072 00000000 		.ascii	"\000\000\000\000\000\000\000\000"
 218      00000000 
 219 007a FE000000 		.ascii	"\376\000\000\000"
 220 007e 70776D49 		.ascii	"pwmInit\000"
 220      6E697400 
 221 0086 00       		.ascii	"\000"
 222 0087 02       		.ascii	"\002"
 223 0088 00       		.ascii	"\000"
 224 0089 00000000 		.ascii	"\000\000\000\000\000\000\000\000"
 224      00000000 
 225 0091 00010000 		.ascii	"\000\001\000\000"
 226 0095 67707449 		.ascii	"gptInit\000"
 226      6E697400 
 227 009d 00       		.ascii	"\000"
 228 009e 02       		.ascii	"\002"
 229 009f 00       		.ascii	"\000"
 230 00a0 00000000 		.ascii	"\000\000\000\000\000\000\000\000"
 230      00000000 
 231 00a8 02010000 		.ascii	"\002\001\000\000"
 232 00ac 5F70616C 		.ascii	"_pal_lld_init\000"
 232      5F6C6C64 
 232      5F696E69 
 232      7400
 233 00ba 00       		.ascii	"\000"
 234 00bb 02       		.ascii	"\002"
 235 00bc 00       		.ascii	"\000"
 236 00bd 00000000 		.ascii	"\000\000\000\000\000\000\000\000"
 236      00000000 
 237 00c5 06010000 		.ascii	"\006\001\000\000"
 238 00c9 68616C5F 		.ascii	"hal_lld_init\000"
 238      6C6C645F 
 238      696E6974 
 238      00
 239 00d6 00       		.ascii	"\000"
 240 00d7 02       		.ascii	"\002"
 241 00d8 00       		.ascii	"\000"
 242 00d9 00000000 		.ascii	"\000\000\000\000\000\000\000\000"
 242      00000000 
 243 00e1 08010000 		.ascii	"\010\001\000\000"
 244              		.text
 245              		.section	.gnu.lto_.opts,"",%progbits
 246 0000 272D666D 		.ascii	"'-fmath-errno' '-fsigned-zeros' '-ftrapping-math' '"
 246      6174682D 
 246      6572726E 
 246      6F272027 
 246      2D667369 
 247 0033 2D666E6F 		.ascii	"-fno-trapv' '-fno-openmp' '-fno-openacc' '-mcpu=cor"
 247      2D747261 
 247      70762720 
 247      272D666E 
 247      6F2D6F70 
 248 0066 7465782D 		.ascii	"tex-m7' '-mno-thumb-interwork' '-mthumb' '-ggdb' '-"
 248      6D372720 
 248      272D6D6E 
 248      6F2D7468 
 248      756D622D 
ARM GAS  C:\Users\8FEE~1\AppData\Local\Temp\cc1zlvX7.s 			page 16


 249 0099 4F322720 		.ascii	"O2' '-fomit-frame-pointer' '-falign-functions=16' '"
 249      272D666F 
 249      6D69742D 
 249      6672616D 
 249      652D706F 
 250 00cc 2D666675 		.ascii	"-ffunction-sections' '-fdata-sections' '-fno-common"
 250      6E637469 
 250      6F6E2D73 
 250      65637469 
 250      6F6E7327 
 251 00ff 2720272D 		.ascii	"' '-flto'\000"
 251      666C746F 
 251      2700
 252              		.text
 253              		.comm	__gnu_lto_v1,1,1
 254              		.comm	__gnu_lto_slim,1,1
 255              		.ident	"GCC: (GNU Tools for ARM Embedded Processors 6-2017-q1-update) 6.3.1 20170215 (release) [AR
ARM GAS  C:\Users\8FEE~1\AppData\Local\Temp\cc1zlvX7.s 			page 17


DEFINED SYMBOLS
                            *ABS*:00000000 hal.c
                            *COM*:00000001 __gnu_lto_v1
                            *COM*:00000001 __gnu_lto_slim

NO UNDEFINED SYMBOLS
