ARM GAS  C:\Users\8FEE~1\AppData\Local\Temp\cc4JwNeg.s 			page 1


   1              		.cpu cortex-m7
   2              		.eabi_attribute 20, 1
   3              		.eabi_attribute 21, 1
   4              		.eabi_attribute 23, 3
   5              		.eabi_attribute 24, 1
   6              		.eabi_attribute 25, 1
   7              		.eabi_attribute 26, 1
   8              		.eabi_attribute 30, 2
   9              		.eabi_attribute 34, 1
  10              		.eabi_attribute 18, 4
  11              		.file	"hal_lld.c"
  12              		.text
  13              	.Ltext0:
  14              		.section	.gnu.lto_.profile.95478c8f,"",%progbits
  15 0000 789C6365 		.ascii	"x\234ce`b`a```d\250\310\001\000\001\334\000\361"
  15      60626061 
  15      60606064 
  15      A8C80100 
  15      01DC00F1 
  16              		.text
  17              		.section	.gnu.lto_.icf.95478c8f,"",%progbits
  18 0000 789C6365 		.ascii	"x\234ce`b\220b@\000\026\206\177\007\177_\342`\\9\377"
  18      60629062 
  18      40001686 
  18      7F077F5F 
  18      E2605C39 
  19 0015 F10126A6 		.ascii	"\361\001&\246S3W\357\342g>\275\371\376nV\006\000\262"
  19      533357EF 
  19      E2673EBD 
  19      F9FE6E56 
  19      0600B2
  20 0028 150CA1   		.ascii	"\025\014\241"
  21              		.text
  22              		.section	.gnu.lto_.jmpfuncs.95478c8f,"",%progbits
  23 0000 789C6365 		.ascii	"x\234ce`b\340a@\000f f\004b& \006\000\0020\000\032"
  23      6062E061 
  23      40006620 
  23      66046226 
  23      20060002 
  24              		.text
  25              		.section	.gnu.lto_.inline.95478c8f,"",%progbits
  26 0000 789C6365 		.ascii	"x\234ce`bpc@\000f\006\0061[F\006&\265\216\031\354\014"
  26      60627063 
  26      40006606 
  26      06315B46 
  26      0626B58E 
  27 0017 6C0BE499 		.ascii	"l\013\344\231@\202\214\014\202\222@1\251\011\247\031"
  27      40828C0C 
  27      82924031 
  27      A909A719 
  28 0027 11625C40 		.ascii	"\021b\\@\202\211\3414C\0373Pj\002\343\201%\006p9\006"
  28      8289E134 
  28      431F3350 
  28      6A02E381 
  28      25067039 
  29 003c 004A4E09 		.ascii	"\000JN\011~"
  29      7E
ARM GAS  C:\Users\8FEE~1\AppData\Local\Temp\cc4JwNeg.s 			page 2


  30              		.text
  31              		.section	.gnu.lto_.pureconst.95478c8f,"",%progbits
  32 0000 789C6365 		.ascii	"x\234ce`b`g```f\220b\224b\222\002\000\001\310\000c"
  32      60626067 
  32      60606066 
  32      90629462 
  32      92020001 
  33              		.text
  34              		.section	.gnu.lto_hal_lld_backup_domain_init.95478c8f,"",%progbits
  35 0000 789C9D94 		.ascii	"x\234\235\224MHTQ\024\307\317y\367\276\367\234\321q"
  35      4D485451 
  35      14C7CF79 
  35      F7BEF79C 
  35      D171
  36 0012 24080A5C 		.ascii	"$\010\012\\\264u\343\243/\025\242\240M\255Z\325^\322"
  36      B475E3A3 
  36      2F15A2A0 
  36      4DAD5AD5 
  36      5ED2
  37 0024 160A8291 		.ascii	"\026\012\202\221-\334y\247\306\017\234\32069\026\331"
  37      2DDC79A7 
  37      C60F9CD0 
  37      363916D9 
  38 0034 9B08312D 		.ascii	"\233\0101-\235,\373\030\255\234f4\013D#pa\011I\210("
  38      9D2CFB18 
  38      AD9C6634 
  38      0B442370 
  38      61094988 
  39 0049 15480D98 		.ascii	"\025H\015\230hN\367\343\215O\334\324x\2319w\336}\207"
  39      684EF7E3 
  39      8D4FDCD4 
  39      78993977 
  39      DE7D87
  40 005c F3FBFFCF 		.ascii	"\363\373\377\317;ot\320\240H\0078\016\000\345\374\213"
  40      3B6F74D0 
  40      A0480738 
  40      0E00E5FC 
  40      8B
  41 006d 3980DAF5 		.ascii	"9\200\332\365)\200@\216\246\221H\0310/]\331\013,\217"
  41      2980408E 
  41      A6914819 
  41      302F5DD9 
  41      0B2C8F
  42 0080 2055C714 		.ascii	" U\307\024u\365C\327\314k\023\300\023\214\240\311\023"
  42      75F543D7 
  42      CC6B13C0 
  42      138CA0C9 
  42      13
  43 0091 4C757ED2 		.ascii	"Lu~\322@\024;\313Ah\320\010\325M\003\0334N\220\253\235"
  43      40143BCB 
  43      4168D008 
  43      D54D031B 
  43      344E90AB 
  44 00a6 8409269A 		.ascii	"\204\011&\232\027cZQ\017\343+\036\236;\032`\215\373"
  44      17635A51 
  44      0FE32B1E 
  44      9E3B1A60 
ARM GAS  C:\Users\8FEE~1\AppData\Local\Temp\cc4JwNeg.s 			page 3


  44      8DFB
  45 00b8 6C027093 		.ascii	"l\002p\223\250\034\354\301\"\340i_\0077o\370\014\252"
  45      A81CECC1 
  45      22E0695F 
  45      07376FF8 
  45      0CAA
  46 00ca CEF13E1A 		.ascii	"\316\361>\032\310\367\350G\214\263\315t3\213\247\272"
  46      C8F7E847 
  46      8CB3CD74 
  46      338BA7BA 
  47 00da 317C7A0F 		.ascii	"1|z\017\001\233+\023\301\020\301\024\301+B\256\010>"
  47      019B2B13 
  47      C110C114 
  47      C12B42AE 
  47      083E
  48 00ec 11F245F0 		.ascii	"\021\362E\360\213P \002@+/\310%\207\210\3067\262\214"
  48      8B502002 
  48      402B2FC8 
  48      258788C6 
  48      37B28C
  49 00ff 89E1E5B5 		.ascii	"\211\341\345\2652\001\350\"B^Gcb\332l#6\321P\310\270"
  49      3201E822 
  49      425E4763 
  49      62DA6C23 
  49      36D150C8 
  50 0114 FB2738E0 		.ascii	"\373'8\340Q\227l>\300(?\272397\346\265\261+\300\035"
  50      51976C3E 
  50      C0283FBA 
  50      333937E6 
  50      B5B12BC0 
  51 0129 1CB009C1 		.ascii	"\034\260\011\301>,\304^,\004\221?5\335\2322\255~\026"
  51      3E2CC45E 
  51      2C04913F 
  51      35DD9A32 
  51      AD7E16
  52 013c 449B507C 		.ascii	"D\233P|\2006vJc\370\020-X\306\253\277\233P\261\250\302"
  52      8036764A 
  52      63F8102D 
  52      58C6ABBF 
  52      9B50B1A8 
  53 0151 0D2C8DDE 		.ascii	"\015,\215\336\366\212\372\210L\303~^\205+\352\360\210"
  53      F68AFA88 
  53      4CC37E5E 
  53      852BEAF0 
  53      88
  54 0162 9CEC5003 		.ascii	"\234\354P\003.*\212\026\257\017\322\332F\211\302\031"
  54      2E2A8A16 
  54      AF0FD2DA 
  54      4689C219 
  55 0172 DBADE9D2 		.ascii	"\333\255\351\322Z\260k|\321\243.\331J\213\264\366\355"
  55      5AB06B7C 
  55      D1A32ED9 
  55      4A8BB4F6 
  55      ED
  56 0183 CB7A4C77 		.ascii	"\313zLwy\006\016r\336#\207\367\263\343\303|\236\340"
  56      79060E72 
  56      DE2387F7 
ARM GAS  C:\Users\8FEE~1\AppData\Local\Temp\cc4JwNeg.s 			page 4


  56      B3E3C37C 
  56      9EE0
  57 0195 05C43D8A 		.ascii	"\005\304=\212\217%Q<\026|\242\314m4\365\352\012g*\342"
  57      8F25513C 
  57      167CA2CC 
  57      6D34F5EA 
  57      0A672AE2 
  58 01a9 42F742C4 		.ascii	"B\367B\304\343\2703p\210\027Z\300\340\347\344\021'I"
  58      E3B83370 
  58      88175AC0 
  58      E0E7E411 
  58      2749
  59 01bb FA152B44 		.ascii	"\372\025+D\010\264\350\342a\244\2266O8\346\267\213\211"
  59      08B4E8E2 
  59      61A49636 
  59      4F38E6B7 
  59      8B89
  60 01cd 54C0BFE4 		.ascii	"T\300\277\344<u\345<C\213'\364\255\332\277\250\200S"
  60      3C75E53C 
  60      438B27F4 
  60      ADDABFA8 
  60      8053
  61 01df 648CE273 		.ascii	"d\214\342s\325\333\324Rz\227\200\027. &\001[\375\244"
  61      D5DBD452 
  61      7A978017 
  61      2E202601 
  61      5BFDA4
  62 01f2 08382CAD 		.ascii	"\0108,\255\204x\3373S\325y\317T>\275\377\335Y\371$G"
  62      8478DF33 
  62      53D579CF 
  62      543EBDFF 
  62      DD59F924 
  63 0207 5CCECB1D 		.ascii	"\\\316\313\035C\223\253\212\245\302\223\263~\325\326"
  63      4393AB8A 
  63      A5C293B3 
  63      7ED5D6
  64 0216 FDF86AC7 		.ascii	"\375\370j\307\314dAz\355\222F\305\314\344J\007:\360"
  64      CC64417A 
  64      ED9246C5 
  64      CCE44A07 
  64      3AF0
  65 0228 375859B8 		.ascii	"7XY\270\225t,\370\262\035\216\270[\372Mf8f\235\341\310"
  65      95742CF8 
  65      B21D8EB8 
  65      5BFA4D66 
  65      38669DE1 
  66 023d 57F5C6D3 		.ascii	"W\365\306\323\253q\307\205\206\0115\033\237\222\223"
  66      AB71C785 
  66      8609351B 
  66      9F9293
  67 024c 8ED57C9E 		.ascii	"\216\325|\236\021\375\036[\363\251\014\300\2443+\255"
  67      11FD1E5B 
  67      F3A90CC0 
  67      A4332BAD 
  68 025c C404FECF 		.ascii	"\304\004\376\317\203!bl\265\372}\246\325\376\354^\232"
  68      8321626C 
  68      B5FA7DA6 
ARM GAS  C:\Users\8FEE~1\AppData\Local\Temp\cc4JwNeg.s 			page 5


  68      D5FEEC5E 
  68      9A
  69 026d 31A95213 		.ascii	"1\251R\023*\3073*\035~\201*6\324>2\343HH\257\247\323"
  69      2AC7332A 
  69      1D7E812A 
  69      36D43E32 
  69      E34848AF 
  70 0283 7E7CBBFB 		.ascii	"~|\273\373Wt\302\245\275\023\355.\200\037x%\022m\223"
  70      5774C2A5 
  70      BD13ED2E 
  70      801F7825 
  70      126D93
  71 0296 44C71B72 		.ascii	"D\307\033rO<\343Xq\261\245>\225U\325\025\325\265u\007"
  71      4F3CE358 
  71      71B1A53E 
  71      9555D515 
  71      D5B57507 
  72 02aa 4B4BACDA 		.ascii	"KK\254\332:\253\352|\215u\261\366\322\345:\353\354\271"
  72      3AABEA7C 
  72      8D75B1F6 
  72      D2E53AEB 
  72      ECB9
  73 02bc 33870FA9 		.ascii	"3\207\017\251x\252\264\276^\334)\257\251\271P\\\011"
  73      78AAB4BE 
  73      5EDC29AF 
  73      A9B9505C 
  73      09
  74 02cd 7F01E9E2 		.ascii	"\177\001\351\342\272\202"
  74      BA82
  75              		.text
  76              		.section	.gnu.lto_hal_lld_init.95478c8f,"",%progbits
  77 0000 789CA594 		.ascii	"x\234\245\224;h\024Q\024\206\317\177\357\314\356,\254"
  77      3B681451 
  77      1486CF7F 
  77      EFCCEE2C 
  77      AC
  78 0011 C6523085 		.ascii	"\306R0\205m\232\275\250`\012\261\265\020\254\264\027"
  78      6D9ABDA8 
  78      600AB1B5 
  78      10ACB417 
  79 0021 5D8B0416 		.ascii	"]\213\004\026V\\\213t;k^\022\361\321dc\212e\002\026"
  79      565C8B74 
  79      3B6B5E12 
  79      F1D16463 
  79      8A650216 
  80 0035 714D628C 		.ascii	"qMb\214\357\331\370\330\254F,DE\354$D,\002!\276\261"
  80      EFD9F8D8 
  80      AC462C44 
  80      45EC2444 
  80      2C0221BE 
  81 004a 884812CF 		.ascii	"\210H\022\317\231Y2igs\2319w\346>\276s\316\177f\256"
  81      99593269 
  81      67739939 
  81      77E63EBE 
  81      73CE7F66 
  82 005f 4D8A262D 		.ascii	"M\212&-\242\303D\264\207oh\202\272\366\226\250\344("
  82      A2C344B4 
ARM GAS  C:\Users\8FEE~1\AppData\Local\Temp\cc4JwNeg.s 			page 6


  82      876F6882 
  82      BAF696A8 
  82      E428
  83 0071 401E5C07 		.ascii	"@\036\\\007TT(\342\252\036\321h\014.\371\252c\334\345"
  83      545428E2 
  83      AA1ED168 
  83      0C2EF9AA 
  83      63DCE5
  84 0084 561FF998 		.ascii	"V\037\371\230\034p\373w{\232h\224oi\030G\007\361\262"
  84      1C70FB77 
  84      7B9A6894 
  84      6F691847 
  84      07F1B2
  85 0097 2F33EBC3 		.ascii	"/3\353\303;\022V8\216\233H\200\373\351\017\250\273\353"
  85      3B125638 
  85      8E9B4880 
  85      FBE90FA8 
  85      BBEB
  86 00a9 1B836EFD 		.ascii	"\033\203n\375\315\015,\034\335\245\310\323\260\3058"
  86      CD0D2C1C 
  86      DDA5C8D3 
  86      B0C538
  87 00b8 625262D2 		.ascii	"bRb\322b\210\206x\2378\277\244\225\364z\031\215\332"
  87      62888678 
  87      9F38BFA4 
  87      95F47A19 
  87      8DDA
  88 00ca F2F7AC90 		.ascii	"\362\367\254\220*Z\261\203r\177\343]\362\212\366\264"
  88      2A5AB183 
  88      727FE35D 
  88      F28AF6B4 
  89 00da 82F8EBAB 		.ascii	"\202\370\353\253\314/\245\302W\367\347E\327\342\241"
  89      CC2FA5C2 
  89      57F7E745 
  89      D7E2A1
  90 00e9 95C57FBE 		.ascii	"\225\305\177\276\355\241R\342P\367zZ\343\026\332QE;"
  90      EDA152E2 
  90      50F77A5A 
  90      E316DA51 
  90      453B
  91 00fb C9FADFE5 		.ascii	"\311\372\337\345\367\237\323f\312\355\203\247-L\300"
  91      F79FD366 
  91      CAED83A7 
  91      2D4CC0
  92 010a C3F52003 		.ascii	"\303\365 \003L\302\020;\373\343\210\253x\224\251\210"
  92      4CC2103B 
  92      FBE388AB 
  92      7894A988 
  93 011a 721B86A7 		.ascii	"r\033\206\247\027^W'\264\004\005lpk\3034\357\213\017"
  93      175E5727 
  93      B404056C 
  93      706BC334 
  93      EF8B0F
  94 012d 2FC99C85 		.ascii	"/\311\234\205;\021~&\300oJ`\201p7D\327\252?t(\222\035"
  94      3B117E26 
  94      C06F4A60 
  94      81703744 
ARM GAS  C:\Users\8FEE~1\AppData\Local\Temp\cc4JwNeg.s 			page 7


  94      D7AA3F74 
  95 0144 2FF87B01 		.ascii	"/\370{\001]\252\204\373\255K\360 \242<\204\331^\276"
  95      5DAA84FB 
  95      AD4BF020 
  95      A23C84D9 
  95      5EBE
  96 0156 8F22D663 		.ascii	"\217\"\326cfm&\270\332L\320\211\027\232\037\340\224"
  96      666D26B8 
  96      DA4CD089 
  96      179A1FE0 
  96      94
  97 0167 E06A4182 		.ascii	"\340jA\202\275\253\003\010I\251\020vymqnK\271vb6tYN"
  97      BDAB0308 
  97      49A91076 
  97      796D716E 
  97      4BB97662 
  98 017f C517E249 		.ascii	"\305\027\342I\344\355)\014\273h]\207g\021\352\371V\035"
  98      E4ED290C 
  98      BB685D87 
  98      6711EAF9 
  98      561D
  99 0191 FE367548 		.ascii	"\3766uH\307\213\254\036\340\202\337r\256\365B7\"\312"
  99      C78BAC1E 
  99      E082DF72 
  99      AEF54237 
  99      22CA
 100 01a3 8BED16FA 		.ascii	"\213\355\026\372e\304\232o&\270\202\336\261_m\002\223"
 100      65C49A6F 
 100      26B882DE 
 100      B15F6D02 
 100      93
 101 01b4 0DBEFFF5 		.ascii	"\015\276\377\365S\262\270\346:\236\266G\345\213\300"
 101      53B2B8E6 
 101      3A9EB647 
 101      E58BC0
 102 01c3 2B14F99C 		.ascii	"+\024\371\234H\3207\\\030\233\035\016\312\030\034?C"
 102      48D0375C 
 102      189B1D0E 
 102      CA181C3F 
 102      43
 103 01d4 3CCBC705 		.ascii	"<\313\307\005\213u(\2231\341\225\355\352>\335\235/\354"
 103      8B752893 
 103      31E195ED 
 103      EA3EDD9D 
 103      2FEC
 104 01e6 EB3C68F2 		.ascii	"\353<h\362\005\323u*g\316\346\317\235/\230\343'\216"
 104      05D3752A 
 104      67CEE6CF 
 104      9D2F98E3 
 104      278E
 105 01f8 1DD81FDA 		.ascii	"\035\330\037\332#\235==2s2\227;\223\311\322\177W\312"
 105      239D3D3D 
 105      32733297 
 105      3B93C9D2 
 105      7F57CA
 106 020b 93FD     		.ascii	"\223\375"
 107              		.text
ARM GAS  C:\Users\8FEE~1\AppData\Local\Temp\cc4JwNeg.s 			page 8


 108              		.section	.gnu.lto_stm32_clock_init.95478c8f,"",%progbits
 109 0000 789CA558 		.ascii	"x\234\245XkL\024W\024\2363\263\317a\227]\336/E\242\022"
 109      6B4C1457 
 109      149E33B3 
 109      CF61975D 
 109      DE2F45A2 
 110 0015 C51FAE8A 		.ascii	"\305\037\256\212\026\323&M\366\217\377\372\313\376o"
 110      16D3264D 
 110      F68FFFFA 
 110      CBFE6F
 111 0024 5A4CABA9 		.ascii	"ZL\253\251\211\2156\215\377\034p\001\005\252\326Z\265"
 111      898D368D 
 111      FF1C7001 
 111      05AAD65A 
 111      B5
 112 0035 A6B836D6 		.ascii	"\246\2706\326*-\202\326GE\255R\224. \212Z\332\"Z\261"
 112      2A2D82D6 
 112      4745AD52 
 112      942E208A 
 112      5ADA225A 
 113 004a 288FAD6F 		.ascii	"(\217\255oK}\000\262\275\347\336;{\327\261\215\316v"
 113      4B7D00B2 
 113      BDE7DE3B 
 113      7BD7B18D 
 113      CE76
 114 005c 43CEDDBD 		.ascii	"C\316\335\275g\346;\337\371\316\271\367\316`\225d\351"
 114      67E63BDF 
 114      F9CEB9F7 
 114      CE609564 
 114      E9
 115 006d 7092242D 		.ascii	"p\222$-\220$i9H\022\344H o8'I%\016\031\024\366E\221"
 115      90246939 
 115      4812E448 
 115      206F3827 
 115      49250E19 
 116 0085 B3AB4392 		.ascii	"\263\253C\222\244\251\226\200]\322\\\331l\336o\001+"
 116      A4A99680 
 116      5DD25CD9 
 116      6CDE6F01 
 116      2B
 117 0096 F35BE52C 		.ascii	"\363[\345,\346\267Q\177\026\233\367\333\300\316\374"
 117      E6B7517F 
 117      169BF7DB 
 117      C0CEFC
 118 00a5 763993F9 		.ascii	"v9\223\371\035\324\237\311\346\375\016p2\277S\316`~"
 118      1DD49FC9 
 118      E6FD0E70 
 118      32BF53CE 
 118      607E
 119 00b7 95FA33D8 		.ascii	"\225\3723\330\274_\205\004\346O\220\323\231\337E\375"
 119      BC5F8504 
 119      E64F90D3 
 119      99DF45FD 
 120 00c7 E96CDEEF 		.ascii	"\351l\336\357\0027\363\273\3454\346O\244\37646\357O"
 120      0237F3BB 
 120      E534E64F 
 120      A4FE3436 
ARM GAS  C:\Users\8FEE~1\AppData\Local\Temp\cc4JwNeg.s 			page 9


 120      EF4F
 121 00d9 84641C21 		.ascii	"\204d\034!YNen\017u\247\262i\277\007\274\354v\257\234"
 121      594E656E 
 121      0F75A7B2 
 121      69BF07BC 
 121      EC76AF9C 
 122 00ed C2FC49D4 		.ascii	"\302\374I\324\237\302\346\375I\0008j\016\220V\311J\266"
 122      9FC2E6FD 
 122      4900386A 
 122      0E9056C9 
 122      4AB6
 123 00ff C59A65B3 		.ascii	"\305\232e\263g:\234\031jB\272\313\235\226\230\234\352"
 123      673A9C19 
 123      6A42BACB 
 123      9D96989C 
 123      EA
 124 0110 F1A624C1 		.ascii	"\361\246$\301*\247\"\261\217\225\217v>:\371\230\300"
 124      2AA722B1 
 124      8F958F76 
 124      3E3AF998 
 124      C0
 125 0121 47371F93 		.ascii	"G7\037\223\371\350\345\343ze\213\002\315\025\003\215"
 125      F9E8E5E3 
 125      7A658B02 
 125      CD15038D 
 126 0131 72C16E8D 		.ascii	"r\301n\215|\232\266\214\253\345ZYf\220\000\177\316\301"
 126      7C9AB68C 
 126      ABE55A59 
 126      6690007F 
 126      CEC1
 127 0143 61371448 		.ascii	"a7\024H\344\262\276\375\343\237\271m\0266\017{\300F"
 127      E4B2BEFD 
 127      E39FB96D 
 127      16360F7B 
 127      C046
 128 0155 2A26355C 		.ascii	"*&5\\\204&m<R\2415\335\332\011\007\026\276j\221\202"
 128      84266D3C 
 128      52A135DD 
 128      DA090716 
 128      BE6A9182 
 129 0169 0A58D1D8 		.ascii	"\012X\321\330\3218\3208\321\250h\\h\022\321x\320x\321"
 129      D138D038 
 129      D1A8685C 
 129      6812D178 
 129      D078D1
 130 017c 24A14945 		.ascii	"$\241IE\223\206&\003M&\232l49h&\242\311E3\011M\036\232"
 130      93862603 
 130      4D269A6C 
 130      34396826 
 130      A2C94533 
 131 0194 C968A6A0 		.ascii	"\311h\246\240\231\212&\037\31544\323\321\024\240\231"
 131      998A261F 
 131      CD3434D3 
 131      D114A099 
 132 01a4 81C68766 		.ascii	"\201\306\207f\026\2329h\012\321\314E3\017M\021\232\371"
 132      169A3968 
 132      0AD1CC45 
ARM GAS  C:\Users\8FEE~1\AppData\Local\Temp\cc4JwNeg.s 			page 10


 132      330F4D11 
 132      9AF9
 133 01b6 6824A992 		.ascii	"h$\251\222\344E\212P\245\310dP\302\320<<\324Q\246b\242"
 133      E4458A50 
 133      A5C86450 
 133      C2D03C3C 
 133      D451A662 
 134 01cb 24F9CD65 		.ascii	"$\371\315e\315\235\366uJP\221\001\265\010\324\264\014"
 134      CD9DF675 
 134      4A509101 
 134      B508D4B4 
 134      0C
 135 01dc 38D94FED 		.ascii	"8\331O\355\336\032\315B\246n\366\2166Z\203PSBd\334\221"
 135      DE1ACD42 
 135      A66EF68E 
 135      365A8350 
 135      534264DC 
 136 01f1 1D5414F8 		.ascii	"\035T\024\370\006&@-L\220\360\206\007\233\317_s\371"
 136      0626402D 
 136      4C90F086 
 136      079BCF5F 
 136      73F9
 137 0203 F66A8112 		.ascii	"\366j\201\022-/\250X\340[\010\302V*0\324\201\217\\\320"
 137      2D2FA858 
 137      E05B08C2 
 137      562A30D4 
 137      818F5CD0 
 138 0217 73209881 		.ascii	"s \230\201\200\026\320\326h\032\300^r#\345\320Sf7r\260"
 138      8016D0D6 
 138      681AC05E 
 138      7223E5D0 
 138      53663772 
 139 022c 520E5F3E 		.ascii	"R\016_>\015\324;\331O\355Z\011\345\260\275\343\312i"
 139      0DD43BD9 
 139      4FED5A09 
 139      E5B0BDE3 
 139      CA69
 140 023e 3586830D 		.ascii	"5\206\203\015\032\010\207z\316\341\\g\345\260=\206\303"
 140      1A08877A 
 140      CEE15C67 
 140      E5B03D86 
 140      C3
 141 024f 3ECA01AB 		.ascii	">\312\001\253\010\373)\207\226\372\221>''\241)\360\035"
 141      08FB2987 
 141      96FA913E 
 141      2727A129 
 141      F01D
 142 0261 A370347C 		.ascii	"\243p4|\265\337\206\024j\024c\236y\377\231& \310\001"
 142      B5DF8614 
 142      6A14639E 
 142      79FF9926 
 142      20C801
 143 0274 1A40C600 		.ascii	"\032@\306\000\007I!\302\260\372q90$+\003;x:T\356\300"
 143      074921C2 
 143      B0FA7139 
 143      30242B03 
 143      3B783A54 
ARM GAS  C:\Users\8FEE~1\AppData\Local\Temp\cc4JwNeg.s 			page 11


 144 028a 88403E87 		.ascii	"\210@>\207X\274\315N\236\257\211H\207E\244\357\301G"
 144      58BCCD4E 
 144      9EAF8948 
 144      8745A4EF 
 144      C147
 145 029c E0C9B72A 		.ascii	"\340\311\267*E\221\310\"Rh\012\275\375v\026\330\376"
 145      4591C822 
 145      52680ABD 
 145      FD7616D8 
 145      FE
 146 02ad D2C05CA5 		.ascii	"\322\300\\\245#\002\272\221%1V\336fe`\016\206\327\022"
 146      2302BA91 
 146      253156DE 
 146      6665600E 
 146      86D712
 147 02c0 79D4E461 		.ascii	"y\324\344aY\310p\224\340\334\200@\317\251\016\236\252"
 147      59C87094 
 147      E0DC8040 
 147      CFA90E9E 
 147      AA
 148 02d1 835CD170 		.ascii	"\203\\\321p\253\361\211\233]!\3011\214$a\303eKd\361"
 148      ABF1899B 
 148      5D21C131 
 148      8C2461C3 
 148      654B64F1 
 149 02e5 439562E1 		.ascii	"C\225b\341\035w4|{\027\347\3514'\300q\312\222\256\314"
 149      1D77347C 
 149      7B17E7E9 
 149      3427C071 
 149      CA92AECC 
 150 02f9 1F74963C 		.ascii	"\037t\226<\276\312\300N<,\373\2101\030\213D\"\0368\021"
 150      BECAC04E 
 150      3C2CFB88 
 150      31188B44 
 150      221E3811 
 151 030d BFDA2745 		.ascii	"\277\332'E\260&T[\245mR{\207\253\3422\207\366\243@k"
 151      B026545B 
 151      A56D527B 
 151      87ABE232 
 151      87F6A340 
 152 0322 A6D4E3E2 		.ascii	"\246\324\343\342tJ\240\234FN.\332\001V\321\001w[\270"
 152      744AA09C 
 152      464E2EDA 
 152      0156D101 
 152      775BB8
 153 0335 B289663B 		.ascii	"\262\211f;\240E@\377\244k{\211\347\352ax\243C\233.\001"
 153      A04540FF 
 153      A46B7B89 
 153      E7EA6178 
 153      A3439B2E 
 154 034a 53D70521 		.ascii	"S\327\005!\326\001\227\243\035\340\211)y\026/\271-Z"
 154      D60197A3 
 154      1DE08929 
 154      79162FB9 
 154      2D5A
 155 035c F2517D75 		.ascii	"\362Q}uy\315e\334*\032\263\315P\362$\006\326\320V\026"
 155      79CD65DC 
ARM GAS  C:\Users\8FEE~1\AppData\Local\Temp\cc4JwNeg.s 			page 12


 155      2A1AB3CD 
 155      50F22406 
 155      D6D05616 
 156 0370 E2AC9E00 		.ascii	"\342\254\236\000\264\307_\3603\"T\007\212\233\304\266"
 156      B4C75FF0 
 156      33225407 
 156      8A9BC4B6 
 157 0380 A6B15DF6 		.ascii	"\246\261]\366\177\301z\361\346wV\010z\216n<\321\235"
 157      7FC17AF1 
 157      E6775608 
 157      7A8E6E3C 
 157      D19D
 158 0392 CD429647 		.ascii	"\315B\226G\247\276\355T\016raR\315\261=/\330^0l;i\014"
 158      A7BEED54 
 158      0E726152 
 158      CDB13D2F 
 158      D85E306C 
 159 03a9 EC416F6F 		.ascii	"\354Aooi\"\023F\323R\341b\374\312\374,bu\2412i\264\355"
 159      69221346 
 159      D352E162 
 159      FCCAFC2C 
 159      6275A132 
 160 03c0 ECA2EDD6 		.ascii	"\354\242\355\326\207x\333e\230m\273_\004\364\257z}\033"
 160      8778DB65 
 160      986DBB5F 
 160      04F4AF7A 
 160      7D1B
 161 03d2 79DB6532 		.ascii	"y\333e2\274S\333\267\007d=\017\007\374f\334z2c\032/"
 161      BC53DBB7 
 161      07643D0F 
 161      07FC66DC 
 161      7A32631A 
 162 03e7 93379E23 		.ascii	"\2237\236#z\272\325U\250q\225\257\233\022\263 \261K"
 162      7ABAD555 
 162      A87195AF 
 162      9B12B320 
 162      B14B
 163 03f9 B47C8723 		.ascii	"\264|\207#\265\207\334\254|\033\272KZ%\350\321KX\257"
 163      B587DCAC 
 163      7C1BBA4B 
 163      5A25E8D1 
 163      4B58AF
 164 040c 9730DB9C 		.ascii	"\2270\333\234\254\227E\356W\014%\314a`\027\372G:\235"
 164      AC9745EE 
 164      570C25CC 
 164      616017FA 
 164      473A9D
 165 041f 7AEA24F7 		.ascii	"z\352$\367\337\343\257\341U\021\254\027k\230Ck\350\024"
 165      DFE3AFE1 
 165      5511AC17 
 165      6B98436B 
 165      E814
 166 0431 356CD46B 		.ascii	"5l\324k8\321p\306\346\275\350\210\275F\241\3614\202"
 166      38D170C6 
 166      E6BDE888 
 166      BD46A1F1 
 166      3482
ARM GAS  C:\Users\8FEE~1\AppData\Local\Temp\cc4JwNeg.s 			page 13


 167 0443 3F8C5B47 		.ascii	"?\214[G.\303\273\334~\244\313\256'\002\320g\254anL\015"
 167      2EC3BBDC 
 167      7EA4CBAE 
 167      2702D067 
 167      AC616E4C 
 168 0458 33780DD5 		.ascii	"3x\015\325\350\346q\262\202S\233\364\322\324h\316\327"
 168      E8E671B2 
 168      82539BF4 
 168      D2D468CE 
 168      D7
 169 0469 C5D97FC3 		.ascii	"\305\331\177\303 p\036\003\033\274SW\035\345e\201~\203"
 169      20701E03 
 169      1BBC5357 
 169      1DE56581 
 169      7E83
 170 047b BE26620D 		.ascii	"\276&b\015\210X\203\250o\036\3257A\350\333:\310\223"
 170      885883A8 
 170      6F1ED537 
 170      41E8DB3A 
 170      C893
 171 048d 986C56DF 		.ascii	"\230lV\337!\241oX\3277\314\365\235B\360(\355g\344\234"
 171      21A16F58 
 171      D737CCF5 
 171      9D42F028 
 171      ED67E49C 
 172 04a1 1223673A 		.ascii	"\022#g:\227\323\025\225\263]\227s\252\271\024\377\024"
 172      97D31595 
 172      B35D9773 
 172      AAB914FF 
 172      14
 173 04b2 29DE34C8 		.ascii	")\3364\310\231O\300\350\312\214S\275[\002\3726\252\227"
 173      994FC0E8 
 173      CA8C53BD 
 173      5B02FA36 
 173      AA97
 174 04c4 4FD5730B 		.ascii	"O\325s\013\365\316\350\352M3\253\336\035\241\336]\243"
 174      F5CEE8EA 
 174      4D33ABDE 
 174      1DA1DE5D 
 174      A3
 175 04d5 7AD309DE 		.ascii	"z\323\011\336\363\033\312\364\030\365\322\250z\225J"
 175      F31BCAF4 
 175      18F5D2A8 
 175      7A954A
 176 04e4 22AA57A5 		.ascii	"\"\252W\245$##\240\214\272uF\005f\367\274{b)\3367>l"
 176      242323A0 
 176      8CBA7546 
 176      0566F7BC 
 176      7B6229DE 
 177 04fb CD607867 		.ascii	"\315`xg\"\325w\255\321\205\357\205\007F\2163b8\246\362"
 177      22D577AD 
 177      D185EF85 
 177      07468E33 
 177      6238A6F2 
 178 050f 0A7BA29B 		.ascii	"\012{\242\233^em|g\326_\342\314\032\246\233^\307\311"
 178      5E656D7C 
 178      67D65FE2 
ARM GAS  C:\Users\8FEE~1\AppData\Local\Temp\cc4JwNeg.s 			page 14


 178      CC1AA69B 
 178      5EC7C9
 179 0522 8604FEAC 		.ascii	"\206\004\376\254\274g \240\300\337\344\306~(\3351\370"
 179      BC6720A0 
 179      C0DFE4C6 
 179      7E28DD31 
 179      F8
 180 0533 552E6E4F 		.ascii	"U.nO\201}_(\350\266\003>\347\336?\273\355:=p\034\220"
 180      817D5F28 
 180      E8B6033E 
 180      E7DE3FBB 
 180      ED3A3D70 
 181 0549 8707735F 		.ascii	"\207\007s_U\213\252\274N\037\343w\327t\205m\371;5\255"
 181      558BAABC 
 181      4E1FE377 
 181      D774856D 
 181      F93B35AD 
 182 055d 546B6A85 		.ascii	"Tkj\205V\315\022T\234\360\030\024\362\232\005\217\010"
 182      56CD1254 
 182      9CF01814 
 182      F29A058F 
 182      08
 183 056e A1873C19 		.ascii	"\241\207<\031\361\006F\016\363|\372\002F\270\214\220"
 183      F106460E 
 183      F37CFA02 
 183      46B88C90 
 184 057e D730F213 		.ascii	"\3270\362\023Cl\034\352\242\021\235Pj\201Q\336p\341"
 184      436C1CEA 
 184      A2119D50 
 184      6A8151DE 
 184      70E1
 185 0590 3D61152F 		.ascii	"=a\025/2\346\373\216\364\242\204\307h\3026L\370)\370"
 185      32E6FB8E 
 185      F4A284C7 
 185      68C2364C 
 185      F829F8
 186 05a3 7440726A 		.ascii	"t@rj\324\306wj\214S<|A\205\010\301\353\324\361\216\267"
 186      D4C6776A 
 186      8C533C7C 
 186      418508C1 
 186      EBD4F18E 
 187 05b8 3DF77EA3 		.ascii	"=\367~\243Ra\206\366\205F\334\354\247\366\230\275c\205"
 187      526186F6 
 187      8546DCEC 
 187      A7F698BD 
 187      6385
 188 05ca B66AFBD5 		.ascii	"\266j\373\325\330\024\022\240D\236\000\232\314B\006"
 188      D81412A0 
 188      449E009A 
 188      CC4206
 189 05d9 1E8636D9 		.ascii	"\036\2066\331bB\226\312\030\322\201!W\313X\263#7\006"
 189      624296CA 
 189      18D28121 
 189      57CB58B3 
 189      233706
 190 05ec EA78D1D6 		.ascii	"\352x\321\326\332  \363S\252\265\226\367\253\317\334"
 190      DA2020F3 
ARM GAS  C:\Users\8FEE~1\AppData\Local\Temp\cc4JwNeg.s 			page 15


 190      53AAB596 
 190      F7ABCFDC 
 191 05fc C1512647 		.ascii	"\301Q&G{\242\\~v\325\317\"`\364U \3163\251B@\257\221"
 191      7BA25C7E 
 191      76D5CF22 
 191      60F45520 
 191      CE33A942 
 192 0613 C9AA9F45 		.ascii	"\311\252\237EW\275W\254\372\2666\316y\216\3315\266V"
 192      57BD57AC 
 192      FAB636CE 
 192      798ED935 
 192      B656
 193 0625 4057CA86 		.ascii	"@W\312\2063\251\220\340=\377\374ZHP\266\035\033n\347"
 193      33A990E0 
 193      3DFFFC5A 
 193      4850B61D 
 193      1B6EE7
 194 0638 CBCE0155 		.ascii	"\313\316\001U\262\276\300R\370\002K\212n\241\335K\330"
 194      B2BEC052 
 194      F8024B8A 
 194      6EA1DD4B 
 194      D8
 195 0649 4D73CD25 		.ascii	"Ms\315%\\MY\341\377-\340c\203\226\363\010\030=\027\343"
 195      5C4D59E1 
 195      FF2DE063 
 195      8396F308 
 195      183D17E3 
 196 065d D4729D80 		.ascii	"\324r\235\200^\217Z\316\243Uw2\360\"sX\033(\226\212"
 196      5E8F5ACE 
 196      A3557732 
 196      F0227358 
 196      1B28968A 
 197 0671 589F1868 		.ascii	"X\237\030h\316'`\377\207\346F\001\375)\322\234/\335"
 197      CE2760FF 
 197      87E64601 
 197      FD29D29C 
 197      2FDD
 198 0683 C6EDE46B 		.ascii	"\306\355\344k`K\235\312\015Df\262;\2766s\246\217\375"
 198      604B9DCA 
 198      0D4466B2 
 198      3BBE3673 
 198      A68FFD
 199 0696 152F5EF2 		.ascii	"\025/^\362\316\222e+f\027\275\342[\266\302\267\370\355"
 199      CE92652B 
 199      6617BDE2 
 199      5BB6C2B7 
 199      F8ED
 200 06a8 A5BE0F96 		.ascii	"\245\276\017\226-\377p\205o\341\233o\024\316avA\321"
 200      2DFF7085 
 200      6FE19B6F 
 200      14CE6176 
 200      41D1
 201 06ba CA95E879 		.ascii	"\312\225\350yk\351\322E3\213%\307\242\342\367\213\337"
 201      6BE9D245 
 201      338B25C7 
 201      A2E2F78B 
 201      DF
ARM GAS  C:\Users\8FEE~1\AppData\Local\Temp\cc4JwNeg.s 			page 16


 202 06cb 7D6FF9EC 		.ascii	"}o\371\354\177\000\306w\332m"
 202      7F00C677 
 202      DA6D
 203              		.text
 204              		.section	.gnu.lto_.symbol_nodes.95478c8f,"",%progbits
 205 0000 789C6365 		.ascii	"x\234ce`b\360f\000\002\246EL\365\014\014\023\31610\000"
 205      6062F066 
 205      0002A645 
 205      4CF50C0C 
 205      13CE3130 
 206 0015 A99D0D07 		.ascii	"\251\235\015\007\033\330\200b\213\231\352\031ab\273"
 206      1BD88062 
 206      8B99EA19 
 206      6162BB
 207 0024 1A1C8122 		.ascii	"\032\034\201\"K\230\352\231PDX\027214*\001\015`fd`8"
 207      4B98EA99 
 207      50445817 
 207      3231342A 
 207      010D6066 
 208 003b D4FE469E 		.ascii	"\324\376F\236\001\000\346[\022x"
 208      0100E65B 
 208      1278
 209              		.text
 210              		.section	.gnu.lto_.refs.95478c8f,"",%progbits
 211 0000 789C6365 		.ascii	"x\234ce`b`d\000\002\000\000I\000\011"
 211      60626064 
 211      00020000 
 211      490009
 212              		.text
 213              		.section	.gnu.lto_.decls.95478c8f,"",%progbits
 214 0000 789CCD58 		.ascii	"x\234\315XyPT\311\031\177\375z8\346\020\010Z)kc\245"
 214      795054C9 
 214      197FFD7A 
 214      38E61008 
 214      5A296B63 
 215 0015 28174B2A 		.ascii	"(\027K*\311\202\203\033\315QIV\307\003k\335]k\306\230"
 215      C982831B 
 215      CD514956 
 215      C7036BDD 
 215      5D6BC698 
 216 0029 4A15290A 		.ascii	"J\025)\012a\214\324\002\343\012&Z\225?\236\200\212("
 216      618CD402 
 216      E30A265A 
 216      953F9E80 
 216      8A28
 217 003b DE2C02A2 		.ascii	"\336,\002\242\200\270\202 \242.\002\"0\"\262\010\342"
 217      80B88220 
 217      A22E0222 
 217      3022B208 
 217      E2
 218 004c 81A2825C 		.ascii	"\201\242\202\\^\210\347\242x\262*\371\272\373=\246y"
 218      5E88E7A2 
 218      78B22AF9 
 218      BAFB3DA6 
 218      79
 219 005d 33E6F827 		.ascii	"3\346\370'\225W\376\336\364\327\375\353\257\277\253"
 219      9557FEDE 
ARM GAS  C:\Users\8FEE~1\AppData\Local\Temp\cc4JwNeg.s 			page 17


 219      F4D7FDEB 
 219      AFBFAB
 220 006c FB35BA09 		.ascii	"\3735\272\011\242\0205N\020\346bAX\210\004a\030\036"
 220      A210354E 
 220      10E66241 
 220      58880461 
 220      181E
 221 007e 8D200807 		.ascii	"\215 \010\007\005\307\003CB\011\240\024p\004\0004\241"
 221      05C70343 
 221      4209A014 
 221      70040034 
 221      A1
 222 008f 5618FDFC 		.ascii	"V\030\375\374\005:=\340w\021`2\340\"\340<\240\016\020"
 222      053A3DE0 
 222      77116032 
 222      E022E03C 
 222      A00E10
 223 00a2 0863BF40 		.ascii	"\010c\277@LO#`\034\264[d=%\202\363\023\256\322\245\314"
 223      4C4F2360 
 223      1CB45B64 
 223      3D2582F3 
 223      13AED2A5 
 224 00b7 27BA8210 		.ascii	"'\272\202\020\263\215\330\350\007\355I\200\237\001\364"
 224      B38DD8E8 
 224      07ED4980 
 224      9F01F4
 225 00c6 0051B6D1 		.ascii	"\000Q\266\321\225N+\214\033\336\243S\261\325\227\330"
 225      954E2B8C 
 225      1BDEA353 
 225      B1D597D8 
 226 00d6 06A802CC 		.ascii	"\006\250\002\314\202\261\231D/\264?@\314\356\311\360"
 226      82B19944 
 226      2FB43F40 
 226      CCEEC9F0 
 227 00e6 EB03F891 		.ascii	"\353\003\370\221l\377O\341W\013\370\003@\007\030\203"
 227      6CFF4FE1 
 227      570BF803 
 227      40071883 
 228 00f6 984F475C 		.ascii	"\230OG\\\254\237\216\321\261\324\372j\261\033u\"\260"
 228      AC9F8ED1 
 228      B1D4FA6A 
 228      B11B7522 
 228      B0
 229 0107 13F9D05E 		.ascii	"\023\371\320^\204\330\033QPqXy\020\242\375\320+\012"
 229      84D81B51 
 229      50715879 
 229      10A2FDD0 
 229      2B0A
 230 0119 B262A50B 		.ascii	"\262b\245\013)3dY\224EQVI\377\311\223\021\247\221\015"
 230      29336459 
 230      94455156 
 230      49FFC993 
 230      11A7910D 
 231 012d B3959487 		.ascii	"\263\225\224\207\345\2015\3504e6\022\035\013 \304O\340"
 231      E58135E8 
 231      34653612 
 231      1D0B20C4 
ARM GAS  C:\Users\8FEE~1\AppData\Local\Temp\cc4JwNeg.s 			page 18


 231      4FE0
 232 013f 1432B3E5 		.ascii	"\0242\263\345\361\021\373\004\207sH\361\376I\306\331"
 232      F111FB04 
 232      877348F1 
 232      FE49C6D9 
 233 014f 3E5D0FEA 		.ascii	">]\017\352\"\2759\237 \332\227}-\257F\304\"\"\355\236"
 233      22BD399F 
 233      20DA977D 
 233      2DAF46C4 
 233      2222ED9E 
 234 0163 D7057302 		.ascii	"\327\005s\002\213%\366x\376\316\021\266\323\303/\355"
 234      8B25F678 
 234      FECE11B6 
 234      D3C32FED 
 235 0173 DE9B30F2 		.ascii	"\336\2330\362\325!\021\304\326\201\263\331z\020\307"
 235      D52111C4 
 235      D681B3D9 
 235      7A10C7
 236 0182 E9900F88 		.ascii	"\351\220\017\210\257V\267\235\324\215\377\232\316J\224"
 236      AF56B79D 
 236      D48DFF9A 
 236      CE4A94
 237 0191 7C44B4E8 		.ascii	"|D\264\350\307\250\030M@Eh\002,~\020\215\207\367b\015"
 237      C7A8184D 
 237      40456802 
 237      2C7E108D 
 237      87F7620D 
 238 01a5 D394D551 		.ascii	"\323\224\325QQ\355=1G\262\367J\366\227\365?\311>\"I"
 238      51ED3D31 
 238      47B2F74A 
 238      F697F53F 
 238      C93E2249 
 239 01b9 6B609A86 		.ascii	"k`\232\206\320P!\302\350\000\012$&C\023\336\005\250"
 239      D05021C2 
 239      E8000A24 
 239      264313DE 
 239      05A8
 240 01cb 07A1FDA8 		.ascii	"\007\241\375\250\033\034*A\023az\306\356\315\245\030"
 240      1B1C2A41 
 240      13617AC6 
 240      EECDA518 
 241 01db 2FA6D6AE 		.ascii	"/\246\326\256n\337\227\251\001U9\240\352\312nC\206d"
 241      6EDF97A9 
 241      015539A0 
 241      EACA6E43 
 241      8664
 242 01ed 4F004D22 		.ascii	"O\000M\"\325t\310\241\351\220ZS)\325$\365Wuzc\033\325"
 242      D574C8A1 
 242      E9905A53 
 242      29D524F5 
 242      57757A63 
 243 0203 B4EE606F 		.ascii	"\264\356`o\201A\3264\364\363Q\212\016;\024\035V+:B\025"
 243      8141D634 
 243      F4F3518A 
 243      0E3B141D 
 243      562B3A42 
 244 0218 75351616 		.ascii	"u5\026\026a\010\306d\035\"\371\360\206\256C\017+_\217"
ARM GAS  C:\Users\8FEE~1\AppData\Local\Temp\cc4JwNeg.s 			page 19


 244      6108C664 
 244      1D22F9F0 
 244      86AE430F 
 244      2B5F8F
 245 022b 615D447D 		.ascii	"a]D}\353\346\247\371\036XBT\270\230T\272\013\263PjH"
 245      EBE6A7F9 
 245      1E584254 
 245      B89854BA 
 245      0BB3506A 
 246 0240 4A5A326F 		.ascii	"JZ2oy\261P\372\245c1\243\351j\235\006\005\350\276!\261"
 246      79B150FA 
 246      A56331A3 
 246      E96A9D06 
 246      05E8BE21 
 247 0255 B4F714FE 		.ascii	"\264\367\024\376>\343\251$\371\241J\244Ce\016K&\353"
 247      3EE3A924 
 247      F9A14AA4 
 247      43650E4B 
 247      26EB
 248 0267 E09D2C49 		.ascii	"\340\235,I\011\322\226DI\033\"\240r\210\3661\2106\252"
 248      09D29644 
 248      491B22A0 
 248      7288F631 
 248      8836AA
 249 027a 40016455 		.ascii	"@\001dU\302C\337B\347Q\350\204U\012\363\267\346\271"
 249      C243DF42 
 249      E751E884 
 249      550AF3B7 
 249      E6B9
 250 028c E3649A65 		.ascii	"\343d\232e\261\241\346\3725\015\322\005\270Tp\302\205"
 250      B1A1E6FA 
 250      350DD205 
 250      B85470C2 
 250      85
 251 029d 0266CCF9 		.ascii	"\002f\314\371\246\211\015kHX\252\300\230\343\016c\300"
 251      A6890D6B 
 251      4858AAC0 
 251      98E30E63 
 251      C0
 252 02ae 3696DA6C 		.ascii	"6\226\332l\373\320+\003\270B\306\245\263\303}\244\257"
 252      FBD02B03 
 252      B842C6A5 
 252      B3C37DA4 
 252      AF
 253 02bf 34FFCE87 		.ascii	"4\377\316\2078\021S\317\237\015\347\246\351'\355\225"
 253      381153CF 
 253      9F0DE7A6 
 253      E927ED95 
 254 02cf 72EA20F5 		.ascii	"r\352 \365\267\307fB\352\265\224\\\303\224\215\030!"
 254      B7C76642 
 254      EAB5945C 
 254      C3948D18 
 254      21
 255 02e0 D09E6A62 		.ascii	"\320\236jbN-\232\00433\253\2365\271\261\230y\202x\271"
 255      4E2D9A04 
 255      3333AB9E 
 255      35B9B198 
ARM GAS  C:\Users\8FEE~1\AppData\Local\Temp\cc4JwNeg.s 			page 20


 255      798278B9 
 256 02f4 B22D598F 		.ascii	"\262-Y\217\2673\255\311\305\233Na]2\251\274\377\304"
 256      B733ADC9 
 256      C59B4E61 
 256      5D32A9BC 
 256      FFC4
 257 0306 1798F1E8 		.ascii	"\027\230\361\350\326@\2267N\227\247\037>\274S\217w1"
 257      D6409637 
 257      4E97A71F 
 257      3EBC538F 
 257      7731
 258 0318 41A96B5F 		.ascii	"A\251k_V\327\307\372\3164\350Xn$DR\327\222\263A\203"
 258      56D7C7FA 
 258      CE34E858 
 258      6E244452 
 258      D792B341 
 259 032d 7328D77D 		.ascii	"s(\327}\240+w\273\016\371\373\373\007\214\365\317\223"
 259      A02B77BB 
 259      0EF9FBFB 
 259      078CF5CF 
 259      93
 260 033e 921225FB 		.ascii	"\222\022%\373\367\017?\256\331\333\264\021\374C\250"
 260      F70F3FAE 
 260      D9DBB411 
 260      FC43A8
 261 034d 0EDCAA07 		.ascii	"\016\334\252\007'\316\242\261\016{\202\210kFx\011l\302"
 261      27CEA2B1 
 261      0E7B8288 
 261      6B467809 
 261      6CC2
 262 035f 500D865A 		.ascii	"P\015\206ZK\302\224}R\315\266#\025\275\256\226\243\177"
 262      4BC2947D 
 262      52CDB623 
 262      15BDAE96 
 262      A37F
 263 0371 E79A5E4E 		.ascii	"\347\232^N\336r\302\272\211z\311\207\320\0049Y\344\331"
 263      DE72C2BA 
 263      897AC987 
 263      D0043959 
 263      E4D9
 264 0383 4A06B748 		.ascii	"J\006\267H\322'\032\0015\300\354\323t\"\321Er\320\014"
 264      D2271A01 
 264      35C0ECD3 
 264      7422D145 
 264      72D00C
 265 0396 316B44FE 		.ascii	"1kD\376\250\005p\006\320\204\374\351,f\302\213\032\\"
 265      A8057006 
 265      D084FCE9 
 265      2C66C28B 
 265      1A5C
 266 03a8 08695BEF 		.ascii	"\010i[\357Nm8\345\322Af\002\311\332\221\372Z\017|\017"
 266      4E6D38E5 
 266      D2416602 
 266      C9DA91FA 
 266      5A0F7C0F 
 267 03bc B3A23BD6 		.ascii	"\263\242;\326\274YDc\003\\\255\216.\300\242\377\316"
 267      BC594463 
ARM GAS  C:\Users\8FEE~1\AppData\Local\Temp\cc4JwNeg.s 			page 21


 267      035CAD8E 
 267      2EC0A2FF 
 267      CE
 268 03cd 00E6D3B9 		.ascii	"\000\346\323\271Z\234(\301N:\017\354s\216\032$.\322"
 268      5A9C28C1 
 268      4E3A0FEC 
 268      738E1A24 
 268      2ED2
 269 03df 35FBD22A 		.ascii	"5\373\322*\312\365\206\224\221\312\246DG]]D\006z*\302"
 269      CAF58694 
 269      91CAA644 
 269      475D5D44 
 269      067A2AC2 
 270 03f3 2F9007EB 		.ascii	"/\220\007\353\013\006\345Sm\013\311oq\313w\235\362\326"
 270      0B06E553 
 270      6D0BC96F 
 270      71CB779D 
 270      F2D6
 271 0405 4C2672E3 		.ascii	"L&r\343\201\035mZ\374\234\325F\316\316\306\004\021\277"
 271      811D6D5A 
 271      FC9CD546 
 271      CECEC604 
 271      11BF
 272 0417 63825219 		.ascii	"c\202R\031\276re\344W\364\276Ax\275\206\016\332\033"
 272      BE7265E4 
 272      57F4BE41 
 272      78BD860E 
 272      DA1B
 273 0429 363E4278 		.ascii	"6>Bx\007\023\222o\254\273$3_\021\271\374qQ\371\030V"
 273      0713926F 
 273      ACBB2433 
 273      5F11B9FC 
 273      7151F918 
 274 043e 5376220F 		.ascii	"Sv\"\017\327\275\2746\006g2r\312\261K\335\032R\313\222"
 274      D7BDBC36 
 274      06673272 
 274      CAB14BDD 
 274      1A52CB92 
 275 0452 6C3DCC72 		.ascii	"l=\314r\030\337I6\032\304\030M\241e\234V\235V\346\345"
 275      18DF4936 
 275      1AC4184D 
 275      A1659C56 
 275      9D56E6E5 
 276 0466 BB458EA7 		.ascii	"\273E\216\247\237\206n\245\016`\263J\350B\276\312\034"
 276      9F866EA5 
 276      0E60B34A 
 276      E842BECA 
 276      1C
 277 0477 BACEBDF6 		.ascii	"\272\316\275\366\275Zf\307\000\221\323+o\016x\341|\266"
 277      BD5A66C7 
 277      0091D32B 
 277      6F0E78E1 
 277      7CB6
 278 0489 EED653CF 		.ascii	"\356\326S\317\007\365\270\200\011\235y;\366i\030\263"
 278      07F5B880 
 278      099D793B 
 278      F66918B3 
ARM GAS  C:\Users\8FEE~1\AppData\Local\Temp\cc4JwNeg.s 			page 22


 279 0499 9F6EEB37 		.ascii	"\237n\3537o\2224\370 \033L\250j\337*\207\254\227\356"
 279      6F9234F8 
 279      201B4CA8 
 279      6ADF2A87 
 279      AC97EE
 280 04ac 9884EDF9 		.ascii	"\230\204\355\371\356\270\234\015\376\360x\377\200;>"
 280      EEB89C0D 
 280      FEF078FF 
 280      803B3E
 281 04bb C984F21B 		.ascii	"\311\204\362\033i\265\362\202\327\210|jp\327\023\003"
 281      69B5F282 
 281      D7887C6A 
 281      70D71303 
 282 04cb 6E66836B 		.ascii	"nf\203k\362/o\364\300mL\270\324\227\233d`\314\013D\036"
 282      F22F6FF4 
 282      C06D4CB8 
 282      D4979B64 
 282      60CC0B44 
 283 04e0 BC9EDA60 		.ascii	"\274\236\332`\300=l\260\276\361\326%O|\217\011\033N"
 283      C03D6CB0 
 283      BEF1D625 
 283      4F7C8F09 
 283      1B4E
 284 04f2 9735C809 		.ascii	"\2275\310\011j\244_\200\376\322u\030\017\312\013\312"
 284      6AA45F80 
 284      FED27518 
 284      0FCA0BCA 
 285 0502 91F59523 		.ascii	"\221\365\225#\373\344\302\251\024-~\313\006[\326oK\023"
 285      FBE4C2A9 
 285      142D7ECB 
 285      065BD66F 
 285      4B13
 286 0514 F11A372A 		.ascii	"\361\0327*\024\364\355\332$/\370+\022\232\254\201l\003"
 286      14F4EDDA 
 286      242FF82B 
 286      129AAC81 
 286      6C03
 287 0526 4E656327 		.ascii	"Nec'\366\256)\364\304\351L\250*?\321 \237;S@L:\227\332"
 287      F6AE29F4 
 287      C4E94CA8 
 287      2A3FD120 
 287      9F3B5340 
 288 053e 69C07BD8 		.ascii	"i\300{\330XI\377:\273\007\336\317\204\254\301\256{\262"
 288      5849FF3A 
 288      BB07DECF 
 288      84ACC1AE 
 288      7BB2
 289 0550 B3014449 		.ascii	"\263\001DI\313\353b/|\210\215)'\274/=\341\321\211\353"
 289      CBEB622F 
 289      7C888D29 
 289      27BC2F3D 
 289      E1D189EB 
 290 0564 6541B892 		.ascii	"eA\270\222\015\345\366Wn\367\306uLx\234t\247W>|\306"
 290      0DE5F657 
 290      6EF7C675 
 290      4C789C74 
 290      A7573E7C 
ARM GAS  C:\Users\8FEE~1\AppData\Local\Temp\cc4JwNeg.s 			page 23


 291 0579 8378A3EB 		.ascii	"\203x\243\353n\212\027nfckk\323\252\265\270\215\011"
 291      6E8A176E 
 291      66636B6B 
 291      D3AAB5B8 
 291      8D09
 292 058b F5BDDD08 		.ascii	"\365\275\335\010w\263\366\203\024{\273\210\3572\241"
 292      77B3F683 
 292      147BBB88 
 292      EF32A1
 293 059a B032F586 		.ascii	"\2602\365\206\033\036`\302\255\362\244\027\032\374\214"
 293      1B1E60C2 
 293      ADF2A417 
 293      1AFC8C
 294 05a9 09456F76 		.ascii	"\011Eov_\320\342\327L\270p\274\367\216\027^\355N\205"
 294      5FD0E2D7 
 294      4CB870BC 
 294      F78E175E 
 294      ED4E85
 295 05bc FBB56B6F 		.ascii	"\373\265ko\313\011\335A\367@[o/b\365\231\243%\343\033"
 295      CB09DD41 
 295      F7405B6F 
 295      2F62F599 
 295      A325E31B 
 296 05d0 76E76B70 		.ascii	"v\347kp\022%\1778x'\361\252;9\363\224g\254\322\010\360"
 296      12257F38 
 296      7827F1AA 
 296      3B39F394 
 296      67ACD208 
 297 05e5 1FF5C8A7 		.ascii	"\037\365\310\247E3\177Z\\\203\355\272]\344N\213+\352"
 297      45337F5A 
 297      5C83EDBA 
 297      5DE44E8B 
 297      2BEA
 298 05f7 03AEF52C 		.ascii	"\003\256\365,w\300\255\023U\364V'z\023G\377^\255\375"
 298      77C0AD13 
 298      55F45627 
 298      7A1347FF 
 298      5EADFD
 299 060a 31771E32 		.ascii	"1w\0362~\307\031\216?\244\346\277v\342\327\361\374w"
 299      7EC7198E 
 299      3FA4E6BF 
 299      76E2D7F1 
 299      FC77
 300 061c 6AFE1BB5 		.ascii	"j\376\033\2659M\315\034\375\266\232~\313I\375\020\317"
 300      394DCD1C 
 300      FDB69A7E 
 300      CB49FD10 
 300      CF
 301 062d BFEA3A38 		.ascii	"\277\352:8\012\237\034}\367\233\361j\312\207\235\215"
 301      0A9F1C7D 
 301      F79BF16A 
 301      CA879D8D 
 302 063d AECB7C65 		.ascii	"\256\313|e\277\243v\26597\0339\365\011\352`:}\\:xz\242"
 302      BFA376B5 
 302      39371B39 
 302      F509EA60 
 302      3A7D5C3A 
ARM GAS  C:\Users\8FEE~1\AppData\Local\Temp\cc4JwNeg.s 			page 24


 303 0654 9A1EA436 		.ascii	"\232\036\2446\376&\037\373\007j\343\3579\264\363\347"
 303      FE261FFB 
 303      076AE3EF 
 303      39B4F3E7 
 304 0664 FD5A7102 		.ascii	"\375Zq\002Z#\222!\302&\207\375.1\000\355\027\375\321"
 304      5A239221 
 304      C22687FD 
 304      2E3100ED 
 304      17FDD1
 305 0677 56C01640 		.ascii	"V\300\026@\026 \007\260\017\260\021P\0008\000\330\000"
 305      162007B0 
 305      0FB01150 
 305      003800D8 
 305      00
 306 0688 D809D80B 		.ascii	"\330\011\330\013H\007\344\002\262\001\231\200\024@\036"
 306      4807E402 
 306      B2019980 
 306      14401E
 307 0697 601B600F 		.ascii	"`\033`\017\340k\3007\200|@*\240\020\260\003\220\001"
 307      E06BC037 
 307      807C402A 
 307      A010B003 
 307      9001
 308 06a9 D80C4806 		.ascii	"\330\014H\006l\002\244\001v\003\326\213\374\027\256"
 308      6C02A401 
 308      7603D68B 
 308      FC17AE
 309 06b8 83CF4AAF 		.ascii	"\203\317J\257\332\261n\247o2_\262mj\372%5\375)\037\266"
 309      DAB16EA7 
 309      6F325FB2 
 309      6D6AFA25 
 309      35FD291F 
 310 06cd 7E35BDCF 		.ascii	"~5\275\317\211\316W\340s5\375\231S\211\334<\303\225"
 310      89CE57E0 
 310      7335FD99 
 310      5389DC3C 
 310      C395
 311 06df C82B7589 		.ascii	"\310+u\211\274t*\021\336\327\036\327\276\362Io\342\255"
 311      BC742A11 
 311      DED71ED7 
 311      BEF2496F 
 311      E2AD
 312 06f1 1F70BDE1 		.ascii	"\037p\275\3418\365\367\371\222Z\355\272\002\371\373"
 312      38F5F7F9 
 312      925AEDBA 
 312      02F9FB
 313 0700 4A4323BB 		.ascii	"JC#\273\257\000\215\277\257\344\221\217\271\275\241"
 313      AF008DBF 
 313      AFE4918F 
 313      B9BDA1
 314 070f 49394BC8 		.ascii	"I9K\310g\356\251z\361'\316\306\362\231\271\354:3<\377"
 314      67EEA97A 
 314      F127CEC6 
 314      F299B9EC 
 314      3A333CFF 
 315 0723 3EEFDC7D 		.ascii	">\357\334}\327\025\315\363\237\362\336Ij\357N\253\203"
 315      D715CDF3 
ARM GAS  C:\Users\8FEE~1\AppData\Local\Temp\cc4JwNeg.s 			page 25


 315      9FF2DE49 
 315      6AEF4EAB 
 315      83
 316 0734 31C4A772 		.ascii	"1\304\247r\320\265\371FG&;\232\270L>Rg\362\241S\250"
 316      D0B5F946 
 316      47263B9A 
 316      B84C3E52 
 316      67F2A153 
 317 0749 79ED2F5C 		.ascii	"y\355/\\\027\012_\265|\342\357\270>\252x\333yW\207\325"
 317      170A5FB5 
 317      7CE2EFB8 
 317      3EAA78DB 
 317      795787D5 
 318 075d F4D3A3CB 		.ascii	"\364\323\243\313\020r5\244\204\222\244\352\256\353*"
 318      107235A4 
 318      8492A4EA 
 318      AEEB2A
 319 076c E743D9CA 		.ascii	"\347C\331\312\353Ory\366\030\035\332\233\316p\332\337"
 319      EB4F7279 
 319      F6181DDA 
 319      9BCE70DA 
 319      DF
 320 077d BA3E96F9 		.ascii	"\272>\226\371M\321\312\237\2337\325\241\274\341\364"
 320      4DD1CA9F 
 320      9B37D5A1 
 320      BCE1F4
 321 078c 55E143F9 		.ascii	"U\341C\371\203\353\257\204Q\276\341>/.\356\322\343T"
 321      83EBAF84 
 321      51BEE13E 
 321      2F2EEED2 
 321      E354
 322 079e FA7114D3 		.ascii	"\372q\024\323s\223\313\264\252\033\256r\342\241\203"
 322      7393CBB4 
 322      AA1BAE72 
 322      E2A183
 323 07ad 70D0FD3F 		.ascii	"p\320\375?\036zl\347\365\235e\267\352b\260\260H\034"
 323      1E7A6CE7 
 323      F59D65B7 
 323      EA62B0B0 
 323      481C
 324 07bf B955938D 		.ascii	"\271U\223\215H\375\274\265\357a\231\027\177\253.\026"
 324      48FDBCB5 
 324      EF619917 
 324      7FAB2E16 
 325 07cf F9       		.ascii	"\371"
 326 07d0 5B7589C8 		.ascii	"[u\211\310n\325\360K\376\023\341\325\325n\003O&\177"
 326      6ED5F04B 
 326      FE13E1D5 
 326      D56E034F 
 326      267F
 327 07e2 463BC887 		.ascii	"F;\310\207D\303\310_\346\224\177\345Q\36667\234\301"
 327      44C3C85F 
 327      E6947FE5 
 327      51F63637 
 327      9CC1
 328 07f4 AE234F33 		.ascii	"\256#O3\033\036\350\360\036&d\225\034H\3028\217\011"
 328      1B1EE8F0 
ARM GAS  C:\Users\8FEE~1\AppData\Local\Temp\cc4JwNeg.s 			page 26


 328      1E266495 
 328      1C48C238 
 328      8F09
 329 0806 9D2756D7 		.ascii	"\235'V\327{\341\003L\270\261'\341\266\033>\304\204\212"
 329      7BE1034C 
 329      B8B127E1 
 329      B61B3EC4 
 329      848A
 330 0818 EA47C1EC 		.ascii	"\352G\301\354\0063\001\244\343]O\354\362\377M\364\222"
 330      063301A4 
 330      E35D4FEC 
 330      F2FF4DF4 
 330      92
 331 0829 0BCD9E07 		.ascii	"\013\315\236\007\375\275z|\224R\265o+\352s\341\0023"
 331      FDBD7A7C 
 331      9452B56F 
 331      2BEA73E1 
 331      0233
 332 083b 56BEB2B0 		.ascii	"V\276\262\260\214\277\333\311_S\216\202\377\225\357"
 332      8CBFDBC9 
 332      5F538E82 
 332      FF95EF
 333 084a F9F6F1A9 		.ascii	"\371\366\361\251=\006\251-\243\037\263J9\2575\220\327"
 333      3D06A92D 
 333      A31FB34A 
 333      39AF3590 
 333      D7
 334 085b 5A886D05 		.ascii	"Z\210m\005\240\012`\007\234\000T\003\216\217\372\310"
 334      A00A6007 
 334      9C005403 
 334      8E8FFAC8 
 335 086b DCCCE06A 		.ascii	"\334\314\340j\254\\\275\240\323\315\242\216\247\037"
 335      AC5CBDA0 
 335      D3CDA28E 
 335      A71F
 336 0879 51D39D3E 		.ascii	"Q\323\235>\345\255\031\252\355T\371/O\246\016\236^\352"
 336      E5AD19AA 
 336      ED54F92F 
 336      4FA60E9E 
 336      5EEA
 337 088b 9ACE1FD3 		.ascii	"\232\316\037\323};\3311]\251>\246\351\225oT,\277u\031"
 337      7D3BD931 
 337      5DA93EA6 
 337      E9956F54 
 337      2CBF7519 
 338 089f 4BFECEC4 		.ascii	"K\376\316\304\257}\330\265g#\177O\256m\227\256\351\361"
 338      AF7DD8B5 
 338      67237F4F 
 338      AE6D97AE 
 338      E9F1
 339 08b1 71B6DB1A 		.ascii	"q\266\333\032\373\373\213\364\252\335\246\244\004\235"
 339      FBFB8BF4 
 339      AADDA6A4 
 339      049D
 340 08bf 824CFC37 		.ascii	"\202L\3747Ya\216=\316`\273\240\016f\236t\354\202Je\027"
 340      59618E3D 
 340      CE60BBA0 
ARM GAS  C:\Users\8FEE~1\AppData\Local\Temp\cc4JwNeg.s 			page 27


 340      0E669E74 
 340      EC824A65 
 341 08d4 5CB85E58 		.ascii	"\\\270^X4j\027\324\215\332\005\365\362. \277\037,\015"
 341      346A17D4 
 341      8DDA05F5 
 341      F22E20BF 
 341      1F2C0D
 342 08e7 8F0E8B8E 		.ascii	"\217\016\213\216\216\014[\034\036\361\345\212ea\221"
 342      8E0C5B1C 
 342      1EF1E58A 
 342      656191
 343 08f6 B698F0A8 		.ascii	"\266\230\360\250\330\260\250\330\250x\317\271\237\377"
 343      D8B0A8D8 
 343      A878CFB9 
 343      9FFF
 344 0904 D1CF6434 		.ascii	"\321\317d4\012\277\015\014\014b\377\"\226F-\216\262"
 344      0ABF0D0C 
 344      0C62FF22 
 344      96462D8E 
 344      B2
 345 0915 C519A74F 		.ascii	"\305\031\247O\013\262\305\005\301\324\240e\266\345\361"
 345      0BB2C505 
 345      C1D4A065 
 345      B6E5F1
 346 0924 71419685 		.ascii	"qA\226\205\237M\015f\3579\323W\256\014\222\225\006F"
 346      9F4D0D66 
 346      EF39D357 
 346      AE0C9295 
 346      0646
 347 0936 0806453F 		.ascii	"\010\006E?\321\350\023\027\037358,\"\332\026\361%\355"
 347      D1E81317 
 347      1F333538 
 347      2C22DA16 
 347      F125ED
 348 0949 D08585AD 		.ascii	"\320\205\205\255\210\212\215\207\276\370\177D\376&\224"
 348      888A8D87 
 348      BEF87F44 
 348      FE2694
 349 0958 AA8F8B5F 		.ascii	"\252\217\213_\021\031e\013[\266\334\372\267(\353\337"
 349      1119650B 
 349      5BB6DCFA 
 349      B728EBDF 
 350 0968 8DBFE67B 		.ascii	"\215\277\346{C\343m\266\350\270\320\277\306\256\360"
 350      43E36DB6 
 350      E8B8D0BF 
 350      C6AEF0
 351 0977 A32DBFF0 		.ascii	"\243-\277\360\3451~\326\230\305\326\310Hkd\350\264\300"
 351      E5317ED6 
 351      98C5D6C8 
 351      486B64E8 
 351      B4C0
 352 0989 A97EC153 		.ascii	"\251~\301S\214\323\2772\206B\377G\261\266X\353G\326"
 352      8CD3BF32 
 352      8642FF47 
 352      B1B658EB 
 352      47D6
 353 099b F0C551A1 		.ascii	"\360\305Q\241Q\261\021\321+\"\255\2411\341\240+\326"
ARM GAS  C:\Users\8FEE~1\AppData\Local\Temp\cc4JwNeg.s 			page 28


 353      51B111D1 
 353      2B22ADA1 
 353      31E1A02B 
 353      D6
 354 09ac 1A1A1669 		.ascii	"\032\032\026i]\022\276\":>,~\3252k\\\340R\301S\261\342"
 354      5D12BE22 
 354      3A3E2C7E 
 354      D5326B5C 
 354      E052C153 
 355 09c2 ABFF8115 		.ascii	"\253\377\201\025q\253\342B\303\342\342#aIX\332\333\262"
 355      71ABE242 
 355      C3E2E223 
 355      614958DA 
 355      DBB2
 356 09d4 2A2EDE1A 		.ascii	"*.\336\032c\262-\267\232H\\\260\311\034\2541Y\314Fh"
 356      63B22DB7 
 356      9A485CB0 
 356      C91CAC31 
 356      59CC4668 
 357 09e8 184923D8 		.ascii	"\030I#\330\364\236\360G\330bbl\261A\326\225\361A\246"
 357      F49EF047 
 357      D862626C 
 357      B141D695 
 357      F141A6
 358 09fb CF2CF32C 		.ascii	"\317,\363,\020\177.\0054\324K\246O\2036\254\242_\360"
 358      107F2E05 
 358      34D44BA6 
 358      4F8336AC 
 358      A25FF0
 359 0a0e 2773D842 		.ascii	"'s\330B\360v\226u\211\347,\323\247\2469s\315F\335\202"
 359      F0769675 
 359      89E72CD3 
 359      A7A63973 
 359      CD46DD82 
 360 0a22 F9F32D33 		.ascii	"\371\363-3\346\2216i\316\013\266\220\246\233\305b\232"
 360      E6913669 
 360      CE0BB690 
 360      A69BC562 
 360      9A
 361 0a33 6BD69A67 		.ascii	"k\326\232g[f\233\027\315\2365\015\203\015\232\231\263"
 361      5B669B17 
 361      CD9E350D 
 361      830D9A99 
 361      B3
 362 0a44 4C8EAE5F 		.ascii	"L\216\256_jg,\230\031<\177\301\354\317\315\244ed-e\364"
 362      6A672C98 
 362      193C7FC1 
 362      ECCFCDA4 
 362      65642D65 
 363 0a59 63ED8C90 		.ascii	"c\355\214\220\231S\345\321\220\021^\210\2327\325\203"
 363      9953E5D1 
 363      90115E88 
 363      9A37D583 
 364 0a69 68811EF2 		.ascii	"h\201\036\362k\344G\202=\210\006:\022\"3BF3\214\236"
 364      6BE44782 
 364      3D88063A 
 364      12223342 
ARM GAS  C:\Users\8FEE~1\AppData\Local\Temp\cc4JwNeg.s 			page 29


 364      46338C9E 
 365 0a7d 64AED9B2 		.ascii	"d\256\331\262\320L\032F\322\030\031\233\342If\263\261"
 365      D04C1A46 
 365      D218199B 
 365      E24966B3 
 365      B1
 366 0a8e 108514C2 		.ascii	"\020\205\024\302H\3304\317\254!Nz\200\277\344W4\231"
 366      48D834CF 
 366      AC214E7A 
 366      80BFE457 
 366      3499
 367 0aa0 957004EB 		.ascii	"\225p\004\353\315&\223\022#\267/\026,4\231E\213\331"
 367      CD269312 
 367      23B72F16 
 367      2C349945 
 367      8BD9
 368 0ab2 031A9FCE 		.ascii	"\003\032\237\316\376\263YC^x\206\311\354NG\214c\346"
 368      FEB35943 
 368      5E7886C9 
 368      EC4E478C 
 368      63E6
 369 0ac4 CC9F6109 		.ascii	"\314\237a\011Q\350\377\0046\320\263_"
 369      51E8FF04 
 369      36D0B35F 
 370              		.text
 371              		.section	.gnu.lto_.symtab.95478c8f,"",%progbits
 372 0000 68616C5F 		.ascii	"hal_lld_init\000"
 372      6C6C645F 
 372      696E6974 
 372      00
 373 000d 00       		.ascii	"\000"
 374 000e 00       		.ascii	"\000"
 375 000f 00       		.ascii	"\000"
 376 0010 00000000 		.ascii	"\000\000\000\000\000\000\000\000"
 376      00000000 
 377 0018 B0000000 		.ascii	"\260\000\000\000"
 378 001c 73746D33 		.ascii	"stm32_clock_init\000"
 378      325F636C 
 378      6F636B5F 
 378      696E6974 
 378      00
 379 002d 00       		.ascii	"\000"
 380 002e 00       		.ascii	"\000"
 381 002f 00       		.ascii	"\000"
 382 0030 00000000 		.ascii	"\000\000\000\000\000\000\000\000"
 382      00000000 
 383 0038 B2000000 		.ascii	"\262\000\000\000"
 384 003c 53797374 		.ascii	"SystemCoreClock\000"
 384      656D436F 
 384      7265436C 
 384      6F636B00 
 385 004c 00       		.ascii	"\000"
 386 004d 00       		.ascii	"\000"
 387 004e 00       		.ascii	"\000"
 388 004f 00000000 		.ascii	"\000\000\000\000\000\000\000\000"
 388      00000000 
 389 0057 BF000000 		.ascii	"\277\000\000\000"
ARM GAS  C:\Users\8FEE~1\AppData\Local\Temp\cc4JwNeg.s 			page 30


 390              		.text
 391              		.section	.gnu.lto_.opts,"",%progbits
 392 0000 272D666D 		.ascii	"'-fmath-errno' '-fsigned-zeros' '-ftrapping-math' '"
 392      6174682D 
 392      6572726E 
 392      6F272027 
 392      2D667369 
 393 0033 2D666E6F 		.ascii	"-fno-trapv' '-fno-openmp' '-fno-openacc' '-mcpu=cor"
 393      2D747261 
 393      70762720 
 393      272D666E 
 393      6F2D6F70 
 394 0066 7465782D 		.ascii	"tex-m7' '-mno-thumb-interwork' '-mthumb' '-ggdb' '-"
 394      6D372720 
 394      272D6D6E 
 394      6F2D7468 
 394      756D622D 
 395 0099 4F322720 		.ascii	"O2' '-fomit-frame-pointer' '-falign-functions=16' '"
 395      272D666F 
 395      6D69742D 
 395      6672616D 
 395      652D706F 
 396 00cc 2D666675 		.ascii	"-ffunction-sections' '-fdata-sections' '-fno-common"
 396      6E637469 
 396      6F6E2D73 
 396      65637469 
 396      6F6E7327 
 397 00ff 2720272D 		.ascii	"' '-flto'\000"
 397      666C746F 
 397      2700
 398              		.text
 399              		.comm	__gnu_lto_v1,1,1
 400              		.comm	__gnu_lto_slim,1,1
 401              		.ident	"GCC: (GNU Tools for ARM Embedded Processors 6-2017-q1-update) 6.3.1 20170215 (release) [AR
ARM GAS  C:\Users\8FEE~1\AppData\Local\Temp\cc4JwNeg.s 			page 31


DEFINED SYMBOLS
                            *ABS*:00000000 hal_lld.c
                            *COM*:00000001 __gnu_lto_v1
                            *COM*:00000001 __gnu_lto_slim

NO UNDEFINED SYMBOLS
