ARM GAS  C:\Users\8FEE~1\AppData\Local\Temp\ccYB60rB.s 			page 1


   1              		.cpu cortex-m7
   2              		.eabi_attribute 20, 1
   3              		.eabi_attribute 21, 1
   4              		.eabi_attribute 23, 3
   5              		.eabi_attribute 24, 1
   6              		.eabi_attribute 25, 1
   7              		.eabi_attribute 26, 1
   8              		.eabi_attribute 30, 2
   9              		.eabi_attribute 34, 1
  10              		.eabi_attribute 18, 4
  11              		.file	"hal_pal.c"
  12              		.text
  13              	.Ltext0:
  14              		.section	.gnu.lto_.profile.8abf9633,"",%progbits
  15 0000 789C6365 		.ascii	"x\234ce`b`a```d\320\220\001\000\000\354\000Q"
  15      60626061 
  15      60606064 
  15      D0900100 
  15      00EC0051 
  16              		.text
  17              		.section	.gnu.lto_.icf.8abf9633,"",%progbits
  18 0000 789C6365 		.ascii	"x\234ce`b\020a@\000f\206\343\227n\235fc\334\276\377"
  18      60621061 
  18      40006686 
  18      E3976E9D 
  18      6663DCBE 
  19 0015 D00F76A6 		.ascii	"\320\017v\246u;\036\256\342e\000\000hQ\011\233"
  19      753B1EAE 
  19      E2650000 
  19      6851099B 
  20              		.text
  21              		.section	.gnu.lto_.jmpfuncs.8abf9633,"",%progbits
  22 0000 789C6365 		.ascii	"x\234ce`bPb@\000f\006FF\306zF&FF\346\372z&0\305\310"
  22      60625062 
  22      40006606 
  22      4646C67A 
  22      46264646 
  23 001b 069162AA 		.ascii	"\006\221b\252d\004Q\0009\324\002\300"
  23      64045100 
  23      39D402C0 
  24              		.text
  25              		.section	.gnu.lto_.inline.8abf9633,"",%progbits
  26 0000 789C6365 		.ascii	"x\234ce`b\370\316\200\000\314\014\014\234\034\214\314"
  26      6062F8CE 
  26      8000CC0C 
  26      0C9C1C8C 
  26      CC
  27 0011 0C0A8C20 		.ascii	"\014\012\214 &\210t\000\223\012\034l\037\364\030\330"
  27      26887400 
  27      930A1C6C 
  27      1FF418D8 
  28 0021 16C83331 		.ascii	"\026\310310\276`g\201\220 \202\003\314\344\000\021\002"
  28      30BE6067 
  28      81902082 
  28      03CCE400 
  28      1102
  29 0033 60A600C8 		.ascii	"`\246\000\310\030F\006>^F\026\210)\214@\022b\224\002"
ARM GAS  C:\Users\8FEE~1\AppData\Local\Temp\ccYB60rB.s 			page 2


  29      1846063E 
  29      5E461688 
  29      298C4012 
  29      629402
  30 0046 C4406EA6 		.ascii	"\304@n\246\013\374\030F\001\305P\014aY /\001b)010\357"
  30      0BFC1846 
  30      01C5500C 
  30      6159202F 
  30      01622930 
  31 005d 10576000 		.ascii	"\020W`\000Zo\0012\231\211\201[\030\305}PC9\201r\304"
  31      5A6F0132 
  31      9989815B 
  31      18C57D50 
  31      43398172 
  32 0072 390F6893 		.ascii	"9\017h\223\004\310$\026^\240w'\370\201 \003\000\006"
  32      04C82416 
  32      5EA07727 
  32      F8812003 
  32      0006
  33 0084 0820CB   		.ascii	"\010 \313"
  34              		.text
  35              		.section	.gnu.lto_.pureconst.8abf9633,"",%progbits
  36 0000 789C6365 		.ascii	"x\234ce`b`g```f\220b\224b\222\004\000\001\307\000b"
  36      60626067 
  36      60606066 
  36      90629462 
  36      92040001 
  37              		.text
  38              		.section	.gnu.lto_palReadBus.8abf9633,"",%progbits
  39 0000 789C9591 		.ascii	"x\234\225\221KO\024A\020\307\353\3375;3\253\340\027"
  39      4B4F1441 
  39      10C7EBDF 
  39      353B33AB 
  39      E017
  40 0012 90C31E88 		.ascii	"\220\303\036\210d\023\263\023/\372\015\370\032\006\366"
  40      6413B313 
  40      2FFA0DF8 
  40      1A06F6
  41 0021 02090986 		.ascii	"\002\011\011\206\011gzG\036\202\361\021\002.>\3269("
  41      09677A47 
  41      1E82F111 
  41      022E3ED6 
  41      3928
  42 0033 41DE0F1F 		.ascii	"A\336\017\037\007N\033011\221\327\305\223\301\200\227"
  42      074E1B30 
  42      313191D7 
  42      C593C180 
  42      97
  43 0044 4DF4E05E 		.ascii	"M\364\340^\274\030\244\252\027\222=x!\231\256\352\352"
  43      BC18A4AA 
  43      17923D78 
  43      2199AEEA 
  43      EA
  44 0055 AAFA75FD 		.ascii	"\252\372u\375\2473d(6D\327\211\350\252,0\301<\336!*"
  44      A7336428 
  44      3644D789 
  44      E8AA2C30 
ARM GAS  C:\Users\8FEE~1\AppData\Local\Temp\ccYB60rB.s 			page 3


  44      C13CDE21 
  45 006a 8506D08D 		.ascii	"\205\006\320\215\015AC\006Cx\304e\306\376\360\332\013"
  45      0D414306 
  45      4378C465 
  45      C6FEF0DA 
  45      0B
  46 007b 7EC8A994 		.ascii	"~\310\251\224y\022\376\376\362\354\370\212\206@N\302"
  46      7912FEFE 
  46      F2ECF88A 
  46      86404EC2 
  47 008b E7F6603C 		.ascii	"\347\366`<\310\317Y\233\330jy\322\177\271\261g\263)"
  47      C8CF599B 
  47      D86A79D2 
  47      7FB9B167 
  47      B329
  48 009d 1B7A2AE5 		.ascii	"\033z*\345o\320\2069\264\351\035\363\310K\361\310~y"
  48      6FD08639 
  48      B4E91DF3 
  48      C84BF1C8 
  48      7E79
  49 00af 94390F92 		.ascii	"\2249\017\222\375\267\303\357\363a\307\254k\3748\305"
  49      FDB7C3EF 
  49      F361C7AC 
  49      6BFC38C5 
  50 00bf B63D65C6 		.ascii	"\266=e\306\002\270\271Q\216\010\213\350\320\372\243"
  50      02B8B951 
  50      8E088BE8 
  50      D0FAA3
  51 00ce F593E956 		.ascii	"\365\223\351V\337{\305\244lA.\301\207\370\325\003T\355"
  51      DF7BC5A4 
  51      6C412EC1 
  51      87F8D503 
  51      54ED
  52 00e0 C9BF315B 		.ascii	"\311\2771[\375\371\032\225\316\254h\220\016\226^\317"
  52      FDF91A95 
  52      CEAC6890 
  52      0E965ECF 
  53 00f0 1393C988 		.ascii	"\023\223\311\210\361}\335\005jB\322\351hB\020*\365\276"
  53      F17DDD05 
  53      6A42D2E9 
  53      6842102A 
  53      F5BE
  54 0102 04E2B986 		.ascii	"\004\342\271\206d\263\366`\333Wj\205U\366\223\221\255"
  54      64B3F660 
  54      DB576A85 
  54      55F69391 
  54      AD
  55 0113 DD4075B2 		.ascii	"\335@u\262\033\367\317\247\317\367ZRTJ\326\332\\\312"
  55      1BF7CFA7 
  55      CFF75A52 
  55      544AD6DA 
  55      5CCA
  56 0125 41850D96 		.ascii	"A\205\015\226U\233\344f\177$+A\264l\033\251\020+H1\243"
  56      559BE466 
  56      7F242B41 
  56      B46C1BA9 
  56      102B4831 
ARM GAS  C:\Users\8FEE~1\AppData\Local\Temp\ccYB60rB.s 			page 4


  57 013a 33125611 		.ascii	"3\022V\021Q\015[\233\331\006\330k\006\207\377\003g\345"
  57      510D5B9B 
  57      D906D86B 
  57      0687FF03 
  57      67E5
  58 014c 76AC9D81 		.ascii	"v\254\235\201\277\326\353\333-\002\036.i\352\022\326"
  58      BFD6EBDB 
  58      2D021E2E 
  58      69EA12D6 
  59 015c 1D585563 		.ascii	"\035XUc\303\201\223sp\346B#^\306[G2Jz\347Hw\353\243"
  59      C3819373 
  59      70E64223 
  59      5EC65B47 
  59      324A7AE7 
  60 0174 68A0744C 		.ascii	"h\240tL\0016\323\203\013\321\015\336;\272{\245\017\015"
  60      0136D383 
  60      0BD10DDE 
  60      3BBA7BA5 
  60      0F0D
  61 0186 FADF737A 		.ascii	"\372\337sz\350.\010\350\027\222\334\331\211\376\250"
  61      E82E08E8 
  61      1792DCD9 
  61      89FEA8
  62 0195 095125EF 		.ascii	"\011Q%\357 \003]+\024\"\371\212=\275\335\275\375\361"
  62      20035D2B 
  62      1422F98A 
  62      3DBDDDBD 
  62      FDF1
  63 01a7 8D5B37A3 		.ascii	"\215[7\243\3768\352\351\352\213\342\201\242\372\333"
  63      FE38EAE9 
  63      EA8BE281 
  63      A2FADB
  64 01b6 77BAFA0A 		.ascii	"w\272\372\012E\342\356\301\370\024\374\025\313/"
  64      45E2EEC1 
  64      F814FC15 
  64      CB2F
  65              		.text
  66              		.section	.gnu.lto_palWriteBus.8abf9633,"",%progbits
  67 0000 789C9553 		.ascii	"x\234\225SKk\023Q\024\276\337\334\311<\222\211\272\024"
  67      4B6B1351 
  67      14BEDFDC 
  67      C93C9289 
  67      BA14
  68 0012 ECA20B31 		.ascii	"\354\242\0131da\206n\364\037\270\364/H\223M\003\205"
  68      6461866E 
  68      F41FB8F4 
  68      2F48934D 
  68      0385
  69 0024 8AD17527 		.ascii	"\212\321u'\261I\245\305\007H\223\266t\030Qj\215\332"
  69      B149A5C5 
  69      074893B6 
  69      7418516A 
  69      8DDA
  70 0036 97EF7421 		.ascii	"\227\357t!!.\012R\225v\241\033E\321*t!\324\"\350\242"
  70      212E0A52 
  70      9576A11B 
  70      45D12A74 
ARM GAS  C:\Users\8FEE~1\AppData\Local\Temp\ccYB60rB.s 			page 5


  70      21D422E8 
  71 004b 249E73A7 		.ascii	"$\236s\247\243U\334\3642s\356=\257\357\236\363\235\231"
  71      A355DCF4 
  71      3273EE3D 
  71      AFEF9EF3 
  71      9D99
  72 005d 98D0C449 		.ascii	"\230\320\304I)D\217\020\342\020\275\220\002\332\225"
  72      29448F10 
  72      E210BD90 
  72      02DA95
  73 006c 9742142D 		.ascii	"\227B\024-\015\340\203gA\014j\030\304eY\223h\015\177"
  73      0DE08367 
  73      410C6A18 
  73      C4655993 
  73      680D7F
  74 007f 6968E919 		.ascii	"ih\351\031\217V\263\366\335\250x\345\203\001\245O\320"
  74      8F56B3F6 
  74      DDA878E5 
  74      8301A54F 
  74      D0
  75 0090 CB0B3348 		.ascii	"\313\0133HS\324\352\320\302\224\274$\003\011\350\244"
  75      53D4EAD0 
  75      C294BC24 
  75      0309E8A4 
  76 00a0 7E7B31F9 		.ascii	"~{1\371i\037\253\032\272I-\257\326*R\246!\350\374\356"
  76      691FAB1A 
  76      BA492DAF 
  76      D62A52A6 
  76      21E8FCEE 
  77 00b4 FD87BA95 		.ascii	"\375\207\272\225\232\366\274\222\327\\\271*\275\303"
  77      9AF6BC92 
  77      D75CB92A 
  77      BDC3
  78 00c2 8194B80D 		.ascii	"\201\224\270\015I\200\250\243\013\267\320%\310$p\007"
  78      4980A8A3 
  78      0BB7D025 
  78      C8247007 
  79 00d2 290AF7DB 		.ascii	")\012\367\333\327\227\023\362\250Jm\004Suc'\365\355"
  79      D79713F2 
  79      A84A6D04 
  79      53756327 
  79      F5ED
  80 00e4 984AD571 		.ascii	"\230J\325q\367\337T]`\026)\216\377\270\330\036K\032"
  80      F7DF545D 
  80      6016298E 
  80      FFB8D81E 
  80      4B1A
  81 00f6 FA8DA85C 		.ascii	"\372\215\250\\\314\301\000\355\363khz\355\3160\025p"
  81      CCC100ED 
  81      F36B687A 
  81      EDCE3015 
  81      70
  82 0107 139D13FB 		.ascii	"\023\235\023\373\251o\272LRnL\007'\307\350h\030,L\026"
  82      A96FBA4C 
  82      526E4C07 
  82      27C7E868 
  82      182C4C16 
ARM GAS  C:\Users\8FEE~1\AppData\Local\Temp\ccYB60rB.s 			page 6


  83 011b 1609D366 		.ascii	"\026\011\323f\021g5\301\302a\221d!\304\010\2013q\243"
  83      116735C1 
  83      C2619164 
  83      21C40881 
  83      3371A3
  84 012e 52E35D6E 		.ascii	"R\343]n\240\264\264\3614\307\327\371\2229\254\226[\257"
  84      A0B4B4F1 
  84      34C7D7F9 
  84      9239AC96 
  84      5BAF
  85 0140 4CA643AA 		.ascii	"L\246C\252>~,?\277\340\004\360\213\304iw -\237h\232"
  85      3E7E2C3F 
  85      BFE004F0 
  85      8BC46977 
  85      202D9F68 
  86 0155 A7DAD937 		.ascii	"\247\332\3317\275^\2323\335Y/t\331X@\200q\3055\026\341"
  86      BD5E9A33 
  86      DD592F74 
  86      D9584080 
  86      71C53516 
  87 016a 0A826E57 		.ascii	"\012\202nW\020\"\307|\352\225\357\262C\335\330\023\264"
  87      1022C77C 
  87      EA95EFB2 
  87      43DDD813 
  87      B4
  88 017b 8E7B0A9A 		.ascii	"\216{\012\232\011\301}\005}~;\2026\025\272\261\033\335"
  88      09C17D05 
  88      7D7E3B82 
  88      3615BAB1 
  88      1BDD
  89 018d DA137A1C 		.ascii	"\332\023z\034\017\024\272\306\350\017C\364j\204n\207"
  89      0F14BAC6 
  89      E80F43F4 
  89      6A846E87 
  90 019d 686B9B2B 		.ascii	"hk\233+~\202Y1q\000\217\010\206b6\243\230\270*\302\376"
  90      7E825931 
  90      71008F08 
  90      866236A3 
  90      98B82AC2 
  91 01b2 ABAA0435 		.ascii	"\253\252\0045\034V\365'\316Qf\213m?#[R\245;dkUU\365"
  91      1C56F527 
  91      CE51668B 
  91      6D3F235B 
  91      52A53B64 
  92 01ca BB4760FF 		.ascii	"\273G`\377o\004\004!\361x\247\2237[[\317\034\352d\250"
  92      6F040421 
  92      F178A793 
  92      375B5BCF 
  92      1CEA64A8 
  93 01de C82E074F 		.ascii	"\310.\007OT'<\003r\216\256\177~\035\373\355L\242\001"
  93      54273C03 
  93      728EAE7F 
  93      7E1DFBED 
  93      4CA201
  94 01f1 779CC640 		.ascii	"w\234\306@].\301\245\253\305W\224\256u.\252J\324\017"
  94      5D2EC1A5 
  94      ABC55794 
ARM GAS  C:\Users\8FEE~1\AppData\Local\Temp\ccYB60rB.s 			page 7


  94      AE752EAA 
  94      4AD40F
  95 0204 32420CD3 		.ascii	"2B\014\323GAD\034\311d\\zr}\371l~\240\320s\374\230;"
  95      4741441C 
  95      C9645C7A 
  95      727DF96C 
  95      7EA0D073 
  96 021b 5070FB7A 		.ascii	"Pp\373z\373\335\302\231\034\357\247N\367\366grBf\317"
  96      FBDDC299 
  96      1CEFA74E 
  96      F7F66772 
  96      4266CF
  97 022e 15F46CFE 		.ascii	"\025\364l\376l\341\027\342\177\013u"
  97      6CE117E2 
  97      7F0B75
  98              		.text
  99              		.section	.gnu.lto_palSetBusMode.8abf9633,"",%progbits
 100 0000 789C9592 		.ascii	"x\234\225\222\315KTa\024\306\317\363\236;s\357\244\266"
 100      CD4B5461 
 100      14C6CFF3 
 100      9E3B73EF 
 100      A4B6
 101 0012 0E72310B 		.ascii	"\016r1\013q\230EsqS\177B\377B\273\3201PP&\032Z\317\353"
 101      71984573 
 101      71537F42 
 101      FF42BBD0 
 101      31505026 
 102 002a D48C61A0 		.ascii	"\324\214a\240\201\330\2508\334 \006\277\277\322\202"
 102      81D8A838 
 102      DC2006BF 
 102      BFD282
 103 0039 2982C14D 		.ascii	")\202\301M\320'\272-Q*\002)\241h\321\246\254s\336\251"
 103      D027BA2D 
 103      512A0229 
 103      A168D1A6 
 103      AC73DEA9 
 104 004d 85ED7CB9 		.ascii	"\205\355|\271\357\367y~\3579\0177F\206z\015Q\027\021"
 104      EFF7797E 
 104      EF390F37 
 104      46867A0D 
 104      511711
 105 0060 9D950E26 		.ascii	"\235\225\016&\230;\257\211\206\002\003\350\302\006\240"
 105      983BAF89 
 105      860203E8 
 105      C206A0
 106 006f 82410163 		.ascii	"\202A\001c\\al\015\177\252\233\364\254\225\326\250\354"
 106      5C616C0D 
 106      7FAA9BF4 
 106      AC95D6A8 
 106      EC
 107 0080 F8655B3A 		.ascii	"\370e[:\0231\321\224tm\230EZ\242\266o\256\315\360(G"
 107      1331D194 
 107      746D9845 
 107      5AA2B66F 
 107      AECDF028 
 108 0095 0C78B2FD 		.ascii	"\014x\262\375\366j\372\303i\335\032$e[\332\256\224\231"
 108      F66AFAC3 
ARM GAS  C:\Users\8FEE~1\AppData\Local\Temp\ccYB60rB.s 			page 8


 108      69DD1A24 
 108      655BDAAE 
 108      9499
 109 00a7 D32059EF 		.ascii	"\323 Y\357\356\355\317\007\251\232\265E\333x7\316\266"
 109      EEEDCF07 
 109      A99AB545 
 109      DB7837CE 
 109      B6
 110 00b8 2362C602 		.ascii	"#b\306\002X\200\230G;\346\320NrDXDJ\302\277o\324\306"
 110      58809847 
 110      3BE6D04E 
 110      72445844 
 110      4AC2BF6F 
 111 00ce 5BF89C93 		.ascii	"[\370\234\223\276\030}z\351\257\362\345\204SzX\372_"
 111      BE187D7A 
 111      E9AFF2E5 
 111      84537A58 
 111      FA5F
 112 00e0 E9119691 		.ascii	"\351\021\226\221\322\360\367\353G\023mq\357\376\277"
 112      D2F0F7EB 
 112      47136D71 
 112      EFFEBF
 113 00ef 6CB18238 		.ascii	"l\261\2028d^\335A\303\036\375\036\266\215\2375\354^"
 113      645EDD41 
 113      C31EFD1E 
 113      B68D9F35 
 113      EC5E
 114 0101 4C48D9F2 		.ascii	"LH\331\362\026\2136\346\311\020\217\311\340\307u\345"
 114      168B36E6 
 114      C9108FC9 
 114      E0C775E5 
 115 0111 C3B16844 		.ascii	"\303\261hD\344\352\314m6:\363\001\212\217\017\016\263"
 115      E4EACC6D 
 115      363AF301 
 115      8A8F0F0E 
 115      B3
 116 0122 0AACB29A 		.ascii	"\012\254\262\232t\267\264\365\306\327z\331%\372\343"
 116      74B7B4F5 
 116      C6D77AD9 
 116      25FAE3
 117 0131 D9F35BAD 		.ascii	"\331\363[\255\021\252CbZ2\342\240*>\254JvzW\373X\\\361"
 117      11AA4362 
 117      5A32E2A0 
 117      2A3EAC4A 
 117      767A57FB 
 118 0148 C365DBBC 		.ascii	"\303e\333\274J`\015\021&\235\231XGH\212N4\301\336\211"
 118      4A600D11 
 118      269D9958 
 118      47488A4E 
 118      34C1DE89 
 119 015c 48A7F0C0 		.ascii	"H\247\360\300\221\264Bl\034'\305NDj\301\246#\031%=t"
 119      91B4426C 
 119      1C27C54E 
 119      446AC1A6 
 119      2319253D 
 120 0171 A41B5FCB 		.ascii	"\244\033_\313h\2424/\001\322g\224\223z\242\362z\375"
 120      68A2342F 
ARM GAS  C:\Users\8FEE~1\AppData\Local\Temp\ccYB60rB.s 			page 9


 120      01D26794 
 120      937AA2F2 
 120      7AFD
 121 0183 CB5BBFF0 		.ascii	"\313[\277\360\313\006\021\267Ni\002x\204\002\2113.\334"
 121      CB0611B7 
 121      4E690278 
 121      84028933 
 121      2EDC
 122 0195 8FB88D0E 		.ascii	"\217\270\215\016Q\274\367d\3141\334o3\"a\342\244<\321"
 122      51BCF764 
 122      CC31DC6F 
 122      332261E2 
 122      A43CD1
 123 01a8 99C984F2 		.ascii	"\231\311\204\362e\373\372{\372s\371\256\013\347\303"
 123      65FBFA7B 
 123      FA73F9AE 
 123      0BE7C3
 124 01b7 5C3EECEB 		.ascii	"\\>\354\353\036\010\363\327\262:_\276\332=\220\311\022"
 124      1E08F3D7 
 124      B23A5FBE 
 124      DA3D90C9 
 124      12
 125 01c8 F75CCF7B 		.ascii	"\367\\\317{\203\271\336+\177\000\003\237\310\347"
 125      83B9DE2B 
 125      7F00039F 
 125      C8E7
 126              		.text
 127              		.section	.gnu.lto_.symbol_nodes.8abf9633,"",%progbits
 128 0000 789C6365 		.ascii	"x\234ce`b\010d\000\002\246\205L\365\014\014\023\316"
 128      60620864 
 128      0002A685 
 128      4CF50C0C 
 128      13CE
 129 0012 313000A9 		.ascii	"10\000\251]\015\216@\221EL\365\214\250\"\213\231\352"
 129      5D0D8E40 
 129      91454CF5 
 129      8CA8228B 
 129      99EA
 130 0024 99504418 		.ascii	"\231PD\030\2271\3253\203E\030\030\032\032\034\030\030"
 130      9731D533 
 130      83451818 
 130      1A1A1C18 
 130      18
 131 0035 98999819 		.ascii	"\230\231\230\031\226<\374\307\310\000\000E#\024("
 131      963CFCC7 
 131      C8000045 
 131      231428
 132              		.text
 133              		.section	.gnu.lto_.refs.8abf9633,"",%progbits
 134 0000 789C6365 		.ascii	"x\234ce`b`d\000\002\000\000I\000\011"
 134      60626064 
 134      00020000 
 134      490009
 135              		.text
 136              		.section	.gnu.lto_.decls.8abf9633,"",%progbits
 137 0000 789CBD58 		.ascii	"x\234\275X\013LTW\032\276\377=38\\\0064\340vMj\033\266"
 137      0B4C5457 
ARM GAS  C:\Users\8FEE~1\AppData\Local\Temp\ccYB60rB.s 			page 10


 137      1ABEFF3D 
 137      33385C06 
 137      34E0764D 
 138 0017 A13ADB6C 		.ascii	"\241:\333lA0\321v\333&n\253}d\355b\306>v\023\222\011"
 138      4130D176 
 138      DB266EAB 
 138      7D64ED62 
 138      C63E7613 
 139 002d 3263258B 		.ascii	"2c%\213`\231\241\233&\233\354\345\341\373\005j\221\207"
 139      6099A19B 
 139      269BECE5 
 139      E1FB056A 
 139      9187
 140 003f 5A1EBE10 		.ascii	"Z\036\276\020Qj}Q\300R\300\027\210o\345!\010>PQ\252"
 140      516A7D51 
 140      C052C017 
 140      886FE521 
 140      083E5051 
 141 0054 885490AA 		.ascii	"\210T\220\252\354\177\316\271w\356u:\323l\262Io8s\356"
 141      EC7FCEB9 
 141      77EE753A 
 141      D36CB249 
 141      6F3873EE 
 142 0068 F9EF77FE 		.ascii	"\371\357w\376\377\373\037\347\334s1\012\242 \205\010"
 142      FFFB1FE7 
 142      DC73310A 
 142      A2208508 
 143 0078 42381104 		.ascii	"B8\021\004\031\004a\004/\203 \010e\202v\321q\000>\033"
 143      19046104 
 143      2F832008 
 143      658276D1 
 143      71003E1B 
 144 008c 836D1CB6 		.ascii	"\203m\034\266\027A\370\305\365{Q\020\314\330\007c\033"
 144      1741F8C5 
 144      F57B5110 
 144      CCD80763 
 144      1B
 145 009d 8BAD029B 		.ascii	"\213\255\002\233\011q\003\330O\304\026\215m\024\216"
 145      097103D8 
 145      4FC4168D 
 145      6D148E
 146 00ac 07B1EFC7 		.ascii	"\007\261\357\307v\010\333SE7\240\374\016U\202\275\010"
 146      7608DB53 
 146      4537A0FC 
 146      0E5582BD 
 146      08
 147 00bd AC63F668 		.ascii	"\254c\366h\377\252\207\255?\240\235 \354?\321\331\242"
 147      FFAA87AD 
 147      3FA09D20 
 147      EC3FD1D9 
 147      A2
 148 00ce 76A83D6F 		.ascii	"v\250=o\266\236*\366Z\025\233F\305\036\265C\015\334"
 148      B69E2AF6 
 148      5A159B46 
 148      C51EB543 
 148      0DDC
 149 00e0 C5AE85DF 		.ascii	"\305\256\205\3372\377h\037\345a3\322\207\315\020\037"
ARM GAS  C:\Users\8FEE~1\AppData\Local\Temp\ccYB60rB.s 			page 11


 149      32FF681F 
 149      E56133D2 
 149      87CD101F 
 150 00f0 FE552876 		.ascii	"\376U(v'\343\370\005l\304\303&\252s\307\221\212\336"
 150      27E3F805 
 150      6CC4C326 
 150      AA73C791 
 150      8ADE
 151 0102 F0B0B79E 		.ascii	"\360\260\267\236\300\376\225\365\325\342eh\007\304\302"
 151      C0FE95F5 
 151      D5E26568 
 151      07C4C2
 152 0111 182605E0 		.ascii	"\030&\005\340\277\300\032\033\216\250\027\000\223\243"
 152      BFC01A1B 
 152      8EA81700 
 152      93A3
 153 011f 541414A5 		.ascii	"T\024\024\245\252\010\324\031\312XT\206\242\242\222"
 153      AA08D419 
 153      CA585486 
 153      A2A292
 154 012e FD299341 		.ascii	"\375)\223A\247\221?\346\226\324\213\323\3477l\232:\033"
 154      A7913FE6 
 154      96D48BD3 
 154      E7376C9A 
 154      3A1B
 155 0140 44CD0080 		.ascii	"D\315\000\200~\202N!\247\255<w\363\0234\347@\365\376"
 155      7E824E21 
 155      A7AD3C77 
 155      F31334E7 
 155      40F5FE
 156 0153 7EEE891B 		.ascii	"~\356\211\033R'tPi\3014`\262+g\253\236\230\010\206\020"
 156      52277450 
 156      69C13460 
 156      B22B67AB 
 156      9E980886 
 157 0168 EF3B1F6D 		.ascii	"\357;\037m\1777|\247\314/\323\013Z\330\316d\224o \253"
 157      7F377CA7 
 157      CC2FD30B 
 157      5AD8CE64 
 157      946F20AB 
 158 017c 08044B60 		.ascii	"\010\004K`\240z\232\362\256\005\341p\254\004\2418\314"
 158      A07A9AF2 
 158      AE05E170 
 158      AC04A138 
 158      CC
 159 018d AB1C6830 		.ascii	"\253\034h0\362\247&\034\216l-_j\"\3171\215\035\307J"
 159      F2A7261C 
 159      8E6C2D5F 
 159      6A22CF31 
 159      8D1DC74A 
 160 01a1 4AE9C489 		.ascii	"J\351\304\211\022P\262\243Q\264\273\267\342Q \027Q\304"
 160      1250B2A3 
 160      51B4BBB7 
 160      E2512017 
 160      51C4
 161 01b3 D9D5FD9B 		.ascii	"\331\325\375\233G\221\347\351\275\230\333\320\\k\000"
 161      4791E7E9 
ARM GAS  C:\Users\8FEE~1\AppData\Local\Temp\ccYB60rB.s 			page 12


 161      BD98DBD0 
 161      5C6B00
 162 01c2 8BB495DA 		.ascii	"\213\264\225\332\257\031\034\230\230\265X\226E\370\026"
 162      AF191C98 
 162      98B55896 
 162      45F816
 163 01d1 24F80608 		.ascii	"$\370\006\010\354\200p\352\315D\011\177\227\310r\232"
 163      EC8070EA 
 163      CD44097F 
 163      97C8729A 
 164 01e1 9C992EFB 		.ascii	"\234\231.\373\277/\300N\030\017\2450^\200=`\241j)\016"
 164      BF2FC04E 
 164      180FA530 
 164      5E803D60 
 164      A16A290E 
 165 01f5 CA51B81B 		.ascii	"\312Q\270\033\205h\242dsV\221\037)\006f\343\310\241"
 165      8568A264 
 165      7356911F 
 165      290666E3 
 165      C8A1
 166 0207 4B2D0690 		.ascii	"K-\006\220,^\025\354\367\242\200\223\271Y\366\322\221"
 166      2C5E15EC 
 166      F7A28093 
 166      B959F6D2 
 166      91
 167 0218 8594CC3E 		.ascii	"\205\224\314>$\263W#\203\334x\2102\352\037f\005\222"
 167      24B35723 
 167      83DC7888 
 167      32EA1F66 
 167      0592
 168 022a 4D2C90E2 		.ascii	"M,\220\342\252\303G\037\031\335\216t6\275y\352\274,"
 168      AAC3471F 
 168      19DD8E74 
 168      36BD79EA 
 168      BC2C
 169 023c 874205CE 		.ascii	"\207B\005\316=\240\315\335\007>=9\350\335\223\013\367"
 169      3DA0CDDD 
 169      073E3D39 
 169      E8DD930B 
 169      F7
 170 024d FBB38348 		.ascii	"\373\263\203H\017\317V\376\203\216\036\177\036v\213"
 170      0FCF56FE 
 170      838E1E7F 
 170      1E768B
 171 025c 2E29C13C 		.ascii	".)\301<)C\205\327\327\210\244\217C\227\354\\UG$\264"
 171      294385D7 
 171      D788A48F 
 171      4397EC5C 
 171      554724B4 
 172 0270 94FE3FB9 		.ascii	"\224\376?\271\2143\312G\326u\005\222\237\370\364\273"
 172      8C33CA47 
 172      D6750592 
 172      9FF8F4BB 
 173 0280 19DD5D01 		.ascii	"\031\335]\001\\\3658\034\226\015u\3567\222a\376l\345"
 173      5CF5381C 
 173      960D75EE 
 173      379261FE 
ARM GAS  C:\Users\8FEE~1\AppData\Local\Temp\ccYB60rB.s 			page 13


 173      6CE5
 174 0292 BADA5A03 		.ascii	"\272\332Z\003\031\341\203\342\334\254\305F\222A\330"
 174      19E183E2 
 174      DCACC546 
 174      9241D8
 175 02a1 A0644D66 		.ascii	"\240dMf\271D\026\361\301\331\276\023\033\003x\311\214"
 175      B94416F1 
 175      C1D9BE13 
 175      1B0378C9 
 175      8C
 176 02b2 C1E1E191 		.ascii	"\301\341\341\221\301\232\321\\\243\210\303\234\035\315"
 176      C19AD15C 
 176      A388C39C 
 176      1DCD
 177 02c0 C3FE6409 		.ascii	"\303\376d\011\207n\031\376\271\217\326\314\004Z3DW1"
 177      876E19FE 
 177      B98FD6CC 
 177      045A3344 
 177      5731
 178 02d2 1378C57C 		.ascii	"\023x\305|\337x|\253\231\002h\2443\013K\227\373\253"
 178      DF787CAB 
 178      990268A4 
 178      330B4B97 
 178      FBAB
 179 02e4 E944F78C 		.ascii	"\351D\367\214\026\001\016\243\033G\250o'\320\267\011"
 179      16010EA3 
 179      1B47A86F 
 179      27D0B709 
 180 02f4 8A6FC751 		.ascii	"\212o\307Qx\314\235\316\301\275/V\310\362\030h\304\214"
 180      78CC9DCE 
 180      C1BD2F56 
 180      C8F21868 
 180      C48C
 181 0306 34681999 		.ascii	"4h\031\231\240$\363P\326\245\033\022\311\345&\036\247"
 181      A024F350 
 181      D6A51B12 
 181      C9E5261E 
 181      A7
 182 0317 67DFD3AA 		.ascii	"g\337\323\252\362fYT=+\204S8\265I\233\332\250%\323\223"
 182      F2665954 
 182      3D2B8453 
 182      38B5499B 
 182      DAA825D3 
 183 032c C6492F34 		.ascii	"\306I/4\320H\332PQ\225\211\0241#\206\007\017W\264I\020"
 183      D048DA50 
 183      51958914 
 183      31238607 
 183      0F57B449 
 184 0341 121666C9 		.ascii	"\022\026f\311\242f2ey\232\250eI\2003\020B\025\300y\324"
 184      A2663265 
 184      799AA865 
 184      49803310 
 184      4215C079 
 185 0356 750EC2E0 		.ascii	"u\016\302\340,\204\261\305YD\015b\205\205U\367w\311"
 185      2C84B1C5 
 185      59440D62 
 185      858555F7 
ARM GAS  C:\Users\8FEE~1\AppData\Local\Temp\ccYB60rB.s 			page 14


 185      77C9
 186 0368 F23233A3 		.ascii	"\36223\243u\024i\321\011n\006\021T\305a\252H\231P\373"
 186      751469D1 
 186      096E0611 
 186      54C561AA 
 186      489950FB 
 187 037c 568E5C93 		.ascii	"V\216\\\223F\030\372\264Wt$\005s\227\237VI\270\035P"
 187      4618FAB4 
 187      57742405 
 187      73979F56 
 187      49B81D50 
 188 0390 8CA078CB 		.ascii	"\214\240x\313\267\005\303\371\313w\327\000\204\215\265"
 188      B705C3F9 
 188      CB77D700 
 188      848DB5
 189 039f 841531E0 		.ascii	"\204\0251\340\305\352\240T\246\226\252\253G\265\027"
 189      C5EAA054 
 189      A696AAAB 
 189      47B517
 190 03ae 61AC5669 		.ascii	"a\254Vi\232\3325\314\305ty\232A\357\"\005S\027\233\321"
 190      9ADA35CC 
 190      C574799A 
 190      41EF2205 
 190      53179BD1 
 191 03c2 C51674F1 		.ascii	"\305\026t\361\202\342\"'q\267j\\\252,\003E\351Ypw\036"
 191      82E22227 
 191      71B76A5C 
 191      AA2C0345 
 191      E9597077 
 192 03d7 5605AF4D 		.ascii	"V\005\257M\227\217Mb\253\263\316\267a\214z\177U\343"
 192      978F4D62 
 192      ABB3CEB7 
 192      618C7A7F 
 192      55E3
 193 03e9 09712C32 		.ascii	"\011q,2H\365\311@x\306\274\256x\203y\361f\324]\330g"
 193      48F5C940 
 193      78C6BCAE 
 193      788379F1 
 193      66D45DD8 
 194 03fe 265B79B5 		.ascii	"&[y\265v7\356N3\221\035|\260\251iW\243\221\354\342\203"
 194      7637EE4E 
 194      33911D7C 
 194      B0A96957 
 194      A391ECE2 
 195 0413 CAD25D67 		.ascii	"\312\322]gE\262\227\017vV\364-\007R\305\007\367\027"
 195      45B2970F 
 195      7656F42D 
 195      0752C507 
 195      F717
 196 0425 EF76913A 		.ascii	"\357v\221:~\237\2611\363\224\310u\377\011\207\331K7"
 196      7E9FB131 
 196      F394C875 
 196      FF0987D9 
 196      4B37
 197 0437 7419F83A 		.ascii	"t\031\370:\351\242+c\317\305\355\225&r\234a\0033K2\017"
 197      E9A22B63 
 197      CFC5ED95 
ARM GAS  C:\Users\8FEE~1\AppData\Local\Temp\ccYB60rB.s 			page 15


 197      26729C61 
 197      03334B32 
 198 044c 48108657 		.ascii	"H\020\206WH\030\277,ErF:\246\363\315\\\271\006\227\335"
 198      4818BF2C 
 198      4572463A 
 198      A6F3CD5C 
 198      B90697DD 
 199 0460 2174BF13 		.ascii	"!t\277\023\335\277\205\361\177\326\375\235J\362)z\370"
 199      DDBF85F1 
 199      7FD6FD9D 
 199      4AF2297A 
 199      F8
 200 0471 2D0D7DCD 		.ascii	"-\015}\315\023]\011\356hq\364m\035\372{Ot\225'\272_"
 200      135D09EE 
 200      6871F46D 
 200      1DFA7B4F 
 200      749527BA 
 201 0486 87AEF68E 		.ascii	"\207\256\366\216\346T\334e\216\031\270\212\200+\354"
 201      E654DC65 
 201      8E19B88A 
 201      802BEC
 202 0495 D92DA5CC 		.ascii	"\331-\245\314\373\260\006z1\011\327\261\365`\373\021"
 202      FBB0067A 
 202      3109D7B1 
 202      F560FB11 
 203 04a5 DB1D6CF7 		.ascii	"\333\035l\367\260\335\305v\033\333\015l7\261u\273\227"
 203      B0DDC576 
 203      1BDB0D6C 
 203      37B175BB 
 203      97
 204 04b6 0225D0A0 		.ascii	"\002%\320\240\013\305eO\002e\236t\257\352\350\376\340"
 204      0BC5654F 
 204      02659E74 
 204      AFEAE8FE 
 204      E0
 205 04c7 89AE01CF 		.ascii	"\211\256\001\317\310\265\351\224\267{\302\333<\225\017"
 205      C8B5E994 
 205      B77BC2DB 
 205      3C950F
 206 04d6 BFA1A1BB 		.ascii	"\277\241\241\273\274fE\007>\253S\335\341\235\267\233"
 206      BC664507 
 206      3EAB53DD 
 206      E19DB79B 
 207 04e6 092EB2CB 		.ascii	"\011.\262\313\325\022\307\267b\315\326zg\256\323~C]"
 207      D512C7B7 
 207      62CDD67A 
 207      67AED37E 
 207      435D
 208 04f8 2054FD25 		.ascii	" T\375%\357\314\271ze\265U\006\263\325v\313s\315CM\323"
 208      EFCCB97A 
 208      65B55506 
 208      B3D576CB 
 208      73CD434D 
 209 050d D05E2369 		.ascii	"\320^#i\342[cO\376\255\322Q\020b\361\226Lx\2009\374"
 209      E25B634F 
 209      FEADD251 
 209      1062F196 
ARM GAS  C:\Users\8FEE~1\AppData\Local\Temp\ccYB60rB.s 			page 16


 209      4C788039 
 210 0522 7FF2C999 		.ascii	"\177\362\311\231\0349\344G7\237~Tt_\333m)/FgYC\333\352"
 210      1C39E447 
 210      379F7E54 
 210      745FDB6D 
 210      292F4667 
 211 053a 20F332F7 		.ascii	" \3632\367;\224\001\265\025=\000fe\012b\017,\315\271"
 211      3B9401B5 
 211      153D0066 
 211      650A620F 
 211      2CCDB9
 212 054d 1948DA38 		.ascii	"\031H\3328\365\013'\357W\004\201\305\314\255\234l\033"
 212      F50B27EF 
 212      570481C5 
 212      CCAD9C6C 
 212      1B
 213 055e 934EFD1D 		.ascii	"\223N\375\035D\374O\232\031\234\216\235\017\355\360"
 213      44FC4F9A 
 213      199C8E9D 
 213      0FEDF0
 214 056d 109D7AC6 		.ascii	"\020\235z\306\300\317\267\326\265\002_\313f\272\301"
 214      C0CFB7D6 
 214      B5025FCB 
 214      66BAC1
 215 057c 57B6668D 		.ascii	"W\266f\215V\3262}<\260\266\2553\210t\223gNF\321\277"
 215      56D6327D 
 215      3CB0B6AD 
 215      33887493 
 215      674E46D1 
 216 0591 3C1945F3 		.ascii	"<\031E\363\367\\\357\351S\347\200\364r\272\365\233\256"
 216      F75CEFE9 
 216      53E780F4 
 216      72BAF59B 
 216      AE
 217 05a2 EDF1F375 		.ascii	"\355\361\363ul\031A\"\321\312\013\3461\012\177v\277"
 217      6C194122 
 217      D1CA0BE6 
 217      310A7F76 
 217      BF
 218 05b3 E74E8D44 		.ascii	"\347N\215D=dg\250\247\230\367'\232c\321\374Eg<_\335"
 218      3D6467A8 
 218      A798F727 
 218      9A63D1FC 
 218      45673C5F 
 219 05c8 9063A43B 		.ascii	"\220c\244;J\210\205\357\244\203\033\310\301-'W\310\005"
 219      4A8885EF 
 219      A4831BC8 
 219      C12D2757 
 219      C805
 220 05da B5C0E60C 		.ascii	"\265\300\346\014\343\234t\321\327\022\2423\372\377\310"
 220      E39C74D1 
 220      D712A233 
 220      FAFFC8
 221 05e9 0B9186EE 		.ascii	"\013\221\206\356;Ot\204\007\370\352+\034LOB\273\274"
 221      3B4F7484 
 221      07F8EA2B 
 221      1C4C4F42 
ARM GAS  C:\Users\8FEE~1\AppData\Local\Temp\ccYB60rB.s 			page 17


 221      BBBC
 222 05fb 827FB93B 		.ascii	"\202\177\271;<\302\347C\314*E\323j\312\020-\220*\206"
 222      3CC2E743 
 222      CC2A45D3 
 222      6ACA102D 
 222      902A86
 223 060e 411A3659 		.ascii	"A\0326Y\324W\313\305\022^\267\210\364\250\333G%\017"
 223      D457CBC5 
 223      125EB788 
 223      F4A8DB47 
 223      250F
 224 0620 0608C932 		.ascii	"\006\010\3112\362\363\331\335\241<\023XB\224\344\227"
 224      F2F3D9DD 
 224      A13C1358 
 224      4294E497 
 225 0630 B2125B8C 		.ascii	"\262\022[\214\332\027\212\356\020Q\025\336\211\300\""
 225      DA178AEE 
 225      105115DE 
 225      89C022
 226 063f B4FF6B5C 		.ascii	"\264\377k\\\320\334\305\314U\333\003\364u\271X\324\327"
 226      D0DCC5CC 
 226      55DB03F4 
 226      75B958D4 
 226      D7
 227 0650 E512D1AC 		.ascii	"\345\022\321\254\000\277k\271s]4\210\\\006s\014T\266"
 227      00BF6BB9 
 227      735D3488 
 227      5C06730C 
 227      54B6
 228 0662 7C75F566 		.ascii	"|u\365f\377q\331\354\030\236.\217\021Y\270\324\327\263"
 228      FF71D9EC 
 228      189E2E8F 
 228      1159B8D4 
 228      D7B3
 229 0674 00CBC471 		.ascii	"\000\313\304q\370\273T4p\015K\332\017\036\205\227\012"
 229      F8BB5434 
 229      700D4BDA 
 229      0F1E8597 
 229      0A
 230 0685 E4822EB9 		.ascii	"\344\202.\271fd\007YZw\024\323\007\323(\014J\264\224"
 230      66640759 
 230      5A7714D3 
 230      07D3280C 
 230      4AB494
 231 0698 E32DFE6E 		.ascii	"\343-\376n\307\367\003l\303\235Q\200\345\342K8{[Nzc"
 231      C7F7036C 
 231      C39D5180 
 231      E5E24B38 
 231      7B5B4E7A 
 232 06ad 0039C4E2 		.ascii	"\0009\304\342\002y\035\355\327%F\206Z\344d\316t\234"
 232      02791DED 
 232      D7254686 
 232      5AE464CE 
 232      749C
 233 06bf 386E7013 		.ascii	"8np\023\\)2\341\271\312m5&=\303O\236\323\021\\\315\010"
 233      5C2932E1 
 233      B9CA6D35 
ARM GAS  C:\Users\8FEE~1\AppData\Local\Temp\ccYB60rB.s 			page 18


 233      263DC34F 
 233      9ED3115C 
 234 06d5 AE52095E 		.ascii	"\256R\011^Hk\254 \012\301\213\371f\254\000<#aM\"\014"
 234      486BAC20 
 234      0AC18BF9 
 234      66AC003C 
 234      23614D22 
 235 06ea 566801C7 		.ascii	"Vh\001\307\333g\011f2\202O._\353\027I\003'\270\243\251"
 235      DB670966 
 235      32824F2E 
 235      5FEB1749 
 235      0327B8A3 
 236 06ff E4B181B4 		.ascii	"\344\261\201\264\360,\256\254\335\320k\366\265&\326"
 236      F02CAEAC 
 236      DDD06BF6 
 236      B526D6
 237 070e 89BE8EF2 		.ascii	"\211\276\216\362\235M\223Z\330q|\255(\301\032\321\343"
 237      9D4D935A 
 237      D8717CAD 
 237      28C11AD1 
 237      E3
 238 071f 384E53B2 		.ascii	"8NS\262z\313\020a\036S\004\217B\247\334\337K\334Q\370"
 238      7ACB1061 
 238      1E53048F 
 238      42A7DCDF 
 238      4BDC51F8 
 239 0733 8A47A1FB 		.ascii	"\212G\241\373\336\360\372Q>\243\260\236E![\215\302\301"
 239      DEF0FA51 
 239      3EA3B09E 
 239      45215B8D 
 239      C2C1
 240 0745 FCF64DA3 		.ascii	"\374\366M\243\2644\365\324u\313\262d\240(\310\322Hd"
 240      B434F5D4 
 240      75CBB264 
 240      A028C8D2 
 240      4864
 241 0757 79062187 		.ascii	"y\006!\207\005\341\307-\351kG\223+<\010\336\370\375"
 241      05E1C72D 
 241      E96B4793 
 241      2B3C08DE 
 241      F8FD
 242 0769 B4B8FB24 		.ascii	"\264\270\373$\2703\227\307\371\025\266\\\333\030\304"
 242      B83397C7 
 242      F915B65C 
 242      DB18C4
 243 0778 847471E6 		.ascii	"\204tq\346s\341\311\354-\015\304'\351\215\214\364\006"
 243      73E1C9EC 
 243      2D0DC427 
 243      E98D8CF4 
 243      06
 244 0789 95F4FD33 		.ascii	"\225\364\3753\275e~H\272\213\307mE\372\221\025r!0\030"
 244      BD657E48 
 244      BA8BC76D 
 244      45FA9115 
 244      72213018 
 245 079d E46AAC73 		.ascii	"\344j\254s)kz\263\211\261=\267\357\361%#\031\344l\233"
 245      296B7AB3 
ARM GAS  C:\Users\8FEE~1\AppData\Local\Temp\ccYB60rB.s 			page 19


 245      89B13DB7 
 245      EFF12523 
 245      19E46C9B 
 246 07b1 5B332A94 		.ascii	"[3*\224M1\200n\302W\276\372\336\237o\212-\214c\323\203"
 246      4D31806E 
 246      C257BEFA 
 246      DE9F6F8A 
 246      2D8C63D3 
 247 07c6 6C892CF4 		.ascii	"l\211,\364c\330'}\247\237"
 247      63D8277D 
 247      A79F
 248 07d0 983956A2 		.ascii	"\2309V\242\216\246\225w\032\351g\213\254,\"\224kkh\263"
 248      8EA69577 
 248      1AE9678B 
 248      AC2C2294 
 248      6B6B68B3 
 249 07e4 88F9C24D 		.ascii	"\210\371\302M\003\212E\376q4T=\214\337\005L\223\241"
 249      038A45FE 
 249      7134543D 
 249      8CDF054C 
 249      93A1
 250 07f6 ABB8FF8E 		.ascii	"\253\270\377\216\037X\306\003H\330\266\252\337\264\030"
 250      1F58C603 
 250      48D8B6AA 
 250      DFB418
 251 0805 5A0CD916 		.ascii	"Z\014\331\026\205.^y2\252\357\373\017\025\363\303{_"
 251      852E5E79 
 251      32AAEFFB 
 251      0F15F3C3 
 251      7B5F
 252 0817 914CC609 		.ascii	"\221L\306\0110y<L\302*\332\212U\264\235\331)\021\307"
 252      30793C4C 
 252      C22ADA8A 
 252      55B49DD9 
 252      2911C7
 253 082a C3363494 		.ascii	"\30364\224\207;\005\225\240\301\326U\017\333\015\301"
 253      873B0595 
 253      A0C1D655 
 253      0FDB0DC1 
 254 083a 99CA0E11 		.ascii	"\231\312\016\021\012Lw!\342\012D\312o\207\030\254\262"
 254      0A4C7721 
 254      E20A44CA 
 254      6F8718AC 
 254      B2
 255 084b A4E8CCA6 		.ascii	"\244\350\314\246\302|\177I\261\261\344Wm \272\256u\240"
 255      C27C7F49 
 255      B1B1E457 
 255      6D20BAAE 
 255      75A0
 256 085d 2A50AFBB 		.ascii	"*P\257\273\364\327t\337\334wg\203\361\345b\371t\015"
 256      F4D774DF 
 256      DC776783 
 256      F1E562F9 
 256      740D
 257 086f ABADE5D7 		.ascii	"\253\255\345\3272\344\324E\270\015\356\024\203\241\010"
 257      32E4D445 
 257      B80DEE14 
ARM GAS  C:\Users\8FEE~1\AppData\Local\Temp\ccYB60rB.s 			page 20


 257      83A108
 258 087e D3844B5D 		.ascii	"\323\204K]7\371k\224|\204_\027e\342\3138\367Reu\276"
 258      37F96B94 
 258      7C845F17 
 258      65E2CB38 
 258      F7526575 
 259 0893 48D6F204 		.ascii	"H\326\362\004d6v\376\335g\300w\253\001/\340\034S\037"
 259      643676FE 
 259      DD67C077 
 259      AB012FE0 
 259      1C531F
 260 08a6 14DF09F4 		.ascii	"\024\337\011\364\364_\333\255\313\031\307\335*\307\346"
 260      F45FDBAD 
 260      CB19C7DD 
 260      2AC7E6
 261 08b5 829BF566 		.ascii	"\202\233\365fO\217|\242\217w|\375\203\352\321\325\347"
 261      4F8F7CA2 
 261      8F777CFD 
 261      83EAD1D5 
 261      E7
 262 08c6 530B6A52 		.ascii	"S\013jRC\341\033\305\033\334\027t\023w)\336\354a\336"
 262      43E11BC5 
 262      1BDC1774 
 262      137729DE 
 262      EC61DE
 263 08d9 1C3B5A7B 		.ascii	"\034;Z{\201\350\367]Z\251\232\013\337\362}\227\366\364"
 263      81E8F75D 
 263      5AA99A0B 
 263      DFF27D97 
 263      F6F4
 264 08eb 85BBA267 		.ascii	"\205\273\242g\016)TJ\257=\365\251r\016\017\242\377\304"
 264      0E29544A 
 264      AF3DF5A9 
 264      720E0FA2 
 264      FFC4
 265 08fd E8692D56 		.ascii	"\350i-V\312\264\217}\331\336\256\250S\376\307\021\210"
 265      CAB48F7D 
 265      D9DEAEA8 
 265      53FEC711 
 265      88
 266 090e C3A7F57D 		.ascii	"\303\247\365}\315\201>\003uP\015\324\001\036\250\325"
 266      CD813E03 
 266      75500DD4 
 266      011EA8D5 
 267 091e CD1D69FE 		.ascii	"\315\035i\376\236\201\332\217\371\330\307\362Q\301\\"
 267      9E81DA8F 
 267      F9D8C7F2 
 267      51C15C
 268 092d 3FA8BA5E 		.ascii	"?\250\272^\177>\343\022\361\014\224O\364\321\3439\327"
 268      7F3EE312 
 268      F10C944F 
 268      F4D1E339 
 268      D7
 269 093e D540B5BD 		.ascii	"\325@\265\275\310\003\365\235\022(\334;t\023\367*\201"
 269      C803F59D 
 269      1228DC3B 
 269      7413F72A 
ARM GAS  C:\Users\8FEE~1\AppData\Local\Temp\ccYB60rB.s 			page 21


 269      81
 270 094f AA145F16 		.ascii	"\252\024_\026\244\005\261\011VG\254\375\355\024\247"
 270      A405B109 
 270      5647ACFD 
 270      ED14A7
 271 095e E9BDBF7D 		.ascii	"\351\275\277}\034\372Nd\244`\230\037\353\374\247d\263"
 271      1CFA4E64 
 271      A460981F 
 271      EBFCA764 
 271      B3
 272 096f A5C427BA 		.ascii	"\245\304'\272&G\331\\\377\266\3779&n^\374\234x\247+"
 272      2647D95C 
 272      FFB6FF39 
 272      266E5EFC 
 272      9C78A72B 
 273 0983 C51E9F64 		.ascii	"\305\036\237d[\220\354\370\"\336\361\257\310\327\365"
 273      5B90ECF8 
 273      22DEF1AF 
 273      C8D7F5
 274 0992 D2185752 		.ascii	"\322\030WRR\2023\346\263\304\224Pv\027\032\233<?\324"
 274      528233E6 
 274      B3C49450 
 274      76171A9B 
 274      3C3FD4
 275 09a5 317F8EC3 		.ascii	"1\177\216\303nw\330c\246\204O\016\215\232\0249\365\363"
 275      6E77D863 
 275      A6844F0E 
 275      8D9A1439 
 275      F5F3
 276 09b7 C81894BF 		.ascii	"\310\030\224\277\232\230\224\350x\325\021;'>&>1.!\305"
 276      9A9894E8 
 276      78D5113B 
 276      273E263E 
 276      312E21C5 
 277 09cb EE88991F 		.ascii	"\356\210\231\037\213\272\022\03516\273cnlJ\202\313\346"
 277      8BBA121D 
 277      3136BB63 
 277      6E6C4A82 
 277      CBE6
 278 09dd FA7281C3 		.ascii	"\372r\201\303\031>O0\251,>\377\015X8\277t\306\330\234"
 278      193E4F30 
 278      A92C3EFF 
 278      0D5838BF 
 278      74C6D89C 
 279 09f1 2E3B9A44 		.ascii	".;\232D\323\346\370\244\005I\311.\032\015\233\353\255"
 279      D3E6F8A4 
 279      0549C92E 
 279      1A0D9BEB 
 279      AD
 280 0a02 F0F008FC 		.ascii	"\360\360\010\374c\266\222\234\221S\247D$9#\346\305&"
 280      63B6929C 
 280      9153A744 
 280      243923E6 
 280      C526
 281 0a14 44508833 		.ascii	"DP\2103b\366G\037N\216\212\2309sz\304{\263>\210\376"
 281      62F6471F 
 281      4E8E8A98 
ARM GAS  C:\Users\8FEE~1\AppData\Local\Temp\ccYB60rB.s 			page 22


 281      39737AC4 
 281      7BB33E88 
 282 0a29 228A3EB2 		.ascii	"\"\212>\262alm\011\011vT\345GQ\361v\303_\336\265\276"
 282      616C6D09 
 282      097654E5 
 282      4751F176 
 282      C35FDEB5 
 283 0a3e 4F7F661A 		.ascii	"O\177f\032f\276\363W\253\341\355\331V+|\012\357\033"
 283      66BEF357 
 283      ABE1EDD9 
 283      562B7C0A 
 283      EF1B
 284 0a50 E3121CB1 		.ascii	"\343\022\034\261\311J\310#\247\330\\&\365\2068\035."
 284      C94AC823 
 284      A7D85C26 
 284      F586381D 
 284      2E
 285 0a61 123DDD4A 		.ascii	"\022=\335J>\230n5\316\372x\326t\353\250\350\331\263"
 285      3E986E35 
 285      CEFA78D6 
 285      74EBA8E8 
 285      D9B3
 286 0a73 66CC986E 		.ascii	"f\314\230n\365\213\376\350\037\263fX\215\037FO\237a"
 286      F58BFEE8 
 286      1FB36658 
 286      8D1F464F 
 286      9F61
 287 0a85 256F5BAD 		.ascii	"%o[\255f\247k>\006\352\263\005\030\034\227\304\271\307"
 287      66A76B3E 
 287      06EAB305 
 287      181C97C4 
 287      B9C7
 288 0a97 DB6D2EBF 		.ascii	"\333m.\277\244\271sQ\213\231\252\264\315\215u\272^\263"
 288      A4B97351 
 288      8B99AAB4 
 288      CD8D75BA 
 288      5EB3
 289 0aa9 B9127E8B 		.ascii	"\271\022~\213`\252q|\305W\350\024\244\032+\204\032?"
 289      60AA717C 
 289      C557E814 
 289      A41A2B84 
 289      1A3F
 290 0abb 88C64A9C 		.ascii	"\210\306J\234\340k\20239\316\015\216\023\002\260\373"
 290      E06B8233 
 290      39CE0D8E 
 290      1302B0FB 
 291 0acb 3439DEE5 		.ascii	"49\336\345\300)\201x?\333\341\302\273\017\223\354\016"
 291      C0298178 
 291      3FDBE1C2 
 291      BB0F93EC 
 291      0E
 292 0adc 537CD27C 		.ascii	"S|\322|\354l\256\337\2519\260a\004>KNJY@\345\2016\333"
 292      EC6CAEDF 
 292      A939B061 
 292      043E4B4E 
 292      4A5940E5 
 293 0af3 DC94C438 		.ascii	"\334\224\3048\233-|\352\324\327\247\230\324\221!n^l"
ARM GAS  C:\Users\8FEE~1\AppData\Local\Temp\ccYB60rB.s 			page 23


 293      9B2D7CEA 
 293      D4D7A798 
 293      D491216E 
 293      5E6C
 294 0b05 B2EED96B 		.ascii	"\262\356\331k\223\"\237\031M\371/{\230lb"
 294      93229F19 
 294      4DF92F7B 
 294      986C62
 295              		.text
 296              		.section	.gnu.lto_.symtab.8abf9633,"",%progbits
 297 0000 70616C52 		.ascii	"palReadBus\000"
 297      65616442 
 297      757300
 298 000b 00       		.ascii	"\000"
 299 000c 00       		.ascii	"\000"
 300 000d 00       		.ascii	"\000"
 301 000e 00000000 		.ascii	"\000\000\000\000\000\000\000\000"
 301      00000000 
 302 0016 0B010000 		.ascii	"\013\001\000\000"
 303 001a 70616C57 		.ascii	"palWriteBus\000"
 303      72697465 
 303      42757300 
 304 0026 00       		.ascii	"\000"
 305 0027 00       		.ascii	"\000"
 306 0028 00       		.ascii	"\000"
 307 0029 00000000 		.ascii	"\000\000\000\000\000\000\000\000"
 307      00000000 
 308 0031 10010000 		.ascii	"\020\001\000\000"
 309 0035 70616C53 		.ascii	"palSetBusMode\000"
 309      65744275 
 309      734D6F64 
 309      6500
 310 0043 00       		.ascii	"\000"
 311 0044 00       		.ascii	"\000"
 312 0045 00       		.ascii	"\000"
 313 0046 00000000 		.ascii	"\000\000\000\000\000\000\000\000"
 313      00000000 
 314 004e 18010000 		.ascii	"\030\001\000\000"
 315 0052 5F70616C 		.ascii	"_pal_lld_setgroupmode\000"
 315      5F6C6C64 
 315      5F736574 
 315      67726F75 
 315      706D6F64 
 316 0068 00       		.ascii	"\000"
 317 0069 02       		.ascii	"\002"
 318 006a 00       		.ascii	"\000"
 319 006b 00000000 		.ascii	"\000\000\000\000\000\000\000\000"
 319      00000000 
 320 0073 1E010000 		.ascii	"\036\001\000\000"
 321              		.text
 322              		.section	.gnu.lto_.opts,"",%progbits
 323 0000 272D666D 		.ascii	"'-fmath-errno' '-fsigned-zeros' '-ftrapping-math' '"
 323      6174682D 
 323      6572726E 
 323      6F272027 
 323      2D667369 
 324 0033 2D666E6F 		.ascii	"-fno-trapv' '-fno-openmp' '-fno-openacc' '-mcpu=cor"
ARM GAS  C:\Users\8FEE~1\AppData\Local\Temp\ccYB60rB.s 			page 24


 324      2D747261 
 324      70762720 
 324      272D666E 
 324      6F2D6F70 
 325 0066 7465782D 		.ascii	"tex-m7' '-mno-thumb-interwork' '-mthumb' '-ggdb' '-"
 325      6D372720 
 325      272D6D6E 
 325      6F2D7468 
 325      756D622D 
 326 0099 4F322720 		.ascii	"O2' '-fomit-frame-pointer' '-falign-functions=16' '"
 326      272D666F 
 326      6D69742D 
 326      6672616D 
 326      652D706F 
 327 00cc 2D666675 		.ascii	"-ffunction-sections' '-fdata-sections' '-fno-common"
 327      6E637469 
 327      6F6E2D73 
 327      65637469 
 327      6F6E7327 
 328 00ff 2720272D 		.ascii	"' '-flto'\000"
 328      666C746F 
 328      2700
 329              		.text
 330              		.comm	__gnu_lto_v1,1,1
 331              		.comm	__gnu_lto_slim,1,1
 332              		.ident	"GCC: (GNU Tools for ARM Embedded Processors 6-2017-q1-update) 6.3.1 20170215 (release) [AR
ARM GAS  C:\Users\8FEE~1\AppData\Local\Temp\ccYB60rB.s 			page 25


DEFINED SYMBOLS
                            *ABS*:00000000 hal_pal.c
                            *COM*:00000001 __gnu_lto_v1
                            *COM*:00000001 __gnu_lto_slim

NO UNDEFINED SYMBOLS
