ARM GAS  C:\Users\8FEE~1\AppData\Local\Temp\cccwTbis.s 			page 1


   1              		.cpu cortex-m7
   2              		.eabi_attribute 20, 1
   3              		.eabi_attribute 21, 1
   4              		.eabi_attribute 23, 3
   5              		.eabi_attribute 24, 1
   6              		.eabi_attribute 25, 1
   7              		.eabi_attribute 26, 1
   8              		.eabi_attribute 30, 2
   9              		.eabi_attribute 34, 1
  10              		.eabi_attribute 18, 4
  11              		.file	"hal_st.c"
  12              		.text
  13              	.Ltext0:
  14              		.section	.gnu.lto_.profile.954795a5,"",%progbits
  15 0000 789C6365 		.ascii	"x\234ce`b`a```d\220\342\001\000\000\300\0003"
  15      60626061 
  15      60606064 
  15      90E20100 
  15      00C00033 
  16              		.text
  17              		.section	.gnu.lto_.icf.954795a5,"",%progbits
  18 0000 789C6365 		.ascii	"x\234ce`bP`@\000V\206\205??\354\345a\274\366\357\375"
  18      60625060 
  18      40005686 
  18      853F3FEC 
  18      E561BCF6 
  19 0016 136EA67D 		.ascii	"\023n\246}\027\036\254ga\276\263\265\373\0203\313\261"
  19      171EAC67 
  19      61BEB3B5 
  19      FB1033CB 
  19      B1
  20 0027 BFE7B7B3 		.ascii	"\277\347\267\2631\000\000\032\271\020\215"
  20      3100001A 
  20      B9108D
  21              		.text
  22              		.section	.gnu.lto_.jmpfuncs.954795a5,"",%progbits
  23 0000 789C6365 		.ascii	"x\234ce`b\020c@\000V\020\301\010\004\365L\014\014\314"
  23      60621063 
  23      40005610 
  23      C10804F5 
  23      4C0C0CCC 
  24 0014 209A0528 		.ascii	" \232\005(\000\000\016\012\0011"
  24      00000E0A 
  24      0131
  25              		.text
  26              		.section	.gnu.lto_.inline.954795a5,"",%progbits
  27 0000 789C6365 		.ascii	"x\234ce`bHe@\000V\006\006\026\036F\240 \003\003\333"
  27      60624865 
  27      40005606 
  27      06161E46 
  27      A0200303 
  28 0015 027910C5 		.ascii	"\002y\020\305\300\310\005\"\030\330X\201\302l\037\364"
  28      C0C80522 
  28      18D85881 
  28      C26C1FF4 
  29 0025 E0E24C0C 		.ascii	"\340\342L\014,\314@!\246\013\374p!fL!\026L!\006\000"
  29      2CCC4021 
ARM GAS  C:\Users\8FEE~1\AppData\Local\Temp\cccwTbis.s 			page 2


  29      A60BFC70 
  29      21664C21 
  29      164C2106 
  30 003a 9CEB0870 		.ascii	"\234\353\010p"
  31              		.text
  32              		.section	.gnu.lto_.pureconst.954795a5,"",%progbits
  33 0000 789C6365 		.ascii	"x\234ce`b\340f```e\220`\224b\222b\226b\221\002\000\004"
  33      6062E066 
  33      60606065 
  33      90609462 
  33      92629662 
  34 0018 1000A2   		.ascii	"\020\000\242"
  35              		.text
  36              		.section	.gnu.lto_stInit.954795a5,"",%progbits
  37 0000 789C254D 		.ascii	"x\234%M\275\016\001a\020\334\371>?\227\210\007\020/"
  37      BD0E0161 
  37      10DCF93E 
  37      3F978807 
  37      102F
  38 0012 80E22E1A 		.ascii	"\200\342.\032\036G\270\206D\"q\372\373PH(hDT'\024\250"
  38      1E47B886 
  38      442271FA 
  38      FB504828 
  38      68445427 
  39 0028 4479DDC5 		.ascii	"Dy\335\305\003(\264T\012\015z\211\270\263\037\223\235"
  39      0328B454 
  39      0A0D7A89 
  39      B8B31F93 
  39      9D
  40 0039 CC667776 		.ascii	"\314fwv6N\202VDT`f\231\220\00419\022u\015\001\350F\031"
  40      364E8256 
  40      44546066 
  40      99900431 
  40      3912750D 
  41 0051 2057C0C5 		.ascii	" W\300\305X\316$\016\203\233/\362k\305\010f\257\214"
  41      58CE240E 
  41      839B2FF2 
  41      6BC50866 
  41      AF8C
  42 0063 DA04F024 		.ascii	"\332\004\360$\321\234\251\2015\362\304\266\353>\234"
  42      D19CA981 
  42      35F2C4B6 
  42      EB3E9C
  43 0072 A613B1FF 		.ascii	"\246\023\261\377\034\033$\300\272;!Pa4P\301e\211(\316"
  43      1C1B24C0 
  43      BA3B2150 
  43      613450C1 
  43      658928CE 
  44 0086 AB2153FF 		.ascii	"\253!S\377\030I\241U\336\321_\274\263\332\257C|\377"
  44      1849A155 
  44      DED15FBC 
  44      B3DAAF43 
  44      7CFF
  45 0098 714EBA1F 		.ascii	"qN\272\037ex\022s\311\011\330\302%\217\275O\364\026"
  45      65781273 
  45      C909D8C2 
  45      258FBD4F 
ARM GAS  C:\Users\8FEE~1\AppData\Local\Temp\cccwTbis.s 			page 3


  45      F416
  46 00aa 51EAE7D3 		.ascii	"Q\352\347\323\030\362\222\317\005Q\3164\255\177\331"
  46      18F292CF 
  46      0551CE34 
  46      AD7FD9
  47 00b9 F546ADD1 		.ascii	"\365F\255\321r\212\345\222\325r\254z\265i9m[k\305\351"
  47      728AE592 
  47      D572AC7A 
  47      B569396D 
  47      5B6BC5E9 
  48 00cd 98367D01 		.ascii	"\2306}\0018\276D\011"
  48      38BE4409 
  49              		.text
  50              		.section	.gnu.lto_stStartAlarm.954795a5,"",%progbits
  51 0000 789C9D52 		.ascii	"x\234\235RKhSA\024\235\363&}\011A\353R\301,\272\260"
  51      4B685341 
  51      149DF326 
  51      7D0941EB 
  51      52C12CBA 
  52 0015 D42AE411 		.ascii	"\324*\344\021\013\352\312\225\010B\273\262\373\322F"
  52      0BEACA95 
  52      0842BBB2 
  52      FBD246
  53 0024 218148A4 		.ascii	"!\201H\244/ti\247!\261\230\372Cik\212\345\005\242\244"
  53      2F7469A7 
  53      21B198FA 
  53      43696B8A 
  53      E505A2A4 
  54 0038 8DA6495A 		.ascii	"\215\246IZ\255\215V\014Ap\325\372\333*\004KK\205\010"
  54      AD8D560C 
  54      4170D5FA 
  54      DB2A044B 
  54      4B8508
  55 004b 7E821F84 		.ascii	"~\202\037\204\326;\223\247\324\215\210\303\2337s\357"
  55      D63B93A7 
  55      D48D88C3 
  55      9B3773EF 
  56 005b 9C7BEEB9 		.ascii	"\234{\356\271w\246\211i\254\24416\300\030\333M\023\234"
  56      77A68969 
  56      ACA43136 
  56      C018DB4D 
  56      139C
  57 006d 41BBB2CC 		.ascii	"A\273\262\314\330\220K\003\344F\270\300\0065\014\342"
  57      D8904B03 
  57      E446B8C0 
  57      06350CE2 
  58 007d 321FE7A8 		.ascii	"2\037\347\250\014\257\225\264\366\214\240Q\036_\320"
  58      0CAF95B4 
  58      F68CA051 
  58      1E5FD0
  59 008c CF89F82E 		.ascii	"\317\211\370.\2133\226\244)\0072h'\324\213X\341\006"
  59      8B3396A4 
  59      29073268 
  59      27D48B58 
  59      E106
  60 009e BFC42D0E 		.ascii	"\277\304-\0168\310\374\2704\261\322,M\015-d\376\310"
  60      38C8FCB8 
ARM GAS  C:\Users\8FEE~1\AppData\Local\Temp\cccwTbis.s 			page 4


  60      34B1D22C 
  60      4D0D2D64 
  60      FEC8
  61 00b0 165EEFE0 		.ascii	"\026^\357\340\373\301h\277\376\270z\025m\267\204\210"
  61      FBC168BF 
  61      FEB87A15 
  61      6DB78488 
  62 00c0 8A72ED1A 		.ascii	"\212r\355\032\027{,\316\221\005'BL\303\203)x\030\271"
  62      177B2CCE 
  62      91052742 
  62      4CC38329 
  62      7818B9
  63 00d3 186EA34D 		.ascii	"\030n\243M\342\337\0267F\267\353\216\364\257\234\270"
  63      E2DF1637 
  63      46B7EB8E 
  63      F4AF9CB8 
  64 00e3 031DB4E6 		.ascii	"\003\035\264\346_\242,66\207E\271~\023\257\216\351$"
  64      5FA22C36 
  64      368745B9 
  64      7E13AF8E 
  64      E924
  65 00f5 5E46B004 		.ascii	"^F\260\004\201d\025#\\\223+_\205&i\316\227\023O\334"
  65      81641523 
  65      5C932B5F 
  65      852669CE 
  65      97134FDC 
  66 0109 BC4349B0 		.ascii	"\274CI\260\262\3635\264\246\225\204\265\344\266\244"
  66      B2F335B4 
  66      A69584B5 
  66      E4B6A4
  67 0118 28C75AA4 		.ascii	"(\307Z\244\212\334\237*Ty3h\235$\246w\250L|\377V\033"
  67      8ADC9F2A 
  67      54793368 
  67      9D24A677 
  67      A84C7CFF 
  68 012e 3DFC5B51 		.ascii	"=\374[Q\254\321\221\347:\227\030%+\311\261E1C\036:1"
  68      ACD191E7 
  68      3A971825 
  68      2BC9B145 
  68      31431E3A 
  69 0143 14A09373 		.ascii	"\024\240\223s,^y\346\224\035q(\314r\356\353\007w\303"
  69      2C5E79E6 
  69      941D7128 
  69      CC72EEEB 
  69      0777C3
  70 0156 943CB267 		.ascii	"\224<\262g\351\231/O]\026&a\361&\314\222\206\242\324"
  70      E9992F4F 
  70      5D162661 
  70      F126CC92 
  70      86A2D4
  71 0169 4007D9A5 		.ascii	"@\007\331\245\372g\247\221\023\261!Q]\231\333\371\211"
  71      FA67A791 
  71      13B12151 
  71      5D99DBF9 
  71      89
  72 017a A274CCC1 		.ascii	"\242t\314\301\302u*U%!\320\346X\361\215\356\313KPj\226"
  72      C2752A55 
ARM GAS  C:\Users\8FEE~1\AppData\Local\Temp\cccwTbis.s 			page 5


  72      2521D0E6 
  72      58F18DEE 
  72      CB4B506A 
  73 018f 289CB80B 		.ascii	"(\234\270\013\003\373<6\002\367\340\263\353\250\257"
  73      03FB3C36 
  73      02F7E0B3 
  73      EBA8AF
  74 019e 2FC69B6D 		.ascii	"/\306\233mU\377\2223uV\262\315\253|\260\331\356\303"
  74      55FF9233 
  74      7556B2CD 
  74      AB7CB0D9 
  74      EEC3
  75 01b0 D85A9393 		.ascii	"\330Z\223\223\374\013\024\251\330\037\375\007{I\261"
  75      FC0B14A9 
  75      D81FFD07 
  75      7B49B1
  76 01bf 6B36FB03 		.ascii	"k6\373\003\305\276h]\230v7\3305<\244\310UD\253#S~\365"
  76      C5BE685D 
  76      987637D8 
  76      353CA4C8 
  76      5544AB23 
  77 01d6 0064CBD9 		.ascii	"\000d\313\331{DS\231\213\220\016uY\011\322GWN\217{\257"
  77      7B445399 
  77      8B900E75 
  77      5909D247 
  77      574E8F7B 
  78 01eb D76B343E 		.ascii	"\327k4>\177 \330\027\014\233\276C\007\215\260i\004z"
  78      7F20D817 
  78      0C9BBE43 
  78      078DB069 
  78      047A
  79 01fd 4386D9EF 		.ascii	"C\206\331\357\227k\217\031\361\372\231\263\267\317\214"
  79      976B8F19 
  79      F1FA99B3 
  79      B7CF8C
  80 020c 044F9F72 		.ascii	"\004O\237r\310\337\221\277D\235\011\367GL\343DwW\307"
  80      C8DF91BF 
  80      449D09F7 
  80      474CE344 
  80      7757C7
  81 021f 01A3B3F3 		.ascii	"\001\243\263\363\250\321}\274k\300g\363\364\204B'\275"
  81      A8D17DBC 
  81      6BC067F3 
  81      F4844227 
  81      BD
  82 0230 01F6132F 		.ascii	"\001\366\023/S\006N"
  82      53064E
  83              		.text
  84              		.section	.gnu.lto_stStopAlarm.954795a5,"",%progbits
  85 0000 789C7D50 		.ascii	"x\234}P1HBQ\024\275\347=\373J\320^\344\326\222\313\177"
  85      31484251 
  85      14BDE73D 
  85      FB4AD05E 
  85      E4D692CB 
  86 0015 58505B53 		.ascii	"XP[S\004\201M\271K\331\240 \030~i\365\033\232\240P-"
  86      04814DB9 
  86      4BD9A020 
ARM GAS  C:\Users\8FEE~1\AppData\Local\Temp\cccwTbis.s 			page 6


  86      187E69F5 
  86      1B9AA050 
  87 002a 690EF107 		.ascii	"i\016\361\007\007\313Ri\014\012D\202\246\014Z[\244!"
  87      07CB5269 
  87      0C0A4482 
  87      A60C5A5B 
  87      A421
  88 003c 6888C2A4 		.ascii	"h\210\302\244\204\300z\357\033\341\324\345]\356}\367"
  88      84C07AEF 
  88      1BE1D4E5 
  88      5DEE7DF7 
  89 004c 9E7BCE7D 		.ascii	"\236{\316}o\204\030\351 \012\023\321\244tp\002\333o"
  89      6F8418E9 
  89      200A13D1 
  89      A4747002 
  89      DB6F
  90 005e 11255D0C 		.ascii	"\021%]\014P\211\351\002%\030\022\330\343\005\216f\346"
  90      5089E902 
  90      251812D8 
  90      E3058E66 
  90      E6
  91 006f E98279CA 		.ascii	"\351\202y\312\246\264F\241\253\355\230\351q\213\023"
  91      A6B446A1 
  91      ABED98E9 
  91      718B13
  92 007e 15A52B43 		.ascii	"\025\245+C\031\036\222\260\307\363\376\301\230\346\030"
  92      191E92B0 
  92      C7F3FEC1 
  92      98E618
  93 008d D4710C4D 		.ascii	"\324q\014MJP\375\036\015\263\377\2351\033\327%|-\311"
  93      4A50FD1E 
  93      0DB3FF9D 
  93      311BD725 
  93      7C2DC9
  94 00a0 5656BAD2 		.ascii	"VV\272\322\310q\246\"\177F\263\333{\270\314\353\177"
  94      C871A622 
  94      7F46B3DB 
  94      7BB8CCEB 
  94      7F
  95 00b1 14A98152 		.ascii	"\024\251\201RO\3436M\221c\230\036'\320$\177\005\232"
  95      4FE3364D 
  95      9163981E 
  95      27D0247F 
  95      059A
  96 00c3 2CE6D3CD 		.ascii	",\346\323\315;\347.\2678lL\253\372\3716:\270*\016\207"
  96      3BE72EB7 
  96      386C4CAB 
  96      FAF9363A 
  96      B82A0E87 
  97 00d7 2C956A1F 		.ascii	",\225j\0377.\013G\2608\303\031\3348\205\233\024\266"
  97      372E0B47 
  97      B038C319 
  97      DC38859B 
  97      14B6
  98 00e9 72DB7D77 		.ascii	"r\333}w\212\252\231J\232\355\327\316DGNqTa\341P.h\213"
  98      8AAA994A 
  98      9AEDD7CE 
ARM GAS  C:\Users\8FEE~1\AppData\Local\Temp\cccwTbis.s 			page 7


  98      44474E71 
  98      5461E150 
  99 0100 A00631AC 		.ascii	"\240\0061\254!\367@]N\277`\273\235\273\232R\273\331"
  99      21F7405D 
  99      4EBF60BB 
  99      9DBB9A52 
  99      BBD9
 100 0112 1F90950D 		.ascii	"\037\220\225\015\371\022F4\255\353bp\202\241\360z8j"
 100      F9124634 
 100      ADEB6270 
 100      82A1F07A 
 100      386A
 101 0124 78E7E744 		.ascii	"x\347\347D\324\020\241\265\2100bA\025\003F\\\017\322"
 101      D410A1B5 
 101      88306241 
 101      1503465C 
 101      0FD2
 102 0136 C23FC0CD 		.ascii	"\302?\300\315h,n\210U\377\312\354\214\360\371\026\205"
 102      682C6E88 
 102      55FFCAEC 
 102      8CF0F916 
 102      85
 103 0147 7F7965CB 		.ascii	"\177ye\313\373;\032\210D6\364\020\375\000\317)\207\031"
 103      FB3B1A88 
 103      4436F410 
 103      FD00CF29 
 103      8719
 104              		.text
 105              		.section	.gnu.lto_stSetAlarm.954795a5,"",%progbits
 106 0000 789C7D90 		.ascii	"x\234}\220Oh\023A\024\306\337\267\223\356\206\342\237"
 106      4F681341 
 106      14C6DFB7 
 106      93EE86E2 
 106      9F
 107 0011 AB60841E 		.ascii	"\253`\204\036,\265\012YbA=y\022DhO\366^\332($\020\211"
 107      2CB50A59 
 107      62413D79 
 107      1244684F 
 107      F65EDA28 
 108 0028 744BAF9D 		.ascii	"tK\257\235\206\324b\012U\024\033S\014[\210R\215M\223"
 108      86D4620A 
 108      55141B53 
 108      0C5B8852 
 108      8D4D93
 109 003b B42A8A07 		.ascii	"\264*\212\007\227 zjE\317\021\202\265\242`\301\177X"
 109      97207A6A 
 109      45CF1182 
 109      B5A260C1 
 109      7F58
 110 004d 456C7D6F 		.ascii	"El}oSE/\016;;\363\336|\363\315\357\275\0262\350'\210"
 110      53452F0E 
 110      3B3BF3DE 
 110      7CF3CDEF 
 110      BD1632E8 
 111 0063 86896837 		.ascii	"\206\211h7O(\202qq\231h4h\000\262\321A\320\210\201\021"
 111      4F288271 
 111      71996834 
ARM GAS  C:\Users\8FEE~1\AppData\Local\Temp\cccwTbis.s 			page 8


 111      6800B2D1 
 111      41D08881 
 112 0078 5C505985 		.ascii	"\\PY\205\332\370\233\007F\347\254\346\341e+\3269=\266"
 112      DAF89B07 
 112      46E7ACE6 
 112      E1652BD6 
 112      393DB6
 113 008b CB554439 		.ascii	"\313UD9\23620\213NV=OW\256\251I\345* \300\341\307\245"
 113      9E32308B 
 113      4E563D4F 
 113      57AEA949 
 113      E52A20C0 
 114 00a2 E9951D12 		.ascii	"\351\225\035\022\032h\343\360G\261R\337\251\016\200"
 114      1A68E3F0 
 114      47B152DF 
 114      A90E80
 115 00b1 78FFF651 		.ascii	"x\377\366Q\343\022:nh\235\322^\375\262\322{]\245P\204"
 115      E3123A6E 
 115      689DD25E 
 115      FDB2D27B 
 115      5DA55084 
 116 00c5 6243DC42 		.ascii	"bC\334B\0107\021\"N\021n\243C\364\257\252\033W\266\233"
 116      08371122 
 116      4E116EA3 
 116      43F4AFAA 
 116      1B57B69B 
 117 00d9 81C2EF37 		.ascii	"\201\302\35771\007\223\361\251\374\002\236\336\330\034"
 117      310793F1 
 117      A9FC029E 
 117      DED81C
 118 00e8 D7DEEBEB 		.ascii	"\327\336\353\353xx<\300\360r\2032,\222*&\224!\253Z\205"
 118      78783CC0 
 118      F0728332 
 118      2C922A26 
 118      9421AB5A 
 119 00fd 2136E7BD 		.ascii	"!6\347\275\314\343V\325\345#\270\305{\357\321^\360\021"
 119      CCE356D5 
 119      E523B8C5 
 119      7BEFD15E 
 119      F011
 120 010f 9EE4B7E5 		.ascii	"\236\344\267\345\264\227n\023\212\322\277\024~y\363"
 120      B4976E13 
 120      8AD2BF14 
 120      7E79F3
 121 011e 68CFB3D3 		.ascii	"h\317\263\323;\324\246\277\177\233\313\036\371C\224"
 121      3BD4A6BF 
 121      7F9BCB1E 
 121      F94394
 122 012d 6E76E4BE 		.ascii	"nv\344\276\245D\343c\345\024\376\"&\224a\262C\005&'"
 122      A544E363 
 122      E514FE22 
 122      269461B2 
 122      43052627 
 123 0141 A7C66ACF 		.ascii	"\247\306j\317,\351H\300\327,\227\326?\2646C\361\221"
 123      2CE948C0 
 123      D72C97D6 
 123      3FB43643 
ARM GAS  C:\Users\8FEE~1\AppData\Local\Temp\cccwTbis.s 			page 9


 123      F191
 124 0153 9E15E6BF 		.ascii	"\236\025\346\277>\015\272\310\303U-X`\206\2520\360A"
 124      3E0DBAC8 
 124      C3552D58 
 124      6086AA30 
 124      F041
 125 0165 71E9CB67 		.ascii	"q\351\313g\313.\351\364\250n\254,\356\371\304\267L,"
 125      CB2EE9F4 
 125      A86EAC2C 
 125      EEF9C4B7 
 125      4C2C
 126 0177 C2C5552E 		.ascii	"\302\305U.\325\177\204E\233S\325\227f\244,\242\231\005"
 126      D57F8445 
 126      9B53D597 
 126      66A42CA2 
 126      9905
 127 0189 B6B07007 		.ascii	"\266\260p\0076\366\207\266\024\270\213\210\324\261\212"
 127      36F687B6 
 127      14B88B88 
 127      D4B18A
 128 0198 5463A21E 		.ascii	"Tc\242\036\365\233(\330\264\206\324\314\372$$\341\027"
 128      F59B28D8 
 128      B486D4CC 
 128      FA2424E1 
 128      17
 129 01a9 9CE11AB8 		.ascii	"\234\341\032\270m\006\321\276p\330n~\321X| \236t\"\207"
 129      6D06D1BE 
 129      70D86E7E 
 129      D1587C20 
 129      9E742287 
 130 01bd 0FD949C7 		.ascii	"\017\331I\307\216\365'lg0*k\2373\024\216\222\325?\340"
 130      8EF5276C 
 130      67302A6B 
 130      9F33148E 
 130      92D53FE0 
 131 01d1 0CC5CF9C 		.ascii	"\014\305\317\234\016\310\357\350\177n\235M\016\0169"
 131      0EC8EFE8 
 131      7F6E9D4D 
 131      0E0E39
 132 01e0 F6C9DE9E 		.ascii	"\366\311\336\236\256\203vw\3671\273\367D\317pd\313\247"
 132      AE837677 
 132      F731BBF7 
 132      44CF7064 
 132      CBA7
 133 01f2 2F913815 		.ascii	"/\2218\025\216\321/L \311\254"
 133      8ED12F4C 
 133      20C9AC
 134              		.text
 135              		.section	.gnu.lto_stGetAlarm.954795a5,"",%progbits
 136 0000 789C7D8F 		.ascii	"x\234}\217\315+\204Q\024\306\317\363\336\361\276C\361"
 136      CD2B8451 
 136      14C6CFF3 
 136      DEF1BE43 
 136      F1
 137 0011 0730C512 		.ascii	"\0070\305\022\213\271\015\305\316JI\2612{1\026355\362"
 137      8BB90DC5 
 137      CE4A49B1 
ARM GAS  C:\Users\8FEE~1\AppData\Local\Temp\cccwTbis.s 			page 10


 137      327B3116 
 137      333535F2 
 138 0025 CAD6A591 		.ascii	"\312\326\245\221P\210\030\014\275j\026>\307\030K\013"
 138      5088180C 
 138      BD6A163E 
 138      C7184B0B 
 139 0035 4D2CAC7C 		.ascii	"M,\254|n\245\204\215\205|\346#\302\271C\262r\273\267"
 139      6EA5848D 
 139      857CE623 
 139      C2B943B2 
 139      72BBB7
 140 0048 7BCF39BF 		.ascii	"{\3179\277{\316\363\344\220A\021\020\205\210\250\210"
 140      7BCEF3E4 
 140      90411110 
 140      8588A888 
 141 0058 0F04C118 		.ascii	"\017\004\301\030\335'\352q\033\200~(7\250\333@7FDL\340"
 141      DD27EA71 
 141      1B807E28 
 141      37A8DB40 
 141      3746444C 
 142 006d 28BA3E2B 		.ascii	"(\272>+\206\205\303\230\213\303\273\275\231\213\002"
 142      8685C398 
 142      8BC3BBBD 
 142      998B02
 143 007c 1D02251C 		.ascii	"\035\002%\034\306\325\361\200U\266\240T\257\312\304"
 143      C6D5F180 
 143      55B6A054 
 143      AFCAC4
 144 008b 6EADF8C6 		.ascii	"n\255\370\306\241\312u\204A\323\214/\302\203\005x\364"
 144      A1CA7584 
 144      41D38C2F 
 144      C2830578 
 144      F4
 145 009c 8C259411 		.ascii	"\214%\224\021\323\347\351\217\211|\323\225\020\244\001"
 145      D3E7E98F 
 145      897CD395 
 145      10A401
 146 00ab CE2FC364 		.ascii	"\316/\303d)\224:FF}|\366\253\314e\002ou\374\337\021"
 146      29943A46 
 146      467D7CF6 
 146      ABCC6502 
 146      6F75FCDF 
 147 00c0 5C1FE4A3 		.ascii	"\\\037\344\243\005\015q\202oq\205\355\255\327\223\367"
 147      050D7182 
 147      6F7185ED 
 147      ADD793F7 
 148 00d0 58E16FAB 		.ascii	"X\341o\253\250\342\225\031\177\261\262\255\246\005\376"
 148      A8E29519 
 148      7FB1B2AD 
 148      A605FE
 149 00df 4C21ACC0 		.ascii	"L!\254\300\344\031\2530\347\204\301\371\311\276\355"
 149      E419AB30 
 149      E784C1F9 
 149      C9BEED
 150 00ee 034B4B77 		.ascii	"\003KKwe\261\375\344\363m\336w\250\273hs\211\265\247"
 150      65B1FDE4 
 150      F36DDE77 
ARM GAS  C:\Users\8FEE~1\AppData\Local\Temp\cccwTbis.s 			page 11


 150      A8BB6873 
 150      89B5A7
 151 0101 5DB78339 		.ascii	"]\267\20398\"\007k,?\251\345say\357\361\301\222I\025"
 151      3822076B 
 151      2C3FA9E5 
 151      736179EF 
 151      F1C19249 
 152 0116 ED516737 		.ascii	"\355Qg7\367\305c\354\321D\012\016\246Xbv\016C\237\223"
 152      F7C563EC 
 152      D1440A0E 
 152      A6586276 
 152      0E439F93 
 153 012a E953D397 		.ascii	"\351S\323\227\322\320\374\246\341\010\013\353\220(\367"
 153      D2D0FCA6 
 153      E1080BEB 
 153      9028F7
 154 0139 FC1048C3 		.ascii	"\374\020H\303G\327\350=\033z\3371\265\\V\305\336\331"
 154      47D7E83D 
 154      1B7ADF31 
 154      B55C56C5 
 154      DED9
 155 014b 25B43B7E 		.ascii	"%\264;~\227z\275\362{\007\202\241\326P\304\366UW\311"
 155      977ABDF2 
 155      7B0782A1 
 155      D650C4F6 
 155      5557C9
 156 015e 882D832D 		.ascii	"\210-\203-aiw\004\364\335lwz\003T\363\017\330\036\351"
 156      61697704 
 156      F4DD6C77 
 156      7A0354F3 
 156      0FD81EE9 
 157 0172 E8B46593 		.ascii	"\350\264e\223\277\261\262B64\324J\177}c\227\357\347"
 157      BFB1B242 
 157      3634D44A 
 157      7F7D6397 
 157      EFE7
 158 0184 6B7338DC 		.ascii	"ks8\334\346\015\322\027\331\177\233\275"
 158      E60DD217 
 158      D97F9BBD 
 159              		.text
 160              		.section	.gnu.lto_.symbol_nodes.954795a5,"",%progbits
 161 0000 789C55C8 		.ascii	"x\234U\310A\015\200@\014\005\321\331\277\324\027\210"
 161      410D8040 
 161      0C05D1D9 
 161      BFD41788 
 162 0010 E2DC9580 		.ascii	"\342\334\225\200\005`A\004\"\320\200\022B\303\255s\231"
 162      05604104 
 162      22D08012 
 162      42C3AD73 
 162      99
 163 0021 E4196226 		.ascii	"\344\031b&\322*\207\345\206\330\325\246\220M^\262\354"
 163      D22A87E5 
 163      86D8D5A6 
 163      904D5EB2 
 163      EC
 164 0032 7265E9F2 		.ascii	"re\351\362\232\345\220\017I\312)\267_\240\265\021*F"
 164      9AE5900F 
ARM GAS  C:\Users\8FEE~1\AppData\Local\Temp\cccwTbis.s 			page 12


 164      49CA29B7 
 164      5FA0B511 
 164      2A46
 165 0044 7FDEC207 		.ascii	"\177\336\302\007\335y\035S"
 165      DD791D53 
 166              		.text
 167              		.section	.gnu.lto_.refs.954795a5,"",%progbits
 168 0000 789C6365 		.ascii	"x\234ce`b`d\000\002\000\000I\000\011"
 168      60626064 
 168      00020000 
 168      490009
 169              		.text
 170              		.section	.gnu.lto_.decls.954795a5,"",%progbits
 171 0000 789CBD57 		.ascii	"x\234\275WkLTI\026\276\347V\203\320\2008\2551n\326\335"
 171      6B4C5449 
 171      16BEE756 
 171      83D08038 
 171      AD316ED6 
 172 0015 250603D9 		.ascii	"%\006\003\3318 \272\321u7kt\320uL\306\231M\353N\366"
 172      3820BAD1 
 172      75376B74 
 172      D0754CC6 
 172      994DEB4E 
 173 002a 07930E4A 		.ascii	"\007\223\016J\317H\302\303\241\333\331L\262\311\\\001"
 173      CF48C2C3 
 173      A1DBD94C 
 173      B2C95C01 
 174 003a 15195FA8 		.ascii	"\025\031_\250\240\240\016\017\225\307\200\362\360\211"
 174      A0A00E0F 
 174      95C780F2 
 174      F089
 175 0048 F8684111 		.ascii	"\370hA\021\021\024q\024\021\024|\213:\250\370B\034\207"
 175      11147114 
 175      11147C8B 
 175      3AA8F842 
 175      1C87
 176 005a 3DF5B8DC 		.ascii	"=\365\270\334\353\265qg\177\354\336t\335\252S\365\235"
 176      EBB57167 
 176      7FECDE74 
 176      DDAA53F5 
 176      9D
 177 006b EF9C3AA7 		.ascii	"\357\234:\247\352V\265\207$K\225\357I\322\010\"I\333"
 177      EA56B587 
 177      244B95EF 
 177      49D20822 
 177      49DB
 178 007d 4192FAF1 		.ascii	"A\222\372\361\361\224$i\247\244=T\336\205\345(\226c"
 178      F1942469 
 178      A7A43D54 
 178      DE85E528 
 178      9663
 179 008f 586AB0D4 		.ascii	"Xj\260\324b\251\223\336~>C\016\244\222>\305rJ\307#\013"
 179      62A993DE 
 179      7E3E430E 
 179      A4923EC5 
 179      724AC723 
 180 00a4 0E773ADF 		.ascii	"\016w:\337\240\216\227\320\261`\031\201\245\012\213"
ARM GAS  C:\Users\8FEE~1\AppData\Local\Temp\cccwTbis.s 			page 13


 180      A08E97D0 
 180      B1601981 
 180      A50A8B
 181 00b3 1FF6FB62 		.ascii	"\037\366\373b\271\202\355\263\022\347\365F\271\017\353"
 181      B982EDB3 
 181      12E7F546 
 181      B90FEB
 182 00c2 D78293FA 		.ascii	"\327\202\223\372\344\217}\370\223~\013o\362&\241l\022"
 182      E48F7DF8 
 182      937E0B6F 
 182      F226A16C 
 182      12
 183 00d3 BC2A17E5 		.ascii	"\274*\027\345\001\235>\235O\200A\217>\313\177\241O "
 183      019D3E9D 
 183      4F80418F 
 183      3ECB7FA1 
 183      4F20
 184 00e5 7C92455C 		.ascii	"|\222E\\\306\010_~o\340\\%\370\364\\A\377\201\217\306"
 184      C6085F7E 
 184      6FE05C25 
 184      F8F45C41 
 184      FF818FC6 
 185 00f9 789CE00B 		.ascii	"x\234\340\0131\360m$\260o\325\361\303\362Uh\007\304"
 185      31F06D24 
 185      B06FD5F1 
 185      C3F25568 
 185      07C4
 186 010b C230D60B 		.ascii	"\3020\326\013\300\337\300\012\023\373\325\007\200\365"
 186      C0DFC00A 
 186      13FBD507 
 186      80F5
 187 0119 63AF2C09 		.ascii	"c\257,\011R\265\013T\015!\313B\224\005%\373\011e\320"
 187      52B50B54 
 187      0D21CB42 
 187      940525FB 
 187      0965D0
 188 012c 31F2616E 		.ascii	"1\362anI}\370\034x\203\251\251\332 k\006\000\364\012"
 188      497DF81C 
 188      7883A9A9 
 188      DA206B06 
 188      00F40A
 189 013f 3A42EEB6 		.ascii	":B\356\266\030\037\360O\322&\007\352\354\037g6\3346"
 189      181FF04F 
 189      D22607EA 
 189      EC1F6736 
 189      DC36
 190 0151 77C015DA 		.ascii	"w\300\025\332\2333\015X\337\362\212\356\016\017\"\003"
 190      9B330D58 
 190      DFF28AEE 
 190      0E0F2203 
 191 0161 6D77BC2C 		.ascii	"mw\274,\374kH\211\302\037\257_ia;\321\377\302\345\277"
 191      FC6B4889 
 191      C21FAF5F 
 191      69613BD1 
 191      FFC2E5BF 
 192 0175 9A80C50C 		.ascii	"\232\200\305\0142\212\315\217\032\266\372\2408\302\014"
 192      328ACD8F 
ARM GAS  C:\Users\8FEE~1\AppData\Local\Temp\cccwTbis.s 			page 14


 192      1AB6FAA0 
 192      38C20C
 193 0184 C350EC5D 		.ascii	"\303P\354]r\341\230yT\006\323JR\206\311\360\351H(\201"
 193      72E19879 
 193      5406D34A 
 193      5286C9F0 
 193      E9482881 
 194 0198 D1500CA3 		.ascii	"\321P\014\243\321\370N\030\205\357\371&\316\344J\\\277"
 194      D1F84E18 
 194      85EFF926 
 194      CEE44A5C 
 194      BF
 195 01a9 73C8981C 		.ascii	"s\310\230\034%\247Sq\265$\376.#I)D\255\000\212\202\""
 195      25A75371 
 195      B524FE2E 
 195      23492944 
 195      AD008A82 
 196 01be 20F03D84 		.ascii	" \360=\204P\217\261\211\357B\350\000(\200\2538\237]"
 196      508FB189 
 196      EF42E800 
 196      2880AB38 
 196      9F5D
 197 01d0 3006B593 		.ascii	"0\006\265\223J.\247z\220?3g\257\324\025\025\023t\"\310"
 197      4A2EA77A 
 197      903F3367 
 197      AFD41515 
 197      137422C8 
 198 01e4 0C340EFE 		.ascii	"\0144\016\376\330U\372\240\362\245\037\357\242\210\346"
 198      D855FAA0 
 198      F2A51FEF 
 198      A288E6
 199 01f3 353DDB87 		.ascii	"5=\333\207\220\017Y\373\\r\331\026\302g`\242\221h\314"
 199      900F59FB 
 199      5C72D916 
 199      C26760A2 
 199      9168CC
 200 0206 BA3194CF 		.ascii	"\2721\224\317 `#\2213\353[\252M\020l\316\247SpudM\315"
 200      20602391 
 200      33EB5BAA 
 200      4D106CCE 
 200      A7537075 
 201 021d ECA14EED 		.ascii	"\354\241N\355\0033ThN\005\231\361\235\242(\211\312\332"
 201      03335468 
 201      4E0599F1 
 201      9DA22889 
 201      CADA
 202 022f 24C5FB43 		.ascii	"$\305\373C\011\366\340$w\343$a/\004S\243\024\007\345"
 202      09F6E024 
 202      77E32461 
 202      2F0453A3 
 202      1407E5
 203 0242 D859869D 		.ascii	"\330Y\206\235h\245h{Z\236'i\002\352\201\\{\244\355\222"
 203      68A5687B 
 203      5A9E2769 
 203      02EA815C 
 203      7BA4ED92 
 204 0256 09CCC16E 		.ascii	"\011\314\301n\011*\335\020pg\316V\215\251]\252(2\034"
ARM GAS  C:\Users\8FEE~1\AppData\Local\Temp\cccwTbis.s 			page 15


 204      092ADD10 
 204      7067CE56 
 204      8DA95DAA 
 204      28321C
 205 0269 4067F66B 		.ascii	"@g\366k\316\240o<\242k\366\266\375\344ON\263\014\312"
 205      CEA06F3C 
 205      A26BF6B6 
 205      FDE44F4E 
 205      B30CCA
 206 027c 59A5B94F 		.ascii	"Y\245\271O\310`F\016\015j\344\341\345q\371\314H\025"
 206      C860460E 
 206      0D6AE4E1 
 206      E571F9CC 
 206      4815
 207 028e 1A39A819 		.ascii	"\0329\250\0319\240\0329\222\335\273G6\321MC\021\230"
 207      39A01A39 
 207      92DDBB47 
 207      36D14D43 
 207      1198
 208 02a0 4CECABAB 		.ascii	"L\354\253\253\354\273I\006M\373\021\226\366\303 \362"
 208      ECBB4906 
 208      4DFB1196 
 208      F6C320F2 
 209 02b0 BE36B742 		.ascii	"\2766\267B\2211\357\235,\357A\327*\024\005\015*&\212"
 209      9131EF9D 
 209      2CEF41D7 
 209      2A14050D 
 209      2A268A
 210 02c3 8352CD62 		.ascii	"\203R\315b\2511\361GY\342O\275\252\030J\226\022\226"
 210      A931F147 
 210      59E24FBD 
 210      AA184A96 
 210      1296
 211 02d5 CAC3C567 		.ascii	"\312\303\305g?\023L\315\277\316T\\\211\012\365\234."
 211      3F134CCD 
 211      BFCE545C 
 211      890AF59C 
 211      2E
 212 02e6 2097C6E3 		.ascii	" \227\306\3432\362\034c<\353v\277\310\366 i\234\250"
 212      32F21C63 
 212      3CEB76BF 
 212      C8F62069 
 212      9CA8
 213 02f8 61FFDD16 		.ascii	"a\377\335\026O\301T\375\233\001&\352Q\265\306Tmd\252"
 213      4FC154FD 
 213      9B0126EA 
 213      51B5C654 
 213      6D64AA
 214 030b 614C254F 		.ascii	"aL%O\233*\374\310\026\316t\243\354\314\035Y\037\012"
 214      9B2AFCC8 
 214      16CE74A3 
 214      ECCC1D59 
 214      1F0A
 215 031d 1A252D16 		.ascii	"\032%-\026'\336\330\002\245\345;&\013\253\265\331#\323"
 215      27DED802 
 215      A5E53B26 
 215      0BABB5D9 
ARM GAS  C:\Users\8FEE~1\AppData\Local\Temp\cccwTbis.s 			page 16


 215      23D3
 216 032f D41D8020 		.ascii	"\324\035\200 8\256\231=n4[\313\314>^\3710\307\237\024"
 216      38AE993D 
 216      6E345BCB 
 216      CC3E5EF9 
 216      30C79F14 
 217 0343 70B3D9BB 		.ascii	"p\263\331\273W\257\361\243Tt\321v\217\313.\273\251\244"
 217      57AFF1A3 
 217      5474D176 
 217      8FCB2EBB 
 217      A9A4
 218 0355 98D98E83 		.ascii	"\230\331\216\203\223\032\323I\312D\033u\214\241\243"
 218      931AD349 
 218      CA441B75 
 218      8CA1A3
 219 0364 B7E5AAAF 		.ascii	"\267\345\252\257o\352\300\002apu\215Hp\012|UEl\"~\377"
 219      6FEAC002 
 219      6170758D 
 219      48700A7C 
 219      55456C22 
 220 037a B5F4A3DE 		.ascii	"\265\364\243\336|\347\\\242F\263\252\236\326{p\331\213"
 220      7CE75CA2 
 220      46B3AA9E 
 220      D67B70D9 
 220      8B
 221 038b 0E7717EF 		.ascii	"\016w\027\357\367\343;\311E\207\317\337\316M\366\345"
 221      F7E33BC9 
 221      4587CFDF 
 221      CE4DF6E5 
 222 039b C34D54AE 		.ascii	"\303MT\256\271x\362\221\211\364p\207SJV\327\020s\012"
 222      B978F291 
 222      89F47087 
 222      534A56D7 
 222      10730A
 223 03ae 0DD22FD9 		.ascii	"\015\322/\331\0014G\015\257\032=H/W\377\366\304\336"
 223      0134470D 
 223      AF1A3D48 
 223      2F57FFF6 
 223      C4DE
 224 03c0 5AB189EB 		.ascii	"Z\261\211\353\250\274\341`M\225\017y%r\220z\275\306"
 224      A8BCE160 
 224      4D950F79 
 224      2572907A 
 224      BDC6
 225 03d2 93E08A92 		.ascii	"\223\340\212\222t^Y\204W\331m\317\352\201$\363\301\252"
 225      745E5984 
 225      57D96DCF 
 225      EA8124F3 
 225      C1AA
 226 03e4 FD876AC5 		.ascii	"\375\207j\305\014\306\353\276f\026\3765\333w\373T\255"
 226      0CC6EBBE 
 226      6616FE35 
 226      DB77FB54 
 226      AD
 227 03f5 994F4801 		.ascii	"\231OH\001\272\334\232\333\247\221\025\\\263\272\247"
 227      BADC9ADB 
 227      A791155C 
ARM GAS  C:\Users\8FEE~1\AppData\Local\Temp\cccwTbis.s 			page 17


 227      B3BAA7
 228 0404 AC404C8E 		.ascii	"\254@L\216\320\351d\3664\371\323\351(\"\224\330\257"
 228      D0E964F6 
 228      34F9D3E9 
 228      282294D8 
 228      AF
 229 0415 45B28D6E 		.ascii	"E\262\215n\036\010\035\015\227\371TZ{O\\\366\260\254"
 229      1E081D0D 
 229      97F9545A 
 229      7B4F5CF6 
 229      B0AC
 230 0427 65684CB8 		.ascii	"ehL\270\211\355\350K\010oa\360v\260\250J\354\223\233"
 230      89EDE84B 
 230      086F61F0 
 230      76B0A84A 
 230      EC939B
 231 043a DE3D540F 		.ascii	"\336=T\017>\373.\360\256m;6\232\311*\356\344\346'W\272"
 231      3EFB2EF0 
 231      AE6D3B36 
 231      9AC92AEE 
 231      E4E62757 
 232 044f 44C28251 		.ascii	"D\302\202Q\314\177^\225\344E\322\370\330\372#[\033\207"
 232      CC7F5E95 
 232      E445D2F8 
 232      D8FA235B 
 232      1B87
 233 0461 90742EA8 		.ascii	"\220t.\250\037A\013\373\010Bb\313\007$\223\217\034M"
 233      1F410BFB 
 233      084262CB 
 233      0724938F 
 233      1C4D
 234 0473 5B7705C8 		.ascii	"[w\005\310V.t'\337\352\024\361\031\205b\372\351\373"
 234      562E7427 
 234      DFEA14F1 
 234      198562FA 
 234      E9FB
 235 0485 41248F0F 		.ascii	"A$\217\017\375\\W\023D\012y\273v_a\001\220]\\\350\311"
 235      FD5C5713 
 235      440A79BB 
 235      765F6101 
 235      905D5CE8 
 236 049a AABD6F26 		.ascii	"\252\275o&\025\\\310i\336r\300\213\354\345B~oF\276/"
 236      155CC869 
 236      DE72C08B 
 236      ECE5427E 
 236      6F46BE2F 
 237 04ae 39C8851F 		.ascii	"9\310\205\037*/\244\370\220\243\\H)/\337\344Cj\270\220"
 237      2A2FA4F8 
 237      90A35C48 
 237      292FDFE4 
 237      436AB890 
 238 04c2 58D59A26 		.ascii	"X\325\232&N\234N*\337\334q3\307[d\305\023\345\324\346"
 238      4E9C4E2A 
 238      DFDC7133 
 238      C75B64C5 
 238      13E5D4E6 
 239 04d6 8617404E 		.ascii	"\206\027@Nrp\352\276\363WM\203\346\341\261\232\207\361"
ARM GAS  C:\Users\8FEE~1\AppData\Local\Temp\cccwTbis.s 			page 18


 239      7270EABE 
 239      F3574D83 
 239      E6E1B19A 
 239      87F1
 240 04e8 2C0DE987 		.ascii	",\015\351\207\323\367\0165\246\241\001\321\247\031\272"
 240      D3F70E35 
 240      A6A101D1 
 240      A719BA
 241 04f7 8745F6B1 		.ascii	"\207E\366\261\032\331\246[\333v\230\214y\030\014=\362"
 241      1AD9A65B 
 241      DB76988C 
 241      79180C3D 
 241      F2
 242 0508 61EAB167 		.ascii	"a\352\261g~\020\030\0308<P\367\004\263w\236\222\234"
 242      7E101818 
 242      383C50F7 
 242      04B3779E 
 242      929C
 243 051a A4B8EE64 		.ascii	"\244\270\356d\222\273;\317\254Tr\252\201Q]\300}\372"
 243      92BB3BCF 
 243      AC5472AA 
 243      81515DC0 
 243      7DFA
 244 052c 02866BFB 		.ascii	"\002\206k\373\340\007\306\273\207\276%\256r=\016?M\311"
 244      E007C6BB 
 244      87BE25AE 
 244      723D0E3F 
 244      4DC9
 245 053e 84C1CF18 		.ascii	"\204\301\317\030\341\215o\301\353u\360\363F\3709\006"
 245      E18D6FC1 
 245      EB75F0F3 
 245      46F83906 
 246 054e 0FA3E834 		.ascii	"\017\243\35041\247i&\011\036\342x7\033\242h\334\203"
 246      31A76926 
 246      091EE278 
 246      371BA268 
 246      DC83
 247 0560 902C07C3 		.ascii	"\220,\007\303K\010\204^,\212\034\010\257\261\356\303"
 247      4B08845E 
 247      2C8A1C08 
 247      AFB1EEC3 
 248 0570 9282ED9F 		.ascii	"\222\202\355\237\260N\302\372g\254\227`\275\024\313"
 248      B04EC2FA 
 248      67AC9760 
 248      BD14CB
 249 057f 322CFD28 		.ascii	"2,\375(\257\300\372)\326\317\261$b\373\025\326\317\260"
 249      AFC0FA29 
 249      D6CFB124 
 249      62FB15D6 
 249      CFB0
 250 0591 2C9703D9 		.ascii	",\227\003\331G\210\373x9F\363\361\201\321\307P\343\214"
 250      4788FB78 
 250      3946F3F1 
 250      81D1C750 
 250      E38C
 251 05a3 9A75E81F 		.ascii	"\232u\350\037\335\242\3034p\217\016\334e\004\267\200"
 251      DDA2C334 
ARM GAS  C:\Users\8FEE~1\AppData\Local\Temp\cccwTbis.s 			page 19


 251      708F0EDC 
 251      6504B780 
 252 05b3 017D5917 		.ascii	"\001}Y\027\254&\367\261\325\241\253c5\364\035#\372\226"
 252      AC26F7B1 
 252      D5A1AB63 
 252      35F41D23 
 252      FA96
 253 05c5 117D4FE7 		.ascii	"\021}O\347\311=#\372\364[yk\326\221\3374\302\257\033"
 253      C93D23FA 
 253      F45B796B 
 253      D691DF34 
 253      C2AF1B
 254 05d8 C97B74E8 		.ascii	"\311{t\350\253F\364E#\372\272\316\225\373\356]\321\007"
 254      AB46F445 
 254      23FABACE 
 254      95FBEE5D 
 254      D107
 255 05ea 45C77DC3 		.ascii	"E\307}\303\275'o8\256\213a\263\373\005\367\306\372\324"
 255      BD276F38 
 255      AE8B61B3 
 255      FB05F7C6 
 255      FAD4
 256 05fc B1DF761F 		.ascii	"\261\337v\037D\016\347W\2233\017,K\024\005(L\022\007"
 256      440EE757 
 256      93330F2C 
 256      4B140528 
 256      4C1207
 257 060f 93B68E6E 		.ascii	"\223\266\216n\377hY\237\244\324\215gd\327\214d\035o"
 257      FF68599F 
 257      A4D48D67 
 257      64D78C64 
 257      1D6F
 258 0621 654467BA 		.ascii	"eDg\272\323=z\300\323%\010\217[\302\340O\300\002\217"
 258      D33D7AC0 
 258      D325088F 
 258      5BC2E04F 
 258      C0028F
 259 0634 045CDDFA 		.ascii	"\004\\\335\372Po$\357\323\305\370\256\373\205\247'\357"
 259      506F24EF 
 259      D3C5F8AE 
 259      FB85A727 
 259      EF
 260 0645 8BE5E457 		.ascii	"\213\345\344W\220\274U\300\325\357\273H \207\323\253"
 260      90BC55C0 
 260      D5EFBB48 
 260      2087D3AB 
 261 0655 6EC3C5C2 		.ascii	"n\303\305\302\241$\325\203]\361\252\277;\204_\351\340"
 261      A124D583 
 261      5DF1AABF 
 261      3B845FE9 
 261      E0
 262 0666 E13C3CCF 		.ascii	"\341<<\317\273=\361\252\016+\345\341\220*\017\034\371"
 262      BB3DF1AA 
 262      0E2BE5E1 
 262      902A0F1C 
 262      F9
 263 0677 3458EE77 		.ascii	"4X\356w8|\213\033\373\177\275\311\351\311\320\265\346"
ARM GAS  C:\Users\8FEE~1\AppData\Local\Temp\cccwTbis.s 			page 20


 263      387C8B1B 
 263      FB7FBDC9 
 263      E9C9D0B5 
 263      E6
 264 0688 9AACBF65 		.ascii	"\232\254\277eP\017\265o\362*\331\227]I\260Fp\356\356"
 264      500FB56F 
 264      F22AD997 
 264      5D49B046 
 264      70EEEE
 265 069b A7597E24 		.ascii	"\247Y~$\203\315\017*\316\235\\=\024/5\256Nz\251\011"
 265      83CD0F2A 
 265      CE9D5C3D 
 265      142F35AE 
 265      4E7AA909 
 266 06af 2CBE7453 		.ascii	",\276tSQ\220'\031\370]q\2656Kl\276yEZ#\323\013\316\355"
 266      51902719 
 266      F85D71B5 
 266      364B6CBE 
 266      79455A23 
 267 06c7 D3456D1E 		.ascii	"\323Em\036\244\210\263m\273WY#\316z?\024\333\3636\354"
 267      A488B36D 
 267      BB575923 
 267      CE7A3F14 
 267      DBF336EC 
 268 06db 30F163E4 		.ascii	"0\361c\344.\035\316m|\222a&\3739\366\325\335\015\255"
 268      2E1DCE6D 
 268      7C926126 
 268      FB39F6D5 
 268      DD0DAD
 269 06ee C0B1D4AB 		.ascii	"\300\261\324\253\232\007{^\014~\272\247\313\342T\331"
 269      9A077B5E 
 269      0C7EBAA7 
 269      CBE254D9 
 270 06fe 20B363E5 		.ascii	" \263c\345B\357\341>_\342bL\246\316m=\367=!x4\200\031"
 270      42EFE13E 
 270      5FE2624C 
 270      A6CE6D3D 
 270      F73D2178 
 271 0715 4BBEFA8F 		.ascii	"K\276\372\217J\202L\331\014\0312Q\377\221f)H\377\350"
 271      4A824CD9 
 271      0C193251 
 271      FF916629 
 271      48FFE8
 272 0728 1BDACDFF 		.ascii	"\033\332\315\377X<\312S\310(\011&\262\303\0126b~2\231"
 272      583CCA53 
 272      C8280926 
 272      B2C30A36 
 272      627E3299 
 273 073c 9D2C7934 		.ascii	"\235,y4lBCY\230k\332\203\006\0174Un\366\321N&`\334\353"
 273      6C424359 
 273      986BDA83 
 273      060F3455 
 273      6EF6D14E 
 274 0754 10972653 		.ascii	"\020\227&S\3776\313\026\325Kv\377n\314\335\354m\026"
 274      FF36CB16 
 274      D54B76FF 
 274      6ECCDDEC 
ARM GAS  C:\Users\8FEE~1\AppData\Local\Temp\cccwTbis.s 			page 21


 274      6D16
 275 0766 3652DE69 		.ascii	"6R\336i\003\321\273[\227m\362\326soy\027\367\371\344"
 275      03D1BB5B 
 275      976DF2D6 
 275      736F7917 
 275      F7F9E4
 276 0779 BA03BE63 		.ascii	"\272\003\276c\267)M.\274\333W\007\225'\272\224\244i"
 276      B7294D2E 
 276      BCDB5707 
 276      9527BA94 
 276      A469
 277 078b B055B6C0 		.ascii	"\260U\266\300zL\026^\340u\252k\261g\036\376\231\376"
 277      7A4C165E 
 277      E075AA6B 
 277      B1671EFE 
 277      99FE
 278 079d 4E1E8B9A 		.ascii	"N\036\213\232m\375\2259~\344\004\017\377\262\324\304"
 278      6DFD9539 
 278      7EE4040F 
 278      FFB2D4C4 
 279 07ad 72CF81C4 		.ascii	"r\317\201\304\377\241D\227xzE\315\326\022\237mL|\016"
 279      FFA14497 
 279      787A45CD 
 279      D6129F6D 
 279      4C7C0E
 280 07c0 4BFCD1AE 		.ascii	"K\374\321\256\355Y&\322\302\331\372\332W\256\360\027"
 280      ED5926D2 
 280      C2D9FADA 
 280      57AEF017 
 281 07d0 6CF521FC 		.ascii	"l\365!\374r\237\313/\367\271\032S\256\221)\2171\225"
 281      729FCB2F 
 281      F7B91A53 
 281      AE91298F 
 281      3195
 282 07e2 AEEC9A4F 		.ascii	"\256\354\232O\356r\242\226\326\344J\261*|t\327\341\021"
 282      EE72A296 
 282      D6E44AB1 
 282      2A7C74D7 
 282      E111
 283 07f4 E23AFCFA 		.ascii	"\342:\374\372Q\323kq%4\243x0\261\254\303c\320ES\240"
 283      51D36B71 
 283      2534A378 
 283      30B1ACC3 
 283      63D04553 
 284 0809 2E9A7C1E 		.ascii	".\232|\036\347\326\325\317\333M\306\034\356\300`mg\301"
 284      E7D6D5CF 
 284      DB4DC61C 
 284      EEC0606D 
 284      67C1
 285 081b 2A64712E 		.ascii	"*dq.P\343\\\323\372\364\220\2371+\203\242\333\327\346"
 285      50E35CD3 
 285      FAF4909F 
 285      312B83A2 
 285      DBD7E6
 286 082e A47B0E64 		.ascii	"\244{\016de\222\310J\221\310\012\376\211\321\251n\023"
 286      6592C84A 
 286      91C80AFE 
ARM GAS  C:\Users\8FEE~1\AppData\Local\Temp\cccwTbis.s 			page 22


 286      89D1A96E 
 286      13
 287 083f 59F99E65 		.ascii	"Y\371\236ee\337\306\364\251\3449\237\375\332;i\031^"
 287      65DFC6F4 
 287      A9E4399F 
 287      FDDA3B69 
 287      195E
 288 0851 5A524A7B 		.ascii	"ZRJ{\264\244\320?,\305Z(\213\215\241,a\241\354\357*"
 288      B4A4D03F 
 288      2CC55A28 
 288      8B8DA12C 
 288      61A1ECEF 
 289 0866 E8F423CB 		.ascii	"\350\364#\313=\371\336.\353:\000\003>M5\370T\373\206"
 289      3DF9DE2E 
 289      EB3A0003 
 289      3E4D35F8 
 289      54FB86
 290 0879 4F3B854F 		.ascii	"O;\205O\273\344\261\222\247\3039;.\332\3515\353\343"
 290      BBE4B192 
 290      A7C3393B 
 290      2EDAE935 
 290      EBE3
 291 088b BF078487 		.ascii	"\277\007\204\207\205I\301!!\241\374\267`a\364\374\350"
 291      8549C121 
 291      21A1FCB7 
 291      6061F4FC 
 291      E8
 292 089c 7847D8E4 		.ascii	"xG\330\344I\241\361\216\320\205\2211\241\216\204\005"
 292      49A1F18E 
 292      D0859131 
 292      A18E8405 
 293 08ac B4B6399C 		.ascii	"\264\2669\234!\013$_\207s\25632\3019=&2!\326l\263-\216"
 293      210B245F 
 293      8773AE33 
 293      32C1393D 
 293      263221D6 
 294 08c4 8E734E9C 		.ascii	"\216sN\234`s\376+\352O\021L\325\341\\\034\025\035o["
 294      6073FE2B 
 294      EA4F114C 
 294      D5E15C1C 
 294      151D6F5B 
 295 08d8 9460FF2A 		.ascii	"\224`\377*\332\376\317\260)\372\336\010g||\214#\342"
 295      DAFECFB0 
 295      29FADE08 
 295      677C7C8C 
 295      23E2
 296 08ea 8BB8C501 		.ascii	"\213\270\305\001\254\025\200\034\001\366\330\371\366"
 296      AC15801C 
 296      01F6D8F9 
 296      F6
 297 08f7 A8287B54 		.ascii	"\250({T\304\244\220\211\001\023\306\207M\3762,\002\373"
 297      C4A49089 
 297      0113C687 
 297      4DFE322C 
 297      02FB
 298 0909 DF8F8B8F 		.ascii	"\337\217\213\217\263\277o\217\234\037\035\021\035\267"
 298      B3BF6F8F 
ARM GAS  C:\Users\8FEE~1\AppData\Local\Temp\cccwTbis.s 			page 23


 298      9C1F1D11 
 298      1DB7
 299 0917 20667194 		.ascii	" fq\224=\"6\022\271\342\354\021\266(\373\347\221\213"
 299      3D223612 
 299      B9E2EC11 
 299      B628FBE7 
 299      918B
 300 0929 639C36E7 		.ascii	"c\2346\347\327\213\354\216\220\205\222\227\352\305\227"
 300      D78BEC8E 
 300      90859297 
 300      EAC597
 301 0938 FF072F1C 		.ascii	"\377\007/\034_;\"0\026Qh\022M{\243\350\214\216\265\333"
 301      5F3B2230 
 301      16516812 
 301      4D7BA3E8 
 301      8C8EB5DB 
 302 094c 9CA18384 		.ascii	"\234\241\203\2040\301\031*Tq\200\242\205\323>4\222\361"
 302      30C1192A 
 302      547180A2 
 302      85D33E34 
 302      92F1
 303 095e 8B7820B1 		.ascii	"\213x \261mw\252\315Y\242\211\010[LL\224-\03235\365"
 303      6D77AACD 
 303      59A28908 
 303      5B4C4C94 
 303      2D1A3335 
 304 0973 1D095A14 		.ascii	"\035\011Z\024\237\340t\204\316\2357g\342\204\320\217"
 304      9FE07484 
 304      CE9D3767 
 304      E284D08F 
 305 0983 3E9A113A 		.ascii	">\232\021:o\366\234\257\302D\312(\001\032\363\010\017"
 305      6FF69CAF 
 305      C244CA28 
 305      011AF308 
 305      0F
 306 0994 9F639D28 		.ascii	"\237c\235(\177b5\315\2303\335Jf\204[M\037\314\230g%"
 306      7F6235CD 
 306      9833DD4A 
 306      66845B4D 
 306      1FCC9867 
 307 09a9 E1E15662 		.ascii	"\341\341Vb\3052\335j%\177\233\033N\302?\236g\012\017"
 307      C532DD6A 
 307      257F9B1B 
 307      4EC23F9E 
 307      670A0F
 308 09bc 9F6965F8 		.ascii	"\237ie\370\011\354\035Ff\316\262\312sQs\366L\253i\356"
 308      09EC1D46 
 308      66CEB2CA 
 308      735173F6 
 308      4CAB69EE 
 309 09d0 1C44875B 		.ascii	"\034D\207['`\011C\344?\254\177\371\257\035s8ci\256\242"
 309      27600943 
 309      E43FAC7F 
 309      F9AF1D73 
 309      386369AE 
 310 09e5 63791084 		.ascii	"cy\020\204`sZ\304t\035t}\331\"i\004\374l\266\317\027"
 310      60735AC4 
ARM GAS  C:\Users\8FEE~1\AppData\Local\Temp\cccwTbis.s 			page 24


 310      741D747D 
 310      D9226904 
 310      FC6CB6CF 
 311 09fa C72DB0D9 		.ascii	"\307-\260\331B&O\2362\305K\225L\013\026F&\2747\000\217"
 311      42264F9E 
 311      32C54B95 
 311      4C0B1646 
 311      26BC3700 
 312 0a0f 5FC4D1C3 		.ascii	"_\304\321\303\324\036\373\333\352\177\034?I\035\376"
 312      D41EFBDB 
 312      EA7F1C3F 
 312      491DFE
 313 0a1e C2DD70D8 		.ascii	"\302\335p\330\370\177\003/\215\037\351"
 313      F87F032F 
 313      8D1FE9
 314              		.text
 315              		.section	.gnu.lto_.symtab.954795a5,"",%progbits
 316 0000 7374496E 		.ascii	"stInit\000"
 316      697400
 317 0007 00       		.ascii	"\000"
 318 0008 00       		.ascii	"\000"
 319 0009 00       		.ascii	"\000"
 320 000a 00000000 		.ascii	"\000\000\000\000\000\000\000\000"
 320      00000000 
 321 0012 AE000000 		.ascii	"\256\000\000\000"
 322 0016 73745374 		.ascii	"stStartAlarm\000"
 322      61727441 
 322      6C61726D 
 322      00
 323 0023 00       		.ascii	"\000"
 324 0024 00       		.ascii	"\000"
 325 0025 00       		.ascii	"\000"
 326 0026 00000000 		.ascii	"\000\000\000\000\000\000\000\000"
 326      00000000 
 327 002e BF000000 		.ascii	"\277\000\000\000"
 328 0032 73745374 		.ascii	"stStopAlarm\000"
 328      6F70416C 
 328      61726D00 
 329 003e 00       		.ascii	"\000"
 330 003f 00       		.ascii	"\000"
 331 0040 00       		.ascii	"\000"
 332 0041 00000000 		.ascii	"\000\000\000\000\000\000\000\000"
 332      00000000 
 333 0049 C1000000 		.ascii	"\301\000\000\000"
 334 004d 73745365 		.ascii	"stSetAlarm\000"
 334      74416C61 
 334      726D00
 335 0058 00       		.ascii	"\000"
 336 0059 00       		.ascii	"\000"
 337 005a 00       		.ascii	"\000"
 338 005b 00000000 		.ascii	"\000\000\000\000\000\000\000\000"
 338      00000000 
 339 0063 C3000000 		.ascii	"\303\000\000\000"
 340 0067 73744765 		.ascii	"stGetAlarm\000"
 340      74416C61 
 340      726D00
 341 0072 00       		.ascii	"\000"
ARM GAS  C:\Users\8FEE~1\AppData\Local\Temp\cccwTbis.s 			page 25


 342 0073 00       		.ascii	"\000"
 343 0074 00       		.ascii	"\000"
 344 0075 00000000 		.ascii	"\000\000\000\000\000\000\000\000"
 344      00000000 
 345 007d C6000000 		.ascii	"\306\000\000\000"
 346 0081 73745F6C 		.ascii	"st_lld_init\000"
 346      6C645F69 
 346      6E697400 
 347 008d 00       		.ascii	"\000"
 348 008e 02       		.ascii	"\002"
 349 008f 00       		.ascii	"\000"
 350 0090 00000000 		.ascii	"\000\000\000\000\000\000\000\000"
 350      00000000 
 351 0098 C8000000 		.ascii	"\310\000\000\000"
 352              		.text
 353              		.section	.gnu.lto_.opts,"",%progbits
 354 0000 272D666D 		.ascii	"'-fmath-errno' '-fsigned-zeros' '-ftrapping-math' '"
 354      6174682D 
 354      6572726E 
 354      6F272027 
 354      2D667369 
 355 0033 2D666E6F 		.ascii	"-fno-trapv' '-fno-openmp' '-fno-openacc' '-mcpu=cor"
 355      2D747261 
 355      70762720 
 355      272D666E 
 355      6F2D6F70 
 356 0066 7465782D 		.ascii	"tex-m7' '-mno-thumb-interwork' '-mthumb' '-ggdb' '-"
 356      6D372720 
 356      272D6D6E 
 356      6F2D7468 
 356      756D622D 
 357 0099 4F322720 		.ascii	"O2' '-fomit-frame-pointer' '-falign-functions=16' '"
 357      272D666F 
 357      6D69742D 
 357      6672616D 
 357      652D706F 
 358 00cc 2D666675 		.ascii	"-ffunction-sections' '-fdata-sections' '-fno-common"
 358      6E637469 
 358      6F6E2D73 
 358      65637469 
 358      6F6E7327 
 359 00ff 2720272D 		.ascii	"' '-flto'\000"
 359      666C746F 
 359      2700
 360              		.text
 361              		.comm	__gnu_lto_v1,1,1
 362              		.comm	__gnu_lto_slim,1,1
 363              		.ident	"GCC: (GNU Tools for ARM Embedded Processors 6-2017-q1-update) 6.3.1 20170215 (release) [AR
ARM GAS  C:\Users\8FEE~1\AppData\Local\Temp\cccwTbis.s 			page 26


DEFINED SYMBOLS
                            *ABS*:00000000 hal_st.c
                            *COM*:00000001 __gnu_lto_v1
                            *COM*:00000001 __gnu_lto_slim

NO UNDEFINED SYMBOLS
