ARM GAS  C:\Users\8FEE~1\AppData\Local\Temp\cclK7c9m.s 			page 1


   1              		.cpu cortex-m7
   2              		.eabi_attribute 20, 1
   3              		.eabi_attribute 21, 1
   4              		.eabi_attribute 23, 3
   5              		.eabi_attribute 24, 1
   6              		.eabi_attribute 25, 1
   7              		.eabi_attribute 26, 1
   8              		.eabi_attribute 30, 2
   9              		.eabi_attribute 34, 1
  10              		.eabi_attribute 18, 4
  11              		.file	"hal_st_lld.c"
  12              		.text
  13              	.Ltext0:
  14              		.section	.gnu.lto_.profile.954781bf,"",%progbits
  15 0000 789C6365 		.ascii	"x\234ce`b`a```d\260\224\001\000\001\016\000b"
  15      60626061 
  15      60606064 
  15      B0940100 
  15      010E0062 
  16              		.text
  17              		.section	.gnu.lto_.icf.954781bf,"",%progbits
  18 0000 789C6365 		.ascii	"x\234ce`b\340c@\000&\206\216[\033z\331\030[\032\347"
  18      6062E063 
  18      40002686 
  18      8E5B1B7A 
  18      D9185B1A 
  19 0015 1D646600 		.ascii	"\035df\000\000(\234\005%"
  19      00289C05 
  19      25
  20              		.text
  21              		.section	.gnu.lto_.jmpfuncs.954781bf,"",%progbits
  22 0000 789C6365 		.ascii	"x\234ce`b0g@\000&0\311\310\300\300\3028\235\231\361"
  22      60623067 
  22      40002630 
  22      C9C8C0C0 
  22      C2389D99 
  23 0015 E9C9C96D 		.ascii	"\351\311\311m<}\314\363\231\031\030e\030\2273\312\000"
  23      3C7DCCF3 
  23      99191865 
  23      189733CA 
  23      00
  24 0026 6580A25D 		.ascii	"e\200\242]\277\256\367q@D9\030W\200D\031\0004\214\013"
  24      BFAEF771 
  24      40443918 
  24      57804419 
  24      00348C0B 
  25 003a 59       		.ascii	"Y"
  26              		.text
  27              		.section	.gnu.lto_.inline.954781bf,"",%progbits
  28 0000 789C6365 		.ascii	"x\234ce`b\260b@\000&\006\006\036QF\006&\276{\001\014"
  28      6062B062 
  28      40002606 
  28      061E5146 
  28      0626BE7B 
  29 0016 6C0BE499 		.ascii	"l\013\344\231@b\214\\p\202AD\006()\363\340\026#\\\226"
  29      40628C5C 
  29      70824144 
ARM GAS  C:\Users\8FEE~1\AppData\Local\Temp\cclK7c9m.s 			page 2


  29      062829F3 
  29      E016235C 
  30 002b 9907AC8B 		.ascii	"\231\007\254\213\001\000\261z\005d"
  30      0100B17A 
  30      0564
  31              		.text
  32              		.section	.gnu.lto_.pureconst.954781bf,"",%progbits
  33 0000 789C6365 		.ascii	"x\234ce`b`c`\000\222\273\030\031\245\000\003\273\000"
  33      60626063 
  33      600092BB 
  33      1819A500 
  33      03BB00
  34 0013 E6       		.ascii	"\346"
  35              		.text
  36              		.section	.gnu.lto_VectorB0.954781bf,"",%progbits
  37 0000 789C8554 		.ascii	"x\234\205T_lSe\024?\347~\267\177h\007\3037\037\010\351"
  37      5F6C5365 
  37      143FE77E 
  37      B77F6807 
  37      C3371F08 
  38 0015 1E960859 		.ascii	"\036\226\010YzA\011\354\201\230\020x!\241!a\274/\343"
  38      7A4109EC 
  38      81981078 
  38      21A12161 
  38      BC2FE3
  39 0028 52589376 		.ascii	"RX\223v%\275c\201\247\335u\203\002\0324QY\207,wq\306"
  39      25BD6381 
  39      A7DD7583 
  39      021A3451 
  39      59872C77 
  40 003e 8D3FFBC3 		.ascii	"\215?\373\303\020\265\203\225\272\011\003q#,hL\366\242"
  40      10B58395 
  40      BA090371 
  40      232C684C 
  40      F6A2
  41 0050 C0C4C114 		.ascii	"\300\304\301\024\304\011\032u\365\234\257\245\216\333"
  41      C4091A75 
  41      F59CAFA5 
  41      8EDB
  42 005e 306EDA7B 		.ascii	"0n\332{\373}\277\3379\347\367\235\337\271u\200\002\257"
  42      FB7DBFDF 
  42      39E7F79D 
  42      DFB97580 
  42      02AF
  43 0070 3800FC08 		.ascii	"8\000\374\010\260\006\000\320\001\250\274;\016\320\344"
  43      B00600D0 
  43      01A8BC3B 
  43      0ED0E4
  44 007f 561431B8 		.ascii	"V\0241\270\034L\217\372\235\006f\211@5\267\255\"\362"
  44      1C4C8FFA 
  44      9D066689 
  44      4035B7AD 
  44      22F2
  45 0091 0FD38DD0 		.ascii	"\017\323\215\320\250\010\025\033\361\035\321*p8\361"
  45      A808151B 
  45      F11DD12A 
  45      7038F1
ARM GAS  C:\Users\8FEE~1\AppData\Local\Temp\cclK7c9m.s 			page 3


  46 00a0 534A59D1 		.ascii	"SJY\321e\322\225iM\2276\231\007^\265\004@\033}\371\302"
  46      65D29569 
  46      4D973699 
  46      075EB504 
  46      401B7DF9 
  47 00b5 2E5C0144 		.ascii	".\\\001D\273}v\356\203\305N5\267\217\335\350\244\272"
  47      BB7D76EE 
  47      83C54E35 
  47      B78FDDE8 
  47      A4BA
  48 00c7 D0378119 		.ascii	"\3207\201\031s.\23303\263\235\230\335\352\021`Q9\276"
  48      732E9B30 
  48      33B39D98 
  48      DDEA1160 
  48      5139BE
  49 00da 011C2122 		.ascii	"\001\034!\"\327{K(\374\024\3238<8\375k\302\313\261\355"
  49      D77B4B28 
  49      FC14D338 
  49      3C38FD6B 
  49      C2CBB1ED 
  50 00ee 822B1F3B 		.ascii	"\202+\037;0|\303uTXBA\2560\336\363\364\221'\267d1*m"
  50      307CC375 
  50      54584241 
  50      AE30DEF3 
  50      F49127B7 
  51 0106 75F63E19 		.ascii	"u\366>\031u[\330\336Dk\237%\004\236\302ex\022\227\001"
  51      755BD8DE 
  51      446B9F25 
  51      049EC265 
  51      78129701 
  52 011a F34F8DCD 		.ascii	"\363O\215\315\376\356\322z\314\226&\306T<\215\026&\245"
  52      FEEED27A 
  52      CC9626C6 
  52      543C8D16 
  52      26A5
  53 012c 6A3C831A 		.ascii	"j<\203\032Lc\363?\007\333\\\271rj\256\342\345\354\323"
  53      4C63F33F 
  53      07DB5CB9 
  53      726AAEE2 
  53      E5ECD3
  54 013f 4C299740 		.ascii	"L)\227@T\260\207\362\334\305\226\311\2215y\016\021\372"
  54      54B087F2 
  54      DCC596C9 
  54      9135790E 
  54      11FA
  55 0151 66527F2D 		.ascii	"fR\177-\316\021\000{\271\020\360\011\004\014.\347\003"
  55      CE11007B 
  55      B910F009 
  55      040C2EE7 
  55      03
  56 0162 CCFEFC70 		.ascii	"\314\376\374pT\036\300\246\255\343\023\204\227\311\353"
  56      541EC0A6 
  56      ADE31384 
  56      97C9EB
  57 0171 FB5F5E3F 		.ascii	"\373_^?j\363\217\257R\255\263\0245\205\012\007\336l"
  57      6AF38FAF 
  57      52ADB314 
ARM GAS  C:\Users\8FEE~1\AppData\Local\Temp\cclK7c9m.s 			page 4


  57      35850A07 
  57      DE6C
  58 0183 E93F2178 		.ascii	"\351?!x\337\201,\351\267\261\343w\226\360\322\211>Z"
  58      DF812CE9 
  58      B7B1E377 
  58      96F0D289 
  58      3E5A
  59 0195 DEBB98B8 		.ascii	"\336\273\230\270\205b\203\354\330\371\364\367IOy\247"
  59      856283EC 
  59      D8F9F4F7 
  59      494F79A7 
  60 01a5 69C6CD4C 		.ascii	"i\306\315L6\371\332\361\346\353o\233\035\361\245\226"
  60      36F9DAF1 
  60      E6EB6F9B 
  60      1DF1A596 
  61 01b5 70E1A728 		.ascii	"p\341\247(\310)<G\202\006\362\307\300\363XNA\211isH"
  61      C8293C47 
  61      8206F2C7 
  61      C0F3584E 
  61      41896973 
  62 01ca E57C2EF4 		.ascii	"\345|.\364\341g\204\335\307\370\355\316\367\373'\260"
  62      E16784DD 
  62      C7F8EDCE 
  62      F7FB27B0 
  63 01da E0724B6E 		.ascii	"\340rKn\030\036\227:\244\323m\002\301\206=\354\2538"
  63      181E973A 
  63      A4D36D02 
  63      C1863DEC 
  63      AB38
  64 01ec A4037ECE 		.ascii	"\244\003~\316\240b\007G\206|a\300/\030\023v\354\357"
  64      A0620747 
  64      867C61C0 
  64      2F181376 
  64      ECEF
  65 01fe 64054D17 		.ascii	"d\005M\027\246\030T\355\340\304\207\202E\002\0162\354"
  65      A61854ED 
  65      E0C48782 
  65      45020E32 
  65      EC
  66 020f 983F7678 		.ascii	"\230?vx\001\235t\204\213<w\010\357)\004}d\015\374\351"
  66      019D7484 
  66      8B3C7708 
  66      EF29047D 
  66      640DFCE9 
  67 0223 29FB58B1 		.ascii	")\373X\261\314$5\330\315\354\236;\027L\267\252\020q"
  67      CC2435D8 
  67      CDEC9E3B 
  67      174CB7AA 
  67      1071
  68 0235 08CBA40B 		.ascii	"\010\313\244\013\217fnM*\264\203iT\345i\001/\311\266"
  68      8F666E4D 
  68      2AB48369 
  68      54E56901 
  68      2FC9B6
  69 0248 76A747A6 		.ascii	"v\247G\246J\312\272\362\321\213\230\373\270w\340[\257"
  69      4ACABAF2 
  69      D18B98FB 
ARM GAS  C:\Users\8FEE~1\AppData\Local\Temp\cclK7c9m.s 			page 5


  69      B877E05B 
  69      AF
  70 0259 8CCE7034 		.ascii	"\214\316p4~I\243<\205q\237\354\034\300\003l\376\341"
  70      7E49A33C 
  70      85719FEC 
  70      1CC0036C 
  70      FEE1
  71 026b 8FD6815D 		.ascii	"\217\326\201]\3666\315\026\332\344|N\361\260T<\202r"
  71      F636CD16 
  71      DAE47C4E 
  71      F1B0543C 
  71      8272
  72 027d 37959A99 		.ascii	"7\225\232\231t5\376k\272-\341i\243\3263\210_a#\215\215"
  72      7435FE6B 
  72      BA2DE169 
  72      A3D63388 
  72      5F61238D 
  73 0292 F799F136 		.ascii	"\367\231\3616;\333_b\347eiga\212\\\324\230+\013\331"
  73      3BDB5F62 
  73      E7656967 
  73      618A5CD4 
  73      982B0BD9 
  74 02a6 F9A4A0D3 		.ascii	"\371\244\240\323]lg\345a\262s\224\301E\305vV\326\001"
  74      5D6C67E5 
  74      61B27394 
  74      C145C576 
  74      56D601
  75 02b9 5E65CC53 		.ascii	"^e\314Slge7\351\272\306\240\327\016\336o\027,\022\360"
  75      6C676537 
  75      E9BAC6A0 
  75      D70EDE6F 
  75      172C12F0 
  76 02cd EB623BAF 		.ascii	"\353b;\257\313\346|3\317\3169\353\307\264\367\231SW"
  76      CBE67C33 
  76      CFCE39EB 
  76      C7B4F799 
  76      5357
  77 02df A45363D2 		.ascii	"\244Sc\322)\273-\343\005[8\271|?U\371\017\303\006\035"
  77      29BB2DE3 
  77      055B38B9 
  77      7C3F55F9 
  77      0FC3061D 
  78 02f3 9E936F7C 		.ascii	"\236\223o|q\313K(\362F\276\337\277`\274#k\241$\362u"
  78      71CB4B28 
  78      F246BEDF 
  78      BF60BC23 
  78      6BA124F2 
  79 0308 84069C12 		.ascii	"\204\006\234\022P\2117\375~-\367\321kC;BQc\365\272\265"
  79      508937FD 
  79      7E2DF7D1 
  79      6B433B42 
  79      5163F5BA 
  80 031d 5AD4D06A 		.ascii	"Z\324\320jk\302\332\236h\254\336\320\252\266\007\336"
  80      6BC2DA9E 
  80      68ACDED0 
  80      AAB607DE 
  81 032d 785DDBB2 		.ascii	"x]\333\262e\223\266}s\240a5#\325F}u8\274\323\257\203"
ARM GAS  C:\Users\8FEE~1\AppData\Local\Temp\cclK7c9m.s 			page 6


  81      6593B67D 
  81      73A06135 
  81      23D5467D 
  81      7538BCD3 
  82 0343 A3A126BC 		.ascii	"\243\241&\2747X\371\202$z4\022\211\326\345\363l\330"
  82      3758F982 
  82      247A3412 
  82      89D6E5F3 
  82      6CD8
  83 0355 16D818D8 		.ascii	"\026\330\030\330G\014=\032\013V7\254\213\370ka\375\302"
  83      470C3D1A 
  83      0B5637AC 
  83      8BF86B61 
  83      FDC2
  84 0367 81C17DF5 		.ascii	"\201\301}\365\332\306@\325\346*-T\247\207\367\356\014"
  84      DAC640D5 
  84      E62A2D54 
  84      A787F7EE 
  84      0C
  85 0378 6A7AC408 		.ascii	"jz\304\010\031\325\273u\235\202W. =j\320-V/\237\013"
  85      19D5BB75 
  85      9D82572E 
  85      203D6AD0 
  85      2D562F9F 
  86 038d 508951C8 		.ascii	"P\211Q\310\\k\3547\210\2724P\265\315\267\243\306\010"
  86      5C6BEC37 
  86      88BA3450 
  86      B5CDB7A3 
  86      C608
  87 039f EE89852A 		.ascii	"\356\211\205*|\345\253@\211\201+\022\214Dc\373\341?"
  87      7CE5AB40 
  87      89812B12 
  87      8C4463FB 
  87      E13F
  88 03b1 823B0866 		.ascii	"\202;\010f"
  89              		.text
  90              		.section	.gnu.lto_st_lld_init.954781bf,"",%progbits
  91 0000 789C9D94 		.ascii	"x\234\235\224_HSQ\030\300\317w\317\275ww\313\214z\012"
  91      5F485351 
  91      18C0CF77 
  91      CFBD7777 
  91      CB8C7A0A 
  92 0014 DA43AF46 		.ascii	"\332C\257FxYA\275E\017\275\004\372\244\357R\366\240"
  92      785941BD 
  92      450FBD04 
  92      FAA4EF52 
  92      F6A0
  93 0026 305834E9 		.ascii	"0X4\351\261]Sg\031\250\020\315\204\306\035\010\255\231"
  93      B15D5367 
  93      19A810CD 
  93      84C61D08 
  93      AD99
  94 0038 73CED4DC 		.ascii	"s\316\324\334\374\323\\\232Y\376+\242\202\350\017A\242"
  94      FCD35C9A 
  94      59FE2BA2 
  94      82E80F41 
  94      A2
ARM GAS  C:\Users\8FEE~1\AppData\Local\Temp\cclK7c9m.s 			page 7


  95 0049 58202A15 		.ascii	"X *\025E\256\357;wnRO\356\260{\356\3569\347\376~\337"
  95      45AEEF3B 
  95      776E524F 
  95      EEB07BEE 
  95      EE39E7FE 
  96 005f 77FE5C85 		.ascii	"w\376\\\205I\254Ua\3544c\354\020^\300\031H\355\363\214"
  96      49AC5561 
  96      EC3463EC 
  96      105EC019 
  96      48EDF38C 
  97 0073 D56B1200 		.ascii	"\325k\022\000\37514`>\011|\320\306;8\244\233\227\022"
  97      FD313460 
  97      3E097CD0 
  97      C63B38A4 
  97      9B9712
  98 0086 5249D8C0 		.ascii	"RI\330\300\222\352\030:\3407\232\016\232\234\261N\274"
  98      92EA183A 
  98      E0379A0E 
  98      9A9CB14E 
  98      BC
  99 0097 A840184A 		.ascii	"\250@\030J\030\016\373\034\337\272\265W\225\255v\270"
  99      180EFB1C 
  99      DFBAB557 
  99      95AD76B8 
 100 00a7 072AE03D 		.ascii	"\007*\340=\366\022R\306V\246\331HMv\301\213\212\375"
 100      F61252C6 
 100      56A6D948 
 100      4D76C18B 
 100      8AFD
 101 00b9 123339FA 		.ascii	"\02239\372\260R\250R\251b\254\005_!\357\015.\321\235"
 101      B052A852 
 101      A962AC05 
 101      5F21EF0D 
 101      2ED19D
 102 00cc AF403AB9 		.ascii	"\257@:\271\022\251%H\220K\310\0164\245\027l\255\334"
 102      12A92548 
 102      904BC80E 
 102      34A5176C 
 102      ADDC
 103 00de E41290AA 		.ascii	"\344\022\220\25218\265d\267\036\215\265k\206\214M\253"
 103      3138B564 
 103      B71E8DB5 
 103      6B868C4D 
 103      AB
 104 00ef 1F7F2714 		.ascii	"\037\177'\024\023\202\365\030\345a\223s\350\006'D\300"
 104      1382F518 
 104      E5619373 
 104      E8062744 
 104      C0
 105 0100 C968FC7A 		.ascii	"\311h\374z`\361S\221\0365\032\301\3442\334\007\023n"
 105      60F15391 
 105      1E351AC1 
 105      E432DC07 
 105      136E
 106 0112 8BE0A107 		.ascii	"\213\340\241\007t\266\002\015?\375`\271\270\245\033"
 106      74B6020D 
 106      3FFD60B9 
ARM GAS  C:\Users\8FEE~1\AppData\Local\Temp\cclK7c9m.s 			page 8


 106      B8A51B
 107 0121 989CF66B 		.ascii	"\230\234\366k\304\007,Q\204`@\001;\015\331\235\2517"
 107      C4072C51 
 107      84604001 
 107      3B0DD99D 
 107      A937
 108 0133 6F8A818E 		.ascii	"o\212\201\216x\002%#=v\313\246\354\314L\021\231\265"
 108      78022523 
 108      3D76CBA6 
 108      ECCC4C11 
 108      99B5
 109 0145 344CF46B 		.ascii	"4L\364k\326\243\221j7\212\261i\361\303\360kG\336\247"
 109      D6A3916A 
 109      378AB169 
 109      F1C3F06B 
 109      47DEA7
 110 0158 421C7D7D 		.ascii	"B\034}}Y\337\320\306z[\336\327/|4\357\360\340\237\314"
 110      59DFD0C6 
 110      7A5BDED7 
 110      2F7C34EF 
 110      F0E09FCC 
 111 016c 48F75F2A 		.ascii	"H\367_*\273@\017\344\321\203\224\212J\240\315\345\330"
 111      BB400FE4 
 111      D183948A 
 111      4AA0CDE5 
 111      D8
 112 017d F5E22C2B 		.ascii	"\365\342,+\227\210M$2\037\375\261\346\260\036i\343\320"
 112      97884D24 
 112      321FFDB1 
 112      E6B01E69 
 112      E3D0
 113 018f 1275F57E 		.ascii	"\022u\365~\237\326\262\266\320\025\\y\015\036\242o("
 113      9FD6B2B6 
 113      D0155C79 
 113      0D1EA26F 
 113      28
 114 01a0 EBEB9EDB 		.ascii	"\353\353\236\333\334\260\221\257\236b\221aX\030%2&@"
 114      DCB091AF 
 114      9E629161 
 114      58182532 
 114      2640
 115 01b2 C7014DA1 		.ascii	"\307\001M\241;G\211(C\354\025\203\244\225\313\346\362"
 115      3B478928 
 115      43EC1583 
 115      A495CBE6 
 115      F2
 116 01c3 702E845D 		.ascii	"p.\204]\012F\204@\354\326Q!X\035\355{\253X\206\014\226"
 116      0A468440 
 116      ECD65121 
 116      581DED7B 
 116      AB58860C 
 117 01d8 7D30B6ED 		.ascii	"}0\266\355H\024\352\030\027\016\231\034\217\204#7M2"
 117      4814EA18 
 117      170E991C 
 117      8F842337 
 117      4D32
 118 01ea 30486DF3 		.ascii	"0Hm\363\223\205\361\3550!\370x\230\2513\023\210\277"
ARM GAS  C:\Users\8FEE~1\AppData\Local\Temp\cclK7c9m.s 			page 9


 118      9385F1ED 
 118      3021F878 
 118      98A93313 
 118      88BF
 119 01fc 575D31EA 		.ascii	"W]1\352\014\365\213UK\203\016G\234b\003>\006W\3367R"
 119      0CF58B55 
 119      4B830E47 
 119      9C62033E 
 119      0657DE37 
 120 0211 683E93C2 		.ascii	"h>\223\302\247\022p\012\3319\340h\241\300'\002h#\340"
 120      A712700A 
 120      D939E068 
 120      A1C02702 
 120      6823E0
 121 0224 F44EE058 		.ascii	"\364N\340X\241\300\247\002\250\021pF\314\370`\363l\334"
 121      A1C0A702 
 121      A8117046 
 121      CCF860F3 
 121      6CDC
 122 0236 61CD38C0 		.ascii	"a\3158\300\263m\376x\241\374\347\202o'\376,\006L\300"
 122      B36DFE78 
 122      A1FCE782 
 122      6F27FE2C 
 122      064CC0
 123 0249 55DC9AE1 		.ascii	"U\334\232\341\273\234x\364F\"\361\365\235\315\367\307"
 123      BB9C78F4 
 123      4622F1F5 
 123      9DCDF7C7 
 124 0259 D04CEEE8 		.ascii	"\320L\356\350\244#\003s\340\243\216/37\375E\024\311"
 124      A4230373 
 124      E0A38E2F 
 124      3337FD45 
 124      14C9
 125 026b 1EE4CF83 		.ascii	"\036\344\317\203\223\316\373\2577\255\232\325\244\301"
 125      93CEFBAF 
 125      37AD9AD5 
 125      A4C1
 126 0279 02384D5E 		.ascii	"\0028M^\304\276\301\325PWX\234[\361\201mA\006~\025\361"
 126      C4BEC1D5 
 126      5057589C 
 126      5BF1816D 
 126      41067E15 
 127 028e 249C2A2D 		.ascii	"$\234*-\325\255_uM\355\371Z\217\327u\362\204\356\361"
 127      D5AD5F75 
 127      4DEDF95A 
 127      8FD775F2 
 127      84EEF1
 128 02a1 EA35E7DC 		.ascii	"\3525\347\334\372E\317\245:\257^QY~\374\230^VvF\257"
 128      FA45CFA5 
 128      3AAF5E51 
 128      597EFC98 
 128      5E567646 
 129 02b6 3C5B7ED9 		.ascii	"<[~\331E=U\336\272*\267\373Bi5\373\013\264\017\345\313"
 129      453D55DE 
 129      BA2AB7FB 
 129      426935FB 
 129      0BB40FE5 
ARM GAS  C:\Users\8FEE~1\AppData\Local\Temp\cclK7c9m.s 			page 10


 130              		.text
 131              		.section	.gnu.lto_.symbol_nodes.954781bf,"",%progbits
 132 0000 789C6365 		.ascii	"x\234ce`b(d\000\002\246\205L\365\014\014\023\31610\000"
 132      60622864 
 132      0002A685 
 132      4CF50C0C 
 132      13CE3130 
 133 0015 A95D0D8E 		.ascii	"\251]\015\216@\221EL\365\214(\"\214\213\231\352\231"
 133      4091454C 
 133      F58C2822 
 133      8C8B99EA 
 133      99
 134 0026 C0220C0C 		.ascii	"\300\"\014\014\015\015\016@\201%L\365\314(\002K\231"
 134      0D0D0E40 
 134      81254CF5 
 134      CC28024B 
 134      99
 135 0037 EA599005 		.ascii	"\352Y\220\005\230\201\260\345\33016f\240=-\355o\344"
 135      9881B0E5 
 135      D8313666 
 135      A03D2DED 
 135      6FE4
 136 0049 99195918 		.ascii	"\231\031Y\030\236\000i\006\000\"\304\033}"
 136      9E006906 
 136      0022C41B 
 136      7D
 137              		.text
 138              		.section	.gnu.lto_.refs.954781bf,"",%progbits
 139 0000 789C6365 		.ascii	"x\234ce`b`d\000\002\000\000I\000\011"
 139      60626064 
 139      00020000 
 139      490009
 140              		.text
 141              		.section	.gnu.lto_.decls.954781bf,"",%progbits
 142 0000 789CCD58 		.ascii	"x\234\315XkPTI\226\256\274Y<\252\200\322(\334\031'\306"
 142      6B505449 
 142      96AEBC59 
 142      3CAA80D2 
 142      28DC1927 
 143 0015 89707AD8 		.ascii	"\211pz\330\220\335\215\021\013w\264gcvC-P\210\225n\243"
 143      90DD8D11 
 143      0B77B467 
 143      6376432D 
 143      5088956E 
 144 002a CAEED898 		.ascii	"\312\356\330\230 \242\002\241\272%\232G7`O\367\306D"
 144      20A202A1 
 144      BA259A47 
 144      37604FF7 
 144      C644
 145 003c 4C21A080 		.ascii	"L!\240\200\257\266\361\205\257F^\202\242\215v+\242\362"
 145      AFB6F185 
 145      AF465E82 
 145      A28D762B 
 145      A2F2
 146 004e 9052E4A5 		.ascii	"\220R\344\245\215 \242\274ED\024\037\010*\210(s2\363"
 146      8D20A2BC 
 146      4544141F 
ARM GAS  C:\Users\8FEE~1\AppData\Local\Temp\cclK7c9m.s 			page 11


 146      082A8828 
 146      7332F3
 147 0061 56DDAC5B 		.ascii	"V\335\254[e\317\314\217\231\230\033u\352\336\223\371"
 147      65CFCC8F 
 147      99981B75 
 147      EADE93F9 
 148 0071 E5774F9E 		.ascii	"\345wO\236sn\336\223\327M!(*\177\241Pd\272)\024!H\241"
 148      736EDE93 
 148      D74D2128 
 148      2A7FA150 
 148      64BA2914 
 149 0088 9886032B 		.ascii	"\230\206\003+\024\212c \240*J\025\354\200n\305\031\220"
 149      148A6320 
 149      A02A4A15 
 149      EC806EC5 
 149      1990
 150 009a B320E741 		.ascii	"\263 \347A*A\254\012\347\3433\030\344\015\347\017A\346"
 150      2A41AC0A 
 150      E7E33318 
 150      E40DE70F 
 150      41E6
 151 00ac 817880EE 		.ascii	"\201x\200\356\016R\017\327Z\220Y\"\247\017\264iA|A\312"
 151      0E520FD7 
 151      5A905922 
 151      A70FB469 
 151      417C41CA 
 152 00c0 C47B3D23 		.ascii	"\304{=#\355\342}\376\005\032~\012\3623\220\237\203\374"
 152      EDE27DFE 
 152      051A7E0A 
 152      F233909F 
 152      83FC
 153 00d2 12E45788 		.ascii	"\022\344W\210\335\367_\341<\017\344\337@\376\0031{\344"
 153      DDF75FE1 
 153      3C0FE4DF 
 153      40FE0331 
 153      7BE4
 154 00e4 C73AC4B8 		.ascii	"\307:\304\270lv\374\021\364\377\027\355\310\200s:\222"
 154      6C76FC11 
 154      F4FF17ED 
 154      C880733A 
 154      92
 155 00f5 6C6B87B6 		.ascii	"lk\207\266L\304\354\252\001Q\203\254\005=\231\370C\301"
 155      4CC4ECAA 
 155      015183AC 
 155      053D99F8 
 155      43C1
 156 0107 8C7B0127 		.ascii	"\214{\001'\014\347q8\217\202\010p=F\316\242O\\\371b"
 156      0CE77138 
 156      8F820870 
 156      3D46CEA2 
 156      4F5CF962 
 157 011b 3746DD75 		.ascii	"7F\335u\305G\361V\214\346\251\021\361\354\014h\372\366"
 157      C547F156 
 157      8CE6A911 
 157      F1EC0C68 
 157      FAF6
 158 012d 61F94B1F 		.ascii	"a\371K\037\326D\020\275/\213\226\317/\261\260\303S\220"
ARM GAS  C:\Users\8FEE~1\AppData\Local\Temp\cclK7c9m.s 			page 12


 158      D64410BD 
 158      2F8B96CF 
 158      2FB1B0C3 
 158      5390
 159 013f 86B66C1B 		.ascii	"\206\266l\033\315\367\300^\024t-\265t?\241\321\252\221"
 159      CDF7C05E 
 159      14742DB5 
 159      743FA1D1 
 159      AA91
 160 0151 12D4A757 		.ascii	"\022\324\247W\366\336\321\200:K\215\346\356\306BvC{"
 160      F6DED180 
 160      3A4B8DE6 
 160      EEC64276 
 160      437B
 161 0163 8D12F9AB 		.ascii	"\215\022\371\253\013\011E\365\370\350\274\355\033-\026"
 161      0B0945F5 
 161      F8E8BCED 
 161      1B2D16
 162 0172 011D476A 		.ascii	"\001\035Gjt\004aT\214\346\2239\314#\323J\267X\326[\276"
 162      74046154 
 162      8CE69339 
 162      CC23D34A 
 162      B758D65B 
 163 0187 4AB1A842 		.ascii	"J\261\250B\024\250\004\315AG\321\034\005:\206\374\211"
 163      14A804CD 
 163      4147D11C 
 163      053A86FC 
 163      89
 164 0198 3504878A 		.ascii	"5\004\207\212\240\36104\302]\212\363\267\347\272\343"
 164      A0F13034 
 164      C25D8AF3 
 164      B7E7BAE3 
 165 01a8 2C442C10 		.ascii	",D,\020j+;o*\221\332\337%\301\011\027\004\314\230{G"
 165      6A2B3B6F 
 165      2A91DADF 
 165      25C10917 
 165      04CC987B 
 166 01bd DFA94D23 		.ascii	"\337\251M#\306\224\2021\337J\306\200m\344\004\255p\243"
 166      C6948231 
 166      DF4AC680 
 166      6DE404AD 
 166      70A3
 167 01cf D35B2E56 		.ascii	"\323[.V\010=\250\013\301\354\321L:\177\204\330?\242"
 167      083DA80B 
 167      C1ECD14C 
 167      3A7F84D8 
 167      3FA2
 168 01e1 42D569DB 		.ascii	"B\325i\333\201\020m\207V\201\3763 mB\266\021\242.\210"
 168      81106D87 
 168      5681FE33 
 168      206D42B6 
 168      11A22E88 
 169 01f5 AA2052D2 		.ascii	"\252 R\322\2378\030q\214\254\233\335\311v\260\270\263"
 169      9F381871 
 169      8CAC9BDD 
 169      C976B0B8 
 169      B3
ARM GAS  C:\Users\8FEE~1\AppData\Local\Temp\cclK7c9m.s 			page 13


 170 0206 0B3ACC36 		.ascii	"\013:\3146\032\011\322\015\020\342\007p\204\314l\261"
 170      1A09D20D 
 170      10E20770 
 170      84CC6CB1 
 171 0216 DF6E9F42 		.ascii	"\337n\237B\232\034\262\305\371iv\323\240\272\027u\223"
 171      9A1CB2C5 
 171      F96976D3 
 171      A0BA1775 
 171      93
 172 0227 D69C2588 		.ascii	"\326\234%\210\266=z\362\360\260\006o\025h\360/M\217"
 172      B63D7AF2 
 172      F0B0066F 
 172      1568F02F 
 172      4D8F
 173 0239 57CF60C1 		.ascii	"W\317`\301\027H^\2144\035\360b\301\237\011\352Dr\333"
 173      17485E8C 
 173      341DF062 
 173      C19F09EA 
 173      4472DB
 174 024c 05F5EC5D 		.ascii	"\005\365\354]4}R,3\005\364\341O\320i\210\301)\210\201"
 174      347D522C 
 174      3305F4E1 
 174      4FD06988 
 174      C1298881 
 175 0260 0295A1D9 		.ascii	"\002\225\241\331\360\277F\311n\265\363UQ\256\327;9\226"
 175      F0BF46C9 
 175      6EB5F355 
 175      51AED73B 
 175      3996
 176 0272 9C3E4BF5 		.ascii	"\234>K\365t\303\357*r7X\232a\330\022\212C\337K\341\201"
 176      74C3EF2A 
 176      7237589A 
 176      61D8128A 
 176      43DF4BE1 
 177 0287 4BF8FF0E 		.ascii	"K\370\377\016\365\"t\022\365\200\345g\320;\304\324\315"
 177      F5227412 
 177      F580E567 
 177      D03BC4D4 
 177      CD
 178 0298 4F7266E0 		.ascii	"Orf\340\033\314\254\213Y\007\372\335E\262\236z\357l"
 178      1BCCAC8B 
 178      5907FADD 
 178      45B29E7A 
 178      EF6C
 179 02aa 4BF57A0B 		.ascii	"K\365z\013\2114\241*\227\250\312\345Tg)U\357\310\330"
 179      8934A12A 
 179      97A8CAE5 
 179      54672955 
 179      EFC8D8
 180 02bd 652FDCCF 		.ascii	"e/\334\317\250\262\016wl\024\200\252\0172\346I\217\377"
 180      A8B20E77 
 180      6C1480AA 
 180      0F32E649 
 180      8FFF
 181 02cf EBD2014B 		.ascii	"\353\322\001K\272\232\031uNb:G\230\310\305y\312\220"
 181      BA9A1975 
 181      4E623A47 
ARM GAS  C:\Users\8FEE~1\AppData\Local\Temp\cclK7c9m.s 			page 14


 181      98C8C579 
 181      CA90
 182 02e1 5166DD82 		.ascii	"Qf\335\202\361qL\031\306.\277J\363\024\031\032'\026"
 182      F1714C19 
 182      C62EBF4A 
 182      F314191A 
 182      2716
 183 02f3 5C3D6949 		.ascii	"\\=iIu\243\343+\244\361\025\266\361\225t\374\276\353"
 183      75A3E32B 
 183      A4F115B6 
 183      F19574FC 
 183      BEEB
 184 0305 FD79027E 		.ascii	"\375y\002~\310\306\327\274\354\235\251\024XF\022wAS"
 184      C8C6D7BC 
 184      EC9DA914 
 184      58461277 
 184      4153
 185 0317 6641FD24 		.ascii	"fA\375$\266\267U#\332\330xm\264\335\373\255\336\256"
 185      B6B75523 
 185      DAD8786D 
 185      B4DDFBAD 
 185      DEAE
 186 0329 A1DEBE80 		.ascii	"\241\336\276\200Dw\227\224\325\335\320\210F\015O\277"
 186      44779794 
 186      D5DDD088 
 186      460D4FBF 
 187 0339 9B4D8D02 		.ascii	"\233M\215\002\014\252\222\214\252\262\031e\245F\225"
 187      0CAA928C 
 187      AAB21965 
 187      A54695
 188 0348 DDDE59A5 		.ascii	"\335\336Y\245b\261\276I(\366\236{\326\340\306tO\322"
 188      62B1BE49 
 188      28F69E7B 
 188      D6E0C674 
 188      4FD2
 189 035a FDF86899 		.ascii	"\375\370h\231\017\213}5\351n\035<\224\352\315\272\233"
 189      0F8B7D35 
 189      E96E1D3C 
 189      94EACDBA 
 189      9B
 190 036b 896EBD71 		.ascii	"\211n\275qyD\211\277W\3229\245\227l\265bu:1\364\257"
 190      794489BF 
 190      57D239A5 
 190      976CB562 
 190      753A31F4 
 191 0380 79606144 		.ascii	"y`aDS\323\253+n\370,\033\276\351\322\251Zq\315\251#"
 191      53D3AB2B 
 191      6EF82C1B 
 191      BEE9D2A9 
 191      5A71CDA9 
 192 0395 FA8EB3D6 		.ascii	"\372\216\263\326s^\270\202u\336\311\354\267\272\343"
 192      735EB882 
 192      75DEC9EC 
 192      B7BAE3
 193 03a4 1AA6D8AC 		.ascii	"\032\246\330\254\322\212V}\323\371\274\001\341Z\326"
 193      D28A567D 
 193      D3F9BC01 
ARM GAS  C:\Users\8FEE~1\AppData\Local\Temp\cclK7c9m.s 			page 15


 193      E15AD6
 194 03b3 79AEEC7C 		.ascii	"y\256\354|\2558\203\005\\\366jY\366\236\036\254\257"
 194      AD388305 
 194      5CF66A59 
 194      F69E1EAC 
 194      AF
 195 03c4 55B30959 		.ascii	"U\263\011Y\020\350\025-]Kp#\033Y3ZzX\234\034&\323\311"
 195      10E8152D 
 195      5D4B7023 
 195      1B59335A 
 195      7A589C1C 
 196 03db 1E6D9E41 		.ascii	"\036m\236A\246ca\323!\355\266\011)P\033YPP\300\034t"
 196      A66361D3 
 196      21EDB609 
 196      29501B59 
 196      5050C01C 
 197 03f0 9D4DE5D6 		.ascii	"\235M\345\326\304\245\0167\355W\024m\261\314U\322 \266"
 197      C4A50E37 
 197      ED57146D 
 197      B1CC55D2 
 197      20B6
 198 0402 00FC1A85 		.ascii	"\000\374\032\205\337@Z\333 \372\210\355|\254\341\301"
 198      DF405ADB 
 198      20FA88ED 
 198      7CACE1C1 
 199 0412 F53F063E 		.ascii	"\365?\006>\236W\260[\215\177`F\356\033\353\276/\006"
 199      9E57B05B 
 199      8D7F6046 
 199      EE1BEBBE 
 199      2F06
 200 0424 CC1FD4C2 		.ascii	"\314\037\324\302\027\347R<q+\353\313\252<p\305\003\267"
 200      17E7523C 
 200      712BEBCB 
 200      AA3C70C5 
 200      03B7
 201 0436 33C5B666 		.ascii	"3\305\266fk\351\232\215\326\267/\303\235\254\247j\373"
 201      6BE99A8D 
 201      D6B72FC3 
 201      9DACA76A 
 201      FB
 202 0447 D7DD08F7 		.ascii	"\327\335\010\3672\345q\352\335>\321?\263\311\023\333"
 202      32E571EA 
 202      DD3ED13F 
 202      B3C913DB 
 203 0457 383C0F0F 		.ascii	"8<\017\017\260\2567u\326y\370\001\273\256=]t\030\341"
 203      B0AE3775 
 203      D679F801 
 203      BBAE3D5D 
 203      7418E1
 204 046a 11A68CEE 		.ascii	"\021\246\214\356\255\035V\343gL\311i\331\177\306\023"
 204      AD1D56E3 
 204      674CC969 
 204      D97FC613 
 205 047a 8F33A570 		.ascii	"\2173\245pbW\2417\236b\312\365\362\266t/\234\354\306"
 205      6257A137 
 205      9E62CAF5 
 205      F2B6742F 
ARM GAS  C:\Users\8FEE~1\AppData\Local\Temp\cclK7c9m.s 			page 16


 205      9CECC6
 206 048d 92E3C489 		.ascii	"\222\343\304\211=^8\215)\353\317\335\332.\2560}D\037"
 206      3D5E388D 
 206      29EBCFDD 
 206      DA2EAE30 
 206      7D441F
 207 04a0 2818C851 		.ascii	"(\030\310Q\211Qq'\217BK\3238\302\031\014\234y\272\265"
 207      89517127 
 207      8F424BD3 
 207      38C2190C 
 207      9C79BAB5 
 208 04b4 47F9D638 		.ascii	"G\371\3268\014\333\342\260\200\206ag\305\316S\032y\030"
 208      0CDBE2B0 
 208      80866167 
 208      C5CE531A 
 208      7918
 209 04c6 6A017D89 		.ascii	"j\001}\211\242\037R\317\016\333<\333|7\257@)\217\303"
 209      A21F52CF 
 209      0EDB3CDB 
 209      7C37AF40 
 209      298FC3
 210 04d9 DBD03F79 		.ascii	"\333\320?y\222y\341\271\017\362\363\363\363\365\343"
 210      9279E1B9 
 210      0FF2F3F3 
 210      F3F5E3
 211 04e8 0E7FFA9F 		.ascii	"\016\177\372\237kIM\201Wa1\036:vu\263%\247\006Q\252"
 211      6B494D81 
 211      5761311E 
 211      3A7675B3 
 211      25A70651 
 212 04fd 1FE0B97B 		.ascii	"\037\340\271{\212|\245\347\340*\345-!\377\0126\244?"
 212      8A7CA5E7 
 212      E02AE52D 
 212      21FF0A36 
 212      A43F
 213 050f 0E16B254 		.ascii	"\016\026\262TL\341ur\370e'x\003\007\277\"\2077R\270"
 213      4CE17572 
 213      F8652778 
 213      0307BF22 
 213      873752B8 
 214 0523 8EA0B78B 		.ascii	"\216\240\267\213sZ\242T\240\373\320?D\273\010\032\236"
 214      735AA254 
 214      A0FBD03F 
 214      44BB081A 
 214      9E
 215 0534 41F4061E 		.ascii	"A\364\006\036\3071\344\207FA&A\306A\236\201\254\027"
 215      C731E487 
 215      46412641 
 215      C6419E81 
 215      AC17
 216 0546 FCD00B38 		.ascii	"\374\320\0138\277\006\231\000y\0052\015b\201\366\227"
 216      BF069900 
 216      7905320D 
 216      6281F697 
 217 0556 704E81F3 		.ascii	"pN\201\363c8\217\200L\201<\007y\002\222,\370\321E\205"
 217      63388F80 
 217      4C813C07 
ARM GAS  C:\Users\8FEE~1\AppData\Local\Temp\cclK7c9m.s 			page 17


 217      7902922C 
 217      F8D14585 
 218 056a D9D81123 		.ascii	"\331\330\021#\3318(\2671@>\243\026\016}\317%Z'\201G"
 218      D93828B7 
 218      31403EA3 
 218      160E7DCF 
 218      255A2781 
 219 057f 39F01D39 		.ascii	"9\360\0359\370\032\222\241;8g5\270\366-\207\256\211"
 219      F81A92A1 
 219      3B386735 
 219      B8F62D87 
 219      AE89
 220 0591 95D0B7E5 		.ascii	"\225\320\267\345\350^9\372\001g\311\200\034}\311)n-"
 220      E85E39FA 
 220      0167C980 
 220      1C7DC929 
 220      6E2D
 221 05a3 1C798F1C 		.ascii	"\034y\217\034\336%'\037\345\3207\345\350f9\272\2373"
 221      DE25271F 
 221      E5D037E5 
 221      E86639BA 
 221      9F33
 222 05b5 E5AE6B53 		.ascii	"\345\256kSx\247p\334\335\256-q0\234\363a\223\353\204"
 222      78A770DC 
 222      DDAE2D71 
 222      309CF361 
 222      93EB84
 223 05c8 73C84F8E 		.ascii	"s\310O\216\275\317\265\023\031\234\225kW\037j\223-\026"
 223      BDCFB513 
 223      199C956B 
 223      571F6A93 
 223      2D16
 224 05da 44600AF1 		.ascii	"D`\012\361\015%\345\321\340#mV\212\245n\001%\353\224"
 224      0D25E5D1 
 224      E0236D56 
 224      8AA56E01 
 224      25EB94
 225 05ed 93DD728A 		.ascii	"\223\335r\212\010w\353\016\327h\273\245\311\000\217"
 225      0877EB0E 
 225      D768BBA5 
 225      C9008F
 226 05fc 4BA6F047 		.ascii	"K\246\360GH\213\036\210p\333\243\217.\312\311'9\037"
 226      488B1E88 
 226      70DBA38F 
 226      2ECAC927 
 226      391F
 227 060e F7BB4E3C 		.ascii	"\367\273N<\236|2\226\221\267\003y\253\010\267\255\357"
 227      9E7C3296 
 227      91B70379 
 227      AB08B7AD 
 227      EF
 228 061f 6200199C 		.ascii	"b\000\031\234\224\354M7\2124\270\211.vB\315\301\363"
 228      94EC4D37 
 228      8A34B889 
 228      2E7642CD 
 228      C1F3
 229 0631 D9505AFB 		.ascii	"\331PZ\3732\367\274x\354\0165:\332 \370\242T\301\376"
ARM GAS  C:\Users\8FEE~1\AppData\Local\Temp\cclK7c9m.s 			page 18


 229      32F7BC78 
 229      EC0E353A 
 229      DA20F8A2 
 229      54C1FE
 230 0644 0A27CE72 		.ascii	"\012'\316r\375\204\2434\301\377\357\376\220\2237\303"
 230      FD84A334 
 230      C1FFEFFE 
 230      909337C3 
 231 0654 FD6DB705 		.ascii	"\375m\267\005\357L{iN-\224\326\344\215\2027-1\340\014"
 231      EF4C7B69 
 231      4E2D94D6 
 231      E48D8237 
 231      2D31E00C 
 232 0668 E0B6898A 		.ascii	"\340\266\211\212Io|\223\316O\331\2277:\354\216\374\347"
 232      496F7C93 
 232      CE4FD997 
 232      373AEC8E 
 232      FCE7
 233 067a 20A40629 		.ascii	" \244\006)\264mC\024h\223\240F\351\002\266me\366Z`\301"
 233      B46D4314 
 233      6893A046 
 233      E902B66D 
 233      65F65A60 
 234 068f 1FF91369 		.ascii	"\037\371\023if{\210\221\\\013\236\255@\013\351B\217"
 234      667B8891 
 234      5C0B9EAD 
 234      400BE942 
 234      8F
 235 06a0 32609EA4 		.ascii	"2`\236\244K\2016\013sP\2460\007\006x\322\026\270\341"
 235      4B81360B 
 235      7350A630 
 235      070678D2 
 235      16B8E1
 236 06b3 E647D7F6 		.ascii	"\346G\327\366xK\253:\242\334R\321\264E\220Vu\242\220"
 236      784BAB3A 
 236      A2DC52D1 
 236      B4459056 
 236      75A290
 237 06c6 F7CFAB63 		.ascii	"\367\317\253cg\305w%y\375\214\177\233s\325\347\255o"
 237      67C57725 
 237      79FD8C7F 
 237      9B73D5E7 
 237      AD6F
 238 06d8 9C6D82F8 		.ascii	"\234m\202\370\306\331*\320W\316\263\314\264q\261n\361"
 238      C6D92AD0 
 238      57CEB3CC 
 238      B471B16E 
 238      F1
 239 06e9 00B56870 		.ascii	"\000\265hp\377Vo\366.{\027\324\316\346\222Z\037\271"
 239      FF566FF6 
 239      2E7B17D4 
 239      CEE6925A 
 239      1FB9
 240 06fb 31DBC1E8 		.ascii	"1\333\301\350\257\004B\36655\206RR\205T\252\023\355"
 240      AF0442F6 
 240      35358652 
 240      528554AA 
ARM GAS  C:\Users\8FEE~1\AppData\Local\Temp\cclK7c9m.s 			page 19


 240      13ED
 241 070d 3DDEBC73 		.ascii	"=\336\274sIY)\335>K\360\266%B\026\365\357\275\303\226"
 241      495929DD 
 241      3E4BF0B6 
 241      254216F5 
 241      EFBDC396 
 242 0721 710DEE66 		.ascii	"q\015\356f/\313\214\023\255\264\342\256\206\"\371r%"
 242      2FCB8C13 
 242      ADB4E2AE 
 242      8622F972 
 242      25
 243 0732 CE38515A 		.ascii	"\3168QZ\237l\231\225\252\242$;\244\034\332!\310\252"
 243      9F6C9995 
 243      AAA2243B 
 243      A41CDA21 
 243      C8AA
 244 0744 E49D0229 		.ascii	"\344\235\002)\007G^4n\307x\237;\345:\324p\344\016\026"
 244      07475E34 
 244      6EC7789F 
 244      3BE53AD4 
 244      70E40E16 
 245 0758 B91A27DE 		.ascii	"\271\032'\336\035>i\261\300\326\012j0\302\265K\342\332"
 245      1D3E69B1 
 245      C0D60A6A 
 245      30C2B54B 
 245      E2DA
 246 076a 25E7DA4D 		.ascii	"%\347\332M\271\254/n\034\363\300%\214k\303\216\3427"
 246      B9AC2F6E 
 246      1CF3C025 
 246      8C6BC38E 
 246      E237
 247 077c 6E22D770 		.ascii	"n\"\327p\217\3377yt'\220\023\302\212\356=\022\331\036"
 247      8FDF3779 
 247      74279013 
 247      C28AEE3D 
 247      12D91E
 248 078f 39593625 		.ascii	"9Y6%+\034\237\330\244\301U\214,\355\365h\237F$k\331"
 248      2B1C9FD8 
 248      A4C1558C 
 248      2CEDF568 
 248      9F46246B 
 249 07a4 8BD94EE0 		.ascii	"\213\331N\340\020\333\011\354\225\250\366\312\251\366"
 249      10DB09EC 
 249      95A8F6CA 
 249      A9F6
 250 07b2 51AAF6C1 		.ascii	"Q\252\366\301\232(\\\317\230\216\034;X\252\301\355L"
 250      9A285CCF 
 250      988E1C3B 
 250      58AAC1ED 
 250      4C
 251 07c3 D95463DD 		.ascii	"\331Tc\335\357\016\0058:@\363\320u"
 251      EF0E0538 
 251      3A40F3D0 
 251      75
 252 07d0 957EB1F4 		.ascii	"\225~\261\364\350k\315[\013\362\034\201\024\344\337"
 252      E86BCD5B 
 252      0BF21C81 
ARM GAS  C:\Users\8FEE~1\AppData\Local\Temp\cclK7c9m.s 			page 20


 252      14E4DF
 253 07df 0862413E 		.ascii	"\010bA>\270oW\251-\032O\272\360\326\342\036\250\015"
 253      B86F57A9 
 253      2D1A4FBA 
 253      F0D6E21E 
 253      A80D
 254 07f1 922D4BEA 		.ascii	"\222-K\352\004\202D\373m\266\242\203\202\222h\216\346"
 254      048244FB 
 254      6DB6A283 
 254      8292688E 
 254      E6
 255 0802 1EA2E64E 		.ascii	"\036\242\346N<\277p\301\023\347zP\023+N?jERx\267}\307"
 255      3CBF70C1 
 255      13E77A50 
 255      132B4E3F 
 255      6A455278 
 256 0819 8737579A 		.ascii	"\2077W\232z\256\234+\217r\345\336\274u\322\035\237f"
 256      7AAE9C2B 
 256      8F72E5DE 
 256      BC75D21D 
 256      9F66
 257 082b 5C4DFB36 		.ascii	"\\M\3736\215\251D\256\376\014G/\346KT\371r\252\002J"
 257      8DA944AE 
 257      FE0C472F 
 257      E64B54F9 
 257      72AA024A 
 258 083f B5A3E072 		.ascii	"\265\243\340r\206\02272\252\372\252\311\343n\366L\361"
 258      86123732 
 258      AAFAAAC9 
 258      E36EF64C 
 258      F1
 259 0850 7FEC9029 		.ascii	"\177\354\220)\205\022W\241\234\3530\345\252\0378V\243"
 259      851257A1 
 259      9CEB30E5 
 259      AA1F3856 
 259      A3
 260 0861 C13D8C2B 		.ascii	"\301=\214+\273cx\217\312\236)\013\212\0343\245H\"+\222"
 260      BB63788F 
 260      CA9E290B 
 260      8A1C33A5 
 260      48222B92 
 261 0875 931553B2 		.ascii	"\223\025S\262\276o\356e\371\3401F\326X\231\327f3\254"
 261      BE6FEE65 
 261      F9E03146 
 261      D65899D7 
 261      6633AC
 262 0888 E580E31C 		.ascii	"\345\200\343\034\217HTG\344TG)\325\330\305\2421\261"
 262      8F485447 
 262      E4544729 
 262      D5D8C5A2 
 262      31B1
 263 089a 4CFD8A6C 		.ascii	"L\375\212l\026J\256\\\356\022\237\364t\242\327\035\331"
 263      164AAE5C 
 263      EE129FF4 
 263      74A2D71D 
 263      D9
 264 08ab D1A6C2D3 		.ascii	"\321\246\302\323\354V9{\352\326\0138\335\223*\266m\206"
ARM GAS  C:\Users\8FEE~1\AppData\Local\Temp\cclK7c9m.s 			page 21


 264      EC56397B 
 264      EAD60B38 
 264      DD932AB6 
 264      6D86
 265 08bd 56DC66E4 		.ascii	"V\334f\344\237\351\233B8\213uV\327n~\204\360A\246\244"
 265      9FE99B42 
 265      388B7556 
 265      D76E7E84 
 265      F041A6A4 
 266 08d1 DFDED82A 		.ascii	"\337\336\330*\"'\210>]3~\323\007\347\263\316\351\373"
 266      2227883E 
 266      5D337ED3 
 266      07E7B3CE 
 266      E9FB
 267 08e3 B7F2C462 		.ascii	"\267\362\304b\177\204\350\273\313\373G4\3708\353\334"
 267      7F84E8BB 
 267      CBFB4734 
 267      F838EBDC 
 268 08f3 6E7D3EE6 		.ascii	"n}>\346\205O2\245+wG\201\222!\207\210~`j*U\211\313X"
 268      854F32A5 
 268      2B774781 
 268      92218788 
 268      7E606A2A 
 269 090b 67CBFAAC 		.ascii	"g\313\372\254|w|\201)\257\036\037\036q\307\215L\261"
 269      7C777C81 
 269      29AF1E1F 
 269      1E71C78D 
 269      4CB1
 270 091d 8EED7FEA 		.ascii	"\216\355\177\352\215\333\230\222\226\177}\263\007\356"
 270      8DDB9892 
 270      967F7DB3 
 270      07EE
 271 092b 65CA58E7 		.ascii	"e\312X\347\226Zo|\237)\027\353\356\264z\3421\246$\017"
 271      965A6F7C 
 271      9F2917EB 
 271      EEB47AE2 
 271      31A6240F 
 272 093f 956EC4F8 		.ascii	"\225n\304\3705S\2366[3Ux\243\212*W2\276\336)\340mL\261"
 272      35539E36 
 272      5B335578 
 272      A38A2A57 
 272      32BEDE29 
 273 0957 AD835AB6 		.ascii	"\255\203Z\266\016N\357\0339\340\215w\263\276\363yi\305"
 273      0E4EEF1B 
 273      39E08D77 
 273      B3BEF379 
 273      69C5
 274 0969 9EF81053 		.ascii	"\236\370\020SR\257n\351\362\306\305L9>\264\261\332\003"
 274      52AF6EE9 
 274      F2C6C54C 
 274      393EB4B1 
 274      DA03
 275 097b 9F106157 		.ascii	"\237\020aW^\226hp\271\250t\236\012\300Vv}h\250<k\006"
 275      5E966870 
 275      B9A8749E 
 275      0AC05676 
 275      7D68A83C 
ARM GAS  C:\Users\8FEE~1\AppData\Local\Temp\cclK7c9m.s 			page 22


 276 0991 6E62CAED 		.ascii	"nb\312\355\356{\231\032\334\306\224\015U;+T\270\227"
 276      EE7B991A 
 276      DCC6940D 
 276      553B2B54 
 276      B897
 277 09a3 2917FBA0 		.ascii	")\027\373\240\324\032b\327\303\231\325\267\004\374\224"
 277      D41A62D7 
 277      C399D5B7 
 277      04FC94
 278 09b2 29C5E55B 		.ascii	")\305\345[n\273\341I\246\334)K}\241\304o\230rt\352`"
 278      6EBBE149 
 278      A6DC294B 
 278      7DA1C46F 
 278      987274EA 
 279 09c7 B30AA7B0 		.ascii	"\263\012\247\260Oe\315g\373\356j\360&\246<\250\3320"
 279      4F65CD67 
 279      FBEE6AF0 
 279      26A63CA8 
 279      DA30
 280 09d9 2026C30E 		.ascii	" &\303\016\232\014m}}\210\255\3639*\322\277\351`\276"
 280      9A0C6D7D 
 280      7D88ADF3 
 280      392AD2BF 
 280      E960BE
 281 09ec 126FA5E0 		.ascii	"\022o\245\340_\215\335M\201E\205\333%\370:n\027\354"
 281      5F8DDD4D 
 281      814585DB 
 281      25F83A6E 
 281      17EC
 282 09fe 07AB2EA6 		.ascii	"\007\253.\246\033\334*\313\363\341Q\316\237M+\214\223"
 282      1BDC2ACB 
 282      F3E151CE 
 282      9F4D2B8C 
 282      93
 283 0a0f 909AB7B9 		.ascii	"\220\232\267\271W**\025d\365HK\023\226\012\22269\274"
 283      572A2A15 
 283      64F5484B 
 283      13960A92 
 283      3639BC
 284 0a22 C409DEC0 		.ascii	"\304\011\336\300\301/\310\341\316\273\222\216z\016_"
 284      C12FC8E1 
 284      CEBB928E 
 284      7A0E5F
 285 0a31 2FC73B57 		.ascii	"/\307;W\2115<\276I\216w*\236\033\0329\370Y9|\310\211"
 285      89353CBE 
 285      498E772A 
 285      9E1B1A39 
 285      F859397C 
 286 0a47 7E92C79F 		.ascii	"~\222\307\237p\355\034\033\236\324M\017\0321\253\277"
 286      70ED1C1B 
 286      9ED44D0F 
 286      1A31ABBF 
 287 0a57 600787BE 		.ascii	"`\007\207\276\027\361\366\342\356;\271w\372\3538\372"
 287      17F1F6E2 
 287      EE3BB977 
 287      FAEB38FA 
 288 0a67 6639BD73 		.ascii	"f9\275s\005\315\303\257\311\341N\033\234~\336\367Ur"
ARM GAS  C:\Users\8FEE~1\AppData\Local\Temp\cclK7c9m.s 			page 23


 288      05CDC3AF 
 288      C9E14E1B 
 288      9C7EDEF7 
 288      5572
 289 0a79 38B70DE1 		.ascii	"8\267\015\341+\272\353P!\264R;\011\232\224s\017\240"
 289      2BBAEB50 
 289      21B4523B 
 289      099A9473 
 289      0FA0
 290 0a8b E4790EA5 		.ascii	"\344y\016\245Y/H\017\310}R\246\201\214\201t\220\222"
 290      592F480F 
 290      C87D52A6 
 290      818C8174 
 290      9092
 291 0a9d 0E6402E4 		.ascii	"\016d\002\344\026\310 \310S\220\273 O@\206A\206@n\202"
 291      16C820C8 
 291      5390BB20 
 291      4F408641 
 291      86406E82 
 292 0ab1 8C80F481 		.ascii	"\214\200\364\201<\002\031\000y\0062\012\322\0112\016"
 292      3C021900 
 292      7906320A 
 292      D209320E 
 293 0ac1 D20F720F 		.ascii	"\322\017r\017\244\033\344\006H\027\310\035\220\207 "
 293      A41BE406 
 293      4817C81D 
 293      908720
 294 0ad0 ED8EFB3C 		.ascii	"\355\216\373<>*e\362\211\235\222{\271\206O\331o\345"
 294      3E2A65F2 
 294      899D927B 
 294      B9864FD9 
 294      6FE5
 295 0ae2 F06372F8 		.ascii	"\360cr\370(\357\266\0129\334\251@\037\3453\260V\016"
 295      28EFB60A 
 295      39DCA940 
 295      1FE533B0 
 295      560E
 296 0af4 6F46F214 		.ascii	"oF\362\024\351\257\347R\244N\236\"N\233\213~~\256\247"
 296      E9AFE752 
 296      A44E9E22 
 296      4E9B8B7E 
 296      7EAEA7
 297 0b07 5DCFD561 		.ascii	"]\317\325a\037\304[_\343\372\201\343\367.|J\375\340"
 297      1FC45B5F 
 297      E3FA81E3 
 297      F72E7C4A 
 297      FDE0
 298 0b19 3A03F97D 		.ascii	":\003\371}S-\301[f\022\230\343\276\011\212\306\352\332"
 298      532DC15B 
 298      661298E3 
 298      BE098AC6 
 298      EADA
 299 0b2b 065C0C6F 		.ascii	"\006\\\014o\340\014wZ\266\\\224\263Y\235\215\345#s\334"
 299      E00C775A 
 299      B65C94B3 
 299      599D8DE5 
 299      2373DC
ARM GAS  C:\Users\8FEE~1\AppData\Local\Temp\cclK7c9m.s 			page 24


 300 0b3e 756478FC 		.ascii	"udx\374\003~r\225\2563\232\307\217\362\263\273*\307"
 300      037E7295 
 300      AE339AC7 
 300      8FF2B3BB 
 300      2AC7
 301 0b50 3B6DDB27 		.ascii	";m\333'\371P^rm\276N\212dG\003\027\311jy$\033\235\\"
 301      F9505E72 
 301      6DBE4E8A 
 301      64470317 
 301      C96A7924 
 302 0b67 CDB35F76 		.ascii	"\315\263_v\235(|\326\362\201?\347z\251\342m\347\247"
 302      9D287CD6 
 302      F2813FE7 
 302      7AA9E26D 
 302      E7A7
 303 0b79 7AC5F554 		.ascii	"z\305\365T\355i\010\261\232\264\271\222\204\352\274"
 303      ED6908B1 
 303      9AB4B992 
 303      84EABC
 304 0b88 EB2C77D8 		.ascii	"\353,w\330\216\363\374-.\327\036\235\304\336P\317\261"
 304      8EF3FC2D 
 304      2ED71E9D 
 304      C4DE50CF 
 304      B1
 305 0b99 37BA5E96 		.ascii	"7\272^\226\371\207\242\205_7\313\345\256<\343\364V\341"
 305      F987A285 
 305      5F37CBE5 
 305      AE3CE3F4 
 305      56E1
 306 0bab 5DD9E0FA 		.ascii	"]\331\340\372-\241\023w\271\317KJ\272\275p'}=\012\273"
 306      2DA11377 
 306      B9CF4B4A 
 306      BABD7027 
 306      7D3D0ABB 
 307 0bbf 0FA59F52 		.ascii	"\017\245\237R!_\177W+\036z\005\013\335?\343\242\307"
 307      215F7F57 
 307      2B1E7A05 
 307      0BDD3FE3 
 307      A2C7
 308 0bd1 9EBCC126 		.ascii	"\236\274\301&\234B\276XL\202\205/\245\012\222<\210t"
 308      9C42BE58 
 308      4C82852F 
 308      A50A923C 
 308      8874
 309 0be3 9E770A1E 		.ascii	"\236w\012\036\236\322\360\273\267I\207\255\361\224\270"
 309      9ED2F0BB 
 309      B74987AD 
 309      F194B8
 310 0bf2 359EA25B 		.ascii	"5\236\242[\267\227-[\323\334\360=V`X\273KK=\361c\246"
 310      B7972D5B 
 310      D3DCF03D 
 310      566058BB 
 310      4B4B3DF1 
 311 0c08 BC1EA8EA 		.ascii	"\274\036\250\352S\341\347Tq\267\026\264\224k\240\232"
 311      53E1E754 
 311      71B716B4 
 311      946BA09A 
ARM GAS  C:\Users\8FEE~1\AppData\Local\Temp\cclK7c9m.s 			page 25


 312 0c18 F0F7B515 		.ascii	"\360\367\265\025\014=\303\332\257\355\237F\246\301\214"
 312      0C3DC3DA 
 312      AFED9F46 
 312      A6C18C
 313 0c27 14FCE39F 		.ascii	"\024\374\343\237\237>\221\002\365\3325\\'\255./\036"
 313      9F3E9102 
 313      F5DA355C 
 313      27AD2E2F 
 313      1E
 314 0c38 B0AF3280 		.ascii	"\260\2572\200\342W\027>Z\322\307jBEB\265\036\373\243"
 314      E257173E 
 314      5AD2C76A 
 314      424542B5 
 314      1EFBA3
 315 0c4b 54EC87D2 		.ascii	"T\354\207\322@\222A,\230\177W\324\362\006\277\221[ "
 315      4092412C 
 315      987F57D4 
 315      F206BF91 
 315      5B20
 316 0c5d FFCCD7F0 		.ascii	"\377\314\327\360\211c\222;\203\355_O\366\014\274\356"
 316      8963923B 
 316      83ED5F4F 
 316      F60CBCEE 
 317 0c6d 43788AE5 		.ascii	"Cx\212\345U\266\365\302q\301\376\365dpXI\276\236\244"
 317      55B6F5C2 
 317      71C1FEF5 
 317      64705849 
 317      BE9EA4
 318 0c80 C3E00DD8 		.ascii	"\303\340\015\330\036)2)\327sA\033a\012\177i:\244\354"
 318      1E293229 
 318      D773411B 
 318      610A7F69 
 318      3AA4EC
 319 0c93 2FDC3686 		.ascii	"/\3346\206\371\020\247c>\304\031\230\205\030\316\000"
 319      F910A763 
 319      3EC41998 
 319      8518CE00 
 320 0ca3 7ED875B2 		.ascii	"~\330u\262^\311\203k\034v\363\231\"\230\234=W\274\367"
 320      5EC9836B 
 320      1C76F399 
 320      22989C3D 
 320      57BCF7
 321 0cb6 C15CBD4E 		.ascii	"\301\\\275N\247P\233L\353\242\343\222\026\006\232\222"
 321      A7509B4C 
 321      EBA2E392 
 321      16069A92 
 322 0cc6 FE18F55F 		.ascii	"\376\030\365_\341\221k\243\327D'&\255\213\212\2167}"
 322      E1916BA3 
 322      D7442726 
 322      AD8B8A8E 
 322      377D
 323 0cd8 9A60FE3C 		.ascii	"\232`\376<\332\374\007\335o\371\326\360\244\370\370"
 323      DAFC07DD 
 323      6FF9D6F0 
 323      A4F8F8
 324 0ce7 98C4F08F 		.ascii	"\230\304\360\217\343\326\315\245Ws#\022b\347\232c\327"
 324      E3D6CDA5 
ARM GAS  C:\Users\8FEE~1\AppData\Local\Temp\cclK7c9m.s 			page 26


 324      57732312 
 324      62E79A63 
 324      D7
 325 0cf8 98A3A2CC 		.ascii	"\230\243\242\314Q\341\213\346/\234\033\270@\267\370"
 325      51E18BE6 
 325      2F9C1BB8 
 325      40B7F8
 326 0d07 335D38B4 		.ascii	"3]8\264\377:.>\316\374ks\304\232\350\360\350\270\310"
 326      FF3A2E3E 
 326      CEFC6B73 
 326      C49AE8F0 
 326      E8B8C8
 327 0d1a 987551E6 		.ascii	"\230uQ\346\360\330\010\340\2123\207\233\242\314\037"
 327      F0D808E0 
 327      8A33879B 
 327      A2CC1F
 328 0d29 45AC8B49 		.ascii	"E\254\213I2%}\371\2519q\376Z\205\247\315\212\317\376"
 328      32257DF9 
 328      A93971FE 
 328      5A85A7CD 
 328      8ACFFE
 329 0d3c 0156247E 		.ascii	"\001V$~\231\030nJL\212\202[\222[\177h\216L\212OX\266"
 329      99186E4A 
 329      4C8A825B 
 329      925B7F68 
 329      8E4C8A4F 
 330 0d52 E07FE6CF 		.ascii	"\340\177\346\317\017`?z\253\370D\335\342E\001\361\211"
 330      0F603F7A 
 330      ABF844DD 
 330      E24501F1 
 330      89
 331 0d63 016B2362 		.ascii	"\001k#b\002>\215OHJ\0140\256\016[\030\030\260reP\300"
 331      023E8D4F 
 331      484A0C30 
 331      AE0E5B18 
 331      18B07265 
 332 0d79 EAD0B0CF 		.ascii	"\352\320\260\317u\244\007xL11Q\363#\025^\354\312\024"
 332      75A40778 
 332      4C313151 
 332      F323155E 
 332      ECCA14
 333 0d8c 1D179DA4 		.ascii	"\035\027\235\2445\221\001\246\350\204\317L\346O\243"
 333      359101A6 
 333      E884CF4C 
 333      E64FA3
 334 0d9b 63E23F5E 		.ascii	"c\342?^g~\367-\354\221\361\261\261\361q\342\015\226"
 334      677EF72D 
 334      EC91F1B1 
 334      B1F171E2 
 334      0D96
 335 0dad 1AC2F461 		.ascii	"\032\302\364a_\000\"2>\301l\372|q,\330\247\215\\k\374"
 335      5F002232 
 335      3EC16CFA 
 335      7C712CD8 
 335      A78D5C6B 
 336 0dc2 32717574 		.ascii	"2qut\2549!$\".*\306\234\020\372\357o\341JH\012\020\347"
 336      AC392124 
ARM GAS  C:\Users\8FEE~1\AppData\Local\Temp\cclK7c9m.s 			page 27


 336      222E2AC6 
 336      9C10FAEF 
 336      6FE14A48 
 337 0dd9 081D304B 		.ascii	"\010\0350K\030=3\356\363\350\310\340\270\21051f6\317"
 337      183D33EE 
 337      F3E8C8E0 
 337      B8883531 
 337      6636CF
 338 0dec 457F7196 		.ascii	"E\177q\226\242E\242-d<\360\270\351\365a\206\205\302"
 338      A245A22D 
 338      643CF0B8 
 338      E9F56186 
 338      85C2
 339 0dfe FB066550 		.ascii	"\373\006eP\330R\003\016\322\033\224\313\202V\033\260"
 339      D852030E 
 339      D21B94CB 
 339      82561BB0 
 340 0e0e 5E6FC006 		.ascii	"^o\300\006\220\245\006\003^e\324c\375{\253\225z}\260"
 340      90A50603 
 340      5E65D463 
 340      FD7BAB95 
 340      7A7DB0
 341 0e21 81E203E9 		.ascii	"\201\342\003\351\277\016\007\2570\010F\030\031\032l"
 341      BF0E07AF 
 341      30084618 
 341      191A6C
 342 0e30 501AC300 		.ascii	"P\032\303\000\2557\004\202\350\000\371\177\206\377\376"
 342      AD370482 
 342      E800F97F 
 342      86FFFE
 343 0e3f 9BDD9E98 		.ascii	"\233\335\236\230\024KR%\232x\307\313\256\230\222\224"
 343      144B5225 
 343      9A78C7CB 
 343      AE989294 
 344 0e4f 916B2312 		.ascii	"\221k#\022\264\361\211\0211\340\260\225\361\221\237"
 344      B4F18911 
 344      31E0B095 
 344      F1919F
 345 0e5e 2C4F888F 		.ascii	",O\210\217\0155\032\336\346.r\007\202&~#g\342.\352l"
 345      0D351ADE 
 345      E62E7207 
 345      82267E23 
 345      67E22EEA 
 346 0e73 6EAC9606 		.ascii	"n\254\226\0062\006\032L\037A\213):1Aeo\3621\231\022"
 346      32061A4C 
 346      1F418B29 
 346      3A314165 
 346      6FF23199 
 347 0e88 CD49A665 		.ascii	"\315I\246eK\215\301\253\014\241>\0211\177\210\3702\021"
 347      4B8DC1AB 
 347      0CA13E11 
 347      317F88F8 
 347      3211
 348 0e9a 12200672 		.ascii	"\022 \006r\374w?\036o\363\027I\001\3720c\250Q\212Xl"
 348      FC773F1E 
 348      6FF31749 
 348      01FA3063 
ARM GAS  C:\Users\8FEE~1\AppData\Local\Temp\cclK7c9m.s 			page 28


 348      A8518A58 
 349 0eaf 6274A2E9 		.ascii	"bt\242\351\343H\342m_b\316\373\216A\237%N\354\203\270"
 349      E348E26D 
 349      5F62CEFB 
 349      8E419F25 
 349      4EEC83B8 
 350 0ec3 18CE3C6A 		.ascii	"\030\316<j\257C\323,j\336\2728\007\233\275\270F\317"
 350      AF43D32C 
 350      6ADEBA38 
 350      079BBDB8 
 350      46CF
 351 0ed5 20FDFFEA 		.ascii	" \375\377\352\227\2570\350\324\253V\2564.\015%\327\344"
 351      97AF30E8 
 351      D4AB56AE 
 351      342E0D25 
 351      D7E4
 352 0ee7 3234D048 		.ascii	"24\320H.\335\214F\375\012\203\312\020l\0146|\030\034"
 352      2EDD8C46 
 352      FD0A83CA 
 352      106C0C36 
 352      7C181C
 353 0efa B408EB8D 		.ascii	"\264\010\353\215$\326z\251\3517\252\245\253\226\005"
 353      24D67AA9 
 353      E937AAA5 
 353      AB9605
 354 0f09 AE5C15FC 		.ascii	"\256\\\025\374\236\201\\\351\330\225\255\367?UKC\226"
 354      9E815CE9 
 354      D895ADF7 
 354      3F554B43 
 354      96
 355 0f1a 2D147B43 		.ascii	"-\024{C\354\270\0209n\241\007a\201\026r\326\361=\201"
 355      ECB81039 
 355      6EA10761 
 355      811672D6 
 355      F13D81
 356 0f2d 1E8481F6 		.ascii	"\036\204\201\366\204\210\210\020G\204\316\223\2145\030"
 356      84888810 
 356      4784CE93 
 356      8C3518
 357 0f3c 571BC885 		.ascii	"W\033\310\205\216\\\330\373\026x\222\321\254/\304\006"
 357      8E5CD8FB 
 357      167892D1 
 357      AC2FC406 
 358 0f4c 0A6120AC 		.ascii	"\012a \254\0175(\311$=`\276\344,\350\0156w\004\352\377"
 358      0F3528C9 
 358      243D60BE 
 358      E42CE80D 
 358      367704EA 
 359 0f61 DA881957 		.ascii	"\332\210\031W\263\224\\\276\370\213/X2~\264x\021\\\223"
 359      B3945CBE 
 359      F88B2F58 
 359      327EB478 
 359      115C93
 360 0f74 7434E8F5 		.ascii	"t4\350\365\246\325\260\250\005\231?r'\246-\377\275{"
 360      A6D5B0A8 
 360      05993F72 
 360      27A62DFF 
ARM GAS  C:\Users\8FEE~1\AppData\Local\Temp\cclK7c9m.s 			page 29


 360      BD7B
 361 0f86 6890FEFD 		.ascii	"h\220\376\375\240`\242\005.\377\275&h\331\2120\375\007"
 361      A060A205 
 361      2EFFBD26 
 361      68D98A30 
 361      FD07
 362 0f98 36CC9F01 		.ascii	"6\314\237\001\374\214P\017"
 362      FC8C500F 
 363              		.text
 364              		.section	.gnu.lto_.symtab.954781bf,"",%progbits
 365 0000 56656374 		.ascii	"VectorB0\000"
 365      6F724230 
 365      00
 366 0009 00       		.ascii	"\000"
 367 000a 00       		.ascii	"\000"
 368 000b 00       		.ascii	"\000"
 369 000c 00000000 		.ascii	"\000\000\000\000\000\000\000\000"
 369      00000000 
 370 0014 B8000000 		.ascii	"\270\000\000\000"
 371 0018 73745F6C 		.ascii	"st_lld_init\000"
 371      6C645F69 
 371      6E697400 
 372 0024 00       		.ascii	"\000"
 373 0025 00       		.ascii	"\000"
 374 0026 00       		.ascii	"\000"
 375 0027 00000000 		.ascii	"\000\000\000\000\000\000\000\000"
 375      00000000 
 376 002f BA000000 		.ascii	"\272\000\000\000"
 377 0033 5F706F72 		.ascii	"_port_irq_epilogue\000"
 377      745F6972 
 377      715F6570 
 377      696C6F67 
 377      756500
 378 0046 00       		.ascii	"\000"
 379 0047 02       		.ascii	"\002"
 380 0048 00       		.ascii	"\000"
 381 0049 00000000 		.ascii	"\000\000\000\000\000\000\000\000"
 381      00000000 
 382 0051 BC000000 		.ascii	"\274\000\000\000"
 383 0055 63685379 		.ascii	"chSysTimerHandlerI\000"
 383      7354696D 
 383      65724861 
 383      6E646C65 
 383      724900
 384 0068 00       		.ascii	"\000"
 385 0069 02       		.ascii	"\002"
 386 006a 00       		.ascii	"\000"
 387 006b 00000000 		.ascii	"\000\000\000\000\000\000\000\000"
 387      00000000 
 388 0073 BE000000 		.ascii	"\276\000\000\000"
 389 0077 6E766963 		.ascii	"nvicEnableVector\000"
 389      456E6162 
 389      6C655665 
 389      63746F72 
 389      00
 390 0088 00       		.ascii	"\000"
 391 0089 02       		.ascii	"\002"
ARM GAS  C:\Users\8FEE~1\AppData\Local\Temp\cclK7c9m.s 			page 30


 392 008a 00       		.ascii	"\000"
 393 008b 00000000 		.ascii	"\000\000\000\000\000\000\000\000"
 393      00000000 
 394 0093 C3000000 		.ascii	"\303\000\000\000"
 395              		.text
 396              		.section	.gnu.lto_.opts,"",%progbits
 397 0000 272D666D 		.ascii	"'-fmath-errno' '-fsigned-zeros' '-ftrapping-math' '"
 397      6174682D 
 397      6572726E 
 397      6F272027 
 397      2D667369 
 398 0033 2D666E6F 		.ascii	"-fno-trapv' '-fno-openmp' '-fno-openacc' '-mcpu=cor"
 398      2D747261 
 398      70762720 
 398      272D666E 
 398      6F2D6F70 
 399 0066 7465782D 		.ascii	"tex-m7' '-mno-thumb-interwork' '-mthumb' '-ggdb' '-"
 399      6D372720 
 399      272D6D6E 
 399      6F2D7468 
 399      756D622D 
 400 0099 4F322720 		.ascii	"O2' '-fomit-frame-pointer' '-falign-functions=16' '"
 400      272D666F 
 400      6D69742D 
 400      6672616D 
 400      652D706F 
 401 00cc 2D666675 		.ascii	"-ffunction-sections' '-fdata-sections' '-fno-common"
 401      6E637469 
 401      6F6E2D73 
 401      65637469 
 401      6F6E7327 
 402 00ff 2720272D 		.ascii	"' '-flto'\000"
 402      666C746F 
 402      2700
 403              		.text
 404              		.comm	__gnu_lto_v1,1,1
 405              		.comm	__gnu_lto_slim,1,1
 406              		.ident	"GCC: (GNU Tools for ARM Embedded Processors 6-2017-q1-update) 6.3.1 20170215 (release) [AR
ARM GAS  C:\Users\8FEE~1\AppData\Local\Temp\cclK7c9m.s 			page 31


DEFINED SYMBOLS
                            *ABS*:00000000 hal_st_lld.c
                            *COM*:00000001 __gnu_lto_v1
                            *COM*:00000001 __gnu_lto_slim

NO UNDEFINED SYMBOLS
