ARM GAS  C:\Users\8FEE~1\AppData\Local\Temp\ccgi8lVa.s 			page 1


   1              		.cpu cortex-m7
   2              		.eabi_attribute 20, 1
   3              		.eabi_attribute 21, 1
   4              		.eabi_attribute 23, 3
   5              		.eabi_attribute 24, 1
   6              		.eabi_attribute 25, 1
   7              		.eabi_attribute 26, 1
   8              		.eabi_attribute 30, 2
   9              		.eabi_attribute 34, 1
  10              		.eabi_attribute 18, 4
  11              		.file	"nvic.c"
  12              		.text
  13              	.Ltext0:
  14              		.section	.gnu.lto_.profile.9547b283,"",%progbits
  15 0000 789C6365 		.ascii	"x\234ce`b`a```d\220\022\003\000\000\312\000="
  15      60626061 
  15      60606064 
  15      90120300 
  15      00CA003D 
  16              		.text
  17              		.section	.gnu.lto_.icf.9547b283,"",%progbits
  18 0000 789C6365 		.ascii	"x\234ce`b\220b@\000\026\206\027\337\372'q3~\336ur'\033"
  18      60629062 
  18      40001686 
  18      17DFFA27 
  18      71337EDE 
  19 0018 D385E635 		.ascii	"\323\205\3465\217\270\231;\356\375hab\000\000\253P\014"
  19      8FB8993B 
  19      EEFD6861 
  19      620000AB 
  19      500C
  20 002a 3B       		.ascii	";"
  21              		.text
  22              		.section	.gnu.lto_.jmpfuncs.9547b283,"",%progbits
  23 0000 789C6365 		.ascii	"x\234ce`b\220b@\000\026\006&FF\346\372zF \250g\202\260"
  23      60629062 
  23      40001606 
  23      264646E6 
  23      FA7A4620 
  24 0018 99416C06 		.ascii	"\231Al\006\000)\250\003:"
  24      0029A803 
  24      3A
  25              		.text
  26              		.section	.gnu.lto_.inline.9547b283,"",%progbits
  27 0000 789C4D8C 		.ascii	"x\234M\214\321\021\2000\014B!M\323\350\217#\324\011"
  27      D1118030 
  27      0C42214D 
  27      D3E88F23 
  27      D409
  28 0012 5CD2453A 		.ascii	"\\\322E:\222\2438\202\261\236U>\270\343\036\220!\330"
  28      92A33882 
  28      B19E553E 
  28      B8E31E90 
  28      21D8
  29 0024 F1498179 		.ascii	"\361I\201y\242pe\204\333\324\316\015\326\252@\216E\021"
  29      A2706584 
  29      DBD4CE0D 
ARM GAS  C:\Users\8FEE~1\AppData\Local\Temp\ccgi8lVa.s 			page 2


  29      D6AA408E 
  29      4511
  30 0036 C9833808 		.ascii	"\311\2038\010/d\257$m\365\251\004\325~\"\310J\366\227"
  30      2F64AF24 
  30      6DF5A904 
  30      D57E22C8 
  30      4AF697
  31 0049 14BBDF41 		.ascii	"\024\273\337A(\241\330;\035pLq\001\226\277\015\245"
  31      28A1D83B 
  31      1D704C71 
  31      0196BF0D 
  31      A5
  32              		.text
  33              		.section	.gnu.lto_.pureconst.9547b283,"",%progbits
  34 0000 789C6365 		.ascii	"x\234ce`b\340d```a\220b\224b\222b\226\002\000\002\321"
  34      6062E064 
  34      60606061 
  34      90629462 
  34      92629602 
  35 0017 0083     		.ascii	"\000\203"
  36              		.text
  37              		.section	.gnu.lto_nvicEnableVector.9547b283,"",%progbits
  38 0000 789C9D53 		.ascii	"x\234\235S\317k\023Q\020~\337N\222M\332$\236\305b{\020"
  38      CF6B1351 
  38      107EDF4E 
  38      924DDA24 
  38      9EC5627B 
  39 0015 422F5972 		.ascii	"B/Yr\251\210\007Q\301[/\376\007\232K\0036)\255\024o"
  39      A9880751 
  39      C15B2FFE 
  39      079A4B03 
  39      3629AD14 
  40 002a 7D496A82 		.ascii	"}Ij\202Q\264h\323X1l\204j\323\3266m\255\332T\205\020"
  40      51B468D3 
  40      58316C84 
  40      6AD3D636 
  40      6DADDA54 
  41 0040 0A924315 		.ascii	"\012\222C\025\305\233\340\301\210\222C\245\006\017\036"
  41      C59BE0C1 
  41      889243A5 
  41      060F1E
  42 004f 9AEABCDD 		.ascii	"\232\352\274\335\200\202z\320\307\356\3731\363}3\363"
  42      80827AD0 
  42      C7EEFB31 
  42      F37D33F3 
  43 005f CDDB750A 		.ascii	"\315\333u\012M\234 !\216\011!\016\360\013\022\320&^"
  43      4D9C2021 
  43      8E09210E 
  43      F00B12D0 
  43      265E
  44 0071 0811776B 		.ascii	"\010\021wk\200\332H7\304\230\2061\\\243\034\241\232"
  44      80DA4837 
  44      C4988631 
  44      5CA31CA1 
  44      9A
  45 0082 FE58D67A 		.ascii	"\376X\326zg%\217J\256\271_\026+0\231>\315\257\032\230"
  45      67258F4A 
ARM GAS  C:\Users\8FEE~1\AppData\Local\Temp\ccgi8lVa.s 			page 3


  45      AEB95F16 
  45      2B30993E 
  45      CDAF1A98 
  46 0096 452FA35E 		.ascii	"E/\243^\215/\337\246\253d\022\340\340\343\227\255[u"
  46      8D2FDFA6 
  46      AB6412E0 
  46      E0E397AD 
  46      5B75
  47 00a8 BF3A6AE8 		.ascii	"\277:j\350\341cKNN\371\351\010\004\357\247\253\331\267"
  47      E1634B4E 
  47      4EF9E908 
  47      04EFA7AB 
  47      D9B7
  48 00ba BEC05D29 		.ascii	"\276\300])\023\262\2629I\362\220I\204y\020\007\304\034"
  48      13B2B239 
  48      49F29049 
  48      84791007 
  48      C41C
  49 00cc BA504497 		.ascii	"\272PD\227`\223\300\002\002\014_H|\332&:jQ/\325Zu\275"
  49      6093C002 
  49      020C5F48 
  49      7CDA263A 
  49      6A512FD5 
  50 00e3 4DFD906D 		.ascii	"M\375\220mS\357\377\201\272\210\200\302\277_\331\313"
  50      53EFFF81 
  50      BA8880C2 
  50      BF5FD9CB 
  51 00f3 FA5C0EBB 		.ascii	"\372\\\016\273V,\301\005^K\257Q\221{\337\323\262\362"
  51      562CC105 
  51      5E4BAF51 
  51      917BDFD3 
  51      B2F2
  52 0105 E61E72A7 		.ascii	"\346\036r\247\274\200\202kLt\220\232\234P\231u\336:"
  52      BC80826B 
  52      4C74909A 
  52      9C509975 
  52      DE3A
  53 0117 DD6AF2F0 		.ascii	"\335j\362\360\344\022\"\3031Ts.\223\246Vj \321L\267"
  53      E41222C3 
  53      3154732E 
  53      93A6566A 
  53      20D14CB7 
  54 012b 4A1D2A6C 		.ascii	"J\035*l\236\264<A4\220\334I\3016\020\333~m\213\013\016"
  54      9EB43C41 
  54      3490DC49 
  54      C13610DB 
  54      7E6D8B0B 
  55 0140 94B8BC06 		.ascii	"\224\270\274\006\252S\265n\205a\357\324\305\352K]yu"
  55      AA53B56E 
  55      8561EFD4 
  55      C5EA4B5D 
  55      7975
  56 0152 4BDEDA9D 		.ascii	"K\336\332\235\317\337\274\366QV\223\322\317\246\353"
  56      CFDFBCF6 
  56      515693D2 
  56      CFA6EB
  57 0161 DBCD75BF 		.ascii	"\333\315u\277\211|\234\273_8h\222\033+\254s\231\003"
ARM GAS  C:\Users\8FEE~1\AppData\Local\Temp\ccgi8lVa.s 			page 4


  57      897C9CBB 
  57      5F386892 
  57      1B2BAC73 
  57      9903
  58 0173 29C2D6BB 		.ascii	")\302\326\273\325\211}\306\242\034\217\313\036\223<"
  58      D5897DC6 
  58      A21C8FCB 
  58      1E933C
  59 0182 5885899B 		.ascii	"X\205\211\233\326\275\250h\363_\213\024*)g!jR\007\036"
  59      D6BDA868 
  59      F35F8B14 
  59      2A296721 
  59      6A52071E 
  60 0196 C0C893D3 		.ascii	"\300\310\223\323\272\2635\204\270DUp3\225_)\264k\326"
  60      BAB33584 
  60      B8445570 
  60      33955F29 
  60      B46BD6
  61 01a9 D9CDC4DA 		.ascii	"\331\315\304\332\314\306\256\327\256\331\211\207V\315"
  61      CCC6AED7 
  61      AED98987 
  61      56CD
  62 01b7 C9DDD49C 		.ascii	"\311\335\324\234\307\006\271m\320\215\231\245\262O\201"
  62      C706B96D 
  62      D08D99A5 
  62      B24F81
  63 01c6 9CE8C623 		.ascii	"\234\350\306#\033\264\223\252\3516\310\243\362o>O\271"
  63      1BB493AA 
  63      E936C8A3 
  63      F26F3E4F 
  63      B9
  64 01d7 ED30C063 		.ascii	"\3550\300ct1\325Vo\264\325\377\213\266N\254[\332\360"
  64      7431D556 
  64      6FB4D5FF 
  64      8BB64EAC 
  64      5BDAF0
  65 01ea BBB65193 		.ascii	"\273\266Q\223\274(+m\272\245mCi\363X\251\032\231z\347"
  65      BC282B6D 
  65      BAA56D43 
  65      69F358A9 
  65      1A997AE7 
  66 01fe 7F257B62 		.ascii	"\177%{b%\323\376\222\354\351\317d\317\354d\333H\024"
  66      25D3FE92 
  66      ECE9CF64 
  66      CFEC64DB 
  66      4814
  67 0210 4A57AC36 		.ascii	"JW\2546Z?E\206\013\345\217\204\003\364\005\203\206\375"
  67      5A3F4586 
  67      0BE58F84 
  67      03F40583 
  67      86FD
  68 0222 84072267 		.ascii	"\204\007\"g#\261\221\320\341>#6b\014\2349g\014\305\206"
  68      23B191D0 
  68      E13E2336 
  68      620C9C39 
  68      670CC586 
  69 0236 CF8F18E1 		.ascii	"\317\217\030\341\330\340`,j\034?\335\177\262\377\202"
ARM GAS  C:\Users\8FEE~1\AppData\Local\Temp\ccgi8lVa.s 			page 5


  69      D8E0602C 
  69      6A1C3FDD 
  69      7FB2FF82 
  70 0246 111D8D84 		.ascii	"\021\035\215\204\203a\201\250ch8\022\373\001\270\366"
  70      836181A8 
  70      63683812 
  70      FB01B8F6 
  71 0256 19D6     		.ascii	"\031\326"
  72              		.text
  73              		.section	.gnu.lto_nvicDisableVector.9547b283,"",%progbits
  74 0000 789C9592 		.ascii	"x\234\225\222\317k\023A\024\307\347;o\223lm\223^\005"
  74      CF6B1341 
  74      14C7E73B 
  74      6F936C6D 
  74      935E05
  75 0013 83F62094 		.ascii	"\203\366 \224^2\344R\321\233\010\336z\361?\320 4`\263"
  75      5E32E452 
  75      D19B08DE 
  75      7AF13FD0 
  75      203460B3 
  76 0027 62A478EB 		.ascii	"b\244x\353\244?\266PQ\213\266\251\025\303F\2104mm\323"
  76      A43FB650 
  76      518BB6A9 
  76      15C34688 
  76      346D6DD3 
  77 003b 1F515B4F 		.ascii	"\037Q[Oa\021$`\024\005O\202\007+\242\207\212\226\036"
  77      61112460 
  77      14054F82 
  77      072BA287 
  77      8A961E
  78 004e 3CD4DA37 		.ascii	"<\324\3327\273\036\004O\016\2733\363f?\357}\337{\263"
  78      BB1E044F 
  78      0EBB33F3 
  78      663FEF7D 
  78      DF7BB3
  79 0061 1121C545 		.ascii	"\021!\305E)\304)!\304\021~A\002r\362\225\020\005[\002"
  79      29C42921 
  79      C4117E41 
  79      0272F295 
  79      10055B02 
  80 0075 66A36D88 		.ascii	"f\243m\210!\211!\334\242\031\202?\376yS\366\314i\036"
  80      218921DC 
  80      A219823F 
  80      FE7953F6 
  80      CC691E
  81 0088 8D997AD4 		.ascii	"\215\231z\324\325c\207=\022b\226_30\207\036\246\336"
  81      D563873D 
  81      1262965F 
  81      3330871E 
  81      A6DE
  82 009a 8CAEDCA7 		.ascii	"\214\256\334\247\233\344\021`\261\371\243uo+aL\211."
  82      9BE41160 
  82      B1F9A375 
  82      6F2B614C 
  82      892E
  83 00ac 367FE9A9 		.ascii	"6\177\351\251b\202NB\360~\326\237~\037\357~\250\365"
  83      62824E42 
ARM GAS  C:\Users\8FEE~1\AppData\Local\Temp\ccgi8lVa.s 			page 6


  83      F07ED69F 
  83      7E1FEF7E 
  83      A8F5
  84 00be B06EBC9C 		.ascii	"\260n\274\234\"}\334#\302\002\210\003b\036IT\221\024"
  84      227DDC23 
  84      C2028803 
  84      621E4954 
  84      9114
  85 00d0 7C24B088 		.ascii	"|$\260\210n\303\177\\\335\237\216G\255P\020\217\020"
  85      6EC37F5C 
  85      DD9F8E47 
  85      AD50108F 
  85      10
  86 00e1 05AFB5B7 		.ascii	"\005\257\265\267h\350\375\337\343\272\361\251\202wg"
  86      68E8FDDF 
  86      E3BAF1A9 
  86      827767
  87 00f0 6DC0E092 		.ascii	"m\300\340\222\035-2\223\305SD\210\011\3661\025]'iV\372"
  87      1D2D3293 
  87      C5534488 
  87      09F63115 
  87      5D276956 
  88 0105 8A911DB7 		.ascii	"\212\221\035\267\265^\206\211S\"Y\"\260B\263\362l\257"
  88      B55E8689 
  88      53225922 
  88      B042B3F2 
  88      6CAF
  89 0117 C3241B41 		.ascii	"\303$\033A\004K,\317\330\236;\337\026B\024Bw*\313\233"
  89      044B2CCF 
  89      D89E3BDF 
  89      16421442 
  89      772ACB9B 
  90 012b 71035938 		.ascii	"q\003Y8\206\345\020\372\3566c!dj\256?\177\341\332a\030"
  90      86E510FA 
  90      EE366321 
  90      646AAE3F 
  90      7FE1DA61 
  91 0140 A08624BB 		.ascii	"\240\206$\2732\344\027\233\3120\014\024\307\374\327"
  91      32E4179B 
  91      CA300C14 
  91      C7FCD7
  92 014f 31034483 		.ascii	"1\003D\203F\324\037|\373\331\021\232\332\037\321\011"
  92      46D41F7C 
  92      FBD9119A 
  92      DA1FD109 
  93 015f 3EBABDBD 		.ascii	">\272\275\275\263\221\360P*p\263\313G=\212a\225;\262"
  93      B391F050 
  93      2A70B3CB 
  93      473D8A61 
  93      953BB2
  94 0172 C26AC6A1 		.ascii	"\302j\306\241\365am\262S-\351\321\202\356\362\310\306"
  94      F5616DB2 
  94      532DE9D1 
  94      82EEF2C8 
  94      C6
  95 0183 1A3CDC0D 		.ascii	"\032<\334\015\256\301D[\330\255R\272f>\226\007=j\303"
  95      AEC1445B 
ARM GAS  C:\Users\8FEE~1\AppData\Local\Temp\ccgi8lVa.s 			page 7


  95      D8AD52BA 
  95      663E9607 
  95      3D6AC3
  96 0196 3A145718 		.ascii	":\024W\030\\Q\035iN\321$\263\373\245\272\025\373\223"
  96      5C511D69 
  96      4ED124B3 
  96      FBA5BA15 
  96      FB93
  97 01a8 CEFF881D 		.ascii	"\316\377\210\035\302\343@\014\377\212\345<j\307\023"
  97      C2E3400C 
  97      FF8AE53C 
  97      6AC713
  98 01b7 238640EC 		.ascii	"#\206@\354)\322\177\327\332\016\201\015\216\271\215"
  98      29D27FD7 
  98      DA0E810D 
  98      8EB98D
  99 01c6 E1F2E28D 		.ascii	"\341\362\342\215\240\361\301\1773\3018_\011'\330\233"
  99      A0F1C17F 
  99      33C1385F 
  99      0927D89B 
 100 01d6 4AA9F0C9 		.ascii	"J\251\360\311\364g/d\235|\372D\257r\362\252\377\374"
 100      F4672F64 
 100      9D7CFA44 
 100      AF72F2AA 
 100      FFFC
 101 01e8 2575D9B9 		.ascii	"%u\331\271r5\2572\316\300\200\223S\247\317\365\235\351"
 101      7235AF32 
 101      CEC08093 
 101      53A7CFF5 
 101      9DE9
 102 01fa BBA67283 		.ascii	"\273\246r\203\331L*#\220;\000O0\324\351"
 102      D94C2A23 
 102      903B004F 
 102      30D4E9
 103              		.text
 104              		.section	.gnu.lto_nvicSetSystemHandlerPriority.9547b283,"",%progbits
 105 0000 789C6D51 		.ascii	"x\234mQMk\023Q\024\275g\356Lf\024\354\272h\027]\010"
 105      4D6B1351 
 105      14BD67EE 
 105      4C6614EC 
 105      BA68175D 
 106 0015 A19B0CD9 		.ascii	"\241\233\014\331T\\\226\342\262\033\377A\033\205\004"
 106      545C96E2 
 106      B21BFF41 
 106      1B8504
 107 0024 DA4C4944 		.ascii	"\332LID\334\365\315\244m\260B-j\232V\034&P\244\332\032"
 107      DCF5CDA4 
 107      6DB0422D 
 107      6A9A561C 
 107      2650A4DA 
 108 0039 D3AA9B60 		.ascii	"\323\252\233`\221\220\225Y\250\350\262+\265\242\004"
 108      91909559 
 108      A8E8B22B 
 108      B5A204
 109 0048 0CF8D1AD 		.ascii	"\014\370\321\255\325\373\246\021\\\370xo\346\335\217"
 109      D5FBA611 
 109      5CF8786F 
ARM GAS  C:\Users\8FEE~1\AppData\Local\Temp\ccgi8lVa.s 			page 8


 109      E6DD8F
 110 0057 73DF39F7 		.ascii	"s\3379\367ZdP\017D\027\210\350\214\0340\301XyM\344;"
 110      5A64500F 
 110      441788E8 
 110      8C1C30C1 
 110      58794DE4 
 111 006c 06A02FCA 		.ascii	"\006\240/\312\001\315\031\230\303M\2562\332\345\317"
 111      01CD1998 
 111      C34DAE32 
 111      DAE5CF
 112 007b 4D636453 		.ascii	"McdS\311jU\017\023\213ja0b\242u9za\023#\222\365v~\347"
 112      C96A550F 
 112      138B6A61 
 112      3062A275 
 112      397A6113 
 113 0095 1E2F73C4 		.ascii	"\036/s\304\200)\346\367Ww\017\006\264i`X\314\322\355"
 113      8029E6F7 
 113      57770F06 
 113      B4696058 
 113      CCD2ED
 114 00a8 177B0E9F 		.ascii	"\027{\016\237\007\311\275\247:~\"y_\251@\265>UX\235"
 114      07C9BDA7 
 114      3A7E2279 
 114      5FA940B5 
 114      3E55589D 
 115 00bc 8D98B105 		.ascii	"\215\230\261\005\226\202x\210!<\300\020\211\213\260"
 115      96827888 
 115      213CC010 
 115      898BB0
 116 00cb 8DA4A46F 		.ascii	"\215\244\244o\007_z\314c1\364z\347\327\201\335\207\036"
 116      075F7ACC 
 116      6331F47A 
 116      E7D781DD 
 116      871E
 117 00dd 56FBD047 		.ascii	"V\373\320G\377\201\326\221\324\371\037w\217*\247\022"
 117      FF81D691 
 117      D4F91F77 
 117      8F2AA712 
 118 00ed E6C65FBA 		.ascii	"\346\306_\272x\214\204(\247\306;\264\324\321\357\262"
 118      788C8428 
 118      A7C63BB4 
 118      D4D1EFB2 
 119 00fd 1018DCFF 		.ascii	"\020\030\334\377\351\330\200F\030\2025Y\177,\350\307"
 119      E9D88046 
 119      18823559 
 119      7F2CE8C7 
 120 010d 899604A4 		.ascii	"\211\226\004\244\033r\203\015\375\347.\202\037\345z"
 120      1B72830D 
 120      FDE72E82 
 120      1FE57A
 121 011c F33D74A1 		.ascii	"\363=t\241\220\215\220A]\224\276-\366\035,\276\177{"
 121      908D9041 
 121      5D94BE2D 
 121      F61D2CBE 
 121      7F7B
 122 012e 61C14443 		.ascii	"a\301DC8u\321^\355\244t\216DW\027\332ol\035M\304\232"
 122      3875D15E 
ARM GAS  C:\Users\8FEE~1\AppData\Local\Temp\ccgi8lVa.s 			page 9


 122      EDA4748E 
 122      445717DA 
 122      6F6C1D4D 
 123 0144 FCE6DE1D 		.ascii	"\374\346\336\035\353\330T\373%5\240\361k\301\007'B\350"
 123      EBD854FB 
 123      2535A0F1 
 123      6BC10727 
 123      42E8
 124 0156 4BCB6BA7 		.ascii	"K\313k\247#\266\261+\342v\244\220\006|\255\274\334:"
 124      23B6B12B 
 124      E276A490 
 124      067CADBC 
 124      DC3A
 125 0168 E9D6D5BC 		.ascii	"\351\326\325\274\257\206#v\360\004\021\326\342aHp\343"
 125      AF862376 
 125      F00411D6 
 125      E2614870 
 125      E3
 126 0179 56389E6E 		.ascii	"V8\236n\350X\255\020\361\011<\205\033\262\025\317\351"
 126      E858AD10 
 126      F1093C85 
 126      1BB215CF 
 126      E9
 127 018a 19D2C250 		.ascii	"\031\322\302PF\037\324\236/\307\204\343\371-\211\006"
 127      461FD49E 
 127      2FC784E3 
 127      F92D8906 
 128 019a D166108D 		.ascii	"\321f\020\215\246R\356\361\316dsS9\257\230>7\352zE7"
 128      A652EEF1 
 128      CE647353 
 128      39AF983E 
 128      37EA7A45 
 129 01af 3B39EDCE 		.ascii	";9\355\316z\205+E7\343\315\314xyw\354\342\304\370\304"
 129      7A852B45 
 129      37E3CDCC 
 129      787977EC 
 129      E2C4F8C4 
 130 01c3 35377F35 		.ascii	"57\1775\227Ie\310\316N\346/M_.\230\263\205\234\367\007"
 130      974965C8 
 130      CE4EE62F 
 130      4D5F2E98 
 130      B3859CF7 
 131 01d8 B586B0A3 		.ascii	"\265\206\260\243"
 132              		.text
 133              		.section	.gnu.lto_nvicClearPending.9547b283,"",%progbits
 134 0000 789C2D51 		.ascii	"x\234-Q\317OSA\020\236o\347\275\266$\264^Ml\200\203"
 134      CF4F5341 
 134      109E6FE7 
 134      BDB624B4 
 134      5E4D6C80 
 135 0015 092126DD 		.ascii	"\011!&\335\364\202\321\233\361\340\211\213\377\001\366"
 135      F482D19B 
 135      F1E0898B 
 135      FF01F6
 136 0024 4213E933 		.ascii	"B\023\3513\326\020ol\013\264\021\023!\012E\214\315+"
 136      D6106F6C 
 136      0BB41113 
ARM GAS  C:\Users\8FEE~1\AppData\Local\Temp\ccgi8lVa.s 			page 10


 136      210A458C 
 136      CD2B
 137 0036 B1861F0A 		.ascii	"\261\206\037\012\005\364 xi^\274p@\203W\215\007ML<@"
 137      05F42078 
 137      695EBC70 
 137      4083578D 
 137      074D4C3C 
 138 004b B4F1E001 		.ascii	"\264\361\340\001\320\331\367\334\274\3357\363\3557\337"
 138      D0D9F7DC 
 138      BCDD37F3 
 138      ED37DF
 139 005a CCCEB8A4 		.ascii	"\314\316\270\244\350\010D\227\211\350\234l0A\315\276"
 139      E8084497 
 139      89E89C6C 
 139      3041CDBE 
 140 006a 272A2514 		.ascii	"'*%\024`\015\223\000\215+\214c\206\027\030A\365\373"
 140      600D9300 
 140      8D2B8C63 
 140      86171841 
 140      F5FB
 141 007c 8E1A5836 		.ascii	"\216\032X6\262\332\013\273\361\212\231:\3533\321\242"
 141      B2DA0BBB 
 141      F18A993A 
 141      EB33D1A2 
 142 008c 6CBBB08C 		.ascii	"l\273\260\214\001a\035Ln>\345\007\3543\340\210\373k"
 142      01611D4C 
 142      6E3EE507 
 142      EC33E088 
 142      FB6B
 143 009e FFC9B794 		.ascii	"\377\311\267\224u\025\372\304=1s\265\024_\002\211\275"
 143      7515FAC4 
 143      3D3173B5 
 143      145F0289 
 143      BD
 144 00af 18CC7F4A 		.ascii	"\030\314\177J\366?7\246l\332\357\346\330\234\367\231"
 144      F63F37A6 
 144      6CDAEFE6 
 144      D89CF799 
 145 00bf B1061641 		.ascii	"\261\006\026A\254\"\215\025\244I \302\013\364[\376\327"
 145      AC228D15 
 145      A44920C2 
 145      0BF45BFE 
 145      D7
 146 00d0 ADD3F964 		.ascii	"\255\323\371d\314\211\022\342%bR;\265>\242mN\377VM\373"
 146      CC8912E2 
 146      2562523B 
 146      B53EA26D 
 146      4EFF564D 
 147 00e5 731307D7 		.ascii	"s\023\007\327\022\200\245+\011t\330\036\216\034\256"
 147      1280A52B 
 147      0974D81E 
 147      8E1CAE
 148 00f4 6B2DA269 		.ascii	"k-\242i\011\264\317\272\317\312\376\371\007&:\225\223"
 148      09B4CFBA 
 148      CFCAFEF9 
 148      07263A95 
 148      93
ARM GAS  C:\Users\8FEE~1\AppData\Local\Temp\ccgi8lVa.s 			page 11


 149 0105 B70D58B1 		.ascii	"\267\015X\261:\253:C\322\3545w\217\273m\305.\\\254K"
 149      3AAB3A43 
 149      D2EC3577 
 149      8FBB6DC5 
 149      2E5CAC4B 
 150 0119 0D423BAE 		.ascii	"\015B;\256\334\353\212H\034\221\03657v\222\226\344\240"
 150      DCEB8A48 
 150      1C911E35 
 150      37769296 
 150      E4A0
 151 012b 171B11E9 		.ascii	"\027\033\021\351ge5\036\221\034\\H\013U\300r\247\372"
 151      6765351E 
 151      911C5C48 
 151      0B55C072 
 151      A7FA
 152 013d 5FDD1558 		.ascii	"_\335\025X\200\240\266\227\261\200h\324\246\202\017"
 152      80A0B697 
 152      B18068D4 
 152      A6820F
 153 014c 71AB110B 		.ascii	"q\253\021\013\333\361z\351\350Ow\344\232`\302\244\004"
 153      DBF17AE9 
 153      E84F77E4 
 153      9A60C2A4 
 153      04
 154 015d 7A78D879 		.ascii	"zx\330y\223\362Q/I\313\033=>\307\261)}iI:\033\260\377"
 154      93F2512F 
 154      49CB1B3D 
 154      3EC7B129 
 154      7D69493A 
 155 0174 657BF68C 		.ascii	"e{\366\214^7\223%\323\347s\002[\360\3618\034\206U[\373"
 155      5E379325 
 155      D3E77302 
 155      5BF0F138 
 155      1C86555B 
 156 0189 BDC2D996 		.ascii	"\275\302\331\226\275l\214\371\334\205mhyb8\250W\310"
 156      BD6C8CF9 
 156      DC856D68 
 156      796238A8 
 156      57C8
 157 019b 4A3D7488 		.ascii	"J=t\210r\343\331LX^8\300i\206m\213p\0063\031\035}\271"
 157      72E3D94C 
 157      585E38C0 
 157      69866D8B 
 157      70063319 
 158 01b2 91FC8DBC 		.ascii	"\221\374\215\274W\314^\034\324^Q\217\014\337\324\267"
 158      57CC5E1C 
 158      D45E518F 
 158      0CDFD4B7 
 159 01c2 BCDB778A 		.ascii	"\274\333w\212:\347\215\216z\005}\345\372\320\325\241"
 159      3AE78D8E 
 159      7A057DE5 
 159      FAD0D5A1 
 160 01d2 BBBA3096 		.ascii	"\273\2720\226\317er\204\302?\272f\254\223"
 160      CF657284 
 160      C23FBA66 
 160      AC93
 161              		.text
ARM GAS  C:\Users\8FEE~1\AppData\Local\Temp\ccgi8lVa.s 			page 12


 162              		.section	.gnu.lto_.symbol_nodes.9547b283,"",%progbits
 163 0000 789C6365 		.ascii	"x\234ce`b\360b\000\002\246\205L\365\014\014\023\316"
 163      6062F062 
 163      0002A685 
 163      4CF50C0C 
 163      13CE
 164 0012 313000A9 		.ascii	"10\000\251]\015\216@\221EL\365\214\250\"\213\231\352"
 164      5D0D8E40 
 164      91454CF5 
 164      8CA8228B 
 164      99EA
 165 0024 99504596 		.ascii	"\231PE\2260\3253\243\2100\000\000\302@\022N"
 165      30D533A3 
 165      88300000 
 165      C240124E 
 166              		.text
 167              		.section	.gnu.lto_.refs.9547b283,"",%progbits
 168 0000 789C6365 		.ascii	"x\234ce`b`d\000\002\000\000I\000\011"
 168      60626064 
 168      00020000 
 168      490009
 169              		.text
 170              		.section	.gnu.lto_.decls.9547b283,"",%progbits
 171 0000 789CDD59 		.ascii	"x\234\335YkPTI\226\256\254\254\202\242\004t\220\350"
 171      6B505449 
 171      96AEACAC 
 171      82A20474 
 171      90E8
 172 0012 ED9D6576 		.ascii	"\355\235ev\335^'\232\330\335\021\261{\333\336G\304J"
 172      DD5E279A 
 172      D8DD11B1 
 172      7BDBDE47 
 172      C44A
 173 0024 17BA12D1 		.ascii	"\027\272\022\321\316\020\205:\363\303\010\302G\315\310"
 173      CE10853A 
 173      F3C308C2 
 173      47CDC8
 174 0033 84420FE0 		.ascii	"\204B\017\340\314\364\314lw!\240\200\212\240 \026\017"
 174      CCF4CC6C 
 174      7721A080 
 174      8AA02016 
 174      0F
 175 0044 45115001 		.ascii	"E\021P\001\001A@\021-Q\021APy)\310\033DDT\036>\021a"
 175      01414011 
 175      2D511141 
 175      507929C8 
 175      1B444454 
 176 005c 4F3E2E95 		.ascii	"O>.\225\\\252\214\376\261\261?\266\202s\357=\231\337"
 176      5CAA8CFE 
 176      B1B13FB6 
 176      8273EF3D 
 176      99DF
 177 006e 3DF9E539 		.ascii	"=\371\3459'_\027\265B\2518\365\017\012\305A\254P\034"
 177      275F17B5 
 177      42A938F5 
 177      0F0AC541 
 177      AC501C
ARM GAS  C:\Users\8FEE~1\AppData\Local\Temp\ccgi8lVa.s 			page 13


 178 0081 460AC534 		.ascii	"F\012\3054\374\324\012\205\"Oa\371\251@.\200\\\0021"
 178      FCD40A85 
 178      224F61F9 
 178      A9402E80 
 178      5C0231
 179 0094 83542AE6 		.ascii	"\203T*\346\376v\300\273Np_\017\342\002\342\012R\004"
 179      FE76C0BB 
 179      4E705F0F 
 179      E202E20A 
 179      5204
 180 00a6 E206F229 		.ascii	"\342\006\362)\310/H\031`\026\202<\200\3476\220' C \320"
 180      C82F4819 
 180      6016823C 
 180      80E73690 
 180      27204320 
 181 00bb B44209E5 		.ascii	"\264B\011\345\016 \366 \210\267'\377\3757T8ZiCn_\262"
 181      0E20F620 
 181      88B727FF 
 181      FD375438 
 181      5A69436E 
 182 00d1 2BB5A304 		.ascii	"+\265\243\004\321 \326\006\342\375\220\377\302\240B"
 182      D120D606 
 182      E2FD90FF 
 182      C2A042
 183 00e0 6B833FB1 		.ascii	"k\203?\261]\006\365% \177@\314&\261\223\302\355\231"
 183      5D06F525 
 183      207F40CC 
 183      26B193C2 
 183      ED99
 184 00f2 B97E03CD 		.ascii	"\271~\003\315\266\031i\303&\341\353k\205/y\335\201\333"
 184      B61969C3 
 184      26E1EB6B 
 184      852F79DD 
 184      81DB
 185 0104 B4E6E324 		.ascii	"\264\346\343$\214J\366]\253Pv\242v\004}B\013h)B\354"
 185      8C4AF65D 
 185      AB5076A2 
 185      76047D42 
 185      0B682942 
 186 0119 8AA85075 		.ascii	"\212\250PuZ\372!D\313\241T\251\340\206\245\"$\275\301"
 186      5AFA2144 
 186      CBA154A9 
 186      E086A522 
 186      24BDC1
 187 012c 75255795 		.ascii	"u%W\225\334$\375\343/#\301\"\253f-I?\306\235=\320\327"
 187      DC24FDE3 
 187      2F23C122 
 187      AB662D49 
 187      3FC69D3D 
 188 0142 A4B791D2 		.ascii	"\244\267\221\322\322\000B\342\013\202AF\233\327\317"
 188      D20042E2 
 188      0B824146 
 188      9BD7CF
 189 0151 F053583A 		.ascii	"\360SX:\207\244\336\217\232n\015h\273P\007)M_\201hY"
 189      87A4DE8F 
 189      9A6E0D68 
 189      BB500729 
ARM GAS  C:\Users\8FEE~1\AppData\Local\Temp\ccgi8lVa.s 			page 14


 189      4D5F8168 
 190 0166 4A536F86 		.ascii	"JSo\206\022Ch\341\271\353\355\311UKr\215\354\247\371"
 190      124368E1 
 190      B9EBEDC9 
 190      554B728D 
 190      ECA7F9
 191 0179 278BDB3A 		.ascii	"'\213\333:\252O\345\340X\214>\325\"\322\346|(\312\037"
 191      AA4FE5E0 
 191      588C3ED5 
 191      22D2E67C 
 191      28CA1F
 192 018c 3EFFD689 		.ascii	">\377\326\211\025\021D\303\376\261\023\366\330\215>"
 192      151144C3 
 192      FEB113F6 
 192      D88D3E
 193 019b DF8D2848 		.ascii	"\337\215(H%h\027-R\221V\353\222\373\234Au\325\242EI"
 193      2568172D 
 193      529156EB 
 193      92FB9C41 
 193      75D5A245 
 194 01b0 5869AAB9 		.ascii	"Xi\252\271W\251B\356\332,\322\210y\372\305\247\361\273"
 194      57A942EE 
 194      DA2CD288 
 194      79FAC5A7 
 194      F1BB
 195 01c2 8D46252A 		.ascii	"\215F%*DZ\224\2070:\215\226\020\312\237\222\300G\031"
 195      445A9487 
 195      303A8D96 
 195      10CA9F92 
 195      C04719
 196 01d5 8D3B8D71 		.ascii	"\215;\215q\341F\207\325\012\224\217\334\320\031\344"
 196      E14687D5 
 196      0A948FDC 
 196      D019E4
 197 01e4 A64005C8 		.ascii	"\246@\005\310\2354Jp(\027\012s\240\020Z9u\"\376\270"
 197      9D344A70 
 197      28170A73 
 197      A0105A39 
 197      7522FEB8 
 198 01f8 1D3E8108 		.ascii	"\035>\201\010\003e\325\245\007\367UH\353n\325@\261\025"
 198      0365D5A5 
 198      07F75548 
 198      EB6ED540 
 198      B115
 199 020a 038CCCF3 		.ascii	"\003\214\314\363\274O\252\"\011\231\" s\326B\006\270"
 199      BC4FAA22 
 199      09992220 
 199      73D64206 
 199      B8
 200 021b 313F54BE 		.ascii	"1?T\276\355Z\240\"\251C\000\233T\244(&\363\346\004\236"
 200      ED5AA022 
 200      A943009B 
 200      54A42826 
 200      F3E6049E 
 201 022f 293B8768 		.ascii	");\207h\341\365\351\327\346\371\314\003J\342\234\221"
 201      E1F5E9D7 
 201      E6F9CC03 
ARM GAS  C:\Users\8FEE~1\AppData\Local\Temp\ccgi8lVa.s 			page 15


 201      4AE29C91 
 202 023f 5B69F398 		.ascii	"[i\363\230\007\026\200Z{w\354\236\343\307\207\250\227"
 202      0716805A 
 202      7B77EC9E 
 202      E3C787A8 
 202      97
 203 0250 C38D0B94 		.ascii	"\303\215\013\224h\375G\250\014\210\224\002\021\005:"
 203      68FD47A8 
 203      0C889402 
 203      11053A
 204 025f 8F3E866B 		.ascii	"\217>\206k\011R\261&'\357\207\015\333}\222nL\357\006"
 204      0952B126 
 204      27EF870D 
 204      DB7D926E 
 204      4CEF06
 205 0272 67D52E7E 		.ascii	"g\325.~t\326h\004\212F\025\301\241S\026\216\360\010"
 205      74D66804 
 205      8A4615C1 
 205      A153168E 
 205      F008
 206 0284 D793A80B 		.ascii	"\327\223\250\013\241l\324\011\031p\001}\002\2577wV\214"
 206      A16CD409 
 206      1970017D 
 206      02AF3777 
 206      568C
 207 0296 60DCC2E2 		.ascii	"`\334\302\342k\205\376\265\202\234\367\3166\271TP.\027"
 207      6B85FEB5 
 207      829CF7CE 
 207      36B95450 
 207      2E17
 208 02a8 252E87CE 		.ascii	"%.\207\316\346O)9\227\206\2776\031\315;\215\304[\200"
 208      E64F2939 
 208      9786BF36 
 208      19CD3B8D 
 208      C45B80
 209 02bb 42E51626 		.ascii	"B\345\026&\345r&\227(\223\3027O\3021\036dL\262\236L"
 209      E5722697 
 209      2893C237 
 209      4FC2311E 
 209      644CB29E 
 210 02d0 9C77942C 		.ascii	"\234w\224,\375\315\214%\322\247\313\026K\227\345\226"
 210      FDCD8C25 
 210      D2A7CB16 
 210      4B97E596 
 211 02e0 CCD45245 		.ascii	"\314\324REv\222\017\216\304\324PyY\333k\01574\364\223"
 211      76920F8E 
 211      C4D45079 
 211      59DB6B0D 
 211      3734F493 
 212 02f4 5994AE58 		.ascii	"Y\224\256X\014]\221\033\252\244\206r\233\217\226;\262"
 212      0C5D911B 
 212      AAA48672 
 212      9B8F963B 
 212      B2
 213 0305 3019DD48 		.ascii	"0\031\335H\246^\331]\314\365\021{\320\023\362\372J\021"
 213      A65ED95D 
 213      CCF5117B 
ARM GAS  C:\Users\8FEE~1\AppData\Local\Temp\ccgi8lVa.s 			page 16


 213      D013F2FA 
 213      4A11
 214 0317 D3E35C41 		.ascii	"\323\343\\A\037l\316Nvbq4\036CP\22069\031\241\302\207"
 214      1F6CCE4E 
 214      76627134 
 214      1E435090 
 214      363919A1 
 215 032d 18959E96 		.ascii	"\030\225\236\226\251Z\236\366\341j2\014J\036\037\230"
 215      A95A9EF6 
 215      E16A320C 
 215      4A1E1F98 
 216 033d A78D229E 		.ascii	"\247\215\"\236\245)H*\244$T\240\233$\247\220\207\033"
 216      A529482A 
 216      A42454A0 
 216      9B24A790 
 216      871B
 217 034f AA66F93B 		.ascii	"\252f\371;\376\340J\272\326%\216\242\215\306E*\032\243"
 217      FEE04ABA 
 217      D6258EA2 
 217      8DC6452A 
 217      1AA3
 218 0361 2A805FA7 		.ascii	"*\200_\247\360\032\344\"\275D\320\375\231\375\351\016"
 218      F01AE422 
 218      BD44D0FD 
 218      99FDE90E 
 219 0371 9CB91DE8 		.ascii	"\234\271\035\350\273\342{3\2349sB\354N\374\336\203*"
 219      BBE27B33 
 219      9C397342 
 219      EC4EFCDE 
 219      832A
 220 0383 CE948CD6 		.ascii	"\316\224\214\326\330{\361\377\211\323\031\317\373\205"
 220      D87BF1FF 
 220      89D319CF 
 220      FB85
 221 0391 070BD40C 		.ascii	"\007\013\324\014\373\234`G\2472\023\355l\362\274#\361"
 221      FB9C6047 
 221      A73213ED 
 221      6CF2BC23 
 221      F1
 222 03a2 BCCD78E6 		.ascii	"\274\315x\346G\366\237\322\300\333n0\025 a\036pc\363"
 222      47F69FD2 
 222      C0DB6E30 
 222      1520611E 
 222      7063F3
 223 03b5 40B1793C 		.ascii	"@\261y<O\2053hK\312\222\342\376d\2550\324?*3\032\027"
 223      4F853368 
 223      4BCA92E2 
 223      FE64AD30 
 223      D43F2A33 
 224 03cb A066E858 		.ascii	"\240f\350X\243%6n3#}\344\270\021\177\254@\237\271\241"
 224      A325366E 
 224      33237DE4 
 224      B8117FAC 
 224      409FB9A1 
 225 03df A5304C9B 		.ascii	"\2450L\233`\230\272\361a\332\000t\356\362q~\364\344"
 225      6098BAF1 
 225      61DA0074 
ARM GAS  C:\Users\8FEE~1\AppData\Local\Temp\ccgi8lVa.s 			page 17


 225      EEF2717E 
 225      F4E4
 226 03f1 35279CC7 		.ascii	"5'\234\307\0320%^)v\236i\000\206o\021\035\276\367\241"
 226      1A30255E 
 226      29769E69 
 226      00866F11 
 226      1DBEF7A1 
 227 0405 85164B0B 		.ascii	"\205\026K\013\315\310F\023\367\25471\376\360b\251\235"
 227      CDC84613 
 227      F7AC3731 
 227      FEF062A9 
 227      9D
 228 0416 251488DA 		.ascii	"%\024\210\332\253\203\372[\324#\2554\024w\244P\244\347"
 228      AB83FA5B 
 228      D423AD34 
 228      1477A450 
 228      A4E7
 229 0428 9A86ED89 		.ascii	"\232\206\355\211\373\302\177\230\365.c\344\220\275h"
 229      FBC27F98 
 229      F52E63E4 
 229      90BD68
 230 0437 BDED43D6 		.ascii	"\275\355C\326K\272\022\242yJ\246\223\311\364B\307\250"
 230      4BBA12A2 
 230      794AA693 
 230      C9F442C7 
 230      A8
 231 0448 791ED3BB 		.ascii	"y\036\323\273\211\373\337\016\037n\326\360@;\203~u<"
 231      89FBDF0E 
 231      1F6ED6F0 
 231      403B837E 
 231      753C
 232 045a 75D4119F 		.ascii	"u\324\021\237c\221\256|P\021\305#\275\034\324\235C\205"
 232      6391AE7C 
 232      5011C523 
 232      BD1CD49D 
 232      4385
 233 046c 290E3603 		.ascii	")\0166\003\335#\005\272\233\361\214\034HkW\312\023\262"
 233      DD2305BA 
 233      9BF18C1C 
 233      486B57CA 
 233      13B2
 234 047e 13E01D14 		.ascii	"\023\340\035\024\336Ky\366H<\223\236\276\3751\317Gq"
 234      DE4B79F6 
 234      483C939E 
 234      BEFD31CF 
 234      4771
 235 0490 CE77A173 		.ascii	"\316w\241s>:3x9U\313Y\222\011\361jcJ\216=\276\314X\276"
 235      3E3A3378 
 235      3955CB59 
 235      9209F16A 
 235      634A8E3D 
 236 04a8 88897CCD 		.ascii	"\210\211|\315\307\015\031t\367\216=|\243\265\311rPb"
 236      C70D1974 
 236      F78E3D7C 
 236      A3B5C972 
 236      5062
 237 04ba F988B18C 		.ascii	"\371\210\261\214I=\236f'g\371\020\340\375\024\376\230"
ARM GAS  C:\Users\8FEE~1\AppData\Local\Temp\ccgi8lVa.s 			page 18


 237      493D9E66 
 237      2767F910 
 237      E0FD14FE 
 237      98
 238 04cb B21C9458 		.ascii	"\262\034\224XF\345\306^\305,V?dU\2007n\246\227\230f"
 238      46E5C65E 
 238      C52C563F 
 238      64558037 
 238      6EA69798 
 239 04e0 0DCBA10F 		.ascii	"\015\313\241\017\331\177]\362\356\001\357v:&\036/o\215"
 239      D97F5DF2 
 239      EE01EF76 
 239      3A261E2F 
 239      6F8D
 240 04f2 E7EB40B7 		.ascii	"\347\353@\2678l]\371\260\015\033,\330\215\3615\346\207"
 240      386C5DF9 
 240      B00D1B2C 
 240      D88DF135 
 240      E687
 241 0504 F1A4C868 		.ascii	"\361\244\310h\015\003\377\025\250\325)\251\177k\323"
 241      0D03FF15 
 241      A8D529A9 
 241      7F6BD3
 242 0513 0DA3921B 		.ascii	"\015\243\222\033F\030\315K\365\017\312\034\344nx\006"
 242      4618CD4B 
 242      F50FCA1C 
 242      E46E7806 
 243 0523 F0A7143E 		.ascii	"\360\247\024>Fi\216J4\213+F3\245\331\203\320|\230\323"
 243      46698E4A 
 243      348B2B46 
 243      33A5D983 
 243      D07C98D3 
 244 0537 9BA1C5F5 		.ascii	"\233\241\305\365\214\306i\363\236j\036\216t\022\253"
 244      8CC669F3 
 244      9E6A1E8E 
 244      7412AB
 245 0546 E9949134 		.ascii	"\351\224\2214G\334\310*\245@\272\360@\336~\\R\250\304"
 245      47DCC82A 
 245      A540BAF0 
 245      40DE7E5C 
 245      52A8C4
 246 0559 1DACF27D 		.ascii	"\035\254\362}W\\\234=\177\223\344fWks\241#\356e\225"
 246      575C9C3D 
 246      7F93E466 
 246      576B73A1 
 246      23EE6595 
 247 056d 250337AB 		.ascii	"%\0037\253\2447Iet~\357\0365~\302\247\316\216G1\316"
 247      A4374965 
 247      747EEF1E 
 247      357EC2A7 
 247      CE8E4731 
 248 0582 78842937 		.ascii	"x\204)7\252v\376\026O\260\347\332\276\210\177f/E\220"
 248      AA76FE16 
 248      4FB0E7DA 
 248      BE887F66 
 248      2F4590
 249 0595 09FAFA89 		.ascii	"\011\372\372\211\302\243\230\371/\235\246\177\321\225"
ARM GAS  C:\Users\8FEE~1\AppData\Local\Temp\ccgi8lVa.s 			page 19


 249      C2A398F9 
 249      2F9DA67F 
 249      D195
 250 05a3 98F0F978 		.ascii	"\230\360\371x\232\202\347_\355\311N\321\240\305\374"
 250      9A82E75F 
 250      EDC94ED1 
 250      A0C5FC
 251 05b2 B7905CDC 		.ascii	"\267\220\\\334\027\0377F\204\031\315\217\242\360\245"
 251      171F3746 
 251      8419CD8F 
 251      A2F0A5
 252 05c1 DB354663 		.ascii	"\3335Fc\267\031\241\007\310\005\325\303\354\020\243"
 252      B719A107 
 252      C805D5C3 
 252      EC10A3
 253 05d0 5C3833EE 		.ascii	"\\83\356P-\365\223'\331\256\2627*\377\014\227\010\214"
 253      502DF593 
 253      27D9AEB2 
 253      372AFF0C 
 253      97088C
 254 05e3 9E00FA0D 		.ascii	"\236\000\372\015GKqG\257g\241\303\001\375\027\023E\223"
 254      474B7147 
 254      AF67A1C3 
 254      01FD1713 
 254      4593
 255 05f5 EC085332 		.ascii	"\354\010S2\364Lj]\025\321d\242\032\372\023\263\015a"
 255      F44C6A5D 
 255      15D164A2 
 255      1AFA13B3 
 255      0D61
 256 0607 41EFB96D 		.ascii	"A\357\271m)X<\261\004t\315\237-\350Wr\364K9\357\336"
 256      29583CB1 
 256      0474CD9F 
 256      2DE85772 
 256      F44B39EF 
 257 061c 3F59784F 		.ascii	"?YxO\311y{\310\300c\002xR\016~'7\335 \270\344\205\034"
 257      C9797BC8 
 257      C0630278 
 257      520E7E27 
 257      37DD20B8 
 258 0633 3D6E41C7 		.ascii	"=nA\307\3634\\\241R@\226\270\301:A\252\010\032F\027"
 258      F3345CA1 
 258      524096B8 
 258      C13A41AA 
 258      081A4617 
 259 0647 DAAF7447 		.ascii	"\332\257tG\273\225\213Q$H\024H,H8\310.\220h\220= \373"
 259      BB958B51 
 259      24481448 
 259      2C4838C8 
 259      2E906890 
 260 065e 40E24076 		.ascii	"@\342@v\202\354\005\211P.\246[Q\346\2206\301!\317\345"
 260      82EC0589 
 260      502EA65B 
 260      51E69036 
 260      C121CFE5 
 261 0672 0E1996BB 		.ascii	"\016\031\226\273o\202\243a\005E78ZZW\321\2659\356\023"
 261      6F82A361 
ARM GAS  C:\Users\8FEE~1\AppData\Local\Temp\ccgi8lVa.s 			page 20


 261      05453738 
 261      5A5A57D1 
 261      B539EE13 
 262 0686 FA3820EF 		.ascii	"\3728 \357c\337\034\333B '\344L\336Z\320l}j\231p\011"
 262      63DF1CDB 
 262      422027E4 
 262      4CDE5AD0 
 262      6C7D6A99 
 263 069c 331A1141 		.ascii	"3\032\021A)\370\332d\351\324\263w\256\007\214\306\352"
 263      29F8DA64 
 263      E9D4B377 
 263      AE078CC6 
 263      EA
 264 06ad A5646285 		.ascii	"\245db\205}\012\263%M\267p`\231\261\005Y?\325\322u\015"
 264      7D0AB325 
 264      4DB77060 
 264      99B10559 
 264      3FD5D275 
 265 06c2 61B38AAE 		.ascii	"a\263\212\256\201a\027\217\326\317C\356\013Y\033\365"
 265      8161178F 
 265      D6CF43EE 
 265      0B591BF5 
 266 06d2 931AD8BA 		.ascii	"\223\032\330\272\243\203\360r\274rf\005$-Z\217\013:"
 266      A383F072 
 266      BC726605 
 266      242D5A8F 
 266      0B3A
 267 06e4 00E1F8DF 		.ascii	"\000\341\370\337\010\015\031\254\261\205c\316\21613"
 267      080D19AC 
 267      B18563CE 
 267      8E3133
 268 06f3 7B6ECAC2 		.ascii	"{n\312\3022g%(\035\351\221\004\356\000\256\212\355H"
 268      32672528 
 268      1DE99104 
 268      EE00AE8A 
 268      ED48
 269 0705 E06BD349 		.ascii	"\340k\323I\262[\252\357\273\032\303\027\266t\242wD?"
 269      B25BAAEF 
 269      BB1AC317 
 269      B674A277 
 269      443F
 270 0717 F3C235B4 		.ascii	"\363\3025\264\213(\246\244\261Ses.<\254\344s\241\007"
 270      8B28A6A4 
 270      B1536573 
 270      2E3CACE4 
 270      73A107
 271 072a 9D0AFB6F 		.ascii	"\235\012\373o\027\024\315\347Sa\2704\025Z\320&\245\213"
 271      1714CDE7 
 271      5361B834 
 271      155AD026 
 271      A58B
 272 073c F40E41F7 		.ascii	"\364\016A\367\246\366\2668\341&\326ND^G'_l\017\023\016"
 272      A6F6B638 
 272      E126D64E 
 272      445E4727 
 272      5F6C0F13 
 273 0751 91D9DD55 		.ascii	"\221\331\335U\010?`\225\257wu\266c\334\315\224S\243"
ARM GAS  C:\Users\8FEE~1\AppData\Local\Temp\ccgi8lVa.s 			page 21


 273      083F6095 
 273      AF7775B6 
 273      63DCCD94 
 273      53A3
 274 0763 45E19C6D 		.ascii	"E\341\234m\034A\216\304'\306\314\307\217Xej\332\273"
 274      1C418EC4 
 274      27C6CCC7 
 274      8F58656A 
 274      DABB
 275 0775 1FE367EC 		.ascii	"\037\343g\354\371tG\3169>\325\276!\013\343\263\210\207"
 275      F97447CE 
 275      393ED5BE 
 275      210BE3B3 
 275      8887
 276 0787 DDFCC58F 		.ascii	"\335\374\305\217A-\270\030\361\224\237\215\314d>\233"
 276      412DB818 
 276      F1949F8D 
 276      CC643E9B 
 277 0797 3C39F011 		.ascii	"<9\360\021~\311^\275y\342\302$gC\232xz j\310\311\246"
 277      7EC95EBD 
 277      79E2C224 
 277      67439A78 
 277      7A206AC8 
 278 07ad 13B22427 		.ascii	"\023\262$'d*\331\272u\340a\266\263|A\310\200\240\037"
 278      642AD9BA 
 278      75E061B6 
 278      B37C41C8 
 278      80A01F
 279 07c0 57127836 		.ascii	"W\022x6\365B\226\344\205\276\214\353cv|\373"
 279      F54296E4 
 279      85BE8CEB 
 279      63767CFB 
 280 07d0 4858EEBA 		.ascii	"HX\356\272{\360\357\3604\243q\244)-J\215w\251\2512i"
 280      7BF0EFF0 
 280      34A371A4 
 280      292D4A8D 
 280      77A9A932 
 281 07e5 8A33F31D 		.ascii	"\2123\363\035\361 \001&W\232\266\342\375\254n`\274\277"
 281      F1200126 
 281      579AB6E2 
 281      FDAC6E60 
 281      BCBF
 282 07f7 0FE144A6 		.ascii	"\017\341D\246\264\014uv\361U\244\233\000\007\0333\037"
 282      B40C7576 
 282      F155A49B 
 282      00071B33 
 282      1F
 283 0808 A9711A47 		.ascii	"\251q\032G&\226Whp&S\232\023n%\251\030\362>AN\345dN"
 283      26965768 
 283      7026539A 
 283      136E25A9 
 283      18F23E41 
 284 0820 39E01C56 		.ascii	"9\340\034V9djLw\306EL\311xUX\314W\327;\0049]\371\372"
 284      39646A4C 
 284      77C6454C 
 284      C9785558 
 284      CC57D73B 
ARM GAS  C:\Users\8FEE~1\AppData\Local\Temp\ccgi8lVa.s 			page 22


 285 0839 BE132E67 		.ascii	"\276\023.g\225\217\232r\302\355\360u\246\234\313*:\315"
 285      958F9A72 
 285      C2EDF075 
 285      A69CCB2A 
 285      3ACD
 286 084b 91D504F9 		.ascii	"\221\325\004\371\3244\3224\037\327\261\312\364\251\370"
 286      D434D234 
 286      1FD7B1CA 
 286      F4A9F8
 287 085a E3F3A44D 		.ascii	"\343\363\244M@\324\017\331\004T\365d$\363 \232\211\271"
 287      40D40FD9 
 287      0454F564 
 287      24F3209A 
 287      89B9
 288 086c 5717CDD0 		.ascii	"W\027\315\320V#3g\332U\271\333\016\2672e\177x\347w\014"
 288      56233367 
 288      DA55B9DB 
 288      0EB73265 
 288      7F78E777 
 289 0881 F81FA0ED 		.ascii	"\370\037\240\355=\234\035g\307\242\333M\326\331\367"
 289      3D9C1D67 
 289      C7A2DB4D 
 289      D6D9F7
 290 0890 ED61534A 		.ascii	"\355aSJVM\366j\357vv\306\332\216\250Y\212\350e\026\321"
 290      564DF66A 
 290      EF7676C6 
 290      DA8EA859 
 290      8AE86516 
 291 08a5 DB9971E1 		.ascii	"\333\231q\341*yD/AD+hD\257\320\210\232\245\210\346\326"
 291      2A79442F 
 291      41442B68 
 291      44AFD088 
 291      9AA588E6 
 292 08ba DD68E7FE 		.ascii	"\335h\347\376\217\"\211\225w\361i4\357\302\013\262p"
 292      8F228995 
 292      77F16934 
 292      EFC20BB2 
 292      70
 293 08cb C7DCE8CF 		.ascii	"\307\334\350\317\237\317WR\262\333\310\331\325\232\306"
 293      9FCF5752 
 293      B2DBC8D9 
 293      D59AC6
 294 08da 371FEDE4 		.ascii	"7\037\355\344\375\307e\227[46\271UI\334\2563n\311M\327"
 294      FDC76597 
 294      5B3436B9 
 294      5549DCAE 
 294      336EC94D 
 295 08ef 22EDE5DC 		.ascii	"\"\355\345\334\256\001\267\253\224\333\015\312\255J"
 295      AE01B7AB 
 295      94DB0DCA 
 295      AD4A
 296 08fd E236F4F2 		.ascii	"\3426\364\362\341\264\006w1\217\245\026\037\374-~\310"
 296      E1B40677 
 296      318FA516 
 296      1FFC2D7E 
 296      C8
 297 090e 9E7347E3 		.ascii	"\236sG\3433\021\036fJT\317\356F\276axC\367\315{\342"
ARM GAS  C:\Users\8FEE~1\AppData\Local\Temp\ccgi8lVa.s 			page 23


 297      33111E66 
 297      4A54CFEE 
 297      46BE6178 
 297      43F7CD7B 
 298 0923 EB9CF138 		.ascii	"\353\234\3618\253\254:\224\222\350\200_3e\372qk\006"
 298      ABAC3A94 
 298      92E8805F 
 298      3365FA71 
 298      6B06
 299 0935 EFDB08FD 		.ascii	"\357\333\010\375\3141\231V\312uWa[\342\312\267%=1)I"
 299      CC319956 
 299      CA755761 
 299      5BE2CAB7 
 299      253D3129 
 300 094a 08BFE709 		.ascii	"\010\277\347\011\275\247\302d\373\360\323 \365\363\014"
 300      BDA7C264 
 300      FBF0D320 
 300      F5F30C
 301 0959 4B84B711 		.ascii	"K\204\267\021\245\335H\336\317;\320\317\333\264\237"
 301      A5DD48DE 
 301      CF3BD0CF 
 301      DBB49F
 302 0968 8DB49F0D 		.ascii	"\215\264\237\015R?\243\233\333\317\316B\237W~\000\335"
 302      523FA39B 
 302      DBCFCE42 
 302      9F577E00 
 302      DD
 303 0979 38702C82 		.ascii	"8p,\202\017\367;\364\213\012\377h\340\302>\032H\373"
 303      0FF73BF4 
 303      8B0AFF68 
 303      E0C23E1A 
 303      48FB
 304 098b 2757BE7F 		.ascii	"'W\276\177\032\337\037\327\211p\244\035\333\350\217"
 304      1ADF1FD7 
 304      8970A41D 
 304      DBE88F
 305 099a 1564F377 		.ascii	"\025d\363wI\236E\231\306\356\314\267\331\2516\251S\255"
 305      499E4599 
 305      C6EECCB7 
 305      D9A936A9 
 305      53AD
 306 09ac 2C78AD6F 		.ascii	",x\255o\256\267\251\345\235\272\0074[(\315\007\224f"
 306      AEB7A9E5 
 306      9DBA0734 
 306      5B28CD07 
 306      9466
 307 09be 9B44B3B3 		.ascii	"\233D\263\263\3104`/\357\224M\364\236\353\347\252x\032"
 307      C834602F 
 307      EF944DF4 
 307      9EEBE7AA 
 307      781A
 308 09d0 5613FD5D 		.ascii	"V\023\375]\361\331\323j\274\227\261\316H9Y\250\301\007"
 308      F1D9D36A 
 308      BC97B1CE 
 308      483959A8 
 308      C107
 309 09e2 9952FA2C 		.ascii	"\231R\372,\247\324\211\2171\232R\345/j\370\372\240\021"
ARM GAS  C:\Users\8FEE~1\AppData\Local\Temp\ccgi8lVa.s 			page 24


 309      A7D4898F 
 309      319A52E5 
 309      2F6AF8FA 
 309      A011
 310 09f4 AA5D7975 		.ascii	"\252]yu\345\376\214\0258\331\356\007,\017\375Rw\227"
 310      E5FE8C15 
 310      38D9EE07 
 310      2C0FFD52 
 310      7797
 311 0a06 D2DE2656 		.ascii	"\322\336&V$\236\23331\366\002\377\036\312\377!\345\337"
 311      249E9B33 
 311      31F602FF 
 311      1ECAFF21 
 311      E5DF
 312 0a18 2FF13FF3 		.ascii	"/\361?\363r\374\202V\336[\233\350\223\003\251\261<\014"
 312      72FC8256 
 312      DE5B9BE8 
 312      9303A9B1 
 312      3C0C
 313 0a2a 5F827AF8 		.ascii	"_\202z\370\355\261!'|\214\221|\372l2\337\031g1\245\274"
 313      EDB12127 
 313      7C8C917C 
 313      FA6C32DF 
 313      196731A5 
 314 0a3f F46215EF 		.ascii	"\364b\025\357\334R2\370r\257\324\317\3039\254n2\356"
 314      DC5232F8 
 314      72AFD4CF 
 314      C339AC6E 
 314      32EE
 315 0a51 6891032E 		.ascii	"h\221\003.dJ\312x\307c\236\312\356\244\327\031G\016"
 315      644ACA78 
 315      C7639ECA 
 315      EEA4D719 
 315      470E
 316 0a63 38E01256 		.ascii	"8\340\022V7\035\027e\262\307\345LI\250O\310\230\207"
 316      371D1765 
 316      B2C7E54C 
 316      49A84FC8 
 316      9887
 317 0a75 CD4C7937 		.ascii	"\315Ly7\230\320\312giG\341\024\342\312O!\346\354\204"
 317      98D0CA67 
 317      6947E114 
 317      E2CA4F21 
 317      E6EC84
 318 0a88 BFC7550C 		.ascii	"\277\307U\014z\2575\342<\207\316\0035\256\266\353W6"
 318      7AAF35E2 
 318      3C87CE03 
 318      35AEB6EB 
 318      5736
 319 0a9a 3DF952F2 		.ascii	"=\371R\362\344\013\22685\325\267\366\251\344\347\344"
 319      E40B9638 
 319      35D5B7F6 
 319      A9E4E7E4 
 320 0aaa 3170CE28 		.ascii	"1p\316(u\316+\352\234\227\222s2L\341\023j\371\271\327"
 320      75CE2BEA 
 320      9C979273 
 320      324CE113 
ARM GAS  C:\Users\8FEE~1\AppData\Local\Temp\ccgi8lVa.s 			page 25


 320      6AF9B9D7 
 321 0abe 26BAA2A1 		.ascii	"&\272\242\241}\005\256e\034_\326\267\367 |\233)\021"
 321      7D05AE65 
 321      1C5FD6B7 
 321      F7207C9B 
 321      2911
 322 0ad0 B537B3ED 		.ascii	"\2657\263\355q#S\206O\325U\303\334\313\224\376\201\211"
 322      71235386 
 322      4FD555C3 
 322      DCCB94FE 
 322      8189
 323 0ae2 328C3B99 		.ascii	"2\214;\231\2225||\237\003\356c\312\215\274\233I\374"
 323      92357C7C 
 323      9F03EE63 
 323      CA8DBC9B 
 323      49FC
 324 0af4 18964B96 		.ascii	"\030\226K\226\322\311\366\313\317\035\271C\376\221,"
 324      D2C9F6CB 
 324      CF1DB943 
 324      FE912C
 325 0b03 77B72ED7 		.ascii	"w\267.\3279\342\307\024\374yVRn\231\375\314)\342C\277"
 325      39E2C714 
 325      FC795652 
 325      6E99FDCC 
 325      29E243BF 
 326 0b17 85ECE62E 		.ascii	"\205\354\346.\351\354(0\265\007\237>k4F\333\321\303"
 326      E9EC2830 
 326      B5079F3E 
 326      6B3446DB 
 326      D1C3
 327 0b29 C029D884 		.ascii	"\300)\330\204eb\3410p\222\3666\037\261Md\002\2740\026"
 327      6562E130 
 327      7092F636 
 327      1FB14D64 
 327      02BC3016 
 328 0b3d 85D9E181 		.ascii	"\205\331\341\201\344V\247\034\3371\013O7\2351\034\017"
 328      E456A71C 
 328      DF310B4F 
 328      379D311C 
 328      0F
 329 0b4e 5B19744E 		.ascii	"[\031tN\216/\236c\277-F\260_.\307_\230\205'\035\230"
 329      8E2F9E63 
 329      BF2D46B0 
 329      5F2EC75F 
 329      9885271D 
 330 0b63 F8CE7296 		.ascii	"\370\316r\226\231\224\303=\344\350\241hl\201\337\224"
 330      9994C33D 
 330      E4E8A168 
 330      6C81DF94 
 331 0b73 C3D91962 		.ascii	"\303\331\031b\026\376{\013|D\016\357\237\003o\333#\230"
 331      16FE7B0B 
 331      7C440EEF 
 331      9F036FDB 
 331      2398
 332 0b85 CF97E3CF 		.ascii	"\317\227\343\317\314!_\031%\340\207\345\370!\245\354"
 332      CC215F19 
 332      25E087E5 
ARM GAS  C:\Users\8FEE~1\AppData\Local\Temp\ccgi8lVa.s 			page 26


 332      F821A5EC 
 333 0b95 DC36249A 		.ascii	"\3346$\232\317\225\303s\346\230\257\021\361g\345\370"
 333      CF95C373 
 333      E698AF11 
 333      F167E5F8 
 334 0ba5 C2B97444 		.ascii	"\302\271tD|\221u\274Hg\257\000O\226\303\017\311\341"
 334      7C9175BC 
 334      4867AF00 
 334      4F96C30F 
 334      C9E1
 335 0bb7 1322DC88 		.ascii	"\023\"\334\210e\360D9|Lp\375s\271\361\247rt\245\200"
 335      65F04439 
 335      7C4C70FD 
 335      73B9F1A7 
 335      7274A580 
 336 0bcb 7E2747F7 		.ascii	"~'G\367\210h\232\304\337Yr\354\275\325\244\021O\264"
 336      88689AC4 
 336      DF5972EC 
 336      BDD5A411 
 336      4FB4
 337 0bdd 31989D9B 		.ascii	"1\230\235\233`\323B\317:\004-me\370)K\364b\203\030\324"
 337      60D342CF 
 337      3A042D6D 
 337      65F8294B 
 337      F4628318 
 338 0bf2 C772EB8F 		.ascii	"\307r\353\217\344\\\206\304\001\325e}@\211\247qq<\335"
 338      E45C86C4 
 338      01D5657D 
 338      4089A771 
 338      713CDD
 339 0c05 403278E9 		.ascii	"@2x\351\234\361W\023-\340\337\313\361\365sr\240W\214"
 339      9CF15713 
 339      2DE0DFCB 
 339      F1F57372 
 339      A0578C
 340 0c18 52AA9C4E 		.ascii	"R\252\234N\312\034|\203\340\370\267rx\313\234\240\212"
 340      CA1C7C83 
 340      E0F8B772 
 340      78CB9CA0 
 340      8A
 341 0c29 E3AF5A0E 		.ascii	"\343\257Z\016\257\224w\266r/w=\234\000\320\011\016\227"
 341      AF9477B6 
 341      722F773D 
 341      9C00D009 
 341      0E97
 342 0c3b CE05E8D8 		.ascii	"\316\005\350\330,\353\3448\374=\\\302\340\360\003\350"
 342      2CEBE438 
 342      FC3D5CC2 
 342      E0F003E8 
 343 0c4b 718E96E6 		.ascii	"q\216\226\346l~\224\020\270\364\212\331\236g}4\211\351"
 343      6C7E9410 
 343      B8F48AD9 
 343      9E677D34 
 343      89E9
 344 0c5d 2B74F499 		.ascii	"+t\364\231\365|\234\345\027\321\217G\345\370#s\307\252"
 344      F57C9CE5 
 344      17D18F47 
ARM GAS  C:\Users\8FEE~1\AppData\Local\Temp\ccgi8lVa.s 			page 27


 344      E5F82373 
 344      C7AA
 345 0c6f 607EC27A 		.ascii	"`~\302z\002\317\202\213I\366\304\372\314!N\253\275\342"
 345      02CF828B 
 345      49F6C4FA 
 345      CC214EAB 
 345      BDE2
 346 0c81 B45A26C7 		.ascii	"\264Z&\307\227\312\223\262!Z\200\327\311\341\265s\340"
 346      97CA93B2 
 346      215A80D7 
 346      C9E1B573 
 346      E0
 347 0c92 A2F58BD6 		.ascii	"\242\365\213\326'm\301\225mB_\337X\317\031\306]\374"
 347      276DC195 
 347      6D425FDF 
 347      58CF19C6 
 347      5DFC
 348 0ca4 06300D81 		.ascii	"\0060\015\201\234\242u\004N>\000\344bw\024\217\027\243"
 348      9CA27504 
 348      4E3E00E4 
 348      6277148F 
 348      17A3
 349 0cb6 48903890 		.ascii	"H\2208\220\243 \207AN\200\244\200\354\006\331\017\222"
 349      A3208741 
 349      4E80A480 
 349      EC06D90F 
 349      92
 350 0cc7 06120D92 		.ascii	"\006\022\015\222\016r\020$\037\244\020$\001d'H\026H"
 350      0E721024 
 350      1FA41024 
 350      01642748 
 350      1648
 351 0cd9 11C82190 		.ascii	"\021\310!\220\343 g@N\201\354\0021\201\024\200\234\006"
 351      E3206740 
 351      4E81EC02 
 351      31811480 
 351      9C06
 352 0ceb 39009201 		.ascii	"9\000\222\001\022\001r\014$\021\344$H8\310^\220= \305"
 352      1201720C 
 352      2411E424 
 352      4838C85E 
 352      903D20C5 
 353 0cff 205120A9 		.ascii	" Q \251 1 gA\302@\222Ar@\216\200\344\201$\201\354\003"
 353      20312067 
 353      41C24092 
 353      4172408E 
 353      80E48124 
 354 0d16 C90689C5 		.ascii	"\311\006\211\305\322\367\242\004\310\337\211(\236\363"
 354      D2F7A204 
 354      C8DF8928 
 354      9EF3
 355 0d24 ED90C5F7 		.ascii	"\355\220\305\367\271w\244-+j\226\017\221\261\275\302"
 355      B977A42D 
 355      2B6A960F 
 355      91B1BDC2 
 356 0d34 F84EB23E 		.ascii	"\370N\262>\011\213\2113\026#$N\211\365\365X\210l\257"
 356      098B8933 
ARM GAS  C:\Users\8FEE~1\AppData\Local\Temp\ccgi8lVa.s 			page 28


 356      1623244E 
 356      89F5F558 
 356      886CAF
 357 0d47 980835D6 		.ascii	"\230\0105\326\027Lq\032\026\255\207\311\341}rx\2158"
 357      174C711A 
 357      16AD87C9 
 357      E17D7278 
 357      8D38
 358 0d59 48D2AD0F 		.ascii	"H\322\255\017\022\341\223\324\300\024\373$\005\250\331"
 358      12E193D4 
 358      C014FB24 
 358      05A8D9
 359 0d68 9FA488AD 		.ascii	"\237\244\210\255\316\275\342N&\315\372\314%\364\254"
 359      CEBDE24E 
 359      26CDFACC 
 359      25F4AC
 360 0d77 4DECD92D 		.ascii	"M\354\331-\353)>km\027G\334\240\365i}\326\306'\232\307"
 360      EB293E6B 
 360      6D1747DC 
 360      A0F5697D 
 360      D6C6279A 
 361 0d8c 11CE93F4 		.ascii	"\021\316\223\364\303\037\301K\247L>\325\315\214P2yI"
 361      C31FC14B 
 361      A74C3ED5 
 361      CD8C5032 
 361      7949
 362 0d9e 711F007C 		.ascii	"q\037\000|\037\267/m\336Q\367\234\231T\234\275N[\337"
 362      1FB72F6D 
 362      DE51F79C 
 362      99549CBD 
 362      4E5BDF
 363 0db1 B7795AAC 		.ascii	"\267yZ\254WJl\232\300\372]\016\227Nw\374\273\273`\275"
 363      574A6C9A 
 363      C0FA5D0E 
 363      974E77FC 
 363      BBBB60BD 
 364 0dc5 41B45E60 		.ascii	"A\264^`}##}\337\253\357J\254W\341\347t?\252\274\333"
 364      7D23237D 
 364      DFABEF4A 
 364      AC57E1E7 
 364      743FAABC 
 365 0dda F3EA901A 		.ascii	"\363\352\220\032-t\2676rQ)\014\330\377\257\203\227e"
 365      2D74B736 
 365      7251290C 
 365      D8FFAF83 
 365      9765
 366 0dec 68D53E1C 		.ascii	"h\325>\034N2\264\004zy\016\317|\321$\011K}\325\324\324"
 366      4E32B404 
 366      7A790ECF 
 366      7CD12409 
 366      4B7DD5D4 
 367 0e01 BA4F2D7E 		.ascii	"\272O-~t,\021\374\252@e\230}t\204;\371V\223\366\"\337"
 367      742C11FC 
 367      AA406598 
 367      7D74843B 
 367      F95693F6 
 368 0e17 0EBF61A7 		.ascii	"\016\277a\247\202\343\203u7\371!\354'\344;\324\301\341"
ARM GAS  C:\Users\8FEE~1\AppData\Local\Temp\ccgi8lVa.s 			page 29


 368      82E38375 
 368      37F921EC 
 368      27E43BD4 
 368      C1E1
 369 0e29 58C40E05 		.ascii	"X\304\016\005\203\344\200}\254n\374\220\026\357\262"
 369      83E4807D 
 369      AC6EFC90 
 369      16EFB2
 370 0e38 A7D8B28A 		.ascii	"\247\330\262\212\247\313\030\224\374\033\342\356\221"
 370      A7CB1894 
 370      FC1BE2EE 
 370      91
 371 0e45 E45E64F3 		.ascii	"\344^d\363\230t\011\363cR\005\246\307\244\3467\025\023"
 371      987409F3 
 371      635205A6 
 371      C7A4E637 
 371      1513
 372 0e57 8E783F35 		.ascii	"\216x?5\244\352\316\030{b\207\334\335\020\322\202\320"
 372      A4EACE18 
 372      7B6287DC 
 372      DD10D282 
 372      D0
 373 0e68 2EC24F03 		.ascii	".\302O\003\351\213\265\3502\306|\000*\222\215`~\344"
 373      E98BB5E8 
 373      32C67C00 
 373      2A928D60 
 373      7EE4
 374 0e7a 7B526CED 		.ascii	"{Rl\355?\227f\210u%m\347*vCW\240\241d\243\206\226\220"
 374      3F976688 
 374      75256DE7 
 374      2A764357 
 374      A0A164A3 
 375 0e91 6F8EAFB3 		.ascii	"o\216\257\26325\342I\213\330.\007\334\005L\370]\303"
 375      3235E249 
 375      8BD82E07 
 375      DC054CF8 
 375      5DC3
 376 0ea3 2E124B82 		.ascii	".\022K\202\216\253;\306\376+H\332\210\372`\033\200>"
 376      8EAB3BC6 
 376      FE2B48DA 
 376      88FA601B 
 376      803E
 377 0eb5 D495DCA1 		.ascii	"\324\225\334\241\025m_\377\220\355W\271\375\367\346"
 377      156D5FFF 
 377      90ED57B9 
 377      FDF7E6
 378 0ec4 FD34C378 		.ascii	"\3754\303x\307l4\277\253]\232\262\323l\014_\201\252"
 378      C76C34BF 
 378      AB5D9AB2 
 378      D36C0C5F 
 378      81AA
 379 0ed6 B00BBA08 		.ascii	"\260\013\272\010\2414\243O\204W\317C\311Z\245\002\335"
 379      A134A34F 
 379      8457CF43 
 379      C95AA502 
 379      DD
 380 0ee7 C03F552C 		.ascii	"\300?U,\010\374}\300\346\225\201\0337m3\2547l\016\015"
ARM GAS  C:\Users\8FEE~1\AppData\Local\Temp\ccgi8lVa.s 			page 30


 380      08FC7DC0 
 380      E695811B 
 380      376D33AC 
 380      376C0E0D 
 381 0efb 0AD6FCD7 		.ascii	"\012\326\374\327\317\327-\322yz*\264\376\376;\002\002"
 381      CFD72DD2 
 381      797A2AB4 
 381      FEFE3B02 
 381      02
 382 0f0c 433F5BE6 		.ascii	"C?[\346\037\372\227-\377\266a\363\326\200M\001!\241"
 382      1FFA972D 
 382      FFB661F3 
 382      D6804D01 
 382      21A1
 383 0f1e 3BB60404 		.ascii	";\266\004\004\371\177\023l\370}\200\341\017\236\377"
 383      F97F136C 
 383      F87D80E1 
 383      0F9EFF
 384 0f2d 2A966E08 		.ascii	"*\226n\010\015\012\332\026\262\3417\201;\026\321\247"
 384      0D0ADA16 
 384      B2E13781 
 384      3B16D1A7 
 385 0f3d 451B83B7 		.ascii	"E\033\203\267/2l\337d\330\262\305\260e\303\027K>[\264"
 385      2F326CDF 
 385      64D8B2C5 
 385      B065C317 
 385      4B3E5BB4 
 386 0f51 6CA9E7F2 		.ascii	"l\251\347\362\337yn\200\362\237\005\006\005\032~f\330"
 386      DF796E80 
 386      F29F0506 
 386      051A7E66 
 386      D8
 387 0f62 B8296043 		.ascii	"\270)`C@\340\346m;\266\0306l\337\010\266\002\015\033"
 387      40E0E66D 
 387      3BB61836 
 387      6CDF08B6 
 387      020D1B
 388 0f75 FCB7187E 		.ascii	"\374\267\030~\275q\307\266P\377\320o\2771\204,\331\252"
 388      BD71C7B6 
 388      50FFD06F 
 388      BF31842C 
 388      D9AA
 389 0f87 D0482C7E 		.ascii	"\320H,~\367\177\300\"\344\333\220\015\376!\241[\240"
 389      F77FC022 
 389      E4DB900D 
 389      FE21A15B 
 389      A0
 390 0f98 4968FA8B 		.ascii	"Ih\372\213%K<\330"
 390      254B3CD8 
 391 0fa0 1F6D2128 		.ascii	"\037m!(\304s\371\027\036A!\036[7n\363\370&(84\304cs"
 391      C473F917 
 391      1E41211E 
 391      5B376EF3 
 391      F8262838 
 392 0fb8 D0F6ED41 		.ascii	"\320\366\355A\201\036^\3725\2725\177\364 \276\\\262"
 392      811E5EFA 
 392      35BA357F 
ARM GAS  C:\Users\8FEE~1\AppData\Local\Temp\ccgi8lVa.s 			page 31


 392      F420BE5C 
 392      B2
 393 0fc9 59F12372 		.ascii	"Y\361#r\367\016\010\2618\325\215\224\370\031B\375\276"
 393      F70E08B1 
 393      38D58D94 
 393      F81942FD 
 393      BE
 394 0fda 0D09356C 		.ascii	"\015\0115l_\2751p\3136C\260op@Pp@\350\2674\004\272m"
 394      5FBD3170 
 394      CB3643B0 
 394      6F704050 
 394      7040E8B7 
 395 0ff2 868DC1BE 		.ascii	"\206\215\301\276\206@h\3717\016\372\225~+"
 395      864068F9 
 395      370EFA95 
 395      7E2B
 396 1000 F5EB577A 		.ascii	"\365\353Wz\377\213\322\307\327\201\205\341K\377P{~\237"
 396      FF8BD2C7 
 396      D78185E1 
 396      4BFF507B 
 396      7E9F
 397 1012 A9FE5CE5 		.ascii	"\251\376\\\345\343\365\225~F\375L\345\243\363\265\250"
 397      E3F5957E 
 397      46FD4CE5 
 397      A3F3B5A8 
 398 1022 CB543E7E 		.ascii	"\313T>~\276z\215\236i\236P\271\322R\271\024*W\352U~"
 398      BE7A8D9E 
 398      699E50B9 
 398      D252B914 
 398      2A57EA55 
 399 1037 6B7DF4FF 		.ascii	"k}\364\377n\243\223\274k\206?\206z\350\326\370\371\370"
 399      6EA393BC 
 399      6B863F86 
 399      7AE8D6F8 
 399      F9F8
 400 1049 79701F41 		.ascii	"yp\037AE\260\301\177\363\366\345\340 \207\237\257\367"
 400      45B0C17F 
 400      F3F6E5E0 
 400      20879FAF 
 400      F7
 401 105a D1F9AF85 		.ascii	"\321\371\257\205H\315X\376\322\316k\365W~:\275J\347"
 401      48CD58FE 
 401      D2CE6BF5 
 401      577E3ABD 
 401      4AE7
 402 106c A5D39367 		.ascii	"\245\323\223g_\270y\257\325\255\201\233\017\275\315"
 402      5FB879AF 
 402      D5AD819B 
 402      0FBDCD
 403 107b 4097DB79 		.ascii	"@\227\333y\353t>~\277\324\220\333\232\365^:5<\370\375"
 403      EB743E7E 
 403      BFD490DB 
 403      9AF55E3A 
 403      353CF8FD 
 404 108f D21EAE44 		.ascii	"\322\036\256D\343\367uP\352CK)\306\336\207\336\327\315"
 404      E3F77550 
 404      EA434B29 
ARM GAS  C:\Users\8FEE~1\AppData\Local\Temp\ccgi8lVa.s 			page 32


 404      C6DE87DE 
 404      D7CD
 405 10a1 58F98294 		.ascii	"X\371\202\224x}\375\365:\365\232\365\253\364\313\350"
 405      787DFDF5 
 405      3AF59AF5 
 405      ABF4CBE8 
 406 10b1 D5935E97 		.ascii	"\325\223^\227\252u\276\204\204\316\317o\345\327p\323"
 406      AA75BE84 
 406      84CECF6F 
 406      E5D770D3 
 407 10c1 F9F978EB 		.ascii	"\371\371x\353\261n\255^\255\373\032\236\354}\274\375"
 407      B16EAD5E 
 407      ADFB1A9E 
 407      EC7DBCFD 
 408 10d1 7DFCBC80 		.ascii	"}\374\274\200\226\267\377\232U\364\346\305n\336\354"
 408      96B7FF9A 
 408      55F4E6C5 
 408      6EDEEC
 409 10e0 E6BB4AAF 		.ascii	"\346\273J\257\362Z\345\247W}\265\312K\257^\263\006\256"
 409      F25AE5A7 
 409      577DB5CA 
 409      4BAF5EB3 
 409      06AE
 410 10f2 2A6FA2AF 		.ascii	"*o\242\257&\027\035\\\324~\253u\360\350\267\332\027"
 410      26171D5C 
 410      D47EAB75 
 410      F0E8B7DA 
 410      17
 411 1103 ECEAF418 		.ascii	"\354\352\364\030\372\255\366\362\321C\357\327\257\375"
 411      FAADF6F2 
 411      D143EFD7 
 411      AFFD
 412 1111 851E5C0E 		.ascii	"\205\036\\\016\020\235\357:\037o\265\327W\000\327\370"
 412      109DEF3A 
 412      1F6FB5D7 
 412      5700D7F8 
 413 1121 E9BEA2DE 		.ascii	"\351\276\242\336r\362\367\377\365\216\300\315\376\376"
 413      72F2F7FF 
 413      F58EC0CD 
 413      FEFE
 414 112f 4B967FB9 		.ascii	"K\226\177\271\364s\215\244\2516o\335\030\374?V\311\000"
 414      F4738DA4 
 414      A9366FDD 
 414      18FC3F56 
 414      C900
 415 1141 77       		.ascii	"w"
 416              		.text
 417              		.section	.gnu.lto_.symtab.9547b283,"",%progbits
 418 0000 6E766963 		.ascii	"nvicEnableVector\000"
 418      456E6162 
 418      6C655665 
 418      63746F72 
 418      00
 419 0011 00       		.ascii	"\000"
 420 0012 00       		.ascii	"\000"
 421 0013 00       		.ascii	"\000"
 422 0014 00000000 		.ascii	"\000\000\000\000\000\000\000\000"
ARM GAS  C:\Users\8FEE~1\AppData\Local\Temp\ccgi8lVa.s 			page 33


 422      00000000 
 423 001c BA000000 		.ascii	"\272\000\000\000"
 424 0020 6E766963 		.ascii	"nvicDisableVector\000"
 424      44697361 
 424      626C6556 
 424      6563746F 
 424      7200
 425 0032 00       		.ascii	"\000"
 426 0033 00       		.ascii	"\000"
 427 0034 00       		.ascii	"\000"
 428 0035 00000000 		.ascii	"\000\000\000\000\000\000\000\000"
 428      00000000 
 429 003d BE000000 		.ascii	"\276\000\000\000"
 430 0041 6E766963 		.ascii	"nvicSetSystemHandlerPriority\000"
 430      53657453 
 430      79737465 
 430      6D48616E 
 430      646C6572 
 431 005e 00       		.ascii	"\000"
 432 005f 00       		.ascii	"\000"
 433 0060 00       		.ascii	"\000"
 434 0061 00000000 		.ascii	"\000\000\000\000\000\000\000\000"
 434      00000000 
 435 0069 C0000000 		.ascii	"\300\000\000\000"
 436 006d 6E766963 		.ascii	"nvicClearPending\000"
 436      436C6561 
 436      7250656E 
 436      64696E67 
 436      00
 437 007e 00       		.ascii	"\000"
 438 007f 00       		.ascii	"\000"
 439 0080 00       		.ascii	"\000"
 440 0081 00000000 		.ascii	"\000\000\000\000\000\000\000\000"
 440      00000000 
 441 0089 C2000000 		.ascii	"\302\000\000\000"
 442              		.text
 443              		.section	.gnu.lto_.opts,"",%progbits
 444 0000 272D666D 		.ascii	"'-fmath-errno' '-fsigned-zeros' '-ftrapping-math' '"
 444      6174682D 
 444      6572726E 
 444      6F272027 
 444      2D667369 
 445 0033 2D666E6F 		.ascii	"-fno-trapv' '-fno-openmp' '-fno-openacc' '-mcpu=cor"
 445      2D747261 
 445      70762720 
 445      272D666E 
 445      6F2D6F70 
 446 0066 7465782D 		.ascii	"tex-m7' '-mno-thumb-interwork' '-mthumb' '-ggdb' '-"
 446      6D372720 
 446      272D6D6E 
 446      6F2D7468 
 446      756D622D 
 447 0099 4F322720 		.ascii	"O2' '-fomit-frame-pointer' '-falign-functions=16' '"
 447      272D666F 
 447      6D69742D 
 447      6672616D 
 447      652D706F 
ARM GAS  C:\Users\8FEE~1\AppData\Local\Temp\ccgi8lVa.s 			page 34


 448 00cc 2D666675 		.ascii	"-ffunction-sections' '-fdata-sections' '-fno-common"
 448      6E637469 
 448      6F6E2D73 
 448      65637469 
 448      6F6E7327 
 449 00ff 2720272D 		.ascii	"' '-flto'\000"
 449      666C746F 
 449      2700
 450              		.text
 451              		.comm	__gnu_lto_v1,1,1
 452              		.comm	__gnu_lto_slim,1,1
 453              		.ident	"GCC: (GNU Tools for ARM Embedded Processors 6-2017-q1-update) 6.3.1 20170215 (release) [AR
ARM GAS  C:\Users\8FEE~1\AppData\Local\Temp\ccgi8lVa.s 			page 35


DEFINED SYMBOLS
                            *ABS*:00000000 nvic.c
                            *COM*:00000001 __gnu_lto_v1
                            *COM*:00000001 __gnu_lto_slim

NO UNDEFINED SYMBOLS
